39.0 APEX_CODE,FINEST;APEX_PROFILING,FINEST;CALLOUT,NONE;DB,FINEST;SYSTEM,FINE;VALIDATION,INFO;VISUALFORCE,INFO;WAVE,INFO;WORKFLOW,FINER
15:59:52.0 (465886)|USER_INFO|[EXTERNAL]|00528000006B07F|dev@systempartners.com.prod.pcphase2|Australian Eastern Standard Time|GMT+11:00
15:59:52.0 (508678)|EXECUTION_STARTED
15:59:52.0 (512969)|CODE_UNIT_STARTED|[EXTERNAL]|aura
15:59:52.0 (823103)|HEAP_ALLOCATE|[72]|Bytes:3
15:59:52.0 (861423)|HEAP_ALLOCATE|[77]|Bytes:152
15:59:52.0 (893410)|HEAP_ALLOCATE|[342]|Bytes:408
15:59:52.0 (924716)|HEAP_ALLOCATE|[355]|Bytes:408
15:59:52.0 (949924)|HEAP_ALLOCATE|[467]|Bytes:48
15:59:52.0 (987766)|HEAP_ALLOCATE|[139]|Bytes:6
15:59:52.0 (1022603)|HEAP_ALLOCATE|[EXTERNAL]|Bytes:18
15:59:52.0 (1051817)|HEAP_ALLOCATE|[EXTERNAL]|Bytes:18
15:59:52.0 (2904633)|CODE_UNIT_STARTED|[EXTERNAL]|01pO00000003MVy|ApprovalController.getOpportunityRecord
15:59:52.0 (3082551)|HEAP_ALLOCATE|[EXTERNAL]|Bytes:8
15:59:52.0 (3094064)|HEAP_ALLOCATE|[EXTERNAL]|Bytes:8
15:59:52.0 (3113111)|METHOD_ENTRY|[1]|01pO00000003MVy|ApprovalController.ApprovalController()
15:59:52.0 (3117525)|STATEMENT_EXECUTE|[1]
15:59:52.0 (3125038)|STATEMENT_EXECUTE|[1]
15:59:52.0 (3133120)|METHOD_EXIT|[1]|ApprovalController
15:59:52.0 (3139264)|HEAP_ALLOCATE|[EXTERNAL]|Bytes:18
15:59:52.0 (3154682)|SYSTEM_MODE_ENTER|false
15:59:52.0 (3165542)|VARIABLE_SCOPE_BEGIN|[15]|opportunityId|String|false|false
15:59:52.0 (3194829)|VARIABLE_ASSIGNMENT|[15]|opportunityId|"006O0000008kRsJIAU"
15:59:52.0 (3208683)|STATEMENT_EXECUTE|[15]
15:59:52.0 (3210433)|STATEMENT_EXECUTE|[18]
15:59:52.0 (3215828)|HEAP_ALLOCATE|[18]|Bytes:589
15:59:52.0 (3234713)|HEAP_ALLOCATE|[18]|Bytes:4
15:59:52.0 (3255952)|HEAP_ALLOCATE|[18]|Bytes:7
15:59:52.0 (3325082)|HEAP_ALLOCATE|[50]|Bytes:5
15:59:52.0 (3356567)|HEAP_ALLOCATE|[56]|Bytes:5
15:59:52.0 (3370654)|HEAP_ALLOCATE|[64]|Bytes:7
15:59:52.0 (4315035)|SOQL_EXECUTE_BEGIN|[18]|Aggregations:0|SELECT Id, name, Gate_Status__c, TSF_Gate_Status__c, CRA_Gate_Status__c, StageName, Competitor_Analysis_General_Comments__c, Are_there_any_critical_risks__c, Has_CRA_changed_since_last_approval__c, Has_TSF_changed_since_last_approval__c, Apply_Default_Bonding__c, Conversion_Budget_Comments__c, Is_Gate_1_To_3__c, Is_Gate_4_To_5__c, Net_Budget_EOI_PQ__c, Net_Budget_Post_Tender__c, Net_Budget_Tender__c, Net_Budget_Amount__c, Total_Budget_EOI_PQ__c, Total_Budget_Tender__c, Total_Budget_AUD__c, Total_Budget_Post_Tender__c, JH_Bid_Cost_of_JH_Revenue__c FROM Opportunity WHERE Id = :tmpVar1
15:59:52.0 (4330970)|LIMIT_USAGE|[18]|SOQL|1|100
15:59:52.0 (4344762)|LIMIT_USAGE|[18]|AGGS|0|300
15:59:52.0 (36459036)|SOQL_EXECUTE_END|[18]|Rows:1
15:59:52.0 (36472979)|LIMIT_USAGE|[18]|SOQL_ROWS|1|50000
15:59:52.0 (36489821)|HEAP_ALLOCATE|[18]|Bytes:8
15:59:52.0 (36501587)|HEAP_ALLOCATE|[18]|Bytes:847
15:59:52.0 (36623556)|HEAP_ALLOCATE|[18]|Bytes:8
15:59:52.0 (36645991)|VARIABLE_SCOPE_BEGIN|[18]|allOpps|List<Opportunity>|true|false
15:59:52.0 (36708961)|VARIABLE_ASSIGNMENT|[18]|allOpps|[{"Id":"006O0000008kRsJIAU","Name":"Test Alex 15 Mar 124 (3 more) ...","Gate_Status__c":"Reviewing Approvers","TSF_Gate_Status__c":"Not Applicable","CRA_Gate_Status__c":"Not Applicable","StageName":"Gate 1","Are_there_any_critic (11 more) ...":"No","Has_CRA_changed_sinc (18 more) ...":"Yes","Apply_Default_Bondin (4 more) ...":true,"Is_Gate_1_To_3__c":true,"Is_Gate_4_To_5__c":false,"Net_Budget_EOI_PQ__c":0,"Net_Budget_Post_Tend (5 more) ...":0,"Net_Budget_Tender__c":0,"Net_Budget_Amount__c":0,"Total_Budget_EOI_PQ_ (2 more) ...":0,"Total_Budget_Tender_ (2 more) ...":0,"Total_Budget_AUD__c":0,"Total_Budget_Post_Te (7 more) ...":0}]|0x3c779ac0
15:59:52.0 (36719144)|STATEMENT_EXECUTE|[38]
15:59:52.0 (36729932)|SYSTEM_MODE_EXIT|false
15:59:52.36 (36760349)|CUMULATIVE_LIMIT_USAGE
15:59:52.36 (36760349)|LIMIT_USAGE_FOR_NS|(default)|
  Number of SOQL queries: 1 out of 100
  Number of query rows: 1 out of 50000
  Number of SOSL queries: 0 out of 20
  Number of DML statements: 0 out of 150
  Number of DML rows: 0 out of 10000
  Maximum CPU time: 0 out of 10000
  Maximum heap size: 0 out of 6000000
  Number of callouts: 0 out of 100
  Number of Email Invocations: 0 out of 10
  Number of future calls: 0 out of 50
  Number of queueable jobs added to the queue: 0 out of 50
  Number of Mobile Apex push calls: 0 out of 10

15:59:52.36 (36760349)|TOTAL_EMAIL_RECIPIENTS_QUEUED|0
15:59:52.36 (36760349)|STATIC_VARIABLE_LIST|
  char[]:DigitTens:0
  long:serialVersionUID:0
  long:serialVersionUID:0
  double:MAX_VALUE:0
  Boolean:FALSE:0
  long:serialVersionUID:0
  double:MIN_VALUE:0
  int:SIZE:0
  double:NEGATIVE_INFINITY:0
  int:MAX_VALUE:0
  String:_sfdcSuppressedCodeLocations:0
  char[]:digits:0
  double:NaN:0
  Boolean:TRUE:0
  int:MIN_VALUE:0
  char[]:DigitOnes:0
  int:BYTES:0
  int:MIN_EXPONENT:0
  int[]:sizeTable:0
  int:MAX_EXPONENT:0
  int:SIZE:0
  double:POSITIVE_INFINITY:0
  String:_sfdcAdditionalCodeLocations:0
  double:MIN_NORMAL:0
  int:BYTES:0

15:59:52.36 (36760349)|CUMULATIVE_LIMIT_USAGE_END

15:59:52.0 (36905949)|CODE_UNIT_FINISHED|ApprovalController.getOpportunityRecord
15:59:52.149 (149885158)|CUMULATIVE_PROFILING_BEGIN
15:59:52.149 (149885158)|CUMULATIVE_PROFILING|SOQL operations|
Class.ApprovalController.getOpportunityRecord: line 18, column 1: [SELECT   Id,name,
                                                           			Gate_Status__c,
                                                           			TSF_Gate_Status__c,
                                                           			CRA_Gate_Status__c,
                                                           			StageName,
                                    								Competitor_Analysis_General_Comments__c,
                                    								Are_there_any_critical_risks__c,
                                    								Has_CRA_changed_since_last_approval__c,
                                    								Has_TSF_changed_since_last_approval__c,
                                    								Apply_Default_Bonding__c,
                                    								Conversion_Budget_Comments__c,
                                    								Is_Gate_1_To_3__c, Is_Gate_4_To_5__c,
                                    								Net_Budget_EOI_PQ__c, Net_Budget_Post_Tender__c, 
                                    								Net_Budget_Tender__c, Net_Budget_Amount__c,
                                    								Total_Budget_EOI_PQ__c, Total_Budget_Tender__c, 
                                    								Total_Budget_AUD__c, Total_Budget_Post_Tender__c, 
                                    								JH_Bid_Cost_of_JH_Revenue__c
                                 							FROM     Opportunity
                                 							WHERE    Id = :opportunityId]: executed 1 time in 34 ms

15:59:52.149 (149885158)|CUMULATIVE_PROFILING|No profiling information for SOSL operations
15:59:52.149 (149885158)|CUMULATIVE_PROFILING|No profiling information for DML operations
15:59:52.149 (149885158)|CUMULATIVE_PROFILING|method invocations|
External entry point: public static List<Opportunity> getOpportunityRecord(String): executed 1 time in 34 ms

15:59:52.149 (149885158)|CUMULATIVE_PROFILING_END
