39.0 APEX_CODE,FINEST;APEX_PROFILING,FINEST;CALLOUT,INFO;DB,INFO;SYSTEM,DEBUG;VALIDATION,INFO;VISUALFORCE,INFO;WAVE,INFO;WORKFLOW,INFO
11:17:22.0 (631549)|USER_INFO|[EXTERNAL]|00528000006B07F|dev@systempartners.com.prod.pcphase2|Australian Eastern Standard Time|GMT+11:00
11:17:22.0 (671449)|EXECUTION_STARTED
11:17:22.0 (675920)|CODE_UNIT_STARTED|[EXTERNAL]|Workflow:01I28000001nkgr
11:17:22.0 (14621550)|WF_RULE_EVAL_BEGIN|Workflow
11:17:22.0 (14651661)|WF_CRITERIA_BEGIN|[Market Sector: VL TEST - Area 51 a0CO000000KJTDy]|Outbound Message - Market Sector|01QO00000009Lqe|ON_ALL_CHANGES|0
11:17:22.0 (15877479)|WF_RULE_FILTER|[Market Sector : Market Sector Name not equal to ]
11:17:22.0 (15890849)|WF_RULE_EVAL_VALUE|VL TEST - Area 51
11:17:22.0 (15893989)|WF_CRITERIA_END|true
11:17:22.0 (16349438)|WF_SPOOL_ACTION_BEGIN|Workflow
11:17:22.0 (16389380)|WF_RULE_INVOCATION|[Market Sector: VL TEST - Area 51 a0CO000000KJTDy]
11:17:22.0 (16402318)|WF_OUTBOUND_MSG|[Market Sector: VL TEST - Area 51 a0CO000000KJTDy]|Id=04kO00000004D7w|CurrentRule:Outbound Message - Market Sector (Id=01QO00000009Lqe)
11:17:22.0 (16421945)|WF_ACTION| Outbound Message: 1;
11:17:22.0 (16425672)|WF_RULE_EVAL_END
11:17:22.0 (27744062)|WF_ACTIONS_END| Outbound Message: 1;
11:17:22.0 (27756454)|CODE_UNIT_FINISHED|Workflow:01I28000001nkgr
11:17:22.0 (27762526)|EXECUTION_FINISHED
11:17:22.75 (75878325)|CUMULATIVE_PROFILING_BEGIN
11:17:22.75 (75878325)|CUMULATIVE_PROFILING|No profiling information for SOQL operations
11:17:22.75 (75878325)|CUMULATIVE_PROFILING|No profiling information for SOSL operations
11:17:22.75 (75878325)|CUMULATIVE_PROFILING|No profiling information for DML operations
11:17:22.75 (75878325)|CUMULATIVE_PROFILING|No profiling information for method invocations
11:17:22.75 (75878325)|CUMULATIVE_PROFILING_END
