39.0 APEX_CODE,FINEST;APEX_PROFILING,FINEST;CALLOUT,NONE;DB,FINEST;SYSTEM,FINE;VALIDATION,INFO;VISUALFORCE,INFO;WAVE,INFO;WORKFLOW,FINER
14:35:38.0 (553960)|USER_INFO|[EXTERNAL]|00528000006B07F|dev@systempartners.com.prod.pcphase2|Australian Eastern Standard Time|GMT+11:00
14:35:38.0 (581620)|EXECUTION_STARTED
14:35:38.0 (585610)|CODE_UNIT_STARTED|[EXTERNAL]|aura
14:35:38.0 (985535)|HEAP_ALLOCATE|[72]|Bytes:3
14:35:38.0 (1031097)|HEAP_ALLOCATE|[77]|Bytes:152
14:35:38.0 (1053169)|HEAP_ALLOCATE|[342]|Bytes:408
14:35:38.0 (1076319)|HEAP_ALLOCATE|[355]|Bytes:408
14:35:38.0 (1094859)|HEAP_ALLOCATE|[467]|Bytes:48
14:35:38.0 (1123917)|HEAP_ALLOCATE|[139]|Bytes:6
14:35:38.0 (1147034)|HEAP_ALLOCATE|[EXTERNAL]|Bytes:18
14:35:38.0 (1155150)|HEAP_ALLOCATE|[EXTERNAL]|Bytes:18
14:35:38.0 (3150188)|CODE_UNIT_STARTED|[EXTERNAL]|01pO00000003MVy|ApprovalController.getOpportunityRecord
14:35:38.0 (3362840)|HEAP_ALLOCATE|[EXTERNAL]|Bytes:5
14:35:38.0 (3375544)|HEAP_ALLOCATE|[EXTERNAL]|Bytes:8
14:35:38.0 (3396534)|METHOD_ENTRY|[1]|01pO00000003MVy|ApprovalController.ApprovalController()
14:35:38.0 (3401849)|STATEMENT_EXECUTE|[1]
14:35:38.0 (3411746)|STATEMENT_EXECUTE|[1]
14:35:38.0 (3423542)|METHOD_EXIT|[1]|ApprovalController
14:35:38.0 (3432591)|HEAP_ALLOCATE|[EXTERNAL]|Bytes:18
14:35:38.0 (3446861)|SYSTEM_MODE_ENTER|false
14:35:38.0 (3460949)|VARIABLE_SCOPE_BEGIN|[15]|opportunityId|String|false|false
14:35:38.0 (3488050)|VARIABLE_ASSIGNMENT|[15]|opportunityId|"006O0000008k4oMIAQ"
14:35:38.0 (3502820)|STATEMENT_EXECUTE|[15]
14:35:38.0 (3505583)|STATEMENT_EXECUTE|[18]
14:35:38.0 (3512974)|HEAP_ALLOCATE|[18]|Bytes:589
14:35:38.0 (3534703)|HEAP_ALLOCATE|[18]|Bytes:4
14:35:38.0 (3560406)|HEAP_ALLOCATE|[18]|Bytes:7
14:35:38.0 (3632506)|HEAP_ALLOCATE|[50]|Bytes:5
14:35:38.0 (3679111)|HEAP_ALLOCATE|[56]|Bytes:5
14:35:38.0 (3697167)|HEAP_ALLOCATE|[64]|Bytes:7
14:35:38.0 (5195473)|SOQL_EXECUTE_BEGIN|[18]|Aggregations:0|SELECT Id, name, Gate_Status__c, TSF_Gate_Status__c, CRA_Gate_Status__c, StageName, Competitor_Analysis_General_Comments__c, Are_there_any_critical_risks__c, Has_CRA_changed_since_last_approval__c, Has_TSF_changed_since_last_approval__c, Apply_Default_Bonding__c, Conversion_Budget_Comments__c, Is_Gate_1_To_3__c, Is_Gate_4_To_5__c, Net_Budget_EOI_PQ__c, Net_Budget_Post_Tender__c, Net_Budget_Tender__c, Net_Budget_Amount__c, Total_Budget_EOI_PQ__c, Total_Budget_Tender__c, Total_Budget_AUD__c, Total_Budget_Post_Tender__c, JH_Bid_Cost_of_JH_Revenue__c FROM Opportunity WHERE Id = :tmpVar1
14:35:38.0 (5215970)|LIMIT_USAGE|[18]|SOQL|1|100
14:35:38.0 (5233889)|LIMIT_USAGE|[18]|AGGS|0|300
14:35:38.0 (34440287)|SOQL_EXECUTE_END|[18]|Rows:1
14:35:38.0 (34459699)|LIMIT_USAGE|[18]|SOQL_ROWS|1|50000
14:35:38.0 (34491895)|HEAP_ALLOCATE|[18]|Bytes:8
14:35:38.0 (34508773)|HEAP_ALLOCATE|[18]|Bytes:725
14:35:38.0 (34573509)|HEAP_ALLOCATE|[18]|Bytes:8
14:35:38.0 (34601902)|VARIABLE_SCOPE_BEGIN|[18]|allOpps|List<Opportunity>|true|false
14:35:38.0 (34667885)|VARIABLE_ASSIGNMENT|[18]|allOpps|[{"Id":"006O0000008k4oMIAQ","Name":"Essendon Rail Bypass","TSF_Gate_Status__c":"Not Applicable","CRA_Gate_Status__c":"Not Applicable","StageName":"Gate 1","Apply_Default_Bondin (4 more) ...":true,"Is_Gate_1_To_3__c":true,"Is_Gate_4_To_5__c":false,"Net_Budget_EOI_PQ__c":0,"Net_Budget_Post_Tend (5 more) ...":0,"Net_Budget_Tender__c":0,"Net_Budget_Amount__c":0,"Total_Budget_EOI_PQ_ (2 more) ...":0,"Total_Budget_Tender_ (2 more) ...":0,"Total_Budget_AUD__c":0,"Total_Budget_Post_Te (7 more) ...":0}]|0x38bfbc7c
14:35:38.0 (34677925)|STATEMENT_EXECUTE|[38]
14:35:38.0 (34695067)|SYSTEM_MODE_EXIT|false
14:35:38.34 (34722721)|CUMULATIVE_LIMIT_USAGE
14:35:38.34 (34722721)|LIMIT_USAGE_FOR_NS|(default)|
  Number of SOQL queries: 1 out of 100
  Number of query rows: 1 out of 50000
  Number of SOSL queries: 0 out of 20
  Number of DML statements: 0 out of 150
  Number of DML rows: 0 out of 10000
  Maximum CPU time: 0 out of 10000
  Maximum heap size: 0 out of 6000000
  Number of callouts: 0 out of 100
  Number of Email Invocations: 0 out of 10
  Number of future calls: 0 out of 50
  Number of queueable jobs added to the queue: 0 out of 50
  Number of Mobile Apex push calls: 0 out of 10

14:35:38.34 (34722721)|TOTAL_EMAIL_RECIPIENTS_QUEUED|0
14:35:38.34 (34722721)|STATIC_VARIABLE_LIST|
  char[]:DigitTens:0
  long:serialVersionUID:0
  long:serialVersionUID:0
  double:MAX_VALUE:0
  Boolean:FALSE:0
  long:serialVersionUID:0
  double:MIN_VALUE:0
  int:SIZE:0
  double:NEGATIVE_INFINITY:0
  int:MAX_VALUE:0
  String:_sfdcSuppressedCodeLocations:0
  char[]:digits:0
  double:NaN:0
  Boolean:TRUE:0
  int:MIN_VALUE:0
  char[]:DigitOnes:0
  int:BYTES:0
  int:MIN_EXPONENT:0
  int[]:sizeTable:0
  int:MAX_EXPONENT:0
  int:SIZE:0
  double:POSITIVE_INFINITY:0
  String:_sfdcAdditionalCodeLocations:0
  double:MIN_NORMAL:0
  int:BYTES:0

14:35:38.34 (34722721)|CUMULATIVE_LIMIT_USAGE_END

14:35:38.0 (34851543)|CODE_UNIT_FINISHED|ApprovalController.getOpportunityRecord
14:35:38.159 (159086001)|CUMULATIVE_PROFILING_BEGIN
14:35:38.159 (159086001)|CUMULATIVE_PROFILING|SOQL operations|
Class.ApprovalController.getOpportunityRecord: line 18, column 1: [SELECT   Id,name,
                                                           			Gate_Status__c,
                                                           			TSF_Gate_Status__c,
                                                           			CRA_Gate_Status__c,
                                                           			StageName,
                                    								Competitor_Analysis_General_Comments__c,
                                    								Are_there_any_critical_risks__c,
                                    								Has_CRA_changed_since_last_approval__c,
                                    								Has_TSF_changed_since_last_approval__c,
                                    								Apply_Default_Bonding__c,
                                    								Conversion_Budget_Comments__c,
                                    								Is_Gate_1_To_3__c, Is_Gate_4_To_5__c,
                                    								Net_Budget_EOI_PQ__c, Net_Budget_Post_Tender__c, 
                                    								Net_Budget_Tender__c, Net_Budget_Amount__c,
                                    								Total_Budget_EOI_PQ__c, Total_Budget_Tender__c, 
                                    								Total_Budget_AUD__c, Total_Budget_Post_Tender__c, 
                                    								JH_Bid_Cost_of_JH_Revenue__c
                                 							FROM     Opportunity
                                 							WHERE    Id = :opportunityId]: executed 1 time in 30 ms

14:35:38.159 (159086001)|CUMULATIVE_PROFILING|No profiling information for SOSL operations
14:35:38.159 (159086001)|CUMULATIVE_PROFILING|No profiling information for DML operations
14:35:38.159 (159086001)|CUMULATIVE_PROFILING|method invocations|
External entry point: public static List<Opportunity> getOpportunityRecord(String): executed 1 time in 32 ms

14:35:38.159 (159086001)|CUMULATIVE_PROFILING_END
