39.0 APEX_CODE,FINEST;APEX_PROFILING,FINEST;CALLOUT,NONE;DB,FINEST;SYSTEM,FINE;VALIDATION,INFO;VISUALFORCE,INFO;WAVE,INFO;WORKFLOW,FINER
10:09:33.0 (564740)|USER_INFO|[EXTERNAL]|00528000006B07F|dev@systempartners.com.prod.pcphase2|Australian Eastern Standard Time|GMT+10:00
10:09:33.0 (603955)|EXECUTION_STARTED
10:09:33.0 (607008)|CODE_UNIT_STARTED|[EXTERNAL]|aura
10:09:33.0 (875659)|HEAP_ALLOCATE|[72]|Bytes:3
10:09:33.0 (908961)|HEAP_ALLOCATE|[77]|Bytes:152
10:09:33.0 (922639)|HEAP_ALLOCATE|[342]|Bytes:408
10:09:33.0 (938088)|HEAP_ALLOCATE|[355]|Bytes:408
10:09:33.0 (952975)|HEAP_ALLOCATE|[467]|Bytes:48
10:09:33.0 (978273)|HEAP_ALLOCATE|[139]|Bytes:6
10:09:33.0 (999507)|HEAP_ALLOCATE|[EXTERNAL]|Bytes:18
10:09:33.0 (1053510)|HEAP_ALLOCATE|[EXTERNAL]|Bytes:18
10:09:33.0 (2370266)|CODE_UNIT_STARTED|[EXTERNAL]|01pO00000003MVy|ApprovalController.getOpportunityRecord
10:09:33.0 (2466393)|HEAP_ALLOCATE|[EXTERNAL]|Bytes:11
10:09:33.0 (2471352)|HEAP_ALLOCATE|[EXTERNAL]|Bytes:27
10:09:33.0 (2481927)|METHOD_ENTRY|[1]|01pO00000003MVy|ApprovalController.ApprovalController()
10:09:33.0 (2484685)|STATEMENT_EXECUTE|[1]
10:09:33.0 (2487954)|STATEMENT_EXECUTE|[1]
10:09:33.0 (2492218)|METHOD_EXIT|[1]|ApprovalController
10:09:33.0 (2495859)|HEAP_ALLOCATE|[EXTERNAL]|Bytes:18
10:09:33.0 (2502928)|SYSTEM_MODE_ENTER|false
10:09:33.0 (2506675)|VARIABLE_SCOPE_BEGIN|[15]|opportunityId|String|false|false
10:09:33.0 (2517890)|VARIABLE_ASSIGNMENT|[15]|opportunityId|"006O0000009GUsjIAG"
10:09:33.0 (2524082)|STATEMENT_EXECUTE|[15]
10:09:33.0 (2525473)|STATEMENT_EXECUTE|[18]
10:09:33.0 (2528268)|HEAP_ALLOCATE|[18]|Bytes:589
10:09:33.0 (2536058)|HEAP_ALLOCATE|[18]|Bytes:4
10:09:33.0 (2545650)|HEAP_ALLOCATE|[18]|Bytes:7
10:09:33.0 (2589061)|HEAP_ALLOCATE|[50]|Bytes:5
10:09:33.0 (2610329)|HEAP_ALLOCATE|[56]|Bytes:5
10:09:33.0 (2618670)|HEAP_ALLOCATE|[64]|Bytes:7
10:09:33.0 (3390055)|SOQL_EXECUTE_BEGIN|[18]|Aggregations:0|SELECT Id, name, Gate_Status__c, TSF_Gate_Status__c, CRA_Gate_Status__c, StageName, Competitor_Analysis_General_Comments__c, Are_there_any_critical_risks__c, Has_CRA_changed_since_last_approval__c, Has_TSF_changed_since_last_approval__c, Apply_Default_Bonding__c, Conversion_Budget_Comments__c, Is_Gate_1_To_3__c, Is_Gate_4_To_5__c, Net_Budget_EOI_PQ__c, Net_Budget_Post_Tender__c, Net_Budget_Tender__c, Net_Budget_Amount__c, Total_Budget_EOI_PQ__c, Total_Budget_Tender__c, Total_Budget_AUD__c, Total_Budget_Post_Tender__c, JH_Bid_Cost_of_JH_Revenue__c FROM Opportunity WHERE Id = :tmpVar1
10:09:33.0 (3401332)|LIMIT_USAGE|[18]|SOQL|1|100
10:09:33.0 (3408229)|LIMIT_USAGE|[18]|AGGS|0|300
10:09:33.0 (28010727)|SOQL_EXECUTE_END|[18]|Rows:1
10:09:33.0 (28021950)|LIMIT_USAGE|[18]|SOQL_ROWS|1|50000
10:09:33.0 (28041400)|HEAP_ALLOCATE|[18]|Bytes:8
10:09:33.0 (28054867)|HEAP_ALLOCATE|[18]|Bytes:746
10:09:33.0 (28164764)|HEAP_ALLOCATE|[18]|Bytes:8
10:09:33.0 (28177465)|VARIABLE_SCOPE_BEGIN|[18]|allOpps|List<Opportunity>|true|false
10:09:33.0 (28204606)|VARIABLE_ASSIGNMENT|[18]|allOpps|[{"Id":"006O0000009GUsjIAG","Name":"TL Test - 1200","Gate_Status__c":"Initiated","TSF_Gate_Status__c":"Not Applicable","CRA_Gate_Status__c":"Not Applicable","StageName":"Gate 3","Apply_Default_Bondin (4 more) ...":false,"Is_Gate_1_To_3__c":true,"Is_Gate_4_To_5__c":false,"Net_Budget_EOI_PQ__c":0,"Net_Budget_Post_Tend (5 more) ...":0,"Net_Budget_Tender__c":0,"Net_Budget_Amount__c":0,"Total_Budget_EOI_PQ_ (2 more) ...":0,"Total_Budget_Tender_ (2 more) ...":0,"Total_Budget_AUD__c":0,"Total_Budget_Post_Te (7 more) ...":0}]|0x4fb46d17
10:09:33.0 (28210996)|STATEMENT_EXECUTE|[38]
10:09:33.0 (28221051)|SYSTEM_MODE_EXIT|false
10:09:33.28 (28260062)|CUMULATIVE_LIMIT_USAGE
10:09:33.28 (28260062)|LIMIT_USAGE_FOR_NS|(default)|
  Number of SOQL queries: 1 out of 100
  Number of query rows: 1 out of 50000
  Number of SOSL queries: 0 out of 20
  Number of DML statements: 0 out of 150
  Number of DML rows: 0 out of 10000
  Maximum CPU time: 0 out of 10000
  Maximum heap size: 0 out of 6000000
  Number of callouts: 0 out of 100
  Number of Email Invocations: 0 out of 10
  Number of future calls: 0 out of 50
  Number of queueable jobs added to the queue: 0 out of 50
  Number of Mobile Apex push calls: 0 out of 10

10:09:33.28 (28260062)|TOTAL_EMAIL_RECIPIENTS_QUEUED|0
10:09:33.28 (28260062)|STATIC_VARIABLE_LIST|
  char[]:DigitTens:0
  long:serialVersionUID:0
  long:serialVersionUID:0
  double:MAX_VALUE:0
  Boolean:FALSE:0
  long:serialVersionUID:0
  double:MIN_VALUE:0
  int:SIZE:0
  double:NEGATIVE_INFINITY:0
  int:MAX_VALUE:0
  String:_sfdcSuppressedCodeLocations:0
  char[]:digits:0
  double:NaN:0
  Boolean:TRUE:0
  int:MIN_VALUE:0
  char[]:DigitOnes:0
  int:BYTES:0
  int:MIN_EXPONENT:0
  int[]:sizeTable:0
  int:MAX_EXPONENT:0
  int:SIZE:0
  double:POSITIVE_INFINITY:0
  String:_sfdcAdditionalCodeLocations:0
  double:MIN_NORMAL:0
  int:BYTES:0

10:09:33.28 (28260062)|CUMULATIVE_LIMIT_USAGE_END

10:09:33.0 (28407471)|CODE_UNIT_FINISHED|ApprovalController.getOpportunityRecord
10:09:33.308 (308050949)|CUMULATIVE_PROFILING_BEGIN
10:09:33.308 (308050949)|CUMULATIVE_PROFILING|SOQL operations|
Class.ApprovalController.getOpportunityRecord: line 18, column 1: [SELECT   Id,name,
                                                           			Gate_Status__c,
                                                           			TSF_Gate_Status__c,
                                                           			CRA_Gate_Status__c,
                                                           			StageName,
                                    								Competitor_Analysis_General_Comments__c,
                                    								Are_there_any_critical_risks__c,
                                    								Has_CRA_changed_since_last_approval__c,
                                    								Has_TSF_changed_since_last_approval__c,
                                    								Apply_Default_Bonding__c,
                                    								Conversion_Budget_Comments__c,
                                    								Is_Gate_1_To_3__c, Is_Gate_4_To_5__c,
                                    								Net_Budget_EOI_PQ__c, Net_Budget_Post_Tender__c, 
                                    								Net_Budget_Tender__c, Net_Budget_Amount__c,
                                    								Total_Budget_EOI_PQ__c, Total_Budget_Tender__c, 
                                    								Total_Budget_AUD__c, Total_Budget_Post_Tender__c, 
                                    								JH_Bid_Cost_of_JH_Revenue__c
                                 							FROM     Opportunity
                                 							WHERE    Id = :opportunityId]: executed 1 time in 25 ms

10:09:33.308 (308050949)|CUMULATIVE_PROFILING|No profiling information for SOSL operations
10:09:33.308 (308050949)|CUMULATIVE_PROFILING|No profiling information for DML operations
10:09:33.308 (308050949)|CUMULATIVE_PROFILING|method invocations|
External entry point: public static List<Opportunity> getOpportunityRecord(String): executed 1 time in 26 ms

10:09:33.308 (308050949)|CUMULATIVE_PROFILING_END
