39.0 APEX_CODE,FINEST;APEX_PROFILING,FINEST;CALLOUT,INFO;DB,INFO;SYSTEM,DEBUG;VALIDATION,INFO;VISUALFORCE,INFO;WAVE,INFO;WORKFLOW,INFO
11:36:46.0 (608249)|USER_INFO|[EXTERNAL]|00528000006B07F|dev@systempartners.com.prod.pcphase2|Australian Eastern Standard Time|GMT+11:00
11:36:46.0 (644201)|EXECUTION_STARTED
11:36:46.0 (649712)|CODE_UNIT_STARTED|[EXTERNAL]|aura
11:36:46.0 (1216885)|HEAP_ALLOCATE|[72]|Bytes:3
11:36:46.0 (1272012)|HEAP_ALLOCATE|[77]|Bytes:152
11:36:46.0 (1293880)|HEAP_ALLOCATE|[342]|Bytes:408
11:36:46.0 (1315707)|HEAP_ALLOCATE|[355]|Bytes:408
11:36:46.0 (1334731)|HEAP_ALLOCATE|[467]|Bytes:48
11:36:46.0 (1364789)|HEAP_ALLOCATE|[139]|Bytes:6
11:36:46.0 (1391547)|HEAP_ALLOCATE|[EXTERNAL]|Bytes:18
11:36:46.0 (1406976)|HEAP_ALLOCATE|[EXTERNAL]|Bytes:18
11:36:46.0 (3135642)|CODE_UNIT_STARTED|[EXTERNAL]|01pO0000000372v|KCRAController.getAllKCRARecords
11:36:46.0 (3245467)|HEAP_ALLOCATE|[EXTERNAL]|Bytes:5
11:36:46.0 (3251210)|HEAP_ALLOCATE|[EXTERNAL]|Bytes:14
11:36:46.0 (3260789)|METHOD_ENTRY|[11]|01pO0000000372v|KCRAController.KCRAController()
11:36:46.0 (3264413)|STATEMENT_EXECUTE|[11]
11:36:46.0 (3271331)|STATEMENT_EXECUTE|[11]
11:36:46.0 (3276912)|METHOD_EXIT|[11]|KCRAController
11:36:46.0 (3281384)|HEAP_ALLOCATE|[EXTERNAL]|Bytes:18
11:36:46.0 (3295115)|SYSTEM_MODE_ENTER|false
11:36:46.0 (3303327)|VARIABLE_SCOPE_BEGIN|[14]|opportunityId|String|false|false
11:36:46.0 (3329161)|VARIABLE_ASSIGNMENT|[14]|opportunityId|"006O0000008kyoyIAA"
11:36:46.0 (3338873)|STATEMENT_EXECUTE|[14]
11:36:46.0 (3340349)|STATEMENT_EXECUTE|[17]
11:36:46.0 (3344371)|HEAP_ALLOCATE|[17]|Bytes:204
11:36:46.0 (3358468)|HEAP_ALLOCATE|[17]|Bytes:4
11:36:46.0 (3373430)|HEAP_ALLOCATE|[17]|Bytes:7
11:36:46.0 (3425384)|HEAP_ALLOCATE|[50]|Bytes:5
11:36:46.0 (3452925)|HEAP_ALLOCATE|[56]|Bytes:5
11:36:46.0 (3461590)|HEAP_ALLOCATE|[64]|Bytes:7
11:36:46.0 (4008441)|SOQL_EXECUTE_BEGIN|[17]|Aggregations:0|SELECT Id, name, recordtypeId, applicable__c, approved__c, itemno__c, KCRA_Item__c, Opportunity__c FROM Key_Commercial_Risks_Approvals__c WHERE Opportunity__c = :tmpVar1 ORDER BY itemno__c ASC NULLS FIRST
11:36:46.0 (4021370)|LIMIT_USAGE|[17]|SOQL|1|100
11:36:46.0 (4033547)|LIMIT_USAGE|[17]|AGGS|0|300
11:36:46.0 (9825972)|SOQL_EXECUTE_END|[17]|Rows:12
11:36:46.0 (9841000)|LIMIT_USAGE|[17]|SOQL_ROWS|12|50000
11:36:46.0 (9864142)|HEAP_ALLOCATE|[17]|Bytes:52
11:36:46.0 (9924875)|HEAP_ALLOCATE|[17]|Bytes:3339
11:36:46.0 (10081644)|HEAP_ALLOCATE|[17]|Bytes:52
11:36:46.0 (10105662)|VARIABLE_SCOPE_BEGIN|[17]|allKCRAs|List<Key_Commercial_Risks_Approvals__c>|true|false
11:36:46.0 (10132859)|VARIABLE_ASSIGNMENT|[17]|allKCRAs|"List of size 12 too large to display"|0x59954a75
11:36:46.0 (10138386)|STATEMENT_EXECUTE|[27]
11:36:46.0 (10157148)|SYSTEM_MODE_EXIT|false
11:36:46.10 (10188112)|CUMULATIVE_LIMIT_USAGE
11:36:46.10 (10188112)|LIMIT_USAGE_FOR_NS|(default)|
  Number of SOQL queries: 1 out of 100
  Number of query rows: 12 out of 50000
  Number of SOSL queries: 0 out of 20
  Number of DML statements: 0 out of 150
  Number of DML rows: 0 out of 10000
  Maximum CPU time: 0 out of 10000
  Maximum heap size: 0 out of 6000000
  Number of callouts: 0 out of 100
  Number of Email Invocations: 0 out of 10
  Number of future calls: 0 out of 50
  Number of queueable jobs added to the queue: 0 out of 50
  Number of Mobile Apex push calls: 0 out of 10

11:36:46.10 (10188112)|TOTAL_EMAIL_RECIPIENTS_QUEUED|0
11:36:46.10 (10188112)|STATIC_VARIABLE_LIST|
  char[]:DigitTens:0
  long:serialVersionUID:0
  long:serialVersionUID:0
  double:MAX_VALUE:0
  Boolean:FALSE:0
  long:serialVersionUID:0
  String:_sfdcAdditionalCodeLocations:0
  double:MIN_VALUE:0
  int:SIZE:0
  double:NEGATIVE_INFINITY:0
  int:MAX_VALUE:0
  char[]:digits:0
  double:NaN:0
  Boolean:TRUE:0
  int:MIN_VALUE:0
  char[]:DigitOnes:0
  int:BYTES:0
  int:MIN_EXPONENT:0
  int[]:sizeTable:0
  int:MAX_EXPONENT:0
  String:_sfdcSuppressedCodeLocations:0
  int:SIZE:0
  double:POSITIVE_INFINITY:0
  double:MIN_NORMAL:0
  int:BYTES:0

11:36:46.10 (10188112)|CUMULATIVE_LIMIT_USAGE_END

11:36:46.0 (10327897)|CODE_UNIT_FINISHED|KCRAController.getAllKCRARecords
11:36:46.0 (32286661)|HEAP_ALLOCATE|[EXTERNAL]|Bytes:18
11:36:46.0 (32313436)|HEAP_ALLOCATE|[EXTERNAL]|Bytes:18
11:36:46.0 (33770558)|CODE_UNIT_STARTED|[EXTERNAL]|01pO00000003Dck|PRAController.getAllPRARecords
11:36:46.0 (33826182)|HEAP_ALLOCATE|[EXTERNAL]|Bytes:8
11:36:46.0 (33833872)|HEAP_ALLOCATE|[EXTERNAL]|Bytes:2
11:36:46.0 (33847518)|METHOD_ENTRY|[1]|01pO00000003Dck|PRAController.PRAController()
11:36:46.0 (33851535)|STATEMENT_EXECUTE|[1]
11:36:46.0 (33858831)|STATEMENT_EXECUTE|[1]
11:36:46.0 (33866933)|METHOD_EXIT|[1]|PRAController
11:36:46.0 (33871584)|HEAP_ALLOCATE|[EXTERNAL]|Bytes:18
11:36:46.0 (33884895)|SYSTEM_MODE_ENTER|false
11:36:46.0 (33892152)|VARIABLE_SCOPE_BEGIN|[15]|opportunityId|String|false|false
11:36:46.0 (33907235)|VARIABLE_ASSIGNMENT|[15]|opportunityId|"006O0000008kyoyIAA"
11:36:46.0 (33916146)|STATEMENT_EXECUTE|[15]
11:36:46.0 (33917642)|STATEMENT_EXECUTE|[18]
11:36:46.0 (33923118)|HEAP_ALLOCATE|[18]|Bytes:508
11:36:46.0 (33938959)|HEAP_ALLOCATE|[18]|Bytes:4
11:36:46.0 (34611455)|SOQL_EXECUTE_BEGIN|[18]|Aggregations:0|SELECT Id, name, Category__c, Is_Critical_Risk__c, ItemNo__c, Mitigation_Strategy__c, Rating__c, Risk_Item__c, description__c, Help_Text_0A__c, Help_Text_0B__c, Help_Text_0C__c, Help_Text_1A__c, Help_Text_1B__c, Help_Text_1C__c, Help_Text_2A__c, Help_Text_2B__c, Help_Text_2C__c, Help_Text_3A__c, Help_Text_3B__c, Help_Text_3C__c, Mitigation_Advice__c, Selected_Indicators__c, Selected_Indicators_With_Text__c FROM Project_Risk_Assessment__c WHERE Opportunity__c = :tmpVar1 ORDER BY ItemNo__c ASC NULLS FIRST
11:36:46.0 (34623719)|LIMIT_USAGE|[18]|SOQL|2|100
11:36:46.0 (34635306)|LIMIT_USAGE|[18]|AGGS|0|300
11:36:46.0 (65820645)|SOQL_EXECUTE_END|[18]|Rows:25
11:36:46.0 (65837637)|LIMIT_USAGE|[18]|SOQL_ROWS|37|50000
11:36:46.0 (65869648)|HEAP_ALLOCATE|[18]|Bytes:104
11:36:46.0 (65933791)|HEAP_ALLOCATE|[18]|Bytes:9056
11:36:46.0 (66037111)|HEAP_ALLOCATE|[18]|Bytes:104
11:36:46.0 (66064539)|VARIABLE_SCOPE_BEGIN|[18]|allPRAs|List<Project_Risk_Assessment__c>|true|false
11:36:46.0 (66093071)|VARIABLE_ASSIGNMENT|[18]|allPRAs|"List of size 25 too large to display"|0x4bda7195
11:36:46.0 (66098774)|STATEMENT_EXECUTE|[26]
11:36:46.0 (66119443)|SYSTEM_MODE_EXIT|false
11:36:46.66 (66147035)|CUMULATIVE_LIMIT_USAGE
11:36:46.66 (66147035)|LIMIT_USAGE_FOR_NS|(default)|
  Number of SOQL queries: 2 out of 100
  Number of query rows: 37 out of 50000
  Number of SOSL queries: 0 out of 20
  Number of DML statements: 0 out of 150
  Number of DML rows: 0 out of 10000
  Maximum CPU time: 0 out of 10000
  Maximum heap size: 0 out of 6000000
  Number of callouts: 0 out of 100
  Number of Email Invocations: 0 out of 10
  Number of future calls: 0 out of 50
  Number of queueable jobs added to the queue: 0 out of 50
  Number of Mobile Apex push calls: 0 out of 10

11:36:46.66 (66147035)|TOTAL_EMAIL_RECIPIENTS_QUEUED|0
11:36:46.66 (66147035)|STATIC_VARIABLE_LIST|
  char[]:DigitTens:0
  long:serialVersionUID:0
  long:serialVersionUID:0
  double:MAX_VALUE:0
  Boolean:FALSE:0
  long:serialVersionUID:0
  String:_sfdcAdditionalCodeLocations:0
  double:MIN_VALUE:0
  int:SIZE:0
  double:NEGATIVE_INFINITY:0
  int:MAX_VALUE:0
  char[]:digits:0
  double:NaN:0
  Boolean:TRUE:0
  int:MIN_VALUE:0
  String:_sfdcSuppressedCodeLocations:0
  char[]:DigitOnes:0
  int:BYTES:0
  int:MIN_EXPONENT:0
  int[]:sizeTable:0
  int:MAX_EXPONENT:0
  String:_sfdcSuppressedCodeLocations:0
  String:_sfdcAdditionalCodeLocations:0
  int:SIZE:0
  double:POSITIVE_INFINITY:0
  double:MIN_NORMAL:0
  int:BYTES:0

11:36:46.66 (66147035)|CUMULATIVE_LIMIT_USAGE_END

11:36:46.0 (66285936)|CODE_UNIT_FINISHED|PRAController.getAllPRARecords
11:36:46.74 (74999696)|CUMULATIVE_PROFILING_BEGIN
11:36:46.74 (74999696)|CUMULATIVE_PROFILING|SOQL operations|
Class.PRAController.getAllPRARecords: line 18, column 1: [SELECT Id,name,Category__c,Is_Critical_Risk__c,ItemNo__c,Mitigation_Strategy__c,Rating__c,Risk_Item__c,
                                                             		description__c,Help_Text_0A__c,Help_Text_0B__c,Help_Text_0C__c,Help_Text_1A__c,Help_Text_1B__c, 
                                                             		Help_Text_1C__c,Help_Text_2A__c,Help_Text_2B__c,Help_Text_2C__c,Help_Text_3A__c,Help_Text_3B__c,
                                                             		Help_Text_3C__c,Mitigation_Advice__c,Selected_Indicators__c,Selected_Indicators_With_Text__c
												   FROM Project_Risk_Assessment__c
                                                   WHERE Opportunity__c = :opportunityId
                                                   ORDER BY ItemNo__c]: executed 1 time in 32 ms
Class.KCRAController.getAllKCRARecords: line 17, column 1: [SELECT   Id,name,
                                                           			recordtypeId,
                                                           			applicable__c,
                                                           			approved__c,
                                                           			itemno__c,
                                                           			KCRA_Item__c,Opportunity__c 
                                 							FROM     Key_Commercial_Risks_Approvals__c 
                                 							WHERE    Opportunity__c = :opportunityId
                                                           	ORDER BY itemno__c]: executed 1 time in 6 ms

11:36:46.74 (74999696)|CUMULATIVE_PROFILING|No profiling information for SOSL operations
11:36:46.74 (74999696)|CUMULATIVE_PROFILING|No profiling information for DML operations
11:36:46.74 (74999696)|CUMULATIVE_PROFILING|method invocations|
External entry point: public static List<Project_Risk_Assessment__c> getAllPRARecords(String): executed 1 time in 32 ms
External entry point: public static List<Key_Commercial_Risks_Approvals__c> getAllKCRARecords(String): executed 1 time in 7 ms

11:36:46.74 (74999696)|CUMULATIVE_PROFILING_END
