39.0 APEX_CODE,FINEST;APEX_PROFILING,FINEST;CALLOUT,NONE;DB,FINEST;SYSTEM,FINE;VALIDATION,INFO;VISUALFORCE,INFO;WAVE,INFO;WORKFLOW,FINER
14:50:27.0 (561300)|USER_INFO|[EXTERNAL]|00528000006B07F|dev@systempartners.com.prod.pcphase2|Australian Eastern Standard Time|GMT+11:00
14:50:27.0 (590315)|EXECUTION_STARTED
14:50:27.0 (594885)|CODE_UNIT_STARTED|[EXTERNAL]|VisualForce View State
14:50:27.0 (473672865)|HEAP_ALLOCATE|[72]|Bytes:3
14:50:27.0 (473722190)|HEAP_ALLOCATE|[77]|Bytes:152
14:50:27.0 (473739463)|HEAP_ALLOCATE|[342]|Bytes:408
14:50:27.0 (473758233)|HEAP_ALLOCATE|[355]|Bytes:408
14:50:27.0 (473776318)|HEAP_ALLOCATE|[467]|Bytes:48
14:50:27.0 (473805367)|HEAP_ALLOCATE|[139]|Bytes:6
14:50:27.0 (473832029)|HEAP_ALLOCATE|[50]|Bytes:5
14:50:27.0 (473854071)|HEAP_ALLOCATE|[56]|Bytes:5
14:50:27.0 (473862223)|HEAP_ALLOCATE|[64]|Bytes:7
14:50:27.0 (475560342)|CODE_UNIT_FINISHED|VisualForce View State
14:50:27.0 (477770601)|EXECUTION_FINISHED
14:50:27.479 (479301513)|USER_INFO|[EXTERNAL]|00528000006B07F|dev@systempartners.com.prod.pcphase2|Australian Eastern Standard Time|GMT+11:00
14:50:27.479 (479340163)|SYSTEM_MODE_ENTER|true
14:50:27.479 (479410937)|HEAP_ALLOCATE|[EXTERNAL]|Bytes:38
14:50:27.479 (479419580)|HEAP_ALLOCATE|[EXTERNAL]|Bytes:7
14:50:27.479 (479429763)|SYSTEM_METHOD_ENTRY|[1]|PageMessagesComponentController.PageMessagesComponentController()
14:50:27.479 (479432946)|STATEMENT_EXECUTE|[1]
14:50:28.795 (1795404599)|CUMULATIVE_LIMIT_USAGE
14:50:28.795 (1795404599)|LIMIT_USAGE_FOR_NS|(default)|
  Number of SOQL queries: 0 out of 100
  Number of query rows: 0 out of 50000
  Number of SOSL queries: 0 out of 20
  Number of DML statements: 0 out of 150
  Number of DML rows: 0 out of 10000
  Maximum CPU time: 0 out of 10000
  Maximum heap size: 0 out of 6000000
  Number of callouts: 0 out of 100
  Number of Email Invocations: 0 out of 10
  Number of future calls: 0 out of 50
  Number of queueable jobs added to the queue: 0 out of 50
  Number of Mobile Apex push calls: 0 out of 10

14:50:28.795 (1795404599)|CUMULATIVE_LIMIT_USAGE_END

