34.0 APEX_CODE,FINEST;APEX_PROFILING,FINEST;CALLOUT,NONE;DB,FINEST;SYSTEM,FINE;VALIDATION,INFO;VISUALFORCE,INFO;WAVE,INFO;WORKFLOW,FINER
15:53:52.0 (466345)|USER_INFO|[EXTERNAL]|005O0000003t7an|ricky.lowe@jhg.com.au.pcphase2|Australian Eastern Standard Time|GMT+11:00
15:53:52.0 (501413)|EXECUTION_STARTED
15:53:52.0 (505204)|CODE_UNIT_STARTED|[EXTERNAL]|TRIGGERS
15:53:52.0 (533354)|CODE_UNIT_STARTED|[EXTERNAL]|01qO00000000TOT|gateTrigger on Gate trigger event BeforeUpdate for [a0nO0000003xOgg]
15:53:52.0 (570303)|HEAP_ALLOCATE|[EXTERNAL]|Bytes:8
15:53:52.0 (598346)|HEAP_ALLOCATE|[EXTERNAL]|Bytes:8
15:53:52.0 (1027322)|HEAP_ALLOCATE|[72]|Bytes:3
15:53:52.0 (1048862)|HEAP_ALLOCATE|[77]|Bytes:152
15:53:52.0 (1066083)|HEAP_ALLOCATE|[342]|Bytes:408
15:53:52.0 (1094516)|HEAP_ALLOCATE|[355]|Bytes:408
15:53:52.0 (1120374)|HEAP_ALLOCATE|[467]|Bytes:48
15:53:52.0 (1149435)|HEAP_ALLOCATE|[139]|Bytes:6
15:53:52.0 (1173183)|HEAP_ALLOCATE|[EXTERNAL]|Bytes:4
15:53:52.0 (1181345)|VARIABLE_SCOPE_BEGIN|[1]|this|gateTrigger|true|false
15:53:52.0 (1229645)|VARIABLE_ASSIGNMENT|[1]|this|{}|0x27f346a5
15:53:52.0 (1274660)|HEAP_ALLOCATE|[EXTERNAL]|Bytes:4
15:53:52.0 (1281060)|VARIABLE_SCOPE_BEGIN|[1]|this|gateTrigger|true|false
15:53:52.0 (1291818)|VARIABLE_ASSIGNMENT|[1]|this|{}|0x27f346a5
15:53:52.0 (1296495)|STATEMENT_EXECUTE|[1]
15:53:52.0 (1298168)|STATEMENT_EXECUTE|[2]
15:53:52.0 (31702565)|VARIABLE_SCOPE_BEGIN|[5]|TriggerHandler.bypassedHandlers|Set<String>|true|true
15:53:52.0 (31943231)|VARIABLE_SCOPE_BEGIN|[4]|TriggerHandler.loopCountMap|Map<String,TriggerHandler.LoopCount>|true|true
15:53:52.0 (31986605)|HEAP_ALLOCATE|[2]|Bytes:38
15:53:52.0 (31997451)|HEAP_ALLOCATE|[2]|Bytes:47
15:53:52.0 (32030981)|METHOD_ENTRY|[14]|01pO00000003IBZ|gateTriggerHandler.gateTriggerHandler()
15:53:52.0 (32037219)|STATEMENT_EXECUTE|[14]
15:53:52.0 (32046689)|STATEMENT_EXECUTE|[14]
15:53:52.0 (32088729)|HEAP_ALLOCATE|[50]|Bytes:5
15:53:52.0 (32127844)|HEAP_ALLOCATE|[56]|Bytes:5
15:53:52.0 (32138310)|HEAP_ALLOCATE|[64]|Bytes:7
15:53:52.0 (32934538)|SYSTEM_MODE_ENTER|false
15:53:52.0 (32954091)|HEAP_ALLOCATE|[2]|Bytes:5
15:53:52.0 (32962597)|SYSTEM_MODE_EXIT|false
15:53:52.0 (32971676)|METHOD_EXIT|[14]|gateTriggerHandler
15:53:52.0 (33172999)|HEAP_ALLOCATE|[2]|Bytes:12
15:53:52.0 (33189646)|CONSTRUCTOR_ENTRY|[2]|01pO00000003IBZ|<init>()
15:53:52.0 (33231531)|VARIABLE_SCOPE_BEGIN|[15]|this|gateTriggerHandler|true|false
15:53:52.0 (33276818)|VARIABLE_ASSIGNMENT|[15]|this|{}|0x4f1a84a4
15:53:52.0 (33284730)|SYSTEM_MODE_ENTER|false
15:53:52.0 (33290134)|HEAP_ALLOCATE|[15]|Bytes:5
15:53:52.0 (33293747)|STATEMENT_EXECUTE|[14]
15:53:52.0 (33296330)|HEAP_ALLOCATE|[15]|Bytes:5
15:53:52.0 (33305246)|HEAP_ALLOCATE|[15]|Bytes:48
15:53:52.0 (33309629)|HEAP_ALLOCATE|[15]|Bytes:69
15:53:52.0 (33320209)|METHOD_ENTRY|[1]|01pO00000003AAn|TriggerHandler.TriggerHandler()
15:53:52.0 (33323197)|STATEMENT_EXECUTE|[1]
15:53:52.0 (33326109)|STATEMENT_EXECUTE|[1]
15:53:52.0 (33327130)|STATEMENT_EXECUTE|[16]
15:53:52.0 (33328095)|STATEMENT_EXECUTE|[17]
15:53:52.0 (33332164)|HEAP_ALLOCATE|[17]|Bytes:4
15:53:52.0 (33380939)|VARIABLE_ASSIGNMENT|[17]|TriggerHandler.loopCountMap|{}|0x152aa9f0
15:53:52.0 (33384466)|STATEMENT_EXECUTE|[18]
15:53:52.0 (33391584)|HEAP_ALLOCATE|[18]|Bytes:4
15:53:52.0 (33406779)|SYSTEM_CONSTRUCTOR_ENTRY|[18]|<init>(Integer)
15:53:52.0 (33426684)|SYSTEM_CONSTRUCTOR_EXIT|[18]|<init>(Integer)
15:53:52.0 (33465274)|VARIABLE_ASSIGNMENT|[18]|TriggerHandler.bypassedHandlers|[]|0x488d3581
15:53:52.0 (33468736)|STATEMENT_EXECUTE|[187]
15:53:52.0 (33469902)|STATEMENT_EXECUTE|[236]
15:53:52.0 (33475248)|METHOD_EXIT|[1]|TriggerHandler
15:53:52.0 (33481213)|CONSTRUCTOR_ENTRY|[15]|01pO00000003AAn|<init>()
15:53:52.0 (33615956)|VARIABLE_SCOPE_BEGIN|[22]|this|TriggerHandler|true|false
15:53:52.0 (33633627)|VARIABLE_ASSIGNMENT|[22]|this|{}|0x4f1a84a4
15:53:52.0 (33637672)|STATEMENT_EXECUTE|[1]
15:53:52.0 (33638889)|STATEMENT_EXECUTE|[9]
15:53:52.0 (33639954)|STATEMENT_EXECUTE|[13]
15:53:52.0 (33647039)|HEAP_ALLOCATE|[23]|Bytes:6
15:53:52.0 (33669610)|STATEMENT_EXECUTE|[22]
15:53:52.0 (33671357)|STATEMENT_EXECUTE|[23]
15:53:52.0 (33703397)|METHOD_ENTRY|[23]|01pO00000003AAn|TriggerHandler.setTriggerContext()
15:53:52.0 (33730935)|VARIABLE_SCOPE_BEGIN|[94]|this|TriggerHandler|true|false
15:53:52.0 (33746593)|VARIABLE_ASSIGNMENT|[94]|this|{}|0x4f1a84a4
15:53:52.0 (33751636)|STATEMENT_EXECUTE|[94]
15:53:52.0 (33752659)|STATEMENT_EXECUTE|[95]
15:53:52.0 (33765880)|METHOD_ENTRY|[95]|01pO00000003AAn|TriggerHandler.setTriggerContext(String, Boolean)
15:53:52.0 (33783715)|VARIABLE_SCOPE_BEGIN|[99]|this|TriggerHandler|true|false
15:53:52.0 (33797935)|VARIABLE_ASSIGNMENT|[99]|this|{}|0x4f1a84a4
15:53:52.0 (33801038)|VARIABLE_SCOPE_BEGIN|[99]|ctx|String|false|false
15:53:52.0 (33805703)|VARIABLE_ASSIGNMENT|[99]|ctx|null
15:53:52.0 (33810236)|VARIABLE_SCOPE_BEGIN|[99]|testMode|Boolean|false|false
15:53:52.0 (33814002)|VARIABLE_ASSIGNMENT|[99]|testMode|false
15:53:52.0 (33817694)|STATEMENT_EXECUTE|[99]
15:53:52.0 (33834004)|STATEMENT_EXECUTE|[103]
15:53:52.0 (33835547)|STATEMENT_EXECUTE|[104]
15:53:52.0 (33839944)|HEAP_ALLOCATE|[104]|Bytes:5
15:53:52.0 (33860198)|STATEMENT_EXECUTE|[111]
15:53:52.0 (33861657)|STATEMENT_EXECUTE|[112]
15:53:52.0 (33882037)|HEAP_ALLOCATE|[112]|Bytes:12
15:53:52.0 (33887344)|HEAP_ALLOCATE|[112]|Bytes:13
15:53:52.0 (33946945)|HEAP_ALLOCATE|[112]|Bytes:12
15:53:52.0 (33951819)|HEAP_ALLOCATE|[112]|Bytes:13
15:53:52.0 (33963400)|HEAP_ALLOCATE|[112]|Bytes:12
15:53:52.0 (33966662)|HEAP_ALLOCATE|[112]|Bytes:13
15:53:52.0 (33976302)|HEAP_ALLOCATE|[112]|Bytes:12
15:53:52.0 (33979209)|HEAP_ALLOCATE|[112]|Bytes:12
15:53:52.0 (33988628)|HEAP_ALLOCATE|[112]|Bytes:12
15:53:52.0 (33991586)|HEAP_ALLOCATE|[112]|Bytes:12
15:53:52.0 (34000848)|HEAP_ALLOCATE|[112]|Bytes:12
15:53:52.0 (34004670)|HEAP_ALLOCATE|[112]|Bytes:12
15:53:52.0 (34014601)|HEAP_ALLOCATE|[112]|Bytes:12
15:53:52.0 (34017510)|HEAP_ALLOCATE|[112]|Bytes:14
15:53:52.0 (34035674)|METHOD_EXIT|[95]|01pO00000003AAn|TriggerHandler.setTriggerContext(String, Boolean)
15:53:52.0 (34040603)|METHOD_EXIT|[23]|01pO00000003AAn|TriggerHandler.setTriggerContext()
15:53:52.0 (34044345)|CONSTRUCTOR_EXIT|[15]|01pO00000003AAn|<init>()
15:53:52.0 (34047320)|STATEMENT_EXECUTE|[15]
15:53:52.0 (34051208)|SYSTEM_MODE_EXIT|false
15:53:52.0 (34055570)|CONSTRUCTOR_EXIT|[2]|01pO00000003IBZ|<init>()
15:53:52.0 (34063763)|METHOD_ENTRY|[2]|01pO00000003AAn|TriggerHandler.run()
15:53:52.0 (34068151)|VARIABLE_SCOPE_BEGIN|[31]|this|TriggerHandler|true|false
15:53:52.0 (34092900)|VARIABLE_ASSIGNMENT|[31]|this|{"context":"0xf15eefa","isTriggerExecuting":true}|0x4f1a84a4
15:53:52.0 (34097730)|STATEMENT_EXECUTE|[31]
15:53:52.0 (34105840)|METHOD_ENTRY|[33]|01pO00000003AAn|TriggerHandler.validateRun()
15:53:52.0 (34120369)|VARIABLE_SCOPE_BEGIN|[146]|this|TriggerHandler|true|false
15:53:52.0 (34136358)|VARIABLE_ASSIGNMENT|[146]|this|{"context":"0xf15eefa","isTriggerExecuting":true}|0x4f1a84a4
15:53:52.0 (34140636)|STATEMENT_EXECUTE|[146]
15:53:52.0 (34147771)|STATEMENT_EXECUTE|[147]
15:53:52.0 (34156474)|METHOD_ENTRY|[150]|01pO00000003AAn|TriggerHandler.getHandlerName()
15:53:52.0 (34169684)|VARIABLE_SCOPE_BEGIN|[157]|this|TriggerHandler|true|false
15:53:52.0 (34185250)|VARIABLE_ASSIGNMENT|[157]|this|{"context":"0xf15eefa","isTriggerExecuting":true}|0x4f1a84a4
15:53:52.0 (34189357)|STATEMENT_EXECUTE|[157]
15:53:52.0 (34190329)|STATEMENT_EXECUTE|[158]
15:53:52.0 (34229118)|SYSTEM_METHOD_ENTRY|[158]|String.valueOf(Object)
15:53:52.0 (34290137)|HEAP_ALLOCATE|[158]|Bytes:165
15:53:52.0 (34306252)|SYSTEM_METHOD_EXIT|[158]|String.valueOf(Object)
15:53:52.0 (34322176)|SYSTEM_METHOD_ENTRY|[158]|String.valueOf(Object)
15:53:52.0 (34346035)|HEAP_ALLOCATE|[158]|Bytes:165
15:53:52.0 (34358640)|SYSTEM_METHOD_EXIT|[158]|String.valueOf(Object)
15:53:52.0 (34362736)|HEAP_ALLOCATE|[158]|Bytes:1
15:53:52.0 (34376849)|SYSTEM_METHOD_ENTRY|[158]|String.indexOf(String)
15:53:52.0 (34386325)|SYSTEM_METHOD_EXIT|[158]|String.indexOf(String)
15:53:52.0 (34398657)|SYSTEM_METHOD_ENTRY|[158]|String.substring(Integer, Integer)
15:53:52.0 (34404336)|HEAP_ALLOCATE|[158]|Bytes:18
15:53:52.0 (34411758)|SYSTEM_METHOD_EXIT|[158]|String.substring(Integer, Integer)
15:53:52.0 (34416769)|METHOD_EXIT|[150]|01pO00000003AAn|TriggerHandler.getHandlerName()
15:53:52.0 (34429792)|SYSTEM_METHOD_ENTRY|[150]|Set<String>.contains(Object)
15:53:52.0 (34440516)|SYSTEM_METHOD_EXIT|[150]|Set<String>.contains(Object)
15:53:52.0 (34444657)|STATEMENT_EXECUTE|[150]
15:53:52.0 (34446116)|STATEMENT_EXECUTE|[153]
15:53:52.0 (34449748)|METHOD_EXIT|[33]|01pO00000003AAn|TriggerHandler.validateRun()
15:53:52.0 (34452875)|STATEMENT_EXECUTE|[33]
15:53:52.0 (34454011)|STATEMENT_EXECUTE|[35]
15:53:52.0 (34460535)|METHOD_ENTRY|[35]|01pO00000003AAn|TriggerHandler.addToLoopCount()
15:53:52.0 (34477091)|VARIABLE_SCOPE_BEGIN|[133]|this|TriggerHandler|true|false
15:53:52.0 (34495893)|VARIABLE_ASSIGNMENT|[133]|this|{"context":"0xf15eefa","isTriggerExecuting":true}|0x4f1a84a4
15:53:52.0 (34500407)|STATEMENT_EXECUTE|[133]
15:53:52.0 (34501616)|STATEMENT_EXECUTE|[134]
15:53:52.0 (34508710)|METHOD_ENTRY|[134]|01pO00000003AAn|TriggerHandler.getHandlerName()
15:53:52.0 (34518855)|VARIABLE_SCOPE_BEGIN|[157]|this|TriggerHandler|true|false
15:53:52.0 (34534861)|VARIABLE_ASSIGNMENT|[157]|this|{"context":"0xf15eefa","isTriggerExecuting":true}|0x4f1a84a4
15:53:52.0 (34538584)|STATEMENT_EXECUTE|[157]
15:53:52.0 (34539518)|STATEMENT_EXECUTE|[158]
15:53:52.0 (34554175)|SYSTEM_METHOD_ENTRY|[158]|String.valueOf(Object)
15:53:52.0 (34580881)|HEAP_ALLOCATE|[158]|Bytes:165
15:53:52.0 (34594422)|SYSTEM_METHOD_EXIT|[158]|String.valueOf(Object)
15:53:52.0 (34607392)|SYSTEM_METHOD_ENTRY|[158]|String.valueOf(Object)
15:53:52.0 (34629279)|HEAP_ALLOCATE|[158]|Bytes:165
15:53:52.0 (34641610)|SYSTEM_METHOD_EXIT|[158]|String.valueOf(Object)
15:53:52.0 (34651375)|SYSTEM_METHOD_ENTRY|[158]|String.indexOf(String)
15:53:52.0 (34658776)|SYSTEM_METHOD_EXIT|[158]|String.indexOf(String)
15:53:52.0 (34667137)|SYSTEM_METHOD_ENTRY|[158]|String.substring(Integer, Integer)
15:53:52.0 (34670800)|HEAP_ALLOCATE|[158]|Bytes:18
15:53:52.0 (34678002)|SYSTEM_METHOD_EXIT|[158]|String.substring(Integer, Integer)
15:53:52.0 (34682732)|METHOD_EXIT|[134]|01pO00000003AAn|TriggerHandler.getHandlerName()
15:53:52.0 (34686490)|VARIABLE_SCOPE_BEGIN|[134]|handlerName|String|false|false
15:53:52.0 (34694418)|VARIABLE_ASSIGNMENT|[134]|handlerName|"gateTriggerHandler"
15:53:52.0 (34711316)|SYSTEM_METHOD_ENTRY|[135]|Map<String,TriggerHandler.LoopCount>.containsKey(Object)
15:53:52.0 (34730919)|SYSTEM_METHOD_EXIT|[135]|Map<String,TriggerHandler.LoopCount>.containsKey(Object)
15:53:52.0 (34735569)|STATEMENT_EXECUTE|[135]
15:53:52.0 (34739323)|METHOD_EXIT|[35]|01pO00000003AAn|TriggerHandler.addToLoopCount()
15:53:52.0 (34769933)|SYSTEM_METHOD_ENTRY|[38]|com.salesforce.api.fast.System.compareObjects(Object, Object)
15:53:52.0 (34836980)|SYSTEM_METHOD_EXIT|[38]|com.salesforce.api.fast.System.compareObjects(Object, Object)
15:53:52.0 (34855619)|SYSTEM_METHOD_ENTRY|[40]|com.salesforce.api.fast.System.compareObjects(Object, Object)
15:53:52.0 (34880841)|SYSTEM_METHOD_EXIT|[40]|com.salesforce.api.fast.System.compareObjects(Object, Object)
15:53:52.0 (34885215)|STATEMENT_EXECUTE|[40]
15:53:52.0 (34886443)|STATEMENT_EXECUTE|[41]
15:53:52.0 (34893974)|METHOD_ENTRY|[41]|01pO00000003AAn|TriggerHandler.beforeUpdate()
15:53:52.0 (34909616)|VARIABLE_SCOPE_BEGIN|[169]|this|TriggerHandler|true|false
15:53:52.0 (34928982)|VARIABLE_ASSIGNMENT|[169]|this|{"context":"0xf15eefa","isTriggerExecuting":true}|0x4f1a84a4
15:53:52.0 (34933608)|STATEMENT_EXECUTE|[169]
15:53:52.0 (34938902)|METHOD_EXIT|[41]|01pO00000003AAn|TriggerHandler.beforeUpdate()
15:53:52.0 (34943205)|METHOD_EXIT|[2]|01pO00000003AAn|TriggerHandler.run()
15:53:52.34 (34951057)|CUMULATIVE_LIMIT_USAGE
15:53:52.34 (34951057)|LIMIT_USAGE_FOR_NS|(default)|
  Number of SOQL queries: 0 out of 100
  Number of query rows: 0 out of 50000
  Number of SOSL queries: 0 out of 20
  Number of DML statements: 0 out of 150
  Number of DML rows: 0 out of 10000
  Maximum CPU time: 0 out of 10000
  Maximum heap size: 0 out of 6000000
  Number of callouts: 0 out of 100
  Number of Email Invocations: 0 out of 10
  Number of future calls: 0 out of 50
  Number of queueable jobs added to the queue: 0 out of 50
  Number of Mobile Apex push calls: 0 out of 10

15:53:52.34 (34951057)|TOTAL_EMAIL_RECIPIENTS_QUEUED|0
15:53:52.34 (34951057)|STATIC_VARIABLE_LIST|
  char[]:DigitTens:0
  long:serialVersionUID:0
  String:_sfdcAdditionalCodeLocations:0
  long:serialVersionUID:0
  String:_sfdcAdditionalCodeLocations:0
  String:_sfdcAdditionalCodeLocations:0
  double:MAX_VALUE:0
  Boolean:FALSE:0
  long:serialVersionUID:0
  double:MIN_VALUE:0
  int:SIZE:0
  TriggerHandler.TriggerContext:BEFORE_INSERT:0
  double:NEGATIVE_INFINITY:0
  int:MAX_VALUE:0
  TriggerHandler.TriggerContext:AFTER_UNDELETE:0
  char[]:digits:0
  double:NaN:0
  Boolean:TRUE:0
  TriggerHandler.TriggerContext:AFTER_INSERT:0
  TriggerHandler.TriggerContext:AFTER_DELETE:0
  int:MIN_VALUE:0
  char[]:DigitOnes:0
  TriggerHandler.TriggerContext:AFTER_UPDATE:0
  String:__sfdcInnerTypes:0
  int:BYTES:0
  Map<String,TriggerHandler.LoopCount>:_static_loopCountMap:0
  Set<String>:_static_bypassedHandlers:0
  int:MIN_EXPONENT:0
  String:_sfdcSuppressedCodeLocations:0
  int[]:sizeTable:0
  TriggerHandler.TriggerContext:BEFORE_DELETE:0
  int:MAX_EXPONENT:0
  TriggerHandler.TriggerContext:BEFORE_UPDATE:0
  int:SIZE:0
  double:POSITIVE_INFINITY:0
  double:MIN_NORMAL:0
  int:BYTES:0

15:53:52.34 (34951057)|CUMULATIVE_LIMIT_USAGE_END

15:53:52.0 (37525113)|CODE_UNIT_FINISHED|gateTrigger on Gate trigger event BeforeUpdate for [a0nO0000003xOgg]
15:53:52.0 (63965517)|CODE_UNIT_STARTED|[EXTERNAL]|01qO00000000TOT|gateTrigger on Gate trigger event AfterUpdate for [a0nO0000003xOgg]
15:53:52.0 (64002518)|HEAP_ALLOCATE|[EXTERNAL]|Bytes:8
15:53:52.0 (64043037)|HEAP_ALLOCATE|[EXTERNAL]|Bytes:8
15:53:52.0 (64136225)|HEAP_ALLOCATE|[EXTERNAL]|Bytes:4
15:53:52.0 (64153792)|VARIABLE_SCOPE_BEGIN|[1]|this|gateTrigger|true|false
15:53:52.0 (64196215)|VARIABLE_ASSIGNMENT|[1]|this|{}|0x42d3c831
15:53:52.0 (64245143)|HEAP_ALLOCATE|[EXTERNAL]|Bytes:4
15:53:52.0 (64253849)|VARIABLE_SCOPE_BEGIN|[1]|this|gateTrigger|true|false
15:53:52.0 (64269346)|VARIABLE_ASSIGNMENT|[1]|this|{}|0x42d3c831
15:53:52.0 (64276395)|STATEMENT_EXECUTE|[1]
15:53:52.0 (64279601)|STATEMENT_EXECUTE|[2]
15:53:52.0 (64288886)|HEAP_ALLOCATE|[2]|Bytes:12
15:53:52.0 (64304829)|CONSTRUCTOR_ENTRY|[2]|01pO00000003IBZ|<init>()
15:53:52.0 (64314321)|VARIABLE_SCOPE_BEGIN|[15]|this|gateTriggerHandler|true|false
15:53:52.0 (64344631)|VARIABLE_ASSIGNMENT|[15]|this|{}|0x1d97daca
15:53:52.0 (64902536)|SYSTEM_MODE_ENTER|false
15:53:52.0 (64921082)|HEAP_ALLOCATE|[15]|Bytes:5
15:53:52.0 (64927565)|STATEMENT_EXECUTE|[14]
15:53:52.0 (64933021)|HEAP_ALLOCATE|[15]|Bytes:5
15:53:52.0 (64947885)|CONSTRUCTOR_ENTRY|[15]|01pO00000003AAn|<init>()
15:53:52.0 (64954436)|VARIABLE_SCOPE_BEGIN|[22]|this|TriggerHandler|true|false
15:53:52.0 (64977555)|VARIABLE_ASSIGNMENT|[22]|this|{}|0x1d97daca
15:53:52.0 (64983690)|STATEMENT_EXECUTE|[1]
15:53:52.0 (64985809)|STATEMENT_EXECUTE|[9]
15:53:52.0 (64987719)|STATEMENT_EXECUTE|[13]
15:53:52.0 (65018599)|STATEMENT_EXECUTE|[22]
15:53:52.0 (65022535)|STATEMENT_EXECUTE|[23]
15:53:52.0 (65036454)|METHOD_ENTRY|[23]|01pO00000003AAn|TriggerHandler.setTriggerContext()
15:53:52.0 (65043278)|VARIABLE_SCOPE_BEGIN|[94]|this|TriggerHandler|true|false
15:53:52.0 (65064188)|VARIABLE_ASSIGNMENT|[94]|this|{}|0x1d97daca
15:53:52.0 (65071175)|STATEMENT_EXECUTE|[94]
15:53:52.0 (65073216)|STATEMENT_EXECUTE|[95]
15:53:52.0 (65085856)|METHOD_ENTRY|[95]|01pO00000003AAn|TriggerHandler.setTriggerContext(String, Boolean)
15:53:52.0 (65092029)|VARIABLE_SCOPE_BEGIN|[99]|this|TriggerHandler|true|false
15:53:52.0 (65112409)|VARIABLE_ASSIGNMENT|[99]|this|{}|0x1d97daca
15:53:52.0 (65116263)|VARIABLE_SCOPE_BEGIN|[99]|ctx|String|false|false
15:53:52.0 (65122552)|VARIABLE_ASSIGNMENT|[99]|ctx|null
15:53:52.0 (65128164)|VARIABLE_SCOPE_BEGIN|[99]|testMode|Boolean|false|false
15:53:52.0 (65134426)|VARIABLE_ASSIGNMENT|[99]|testMode|false
15:53:52.0 (65139539)|STATEMENT_EXECUTE|[99]
15:53:52.0 (65154446)|STATEMENT_EXECUTE|[103]
15:53:52.0 (65157272)|STATEMENT_EXECUTE|[104]
15:53:52.0 (65166055)|HEAP_ALLOCATE|[104]|Bytes:5
15:53:52.0 (65232069)|STATEMENT_EXECUTE|[120]
15:53:52.0 (65234976)|STATEMENT_EXECUTE|[121]
15:53:52.0 (65254829)|METHOD_EXIT|[95]|01pO00000003AAn|TriggerHandler.setTriggerContext(String, Boolean)
15:53:52.0 (65263267)|METHOD_EXIT|[23]|01pO00000003AAn|TriggerHandler.setTriggerContext()
15:53:52.0 (65270429)|CONSTRUCTOR_EXIT|[15]|01pO00000003AAn|<init>()
15:53:52.0 (65274109)|STATEMENT_EXECUTE|[15]
15:53:52.0 (65280577)|SYSTEM_MODE_EXIT|false
15:53:52.0 (65289684)|CONSTRUCTOR_EXIT|[2]|01pO00000003IBZ|<init>()
15:53:52.0 (65299213)|METHOD_ENTRY|[2]|01pO00000003AAn|TriggerHandler.run()
15:53:52.0 (65304764)|VARIABLE_SCOPE_BEGIN|[31]|this|TriggerHandler|true|false
15:53:52.0 (65336503)|VARIABLE_ASSIGNMENT|[31]|this|{"context":"0x4f7a3d31","isTriggerExecuting":true}|0x1d97daca
15:53:52.0 (65343669)|STATEMENT_EXECUTE|[31]
15:53:52.0 (65353729)|METHOD_ENTRY|[33]|01pO00000003AAn|TriggerHandler.validateRun()
15:53:52.0 (65360423)|VARIABLE_SCOPE_BEGIN|[146]|this|TriggerHandler|true|false
15:53:52.0 (65391239)|VARIABLE_ASSIGNMENT|[146]|this|{"context":"0x4f7a3d31","isTriggerExecuting":true}|0x1d97daca
15:53:52.0 (65398335)|STATEMENT_EXECUTE|[146]
15:53:52.0 (65406814)|STATEMENT_EXECUTE|[147]
15:53:52.0 (65417207)|METHOD_ENTRY|[150]|01pO00000003AAn|TriggerHandler.getHandlerName()
15:53:52.0 (65423272)|VARIABLE_SCOPE_BEGIN|[157]|this|TriggerHandler|true|false
15:53:52.0 (65447490)|VARIABLE_ASSIGNMENT|[157]|this|{"context":"0x4f7a3d31","isTriggerExecuting":true}|0x1d97daca
15:53:52.0 (65453212)|STATEMENT_EXECUTE|[157]
15:53:52.0 (65455255)|STATEMENT_EXECUTE|[158]
15:53:52.0 (65498989)|SYSTEM_METHOD_ENTRY|[158]|String.valueOf(Object)
15:53:52.0 (65578804)|HEAP_ALLOCATE|[158]|Bytes:164
15:53:52.0 (65602715)|SYSTEM_METHOD_EXIT|[158]|String.valueOf(Object)
15:53:52.0 (65635003)|SYSTEM_METHOD_ENTRY|[158]|String.valueOf(Object)
15:53:52.0 (65682592)|HEAP_ALLOCATE|[158]|Bytes:164
15:53:52.0 (65699458)|SYSTEM_METHOD_EXIT|[158]|String.valueOf(Object)
15:53:52.0 (65714087)|SYSTEM_METHOD_ENTRY|[158]|String.indexOf(String)
15:53:52.0 (65723824)|SYSTEM_METHOD_EXIT|[158]|String.indexOf(String)
15:53:52.0 (65737914)|SYSTEM_METHOD_ENTRY|[158]|String.substring(Integer, Integer)
15:53:52.0 (65744791)|HEAP_ALLOCATE|[158]|Bytes:18
15:53:52.0 (65753208)|SYSTEM_METHOD_EXIT|[158]|String.substring(Integer, Integer)
15:53:52.0 (65758862)|METHOD_EXIT|[150]|01pO00000003AAn|TriggerHandler.getHandlerName()
15:53:52.0 (65781317)|SYSTEM_METHOD_ENTRY|[150]|Set<String>.contains(Object)
15:53:52.0 (65804286)|SYSTEM_METHOD_EXIT|[150]|Set<String>.contains(Object)
15:53:52.0 (65812901)|STATEMENT_EXECUTE|[150]
15:53:52.0 (65815440)|STATEMENT_EXECUTE|[153]
15:53:52.0 (65822365)|METHOD_EXIT|[33]|01pO00000003AAn|TriggerHandler.validateRun()
15:53:52.0 (65827769)|STATEMENT_EXECUTE|[33]
15:53:52.0 (65829971)|STATEMENT_EXECUTE|[35]
15:53:52.0 (65839158)|METHOD_ENTRY|[35]|01pO00000003AAn|TriggerHandler.addToLoopCount()
15:53:52.0 (65844770)|VARIABLE_SCOPE_BEGIN|[133]|this|TriggerHandler|true|false
15:53:52.0 (65872440)|VARIABLE_ASSIGNMENT|[133]|this|{"context":"0x4f7a3d31","isTriggerExecuting":true}|0x1d97daca
15:53:52.0 (65879241)|STATEMENT_EXECUTE|[133]
15:53:52.0 (65881872)|STATEMENT_EXECUTE|[134]
15:53:52.0 (65890653)|METHOD_ENTRY|[134]|01pO00000003AAn|TriggerHandler.getHandlerName()
15:53:52.0 (65897000)|VARIABLE_SCOPE_BEGIN|[157]|this|TriggerHandler|true|false
15:53:52.0 (65919572)|VARIABLE_ASSIGNMENT|[157]|this|{"context":"0x4f7a3d31","isTriggerExecuting":true}|0x1d97daca
15:53:52.0 (65925535)|STATEMENT_EXECUTE|[157]
15:53:52.0 (65927511)|STATEMENT_EXECUTE|[158]
15:53:52.0 (65950946)|SYSTEM_METHOD_ENTRY|[158]|String.valueOf(Object)
15:53:52.0 (65997095)|HEAP_ALLOCATE|[158]|Bytes:164
15:53:52.0 (66020814)|SYSTEM_METHOD_EXIT|[158]|String.valueOf(Object)
15:53:52.0 (66043605)|SYSTEM_METHOD_ENTRY|[158]|String.valueOf(Object)
15:53:52.0 (66072435)|HEAP_ALLOCATE|[158]|Bytes:164
15:53:52.0 (66086209)|SYSTEM_METHOD_EXIT|[158]|String.valueOf(Object)
15:53:52.0 (66096562)|SYSTEM_METHOD_ENTRY|[158]|String.indexOf(String)
15:53:52.0 (66104080)|SYSTEM_METHOD_EXIT|[158]|String.indexOf(String)
15:53:52.0 (66112548)|SYSTEM_METHOD_ENTRY|[158]|String.substring(Integer, Integer)
15:53:52.0 (66116084)|HEAP_ALLOCATE|[158]|Bytes:18
15:53:52.0 (66123279)|SYSTEM_METHOD_EXIT|[158]|String.substring(Integer, Integer)
15:53:52.0 (66127976)|METHOD_EXIT|[134]|01pO00000003AAn|TriggerHandler.getHandlerName()
15:53:52.0 (66131739)|VARIABLE_SCOPE_BEGIN|[134]|handlerName|String|false|false
15:53:52.0 (66141435)|VARIABLE_ASSIGNMENT|[134]|handlerName|"gateTriggerHandler"
15:53:52.0 (66163470)|SYSTEM_METHOD_ENTRY|[135]|Map<String,TriggerHandler.LoopCount>.containsKey(Object)
15:53:52.0 (66183198)|SYSTEM_METHOD_EXIT|[135]|Map<String,TriggerHandler.LoopCount>.containsKey(Object)
15:53:52.0 (66190916)|STATEMENT_EXECUTE|[135]
15:53:52.0 (66197322)|METHOD_EXIT|[35]|01pO00000003AAn|TriggerHandler.addToLoopCount()
15:53:52.0 (66236242)|SYSTEM_METHOD_ENTRY|[38]|com.salesforce.api.fast.System.compareObjects(Object, Object)
15:53:52.0 (66306167)|SYSTEM_METHOD_EXIT|[38]|com.salesforce.api.fast.System.compareObjects(Object, Object)
15:53:52.0 (66340530)|SYSTEM_METHOD_ENTRY|[40]|com.salesforce.api.fast.System.compareObjects(Object, Object)
15:53:52.0 (66385542)|SYSTEM_METHOD_EXIT|[40]|com.salesforce.api.fast.System.compareObjects(Object, Object)
15:53:52.0 (66411561)|SYSTEM_METHOD_ENTRY|[42]|com.salesforce.api.fast.System.compareObjects(Object, Object)
15:53:52.0 (66457263)|SYSTEM_METHOD_EXIT|[42]|com.salesforce.api.fast.System.compareObjects(Object, Object)
15:53:52.0 (66474769)|SYSTEM_METHOD_ENTRY|[44]|com.salesforce.api.fast.System.compareObjects(Object, Object)
15:53:52.0 (66507107)|SYSTEM_METHOD_EXIT|[44]|com.salesforce.api.fast.System.compareObjects(Object, Object)
15:53:52.0 (66523695)|SYSTEM_METHOD_ENTRY|[46]|com.salesforce.api.fast.System.compareObjects(Object, Object)
15:53:52.0 (66546645)|SYSTEM_METHOD_EXIT|[46]|com.salesforce.api.fast.System.compareObjects(Object, Object)
15:53:52.0 (66551079)|STATEMENT_EXECUTE|[46]
15:53:52.0 (66552548)|STATEMENT_EXECUTE|[47]
15:53:52.0 (66567989)|METHOD_ENTRY|[47]|01pO00000003IBZ|gateTriggerHandler.afterUpdate()
15:53:52.0 (66587782)|VARIABLE_SCOPE_BEGIN|[23]|this|gateTriggerHandler|true|false
15:53:52.0 (66608722)|VARIABLE_ASSIGNMENT|[23]|this|{"context":"0x4f7a3d31","isTriggerExecuting":true}|0x1d97daca
15:53:52.0 (66618186)|SYSTEM_MODE_ENTER|false
15:53:52.0 (66623704)|HEAP_ALLOCATE|[24]|Bytes:5
15:53:52.0 (66627248)|STATEMENT_EXECUTE|[23]
15:53:52.0 (66628433)|STATEMENT_EXECUTE|[24]
15:53:52.0 (66641589)|METHOD_ENTRY|[24]|01pO00000003IBZ|gateTriggerHandler.findGatesSetToInProgress()
15:53:52.0 (66666096)|HEAP_ALLOCATE|[34]|Bytes:5
15:53:52.0 (66669946)|STATEMENT_EXECUTE|[33]
15:53:52.0 (66671101)|STATEMENT_EXECUTE|[34]
15:53:52.0 (66686422)|HEAP_ALLOCATE|[34]|Bytes:4
15:53:52.0 (66700140)|SYSTEM_CONSTRUCTOR_ENTRY|[34]|<init>(Integer)
15:53:52.0 (66717443)|SYSTEM_CONSTRUCTOR_EXIT|[34]|<init>(Integer)
15:53:52.0 (66721620)|VARIABLE_SCOPE_BEGIN|[34]|gatesInProgress|Set<Id>|true|false
15:53:52.0 (66752988)|VARIABLE_ASSIGNMENT|[34]|gatesInProgress|[]|0x33660543
15:53:52.0 (66894824)|SYSTEM_METHOD_ENTRY|[35]|List<Gate__c>.iterator()
15:53:52.0 (67065239)|SYSTEM_METHOD_EXIT|[35]|List<Gate__c>.iterator()
15:53:52.0 (67089683)|SYSTEM_METHOD_ENTRY|[35]|system.ListIterator.hasNext()
15:53:52.0 (67099177)|HEAP_ALLOCATE|[35]|Bytes:5
15:53:52.0 (67106796)|SYSTEM_METHOD_EXIT|[35]|system.ListIterator.hasNext()
15:53:52.0 (67130994)|VARIABLE_SCOPE_BEGIN|[35]|G|Gate__c|true|false
15:53:52.0 (67427912)|VARIABLE_ASSIGNMENT|[35]|G|{"LastModifiedDate":"2017-03-28T04:53:52.000Z","IsDeleted":false,"CreatedById":"005O0000003t7anIAA","CreatedDate":"2017-03-28T04:46:57.000Z","Gate_Number__c":"3","Opportunity__c":"006O0000008l3bOIAQ","Id":"a0nO0000003xOggIAE","Status__c":"In Progress","LastModifiedById":"005O0000003t7anIAA","Name":"RL Test Opp 2017-03- (18 more) ...","SystemModstamp":"2017-03-28T04:53:52.000Z"}|0x6d6f3abf
15:53:52.0 (67435828)|STATEMENT_EXECUTE|[35]
15:53:52.0 (67437153)|STATEMENT_EXECUTE|[36]
15:53:52.0 (67558206)|SYSTEM_METHOD_ENTRY|[36]|Map<Id,Gate__c>.get(Object)
15:53:52.0 (67584212)|SYSTEM_METHOD_EXIT|[36]|Map<Id,Gate__c>.get(Object)
15:53:52.0 (67592562)|VARIABLE_SCOPE_BEGIN|[36]|oldGate|Gate__c|true|false
15:53:52.0 (67758521)|VARIABLE_ASSIGNMENT|[36]|oldGate|{"LastModifiedDate":"2017-03-28T04:53:28.000Z","IsDeleted":false,"CreatedById":"005O0000003t7anIAA","CreatedDate":"2017-03-28T04:46:57.000Z","Gate_Number__c":"3","Opportunity__c":"006O0000008l3bOIAQ","Id":"a0nO0000003xOggIAE","Status__c":"Approved","LastModifiedById":"005O0000003t7anIAA","Name":"RL Test Opp 2017-03- (18 more) ...","SystemModstamp":"2017-03-28T04:53:28.000Z"}|0x54c4abdf
15:53:52.0 (67785724)|HEAP_ALLOCATE|[38]|Bytes:11
15:53:52.0 (67822179)|STATEMENT_EXECUTE|[38]
15:53:52.0 (67824224)|STATEMENT_EXECUTE|[39]
15:53:52.0 (67842598)|SYSTEM_METHOD_ENTRY|[39]|Set<Id>.add(Object)
15:53:52.0 (67856932)|HEAP_ALLOCATE|[EXTERNAL]|Bytes:4
15:53:52.0 (67866708)|SYSTEM_METHOD_EXIT|[39]|Set<Id>.add(Object)
15:53:52.0 (67873956)|SYSTEM_METHOD_ENTRY|[35]|system.ListIterator.hasNext()
15:53:52.0 (67880771)|HEAP_ALLOCATE|[35]|Bytes:5
15:53:52.0 (67886005)|SYSTEM_METHOD_EXIT|[35]|system.ListIterator.hasNext()
15:53:52.0 (67894163)|VARIABLE_ASSIGNMENT|[35]|G|null|
15:53:52.0 (67901367)|SYSTEM_METHOD_ENTRY|[44]|Set<Id>.size()
15:53:52.0 (67914359)|SYSTEM_METHOD_EXIT|[44]|Set<Id>.size()
15:53:52.0 (67919928)|STATEMENT_EXECUTE|[44]
15:53:52.0 (67921203)|STATEMENT_EXECUTE|[45]
15:53:52.0 (67933214)|METHOD_ENTRY|[45]|01pO00000003IBZ|gateTriggerHandler.findNextApprover(Set<Id>)
15:53:52.0 (67950792)|VARIABLE_SCOPE_BEGIN|[57]|gateIds|Set<Id>|true|false
15:53:52.0 (67960138)|VARIABLE_ASSIGNMENT|[57]|gateIds|["a0nO0000003xOggIAE"]|0x33660543
15:53:52.0 (67969280)|HEAP_ALLOCATE|[58]|Bytes:5
15:53:52.0 (67973217)|STATEMENT_EXECUTE|[57]
15:53:52.0 (67974383)|STATEMENT_EXECUTE|[58]
15:53:52.0 (68014621)|HEAP_ALLOCATE|[58]|Bytes:4
15:53:52.0 (68041228)|SYSTEM_CONSTRUCTOR_ENTRY|[58]|<init>()
15:53:52.0 (68057185)|SYSTEM_CONSTRUCTOR_EXIT|[58]|<init>()
15:53:52.0 (68060829)|VARIABLE_SCOPE_BEGIN|[58]|approversToUpdate|List<Assigned_Approver__c>|true|false
15:53:52.0 (68067366)|HEAP_ALLOCATE|[EXTERNAL]|Bytes:4
15:53:52.0 (68074708)|VARIABLE_ASSIGNMENT|[58]|approversToUpdate|[]|0x41946359
15:53:52.0 (68077344)|STATEMENT_EXECUTE|[59]
15:53:52.0 (68081501)|HEAP_ALLOCATE|[59]|Bytes:4
15:53:52.0 (68087974)|SYSTEM_CONSTRUCTOR_ENTRY|[59]|<init>()
15:53:52.0 (68097349)|SYSTEM_CONSTRUCTOR_EXIT|[59]|<init>()
15:53:52.0 (68100500)|VARIABLE_SCOPE_BEGIN|[59]|gatesToUpdate|List<Gate__c>|true|false
15:53:52.0 (68105076)|HEAP_ALLOCATE|[EXTERNAL]|Bytes:4
15:53:52.0 (68109595)|VARIABLE_ASSIGNMENT|[59]|gatesToUpdate|[]|0x2cebff21
15:53:52.0 (68111884)|STATEMENT_EXECUTE|[60]
15:53:52.0 (68152125)|HEAP_ALLOCATE|[60]|Bytes:4
15:53:52.0 (68177175)|VARIABLE_SCOPE_BEGIN|[60]|OppMapToBeUpdated|Map<Id,Opportunity>|true|false
15:53:52.0 (68191051)|VARIABLE_ASSIGNMENT|[60]|OppMapToBeUpdated|{}|0x5d002330
15:53:52.0 (68193832)|STATEMENT_EXECUTE|[62]
15:53:52.0 (68349013)|HEAP_ALLOCATE|[62]|Bytes:20
15:53:52.0 (68370720)|SYSTEM_METHOD_ENTRY|[62]|System.debug(APEX_OBJECT, ANY)
15:53:52.0 (68393044)|USER_DEBUG|[62]|ERROR|*** findNextApprover
15:53:52.0 (68398707)|SYSTEM_METHOD_EXIT|[62]|System.debug(APEX_OBJECT, ANY)
15:53:52.0 (77927818)|HEAP_ALLOCATE|[65]|Bytes:16
15:53:52.0 (77955566)|METHOD_ENTRY|[1]|01pO00000003Yab|GateService.GateService()
15:53:52.0 (77960290)|STATEMENT_EXECUTE|[1]
15:53:52.0 (77967622)|STATEMENT_EXECUTE|[1]
15:53:52.0 (77978806)|HEAP_ALLOCATE|[65]|Bytes:5
15:53:52.0 (77991706)|METHOD_EXIT|[1]|GateService
15:53:52.0 (78027629)|METHOD_ENTRY|[65]|01pO00000003Yab|GateService.getGateAndApprovers(Set<Id>)
15:53:52.0 (78056942)|VARIABLE_SCOPE_BEGIN|[35]|gateIds|Set<Id>|true|false
15:53:52.0 (78078375)|VARIABLE_ASSIGNMENT|[35]|gateIds|["a0nO0000003xOggIAE"]|0x33660543
15:53:52.0 (78088143)|HEAP_ALLOCATE|[36]|Bytes:5
15:53:52.0 (78092133)|STATEMENT_EXECUTE|[35]
15:53:52.0 (78093360)|STATEMENT_EXECUTE|[36]
15:53:52.0 (78096292)|HEAP_ALLOCATE|[36]|Bytes:443
15:53:52.0 (78108335)|HEAP_ALLOCATE|[36]|Bytes:4
15:53:52.0 (78120963)|HEAP_ALLOCATE|[36]|Bytes:7
15:53:52.0 (78208751)|HEAP_ALLOCATE|[36]|Bytes:8
15:53:52.0 (78217750)|HEAP_ALLOCATE|[36]|Bytes:8
15:53:52.0 (79020417)|SOQL_EXECUTE_BEGIN|[36]|Aggregations:1|SELECT ID, Status__c, Gate_Type__c, opportunity__c, opportunity__r.CRA_Gate_Status__c, opportunity__r.TSF_Gate_Status__c, opportunity__r.Gate_Status__c, opportunity__r.Prospect_Status__c, (SELECT Approval_Level__c, Approval_Status__c, Approver__c, Current_Approver__c, Gate__c, Id, Wet_Signature_Received__c FROM Assigned_Approvers__r ORDER BY Approval_Level__c ASC NULLS FIRST) FROM Gate__c WHERE (ID = :tmpVar1 AND status__c = 'In Progress')
15:53:52.0 (79033795)|LIMIT_USAGE|[36]|SOQL|1|100
15:53:52.0 (79045950)|LIMIT_USAGE|[36]|AGGS|1|300
15:53:52.0 (95441307)|SOQL_EXECUTE_END|[36]|Rows:1
15:53:52.0 (95470691)|LIMIT_USAGE|[36]|SOQL_ROWS|4|50000
15:53:52.0 (95490891)|HEAP_ALLOCATE|[36]|Bytes:8
15:53:52.0 (95528266)|HEAP_ALLOCATE|[36]|Bytes:933
15:53:52.0 (95550104)|HEAP_ALLOCATE|[36]|Bytes:8
15:53:52.0 (95578935)|METHOD_EXIT|[65]|01pO00000003Yab|GateService.getGateAndApprovers(Set<Id>)
15:53:52.0 (95594017)|SYSTEM_METHOD_ENTRY|[65]|List<Gate__c>.iterator()
15:53:52.0 (95601032)|SYSTEM_METHOD_EXIT|[65]|List<Gate__c>.iterator()
15:53:52.0 (95609459)|SYSTEM_METHOD_ENTRY|[65]|system.ListIterator.hasNext()
15:53:52.0 (95617735)|HEAP_ALLOCATE|[65]|Bytes:5
15:53:52.0 (95623275)|SYSTEM_METHOD_EXIT|[65]|system.ListIterator.hasNext()
15:53:52.0 (95652135)|HEAP_ALLOCATE|[65]|Bytes:24
15:53:52.0 (95664027)|VARIABLE_SCOPE_BEGIN|[65]|G|Gate__c|true|false
15:53:52.0 (95716837)|VARIABLE_ASSIGNMENT|[65]|G|{"Id":"a0nO0000003xOggIAE","Status__c":"In Progress","Opportunity__c":"006O0000008l3bOIAQ","Assigned_Approvers__ (1 more) ...":[{"Gate__c":"a0nO0000003xOggIAE","Id":"a0oO0000002tWWZIA2","Approval_Level__c":"1","Approval_Status__c":"Approved with Condit (4 more) ...","Approver__c":"00528000004d3msAAA","Current_Approver__c":false,"Wet_Signature_Receiv (5 more) ...":false},{"Gate__c":"a0nO0000003xOggIAE","Id":"a0oO0000002tWWaIAM","Approval_Level__c":"2","Approval_Status__c":"Approved","Approver__c":"00528000006BVWuAAO","Current_Approver__c":false,"Wet_Signature_Receiv (5 more) ...":false},{"Gate__c":"a0nO0000003xOggIAE","Id":"a0oO0000002tWWYIA2","Approval_Level__c":"3","Approval_Status__c":"Assigned Pending App (5 more) ...","Approver__c":"005O0000003t7anIAA","Current_Approver__c":true,"Wet_Signature_Receiv (5 more) ...":false}],"Opportunity__r":{"CRA_Gate_Status__c":"Not Applicable","TSF_Gate_Status__c":"Not Applicable","Gate_Status__c":"In Progress","Prospect_Status__c":"Prospect","Id":"006O0000008l3bOIAQ"}}|0x2d52d44d
15:53:52.0 (95727811)|STATEMENT_EXECUTE|[65]
15:53:52.0 (95729511)|STATEMENT_EXECUTE|[67]
15:53:52.0 (95733855)|HEAP_ALLOCATE|[67]|Bytes:21
15:53:52.0 (95737622)|HEAP_ALLOCATE|[67]|Bytes:20
15:53:52.0 (95776080)|HEAP_ALLOCATE|[EXTERNAL]|Bytes:16
15:53:52.0 (95803885)|HEAP_ALLOCATE|[67]|Bytes:16
15:53:52.0 (95812232)|VARIABLE_SCOPE_BEGIN|[67]|AAs|List<Assigned_Approver__c>|true|false
15:53:52.0 (95842639)|VARIABLE_ASSIGNMENT|[67]|AAs|[{"Gate__c":"a0nO0000003xOggIAE","Id":"a0oO0000002tWWZIA2","Approval_Level__c":"1","Approval_Status__c":"Approved with Condit (4 more) ...","Approver__c":"00528000004d3msAAA","Current_Approver__c":false,"Wet_Signature_Receiv (5 more) ...":false},{"Gate__c":"a0nO0000003xOggIAE","Id":"a0oO0000002tWWaIAM","Approval_Level__c":"2","Approval_Status__c":"Approved","Approver__c":"00528000006BVWuAAO","Current_Approver__c":false,"Wet_Signature_Receiv (5 more) ...":false},{"Gate__c":"a0nO0000003xOggIAE","Id":"a0oO0000002tWWYIA2","Approval_Level__c":"3","Approval_Status__c":"Assigned Pending App (5 more) ...","Approver__c":"005O0000003t7anIAA","Current_Approver__c":true,"Wet_Signature_Receiv (5 more) ...":false}]|0x61972826
15:53:52.0 (95848913)|STATEMENT_EXECUTE|[68]
15:53:52.0 (95855383)|HEAP_ALLOCATE|[68]|Bytes:9
15:53:52.0 (95880816)|SYSTEM_METHOD_ENTRY|[68]|String.valueOf(Object)
15:53:52.0 (96033899)|HEAP_ALLOCATE|[68]|Bytes:680
15:53:52.0 (96052105)|SYSTEM_METHOD_EXIT|[68]|String.valueOf(Object)
15:53:52.0 (96064362)|HEAP_ALLOCATE|[68]|Bytes:689
15:53:52.0 (96082679)|SYSTEM_METHOD_ENTRY|[68]|System.debug(APEX_OBJECT, ANY)
15:53:52.0 (96101560)|USER_DEBUG|[68]|ERROR|*** AAs: (Assigned_Approver__c:{Gate__c=a0nO0000003xOggIAE, Id=a0oO0000002tWWZIA2, Approval_Level__c=1, Approval_Status__c=Approved with Conditions, Approver__c=00528000004d3msAAA, Current_Approver__c=false, Wet_Signature_Received__c=false}, Assigned_Approver__c:{Gate__c=a0nO0000003xOggIAE, Id=a0oO0000002tWWaIAM, Approval_Level__c=2, Approval_Status__c=Approved, Approver__c=00528000006BVWuAAO, Current_Approver__c=false, Wet_Signature_Received__c=false}, Assigned_Approver__c:{Gate__c=a0nO0000003xOggIAE, Id=a0oO0000002tWWYIA2, Approval_Level__c=3, Approval_Status__c=Assigned Pending Approval, Approver__c=005O0000003t7anIAA, Current_Approver__c=true, Wet_Signature_Received__c=false})
15:53:52.0 (96109325)|SYSTEM_METHOD_EXIT|[68]|System.debug(APEX_OBJECT, ANY)
15:53:52.0 (96112610)|STATEMENT_EXECUTE|[71]
15:53:52.0 (96117188)|VARIABLE_SCOPE_BEGIN|[71]|updateGate|Boolean|false|false
15:53:52.0 (96123117)|HEAP_ALLOCATE|[71]|Bytes:5
15:53:52.0 (96129388)|VARIABLE_ASSIGNMENT|[71]|updateGate|false
15:53:52.0 (96131359)|STATEMENT_EXECUTE|[72]
15:53:52.0 (96133527)|VARIABLE_SCOPE_BEGIN|[72]|updateOpp|Boolean|false|false
15:53:52.0 (96136764)|HEAP_ALLOCATE|[72]|Bytes:5
15:53:52.0 (96140349)|VARIABLE_ASSIGNMENT|[72]|updateOpp|false
15:53:52.0 (96142102)|STATEMENT_EXECUTE|[73]
15:53:52.0 (96145652)|VARIABLE_SCOPE_BEGIN|[73]|gateStatus|String|false|false
15:53:52.0 (96150115)|VARIABLE_ASSIGNMENT|[73]|gateStatus|""
15:53:52.0 (96151806)|STATEMENT_EXECUTE|[74]
15:53:52.0 (96153653)|VARIABLE_SCOPE_BEGIN|[74]|oppStatus|String|false|false
15:53:52.0 (96157001)|VARIABLE_ASSIGNMENT|[74]|oppStatus|""
15:53:52.0 (96170750)|HEAP_ALLOCATE|[77]|Bytes:9
15:53:52.0 (96187678)|STATEMENT_EXECUTE|[77]
15:53:52.0 (96189703)|STATEMENT_EXECUTE|[82]
15:53:52.0 (96199910)|SYSTEM_METHOD_ENTRY|[84]|List<Assigned_Approver__c>.iterator()
15:53:52.0 (96271954)|SYSTEM_METHOD_EXIT|[84]|List<Assigned_Approver__c>.iterator()
15:53:52.0 (96289674)|SYSTEM_METHOD_ENTRY|[84]|system.ListIterator.hasNext()
15:53:52.0 (96298856)|HEAP_ALLOCATE|[84]|Bytes:5
15:53:52.0 (96304651)|SYSTEM_METHOD_EXIT|[84]|system.ListIterator.hasNext()
15:53:52.0 (96316606)|HEAP_ALLOCATE|[84]|Bytes:32
15:53:52.0 (96323987)|VARIABLE_SCOPE_BEGIN|[84]|AA|Assigned_Approver__c|true|false
15:53:52.0 (96340473)|VARIABLE_ASSIGNMENT|[84]|AA|{"Gate__c":"a0nO0000003xOggIAE","Id":"a0oO0000002tWWZIA2","Approval_Level__c":"1","Approval_Status__c":"Approved with Condit (4 more) ...","Approver__c":"00528000004d3msAAA","Current_Approver__c":false,"Wet_Signature_Receiv (5 more) ...":false}|0x12d909d0
15:53:52.0 (96344630)|STATEMENT_EXECUTE|[84]
15:53:52.0 (96345842)|STATEMENT_EXECUTE|[85]
15:53:52.0 (96351131)|HEAP_ALLOCATE|[85]|Bytes:18
15:53:52.0 (96374561)|SYSTEM_METHOD_ENTRY|[85]|String.valueOf(Object)
15:53:52.0 (96438712)|HEAP_ALLOCATE|[85]|Bytes:230
15:53:52.0 (96455367)|SYSTEM_METHOD_EXIT|[85]|String.valueOf(Object)
15:53:52.0 (96463659)|HEAP_ALLOCATE|[85]|Bytes:248
15:53:52.0 (96474472)|SYSTEM_METHOD_ENTRY|[85]|System.debug(APEX_OBJECT, ANY)
15:53:52.0 (96482451)|USER_DEBUG|[85]|ERROR|*** Debug 1 - AA: Assigned_Approver__c:{Gate__c=a0nO0000003xOggIAE, Id=a0oO0000002tWWZIA2, Approval_Level__c=1, Approval_Status__c=Approved with Conditions, Approver__c=00528000004d3msAAA, Current_Approver__c=false, Wet_Signature_Received__c=false}
15:53:52.0 (96488002)|SYSTEM_METHOD_EXIT|[85]|System.debug(APEX_OBJECT, ANY)
15:53:52.0 (96516499)|HEAP_ALLOCATE|[88]|Bytes:8
15:53:52.0 (96533207)|HEAP_ALLOCATE|[97]|Bytes:8
15:53:52.0 (96544140)|HEAP_ALLOCATE|[105]|Bytes:25
15:53:52.0 (96554546)|HEAP_ALLOCATE|[113]|Bytes:24
15:53:52.0 (96567266)|HEAP_ALLOCATE|[113]|Bytes:8
15:53:52.0 (96574136)|HEAP_ALLOCATE|[113]|Bytes:11
15:53:52.0 (96583838)|STATEMENT_EXECUTE|[113]
15:53:52.0 (96585638)|STATEMENT_EXECUTE|[114]
15:53:52.0 (96587847)|HEAP_ALLOCATE|[114]|Bytes:22
15:53:52.0 (96599186)|VARIABLE_ASSIGNMENT|[114]|gateStatus|"Conditionally Approv (2 more) ..."
15:53:52.0 (96601348)|STATEMENT_EXECUTE|[115]
15:53:52.0 (96605530)|HEAP_ALLOCATE|[115]|Bytes:5
15:53:52.0 (96610068)|VARIABLE_ASSIGNMENT|[115]|updateGate|true
15:53:52.0 (96612223)|STATEMENT_EXECUTE|[116]
15:53:52.0 (96616655)|VARIABLE_ASSIGNMENT|[116]|oppStatus|"Conditionally Approv (2 more) ..."
15:53:52.0 (96618705)|STATEMENT_EXECUTE|[117]
15:53:52.0 (96621147)|HEAP_ALLOCATE|[117]|Bytes:5
15:53:52.0 (96624740)|VARIABLE_ASSIGNMENT|[117]|updateOpp|true
15:53:52.0 (96626507)|STATEMENT_EXECUTE|[118]
15:53:52.0 (96630768)|HEAP_ALLOCATE|[118]|Bytes:40
15:53:52.0 (96636596)|HEAP_ALLOCATE|[118]|Bytes:62
15:53:52.0 (96646457)|SYSTEM_METHOD_ENTRY|[118]|System.debug(APEX_OBJECT, ANY)
15:53:52.0 (96663499)|USER_DEBUG|[118]|ERROR|*** Debug 2.d - App w/ cond gateStatus: Conditionally Approved
15:53:52.0 (96668267)|SYSTEM_METHOD_EXIT|[118]|System.debug(APEX_OBJECT, ANY)
15:53:52.0 (96675738)|SYSTEM_METHOD_ENTRY|[84]|system.ListIterator.hasNext()
15:53:52.0 (96681810)|HEAP_ALLOCATE|[84]|Bytes:5
15:53:52.0 (96686669)|SYSTEM_METHOD_EXIT|[84]|system.ListIterator.hasNext()
15:53:52.0 (96708603)|HEAP_ALLOCATE|[84]|Bytes:32
15:53:52.0 (96716561)|VARIABLE_SCOPE_BEGIN|[84]|AA|Assigned_Approver__c|true|false
15:53:52.0 (96730950)|VARIABLE_ASSIGNMENT|[84]|AA|{"Gate__c":"a0nO0000003xOggIAE","Id":"a0oO0000002tWWaIAM","Approval_Level__c":"2","Approval_Status__c":"Approved","Approver__c":"00528000006BVWuAAO","Current_Approver__c":false,"Wet_Signature_Receiv (5 more) ...":false}|0x2992477a
15:53:52.0 (96735078)|STATEMENT_EXECUTE|[84]
15:53:52.0 (96736258)|STATEMENT_EXECUTE|[85]
15:53:52.0 (96753167)|SYSTEM_METHOD_ENTRY|[85]|String.valueOf(Object)
15:53:52.0 (96803507)|HEAP_ALLOCATE|[85]|Bytes:214
15:53:52.0 (96818514)|SYSTEM_METHOD_EXIT|[85]|String.valueOf(Object)
15:53:52.0 (96825441)|HEAP_ALLOCATE|[85]|Bytes:232
15:53:52.0 (96834473)|SYSTEM_METHOD_ENTRY|[85]|System.debug(APEX_OBJECT, ANY)
15:53:52.0 (96841392)|USER_DEBUG|[85]|ERROR|*** Debug 1 - AA: Assigned_Approver__c:{Gate__c=a0nO0000003xOggIAE, Id=a0oO0000002tWWaIAM, Approval_Level__c=2, Approval_Status__c=Approved, Approver__c=00528000006BVWuAAO, Current_Approver__c=false, Wet_Signature_Received__c=false}
15:53:52.0 (96846007)|SYSTEM_METHOD_EXIT|[85]|System.debug(APEX_OBJECT, ANY)
15:53:52.0 (96879141)|HEAP_ALLOCATE|[121]|Bytes:8
15:53:52.0 (96901829)|STATEMENT_EXECUTE|[121]
15:53:52.0 (96903812)|STATEMENT_EXECUTE|[122]
15:53:52.0 (96910627)|VARIABLE_ASSIGNMENT|[122]|gateStatus|"Approved"
15:53:52.0 (96912545)|STATEMENT_EXECUTE|[123]
15:53:52.0 (96916735)|HEAP_ALLOCATE|[123]|Bytes:5
15:53:52.0 (96921117)|VARIABLE_ASSIGNMENT|[123]|updateGate|true
15:53:52.0 (96923128)|STATEMENT_EXECUTE|[124]
15:53:52.0 (96926531)|VARIABLE_ASSIGNMENT|[124]|oppStatus|"Approved"
15:53:52.0 (96928285)|STATEMENT_EXECUTE|[125]
15:53:52.0 (96930595)|HEAP_ALLOCATE|[125]|Bytes:5
15:53:52.0 (96934156)|VARIABLE_ASSIGNMENT|[125]|updateOpp|true
15:53:52.0 (96935875)|STATEMENT_EXECUTE|[126]
15:53:52.0 (96939736)|HEAP_ALLOCATE|[126]|Bytes:37
15:53:52.0 (96945422)|HEAP_ALLOCATE|[126]|Bytes:45
15:53:52.0 (96954546)|SYSTEM_METHOD_ENTRY|[126]|System.debug(APEX_OBJECT, ANY)
15:53:52.0 (96969311)|USER_DEBUG|[126]|ERROR|*** Debug 2.e - approved gateStatus: Approved
15:53:52.0 (96973733)|SYSTEM_METHOD_EXIT|[126]|System.debug(APEX_OBJECT, ANY)
15:53:52.0 (96980775)|SYSTEM_METHOD_ENTRY|[84]|system.ListIterator.hasNext()
15:53:52.0 (96986729)|HEAP_ALLOCATE|[84]|Bytes:5
15:53:52.0 (96991498)|SYSTEM_METHOD_EXIT|[84]|system.ListIterator.hasNext()
15:53:52.0 (97014223)|HEAP_ALLOCATE|[84]|Bytes:32
15:53:52.0 (97022775)|VARIABLE_SCOPE_BEGIN|[84]|AA|Assigned_Approver__c|true|false
15:53:52.0 (97038145)|VARIABLE_ASSIGNMENT|[84]|AA|{"Gate__c":"a0nO0000003xOggIAE","Id":"a0oO0000002tWWYIA2","Approval_Level__c":"3","Approval_Status__c":"Assigned Pending App (5 more) ...","Approver__c":"005O0000003t7anIAA","Current_Approver__c":true,"Wet_Signature_Receiv (5 more) ...":false}|0x6b30c7f
15:53:52.0 (97042198)|STATEMENT_EXECUTE|[84]
15:53:52.0 (97043294)|STATEMENT_EXECUTE|[85]
15:53:52.0 (97059881)|SYSTEM_METHOD_ENTRY|[85]|String.valueOf(Object)
15:53:52.0 (97109076)|HEAP_ALLOCATE|[85]|Bytes:230
15:53:52.0 (97123942)|SYSTEM_METHOD_EXIT|[85]|String.valueOf(Object)
15:53:52.0 (97130776)|HEAP_ALLOCATE|[85]|Bytes:248
15:53:52.0 (97139866)|SYSTEM_METHOD_ENTRY|[85]|System.debug(APEX_OBJECT, ANY)
15:53:52.0 (97146891)|USER_DEBUG|[85]|ERROR|*** Debug 1 - AA: Assigned_Approver__c:{Gate__c=a0nO0000003xOggIAE, Id=a0oO0000002tWWYIA2, Approval_Level__c=3, Approval_Status__c=Assigned Pending Approval, Approver__c=005O0000003t7anIAA, Current_Approver__c=true, Wet_Signature_Received__c=false}
15:53:52.0 (97151675)|SYSTEM_METHOD_EXIT|[85]|System.debug(APEX_OBJECT, ANY)
15:53:52.0 (97188835)|STATEMENT_EXECUTE|[105]
15:53:52.0 (97190842)|STATEMENT_EXECUTE|[106]
15:53:52.0 (97197636)|VARIABLE_ASSIGNMENT|[106]|gateStatus|"In Progress"
15:53:52.0 (97199745)|STATEMENT_EXECUTE|[107]
15:53:52.0 (97208395)|HEAP_ALLOCATE|[107]|Bytes:5
15:53:52.0 (97213265)|VARIABLE_ASSIGNMENT|[107]|updateGate|false
15:53:52.0 (97215240)|STATEMENT_EXECUTE|[108]
15:53:52.0 (97218702)|VARIABLE_ASSIGNMENT|[108]|oppStatus|"In Progress"
15:53:52.0 (97220656)|STATEMENT_EXECUTE|[109]
15:53:52.0 (97222945)|HEAP_ALLOCATE|[109]|Bytes:5
15:53:52.0 (97226390)|VARIABLE_ASSIGNMENT|[109]|updateOpp|false
15:53:52.0 (97228116)|STATEMENT_EXECUTE|[110]
15:53:52.0 (97232258)|HEAP_ALLOCATE|[110]|Bytes:40
15:53:52.0 (97238312)|HEAP_ALLOCATE|[110]|Bytes:51
15:53:52.0 (97247413)|SYSTEM_METHOD_ENTRY|[110]|System.debug(APEX_OBJECT, ANY)
15:53:52.0 (97261626)|USER_DEBUG|[110]|ERROR|*** Debug 2.c - In Progress gateStatus: In Progress
15:53:52.0 (97265999)|SYSTEM_METHOD_EXIT|[110]|System.debug(APEX_OBJECT, ANY)
15:53:52.0 (97272878)|SYSTEM_METHOD_ENTRY|[84]|system.ListIterator.hasNext()
15:53:52.0 (97278823)|HEAP_ALLOCATE|[84]|Bytes:5
15:53:52.0 (97283453)|SYSTEM_METHOD_EXIT|[84]|system.ListIterator.hasNext()
15:53:52.0 (97291316)|VARIABLE_ASSIGNMENT|[84]|AA|null|
15:53:52.0 (97294261)|STATEMENT_EXECUTE|[130]
15:53:52.0 (97298878)|HEAP_ALLOCATE|[130]|Bytes:26
15:53:52.0 (97304668)|HEAP_ALLOCATE|[130]|Bytes:37
15:53:52.0 (97313238)|SYSTEM_METHOD_ENTRY|[130]|System.debug(APEX_OBJECT, ANY)
15:53:52.0 (97325840)|USER_DEBUG|[130]|ERROR|*** Debug 3 - gateStatus: In Progress
15:53:52.0 (97330161)|SYSTEM_METHOD_EXIT|[130]|System.debug(APEX_OBJECT, ANY)
15:53:52.0 (97344766)|STATEMENT_EXECUTE|[133]
15:53:52.0 (97352740)|SYSTEM_METHOD_ENTRY|[134]|List<Assigned_Approver__c>.iterator()
15:53:52.0 (97367274)|SYSTEM_METHOD_EXIT|[134]|List<Assigned_Approver__c>.iterator()
15:53:52.0 (97374475)|SYSTEM_METHOD_ENTRY|[134]|system.ListIterator.hasNext()
15:53:52.0 (97380468)|HEAP_ALLOCATE|[134]|Bytes:5
15:53:52.0 (97385309)|SYSTEM_METHOD_EXIT|[134]|system.ListIterator.hasNext()
15:53:52.0 (97392957)|HEAP_ALLOCATE|[134]|Bytes:32
15:53:52.0 (97398786)|VARIABLE_SCOPE_BEGIN|[134]|AA|Assigned_Approver__c|true|false
15:53:52.0 (97413578)|VARIABLE_ASSIGNMENT|[134]|AA|{"Gate__c":"a0nO0000003xOggIAE","Id":"a0oO0000002tWWZIA2","Approval_Level__c":"1","Approval_Status__c":"Approved with Condit (4 more) ...","Approver__c":"00528000004d3msAAA","Current_Approver__c":false,"Wet_Signature_Receiv (5 more) ...":false}|0x12d909d0
15:53:52.0 (97417593)|STATEMENT_EXECUTE|[134]
15:53:52.0 (97432606)|STATEMENT_EXECUTE|[135]
15:53:52.0 (97439234)|SYSTEM_METHOD_ENTRY|[134]|system.ListIterator.hasNext()
15:53:52.0 (97445273)|HEAP_ALLOCATE|[134]|Bytes:5
15:53:52.0 (97450178)|SYSTEM_METHOD_EXIT|[134]|system.ListIterator.hasNext()
15:53:52.0 (97456868)|HEAP_ALLOCATE|[134]|Bytes:32
15:53:52.0 (97462018)|VARIABLE_SCOPE_BEGIN|[134]|AA|Assigned_Approver__c|true|false
15:53:52.0 (97474740)|VARIABLE_ASSIGNMENT|[134]|AA|{"Gate__c":"a0nO0000003xOggIAE","Id":"a0oO0000002tWWaIAM","Approval_Level__c":"2","Approval_Status__c":"Approved","Approver__c":"00528000006BVWuAAO","Current_Approver__c":false,"Wet_Signature_Receiv (5 more) ...":false}|0x2992477a
15:53:52.0 (97477966)|STATEMENT_EXECUTE|[134]
15:53:52.0 (97490317)|STATEMENT_EXECUTE|[135]
15:53:52.0 (97496289)|SYSTEM_METHOD_ENTRY|[134]|system.ListIterator.hasNext()
15:53:52.0 (97502078)|HEAP_ALLOCATE|[134]|Bytes:5
15:53:52.0 (97506726)|SYSTEM_METHOD_EXIT|[134]|system.ListIterator.hasNext()
15:53:52.0 (97513072)|HEAP_ALLOCATE|[134]|Bytes:32
15:53:52.0 (97518002)|VARIABLE_SCOPE_BEGIN|[134]|AA|Assigned_Approver__c|true|false
15:53:52.0 (97531162)|VARIABLE_ASSIGNMENT|[134]|AA|{"Gate__c":"a0nO0000003xOggIAE","Id":"a0oO0000002tWWYIA2","Approval_Level__c":"3","Approval_Status__c":"Assigned Pending App (5 more) ...","Approver__c":"005O0000003t7anIAA","Current_Approver__c":true,"Wet_Signature_Receiv (5 more) ...":false}|0x6b30c7f
15:53:52.0 (97535048)|STATEMENT_EXECUTE|[134]
15:53:52.0 (97552327)|STATEMENT_EXECUTE|[135]
15:53:52.0 (97553877)|STATEMENT_EXECUTE|[136]
15:53:52.0 (97614736)|VARIABLE_ASSIGNMENT|[136]|this.Current_Approver__c|true|0x6b30c7f
15:53:52.0 (97618671)|STATEMENT_EXECUTE|[137]
15:53:52.0 (97634950)|SYSTEM_METHOD_ENTRY|[137]|List<Assigned_Approver__c>.add(Object)
15:53:52.0 (97650838)|HEAP_ALLOCATE|[EXTERNAL]|Bytes:4
15:53:52.0 (97660168)|SYSTEM_METHOD_EXIT|[137]|List<Assigned_Approver__c>.add(Object)
15:53:52.0 (97663834)|STATEMENT_EXECUTE|[138]
15:53:52.0 (97670266)|VARIABLE_ASSIGNMENT|[134]|AA|null|
15:53:52.0 (97674684)|STATEMENT_EXECUTE|[145]
15:53:52.0 (97676706)|STATEMENT_EXECUTE|[151]
15:53:52.0 (97682449)|SYSTEM_METHOD_ENTRY|[65]|system.ListIterator.hasNext()
15:53:52.0 (97688927)|HEAP_ALLOCATE|[65]|Bytes:5
15:53:52.0 (97694405)|SYSTEM_METHOD_EXIT|[65]|system.ListIterator.hasNext()
15:53:52.0 (97700320)|VARIABLE_ASSIGNMENT|[65]|G|null|
15:53:52.0 (97702757)|STATEMENT_EXECUTE|[158]
15:53:52.0 (97703732)|STATEMENT_EXECUTE|[158]
15:53:52.0 (97709307)|SYSTEM_METHOD_ENTRY|[159]|List<Assigned_Approver__c>.size()
15:53:52.0 (97722345)|SYSTEM_METHOD_EXIT|[159]|List<Assigned_Approver__c>.size()
15:53:52.0 (97727817)|STATEMENT_EXECUTE|[159]
15:53:52.0 (97729246)|STATEMENT_EXECUTE|[160]
15:53:52.0 (97771159)|DML_BEGIN|[160]|Op:Update|Type:Assigned_Approver__c|Rows:1
15:53:52.0 (97779881)|LIMIT_USAGE|[160]|DML|1|150
15:53:52.0 (97786565)|LIMIT_USAGE|[160]|DML_ROWS|1|10000
15:53:52.0 (97799547)|HEAP_ALLOCATE|[EXTERNAL]|Bytes:8
15:53:52.0 (115089153)|CODE_UNIT_STARTED|[EXTERNAL]|01qO00000000Ue8|AssignedApproverTrigger on Assigned_Approver trigger event BeforeUpdate for [a0oO0000002tWWY]
15:53:52.0 (115144823)|HEAP_ALLOCATE|[EXTERNAL]|Bytes:8
15:53:52.0 (115173285)|HEAP_ALLOCATE|[EXTERNAL]|Bytes:8
15:53:52.0 (115276821)|HEAP_ALLOCATE|[EXTERNAL]|Bytes:1
15:53:52.0 (115295846)|HEAP_ALLOCATE|[EXTERNAL]|Bytes:4
15:53:52.0 (115305492)|VARIABLE_SCOPE_BEGIN|[1]|this|AssignedApproverTrigger|true|false
15:53:52.0 (115337386)|VARIABLE_ASSIGNMENT|[1]|this|{}|0x36166181
15:53:52.0 (115383199)|HEAP_ALLOCATE|[EXTERNAL]|Bytes:4
15:53:52.0 (115390480)|VARIABLE_SCOPE_BEGIN|[1]|this|AssignedApproverTrigger|true|false
15:53:52.0 (115400691)|VARIABLE_ASSIGNMENT|[1]|this|{}|0x36166181
15:53:52.0 (115406014)|STATEMENT_EXECUTE|[1]
15:53:52.0 (115407598)|STATEMENT_EXECUTE|[2]
15:53:52.0 (115415850)|HEAP_ALLOCATE|[2]|Bytes:36
15:53:52.0 (115439668)|SYSTEM_METHOD_ENTRY|[2]|System.debug(APEX_OBJECT, ANY)
15:53:52.0 (115463844)|USER_DEBUG|[2]|ERROR|*** Assigned Approver Trigger Firing
15:53:52.0 (115471899)|SYSTEM_METHOD_EXIT|[2]|System.debug(APEX_OBJECT, ANY)
15:53:52.0 (115475330)|STATEMENT_EXECUTE|[3]
15:53:52.0 (125121518)|HEAP_ALLOCATE|[3]|Bytes:11
15:53:52.0 (125132688)|HEAP_ALLOCATE|[3]|Bytes:17
15:53:52.0 (125150502)|METHOD_ENTRY|[12]|01pO00000003Sem|Assigned_Approver_TriggerHandler.Assigned_Approver_TriggerHandler()
15:53:52.0 (125155051)|STATEMENT_EXECUTE|[12]
15:53:52.0 (125161576)|STATEMENT_EXECUTE|[12]
15:53:52.0 (125173780)|HEAP_ALLOCATE|[3]|Bytes:5
15:53:52.0 (125186069)|METHOD_EXIT|[12]|Assigned_Approver_TriggerHandler
15:53:52.0 (125205662)|HEAP_ALLOCATE|[3]|Bytes:12
15:53:52.0 (125221476)|CONSTRUCTOR_ENTRY|[3]|01pO00000003Sem|<init>()
15:53:52.0 (125253464)|VARIABLE_SCOPE_BEGIN|[13]|this|Assigned_Approver_TriggerHandler|true|false
15:53:52.0 (125288685)|VARIABLE_ASSIGNMENT|[13]|this|{}|0x37ed9ee4
15:53:52.0 (125298101)|HEAP_ALLOCATE|[13]|Bytes:5
15:53:52.0 (125301519)|STATEMENT_EXECUTE|[12]
15:53:52.0 (125304043)|HEAP_ALLOCATE|[13]|Bytes:5
15:53:52.0 (125312139)|CONSTRUCTOR_ENTRY|[13]|01pO00000003AAn|<init>()
15:53:52.0 (125349900)|VARIABLE_SCOPE_BEGIN|[22]|this|TriggerHandler|true|false
15:53:52.0 (125364986)|VARIABLE_ASSIGNMENT|[22]|this|{}|0x37ed9ee4
15:53:52.0 (125368648)|STATEMENT_EXECUTE|[1]
15:53:52.0 (125369818)|STATEMENT_EXECUTE|[9]
15:53:52.0 (125370940)|STATEMENT_EXECUTE|[13]
15:53:52.0 (125390318)|STATEMENT_EXECUTE|[22]
15:53:52.0 (125391884)|STATEMENT_EXECUTE|[23]
15:53:52.0 (125412395)|METHOD_ENTRY|[23]|01pO00000003AAn|TriggerHandler.setTriggerContext()
15:53:52.0 (125416213)|VARIABLE_SCOPE_BEGIN|[94]|this|TriggerHandler|true|false
15:53:52.0 (125428563)|VARIABLE_ASSIGNMENT|[94]|this|{}|0x37ed9ee4
15:53:52.0 (125432657)|STATEMENT_EXECUTE|[94]
15:53:52.0 (125433726)|STATEMENT_EXECUTE|[95]
15:53:52.0 (125442409)|METHOD_ENTRY|[95]|01pO00000003AAn|TriggerHandler.setTriggerContext(String, Boolean)
15:53:52.0 (125445840)|VARIABLE_SCOPE_BEGIN|[99]|this|TriggerHandler|true|false
15:53:52.0 (125455497)|VARIABLE_ASSIGNMENT|[99]|this|{}|0x37ed9ee4
15:53:52.0 (125457693)|VARIABLE_SCOPE_BEGIN|[99]|ctx|String|false|false
15:53:52.0 (125462026)|VARIABLE_ASSIGNMENT|[99]|ctx|null
15:53:52.0 (125465896)|VARIABLE_SCOPE_BEGIN|[99]|testMode|Boolean|false|false
15:53:52.0 (125469957)|VARIABLE_ASSIGNMENT|[99]|testMode|false
15:53:52.0 (125473149)|STATEMENT_EXECUTE|[99]
15:53:52.0 (125482696)|STATEMENT_EXECUTE|[103]
15:53:52.0 (125484271)|STATEMENT_EXECUTE|[104]
15:53:52.0 (125488597)|HEAP_ALLOCATE|[104]|Bytes:5
15:53:52.0 (125506069)|STATEMENT_EXECUTE|[111]
15:53:52.0 (125507526)|STATEMENT_EXECUTE|[112]
15:53:52.0 (125516527)|METHOD_EXIT|[95]|01pO00000003AAn|TriggerHandler.setTriggerContext(String, Boolean)
15:53:52.0 (125521159)|METHOD_EXIT|[23]|01pO00000003AAn|TriggerHandler.setTriggerContext()
15:53:52.0 (125526078)|CONSTRUCTOR_EXIT|[13]|01pO00000003AAn|<init>()
15:53:52.0 (125528404)|STATEMENT_EXECUTE|[13]
15:53:52.0 (125533792)|CONSTRUCTOR_EXIT|[3]|01pO00000003Sem|<init>()
15:53:52.0 (125542440)|METHOD_ENTRY|[3]|01pO00000003AAn|TriggerHandler.run()
15:53:52.0 (125545498)|VARIABLE_SCOPE_BEGIN|[31]|this|TriggerHandler|true|false
15:53:52.0 (125565691)|VARIABLE_ASSIGNMENT|[31]|this|{"context":"0xf15eefa","isTriggerExecuting":true}|0x37ed9ee4
15:53:52.0 (125569920)|STATEMENT_EXECUTE|[31]
15:53:52.0 (125576399)|METHOD_ENTRY|[33]|01pO00000003AAn|TriggerHandler.validateRun()
15:53:52.0 (125580010)|VARIABLE_SCOPE_BEGIN|[146]|this|TriggerHandler|true|false
15:53:52.0 (125593631)|VARIABLE_ASSIGNMENT|[146]|this|{"context":"0xf15eefa","isTriggerExecuting":true}|0x37ed9ee4
15:53:52.0 (125597406)|STATEMENT_EXECUTE|[146]
15:53:52.0 (125603225)|STATEMENT_EXECUTE|[147]
15:53:52.0 (125610282)|METHOD_ENTRY|[150]|01pO00000003AAn|TriggerHandler.getHandlerName()
15:53:52.0 (125613856)|VARIABLE_SCOPE_BEGIN|[157]|this|TriggerHandler|true|false
15:53:52.0 (125626809)|VARIABLE_ASSIGNMENT|[157]|this|{"context":"0xf15eefa","isTriggerExecuting":true}|0x37ed9ee4
15:53:52.0 (125630481)|STATEMENT_EXECUTE|[157]
15:53:52.0 (125631455)|STATEMENT_EXECUTE|[158]
15:53:52.0 (125659284)|SYSTEM_METHOD_ENTRY|[158]|String.valueOf(Object)
15:53:52.0 (125715428)|HEAP_ALLOCATE|[158]|Bytes:179
15:53:52.0 (125730204)|SYSTEM_METHOD_EXIT|[158]|String.valueOf(Object)
15:53:52.0 (125744598)|SYSTEM_METHOD_ENTRY|[158]|String.valueOf(Object)
15:53:52.0 (125767653)|HEAP_ALLOCATE|[158]|Bytes:179
15:53:52.0 (125780471)|SYSTEM_METHOD_EXIT|[158]|String.valueOf(Object)
15:53:52.0 (125792147)|SYSTEM_METHOD_ENTRY|[158]|String.indexOf(String)
15:53:52.0 (125801994)|SYSTEM_METHOD_EXIT|[158]|String.indexOf(String)
15:53:52.0 (125812184)|SYSTEM_METHOD_ENTRY|[158]|String.substring(Integer, Integer)
15:53:52.0 (125817674)|HEAP_ALLOCATE|[158]|Bytes:32
15:53:52.0 (125825410)|SYSTEM_METHOD_EXIT|[158]|String.substring(Integer, Integer)
15:53:52.0 (125830639)|METHOD_EXIT|[150]|01pO00000003AAn|TriggerHandler.getHandlerName()
15:53:52.0 (125845575)|SYSTEM_METHOD_ENTRY|[150]|Set<String>.contains(Object)
15:53:52.0 (125857208)|SYSTEM_METHOD_EXIT|[150]|Set<String>.contains(Object)
15:53:52.0 (125861900)|STATEMENT_EXECUTE|[150]
15:53:52.0 (125863438)|STATEMENT_EXECUTE|[153]
15:53:52.0 (125866811)|METHOD_EXIT|[33]|01pO00000003AAn|TriggerHandler.validateRun()
15:53:52.0 (125869653)|STATEMENT_EXECUTE|[33]
15:53:52.0 (125870727)|STATEMENT_EXECUTE|[35]
15:53:52.0 (125876110)|METHOD_ENTRY|[35]|01pO00000003AAn|TriggerHandler.addToLoopCount()
15:53:52.0 (125879467)|VARIABLE_SCOPE_BEGIN|[133]|this|TriggerHandler|true|false
15:53:52.0 (125897732)|VARIABLE_ASSIGNMENT|[133]|this|{"context":"0xf15eefa","isTriggerExecuting":true}|0x37ed9ee4
15:53:52.0 (125902269)|STATEMENT_EXECUTE|[133]
15:53:52.0 (125903355)|STATEMENT_EXECUTE|[134]
15:53:52.0 (125909137)|METHOD_ENTRY|[134]|01pO00000003AAn|TriggerHandler.getHandlerName()
15:53:52.0 (125912273)|VARIABLE_SCOPE_BEGIN|[157]|this|TriggerHandler|true|false
15:53:52.0 (125924914)|VARIABLE_ASSIGNMENT|[157]|this|{"context":"0xf15eefa","isTriggerExecuting":true}|0x37ed9ee4
15:53:52.0 (125928133)|STATEMENT_EXECUTE|[157]
15:53:52.0 (125929118)|STATEMENT_EXECUTE|[158]
15:53:52.0 (125942697)|SYSTEM_METHOD_ENTRY|[158]|String.valueOf(Object)
15:53:52.0 (125968699)|HEAP_ALLOCATE|[158]|Bytes:179
15:53:52.0 (125981695)|SYSTEM_METHOD_EXIT|[158]|String.valueOf(Object)
15:53:52.0 (125994641)|SYSTEM_METHOD_ENTRY|[158]|String.valueOf(Object)
15:53:52.0 (126016591)|HEAP_ALLOCATE|[158]|Bytes:179
15:53:52.0 (126029755)|SYSTEM_METHOD_EXIT|[158]|String.valueOf(Object)
15:53:52.0 (126039656)|SYSTEM_METHOD_ENTRY|[158]|String.indexOf(String)
15:53:52.0 (126047080)|SYSTEM_METHOD_EXIT|[158]|String.indexOf(String)
15:53:52.0 (126055419)|SYSTEM_METHOD_ENTRY|[158]|String.substring(Integer, Integer)
15:53:52.0 (126059188)|HEAP_ALLOCATE|[158]|Bytes:32
15:53:52.0 (126066830)|SYSTEM_METHOD_EXIT|[158]|String.substring(Integer, Integer)
15:53:52.0 (126071401)|METHOD_EXIT|[134]|01pO00000003AAn|TriggerHandler.getHandlerName()
15:53:52.0 (126074994)|VARIABLE_SCOPE_BEGIN|[134]|handlerName|String|false|false
15:53:52.0 (126085590)|VARIABLE_ASSIGNMENT|[134]|handlerName|"Assigned_Approver_Tr (12 more) ..."
15:53:52.0 (126099751)|SYSTEM_METHOD_ENTRY|[135]|Map<String,TriggerHandler.LoopCount>.containsKey(Object)
15:53:52.0 (126110925)|SYSTEM_METHOD_EXIT|[135]|Map<String,TriggerHandler.LoopCount>.containsKey(Object)
15:53:52.0 (126115337)|STATEMENT_EXECUTE|[135]
15:53:52.0 (126119121)|METHOD_EXIT|[35]|01pO00000003AAn|TriggerHandler.addToLoopCount()
15:53:52.0 (126139765)|SYSTEM_METHOD_ENTRY|[38]|com.salesforce.api.fast.System.compareObjects(Object, Object)
15:53:52.0 (126184340)|SYSTEM_METHOD_EXIT|[38]|com.salesforce.api.fast.System.compareObjects(Object, Object)
15:53:52.0 (126199219)|SYSTEM_METHOD_ENTRY|[40]|com.salesforce.api.fast.System.compareObjects(Object, Object)
15:53:52.0 (126219202)|SYSTEM_METHOD_EXIT|[40]|com.salesforce.api.fast.System.compareObjects(Object, Object)
15:53:52.0 (126223244)|STATEMENT_EXECUTE|[40]
15:53:52.0 (126224385)|STATEMENT_EXECUTE|[41]
15:53:52.0 (126234770)|METHOD_ENTRY|[41]|01pO00000003Sem|Assigned_Approver_TriggerHandler.beforeUpdate()
15:53:52.0 (126239787)|VARIABLE_SCOPE_BEGIN|[17]|this|Assigned_Approver_TriggerHandler|true|false
15:53:52.0 (126258271)|VARIABLE_ASSIGNMENT|[17]|this|{"context":"0xf15eefa","isTriggerExecuting":true}|0x37ed9ee4
15:53:52.0 (126267227)|HEAP_ALLOCATE|[18]|Bytes:5
15:53:52.0 (126270472)|STATEMENT_EXECUTE|[17]
15:53:52.0 (126271483)|STATEMENT_EXECUTE|[18]
15:53:52.0 (126282143)|METHOD_ENTRY|[18]|01pO00000003Sem|Assigned_Approver_TriggerHandler.findCurrentApproversThatHaveApproved()
15:53:52.0 (126310732)|HEAP_ALLOCATE|[30]|Bytes:5
15:53:52.0 (126314590)|STATEMENT_EXECUTE|[29]
15:53:52.0 (126315725)|STATEMENT_EXECUTE|[30]
15:53:52.0 (126321803)|HEAP_ALLOCATE|[30]|Bytes:20
15:53:52.0 (126356585)|SYSTEM_METHOD_ENTRY|[30]|String.valueOf(Object)
15:53:52.0 (127051181)|HEAP_ALLOCATE|[30]|Bytes:732
15:53:52.0 (127070770)|SYSTEM_METHOD_EXIT|[30]|String.valueOf(Object)
15:53:52.0 (127082313)|HEAP_ALLOCATE|[30]|Bytes:752
15:53:52.0 (127098059)|SYSTEM_METHOD_ENTRY|[30]|System.debug(APEX_OBJECT, ANY)
15:53:52.0 (127110870)|USER_DEBUG|[30]|ERROR|*** Find approvers: (Assigned_Approver__c:{Id=a0oO0000002tWWYIA2, OwnerId=005O0000003t7anIAA, IsDeleted=false, Name=Approver-000000120, CreatedDate=2017-03-28 04:46:57, CreatedById=005O0000003t7anIAA, LastModifiedDate=2017-03-28 04:53:40, LastModifiedById=005O0000003t7anIAA, SystemModstamp=2017-03-28 04:53:40, LastViewedDate=null, LastReferencedDate=null, Approver__c=005O0000003t7anIAA, Gate__c=a0nO0000003xOggIAE, Approval_Level__c=3, Approval_Status__c=Assigned Pending Approval, Approval_Comments__c=test, No_of_Approval_Conditions__c=0, Current_Approver__c=true, Approver_Role__c=COO, Wet_Signature_Received__c=false, Wet_Signature_Date__c=null, Decision_Date__c=2017-03-28 00:00:00, Prospect__c=006O0000008l3bOIAQ, Approval_Conditions__c=null})
15:53:52.0 (127118545)|SYSTEM_METHOD_EXIT|[30]|System.debug(APEX_OBJECT, ANY)
15:53:52.0 (127121754)|STATEMENT_EXECUTE|[32]
15:53:52.0 (127128342)|HEAP_ALLOCATE|[32]|Bytes:4
15:53:52.0 (127138901)|SYSTEM_CONSTRUCTOR_ENTRY|[32]|<init>(Integer)
15:53:52.0 (127155016)|SYSTEM_CONSTRUCTOR_EXIT|[32]|<init>(Integer)
15:53:52.0 (127158989)|VARIABLE_SCOPE_BEGIN|[32]|gatesToFindNextApprover|Set<Id>|true|false
15:53:52.0 (127174797)|VARIABLE_ASSIGNMENT|[32]|gatesToFindNextApprover|[]|0x13997b38
15:53:52.0 (127199105)|SYSTEM_METHOD_ENTRY|[33]|List<Assigned_Approver__c>.iterator()
15:53:52.0 (127222501)|SYSTEM_METHOD_EXIT|[33]|List<Assigned_Approver__c>.iterator()
15:53:52.0 (127234808)|SYSTEM_METHOD_ENTRY|[33]|system.ListIterator.hasNext()
15:53:52.0 (127243194)|HEAP_ALLOCATE|[33]|Bytes:5
15:53:52.0 (127249474)|SYSTEM_METHOD_EXIT|[33]|system.ListIterator.hasNext()
15:53:52.0 (127263647)|HEAP_ALLOCATE|[33]|Bytes:4
15:53:52.0 (127271428)|VARIABLE_SCOPE_BEGIN|[33]|AA|Assigned_Approver__c|true|false
15:53:52.0 (127407119)|VARIABLE_ASSIGNMENT|[33]|AA|{"Approval_Level__c":"3","LastModifiedDate":"2017-03-28T04:53:40.000Z","Approval_Comments__c":"test","IsDeleted":false,"Approver__c":"005O0000003t7anIAA","Wet_Signature_Receiv (5 more) ...":false,"Gate__c":"a0nO0000003xOggIAE","Prospect__c":"006O0000008l3bOIAQ","Decision_Date__c":"2017-03-28T00:00:00.000Z","Name":"Approver-000000120","SystemModstamp":"2017-03-28T04:53:40.000Z","OwnerId":"005O0000003t7anIAA","CreatedById":"005O0000003t7anIAA","Approver_Role__c":"COO","No_of_Approval_Condi (8 more) ...":0,"CreatedDate":"2017-03-28T04:46:57.000Z","Id":"a0oO0000002tWWYIA2","Current_Approver__c":true,"LastModifiedById":"005O0000003t7anIAA","Approval_Status__c":"Assigned Pending App (5 more) ..."}|0x4138da51
15:53:52.0 (127414894)|STATEMENT_EXECUTE|[33]
15:53:52.0 (127416095)|STATEMENT_EXECUTE|[34]
15:53:52.0 (127514725)|SYSTEM_METHOD_ENTRY|[34]|Map<Id,Assigned_Approver__c>.get(Object)
15:53:52.0 (127541899)|SYSTEM_METHOD_EXIT|[34]|Map<Id,Assigned_Approver__c>.get(Object)
15:53:52.0 (127550603)|VARIABLE_SCOPE_BEGIN|[34]|oldApprover|Assigned_Approver__c|true|false
15:53:52.0 (127746474)|VARIABLE_ASSIGNMENT|[34]|oldApprover|{"Approval_Level__c":"3","LastModifiedDate":"2017-03-28T04:53:40.000Z","Approval_Comments__c":"test","IsDeleted":false,"Approver__c":"005O0000003t7anIAA","Wet_Signature_Receiv (5 more) ...":false,"Gate__c":"a0nO0000003xOggIAE","Prospect__c":"006O0000008l3bOIAQ","Decision_Date__c":"2017-03-28T00:00:00.000Z","Name":"Approver-000000120","SystemModstamp":"2017-03-28T04:53:40.000Z","OwnerId":"005O0000003t7anIAA","CreatedById":"005O0000003t7anIAA","Approver_Role__c":"COO","No_of_Approval_Condi (8 more) ...":0,"CreatedDate":"2017-03-28T04:46:57.000Z","Id":"a0oO0000002tWWYIA2","Current_Approver__c":true,"LastModifiedById":"005O0000003t7anIAA","Approval_Status__c":"Assigned Pending App (5 more) ..."}|0x1735f1f5
15:53:52.0 (127753585)|STATEMENT_EXECUTE|[35]
15:53:52.0 (127760406)|HEAP_ALLOCATE|[35]|Bytes:15
15:53:52.0 (127779477)|SYSTEM_METHOD_ENTRY|[35]|String.valueOf(Object)
15:53:52.0 (127969893)|HEAP_ALLOCATE|[35]|Bytes:730
15:53:52.0 (127986819)|SYSTEM_METHOD_EXIT|[35]|String.valueOf(Object)
15:53:52.0 (127995113)|HEAP_ALLOCATE|[35]|Bytes:745
15:53:52.0 (128006659)|SYSTEM_METHOD_ENTRY|[35]|System.debug(APEX_OBJECT, ANY)
15:53:52.0 (128015161)|USER_DEBUG|[35]|ERROR|*** Approvers: Assigned_Approver__c:{Id=a0oO0000002tWWYIA2, OwnerId=005O0000003t7anIAA, IsDeleted=false, Name=Approver-000000120, CreatedDate=2017-03-28 04:46:57, CreatedById=005O0000003t7anIAA, LastModifiedDate=2017-03-28 04:53:40, LastModifiedById=005O0000003t7anIAA, SystemModstamp=2017-03-28 04:53:40, LastViewedDate=null, LastReferencedDate=null, Approver__c=005O0000003t7anIAA, Gate__c=a0nO0000003xOggIAE, Approval_Level__c=3, Approval_Status__c=Assigned Pending Approval, Approval_Comments__c=test, No_of_Approval_Conditions__c=0, Current_Approver__c=true, Approver_Role__c=COO, Wet_Signature_Received__c=false, Wet_Signature_Date__c=null, Decision_Date__c=2017-03-28 00:00:00, Prospect__c=006O0000008l3bOIAQ, Approval_Conditions__c=null}
15:53:52.0 (128022683)|SYSTEM_METHOD_EXIT|[35]|System.debug(APEX_OBJECT, ANY)
15:53:52.0 (128052521)|STATEMENT_EXECUTE|[37]
15:53:52.0 (128059604)|SYSTEM_METHOD_ENTRY|[33]|system.ListIterator.hasNext()
15:53:52.0 (128066280)|HEAP_ALLOCATE|[33]|Bytes:5
15:53:52.0 (128071613)|SYSTEM_METHOD_EXIT|[33]|system.ListIterator.hasNext()
15:53:52.0 (128079917)|VARIABLE_ASSIGNMENT|[33]|AA|null|
15:53:52.0 (128088169)|SYSTEM_METHOD_ENTRY|[52]|Set<Id>.size()
15:53:52.0 (128103755)|SYSTEM_METHOD_EXIT|[52]|Set<Id>.size()
15:53:52.0 (128109197)|STATEMENT_EXECUTE|[52]
15:53:52.0 (128116778)|METHOD_EXIT|[18]|01pO00000003Sem|Assigned_Approver_TriggerHandler.findCurrentApproversThatHaveApproved()
15:53:52.0 (128121912)|METHOD_EXIT|[41]|01pO00000003Sem|Assigned_Approver_TriggerHandler.beforeUpdate()
15:53:52.0 (128126090)|METHOD_EXIT|[3]|01pO00000003AAn|TriggerHandler.run()
15:53:52.128 (128136078)|CUMULATIVE_LIMIT_USAGE
15:53:52.128 (128136078)|LIMIT_USAGE_FOR_NS|(default)|
  Number of SOQL queries: 1 out of 100
  Number of query rows: 4 out of 50000
  Number of SOSL queries: 0 out of 20
  Number of DML statements: 1 out of 150
  Number of DML rows: 1 out of 10000
  Maximum CPU time: 0 out of 10000
  Maximum heap size: 0 out of 6000000
  Number of callouts: 0 out of 100
  Number of Email Invocations: 0 out of 10
  Number of future calls: 0 out of 50
  Number of queueable jobs added to the queue: 0 out of 50
  Number of Mobile Apex push calls: 0 out of 10

15:53:52.128 (128136078)|TOTAL_EMAIL_RECIPIENTS_QUEUED|0
15:53:52.128 (128136078)|STATIC_VARIABLE_LIST|
  String:_sfdcAdditionalCodeLocations:0
  String:_sfdcAdditionalCodeLocations:0
  long:serialVersionUID:0
  String:_sfdcAdditionalCodeLocations:0
  double:MAX_VALUE:0
  long:serialVersionUID:0
  int:SIZE:0
  TriggerHandler.TriggerContext:BEFORE_INSERT:0
  int:MAX_VALUE:0
  TriggerHandler.TriggerContext:AFTER_UNDELETE:0
  String:_sfdcSuppressedCodeLocations:0
  int:MIN_VALUE:0
  char[]:DigitOnes:0
  String:_sfdcSuppressedCodeLocations:0
  int:MIN_EXPONENT:0
  String:_sfdcSuppressedCodeLocations:0
  int:MAX_EXPONENT:0
  int:BYTES:0
  char[]:DigitTens:0
  long:serialVersionUID:0
  String:_sfdcAdditionalCodeLocations:0
  Boolean:FALSE:0
  double:MIN_VALUE:0
  double:NEGATIVE_INFINITY:0
  char[]:digits:0
  double:NaN:0
  Boolean:TRUE:0
  TriggerHandler.TriggerContext:AFTER_INSERT:0
  TriggerHandler.TriggerContext:AFTER_DELETE:0
  TriggerHandler.TriggerContext:AFTER_UPDATE:0
  String:__sfdcInnerTypes:0
  int:BYTES:0
  Map<String,TriggerHandler.LoopCount>:_static_loopCountMap:0
  Set<String>:_static_bypassedHandlers:0
  int[]:sizeTable:0
  TriggerHandler.TriggerContext:BEFORE_DELETE:0
  String:_sfdcAdditionalCodeLocations:0
  TriggerHandler.TriggerContext:BEFORE_UPDATE:0
  int:SIZE:0
  double:POSITIVE_INFINITY:0
  double:MIN_NORMAL:0

15:53:52.128 (128136078)|CUMULATIVE_LIMIT_USAGE_END

15:53:52.0 (130254182)|CODE_UNIT_FINISHED|AssignedApproverTrigger on Assigned_Approver trigger event BeforeUpdate for [a0oO0000002tWWY]
15:53:52.0 (132248643)|CODE_UNIT_STARTED|[EXTERNAL]|Validation:Assigned_Approver:a0oO0000002tWWY
15:53:52.0 (132257630)|VALIDATION_RULE|03dO000000011Ug|Enter_Approval_Conditions
15:53:52.0 (132406137)|VALIDATION_FORMULA|AND(
ISPICKVAL(Approval_Status__c, "Approved with Conditions"),
ISBLANK(Approval_Conditions__c))|Approval_Status__c=Assigned Pending Approval , Approval_Conditions__c=null
15:53:52.0 (132411341)|VALIDATION_PASS
15:53:52.0 (132413137)|VALIDATION_RULE|03dO00000001173|Enter_comments_after_status
15:53:52.0 (132588822)|VALIDATION_FORMULA|AND(
ISPICKVAL( Approval_Status__c, "Approved"), 
ISBLANK(Approval_Comments__c))

&#124;&#124;

AND( 
ISPICKVAL( Approval_Status__c, "Resubmit"),
ISBLANK(Approval_Comments__c))

&#124;&#124;

AND( 
ISPICKVAL( Approval_Status__c, "Rejected"),
ISBLANK(Approval_Comments__c))|Approval_Status__c=Assigned Pending Approval , Approval_Comments__c=test
15:53:52.0 (132598019)|VALIDATION_PASS
15:53:52.0 (132599382)|VALIDATION_RULE|03dO00000000z89|Wet_Signature_Date_Mandatory
15:53:52.0 (132702307)|VALIDATION_FORMULA|AND(Wet_Signature_Received__c = TRUE,  ISBLANK(Wet_Signature_Date__c))|Wet_Signature_Date__c=null , Wet_Signature_Received__c=0
15:53:52.0 (132706973)|VALIDATION_PASS
15:53:52.0 (132731909)|CODE_UNIT_FINISHED|Validation:Assigned_Approver:a0oO0000002tWWY
15:53:52.0 (148219695)|CODE_UNIT_STARTED|[EXTERNAL]|01qO00000000Ue8|AssignedApproverTrigger on Assigned_Approver trigger event AfterUpdate for [a0oO0000002tWWY]
15:53:52.0 (148242563)|HEAP_ALLOCATE|[EXTERNAL]|Bytes:8
15:53:52.0 (148264400)|HEAP_ALLOCATE|[EXTERNAL]|Bytes:8
15:53:52.0 (148312480)|HEAP_ALLOCATE|[EXTERNAL]|Bytes:4
15:53:52.0 (148321496)|VARIABLE_SCOPE_BEGIN|[1]|this|AssignedApproverTrigger|true|false
15:53:52.0 (148347626)|VARIABLE_ASSIGNMENT|[1]|this|{}|0x1d36cb15
15:53:52.0 (148371291)|HEAP_ALLOCATE|[EXTERNAL]|Bytes:4
15:53:52.0 (148375876)|VARIABLE_SCOPE_BEGIN|[1]|this|AssignedApproverTrigger|true|false
15:53:52.0 (148384484)|VARIABLE_ASSIGNMENT|[1]|this|{}|0x1d36cb15
15:53:52.0 (148388656)|STATEMENT_EXECUTE|[1]
15:53:52.0 (148390301)|STATEMENT_EXECUTE|[2]
15:53:52.0 (148408092)|SYSTEM_METHOD_ENTRY|[2]|System.debug(APEX_OBJECT, ANY)
15:53:52.0 (148422839)|USER_DEBUG|[2]|ERROR|*** Assigned Approver Trigger Firing
15:53:52.0 (148429500)|SYSTEM_METHOD_EXIT|[2]|System.debug(APEX_OBJECT, ANY)
15:53:52.0 (148432587)|STATEMENT_EXECUTE|[3]
15:53:52.0 (148437717)|HEAP_ALLOCATE|[3]|Bytes:12
15:53:52.0 (148446679)|CONSTRUCTOR_ENTRY|[3]|01pO00000003Sem|<init>()
15:53:52.0 (148452743)|VARIABLE_SCOPE_BEGIN|[13]|this|Assigned_Approver_TriggerHandler|true|false
15:53:52.0 (148474626)|VARIABLE_ASSIGNMENT|[13]|this|{}|0x2d1a8c5e
15:53:52.0 (148484103)|HEAP_ALLOCATE|[13]|Bytes:5
15:53:52.0 (148487341)|STATEMENT_EXECUTE|[12]
15:53:52.0 (148489933)|HEAP_ALLOCATE|[13]|Bytes:5
15:53:52.0 (148498611)|CONSTRUCTOR_ENTRY|[13]|01pO00000003AAn|<init>()
15:53:52.0 (148502560)|VARIABLE_SCOPE_BEGIN|[22]|this|TriggerHandler|true|false
15:53:52.0 (148515438)|VARIABLE_ASSIGNMENT|[22]|this|{}|0x2d1a8c5e
15:53:52.0 (148518546)|STATEMENT_EXECUTE|[1]
15:53:52.0 (148519704)|STATEMENT_EXECUTE|[9]
15:53:52.0 (148520698)|STATEMENT_EXECUTE|[13]
15:53:52.0 (148537143)|STATEMENT_EXECUTE|[22]
15:53:52.0 (148538602)|STATEMENT_EXECUTE|[23]
15:53:52.0 (148547432)|METHOD_ENTRY|[23]|01pO00000003AAn|TriggerHandler.setTriggerContext()
15:53:52.0 (148551005)|VARIABLE_SCOPE_BEGIN|[94]|this|TriggerHandler|true|false
15:53:52.0 (148562067)|VARIABLE_ASSIGNMENT|[94]|this|{}|0x2d1a8c5e
15:53:52.0 (148565494)|STATEMENT_EXECUTE|[94]
15:53:52.0 (148566585)|STATEMENT_EXECUTE|[95]
15:53:52.0 (148574054)|METHOD_ENTRY|[95]|01pO00000003AAn|TriggerHandler.setTriggerContext(String, Boolean)
15:53:52.0 (148577789)|VARIABLE_SCOPE_BEGIN|[99]|this|TriggerHandler|true|false
15:53:52.0 (148587950)|VARIABLE_ASSIGNMENT|[99]|this|{}|0x2d1a8c5e
15:53:52.0 (148590144)|VARIABLE_SCOPE_BEGIN|[99]|ctx|String|false|false
15:53:52.0 (148593868)|VARIABLE_ASSIGNMENT|[99]|ctx|null
15:53:52.0 (148597526)|VARIABLE_SCOPE_BEGIN|[99]|testMode|Boolean|false|false
15:53:52.0 (148601002)|VARIABLE_ASSIGNMENT|[99]|testMode|false
15:53:52.0 (148603975)|STATEMENT_EXECUTE|[99]
15:53:52.0 (148612364)|STATEMENT_EXECUTE|[103]
15:53:52.0 (148613848)|STATEMENT_EXECUTE|[104]
15:53:52.0 (148618660)|HEAP_ALLOCATE|[104]|Bytes:5
15:53:52.0 (148641171)|STATEMENT_EXECUTE|[120]
15:53:52.0 (148642576)|STATEMENT_EXECUTE|[121]
15:53:52.0 (148650459)|METHOD_EXIT|[95]|01pO00000003AAn|TriggerHandler.setTriggerContext(String, Boolean)
15:53:52.0 (148655286)|METHOD_EXIT|[23]|01pO00000003AAn|TriggerHandler.setTriggerContext()
15:53:52.0 (148660133)|CONSTRUCTOR_EXIT|[13]|01pO00000003AAn|<init>()
15:53:52.0 (148662386)|STATEMENT_EXECUTE|[13]
15:53:52.0 (148667871)|CONSTRUCTOR_EXIT|[3]|01pO00000003Sem|<init>()
15:53:52.0 (148673668)|METHOD_ENTRY|[3]|01pO00000003AAn|TriggerHandler.run()
15:53:52.0 (148676737)|VARIABLE_SCOPE_BEGIN|[31]|this|TriggerHandler|true|false
15:53:52.0 (148696551)|VARIABLE_ASSIGNMENT|[31]|this|{"context":"0x4f7a3d31","isTriggerExecuting":true}|0x2d1a8c5e
15:53:52.0 (148700833)|STATEMENT_EXECUTE|[31]
15:53:52.0 (148706615)|METHOD_ENTRY|[33]|01pO00000003AAn|TriggerHandler.validateRun()
15:53:52.0 (148710268)|VARIABLE_SCOPE_BEGIN|[146]|this|TriggerHandler|true|false
15:53:52.0 (148723975)|VARIABLE_ASSIGNMENT|[146]|this|{"context":"0x4f7a3d31","isTriggerExecuting":true}|0x2d1a8c5e
15:53:52.0 (148727734)|STATEMENT_EXECUTE|[146]
15:53:52.0 (148732897)|STATEMENT_EXECUTE|[147]
15:53:52.0 (148739215)|METHOD_ENTRY|[150]|01pO00000003AAn|TriggerHandler.getHandlerName()
15:53:52.0 (148742554)|VARIABLE_SCOPE_BEGIN|[157]|this|TriggerHandler|true|false
15:53:52.0 (148755571)|VARIABLE_ASSIGNMENT|[157]|this|{"context":"0x4f7a3d31","isTriggerExecuting":true}|0x2d1a8c5e
15:53:52.0 (148759206)|STATEMENT_EXECUTE|[157]
15:53:52.0 (148760176)|STATEMENT_EXECUTE|[158]
15:53:52.0 (148783902)|SYSTEM_METHOD_ENTRY|[158]|String.valueOf(Object)
15:53:52.0 (148829906)|HEAP_ALLOCATE|[158]|Bytes:178
15:53:52.0 (148844552)|SYSTEM_METHOD_EXIT|[158]|String.valueOf(Object)
15:53:52.0 (148858707)|SYSTEM_METHOD_ENTRY|[158]|String.valueOf(Object)
15:53:52.0 (148886392)|HEAP_ALLOCATE|[158]|Bytes:178
15:53:52.0 (148899831)|SYSTEM_METHOD_EXIT|[158]|String.valueOf(Object)
15:53:52.0 (148914065)|SYSTEM_METHOD_ENTRY|[158]|String.indexOf(String)
15:53:52.0 (148924054)|SYSTEM_METHOD_EXIT|[158]|String.indexOf(String)
15:53:52.0 (148935113)|SYSTEM_METHOD_ENTRY|[158]|String.substring(Integer, Integer)
15:53:52.0 (148941497)|HEAP_ALLOCATE|[158]|Bytes:32
15:53:52.0 (148949333)|SYSTEM_METHOD_EXIT|[158]|String.substring(Integer, Integer)
15:53:52.0 (148954272)|METHOD_EXIT|[150]|01pO00000003AAn|TriggerHandler.getHandlerName()
15:53:52.0 (148966315)|SYSTEM_METHOD_ENTRY|[150]|Set<String>.contains(Object)
15:53:52.0 (148976437)|SYSTEM_METHOD_EXIT|[150]|Set<String>.contains(Object)
15:53:52.0 (148980940)|STATEMENT_EXECUTE|[150]
15:53:52.0 (148982504)|STATEMENT_EXECUTE|[153]
15:53:52.0 (148986099)|METHOD_EXIT|[33]|01pO00000003AAn|TriggerHandler.validateRun()
15:53:52.0 (148989253)|STATEMENT_EXECUTE|[33]
15:53:52.0 (148990483)|STATEMENT_EXECUTE|[35]
15:53:52.0 (148996322)|METHOD_ENTRY|[35]|01pO00000003AAn|TriggerHandler.addToLoopCount()
15:53:52.0 (148999744)|VARIABLE_SCOPE_BEGIN|[133]|this|TriggerHandler|true|false
15:53:52.0 (149018336)|VARIABLE_ASSIGNMENT|[133]|this|{"context":"0x4f7a3d31","isTriggerExecuting":true}|0x2d1a8c5e
15:53:52.0 (149023667)|STATEMENT_EXECUTE|[133]
15:53:52.0 (149025317)|STATEMENT_EXECUTE|[134]
15:53:52.0 (149030497)|METHOD_ENTRY|[134]|01pO00000003AAn|TriggerHandler.getHandlerName()
15:53:52.0 (149033778)|VARIABLE_SCOPE_BEGIN|[157]|this|TriggerHandler|true|false
15:53:52.0 (149046829)|VARIABLE_ASSIGNMENT|[157]|this|{"context":"0x4f7a3d31","isTriggerExecuting":true}|0x2d1a8c5e
15:53:52.0 (149050337)|STATEMENT_EXECUTE|[157]
15:53:52.0 (149051267)|STATEMENT_EXECUTE|[158]
15:53:52.0 (149065484)|SYSTEM_METHOD_ENTRY|[158]|String.valueOf(Object)
15:53:52.0 (149092360)|HEAP_ALLOCATE|[158]|Bytes:178
15:53:52.0 (149106017)|SYSTEM_METHOD_EXIT|[158]|String.valueOf(Object)
15:53:52.0 (149119221)|SYSTEM_METHOD_ENTRY|[158]|String.valueOf(Object)
15:53:52.0 (149141495)|HEAP_ALLOCATE|[158]|Bytes:178
15:53:52.0 (149153673)|SYSTEM_METHOD_EXIT|[158]|String.valueOf(Object)
15:53:52.0 (149163455)|SYSTEM_METHOD_ENTRY|[158]|String.indexOf(String)
15:53:52.0 (149170979)|SYSTEM_METHOD_EXIT|[158]|String.indexOf(String)
15:53:52.0 (149179560)|SYSTEM_METHOD_ENTRY|[158]|String.substring(Integer, Integer)
15:53:52.0 (149183276)|HEAP_ALLOCATE|[158]|Bytes:32
15:53:52.0 (149190618)|SYSTEM_METHOD_EXIT|[158]|String.substring(Integer, Integer)
15:53:52.0 (149195102)|METHOD_EXIT|[134]|01pO00000003AAn|TriggerHandler.getHandlerName()
15:53:52.0 (149198786)|VARIABLE_SCOPE_BEGIN|[134]|handlerName|String|false|false
15:53:52.0 (149213599)|VARIABLE_ASSIGNMENT|[134]|handlerName|"Assigned_Approver_Tr (12 more) ..."
15:53:52.0 (149228600)|SYSTEM_METHOD_ENTRY|[135]|Map<String,TriggerHandler.LoopCount>.containsKey(Object)
15:53:52.0 (149238445)|SYSTEM_METHOD_EXIT|[135]|Map<String,TriggerHandler.LoopCount>.containsKey(Object)
15:53:52.0 (149243065)|STATEMENT_EXECUTE|[135]
15:53:52.0 (149246876)|METHOD_EXIT|[35]|01pO00000003AAn|TriggerHandler.addToLoopCount()
15:53:52.0 (149266913)|SYSTEM_METHOD_ENTRY|[38]|com.salesforce.api.fast.System.compareObjects(Object, Object)
15:53:52.0 (149310782)|SYSTEM_METHOD_EXIT|[38]|com.salesforce.api.fast.System.compareObjects(Object, Object)
15:53:52.0 (149325341)|SYSTEM_METHOD_ENTRY|[40]|com.salesforce.api.fast.System.compareObjects(Object, Object)
15:53:52.0 (149348241)|SYSTEM_METHOD_EXIT|[40]|com.salesforce.api.fast.System.compareObjects(Object, Object)
15:53:52.0 (149362042)|SYSTEM_METHOD_ENTRY|[42]|com.salesforce.api.fast.System.compareObjects(Object, Object)
15:53:52.0 (149383640)|SYSTEM_METHOD_EXIT|[42]|com.salesforce.api.fast.System.compareObjects(Object, Object)
15:53:52.0 (149397303)|SYSTEM_METHOD_ENTRY|[44]|com.salesforce.api.fast.System.compareObjects(Object, Object)
15:53:52.0 (149418795)|SYSTEM_METHOD_EXIT|[44]|com.salesforce.api.fast.System.compareObjects(Object, Object)
15:53:52.0 (149432185)|SYSTEM_METHOD_ENTRY|[46]|com.salesforce.api.fast.System.compareObjects(Object, Object)
15:53:52.0 (149445993)|SYSTEM_METHOD_EXIT|[46]|com.salesforce.api.fast.System.compareObjects(Object, Object)
15:53:52.0 (149449879)|STATEMENT_EXECUTE|[46]
15:53:52.0 (149451186)|STATEMENT_EXECUTE|[47]
15:53:52.0 (149459933)|METHOD_ENTRY|[47]|01pO00000003Sem|Assigned_Approver_TriggerHandler.afterUpdate()
15:53:52.0 (149466065)|VARIABLE_SCOPE_BEGIN|[21]|this|Assigned_Approver_TriggerHandler|true|false
15:53:52.0 (149484774)|VARIABLE_ASSIGNMENT|[21]|this|{"context":"0x4f7a3d31","isTriggerExecuting":true}|0x2d1a8c5e
15:53:52.0 (149494520)|HEAP_ALLOCATE|[22]|Bytes:5
15:53:52.0 (149497832)|STATEMENT_EXECUTE|[21]
15:53:52.0 (149498986)|STATEMENT_EXECUTE|[22]
15:53:52.0 (149507351)|METHOD_ENTRY|[22]|01pO00000003Sem|Assigned_Approver_TriggerHandler.findCurrentApproversThatHaveApproved()
15:53:52.0 (149526076)|HEAP_ALLOCATE|[30]|Bytes:5
15:53:52.0 (149529484)|STATEMENT_EXECUTE|[29]
15:53:52.0 (149530585)|STATEMENT_EXECUTE|[30]
15:53:52.0 (149560174)|SYSTEM_METHOD_ENTRY|[30]|String.valueOf(Object)
15:53:52.0 (149854721)|HEAP_ALLOCATE|[30]|Bytes:732
15:53:52.0 (149871719)|SYSTEM_METHOD_EXIT|[30]|String.valueOf(Object)
15:53:52.0 (149879422)|HEAP_ALLOCATE|[30]|Bytes:752
15:53:52.0 (149889815)|SYSTEM_METHOD_ENTRY|[30]|System.debug(APEX_OBJECT, ANY)
15:53:52.0 (149898041)|USER_DEBUG|[30]|ERROR|*** Find approvers: (Assigned_Approver__c:{Id=a0oO0000002tWWYIA2, OwnerId=005O0000003t7anIAA, IsDeleted=false, Name=Approver-000000120, CreatedDate=2017-03-28 04:46:57, CreatedById=005O0000003t7anIAA, LastModifiedDate=2017-03-28 04:53:52, LastModifiedById=005O0000003t7anIAA, SystemModstamp=2017-03-28 04:53:52, LastViewedDate=null, LastReferencedDate=null, Approver__c=005O0000003t7anIAA, Gate__c=a0nO0000003xOggIAE, Approval_Level__c=3, Approval_Status__c=Assigned Pending Approval, Approval_Comments__c=test, No_of_Approval_Conditions__c=0, Current_Approver__c=true, Approver_Role__c=COO, Wet_Signature_Received__c=false, Wet_Signature_Date__c=null, Decision_Date__c=2017-03-28 00:00:00, Prospect__c=006O0000008l3bOIAQ, Approval_Conditions__c=null})
15:53:52.0 (149905395)|SYSTEM_METHOD_EXIT|[30]|System.debug(APEX_OBJECT, ANY)
15:53:52.0 (149908533)|STATEMENT_EXECUTE|[32]
15:53:52.0 (149913451)|HEAP_ALLOCATE|[32]|Bytes:4
15:53:52.0 (149923693)|SYSTEM_CONSTRUCTOR_ENTRY|[32]|<init>(Integer)
15:53:52.0 (149929851)|SYSTEM_CONSTRUCTOR_EXIT|[32]|<init>(Integer)
15:53:52.0 (149933729)|VARIABLE_SCOPE_BEGIN|[32]|gatesToFindNextApprover|Set<Id>|true|false
15:53:52.0 (149948980)|VARIABLE_ASSIGNMENT|[32]|gatesToFindNextApprover|[]|0x300a837f
15:53:52.0 (149968278)|SYSTEM_METHOD_ENTRY|[33]|List<Assigned_Approver__c>.iterator()
15:53:52.0 (149975120)|SYSTEM_METHOD_EXIT|[33]|List<Assigned_Approver__c>.iterator()
15:53:52.0 (149981071)|SYSTEM_METHOD_ENTRY|[33]|system.ListIterator.hasNext()
15:53:52.0 (149987540)|HEAP_ALLOCATE|[33]|Bytes:5
15:53:52.0 (149992977)|SYSTEM_METHOD_EXIT|[33]|system.ListIterator.hasNext()
15:53:52.0 (150004463)|VARIABLE_SCOPE_BEGIN|[33]|AA|Assigned_Approver__c|true|false
15:53:52.0 (150142513)|VARIABLE_ASSIGNMENT|[33]|AA|{"Approval_Level__c":"3","LastModifiedDate":"2017-03-28T04:53:52.000Z","Approval_Comments__c":"test","IsDeleted":false,"Approver__c":"005O0000003t7anIAA","Wet_Signature_Receiv (5 more) ...":false,"Gate__c":"a0nO0000003xOggIAE","Prospect__c":"006O0000008l3bOIAQ","Decision_Date__c":"2017-03-28T00:00:00.000Z","Name":"Approver-000000120","SystemModstamp":"2017-03-28T04:53:52.000Z","OwnerId":"005O0000003t7anIAA","CreatedById":"005O0000003t7anIAA","Approver_Role__c":"COO","No_of_Approval_Condi (8 more) ...":0,"CreatedDate":"2017-03-28T04:46:57.000Z","Id":"a0oO0000002tWWYIA2","Current_Approver__c":true,"LastModifiedById":"005O0000003t7anIAA","Approval_Status__c":"Assigned Pending App (5 more) ..."}|0x498b915c
15:53:52.0 (150150285)|STATEMENT_EXECUTE|[33]
15:53:52.0 (150151394)|STATEMENT_EXECUTE|[34]
15:53:52.0 (150182356)|SYSTEM_METHOD_ENTRY|[34]|Map<Id,Assigned_Approver__c>.get(Object)
15:53:52.0 (150195655)|SYSTEM_METHOD_EXIT|[34]|Map<Id,Assigned_Approver__c>.get(Object)
15:53:52.0 (150206825)|VARIABLE_SCOPE_BEGIN|[34]|oldApprover|Assigned_Approver__c|true|false
15:53:52.0 (150400958)|VARIABLE_ASSIGNMENT|[34]|oldApprover|{"Approval_Level__c":"3","LastModifiedDate":"2017-03-28T04:53:40.000Z","Approval_Comments__c":"test","IsDeleted":false,"Approver__c":"005O0000003t7anIAA","Wet_Signature_Receiv (5 more) ...":false,"Gate__c":"a0nO0000003xOggIAE","Prospect__c":"006O0000008l3bOIAQ","Decision_Date__c":"2017-03-28T00:00:00.000Z","Name":"Approver-000000120","SystemModstamp":"2017-03-28T04:53:40.000Z","OwnerId":"005O0000003t7anIAA","CreatedById":"005O0000003t7anIAA","Approver_Role__c":"COO","No_of_Approval_Condi (8 more) ...":0,"CreatedDate":"2017-03-28T04:46:57.000Z","Id":"a0oO0000002tWWYIA2","Current_Approver__c":true,"LastModifiedById":"005O0000003t7anIAA","Approval_Status__c":"Assigned Pending App (5 more) ..."}|0x7415522b
15:53:52.0 (150407471)|STATEMENT_EXECUTE|[35]
15:53:52.0 (150426773)|SYSTEM_METHOD_ENTRY|[35]|String.valueOf(Object)
15:53:52.0 (150596155)|HEAP_ALLOCATE|[35]|Bytes:730
15:53:52.0 (150612776)|SYSTEM_METHOD_EXIT|[35]|String.valueOf(Object)
15:53:52.0 (150620558)|HEAP_ALLOCATE|[35]|Bytes:745
15:53:52.0 (150630109)|SYSTEM_METHOD_ENTRY|[35]|System.debug(APEX_OBJECT, ANY)
15:53:52.0 (150637910)|USER_DEBUG|[35]|ERROR|*** Approvers: Assigned_Approver__c:{Id=a0oO0000002tWWYIA2, OwnerId=005O0000003t7anIAA, IsDeleted=false, Name=Approver-000000120, CreatedDate=2017-03-28 04:46:57, CreatedById=005O0000003t7anIAA, LastModifiedDate=2017-03-28 04:53:52, LastModifiedById=005O0000003t7anIAA, SystemModstamp=2017-03-28 04:53:52, LastViewedDate=null, LastReferencedDate=null, Approver__c=005O0000003t7anIAA, Gate__c=a0nO0000003xOggIAE, Approval_Level__c=3, Approval_Status__c=Assigned Pending Approval, Approval_Comments__c=test, No_of_Approval_Conditions__c=0, Current_Approver__c=true, Approver_Role__c=COO, Wet_Signature_Received__c=false, Wet_Signature_Date__c=null, Decision_Date__c=2017-03-28 00:00:00, Prospect__c=006O0000008l3bOIAQ, Approval_Conditions__c=null}
15:53:52.0 (150644505)|SYSTEM_METHOD_EXIT|[35]|System.debug(APEX_OBJECT, ANY)
15:53:52.0 (150669909)|STATEMENT_EXECUTE|[37]
15:53:52.0 (150677082)|SYSTEM_METHOD_ENTRY|[33]|system.ListIterator.hasNext()
15:53:52.0 (150683989)|HEAP_ALLOCATE|[33]|Bytes:5
15:53:52.0 (150689541)|SYSTEM_METHOD_EXIT|[33]|system.ListIterator.hasNext()
15:53:52.0 (150697518)|VARIABLE_ASSIGNMENT|[33]|AA|null|
15:53:52.0 (150704064)|SYSTEM_METHOD_ENTRY|[52]|Set<Id>.size()
15:53:52.0 (150709048)|SYSTEM_METHOD_EXIT|[52]|Set<Id>.size()
15:53:52.0 (150713229)|STATEMENT_EXECUTE|[52]
15:53:52.0 (150720702)|METHOD_EXIT|[22]|01pO00000003Sem|Assigned_Approver_TriggerHandler.findCurrentApproversThatHaveApproved()
15:53:52.0 (150726012)|METHOD_EXIT|[47]|01pO00000003Sem|Assigned_Approver_TriggerHandler.afterUpdate()
15:53:52.0 (150729700)|METHOD_EXIT|[3]|01pO00000003AAn|TriggerHandler.run()
15:53:52.150 (150738313)|CUMULATIVE_LIMIT_USAGE
15:53:52.150 (150738313)|LIMIT_USAGE_FOR_NS|(default)|
  Number of SOQL queries: 1 out of 100
  Number of query rows: 4 out of 50000
  Number of SOSL queries: 0 out of 20
  Number of DML statements: 1 out of 150
  Number of DML rows: 1 out of 10000
  Maximum CPU time: 0 out of 10000
  Maximum heap size: 0 out of 6000000
  Number of callouts: 0 out of 100
  Number of Email Invocations: 0 out of 10
  Number of future calls: 0 out of 50
  Number of queueable jobs added to the queue: 0 out of 50
  Number of Mobile Apex push calls: 0 out of 10

15:53:52.150 (150738313)|TOTAL_EMAIL_RECIPIENTS_QUEUED|0
15:53:52.150 (150738313)|STATIC_VARIABLE_LIST|
  String:_sfdcAdditionalCodeLocations:0
  String:_sfdcAdditionalCodeLocations:0
  long:serialVersionUID:0
  String:_sfdcAdditionalCodeLocations:0
  double:MAX_VALUE:0
  long:serialVersionUID:0
  int:SIZE:0
  TriggerHandler.TriggerContext:BEFORE_INSERT:0
  int:MAX_VALUE:0
  TriggerHandler.TriggerContext:AFTER_UNDELETE:0
  String:_sfdcSuppressedCodeLocations:0
  int:MIN_VALUE:0
  char[]:DigitOnes:0
  String:_sfdcSuppressedCodeLocations:0
  int:MIN_EXPONENT:0
  String:_sfdcSuppressedCodeLocations:0
  int:MAX_EXPONENT:0
  int:BYTES:0
  char[]:DigitTens:0
  long:serialVersionUID:0
  String:_sfdcAdditionalCodeLocations:0
  Boolean:FALSE:0
  double:MIN_VALUE:0
  double:NEGATIVE_INFINITY:0
  char[]:digits:0
  double:NaN:0
  Boolean:TRUE:0
  TriggerHandler.TriggerContext:AFTER_INSERT:0
  TriggerHandler.TriggerContext:AFTER_DELETE:0
  TriggerHandler.TriggerContext:AFTER_UPDATE:0
  String:__sfdcInnerTypes:0
  int:BYTES:0
  Map<String,TriggerHandler.LoopCount>:_static_loopCountMap:0
  Set<String>:_static_bypassedHandlers:0
  int[]:sizeTable:0
  TriggerHandler.TriggerContext:BEFORE_DELETE:0
  String:_sfdcAdditionalCodeLocations:0
  TriggerHandler.TriggerContext:BEFORE_UPDATE:0
  int:SIZE:0
  double:POSITIVE_INFINITY:0
  double:MIN_NORMAL:0

15:53:52.150 (150738313)|CUMULATIVE_LIMIT_USAGE_END

15:53:52.0 (154585567)|CODE_UNIT_FINISHED|AssignedApproverTrigger on Assigned_Approver trigger event AfterUpdate for [a0oO0000002tWWY]
15:53:52.0 (154637212)|CODE_UNIT_STARTED|[EXTERNAL]|Workflow:01IO0000000Dldu
15:53:52.0 (167879074)|WF_RULE_EVAL_BEGIN|Workflow
15:53:52.0 (167905992)|WF_CRITERIA_BEGIN|[Assigned Approver: Approver-000000120 a0oO0000002tWWY]|Set Decision Date|01QO00000009UNH|ON_CREATE_OR_TRIGGERING_UPDATE|0
15:53:52.0 (168402630)|WF_FORMULA|Formula:ENCODED:[treatNullAsNull]OR(ISPICKVAL({!ID:00NO0000002Jmd7}, 'Approved'), ISPICKVAL({!ID:00NO0000002Jmd7}, 'Approved with Conditions'),ISPICKVAL({!ID:00NO0000002Jmd7}, 'Resubmit'), ISPICKVAL({!ID:00NO0000002Jmd7}, 'Rejected'))|Values:Approval_Status__c=Assigned Pending Approval
15:53:52.0 (168408757)|WF_CRITERIA_END|false
15:53:52.0 (168418287)|WF_CRITERIA_BEGIN|[Assigned Approver: Approver-000000120 a0oO0000002tWWY]|Outbound Message - Assigned Approver|01QO00000009PHY|ON_ALL_CHANGES|0
15:53:52.0 (170057367)|WF_RULE_FILTER|[Assigned Approver : Assigned Approver Id not equal to ]
15:53:52.0 (170073209)|WF_RULE_EVAL_VALUE|Approver-000000120
15:53:52.0 (170076344)|WF_CRITERIA_END|true
15:53:52.0 (170572940)|WF_SPOOL_ACTION_BEGIN|Workflow
15:53:52.0 (170597589)|WF_RULE_INVOCATION|[Assigned Approver: Approver-000000120 a0oO0000002tWWY]
15:53:52.0 (170606264)|WF_OUTBOUND_MSG|[Assigned Approver: Approver-000000120 a0oO0000002tWWY]|Id=04kO00000004DCD|CurrentRule:Outbound Message - Assigned Approver (Id=01QO00000009PHY)
15:53:52.0 (170620763)|WF_ACTION| Outbound Message: 1;
15:53:52.0 (170623136)|WF_RULE_EVAL_END
15:53:52.0 (175247930)|WF_ACTIONS_END| Outbound Message: 1;
15:53:52.0 (175257961)|CODE_UNIT_FINISHED|Workflow:01IO0000000Dldu
15:53:52.0 (194440380)|DML_END|[160]
15:53:52.0 (194512935)|HEAP_ALLOCATE|[EXTERNAL]|Bytes:8
15:53:52.0 (194540941)|SYSTEM_METHOD_ENTRY|[162]|List<Gate__c>.size()
15:53:52.0 (194568604)|SYSTEM_METHOD_EXIT|[162]|List<Gate__c>.size()
15:53:52.0 (194576014)|STATEMENT_EXECUTE|[162]
15:53:52.0 (194585762)|SYSTEM_METHOD_ENTRY|[165]|Map<Id,Opportunity>.values()
15:53:52.0 (194630448)|HEAP_ALLOCATE|[EXTERNAL]|Bytes:4
15:53:52.0 (194636143)|HEAP_ALLOCATE|[165]|Bytes:4
15:53:52.0 (194644695)|SYSTEM_METHOD_EXIT|[165]|Map<Id,Opportunity>.values()
15:53:52.0 (194686735)|SYSTEM_METHOD_ENTRY|[165]|List<Opportunity>.size()
15:53:52.0 (194693577)|SYSTEM_METHOD_EXIT|[165]|List<Opportunity>.size()
15:53:52.0 (194698971)|STATEMENT_EXECUTE|[165]
15:53:52.0 (194712153)|METHOD_EXIT|[45]|01pO00000003IBZ|gateTriggerHandler.findNextApprover(Set<Id>)
15:53:52.0 (194720069)|METHOD_EXIT|[24]|01pO00000003IBZ|gateTriggerHandler.findGatesSetToInProgress()
15:53:52.0 (194724567)|SYSTEM_MODE_EXIT|false
15:53:52.0 (194731813)|METHOD_EXIT|[47]|01pO00000003IBZ|gateTriggerHandler.afterUpdate()
15:53:52.0 (194736944)|METHOD_EXIT|[2]|01pO00000003AAn|TriggerHandler.run()
15:53:52.194 (194750051)|CUMULATIVE_LIMIT_USAGE
15:53:52.194 (194750051)|LIMIT_USAGE_FOR_NS|(default)|
  Number of SOQL queries: 1 out of 100
  Number of query rows: 4 out of 50000
  Number of SOSL queries: 0 out of 20
  Number of DML statements: 1 out of 150
  Number of DML rows: 1 out of 10000
  Maximum CPU time: 0 out of 10000
  Maximum heap size: 0 out of 6000000
  Number of callouts: 0 out of 100
  Number of Email Invocations: 0 out of 10
  Number of future calls: 0 out of 50
  Number of queueable jobs added to the queue: 0 out of 50
  Number of Mobile Apex push calls: 0 out of 10

15:53:52.194 (194750051)|TOTAL_EMAIL_RECIPIENTS_QUEUED|0
15:53:52.194 (194750051)|STATIC_VARIABLE_LIST|
  String:_sfdcAdditionalCodeLocations:0
  String:_sfdcAdditionalCodeLocations:0
  long:serialVersionUID:0
  String:_sfdcAdditionalCodeLocations:0
  double:MAX_VALUE:0
  long:serialVersionUID:0
  int:SIZE:0
  TriggerHandler.TriggerContext:BEFORE_INSERT:0
  int:MAX_VALUE:0
  TriggerHandler.TriggerContext:AFTER_UNDELETE:0
  String:_sfdcSuppressedCodeLocations:0
  int:MIN_VALUE:0
  char[]:DigitOnes:0
  String:_sfdcSuppressedCodeLocations:0
  int:MIN_EXPONENT:0
  String:_sfdcSuppressedCodeLocations:0
  int:MAX_EXPONENT:0
  int:BYTES:0
  char[]:DigitTens:0
  long:serialVersionUID:0
  String:_sfdcAdditionalCodeLocations:0
  Boolean:FALSE:0
  double:MIN_VALUE:0
  double:NEGATIVE_INFINITY:0
  char[]:digits:0
  double:NaN:0
  Boolean:TRUE:0
  TriggerHandler.TriggerContext:AFTER_INSERT:0
  TriggerHandler.TriggerContext:AFTER_DELETE:0
  TriggerHandler.TriggerContext:AFTER_UPDATE:0
  String:__sfdcInnerTypes:0
  int:BYTES:0
  Map<String,TriggerHandler.LoopCount>:_static_loopCountMap:0
  Set<String>:_static_bypassedHandlers:0
  int[]:sizeTable:0
  TriggerHandler.TriggerContext:BEFORE_DELETE:0
  String:_sfdcAdditionalCodeLocations:0
  TriggerHandler.TriggerContext:BEFORE_UPDATE:0
  int:SIZE:0
  double:POSITIVE_INFINITY:0
  double:MIN_NORMAL:0

15:53:52.194 (194750051)|CUMULATIVE_LIMIT_USAGE_END

15:53:52.0 (197050954)|CODE_UNIT_FINISHED|gateTrigger on Gate trigger event AfterUpdate for [a0nO0000003xOgg]
15:53:52.0 (197974778)|CODE_UNIT_STARTED|[EXTERNAL]|Workflow:01IO0000000DldG
15:53:52.0 (213761932)|WF_RULE_EVAL_BEGIN|Workflow
15:53:52.0 (213793564)|WF_CRITERIA_BEGIN|[Gate: RL Test Opp 2017-03-28 15:46:37 Gate 3 a0nO0000003xOgg]|Outbound Message - Gate|01QO00000009PH9|ON_ALL_CHANGES|0
15:53:52.0 (216880245)|WF_RULE_FILTER|[Gate : Created Date not equal to ]
15:53:52.0 (216901723)|WF_RULE_EVAL_VALUE|2017-03-28 04:46:57
15:53:52.0 (216906698)|WF_CRITERIA_END|true
15:53:52.0 (217337858)|WF_SPOOL_ACTION_BEGIN|Workflow
15:53:52.0 (217363479)|WF_RULE_INVOCATION|[Gate: RL Test Opp 2017-03-28 15:46:37 Gate 3 a0nO0000003xOgg]
15:53:52.0 (217372316)|WF_OUTBOUND_MSG|[Gate: RL Test Opp 2017-03-28 15:46:37 Gate 3 a0nO0000003xOgg]|Id=04kO00000004DC3|CurrentRule:Outbound Message - Gate (Id=01QO00000009PH9)
15:53:52.0 (217387437)|WF_ACTION| Outbound Message: 1;
15:53:52.0 (217389799)|WF_RULE_EVAL_END
15:53:52.0 (219339932)|WF_ACTIONS_END| Outbound Message: 1;
15:53:52.0 (219349558)|CODE_UNIT_FINISHED|Workflow:01IO0000000DldG
15:53:52.0 (232813191)|CODE_UNIT_FINISHED|TRIGGERS
15:53:52.0 (232824205)|EXECUTION_FINISHED
15:53:52.236 (236575206)|CUMULATIVE_PROFILING_BEGIN
15:53:52.236 (236575206)|CUMULATIVE_PROFILING|SOQL operations|
Class.GateService.getGateAndApprovers: line 36, column 1: [SELECT ID,Status__c,Gate_Type__c,opportunity__c,opportunity__r.CRA_Gate_Status__c, opportunity__r.TSF_Gate_Status__c, opportunity__r.Gate_Status__c,opportunity__r.Prospect_Status__c,   
                   (SELECT Approval_Level__c,Approval_Status__c,Approver__c,Current_Approver__c,Gate__c,Id,Wet_Signature_Received__c
                    FROM Assigned_Approvers__r 
                    ORDER BY Approval_Level__c ASC) 
                FROM Gate__c 
                WHERE ID IN: gateIds AND status__c = 'In Progress']: executed 1 time in 18 ms

15:53:52.236 (236575206)|CUMULATIVE_PROFILING|No profiling information for SOSL operations
15:53:52.236 (236575206)|CUMULATIVE_PROFILING|DML operations|
Class.gateTriggerHandler.findNextApprover: line 160, column 1: Update: List<Assigned_Approver__c>: executed 1 time in 97 ms

15:53:52.236 (236575206)|CUMULATIVE_PROFILING|method invocations|
Trigger.gateTrigger: line 2, column 1: public gateTriggerHandler(): executed 4 times in 133 ms
External entry point: public void invoke(): executed 1 time in 131 ms
Class.TriggerHandler.run: line 47, column 1: public void afterUpdate(): executed 2 times in 129 ms
Class.gateTriggerHandler.afterUpdate: line 24, column 1: private static void findGatesSetToInProgress(): executed 1 time in 128 ms
Class.gateTriggerHandler.findGatesSetToInProgress: line 45, column 1: public static void findNextApprover(Set<Id>): executed 1 time in 127 ms
Class.gateTriggerHandler.findNextApprover: line 65, column 1: public static List<Gate__c> getGateAndApprovers(Set<Id>): executed 4 times in 18 ms
Trigger.AssignedApproverTrigger: line 3, column 1: public Assigned_Approver_TriggerHandler(): executed 4 times in 5 ms
Class.TriggerHandler.run: line 41, column 1: protected void beforeUpdate(): executed 2 times in 2 ms
External entry point: public void invoke(): executed 1 time in 2 ms
Class.Assigned_Approver_TriggerHandler.beforeUpdate: line 18, column 1: private static void findCurrentApproversThatHaveApproved(): executed 1 time in 2 ms
Class.TriggerHandler.run: line 33, column 1: private Boolean validateRun(): executed 4 times in 1 ms

15:53:52.236 (236575206)|CUMULATIVE_PROFILING_END
