34.0 APEX_CODE,FINEST;APEX_PROFILING,FINEST;CALLOUT,NONE;DB,FINEST;SYSTEM,FINE;VALIDATION,INFO;VISUALFORCE,INFO;WAVE,INFO;WORKFLOW,FINER
16:11:03.0 (329049)|USER_INFO|[EXTERNAL]|00528000006B07F|dev@systempartners.com.prod.pcphase2|Australian Eastern Standard Time|GMT+11:00
16:11:03.0 (364277)|EXECUTION_STARTED
16:11:03.0 (369022)|CODE_UNIT_STARTED|[EXTERNAL]|TRIGGERS
16:11:03.0 (1963986)|CODE_UNIT_STARTED|[EXTERNAL]|01qO00000000Ue8|AssignedApproverTrigger on Assigned_Approver trigger event BeforeUpdate for [a0oO0000002tAEq]
16:11:03.0 (2011710)|HEAP_ALLOCATE|[EXTERNAL]|Bytes:8
16:11:03.0 (2045464)|HEAP_ALLOCATE|[EXTERNAL]|Bytes:8
16:11:03.0 (2476288)|HEAP_ALLOCATE|[72]|Bytes:3
16:11:03.0 (2506537)|HEAP_ALLOCATE|[77]|Bytes:152
16:11:03.0 (2523333)|HEAP_ALLOCATE|[342]|Bytes:408
16:11:03.0 (2544600)|HEAP_ALLOCATE|[355]|Bytes:408
16:11:03.0 (2562667)|HEAP_ALLOCATE|[467]|Bytes:48
16:11:03.0 (2593404)|HEAP_ALLOCATE|[139]|Bytes:6
16:11:03.0 (2610085)|HEAP_ALLOCATE|[EXTERNAL]|Bytes:1
16:11:03.0 (2623299)|HEAP_ALLOCATE|[EXTERNAL]|Bytes:4
16:11:03.0 (2630877)|VARIABLE_SCOPE_BEGIN|[1]|this|AssignedApproverTrigger|true|false
16:11:03.0 (2672809)|VARIABLE_ASSIGNMENT|[1]|this|{}|0x4f13f33e
16:11:03.0 (2716834)|HEAP_ALLOCATE|[EXTERNAL]|Bytes:4
16:11:03.0 (2723398)|VARIABLE_SCOPE_BEGIN|[1]|this|AssignedApproverTrigger|true|false
16:11:03.0 (2734910)|VARIABLE_ASSIGNMENT|[1]|this|{}|0x4f13f33e
16:11:03.0 (2740452)|STATEMENT_EXECUTE|[1]
16:11:03.0 (2743083)|STATEMENT_EXECUTE|[2]
16:11:03.0 (2915078)|HEAP_ALLOCATE|[2]|Bytes:36
16:11:03.0 (2932545)|HEAP_ALLOCATE|[50]|Bytes:5
16:11:03.0 (2947009)|HEAP_ALLOCATE|[56]|Bytes:5
16:11:03.0 (2955128)|HEAP_ALLOCATE|[64]|Bytes:7
16:11:03.0 (2987134)|SYSTEM_METHOD_ENTRY|[2]|System.debug(APEX_OBJECT, ANY)
16:11:03.0 (3015345)|USER_DEBUG|[2]|ERROR|*** Assigned Approver Trigger Firing
16:11:03.0 (3023720)|SYSTEM_METHOD_EXIT|[2]|System.debug(APEX_OBJECT, ANY)
16:11:03.0 (3027827)|STATEMENT_EXECUTE|[3]
16:11:03.0 (5223397)|VARIABLE_SCOPE_BEGIN|[14]|Assigned_Approver_TriggerHandler.recursionAfter|Boolean|false|true
16:11:03.0 (5230514)|VARIABLE_SCOPE_BEGIN|[13]|Assigned_Approver_TriggerHandler.recursionBefore|Boolean|false|true
16:11:03.0 (7869355)|VARIABLE_SCOPE_BEGIN|[5]|TriggerHandler.bypassedHandlers|Set<String>|true|true
16:11:03.0 (8088383)|VARIABLE_SCOPE_BEGIN|[4]|TriggerHandler.loopCountMap|Map<String,TriggerHandler.LoopCount>|true|true
16:11:03.0 (8123180)|HEAP_ALLOCATE|[3]|Bytes:11
16:11:03.0 (8130471)|HEAP_ALLOCATE|[3]|Bytes:20
16:11:03.0 (8143871)|METHOD_ENTRY|[12]|01pO00000003Sem|Assigned_Approver_TriggerHandler.Assigned_Approver_TriggerHandler()
16:11:03.0 (8147230)|STATEMENT_EXECUTE|[12]
16:11:03.0 (8150641)|STATEMENT_EXECUTE|[12]
16:11:03.0 (8164893)|HEAP_ALLOCATE|[13]|Bytes:5
16:11:03.0 (8169070)|STATEMENT_EXECUTE|[13]
16:11:03.0 (8174729)|HEAP_ALLOCATE|[13]|Bytes:5
16:11:03.0 (8186409)|VARIABLE_ASSIGNMENT|[13]|Assigned_Approver_TriggerHandler.recursionBefore|false
16:11:03.0 (8188703)|STATEMENT_EXECUTE|[14]
16:11:03.0 (8192145)|HEAP_ALLOCATE|[14]|Bytes:5
16:11:03.0 (8197037)|VARIABLE_ASSIGNMENT|[14]|Assigned_Approver_TriggerHandler.recursionAfter|false
16:11:03.0 (8206503)|METHOD_EXIT|[12]|Assigned_Approver_TriggerHandler
16:11:03.0 (8396661)|HEAP_ALLOCATE|[3]|Bytes:12
16:11:03.0 (8412072)|CONSTRUCTOR_ENTRY|[3]|01pO00000003Sem|<init>()
16:11:03.0 (8436509)|VARIABLE_SCOPE_BEGIN|[16]|this|Assigned_Approver_TriggerHandler|true|false
16:11:03.0 (8465778)|VARIABLE_ASSIGNMENT|[16]|this|{}|0x2acee8f6
16:11:03.0 (8475640)|HEAP_ALLOCATE|[16]|Bytes:5
16:11:03.0 (8479376)|STATEMENT_EXECUTE|[12]
16:11:03.0 (8482007)|HEAP_ALLOCATE|[16]|Bytes:5
16:11:03.0 (8491502)|HEAP_ALLOCATE|[16]|Bytes:48
16:11:03.0 (8495962)|HEAP_ALLOCATE|[16]|Bytes:69
16:11:03.0 (8511847)|METHOD_ENTRY|[1]|01pO00000003AAn|TriggerHandler.TriggerHandler()
16:11:03.0 (8514726)|STATEMENT_EXECUTE|[1]
16:11:03.0 (8517316)|STATEMENT_EXECUTE|[1]
16:11:03.0 (8518642)|STATEMENT_EXECUTE|[16]
16:11:03.0 (8519680)|STATEMENT_EXECUTE|[17]
16:11:03.0 (8525521)|HEAP_ALLOCATE|[17]|Bytes:4
16:11:03.0 (8593048)|VARIABLE_ASSIGNMENT|[17]|TriggerHandler.loopCountMap|{}|0x315158a9
16:11:03.0 (8598977)|STATEMENT_EXECUTE|[18]
16:11:03.0 (8607117)|HEAP_ALLOCATE|[18]|Bytes:4
16:11:03.0 (8630956)|SYSTEM_CONSTRUCTOR_ENTRY|[18]|<init>(Integer)
16:11:03.0 (8661663)|SYSTEM_CONSTRUCTOR_EXIT|[18]|<init>(Integer)
16:11:03.0 (8697024)|VARIABLE_ASSIGNMENT|[18]|TriggerHandler.bypassedHandlers|[]|0x2fc28cc5
16:11:03.0 (8700968)|STATEMENT_EXECUTE|[187]
16:11:03.0 (8702203)|STATEMENT_EXECUTE|[236]
16:11:03.0 (8707805)|METHOD_EXIT|[1]|TriggerHandler
16:11:03.0 (8714306)|CONSTRUCTOR_ENTRY|[16]|01pO00000003AAn|<init>()
16:11:03.0 (8821537)|VARIABLE_SCOPE_BEGIN|[22]|this|TriggerHandler|true|false
16:11:03.0 (8841021)|VARIABLE_ASSIGNMENT|[22]|this|{}|0x2acee8f6
16:11:03.0 (8845401)|STATEMENT_EXECUTE|[1]
16:11:03.0 (8846726)|STATEMENT_EXECUTE|[9]
16:11:03.0 (8847812)|STATEMENT_EXECUTE|[13]
16:11:03.0 (8855183)|HEAP_ALLOCATE|[23]|Bytes:6
16:11:03.0 (8876978)|STATEMENT_EXECUTE|[22]
16:11:03.0 (8879014)|STATEMENT_EXECUTE|[23]
16:11:03.0 (8902350)|METHOD_ENTRY|[23]|01pO00000003AAn|TriggerHandler.setTriggerContext()
16:11:03.0 (8924727)|VARIABLE_SCOPE_BEGIN|[94]|this|TriggerHandler|true|false
16:11:03.0 (8941623)|VARIABLE_ASSIGNMENT|[94]|this|{}|0x2acee8f6
16:11:03.0 (8947643)|STATEMENT_EXECUTE|[94]
16:11:03.0 (8949003)|STATEMENT_EXECUTE|[95]
16:11:03.0 (8964649)|METHOD_ENTRY|[95]|01pO00000003AAn|TriggerHandler.setTriggerContext(String, Boolean)
16:11:03.0 (8982340)|VARIABLE_SCOPE_BEGIN|[99]|this|TriggerHandler|true|false
16:11:03.0 (8997365)|VARIABLE_ASSIGNMENT|[99]|this|{}|0x2acee8f6
16:11:03.0 (9000690)|VARIABLE_SCOPE_BEGIN|[99]|ctx|String|false|false
16:11:03.0 (9004969)|VARIABLE_ASSIGNMENT|[99]|ctx|null
16:11:03.0 (9010031)|VARIABLE_SCOPE_BEGIN|[99]|testMode|Boolean|false|false
16:11:03.0 (9013101)|VARIABLE_ASSIGNMENT|[99]|testMode|false
16:11:03.0 (9017176)|STATEMENT_EXECUTE|[99]
16:11:03.0 (9033530)|STATEMENT_EXECUTE|[103]
16:11:03.0 (9035179)|STATEMENT_EXECUTE|[104]
16:11:03.0 (9040079)|HEAP_ALLOCATE|[104]|Bytes:5
16:11:03.0 (9063395)|STATEMENT_EXECUTE|[111]
16:11:03.0 (9065089)|STATEMENT_EXECUTE|[112]
16:11:03.0 (9087168)|HEAP_ALLOCATE|[112]|Bytes:12
16:11:03.0 (9092394)|HEAP_ALLOCATE|[112]|Bytes:13
16:11:03.0 (9146699)|HEAP_ALLOCATE|[112]|Bytes:12
16:11:03.0 (9151562)|HEAP_ALLOCATE|[112]|Bytes:13
16:11:03.0 (9164623)|HEAP_ALLOCATE|[112]|Bytes:12
16:11:03.0 (9167733)|HEAP_ALLOCATE|[112]|Bytes:13
16:11:03.0 (9179422)|HEAP_ALLOCATE|[112]|Bytes:12
16:11:03.0 (9184624)|HEAP_ALLOCATE|[112]|Bytes:12
16:11:03.0 (9197283)|HEAP_ALLOCATE|[112]|Bytes:12
16:11:03.0 (9200632)|HEAP_ALLOCATE|[112]|Bytes:12
16:11:03.0 (9210635)|HEAP_ALLOCATE|[112]|Bytes:12
16:11:03.0 (9213615)|HEAP_ALLOCATE|[112]|Bytes:12
16:11:03.0 (9223669)|HEAP_ALLOCATE|[112]|Bytes:12
16:11:03.0 (9226643)|HEAP_ALLOCATE|[112]|Bytes:14
16:11:03.0 (9251216)|METHOD_EXIT|[95]|01pO00000003AAn|TriggerHandler.setTriggerContext(String, Boolean)
16:11:03.0 (9257183)|METHOD_EXIT|[23]|01pO00000003AAn|TriggerHandler.setTriggerContext()
16:11:03.0 (9261792)|CONSTRUCTOR_EXIT|[16]|01pO00000003AAn|<init>()
16:11:03.0 (9264786)|STATEMENT_EXECUTE|[16]
16:11:03.0 (9270604)|CONSTRUCTOR_EXIT|[3]|01pO00000003Sem|<init>()
16:11:03.0 (9279053)|METHOD_ENTRY|[3]|01pO00000003AAn|TriggerHandler.run()
16:11:03.0 (9284253)|VARIABLE_SCOPE_BEGIN|[31]|this|TriggerHandler|true|false
16:11:03.0 (9309599)|VARIABLE_ASSIGNMENT|[31]|this|{"context":"0x573fe65c","isTriggerExecuting":true}|0x2acee8f6
16:11:03.0 (9314589)|STATEMENT_EXECUTE|[31]
16:11:03.0 (9322933)|METHOD_ENTRY|[33]|01pO00000003AAn|TriggerHandler.validateRun()
16:11:03.0 (9338045)|VARIABLE_SCOPE_BEGIN|[146]|this|TriggerHandler|true|false
16:11:03.0 (9355222)|VARIABLE_ASSIGNMENT|[146]|this|{"context":"0x573fe65c","isTriggerExecuting":true}|0x2acee8f6
16:11:03.0 (9359805)|STATEMENT_EXECUTE|[146]
16:11:03.0 (9366100)|STATEMENT_EXECUTE|[147]
16:11:03.0 (9375521)|METHOD_ENTRY|[150]|01pO00000003AAn|TriggerHandler.getHandlerName()
16:11:03.0 (9391015)|VARIABLE_SCOPE_BEGIN|[157]|this|TriggerHandler|true|false
16:11:03.0 (9407482)|VARIABLE_ASSIGNMENT|[157]|this|{"context":"0x573fe65c","isTriggerExecuting":true}|0x2acee8f6
16:11:03.0 (9411861)|STATEMENT_EXECUTE|[157]
16:11:03.0 (9413146)|STATEMENT_EXECUTE|[158]
16:11:03.0 (9448358)|SYSTEM_METHOD_ENTRY|[158]|String.valueOf(Object)
16:11:03.0 (9511602)|HEAP_ALLOCATE|[158]|Bytes:224
16:11:03.0 (9531503)|SYSTEM_METHOD_EXIT|[158]|String.valueOf(Object)
16:11:03.0 (9549133)|SYSTEM_METHOD_ENTRY|[158]|String.valueOf(Object)
16:11:03.0 (9591589)|HEAP_ALLOCATE|[158]|Bytes:224
16:11:03.0 (9616862)|SYSTEM_METHOD_EXIT|[158]|String.valueOf(Object)
16:11:03.0 (9625421)|HEAP_ALLOCATE|[158]|Bytes:1
16:11:03.0 (9652522)|SYSTEM_METHOD_ENTRY|[158]|String.indexOf(String)
16:11:03.0 (9664670)|SYSTEM_METHOD_EXIT|[158]|String.indexOf(String)
16:11:03.0 (9679388)|SYSTEM_METHOD_ENTRY|[158]|String.substring(Integer, Integer)
16:11:03.0 (9685668)|HEAP_ALLOCATE|[158]|Bytes:32
16:11:03.0 (9695530)|SYSTEM_METHOD_EXIT|[158]|String.substring(Integer, Integer)
16:11:03.0 (9701278)|METHOD_EXIT|[150]|01pO00000003AAn|TriggerHandler.getHandlerName()
16:11:03.0 (9716125)|SYSTEM_METHOD_ENTRY|[150]|Set<String>.contains(Object)
16:11:03.0 (9727618)|SYSTEM_METHOD_EXIT|[150]|Set<String>.contains(Object)
16:11:03.0 (9732294)|STATEMENT_EXECUTE|[150]
16:11:03.0 (9733920)|STATEMENT_EXECUTE|[153]
16:11:03.0 (9737946)|METHOD_EXIT|[33]|01pO00000003AAn|TriggerHandler.validateRun()
16:11:03.0 (9740824)|STATEMENT_EXECUTE|[33]
16:11:03.0 (9742108)|STATEMENT_EXECUTE|[35]
16:11:03.0 (9749575)|METHOD_ENTRY|[35]|01pO00000003AAn|TriggerHandler.addToLoopCount()
16:11:03.0 (9767265)|VARIABLE_SCOPE_BEGIN|[133]|this|TriggerHandler|true|false
16:11:03.0 (9790499)|VARIABLE_ASSIGNMENT|[133]|this|{"context":"0x573fe65c","isTriggerExecuting":true}|0x2acee8f6
16:11:03.0 (9795890)|STATEMENT_EXECUTE|[133]
16:11:03.0 (9797190)|STATEMENT_EXECUTE|[134]
16:11:03.0 (9804809)|METHOD_ENTRY|[134]|01pO00000003AAn|TriggerHandler.getHandlerName()
16:11:03.0 (9815917)|VARIABLE_SCOPE_BEGIN|[157]|this|TriggerHandler|true|false
16:11:03.0 (9833028)|VARIABLE_ASSIGNMENT|[157]|this|{"context":"0x573fe65c","isTriggerExecuting":true}|0x2acee8f6
16:11:03.0 (9837126)|STATEMENT_EXECUTE|[157]
16:11:03.0 (9838337)|STATEMENT_EXECUTE|[158]
16:11:03.0 (9854298)|SYSTEM_METHOD_ENTRY|[158]|String.valueOf(Object)
16:11:03.0 (9888098)|HEAP_ALLOCATE|[158]|Bytes:224
16:11:03.0 (9902609)|SYSTEM_METHOD_EXIT|[158]|String.valueOf(Object)
16:11:03.0 (9917473)|SYSTEM_METHOD_ENTRY|[158]|String.valueOf(Object)
16:11:03.0 (9945640)|HEAP_ALLOCATE|[158]|Bytes:224
16:11:03.0 (9959280)|SYSTEM_METHOD_EXIT|[158]|String.valueOf(Object)
16:11:03.0 (9969761)|SYSTEM_METHOD_ENTRY|[158]|String.indexOf(String)
16:11:03.0 (9977956)|SYSTEM_METHOD_EXIT|[158]|String.indexOf(String)
16:11:03.0 (9987154)|SYSTEM_METHOD_ENTRY|[158]|String.substring(Integer, Integer)
16:11:03.0 (9991219)|HEAP_ALLOCATE|[158]|Bytes:32
16:11:03.0 (9999345)|SYSTEM_METHOD_EXIT|[158]|String.substring(Integer, Integer)
16:11:03.0 (10004528)|METHOD_EXIT|[134]|01pO00000003AAn|TriggerHandler.getHandlerName()
16:11:03.0 (10008963)|VARIABLE_SCOPE_BEGIN|[134]|handlerName|String|false|false
16:11:03.0 (10018238)|VARIABLE_ASSIGNMENT|[134]|handlerName|"Assigned_Approver_Tr (12 more) ..."
16:11:03.0 (10038400)|SYSTEM_METHOD_ENTRY|[135]|Map<String,TriggerHandler.LoopCount>.containsKey(Object)
16:11:03.0 (10062369)|SYSTEM_METHOD_EXIT|[135]|Map<String,TriggerHandler.LoopCount>.containsKey(Object)
16:11:03.0 (10068087)|STATEMENT_EXECUTE|[135]
16:11:03.0 (10072335)|METHOD_EXIT|[35]|01pO00000003AAn|TriggerHandler.addToLoopCount()
16:11:03.0 (10109736)|SYSTEM_METHOD_ENTRY|[38]|com.salesforce.api.fast.System.compareObjects(Object, Object)
16:11:03.0 (10180989)|SYSTEM_METHOD_EXIT|[38]|com.salesforce.api.fast.System.compareObjects(Object, Object)
16:11:03.0 (10201089)|SYSTEM_METHOD_ENTRY|[40]|com.salesforce.api.fast.System.compareObjects(Object, Object)
16:11:03.0 (10227855)|SYSTEM_METHOD_EXIT|[40]|com.salesforce.api.fast.System.compareObjects(Object, Object)
16:11:03.0 (10232559)|STATEMENT_EXECUTE|[40]
16:11:03.0 (10234071)|STATEMENT_EXECUTE|[41]
16:11:03.0 (10249423)|METHOD_ENTRY|[41]|01pO00000003Sem|Assigned_Approver_TriggerHandler.beforeUpdate()
16:11:03.0 (10267246)|VARIABLE_SCOPE_BEGIN|[20]|this|Assigned_Approver_TriggerHandler|true|false
16:11:03.0 (10287859)|VARIABLE_ASSIGNMENT|[20]|this|{"context":"0x573fe65c","isTriggerExecuting":true}|0x2acee8f6
16:11:03.0 (10297727)|HEAP_ALLOCATE|[21]|Bytes:5
16:11:03.0 (10301549)|STATEMENT_EXECUTE|[20]
16:11:03.0 (10306283)|STATEMENT_EXECUTE|[21]
16:11:03.0 (10307526)|STATEMENT_EXECUTE|[22]
16:11:03.0 (10316388)|METHOD_ENTRY|[22]|01pO00000003Sem|Assigned_Approver_TriggerHandler.findCurrentApproversThatHaveApproved()
16:11:03.0 (10362580)|HEAP_ALLOCATE|[40]|Bytes:5
16:11:03.0 (10368844)|STATEMENT_EXECUTE|[39]
16:11:03.0 (10370752)|STATEMENT_EXECUTE|[40]
16:11:03.0 (10378131)|HEAP_ALLOCATE|[40]|Bytes:20
16:11:03.0 (10493559)|SYSTEM_METHOD_ENTRY|[40]|String.valueOf(Object)
16:11:03.0 (10930811)|HEAP_ALLOCATE|[40]|Bytes:736
16:11:03.0 (10950302)|SYSTEM_METHOD_EXIT|[40]|String.valueOf(Object)
16:11:03.0 (10963170)|HEAP_ALLOCATE|[40]|Bytes:756
16:11:03.0 (10975712)|SYSTEM_METHOD_ENTRY|[40]|System.debug(APEX_OBJECT, ANY)
16:11:03.0 (10985660)|USER_DEBUG|[40]|ERROR|*** Find approvers: (Assigned_Approver__c:{Id=a0oO0000002tAEqIAM, OwnerId=00528000006B07FAAS, IsDeleted=false, Name=Approver-000000001, CreatedDate=2017-03-09 23:16:38, CreatedById=00528000006B07FAAS, LastModifiedDate=2017-03-27 03:53:43, LastModifiedById=00528000006B07FAAS, SystemModstamp=2017-03-29 01:02:47, LastViewedDate=null, LastReferencedDate=null, Approver__c=00528000004d3msAAA, Gate__c=a0nO0000003wxcXIAQ, Approval_Level__c=1, Approval_Status__c=Conditionally Approved, Approval_Comments__c=Comments, No_of_Approval_Conditions__c=1, Current_Approver__c=false, Approver_Role__c=null, Wet_Signature_Received__c=false, Wet_Signature_Date__c=null, Decision_Date__c=2017-03-27 00:00:00, Prospect__c=null, Approval_Conditions__c=Approval Conditions})
16:11:03.0 (10995464)|SYSTEM_METHOD_EXIT|[40]|System.debug(APEX_OBJECT, ANY)
16:11:03.0 (10998584)|STATEMENT_EXECUTE|[42]
16:11:03.0 (11005948)|HEAP_ALLOCATE|[42]|Bytes:4
16:11:03.0 (11019494)|SYSTEM_CONSTRUCTOR_ENTRY|[42]|<init>(Integer)
16:11:03.0 (11035359)|SYSTEM_CONSTRUCTOR_EXIT|[42]|<init>(Integer)
16:11:03.0 (11039222)|VARIABLE_SCOPE_BEGIN|[42]|gatesToFindNextApprover|Set<Id>|true|false
16:11:03.0 (11059461)|VARIABLE_ASSIGNMENT|[42]|gatesToFindNextApprover|[]|0x6391cd91
16:11:03.0 (11105063)|SYSTEM_METHOD_ENTRY|[43]|List<Assigned_Approver__c>.iterator()
16:11:03.0 (11229208)|SYSTEM_METHOD_EXIT|[43]|List<Assigned_Approver__c>.iterator()
16:11:03.0 (11254493)|SYSTEM_METHOD_ENTRY|[43]|system.ListIterator.hasNext()
16:11:03.0 (11264468)|HEAP_ALLOCATE|[43]|Bytes:5
16:11:03.0 (11270658)|SYSTEM_METHOD_EXIT|[43]|system.ListIterator.hasNext()
16:11:03.0 (11288890)|HEAP_ALLOCATE|[43]|Bytes:4
16:11:03.0 (11297298)|VARIABLE_SCOPE_BEGIN|[43]|AA|Assigned_Approver__c|true|false
16:11:03.0 (11495103)|VARIABLE_ASSIGNMENT|[43]|AA|{"Approval_Level__c":"1","LastModifiedDate":"2017-03-27T03:53:43.000Z","Approval_Comments__c":"Comments","IsDeleted":false,"Approver__c":"00528000004d3msAAA","Wet_Signature_Receiv (5 more) ...":false,"Gate__c":"a0nO0000003wxcXIAQ","Decision_Date__c":"2017-03-27T00:00:00.000Z","Name":"Approver-000000001","SystemModstamp":"2017-03-29T01:02:47.000Z","OwnerId":"00528000006B07FAAS","CreatedById":"00528000006B07FAAS","Approval_Conditions_ (2 more) ...":"Approval Conditions","No_of_Approval_Condi (8 more) ...":1,"CreatedDate":"2017-03-09T23:16:38.000Z","Id":"a0oO0000002tAEqIAM","Current_Approver__c":false,"LastModifiedById":"00528000006B07FAAS","Approval_Status__c":"Conditionally Approv (2 more) ..."}|0x6149427
16:11:03.0 (11507169)|STATEMENT_EXECUTE|[43]
16:11:03.0 (11509852)|STATEMENT_EXECUTE|[44]
16:11:03.0 (11609693)|SYSTEM_METHOD_ENTRY|[44]|Map<Id,Assigned_Approver__c>.get(Object)
16:11:03.0 (11638960)|SYSTEM_METHOD_EXIT|[44]|Map<Id,Assigned_Approver__c>.get(Object)
16:11:03.0 (11648378)|VARIABLE_SCOPE_BEGIN|[44]|oldApprover|Assigned_Approver__c|true|false
16:11:03.0 (11849728)|VARIABLE_ASSIGNMENT|[44]|oldApprover|{"Approval_Level__c":"1","LastModifiedDate":"2017-03-27T03:53:43.000Z","Approval_Comments__c":"Comments","IsDeleted":false,"Approver__c":"00528000004d3msAAA","Wet_Signature_Receiv (5 more) ...":false,"Gate__c":"a0nO0000003wxcXIAQ","Decision_Date__c":"2017-03-27T00:00:00.000Z","Name":"Approver-000000001","SystemModstamp":"2017-03-29T01:02:47.000Z","OwnerId":"00528000006B07FAAS","CreatedById":"00528000006B07FAAS","Approval_Conditions_ (2 more) ...":"Conditions","No_of_Approval_Condi (8 more) ...":1,"CreatedDate":"2017-03-09T23:16:38.000Z","Id":"a0oO0000002tAEqIAM","Current_Approver__c":false,"LastModifiedById":"00528000006B07FAAS","Approval_Status__c":"Conditionally Approv (2 more) ..."}|0x333f3a23
16:11:03.0 (11858107)|STATEMENT_EXECUTE|[45]
16:11:03.0 (11865032)|HEAP_ALLOCATE|[45]|Bytes:36
16:11:03.0 (11886152)|SYSTEM_METHOD_ENTRY|[45]|String.valueOf(Object)
16:11:03.0 (12081680)|HEAP_ALLOCATE|[45]|Bytes:734
16:11:03.0 (12100977)|SYSTEM_METHOD_EXIT|[45]|String.valueOf(Object)
16:11:03.0 (12109786)|HEAP_ALLOCATE|[45]|Bytes:770
16:11:03.0 (12120871)|SYSTEM_METHOD_ENTRY|[45]|System.debug(APEX_OBJECT, ANY)
16:11:03.0 (12129357)|USER_DEBUG|[45]|ERROR|*** Approvers before Wet Signature: Assigned_Approver__c:{Id=a0oO0000002tAEqIAM, OwnerId=00528000006B07FAAS, IsDeleted=false, Name=Approver-000000001, CreatedDate=2017-03-09 23:16:38, CreatedById=00528000006B07FAAS, LastModifiedDate=2017-03-27 03:53:43, LastModifiedById=00528000006B07FAAS, SystemModstamp=2017-03-29 01:02:47, LastViewedDate=null, LastReferencedDate=null, Approver__c=00528000004d3msAAA, Gate__c=a0nO0000003wxcXIAQ, Approval_Level__c=1, Approval_Status__c=Conditionally Approved, Approval_Comments__c=Comments, No_of_Approval_Conditions__c=1, Current_Approver__c=false, Approver_Role__c=null, Wet_Signature_Received__c=false, Wet_Signature_Date__c=null, Decision_Date__c=2017-03-27 00:00:00, Prospect__c=null, Approval_Conditions__c=Approval Conditions}
16:11:03.0 (12139565)|SYSTEM_METHOD_EXIT|[45]|System.debug(APEX_OBJECT, ANY)
16:11:03.0 (12168229)|STATEMENT_EXECUTE|[48]
16:11:03.0 (12170668)|STATEMENT_EXECUTE|[51]
16:11:03.0 (12176286)|HEAP_ALLOCATE|[51]|Bytes:35
16:11:03.0 (12195433)|SYSTEM_METHOD_ENTRY|[51]|String.valueOf(Object)
16:11:03.0 (12436319)|HEAP_ALLOCATE|[51]|Bytes:734
16:11:03.0 (12455531)|SYSTEM_METHOD_EXIT|[51]|String.valueOf(Object)
16:11:03.0 (12464266)|HEAP_ALLOCATE|[51]|Bytes:769
16:11:03.0 (12475292)|SYSTEM_METHOD_ENTRY|[51]|System.debug(APEX_OBJECT, ANY)
16:11:03.0 (12483806)|USER_DEBUG|[51]|ERROR|*** Approvers after Wet Signature: Assigned_Approver__c:{Id=a0oO0000002tAEqIAM, OwnerId=00528000006B07FAAS, IsDeleted=false, Name=Approver-000000001, CreatedDate=2017-03-09 23:16:38, CreatedById=00528000006B07FAAS, LastModifiedDate=2017-03-27 03:53:43, LastModifiedById=00528000006B07FAAS, SystemModstamp=2017-03-29 01:02:47, LastViewedDate=null, LastReferencedDate=null, Approver__c=00528000004d3msAAA, Gate__c=a0nO0000003wxcXIAQ, Approval_Level__c=1, Approval_Status__c=Conditionally Approved, Approval_Comments__c=Comments, No_of_Approval_Conditions__c=1, Current_Approver__c=false, Approver_Role__c=null, Wet_Signature_Received__c=false, Wet_Signature_Date__c=null, Decision_Date__c=2017-03-27 00:00:00, Prospect__c=null, Approval_Conditions__c=Approval Conditions}
16:11:03.0 (12493106)|SYSTEM_METHOD_EXIT|[51]|System.debug(APEX_OBJECT, ANY)
16:11:03.0 (12519705)|HEAP_ALLOCATE|[54]|Bytes:25
16:11:03.0 (12546266)|STATEMENT_EXECUTE|[54]
16:11:03.0 (12554008)|SYSTEM_METHOD_ENTRY|[43]|system.ListIterator.hasNext()
16:11:03.0 (12561703)|HEAP_ALLOCATE|[43]|Bytes:5
16:11:03.0 (12567188)|SYSTEM_METHOD_EXIT|[43]|system.ListIterator.hasNext()
16:11:03.0 (12576039)|VARIABLE_ASSIGNMENT|[43]|AA|null|
16:11:03.0 (12601424)|SYSTEM_METHOD_ENTRY|[69]|Set<Id>.size()
16:11:03.0 (12625706)|SYSTEM_METHOD_EXIT|[69]|Set<Id>.size()
16:11:03.0 (12635079)|STATEMENT_EXECUTE|[69]
16:11:03.0 (12647334)|METHOD_EXIT|[22]|01pO00000003Sem|Assigned_Approver_TriggerHandler.findCurrentApproversThatHaveApproved()
16:11:03.0 (12650829)|STATEMENT_EXECUTE|[23]
16:11:03.0 (12658176)|HEAP_ALLOCATE|[23]|Bytes:5
16:11:03.0 (12668358)|VARIABLE_ASSIGNMENT|[23]|Assigned_Approver_TriggerHandler.recursionBefore|true
16:11:03.0 (12675805)|METHOD_EXIT|[41]|01pO00000003Sem|Assigned_Approver_TriggerHandler.beforeUpdate()
16:11:03.0 (12679809)|METHOD_EXIT|[3]|01pO00000003AAn|TriggerHandler.run()
16:11:03.12 (12688527)|CUMULATIVE_LIMIT_USAGE
16:11:03.12 (12688527)|LIMIT_USAGE_FOR_NS|(default)|
  Number of SOQL queries: 0 out of 100
  Number of query rows: 0 out of 50000
  Number of SOSL queries: 0 out of 20
  Number of DML statements: 0 out of 150
  Number of DML rows: 0 out of 10000
  Maximum CPU time: 0 out of 10000
  Maximum heap size: 0 out of 6000000
  Number of callouts: 0 out of 100
  Number of Email Invocations: 0 out of 10
  Number of future calls: 0 out of 50
  Number of queueable jobs added to the queue: 0 out of 50
  Number of Mobile Apex push calls: 0 out of 10

16:11:03.12 (12688527)|TOTAL_EMAIL_RECIPIENTS_QUEUED|0
16:11:03.12 (12688527)|STATIC_VARIABLE_LIST|
  String:_sfdcAdditionalCodeLocations:0
  long:serialVersionUID:0
  String:_sfdcAdditionalCodeLocations:0
  double:MAX_VALUE:0
  long:serialVersionUID:0
  int:SIZE:0
  TriggerHandler.TriggerContext:BEFORE_INSERT:0
  int:MAX_VALUE:0
  TriggerHandler.TriggerContext:AFTER_UNDELETE:0
  String:_sfdcSuppressedCodeLocations:0
  int:MIN_VALUE:0
  char[]:DigitOnes:0
  String:_sfdcSuppressedCodeLocations:0
  int:MIN_EXPONENT:0
  int:MAX_EXPONENT:0
  Boolean:_static_recursionBefore:0
  int:BYTES:0
  char[]:DigitTens:0
  long:serialVersionUID:0
  String:_sfdcAdditionalCodeLocations:0
  Boolean:FALSE:0
  double:MIN_VALUE:0
  double:NEGATIVE_INFINITY:0
  char[]:digits:0
  Boolean:_static_recursionAfter:0
  double:NaN:0
  Boolean:TRUE:0
  TriggerHandler.TriggerContext:AFTER_INSERT:0
  TriggerHandler.TriggerContext:AFTER_DELETE:0
  TriggerHandler.TriggerContext:AFTER_UPDATE:0
  String:__sfdcInnerTypes:0
  int:BYTES:0
  Map<String,TriggerHandler.LoopCount>:_static_loopCountMap:0
  Set<String>:_static_bypassedHandlers:0
  int[]:sizeTable:0
  TriggerHandler.TriggerContext:BEFORE_DELETE:0
  TriggerHandler.TriggerContext:BEFORE_UPDATE:0
  int:SIZE:0
  double:POSITIVE_INFINITY:0
  double:MIN_NORMAL:0

16:11:03.12 (12688527)|CUMULATIVE_LIMIT_USAGE_END

16:11:03.0 (14640569)|CODE_UNIT_FINISHED|AssignedApproverTrigger on Assigned_Approver trigger event BeforeUpdate for [a0oO0000002tAEq]
16:11:03.0 (19341040)|CODE_UNIT_STARTED|[EXTERNAL]|Validation:Assigned_Approver:a0oO0000002tAEq
16:11:03.0 (19350842)|VALIDATION_RULE|03dO000000011Ug|Enter_Approval_Conditions
16:11:03.0 (19513865)|VALIDATION_FORMULA|AND(
ISPICKVAL(Approval_Status__c, "Conditionally Approved"),
ISBLANK(Approval_Conditions__c))|Approval_Status__c=Conditionally Approved , Approval_Conditions__c=Approval Conditions
16:11:03.0 (19520624)|VALIDATION_PASS
16:11:03.0 (19522283)|VALIDATION_RULE|03dO00000000z89|Wet_Signature_Date_Mandatory
16:11:03.0 (19630994)|VALIDATION_FORMULA|AND(Wet_Signature_Received__c = TRUE,  ISBLANK(Wet_Signature_Date__c))|Wet_Signature_Date__c=null , Wet_Signature_Received__c=0
16:11:03.0 (19636305)|VALIDATION_PASS
16:11:03.0 (19665252)|CODE_UNIT_FINISHED|Validation:Assigned_Approver:a0oO0000002tAEq
16:11:03.0 (52143471)|CODE_UNIT_STARTED|[EXTERNAL]|01qO00000000Ue8|AssignedApproverTrigger on Assigned_Approver trigger event AfterUpdate for [a0oO0000002tAEq]
16:11:03.0 (52179333)|HEAP_ALLOCATE|[EXTERNAL]|Bytes:8
16:11:03.0 (52216833)|HEAP_ALLOCATE|[EXTERNAL]|Bytes:8
16:11:03.0 (52293180)|HEAP_ALLOCATE|[EXTERNAL]|Bytes:4
16:11:03.0 (52305524)|VARIABLE_SCOPE_BEGIN|[1]|this|AssignedApproverTrigger|true|false
16:11:03.0 (52341099)|VARIABLE_ASSIGNMENT|[1]|this|{}|0x75332dd8
16:11:03.0 (52374182)|HEAP_ALLOCATE|[EXTERNAL]|Bytes:4
16:11:03.0 (52380614)|VARIABLE_SCOPE_BEGIN|[1]|this|AssignedApproverTrigger|true|false
16:11:03.0 (52391408)|VARIABLE_ASSIGNMENT|[1]|this|{}|0x75332dd8
16:11:03.0 (52397375)|STATEMENT_EXECUTE|[1]
16:11:03.0 (52400197)|STATEMENT_EXECUTE|[2]
16:11:03.0 (52427680)|SYSTEM_METHOD_ENTRY|[2]|System.debug(APEX_OBJECT, ANY)
16:11:03.0 (52449514)|USER_DEBUG|[2]|ERROR|*** Assigned Approver Trigger Firing
16:11:03.0 (52458822)|SYSTEM_METHOD_EXIT|[2]|System.debug(APEX_OBJECT, ANY)
16:11:03.0 (52462458)|STATEMENT_EXECUTE|[3]
16:11:03.0 (52468344)|HEAP_ALLOCATE|[3]|Bytes:12
16:11:03.0 (52481799)|CONSTRUCTOR_ENTRY|[3]|01pO00000003Sem|<init>()
16:11:03.0 (52488581)|VARIABLE_SCOPE_BEGIN|[16]|this|Assigned_Approver_TriggerHandler|true|false
16:11:03.0 (52515146)|VARIABLE_ASSIGNMENT|[16]|this|{}|0x374243e
16:11:03.0 (52531704)|HEAP_ALLOCATE|[16]|Bytes:5
16:11:03.0 (52535910)|STATEMENT_EXECUTE|[12]
16:11:03.0 (52538726)|HEAP_ALLOCATE|[16]|Bytes:5
16:11:03.0 (52549930)|CONSTRUCTOR_ENTRY|[16]|01pO00000003AAn|<init>()
16:11:03.0 (52555279)|VARIABLE_SCOPE_BEGIN|[22]|this|TriggerHandler|true|false
16:11:03.0 (52568929)|VARIABLE_ASSIGNMENT|[22]|this|{}|0x374243e
16:11:03.0 (52572685)|STATEMENT_EXECUTE|[1]
16:11:03.0 (52574288)|STATEMENT_EXECUTE|[9]
16:11:03.0 (52575756)|STATEMENT_EXECUTE|[13]
16:11:03.0 (52595162)|STATEMENT_EXECUTE|[22]
16:11:03.0 (52596924)|STATEMENT_EXECUTE|[23]
16:11:03.0 (52606238)|METHOD_ENTRY|[23]|01pO00000003AAn|TriggerHandler.setTriggerContext()
16:11:03.0 (52610628)|VARIABLE_SCOPE_BEGIN|[94]|this|TriggerHandler|true|false
16:11:03.0 (52623144)|VARIABLE_ASSIGNMENT|[94]|this|{}|0x374243e
16:11:03.0 (52628452)|STATEMENT_EXECUTE|[94]
16:11:03.0 (52629794)|STATEMENT_EXECUTE|[95]
16:11:03.0 (52640727)|METHOD_ENTRY|[95]|01pO00000003AAn|TriggerHandler.setTriggerContext(String, Boolean)
16:11:03.0 (52644749)|VARIABLE_SCOPE_BEGIN|[99]|this|TriggerHandler|true|false
16:11:03.0 (52655642)|VARIABLE_ASSIGNMENT|[99]|this|{}|0x374243e
16:11:03.0 (52658621)|VARIABLE_SCOPE_BEGIN|[99]|ctx|String|false|false
16:11:03.0 (52663392)|VARIABLE_ASSIGNMENT|[99]|ctx|null
16:11:03.0 (52667795)|VARIABLE_SCOPE_BEGIN|[99]|testMode|Boolean|false|false
16:11:03.0 (52671332)|VARIABLE_ASSIGNMENT|[99]|testMode|false
16:11:03.0 (52675474)|STATEMENT_EXECUTE|[99]
16:11:03.0 (52687416)|STATEMENT_EXECUTE|[103]
16:11:03.0 (52689010)|STATEMENT_EXECUTE|[104]
16:11:03.0 (52695274)|HEAP_ALLOCATE|[104]|Bytes:5
16:11:03.0 (52740074)|STATEMENT_EXECUTE|[120]
16:11:03.0 (52742208)|STATEMENT_EXECUTE|[121]
16:11:03.0 (52756032)|METHOD_EXIT|[95]|01pO00000003AAn|TriggerHandler.setTriggerContext(String, Boolean)
16:11:03.0 (52761276)|METHOD_EXIT|[23]|01pO00000003AAn|TriggerHandler.setTriggerContext()
16:11:03.0 (52766606)|CONSTRUCTOR_EXIT|[16]|01pO00000003AAn|<init>()
16:11:03.0 (52768985)|STATEMENT_EXECUTE|[16]
16:11:03.0 (52775410)|CONSTRUCTOR_EXIT|[3]|01pO00000003Sem|<init>()
16:11:03.0 (52781400)|METHOD_ENTRY|[3]|01pO00000003AAn|TriggerHandler.run()
16:11:03.0 (52785494)|VARIABLE_SCOPE_BEGIN|[31]|this|TriggerHandler|true|false
16:11:03.0 (52808889)|VARIABLE_ASSIGNMENT|[31]|this|{"context":"0x468e48f8","isTriggerExecuting":true}|0x374243e
16:11:03.0 (52813950)|STATEMENT_EXECUTE|[31]
16:11:03.0 (52820171)|METHOD_ENTRY|[33]|01pO00000003AAn|TriggerHandler.validateRun()
16:11:03.0 (52824511)|VARIABLE_SCOPE_BEGIN|[146]|this|TriggerHandler|true|false
16:11:03.0 (52839521)|VARIABLE_ASSIGNMENT|[146]|this|{"context":"0x468e48f8","isTriggerExecuting":true}|0x374243e
16:11:03.0 (52844336)|STATEMENT_EXECUTE|[146]
16:11:03.0 (52849946)|STATEMENT_EXECUTE|[147]
16:11:03.0 (52857487)|METHOD_ENTRY|[150]|01pO00000003AAn|TriggerHandler.getHandlerName()
16:11:03.0 (52861814)|VARIABLE_SCOPE_BEGIN|[157]|this|TriggerHandler|true|false
16:11:03.0 (52876352)|VARIABLE_ASSIGNMENT|[157]|this|{"context":"0x468e48f8","isTriggerExecuting":true}|0x374243e
16:11:03.0 (52880859)|STATEMENT_EXECUTE|[157]
16:11:03.0 (52882477)|STATEMENT_EXECUTE|[158]
16:11:03.0 (52919885)|SYSTEM_METHOD_ENTRY|[158]|String.valueOf(Object)
16:11:03.0 (52984438)|HEAP_ALLOCATE|[158]|Bytes:222
16:11:03.0 (53001558)|SYSTEM_METHOD_EXIT|[158]|String.valueOf(Object)
16:11:03.0 (53022158)|SYSTEM_METHOD_ENTRY|[158]|String.valueOf(Object)
16:11:03.0 (53053757)|HEAP_ALLOCATE|[158]|Bytes:222
16:11:03.0 (53068103)|SYSTEM_METHOD_EXIT|[158]|String.valueOf(Object)
16:11:03.0 (53080769)|SYSTEM_METHOD_ENTRY|[158]|String.indexOf(String)
16:11:03.0 (53090082)|SYSTEM_METHOD_EXIT|[158]|String.indexOf(String)
16:11:03.0 (53100954)|SYSTEM_METHOD_ENTRY|[158]|String.substring(Integer, Integer)
16:11:03.0 (53107062)|HEAP_ALLOCATE|[158]|Bytes:32
16:11:03.0 (53115868)|SYSTEM_METHOD_EXIT|[158]|String.substring(Integer, Integer)
16:11:03.0 (53122222)|METHOD_EXIT|[150]|01pO00000003AAn|TriggerHandler.getHandlerName()
16:11:03.0 (53138638)|SYSTEM_METHOD_ENTRY|[150]|Set<String>.contains(Object)
16:11:03.0 (53150418)|SYSTEM_METHOD_EXIT|[150]|Set<String>.contains(Object)
16:11:03.0 (53155975)|STATEMENT_EXECUTE|[150]
16:11:03.0 (53157607)|STATEMENT_EXECUTE|[153]
16:11:03.0 (53161417)|METHOD_EXIT|[33]|01pO00000003AAn|TriggerHandler.validateRun()
16:11:03.0 (53164797)|STATEMENT_EXECUTE|[33]
16:11:03.0 (53166446)|STATEMENT_EXECUTE|[35]
16:11:03.0 (53171888)|METHOD_ENTRY|[35]|01pO00000003AAn|TriggerHandler.addToLoopCount()
16:11:03.0 (53176047)|VARIABLE_SCOPE_BEGIN|[133]|this|TriggerHandler|true|false
16:11:03.0 (53196383)|VARIABLE_ASSIGNMENT|[133]|this|{"context":"0x468e48f8","isTriggerExecuting":true}|0x374243e
16:11:03.0 (53201798)|STATEMENT_EXECUTE|[133]
16:11:03.0 (53203298)|STATEMENT_EXECUTE|[134]
16:11:03.0 (53208669)|METHOD_ENTRY|[134]|01pO00000003AAn|TriggerHandler.getHandlerName()
16:11:03.0 (53212262)|VARIABLE_SCOPE_BEGIN|[157]|this|TriggerHandler|true|false
16:11:03.0 (53226779)|VARIABLE_ASSIGNMENT|[157]|this|{"context":"0x468e48f8","isTriggerExecuting":true}|0x374243e
16:11:03.0 (53230664)|STATEMENT_EXECUTE|[157]
16:11:03.0 (53231887)|STATEMENT_EXECUTE|[158]
16:11:03.0 (53251930)|SYSTEM_METHOD_ENTRY|[158]|String.valueOf(Object)
16:11:03.0 (53285644)|HEAP_ALLOCATE|[158]|Bytes:222
16:11:03.0 (53300135)|SYSTEM_METHOD_EXIT|[158]|String.valueOf(Object)
16:11:03.0 (53314592)|SYSTEM_METHOD_ENTRY|[158]|String.valueOf(Object)
16:11:03.0 (53342538)|HEAP_ALLOCATE|[158]|Bytes:222
16:11:03.0 (53355786)|SYSTEM_METHOD_EXIT|[158]|String.valueOf(Object)
16:11:03.0 (53366124)|SYSTEM_METHOD_ENTRY|[158]|String.indexOf(String)
16:11:03.0 (53374261)|SYSTEM_METHOD_EXIT|[158]|String.indexOf(String)
16:11:03.0 (53384061)|SYSTEM_METHOD_ENTRY|[158]|String.substring(Integer, Integer)
16:11:03.0 (53387906)|HEAP_ALLOCATE|[158]|Bytes:32
16:11:03.0 (53396140)|SYSTEM_METHOD_EXIT|[158]|String.substring(Integer, Integer)
16:11:03.0 (53401270)|METHOD_EXIT|[134]|01pO00000003AAn|TriggerHandler.getHandlerName()
16:11:03.0 (53405299)|VARIABLE_SCOPE_BEGIN|[134]|handlerName|String|false|false
16:11:03.0 (53415044)|VARIABLE_ASSIGNMENT|[134]|handlerName|"Assigned_Approver_Tr (12 more) ..."
16:11:03.0 (53431075)|SYSTEM_METHOD_ENTRY|[135]|Map<String,TriggerHandler.LoopCount>.containsKey(Object)
16:11:03.0 (53444392)|SYSTEM_METHOD_EXIT|[135]|Map<String,TriggerHandler.LoopCount>.containsKey(Object)
16:11:03.0 (53449046)|STATEMENT_EXECUTE|[135]
16:11:03.0 (53455662)|METHOD_EXIT|[35]|01pO00000003AAn|TriggerHandler.addToLoopCount()
16:11:03.0 (53478725)|SYSTEM_METHOD_ENTRY|[38]|com.salesforce.api.fast.System.compareObjects(Object, Object)
16:11:03.0 (53526736)|SYSTEM_METHOD_EXIT|[38]|com.salesforce.api.fast.System.compareObjects(Object, Object)
16:11:03.0 (53546926)|SYSTEM_METHOD_ENTRY|[40]|com.salesforce.api.fast.System.compareObjects(Object, Object)
16:11:03.0 (53573077)|SYSTEM_METHOD_EXIT|[40]|com.salesforce.api.fast.System.compareObjects(Object, Object)
16:11:03.0 (53593307)|SYSTEM_METHOD_ENTRY|[42]|com.salesforce.api.fast.System.compareObjects(Object, Object)
16:11:03.0 (53637680)|SYSTEM_METHOD_EXIT|[42]|com.salesforce.api.fast.System.compareObjects(Object, Object)
16:11:03.0 (53656517)|SYSTEM_METHOD_ENTRY|[44]|com.salesforce.api.fast.System.compareObjects(Object, Object)
16:11:03.0 (53690472)|SYSTEM_METHOD_EXIT|[44]|com.salesforce.api.fast.System.compareObjects(Object, Object)
16:11:03.0 (53708216)|SYSTEM_METHOD_ENTRY|[46]|com.salesforce.api.fast.System.compareObjects(Object, Object)
16:11:03.0 (53732737)|SYSTEM_METHOD_EXIT|[46]|com.salesforce.api.fast.System.compareObjects(Object, Object)
16:11:03.0 (53737429)|STATEMENT_EXECUTE|[46]
16:11:03.0 (53738947)|STATEMENT_EXECUTE|[47]
16:11:03.0 (53751519)|METHOD_ENTRY|[47]|01pO00000003Sem|Assigned_Approver_TriggerHandler.afterUpdate()
16:11:03.0 (53774079)|VARIABLE_SCOPE_BEGIN|[27]|this|Assigned_Approver_TriggerHandler|true|false
16:11:03.0 (53794394)|VARIABLE_ASSIGNMENT|[27]|this|{"context":"0x468e48f8","isTriggerExecuting":true}|0x374243e
16:11:03.0 (53805359)|HEAP_ALLOCATE|[28]|Bytes:5
16:11:03.0 (53809358)|STATEMENT_EXECUTE|[27]
16:11:03.0 (53814791)|STATEMENT_EXECUTE|[28]
16:11:03.0 (53816095)|STATEMENT_EXECUTE|[29]
16:11:03.0 (53824254)|METHOD_ENTRY|[29]|01pO00000003Sem|Assigned_Approver_TriggerHandler.findCurrentApproversThatHaveApproved()
16:11:03.0 (53841174)|HEAP_ALLOCATE|[40]|Bytes:5
16:11:03.0 (53844901)|STATEMENT_EXECUTE|[39]
16:11:03.0 (53846147)|STATEMENT_EXECUTE|[40]
16:11:03.0 (53887110)|SYSTEM_METHOD_ENTRY|[40]|String.valueOf(Object)
16:11:03.0 (54214630)|HEAP_ALLOCATE|[40]|Bytes:736
16:11:03.0 (54233889)|SYSTEM_METHOD_EXIT|[40]|String.valueOf(Object)
16:11:03.0 (54248206)|HEAP_ALLOCATE|[40]|Bytes:756
16:11:03.0 (54258836)|SYSTEM_METHOD_ENTRY|[40]|System.debug(APEX_OBJECT, ANY)
16:11:03.0 (54268090)|USER_DEBUG|[40]|ERROR|*** Find approvers: (Assigned_Approver__c:{Id=a0oO0000002tAEqIAM, OwnerId=00528000006B07FAAS, IsDeleted=false, Name=Approver-000000001, CreatedDate=2017-03-09 23:16:38, CreatedById=00528000006B07FAAS, LastModifiedDate=2017-03-30 05:11:03, LastModifiedById=00528000006B07FAAS, SystemModstamp=2017-03-30 05:11:03, LastViewedDate=null, LastReferencedDate=null, Approver__c=00528000004d3msAAA, Gate__c=a0nO0000003wxcXIAQ, Approval_Level__c=1, Approval_Status__c=Conditionally Approved, Approval_Comments__c=Comments, No_of_Approval_Conditions__c=1, Current_Approver__c=false, Approver_Role__c=null, Wet_Signature_Received__c=false, Wet_Signature_Date__c=null, Decision_Date__c=2017-03-27 00:00:00, Prospect__c=null, Approval_Conditions__c=Approval Conditions})
16:11:03.0 (54277098)|SYSTEM_METHOD_EXIT|[40]|System.debug(APEX_OBJECT, ANY)
16:11:03.0 (54280236)|STATEMENT_EXECUTE|[42]
16:11:03.0 (54287509)|HEAP_ALLOCATE|[42]|Bytes:4
16:11:03.0 (54299892)|SYSTEM_CONSTRUCTOR_ENTRY|[42]|<init>(Integer)
16:11:03.0 (54307052)|SYSTEM_CONSTRUCTOR_EXIT|[42]|<init>(Integer)
16:11:03.0 (54310987)|VARIABLE_SCOPE_BEGIN|[42]|gatesToFindNextApprover|Set<Id>|true|false
16:11:03.0 (54328762)|VARIABLE_ASSIGNMENT|[42]|gatesToFindNextApprover|[]|0x1a73f1bd
16:11:03.0 (54354210)|SYSTEM_METHOD_ENTRY|[43]|List<Assigned_Approver__c>.iterator()
16:11:03.0 (54363509)|SYSTEM_METHOD_EXIT|[43]|List<Assigned_Approver__c>.iterator()
16:11:03.0 (54371608)|SYSTEM_METHOD_ENTRY|[43]|system.ListIterator.hasNext()
16:11:03.0 (54380047)|HEAP_ALLOCATE|[43]|Bytes:5
16:11:03.0 (54385887)|SYSTEM_METHOD_EXIT|[43]|system.ListIterator.hasNext()
16:11:03.0 (54405528)|VARIABLE_SCOPE_BEGIN|[43]|AA|Assigned_Approver__c|true|false
16:11:03.0 (54549812)|VARIABLE_ASSIGNMENT|[43]|AA|{"Approval_Level__c":"1","LastModifiedDate":"2017-03-30T05:11:03.000Z","Approval_Comments__c":"Comments","IsDeleted":false,"Approver__c":"00528000004d3msAAA","Wet_Signature_Receiv (5 more) ...":false,"Gate__c":"a0nO0000003wxcXIAQ","Decision_Date__c":"2017-03-27T00:00:00.000Z","Name":"Approver-000000001","SystemModstamp":"2017-03-30T05:11:03.000Z","OwnerId":"00528000006B07FAAS","CreatedById":"00528000006B07FAAS","Approval_Conditions_ (2 more) ...":"Approval Conditions","No_of_Approval_Condi (8 more) ...":1,"CreatedDate":"2017-03-09T23:16:38.000Z","Id":"a0oO0000002tAEqIAM","Current_Approver__c":false,"LastModifiedById":"00528000006B07FAAS","Approval_Status__c":"Conditionally Approv (2 more) ..."}|0x2e8ea383
16:11:03.0 (54558760)|STATEMENT_EXECUTE|[43]
16:11:03.0 (54560398)|STATEMENT_EXECUTE|[44]
16:11:03.0 (54600704)|SYSTEM_METHOD_ENTRY|[44]|Map<Id,Assigned_Approver__c>.get(Object)
16:11:03.0 (54616859)|SYSTEM_METHOD_EXIT|[44]|Map<Id,Assigned_Approver__c>.get(Object)
16:11:03.0 (54626132)|VARIABLE_SCOPE_BEGIN|[44]|oldApprover|Assigned_Approver__c|true|false
16:11:03.0 (54821155)|VARIABLE_ASSIGNMENT|[44]|oldApprover|{"Approval_Level__c":"1","LastModifiedDate":"2017-03-27T03:53:43.000Z","Approval_Comments__c":"Comments","IsDeleted":false,"Approver__c":"00528000004d3msAAA","Wet_Signature_Receiv (5 more) ...":false,"Gate__c":"a0nO0000003wxcXIAQ","Decision_Date__c":"2017-03-27T00:00:00.000Z","Name":"Approver-000000001","SystemModstamp":"2017-03-29T01:02:47.000Z","OwnerId":"00528000006B07FAAS","CreatedById":"00528000006B07FAAS","Approval_Conditions_ (2 more) ...":"Conditions","No_of_Approval_Condi (8 more) ...":1,"CreatedDate":"2017-03-09T23:16:38.000Z","Id":"a0oO0000002tAEqIAM","Current_Approver__c":false,"LastModifiedById":"00528000006B07FAAS","Approval_Status__c":"Conditionally Approv (2 more) ..."}|0x542e11db
16:11:03.0 (54829534)|STATEMENT_EXECUTE|[45]
16:11:03.0 (54850768)|SYSTEM_METHOD_ENTRY|[45]|String.valueOf(Object)
16:11:03.0 (55035915)|HEAP_ALLOCATE|[45]|Bytes:734
16:11:03.0 (55054722)|SYSTEM_METHOD_EXIT|[45]|String.valueOf(Object)
16:11:03.0 (55062122)|HEAP_ALLOCATE|[45]|Bytes:770
16:11:03.0 (55071619)|SYSTEM_METHOD_ENTRY|[45]|System.debug(APEX_OBJECT, ANY)
16:11:03.0 (55080265)|USER_DEBUG|[45]|ERROR|*** Approvers before Wet Signature: Assigned_Approver__c:{Id=a0oO0000002tAEqIAM, OwnerId=00528000006B07FAAS, IsDeleted=false, Name=Approver-000000001, CreatedDate=2017-03-09 23:16:38, CreatedById=00528000006B07FAAS, LastModifiedDate=2017-03-30 05:11:03, LastModifiedById=00528000006B07FAAS, SystemModstamp=2017-03-30 05:11:03, LastViewedDate=null, LastReferencedDate=null, Approver__c=00528000004d3msAAA, Gate__c=a0nO0000003wxcXIAQ, Approval_Level__c=1, Approval_Status__c=Conditionally Approved, Approval_Comments__c=Comments, No_of_Approval_Conditions__c=1, Current_Approver__c=false, Approver_Role__c=null, Wet_Signature_Received__c=false, Wet_Signature_Date__c=null, Decision_Date__c=2017-03-27 00:00:00, Prospect__c=null, Approval_Conditions__c=Approval Conditions}
16:11:03.0 (55089099)|SYSTEM_METHOD_EXIT|[45]|System.debug(APEX_OBJECT, ANY)
16:11:03.0 (55103777)|STATEMENT_EXECUTE|[48]
16:11:03.0 (55105791)|STATEMENT_EXECUTE|[51]
16:11:03.0 (55123054)|SYSTEM_METHOD_ENTRY|[51]|String.valueOf(Object)
16:11:03.0 (55314349)|HEAP_ALLOCATE|[51]|Bytes:734
16:11:03.0 (55332390)|SYSTEM_METHOD_EXIT|[51]|String.valueOf(Object)
16:11:03.0 (55340457)|HEAP_ALLOCATE|[51]|Bytes:769
16:11:03.0 (55349467)|SYSTEM_METHOD_ENTRY|[51]|System.debug(APEX_OBJECT, ANY)
16:11:03.0 (55357449)|USER_DEBUG|[51]|ERROR|*** Approvers after Wet Signature: Assigned_Approver__c:{Id=a0oO0000002tAEqIAM, OwnerId=00528000006B07FAAS, IsDeleted=false, Name=Approver-000000001, CreatedDate=2017-03-09 23:16:38, CreatedById=00528000006B07FAAS, LastModifiedDate=2017-03-30 05:11:03, LastModifiedById=00528000006B07FAAS, SystemModstamp=2017-03-30 05:11:03, LastViewedDate=null, LastReferencedDate=null, Approver__c=00528000004d3msAAA, Gate__c=a0nO0000003wxcXIAQ, Approval_Level__c=1, Approval_Status__c=Conditionally Approved, Approval_Comments__c=Comments, No_of_Approval_Conditions__c=1, Current_Approver__c=false, Approver_Role__c=null, Wet_Signature_Received__c=false, Wet_Signature_Date__c=null, Decision_Date__c=2017-03-27 00:00:00, Prospect__c=null, Approval_Conditions__c=Approval Conditions}
16:11:03.0 (55365722)|SYSTEM_METHOD_EXIT|[51]|System.debug(APEX_OBJECT, ANY)
16:11:03.0 (55393189)|STATEMENT_EXECUTE|[54]
16:11:03.0 (55400348)|SYSTEM_METHOD_ENTRY|[43]|system.ListIterator.hasNext()
16:11:03.0 (55407658)|HEAP_ALLOCATE|[43]|Bytes:5
16:11:03.0 (55413154)|SYSTEM_METHOD_EXIT|[43]|system.ListIterator.hasNext()
16:11:03.0 (55421852)|VARIABLE_ASSIGNMENT|[43]|AA|null|
16:11:03.0 (55429211)|SYSTEM_METHOD_ENTRY|[69]|Set<Id>.size()
16:11:03.0 (55434781)|SYSTEM_METHOD_EXIT|[69]|Set<Id>.size()
16:11:03.0 (55439500)|STATEMENT_EXECUTE|[69]
16:11:03.0 (55447842)|METHOD_EXIT|[29]|01pO00000003Sem|Assigned_Approver_TriggerHandler.findCurrentApproversThatHaveApproved()
16:11:03.0 (55450441)|STATEMENT_EXECUTE|[30]
16:11:03.0 (55457801)|HEAP_ALLOCATE|[30]|Bytes:5
16:11:03.0 (55470223)|VARIABLE_ASSIGNMENT|[30]|Assigned_Approver_TriggerHandler.recursionAfter|true
16:11:03.0 (55477462)|METHOD_EXIT|[47]|01pO00000003Sem|Assigned_Approver_TriggerHandler.afterUpdate()
16:11:03.0 (55482239)|METHOD_EXIT|[3]|01pO00000003AAn|TriggerHandler.run()
16:11:03.55 (55489602)|CUMULATIVE_LIMIT_USAGE
16:11:03.55 (55489602)|LIMIT_USAGE_FOR_NS|(default)|
  Number of SOQL queries: 0 out of 100
  Number of query rows: 0 out of 50000
  Number of SOSL queries: 0 out of 20
  Number of DML statements: 0 out of 150
  Number of DML rows: 0 out of 10000
  Maximum CPU time: 0 out of 10000
  Maximum heap size: 0 out of 6000000
  Number of callouts: 0 out of 100
  Number of Email Invocations: 0 out of 10
  Number of future calls: 0 out of 50
  Number of queueable jobs added to the queue: 0 out of 50
  Number of Mobile Apex push calls: 0 out of 10

16:11:03.55 (55489602)|TOTAL_EMAIL_RECIPIENTS_QUEUED|0
16:11:03.55 (55489602)|STATIC_VARIABLE_LIST|
  String:_sfdcAdditionalCodeLocations:0
  long:serialVersionUID:0
  String:_sfdcAdditionalCodeLocations:0
  double:MAX_VALUE:0
  long:serialVersionUID:0
  int:SIZE:0
  TriggerHandler.TriggerContext:BEFORE_INSERT:0
  int:MAX_VALUE:0
  TriggerHandler.TriggerContext:AFTER_UNDELETE:0
  String:_sfdcSuppressedCodeLocations:0
  int:MIN_VALUE:0
  char[]:DigitOnes:0
  String:_sfdcSuppressedCodeLocations:0
  int:MIN_EXPONENT:0
  int:MAX_EXPONENT:0
  Boolean:_static_recursionBefore:0
  int:BYTES:0
  char[]:DigitTens:0
  long:serialVersionUID:0
  String:_sfdcAdditionalCodeLocations:0
  Boolean:FALSE:0
  double:MIN_VALUE:0
  double:NEGATIVE_INFINITY:0
  char[]:digits:0
  Boolean:_static_recursionAfter:0
  double:NaN:0
  Boolean:TRUE:0
  TriggerHandler.TriggerContext:AFTER_INSERT:0
  TriggerHandler.TriggerContext:AFTER_DELETE:0
  TriggerHandler.TriggerContext:AFTER_UPDATE:0
  String:__sfdcInnerTypes:0
  int:BYTES:0
  Map<String,TriggerHandler.LoopCount>:_static_loopCountMap:0
  Set<String>:_static_bypassedHandlers:0
  int[]:sizeTable:0
  TriggerHandler.TriggerContext:BEFORE_DELETE:0
  TriggerHandler.TriggerContext:BEFORE_UPDATE:0
  int:SIZE:0
  double:POSITIVE_INFINITY:0
  double:MIN_NORMAL:0

16:11:03.55 (55489602)|CUMULATIVE_LIMIT_USAGE_END

16:11:03.0 (57153765)|CODE_UNIT_FINISHED|AssignedApproverTrigger on Assigned_Approver trigger event AfterUpdate for [a0oO0000002tAEq]
16:11:03.0 (61092801)|CODE_UNIT_STARTED|[EXTERNAL]|Workflow:01IO0000000Dldu
16:11:03.0 (72945979)|WF_RULE_EVAL_BEGIN|Workflow
16:11:03.0 (72975555)|WF_CRITERIA_BEGIN|[Assigned Approver: Approver-000000001 a0oO0000002tAEq]|Set Decision Date|01QO00000009UNH|ON_CREATE_OR_TRIGGERING_UPDATE|0
16:11:03.0 (79758066)|WF_FORMULA|Formula:ENCODED:[treatNullAsNull]OR(ISPICKVAL({!ID:00NO0000002Jmd7}, 'Approved'), ISPICKVAL({!ID:00NO0000002Jmd7}, 'Approved with Conditions'),ISPICKVAL({!ID:00NO0000002Jmd7}, 'Resubmit'), ISPICKVAL({!ID:00NO0000002Jmd7}, 'Rejected'))|Values:Approval_Status__c=Conditionally Approved
16:11:03.0 (79765883)|WF_CRITERIA_END|false
16:11:03.0 (79776448)|WF_CRITERIA_BEGIN|[Assigned Approver: Approver-000000001 a0oO0000002tAEq]|Outbound Message - Assigned Approver|01QO00000009PHY|ON_ALL_CHANGES|0
16:11:03.0 (80956938)|WF_RULE_FILTER|[Assigned Approver : Assigned Approver Id not equal to ]
16:11:03.0 (80971278)|WF_RULE_EVAL_VALUE|Approver-000000001
16:11:03.0 (80974517)|WF_CRITERIA_END|true
16:11:03.0 (81556419)|WF_SPOOL_ACTION_BEGIN|Workflow
16:11:03.0 (81607728)|WF_RULE_INVOCATION|[Assigned Approver: Approver-000000001 a0oO0000002tAEq]
16:11:03.0 (81621860)|WF_OUTBOUND_MSG|[Assigned Approver: Approver-000000001 a0oO0000002tAEq]|Id=04kO00000004DCD|CurrentRule:Outbound Message - Assigned Approver (Id=01QO00000009PHY)
16:11:03.0 (81644261)|WF_ACTION| Outbound Message: 1;
16:11:03.0 (81648845)|WF_RULE_EVAL_END
16:11:03.0 (88627777)|WF_ACTIONS_END| Outbound Message: 1;
16:11:03.0 (88645229)|CODE_UNIT_FINISHED|Workflow:01IO0000000Dldu
16:11:03.0 (150316929)|CODE_UNIT_FINISHED|TRIGGERS
16:11:03.0 (150329677)|EXECUTION_FINISHED
16:11:03.155 (155661095)|CUMULATIVE_PROFILING_BEGIN
16:11:03.155 (155661095)|CUMULATIVE_PROFILING|No profiling information for SOQL operations
16:11:03.155 (155661095)|CUMULATIVE_PROFILING|No profiling information for SOSL operations
16:11:03.155 (155661095)|CUMULATIVE_PROFILING|No profiling information for DML operations
16:11:03.155 (155661095)|CUMULATIVE_PROFILING|method invocations|
Trigger.AssignedApproverTrigger: line 3, column 1: public Assigned_Approver_TriggerHandler(): executed 4 times in 7 ms
Class.TriggerHandler.run: line 41, column 1: public void beforeUpdate(): executed 1 time in 3 ms
External entry point: public void invoke(): executed 1 time in 3 ms
Class.TriggerHandler.run: line 47, column 1: public void afterUpdate(): executed 1 time in 2 ms
Class.Assigned_Approver_TriggerHandler.findCurrentApproversThatHaveApproved: line 51, column 1: public static String valueOf(Object): executed 4 times in 2 ms
Class.Assigned_Approver_TriggerHandler.beforeUpdate: line 22, column 1: private static void findCurrentApproversThatHaveApproved(): executed 1 time in 2 ms
Class.Assigned_Approver_TriggerHandler.afterUpdate: line 29, column 1: private static void findCurrentApproversThatHaveApproved(): executed 1 time in 2 ms
Class.TriggerHandler.run: line 35, column 1: private void addToLoopCount(): executed 2 times in 1 ms
Class.TriggerHandler.addToLoopCount: line 134, column 1: private String getHandlerName(): executed 2 times in 1 ms
Class.TriggerHandler.getHandlerName: line 158, column 1: public static String valueOf(Object): executed 16 times in 1 ms
Class.TriggerHandler.run: line 33, column 1: private Boolean validateRun(): executed 2 times in 0 ms

16:11:03.155 (155661095)|CUMULATIVE_PROFILING_END
