39.0 APEX_CODE,FINEST;APEX_PROFILING,FINEST;CALLOUT,INFO;DB,INFO;SYSTEM,DEBUG;VALIDATION,INFO;VISUALFORCE,INFO;WAVE,INFO;WORKFLOW,INFO
11:47:22.0 (291174)|USER_INFO|[EXTERNAL]|00528000006B07F|dev@systempartners.com.prod.pcphase2|Australian Eastern Standard Time|GMT+11:00
11:47:22.0 (314178)|EXECUTION_STARTED
11:47:22.0 (318775)|CODE_UNIT_STARTED|[EXTERNAL]|aura
11:47:22.0 (761476)|HEAP_ALLOCATE|[72]|Bytes:3
11:47:22.0 (803195)|HEAP_ALLOCATE|[77]|Bytes:152
11:47:22.0 (817828)|HEAP_ALLOCATE|[342]|Bytes:408
11:47:22.0 (837484)|HEAP_ALLOCATE|[355]|Bytes:408
11:47:22.0 (856496)|HEAP_ALLOCATE|[467]|Bytes:48
11:47:22.0 (879415)|HEAP_ALLOCATE|[139]|Bytes:6
11:47:22.0 (899866)|HEAP_ALLOCATE|[EXTERNAL]|Bytes:18
11:47:22.0 (912475)|HEAP_ALLOCATE|[EXTERNAL]|Bytes:18
11:47:22.0 (2826136)|CODE_UNIT_STARTED|[EXTERNAL]|01pO0000000372v|KCRAController.getAllKCRARecords
11:47:22.0 (2914517)|HEAP_ALLOCATE|[EXTERNAL]|Bytes:5
11:47:22.0 (2919694)|HEAP_ALLOCATE|[EXTERNAL]|Bytes:14
11:47:22.0 (2927829)|METHOD_ENTRY|[11]|01pO0000000372v|KCRAController.KCRAController()
11:47:22.0 (2931268)|STATEMENT_EXECUTE|[11]
11:47:22.0 (2936345)|STATEMENT_EXECUTE|[11]
11:47:22.0 (2941408)|METHOD_EXIT|[11]|KCRAController
11:47:22.0 (2945156)|HEAP_ALLOCATE|[EXTERNAL]|Bytes:18
11:47:22.0 (2953838)|SYSTEM_MODE_ENTER|false
11:47:22.0 (2961478)|VARIABLE_SCOPE_BEGIN|[14]|opportunityId|String|false|false
11:47:22.0 (2978273)|VARIABLE_ASSIGNMENT|[14]|opportunityId|"006O0000008kRsJIAU"
11:47:22.0 (2984938)|STATEMENT_EXECUTE|[14]
11:47:22.0 (2986416)|STATEMENT_EXECUTE|[17]
11:47:22.0 (2989389)|HEAP_ALLOCATE|[17]|Bytes:204
11:47:22.0 (2998697)|HEAP_ALLOCATE|[17]|Bytes:4
11:47:22.0 (3009634)|HEAP_ALLOCATE|[17]|Bytes:7
11:47:22.0 (3049052)|HEAP_ALLOCATE|[50]|Bytes:5
11:47:22.0 (3066522)|HEAP_ALLOCATE|[56]|Bytes:5
11:47:22.0 (3074202)|HEAP_ALLOCATE|[64]|Bytes:7
11:47:22.0 (3495191)|SOQL_EXECUTE_BEGIN|[17]|Aggregations:0|SELECT Id, name, recordtypeId, applicable__c, approved__c, itemno__c, KCRA_Item__c, Opportunity__c FROM Key_Commercial_Risks_Approvals__c WHERE Opportunity__c = :tmpVar1 ORDER BY itemno__c ASC NULLS FIRST
11:47:22.0 (3505458)|LIMIT_USAGE|[17]|SOQL|1|100
11:47:22.0 (3514054)|LIMIT_USAGE|[17]|AGGS|0|300
11:47:22.0 (7953606)|SOQL_EXECUTE_END|[17]|Rows:12
11:47:22.0 (7961000)|LIMIT_USAGE|[17]|SOQL_ROWS|12|50000
11:47:22.0 (7975116)|HEAP_ALLOCATE|[17]|Bytes:52
11:47:22.0 (8019035)|HEAP_ALLOCATE|[17]|Bytes:3578
11:47:22.0 (8092570)|HEAP_ALLOCATE|[17]|Bytes:52
11:47:22.0 (8105367)|VARIABLE_SCOPE_BEGIN|[17]|allKCRAs|List<Key_Commercial_Risks_Approvals__c>|true|false
11:47:22.0 (8120726)|VARIABLE_ASSIGNMENT|[17]|allKCRAs|"List of size 12 too large to display"|0x7ff9c55d
11:47:22.0 (8123452)|STATEMENT_EXECUTE|[27]
11:47:22.0 (8132890)|SYSTEM_MODE_EXIT|false
11:47:22.8 (8155189)|CUMULATIVE_LIMIT_USAGE
11:47:22.8 (8155189)|LIMIT_USAGE_FOR_NS|(default)|
  Number of SOQL queries: 1 out of 100
  Number of query rows: 12 out of 50000
  Number of SOSL queries: 0 out of 20
  Number of DML statements: 0 out of 150
  Number of DML rows: 0 out of 10000
  Maximum CPU time: 0 out of 10000
  Maximum heap size: 0 out of 6000000
  Number of callouts: 0 out of 100
  Number of Email Invocations: 0 out of 10
  Number of future calls: 0 out of 50
  Number of queueable jobs added to the queue: 0 out of 50
  Number of Mobile Apex push calls: 0 out of 10

11:47:22.8 (8155189)|TOTAL_EMAIL_RECIPIENTS_QUEUED|0
11:47:22.8 (8155189)|STATIC_VARIABLE_LIST|
  char[]:DigitTens:0
  long:serialVersionUID:0
  long:serialVersionUID:0
  double:MAX_VALUE:0
  Boolean:FALSE:0
  long:serialVersionUID:0
  String:_sfdcAdditionalCodeLocations:0
  double:MIN_VALUE:0
  int:SIZE:0
  double:NEGATIVE_INFINITY:0
  int:MAX_VALUE:0
  char[]:digits:0
  double:NaN:0
  Boolean:TRUE:0
  int:MIN_VALUE:0
  char[]:DigitOnes:0
  int:BYTES:0
  int:MIN_EXPONENT:0
  int[]:sizeTable:0
  int:MAX_EXPONENT:0
  String:_sfdcSuppressedCodeLocations:0
  int:SIZE:0
  double:POSITIVE_INFINITY:0
  double:MIN_NORMAL:0
  int:BYTES:0

11:47:22.8 (8155189)|CUMULATIVE_LIMIT_USAGE_END

11:47:22.0 (8249696)|CODE_UNIT_FINISHED|KCRAController.getAllKCRARecords
11:47:22.0 (8528437)|HEAP_ALLOCATE|[EXTERNAL]|Bytes:18
11:47:22.0 (8538854)|HEAP_ALLOCATE|[EXTERNAL]|Bytes:18
11:47:22.0 (10990915)|CODE_UNIT_STARTED|[EXTERNAL]|01pO00000003Dck|PRAController.getAllPRARecords
11:47:22.0 (11024874)|HEAP_ALLOCATE|[EXTERNAL]|Bytes:8
11:47:22.0 (11030665)|HEAP_ALLOCATE|[EXTERNAL]|Bytes:2
11:47:22.0 (11036848)|METHOD_ENTRY|[1]|01pO00000003Dck|PRAController.PRAController()
11:47:22.0 (11039379)|STATEMENT_EXECUTE|[1]
11:47:22.0 (11043111)|STATEMENT_EXECUTE|[1]
11:47:22.0 (11047033)|METHOD_EXIT|[1]|PRAController
11:47:22.0 (11050553)|HEAP_ALLOCATE|[EXTERNAL]|Bytes:18
11:47:22.0 (11057365)|SYSTEM_MODE_ENTER|false
11:47:22.0 (11061931)|VARIABLE_SCOPE_BEGIN|[15]|opportunityId|String|false|false
11:47:22.0 (11068364)|VARIABLE_ASSIGNMENT|[15]|opportunityId|"006O0000008kRsJIAU"
11:47:22.0 (11073493)|STATEMENT_EXECUTE|[15]
11:47:22.0 (11074948)|STATEMENT_EXECUTE|[18]
11:47:22.0 (11077786)|HEAP_ALLOCATE|[18]|Bytes:508
11:47:22.0 (11083825)|HEAP_ALLOCATE|[18]|Bytes:4
11:47:22.0 (11720755)|SOQL_EXECUTE_BEGIN|[18]|Aggregations:0|SELECT Id, name, Category__c, Is_Critical_Risk__c, ItemNo__c, Mitigation_Strategy__c, Rating__c, Risk_Item__c, description__c, Help_Text_0A__c, Help_Text_0B__c, Help_Text_0C__c, Help_Text_1A__c, Help_Text_1B__c, Help_Text_1C__c, Help_Text_2A__c, Help_Text_2B__c, Help_Text_2C__c, Help_Text_3A__c, Help_Text_3B__c, Help_Text_3C__c, Mitigation_Advice__c, Selected_Indicators__c, Selected_Indicators_With_Text__c FROM Project_Risk_Assessment__c WHERE Opportunity__c = :tmpVar1 ORDER BY ItemNo__c ASC NULLS FIRST
11:47:22.0 (11729356)|LIMIT_USAGE|[18]|SOQL|2|100
11:47:22.0 (11736678)|LIMIT_USAGE|[18]|AGGS|0|300
11:47:22.0 (27663122)|SOQL_EXECUTE_END|[18]|Rows:25
11:47:22.0 (27674073)|LIMIT_USAGE|[18]|SOQL_ROWS|37|50000
11:47:22.0 (27693210)|HEAP_ALLOCATE|[18]|Bytes:104
11:47:22.0 (27759872)|HEAP_ALLOCATE|[18]|Bytes:10109
11:47:22.0 (27815226)|HEAP_ALLOCATE|[18]|Bytes:104
11:47:22.0 (27830324)|VARIABLE_SCOPE_BEGIN|[18]|allPRAs|List<Project_Risk_Assessment__c>|true|false
11:47:22.0 (27846866)|VARIABLE_ASSIGNMENT|[18]|allPRAs|"List of size 25 too large to display"|0x500c0ab7
11:47:22.0 (27850518)|STATEMENT_EXECUTE|[26]
11:47:22.0 (27860679)|SYSTEM_MODE_EXIT|false
11:47:22.27 (27879561)|CUMULATIVE_LIMIT_USAGE
11:47:22.27 (27879561)|LIMIT_USAGE_FOR_NS|(default)|
  Number of SOQL queries: 2 out of 100
  Number of query rows: 37 out of 50000
  Number of SOSL queries: 0 out of 20
  Number of DML statements: 0 out of 150
  Number of DML rows: 0 out of 10000
  Maximum CPU time: 0 out of 10000
  Maximum heap size: 0 out of 6000000
  Number of callouts: 0 out of 100
  Number of Email Invocations: 0 out of 10
  Number of future calls: 0 out of 50
  Number of queueable jobs added to the queue: 0 out of 50
  Number of Mobile Apex push calls: 0 out of 10

11:47:22.27 (27879561)|TOTAL_EMAIL_RECIPIENTS_QUEUED|0
11:47:22.27 (27879561)|STATIC_VARIABLE_LIST|
  char[]:DigitTens:0
  long:serialVersionUID:0
  long:serialVersionUID:0
  double:MAX_VALUE:0
  Boolean:FALSE:0
  long:serialVersionUID:0
  String:_sfdcAdditionalCodeLocations:0
  double:MIN_VALUE:0
  int:SIZE:0
  double:NEGATIVE_INFINITY:0
  int:MAX_VALUE:0
  char[]:digits:0
  double:NaN:0
  Boolean:TRUE:0
  int:MIN_VALUE:0
  String:_sfdcSuppressedCodeLocations:0
  char[]:DigitOnes:0
  int:BYTES:0
  int:MIN_EXPONENT:0
  int[]:sizeTable:0
  int:MAX_EXPONENT:0
  String:_sfdcSuppressedCodeLocations:0
  String:_sfdcAdditionalCodeLocations:0
  int:SIZE:0
  double:POSITIVE_INFINITY:0
  double:MIN_NORMAL:0
  int:BYTES:0

11:47:22.27 (27879561)|CUMULATIVE_LIMIT_USAGE_END

11:47:22.0 (27966619)|CODE_UNIT_FINISHED|PRAController.getAllPRARecords
11:47:22.81 (81540275)|CUMULATIVE_PROFILING_BEGIN
11:47:22.81 (81540275)|CUMULATIVE_PROFILING|SOQL operations|
Class.PRAController.getAllPRARecords: line 18, column 1: [SELECT Id,name,Category__c,Is_Critical_Risk__c,ItemNo__c,Mitigation_Strategy__c,Rating__c,Risk_Item__c,
                                                             		description__c,Help_Text_0A__c,Help_Text_0B__c,Help_Text_0C__c,Help_Text_1A__c,Help_Text_1B__c, 
                                                             		Help_Text_1C__c,Help_Text_2A__c,Help_Text_2B__c,Help_Text_2C__c,Help_Text_3A__c,Help_Text_3B__c,
                                                             		Help_Text_3C__c,Mitigation_Advice__c,Selected_Indicators__c,Selected_Indicators_With_Text__c
												   FROM Project_Risk_Assessment__c
                                                   WHERE Opportunity__c = :opportunityId
                                                   ORDER BY ItemNo__c]: executed 1 time in 17 ms
Class.KCRAController.getAllKCRARecords: line 17, column 1: [SELECT   Id,name,
                                                           			recordtypeId,
                                                           			applicable__c,
                                                           			approved__c,
                                                           			itemno__c,
                                                           			KCRA_Item__c,Opportunity__c 
                                 							FROM     Key_Commercial_Risks_Approvals__c 
                                 							WHERE    Opportunity__c = :opportunityId
                                                           	ORDER BY itemno__c]: executed 1 time in 5 ms

11:47:22.81 (81540275)|CUMULATIVE_PROFILING|No profiling information for SOSL operations
11:47:22.81 (81540275)|CUMULATIVE_PROFILING|No profiling information for DML operations
11:47:22.81 (81540275)|CUMULATIVE_PROFILING|method invocations|
External entry point: public static List<Project_Risk_Assessment__c> getAllPRARecords(String): executed 1 time in 17 ms
External entry point: public static List<Key_Commercial_Risks_Approvals__c> getAllKCRARecords(String): executed 1 time in 5 ms

11:47:22.81 (81540275)|CUMULATIVE_PROFILING_END
