39.0 APEX_CODE,FINEST;APEX_PROFILING,FINEST;CALLOUT,NONE;DB,FINEST;SYSTEM,FINE;VALIDATION,INFO;VISUALFORCE,INFO;WAVE,INFO;WORKFLOW,FINER
10:58:29.0 (404409)|USER_INFO|[EXTERNAL]|00528000006B07F|dev@systempartners.com.prod.pcphase2|Australian Eastern Standard Time|GMT+10:00
10:58:29.0 (459525)|EXECUTION_STARTED
10:58:29.0 (472783)|CODE_UNIT_STARTED|[EXTERNAL]|01pO00000003MVy|ApprovalController.getAssignedApprovers
10:58:29.0 (834013)|HEAP_ALLOCATE|[72]|Bytes:3
10:58:29.0 (887361)|HEAP_ALLOCATE|[77]|Bytes:152
10:58:29.0 (908581)|HEAP_ALLOCATE|[342]|Bytes:408
10:58:29.0 (931871)|HEAP_ALLOCATE|[355]|Bytes:408
10:58:29.0 (950275)|HEAP_ALLOCATE|[467]|Bytes:48
10:58:29.0 (985903)|HEAP_ALLOCATE|[139]|Bytes:6
10:58:29.0 (1004538)|HEAP_ALLOCATE|[EXTERNAL]|Bytes:11
10:58:29.0 (1009062)|HEAP_ALLOCATE|[EXTERNAL]|Bytes:27
10:58:29.0 (1023989)|METHOD_ENTRY|[1]|01pO00000003MVy|ApprovalController.ApprovalController()
10:58:29.0 (1029405)|STATEMENT_EXECUTE|[1]
10:58:29.0 (1038871)|STATEMENT_EXECUTE|[1]
10:58:29.0 (1048706)|METHOD_EXIT|[1]|ApprovalController
10:58:29.0 (1062805)|HEAP_ALLOCATE|[EXTERNAL]|Bytes:72
10:58:29.0 (1072318)|SYSTEM_MODE_ENTER|false
10:58:29.0 (1082705)|VARIABLE_SCOPE_BEGIN|[68]|opp|Opportunity|true|false
10:58:29.0 (1140277)|VARIABLE_ASSIGNMENT|[68]|opp|{"Total_Budget_EOI_PQ_ (2 more) ...":0,"Total_Budget_AUD__c":0,"TSF_Gate_Status__c":"Not Applicable","StageName":"Gate 3","Net_Budget_Post_Tend (5 more) ...":0,"Net_Budget_EOI_PQ__c":0,"Apply_Default_Bondin (4 more) ...":false,"Gate_Status__c":"Initiated","Is_Gate_4_To_5__c":false,"Name":"TL Test - 1200","Is_Gate_1_To_3__c":true,"Net_Budget_Amount__c":0,"Total_Budget_Tender_ (2 more) ...":0,"Total_Budget_Post_Te (7 more) ...":0,"Net_Budget_Tender__c":0,"CRA_Gate_Status__c":"Not Applicable","Id":"006O0000009GUsjIAG"}|0x7042a36d
10:58:29.0 (1154073)|STATEMENT_EXECUTE|[68]
10:58:29.0 (1155551)|STATEMENT_EXECUTE|[69]
10:58:29.0 (1158868)|HEAP_ALLOCATE|[69]|Bytes:132
10:58:29.0 (1171878)|HEAP_ALLOCATE|[69]|Bytes:4
10:58:29.0 (1183181)|HEAP_ALLOCATE|[69]|Bytes:7
10:58:29.0 (1232934)|HEAP_ALLOCATE|[69]|Bytes:7
10:58:29.0 (4995350)|VARIABLE_SCOPE_BEGIN|[3]|OpportunityService.KCRARecordTypeID|String|false|true
10:58:29.0 (5007024)|VARIABLE_SCOPE_BEGIN|[2]|OpportunityService.KCRATemplateRecordTypeID|String|false|true
10:58:29.0 (5018414)|HEAP_ALLOCATE|[71]|Bytes:43
10:58:29.0 (5064017)|METHOD_ENTRY|[1]|01pO00000003HOS|OpportunityService.OpportunityService()
10:58:29.0 (5068108)|STATEMENT_EXECUTE|[1]
10:58:29.0 (5072677)|STATEMENT_EXECUTE|[1]
10:58:29.0 (5108907)|HEAP_ALLOCATE|[50]|Bytes:5
10:58:29.0 (5142267)|HEAP_ALLOCATE|[56]|Bytes:5
10:58:29.0 (5152040)|HEAP_ALLOCATE|[64]|Bytes:7
10:58:29.0 (5178547)|HEAP_ALLOCATE|[2]|Bytes:5
10:58:29.0 (5183879)|STATEMENT_EXECUTE|[2]
10:58:29.0 (5186497)|HEAP_ALLOCATE|[2]|Bytes:33
10:58:29.0 (5267355)|SYSTEM_METHOD_ENTRY|[2]|Schema.SObjectType.getDescribe()
10:58:29.0 (5906607)|HEAP_ALLOCATE|[2]|Bytes:4
10:58:29.0 (5918373)|SYSTEM_METHOD_EXIT|[2]|Schema.SObjectType.getDescribe()
10:58:29.0 (5948898)|LIMIT_USAGE|[2]|RECORD_TYPE_DESCRIBES|1|100
10:58:29.0 (8802266)|HEAP_ALLOCATE|[2]|Bytes:16
10:58:29.0 (8811366)|HEAP_ALLOCATE|[2]|Bytes:13
10:58:29.0 (8877414)|SYSTEM_METHOD_ENTRY|[2]|Map<String,Schema.RecordTypeInfo>.get(Object)
10:58:29.0 (8935028)|SYSTEM_METHOD_EXIT|[2]|Map<String,Schema.RecordTypeInfo>.get(Object)
10:58:29.0 (8976097)|HEAP_ALLOCATE|[2]|Bytes:4
10:58:29.0 (8997587)|HEAP_ALLOCATE|[2]|Bytes:18
10:58:29.0 (9019431)|VARIABLE_ASSIGNMENT|[2]|OpportunityService.KCRATemplateRecordTypeID|"012O0000000DCgLIAW"
10:58:29.0 (9024018)|STATEMENT_EXECUTE|[3]
10:58:29.0 (9063237)|SYSTEM_METHOD_ENTRY|[3]|Schema.SObjectType.getDescribe()
10:58:29.0 (9088095)|HEAP_ALLOCATE|[3]|Bytes:4
10:58:29.0 (9093991)|SYSTEM_METHOD_EXIT|[3]|Schema.SObjectType.getDescribe()
10:58:29.0 (9106573)|LIMIT_USAGE|[3]|RECORD_TYPE_DESCRIBES|2|100
10:58:29.0 (9124896)|HEAP_ALLOCATE|[3]|Bytes:16
10:58:29.0 (9130074)|HEAP_ALLOCATE|[3]|Bytes:4
10:58:29.0 (9146916)|SYSTEM_METHOD_ENTRY|[3]|Map<String,Schema.RecordTypeInfo>.get(Object)
10:58:29.0 (9163527)|SYSTEM_METHOD_EXIT|[3]|Map<String,Schema.RecordTypeInfo>.get(Object)
10:58:29.0 (9186439)|HEAP_ALLOCATE|[3]|Bytes:4
10:58:29.0 (9194181)|HEAP_ALLOCATE|[3]|Bytes:18
10:58:29.0 (9205077)|VARIABLE_ASSIGNMENT|[3]|OpportunityService.KCRARecordTypeID|"012O0000000DCgGIAW"
10:58:29.0 (9225931)|METHOD_EXIT|[1]|OpportunityService
10:58:29.0 (9252980)|METHOD_ENTRY|[71]|01pO00000003HOS|OpportunityService.getGateNumber(String)
10:58:29.0 (9278072)|VARIABLE_SCOPE_BEGIN|[196]|stage|String|false|false
10:58:29.0 (9284866)|VARIABLE_ASSIGNMENT|[196]|stage|"Gate 3"
10:58:29.0 (9295509)|HEAP_ALLOCATE|[197]|Bytes:5
10:58:29.0 (9299116)|STATEMENT_EXECUTE|[196]
10:58:29.0 (11474893)|VARIABLE_SCOPE_BEGIN|[75]|Constants.ApprovalOutcomeNotificationEmail|String|false|true
10:58:29.0 (11482837)|VARIABLE_SCOPE_BEGIN|[77]|Constants.ApprovalSubmissionEmail|String|false|true
10:58:29.0 (11486460)|VARIABLE_SCOPE_BEGIN|[49]|Constants.ApprovedStatus|String|false|true
10:58:29.0 (11542776)|VARIABLE_SCOPE_BEGIN|[6]|Constants.Approvers|Approvers__c|true|true
10:58:29.0 (11549582)|VARIABLE_SCOPE_BEGIN|[81]|Constants.CRA_ApprovalOutcomeNotificationEmail|String|false|true
10:58:29.0 (11553373)|VARIABLE_SCOPE_BEGIN|[83]|Constants.CRA_ApprovalSubmissionEmail|String|false|true
10:58:29.0 (11556590)|VARIABLE_SCOPE_BEGIN|[82]|Constants.CRA_DecisionRequiredEmail|String|false|true
10:58:29.0 (11559741)|VARIABLE_SCOPE_BEGIN|[71]|Constants.ClosedWonStage|String|false|true
10:58:29.0 (11562655)|VARIABLE_SCOPE_BEGIN|[50]|Constants.ConditionallyApprovedStatus|String|false|true
10:58:29.0 (11565741)|VARIABLE_SCOPE_BEGIN|[76]|Constants.DecisionRequiredEmail|String|false|true
10:58:29.0 (11570126)|VARIABLE_SCOPE_BEGIN|[51]|Constants.DeclinedStatus|String|false|true
10:58:29.0 (11575542)|VARIABLE_SCOPE_BEGIN|[66]|Constants.Gate1Stage|String|false|true
10:58:29.0 (11579318)|VARIABLE_SCOPE_BEGIN|[67]|Constants.Gate2Stage|String|false|true
10:58:29.0 (11582812)|VARIABLE_SCOPE_BEGIN|[68]|Constants.Gate3Stage|String|false|true
10:58:29.0 (11585929)|VARIABLE_SCOPE_BEGIN|[69]|Constants.Gate4Stage|String|false|true
10:58:29.0 (11593782)|VARIABLE_SCOPE_BEGIN|[70]|Constants.Gate5Stage|String|false|true
10:58:29.0 (11597689)|VARIABLE_SCOPE_BEGIN|[48]|Constants.InProgressStatus|String|false|true
10:58:29.0 (11601172)|VARIABLE_SCOPE_BEGIN|[47]|Constants.InitiatedStatus|String|false|true
10:58:29.0 (11604631)|VARIABLE_SCOPE_BEGIN|[65]|Constants.NewDandCStage|String|false|true
10:58:29.0 (11608082)|VARIABLE_SCOPE_BEGIN|[54]|Constants.NotApplicableStatus|String|false|true
10:58:29.0 (11611631)|VARIABLE_SCOPE_BEGIN|[46]|Constants.NotStartedStatus|String|false|true
10:58:29.0 (11626580)|VARIABLE_SCOPE_BEGIN|[24]|Constants.OppRecordTypeMap|Map<String,Id>|true|true
10:58:29.0 (11635572)|VARIABLE_SCOPE_BEGIN|[57]|Constants.PendingApprovalStatus|String|false|true
10:58:29.0 (11642733)|VARIABLE_SCOPE_BEGIN|[53]|Constants.RestartedStatus|String|false|true
10:58:29.0 (11650145)|VARIABLE_SCOPE_BEGIN|[52]|Constants.ResubmittedStatus|String|false|true
10:58:29.0 (11663482)|VARIABLE_SCOPE_BEGIN|[78]|Constants.TSF_ApprovalOutcomeNotificationEmail|String|false|true
10:58:29.0 (11671329)|VARIABLE_SCOPE_BEGIN|[80]|Constants.TSF_ApprovalSubmissionEmail|String|false|true
10:58:29.0 (11677700)|VARIABLE_SCOPE_BEGIN|[79]|Constants.TSF_DecisionRequiredEmail|String|false|true
10:58:29.0 (11684472)|VARIABLE_SCOPE_BEGIN|[61]|Constants.TenderInPreperationStatus|String|false|true
10:58:29.0 (11690610)|VARIABLE_SCOPE_BEGIN|[62]|Constants.TenderSubmittedStatus|String|false|true
10:58:29.0 (11697017)|VARIABLE_SCOPE_BEGIN|[84]|Constants.TenderWonEmail|String|false|true
10:58:29.0 (11702609)|VARIABLE_SCOPE_BEGIN|[60]|Constants.TenderWonStatus|String|false|true
10:58:29.0 (11714303)|HEAP_ALLOCATE|[197]|Bytes:28
10:58:29.0 (11726513)|HEAP_ALLOCATE|[197]|Bytes:136
10:58:29.0 (11733108)|HEAP_ALLOCATE|[197]|Bytes:7
10:58:29.0 (11746387)|HEAP_ALLOCATE|[197]|Bytes:34
10:58:29.0 (11761221)|VARIABLE_ASSIGNMENT|[197]|Constants.ApprovalOutcomeNotificationEmail|"Gate_Approval_Outcom (14 more) ..."
10:58:29.0 (11766454)|HEAP_ALLOCATE|[197]|Bytes:32
10:58:29.0 (11776194)|VARIABLE_ASSIGNMENT|[197]|Constants.ApprovalSubmissionEmail|"Approval_Submission_ (12 more) ..."
10:58:29.0 (11779973)|HEAP_ALLOCATE|[197]|Bytes:8
10:58:29.0 (11787106)|VARIABLE_ASSIGNMENT|[197]|Constants.ApprovedStatus|"Approved"
10:58:29.0 (11792259)|HEAP_ALLOCATE|[197]|Bytes:33
10:58:29.0 (11801844)|VARIABLE_ASSIGNMENT|[197]|Constants.CRA_ApprovalOutcomeNotificationEmail|"CRA_Approval_Outcome (13 more) ..."
10:58:29.0 (11805790)|HEAP_ALLOCATE|[197]|Bytes:36
10:58:29.0 (11820183)|VARIABLE_ASSIGNMENT|[197]|Constants.CRA_ApprovalSubmissionEmail|"CRA_Approval_Submiss (16 more) ..."
10:58:29.0 (11824412)|HEAP_ALLOCATE|[197]|Bytes:29
10:58:29.0 (11833863)|VARIABLE_ASSIGNMENT|[197]|Constants.CRA_DecisionRequiredEmail|"CRA_Approval_Decsion (9 more) ..."
10:58:29.0 (11837754)|HEAP_ALLOCATE|[197]|Bytes:10
10:58:29.0 (11845808)|VARIABLE_ASSIGNMENT|[197]|Constants.ClosedWonStage|"Closed Won"
10:58:29.0 (11849877)|HEAP_ALLOCATE|[197]|Bytes:22
10:58:29.0 (11858109)|VARIABLE_ASSIGNMENT|[197]|Constants.ConditionallyApprovedStatus|"Conditionally Approv (2 more) ..."
10:58:29.0 (11862103)|HEAP_ALLOCATE|[197]|Bytes:38
10:58:29.0 (11871968)|VARIABLE_ASSIGNMENT|[197]|Constants.DecisionRequiredEmail|"Approval_Decsion_Req (18 more) ..."
10:58:29.0 (11876068)|HEAP_ALLOCATE|[197]|Bytes:8
10:58:29.0 (11885180)|VARIABLE_ASSIGNMENT|[197]|Constants.DeclinedStatus|"Declined"
10:58:29.0 (11888971)|HEAP_ALLOCATE|[197]|Bytes:6
10:58:29.0 (11897617)|VARIABLE_ASSIGNMENT|[197]|Constants.Gate1Stage|"Gate 1"
10:58:29.0 (11900796)|HEAP_ALLOCATE|[197]|Bytes:6
10:58:29.0 (11909455)|VARIABLE_ASSIGNMENT|[197]|Constants.Gate2Stage|"Gate 2"
10:58:29.0 (11913220)|HEAP_ALLOCATE|[197]|Bytes:6
10:58:29.0 (11922197)|VARIABLE_ASSIGNMENT|[197]|Constants.Gate3Stage|"Gate 3"
10:58:29.0 (11926334)|HEAP_ALLOCATE|[197]|Bytes:6
10:58:29.0 (11932359)|VARIABLE_ASSIGNMENT|[197]|Constants.Gate4Stage|"Gate 4"
10:58:29.0 (11934585)|HEAP_ALLOCATE|[197]|Bytes:6
10:58:29.0 (11940751)|VARIABLE_ASSIGNMENT|[197]|Constants.Gate5Stage|"Gate 5"
10:58:29.0 (11942762)|HEAP_ALLOCATE|[197]|Bytes:11
10:58:29.0 (11948001)|VARIABLE_ASSIGNMENT|[197]|Constants.InProgressStatus|"In Progress"
10:58:29.0 (11950121)|HEAP_ALLOCATE|[197]|Bytes:9
10:58:29.0 (11954773)|VARIABLE_ASSIGNMENT|[197]|Constants.InitiatedStatus|"Initiated"
10:58:29.0 (11956780)|HEAP_ALLOCATE|[197]|Bytes:3
10:58:29.0 (11961308)|VARIABLE_ASSIGNMENT|[197]|Constants.NewDandCStage|"New"
10:58:29.0 (11963358)|HEAP_ALLOCATE|[197]|Bytes:14
10:58:29.0 (11968317)|VARIABLE_ASSIGNMENT|[197]|Constants.NotApplicableStatus|"Not Applicable"
10:58:29.0 (11970461)|HEAP_ALLOCATE|[197]|Bytes:11
10:58:29.0 (11975363)|VARIABLE_ASSIGNMENT|[197]|Constants.NotStartedStatus|"Not Started"
10:58:29.0 (11978074)|HEAP_ALLOCATE|[197]|Bytes:16
10:58:29.0 (11983572)|VARIABLE_ASSIGNMENT|[197]|Constants.PendingApprovalStatus|"Pending Approval"
10:58:29.0 (11985842)|HEAP_ALLOCATE|[197]|Bytes:9
10:58:29.0 (11990868)|VARIABLE_ASSIGNMENT|[197]|Constants.RestartedStatus|"Restarted"
10:58:29.0 (11992754)|HEAP_ALLOCATE|[197]|Bytes:11
10:58:29.0 (11997740)|VARIABLE_ASSIGNMENT|[197]|Constants.ResubmittedStatus|"Resubmitted"
10:58:29.0 (11999878)|HEAP_ALLOCATE|[197]|Bytes:33
10:58:29.0 (12006628)|VARIABLE_ASSIGNMENT|[197]|Constants.TSF_ApprovalOutcomeNotificationEmail|"TSF_Approval_Outcome (13 more) ..."
10:58:29.0 (12009578)|HEAP_ALLOCATE|[197]|Bytes:36
10:58:29.0 (12016013)|VARIABLE_ASSIGNMENT|[197]|Constants.TSF_ApprovalSubmissionEmail|"TSF_Approval_Submiss (16 more) ..."
10:58:29.0 (12018139)|HEAP_ALLOCATE|[197]|Bytes:29
10:58:29.0 (12024381)|VARIABLE_ASSIGNMENT|[197]|Constants.TSF_DecisionRequiredEmail|"TSF_Approval_Decsion (9 more) ..."
10:58:29.0 (12026531)|HEAP_ALLOCATE|[197]|Bytes:21
10:58:29.0 (12032315)|VARIABLE_ASSIGNMENT|[197]|Constants.TenderInPreperationStatus|"Tender in Preparatio (1 more) ..."
10:58:29.0 (12034273)|HEAP_ALLOCATE|[197]|Bytes:16
10:58:29.0 (12039976)|VARIABLE_ASSIGNMENT|[197]|Constants.TenderSubmittedStatus|"Tender Submitted"
10:58:29.0 (12041941)|HEAP_ALLOCATE|[197]|Bytes:23
10:58:29.0 (12047822)|VARIABLE_ASSIGNMENT|[197]|Constants.TenderWonEmail|"Tender_Won_Notificat (3 more) ..."
10:58:29.0 (12050205)|HEAP_ALLOCATE|[197]|Bytes:10
10:58:29.0 (12055555)|VARIABLE_ASSIGNMENT|[197]|Constants.TenderWonStatus|"Tender Won"
10:58:29.0 (12072572)|METHOD_ENTRY|[1]|01pO00000003RXf|Constants.Constants()
10:58:29.0 (12075868)|STATEMENT_EXECUTE|[1]
10:58:29.0 (12079296)|STATEMENT_EXECUTE|[1]
10:58:29.0 (12086963)|HEAP_ALLOCATE|[197]|Bytes:5
10:58:29.0 (12089823)|STATEMENT_EXECUTE|[3]
10:58:29.0 (12097804)|METHOD_EXIT|[1]|Constants
10:58:29.0 (12137475)|STATEMENT_EXECUTE|[199]
10:58:29.0 (12141260)|HEAP_ALLOCATE|[199]|Bytes:1
10:58:29.0 (12152234)|METHOD_EXIT|[71]|01pO00000003HOS|OpportunityService.getGateNumber(String)
10:58:29.0 (14212067)|SOQL_EXECUTE_BEGIN|[69]|Aggregations:0|SELECT id FROM Gate__c WHERE (Opportunity__c = :tmpVar1 AND Gate_Number__c = :tmpVar2) ORDER BY CreatedDate DESC NULLS FIRST LIMIT 1
10:58:29.0 (14227670)|LIMIT_USAGE|[69]|SOQL|1|100
10:58:29.0 (14238532)|LIMIT_USAGE|[69]|AGGS|0|300
10:58:29.0 (20950915)|SOQL_EXECUTE_END|[69]|Rows:1
10:58:29.0 (20963300)|LIMIT_USAGE|[69]|SOQL_ROWS|1|50000
10:58:29.0 (20981018)|HEAP_ALLOCATE|[69]|Bytes:8
10:58:29.0 (20999911)|HEAP_ALLOCATE|[69]|Bytes:29
10:58:29.0 (21120022)|HEAP_ALLOCATE|[69]|Bytes:8
10:58:29.0 (21147119)|HEAP_ALLOCATE|[69]|Bytes:33
10:58:29.0 (21224515)|HEAP_ALLOCATE|[69]|Bytes:8
10:58:29.0 (21236781)|VARIABLE_SCOPE_BEGIN|[69]|latestGateId|Gate__c|true|false
10:58:29.0 (21276830)|VARIABLE_ASSIGNMENT|[69]|latestGateId|{"Id":"a0nO0000003xqtKIAQ"}|0x483a518
10:58:29.0 (21283621)|STATEMENT_EXECUTE|[76]
10:58:29.0 (21288851)|HEAP_ALLOCATE|[76]|Bytes:295
10:58:29.0 (21305978)|HEAP_ALLOCATE|[76]|Bytes:4
10:58:29.0 (22942588)|SOQL_EXECUTE_BEGIN|[76]|Aggregations:0|SELECT Approver__r.Name, Approval_Level__c, Gate__c, Approval_Status__c, Proxy_Approver__r.Name, Current_Approver__c, Wet_Signature_Received__c, Wet_Signature_Date__c, Approval_Comments__c, CreatedDate FROM Assigned_Approver__c WHERE Gate__c = :tmpVar1 ORDER BY Approval_Level__c ASC NULLS FIRST
10:58:29.0 (22950929)|LIMIT_USAGE|[76]|SOQL|2|100
10:58:29.0 (22957455)|LIMIT_USAGE|[76]|AGGS|0|300
10:58:29.0 (35991106)|SOQL_EXECUTE_END|[76]|Rows:2
10:58:29.0 (36012303)|LIMIT_USAGE|[76]|SOQL_ROWS|3|50000
10:58:29.0 (36039793)|HEAP_ALLOCATE|[76]|Bytes:12
10:58:29.0 (36073090)|HEAP_ALLOCATE|[76]|Bytes:587
10:58:29.0 (36137316)|HEAP_ALLOCATE|[76]|Bytes:12
10:58:29.0 (36160477)|VARIABLE_SCOPE_BEGIN|[76]|allApprovers|List<Assigned_Approver__c>|true|false
10:58:29.0 (36251356)|VARIABLE_ASSIGNMENT|[76]|allApprovers|[{"Approver__c":"00528000006B07FAAS","Approval_Level__c":"1","Gate__c":"a0nO0000003xqtKIAQ","Approval_Status__c":"Pending Approval","Current_Approver__c":false,"Wet_Signature_Receiv (5 more) ...":false,"CreatedDate":"2017-04-12T00:23:53.000Z","Id":"a0oO0000002tpYIIAY","Approver__r":{"Name":"System Partners","Id":"00528000006B07FAAS"}},{"Approver__c":"005O0000003t7anIAA","Approval_Level__c":"2","Gate__c":"a0nO0000003xqtKIAQ","Approval_Status__c":"Pending Approval","Current_Approver__c":false,"Wet_Signature_Receiv (5 more) ...":false,"CreatedDate":"2017-04-12T00:23:53.000Z","Id":"a0oO0000002tpYJIAY","Approver__r":{"Name":"Ricky Lowe","Id":"005O0000003t7anIAA"}}]|0x1c74139d
10:58:29.0 (36265079)|STATEMENT_EXECUTE|[85]
10:58:29.0 (36278522)|SYSTEM_MODE_EXIT|false
10:58:29.36 (36323289)|CUMULATIVE_LIMIT_USAGE
10:58:29.36 (36323289)|LIMIT_USAGE_FOR_NS|(default)|
  Number of SOQL queries: 2 out of 100
  Number of query rows: 3 out of 50000
  Number of SOSL queries: 0 out of 20
  Number of DML statements: 0 out of 150
  Number of DML rows: 0 out of 10000
  Maximum CPU time: 0 out of 10000
  Maximum heap size: 0 out of 6000000
  Number of callouts: 0 out of 100
  Number of Email Invocations: 0 out of 10
  Number of future calls: 0 out of 50
  Number of queueable jobs added to the queue: 0 out of 50
  Number of Mobile Apex push calls: 0 out of 10

10:58:29.36 (36323289)|TOTAL_EMAIL_RECIPIENTS_QUEUED|0
10:58:29.36 (36323289)|STATIC_VARIABLE_LIST|
  String:_static_KCRATemplateRecordTypeID:0
  long:serialVersionUID:0
  double:MAX_VALUE:0
  long:serialVersionUID:0
  String:_static_InProgressStatus:0
  int:SIZE:0
  String:_static_TenderWonEmail:0
  String:_static_ApprovedStatus:0
  int:MAX_VALUE:0
  String:_static_InitiatedStatus:0
  String:_static_ClosedWonStage:0
  String:_static_Gate5Stage:0
  String:_static_Gate4Stage:0
  int:MIN_VALUE:0
  String:_static_Gate1Stage:0
  String:_static_Gate3Stage:0
  String:_static_NotStartedStatus:0
  char[]:DigitOnes:0
  String:_static_NotApplicableStatus:0
  String:_sfdcAdditionalCodeLocations:0
  String:__sfdcProperties:0
  String:_static_CRA_DecisionRequiredEmail:0
  int:MIN_EXPONENT:0
  String:_static_DecisionRequiredEmail:0
  String:_static_ApprovalOutcomeNotificationEmail:0
  String:_static_PendingApprovalStatus:0
  String:_static_RestartedStatus:0
  int:MAX_EXPONENT:0
  String:_static_ApprovalSubmissionEmail:0
  String:_static_TenderWonStatus:0
  String:_sfdcAdditionalCodeLocations:0
  int:BYTES:0
  char[]:DigitTens:0
  long:serialVersionUID:0
  Boolean:FALSE:0
  String:_static_DeclinedStatus:0
  String:_static_TSF_ApprovalSubmissionEmail:0
  double:MIN_VALUE:0
  double:NEGATIVE_INFINITY:0
  String:_static_ResubmittedStatus:0
  String:_sfdcSuppressedCodeLocations:0
  char[]:digits:0
  double:NaN:0
  Boolean:TRUE:0
  String:__sfdcInnerTypes:0
  String:_static_CRA_ApprovalOutcomeNotificationEmail:0
  String:_static_Gate2Stage:0
  String:_static_TenderSubmittedStatus:0
  String:_static_NewDandCStage:0
  String:_sfdcAdditionalCodeLocations:0
  String:_static_KCRARecordTypeID:0
  String:_static_TSF_DecisionRequiredEmail:0
  String:_static_ConditionallyApprovedStatus:0
  String:_static_TSF_ApprovalOutcomeNotificationEmail:0
  int:BYTES:0
  int[]:sizeTable:0
  String:_static_TenderInPreperationStatus:0
  int:SIZE:0
  double:POSITIVE_INFINITY:0
  double:MIN_NORMAL:0
  String:_static_CRA_ApprovalSubmissionEmail:0

10:58:29.36 (36323289)|CUMULATIVE_LIMIT_USAGE_END

10:58:29.0 (36542078)|CODE_UNIT_FINISHED|ApprovalController.getAssignedApprovers
10:58:29.0 (38758392)|EXECUTION_FINISHED
10:58:29.44 (44110296)|CUMULATIVE_PROFILING_BEGIN
10:58:29.44 (44110296)|CUMULATIVE_PROFILING|SOQL operations|
Class.ApprovalController.getAssignedApprovers: line 76, column 1: [SELECT Approver__r.Name, Approval_Level__c,Gate__c,Approval_Status__c,
                                                            Proxy_Approver__r.Name,Current_Approver__c,
                                                            Wet_Signature_Received__c, Wet_Signature_Date__c,
                                                            Approval_Comments__c,CreatedDate
                                                    from Assigned_Approver__c
                                                    where Gate__c = :latestGateID.id
                                                    order by Approval_Level__c asc]: executed 1 time in 15 ms
Class.ApprovalController.getAssignedApprovers: line 69, column 1: [SELECT id FROM Gate__c 
                              where Opportunity__c = : opp.Id 
                              and Gate_Number__c = :OpportunityService.getGateNumber(opp.StageName)
                              ORDER BY CreatedDate DESC
                              LIMIT 1]: executed 1 time in 9 ms

10:58:29.44 (44110296)|CUMULATIVE_PROFILING|No profiling information for SOSL operations
10:58:29.44 (44110296)|CUMULATIVE_PROFILING|No profiling information for DML operations
10:58:29.44 (44110296)|CUMULATIVE_PROFILING|method invocations|
External entry point: public static List<Assigned_Approver__c> getAssignedApprovers(Opportunity): executed 1 time in 36 ms
Class.ApprovalController.getAssignedApprovers: line 71, column 1: public static String getGateNumber(String): executed 1 time in 3 ms
Class.OpportunityService: line 2, column 1: global Schema.DescribeSObjectResult getDescribe(): executed 2 times in 1 ms
Class.OpportunityService: line 3, column 1: global Schema.DescribeSObjectResult getDescribe(): executed 2 times in 0 ms

10:58:29.44 (44110296)|CUMULATIVE_PROFILING_END
