39.0 APEX_CODE,FINEST;APEX_PROFILING,FINEST;CALLOUT,INFO;DB,INFO;SYSTEM,DEBUG;VALIDATION,INFO;VISUALFORCE,INFO;WAVE,INFO;WORKFLOW,INFO
10:44:14.0 (518570)|USER_INFO|[EXTERNAL]|00528000006B07F|dev@systempartners.com.prod.pcphase2|Australian Eastern Standard Time|GMT+11:00
10:44:14.0 (587231)|EXECUTION_STARTED
10:44:14.0 (592036)|CODE_UNIT_STARTED|[EXTERNAL]|Workflow:01I28000001nkgr
10:44:14.0 (23274949)|WF_RULE_EVAL_BEGIN|Workflow
10:44:14.0 (23296764)|WF_CRITERIA_BEGIN|[Market Sector: Energy - Electrical & Instrumentation a0CO000000KJR9X]|Outbound Message - Market Sector|01QO00000009Lqe|ON_ALL_CHANGES|0
10:44:14.0 (24259956)|WF_RULE_FILTER|[Market Sector : Market Sector Name not equal to ]
10:44:14.0 (24274030)|WF_RULE_EVAL_VALUE|Energy - Electrical & Instrumentation
10:44:14.0 (24277399)|WF_CRITERIA_END|true
10:44:14.0 (40019442)|WF_SPOOL_ACTION_BEGIN|Workflow
10:44:14.0 (40061809)|WF_RULE_INVOCATION|[Market Sector: Energy - Electrical & Instrumentation a0CO000000KJR9X]
10:44:14.0 (40071483)|WF_OUTBOUND_MSG|[Market Sector: Energy - Electrical & Instrumentation a0CO000000KJR9X]|Id=04kO00000004D7w|CurrentRule:Outbound Message - Market Sector (Id=01QO00000009Lqe)
10:44:14.0 (40087792)|WF_ACTION| Outbound Message: 1;
10:44:14.0 (40090947)|WF_RULE_EVAL_END
10:44:14.0 (44949263)|WF_ACTIONS_END| Outbound Message: 1;
10:44:14.0 (44957772)|CODE_UNIT_FINISHED|Workflow:01I28000001nkgr
10:44:14.0 (44962583)|EXECUTION_FINISHED
10:44:14.92 (92412709)|CUMULATIVE_PROFILING_BEGIN
10:44:14.92 (92412709)|CUMULATIVE_PROFILING|No profiling information for SOQL operations
10:44:14.92 (92412709)|CUMULATIVE_PROFILING|No profiling information for SOSL operations
10:44:14.92 (92412709)|CUMULATIVE_PROFILING|No profiling information for DML operations
10:44:14.92 (92412709)|CUMULATIVE_PROFILING|No profiling information for method invocations
10:44:14.92 (92412709)|CUMULATIVE_PROFILING_END
