39.0 APEX_CODE,FINEST;APEX_PROFILING,FINEST;CALLOUT,NONE;DB,FINEST;SYSTEM,FINE;VALIDATION,INFO;VISUALFORCE,INFO;WAVE,INFO;WORKFLOW,FINER
14:52:26.0 (421947)|USER_INFO|[EXTERNAL]|00528000006B07F|dev@systempartners.com.prod.pcphase2|Australian Eastern Standard Time|GMT+11:00
14:52:26.0 (450363)|EXECUTION_STARTED
14:52:26.0 (454738)|CODE_UNIT_STARTED|[EXTERNAL]|VisualForce View State
14:52:26.0 (433062107)|HEAP_ALLOCATE|[72]|Bytes:3
14:52:26.0 (433105870)|HEAP_ALLOCATE|[77]|Bytes:152
14:52:26.0 (433124730)|HEAP_ALLOCATE|[342]|Bytes:408
14:52:26.0 (433146453)|HEAP_ALLOCATE|[355]|Bytes:408
14:52:26.0 (433165199)|HEAP_ALLOCATE|[467]|Bytes:48
14:52:26.0 (433193917)|HEAP_ALLOCATE|[139]|Bytes:6
14:52:26.0 (433223997)|HEAP_ALLOCATE|[50]|Bytes:5
14:52:26.0 (433245632)|HEAP_ALLOCATE|[56]|Bytes:5
14:52:26.0 (433254796)|HEAP_ALLOCATE|[64]|Bytes:7
14:52:26.0 (434802879)|CODE_UNIT_FINISHED|VisualForce View State
14:52:26.0 (436651901)|EXECUTION_FINISHED
14:52:26.438 (438222205)|USER_INFO|[EXTERNAL]|00528000006B07F|dev@systempartners.com.prod.pcphase2|Australian Eastern Standard Time|GMT+11:00
14:52:26.438 (438258851)|SYSTEM_MODE_ENTER|true
14:52:26.438 (438323133)|HEAP_ALLOCATE|[EXTERNAL]|Bytes:38
14:52:26.438 (438330748)|HEAP_ALLOCATE|[EXTERNAL]|Bytes:7
14:52:26.438 (438340230)|SYSTEM_METHOD_ENTRY|[1]|PageMessagesComponentController.PageMessagesComponentController()
14:52:26.438 (438343776)|STATEMENT_EXECUTE|[1]
14:52:27.625 (1625707320)|CUMULATIVE_LIMIT_USAGE
14:52:27.625 (1625707320)|LIMIT_USAGE_FOR_NS|(default)|
  Number of SOQL queries: 0 out of 100
  Number of query rows: 0 out of 50000
  Number of SOSL queries: 0 out of 20
  Number of DML statements: 0 out of 150
  Number of DML rows: 0 out of 10000
  Maximum CPU time: 0 out of 10000
  Maximum heap size: 0 out of 6000000
  Number of callouts: 0 out of 100
  Number of Email Invocations: 0 out of 10
  Number of future calls: 0 out of 50
  Number of queueable jobs added to the queue: 0 out of 50
  Number of Mobile Apex push calls: 0 out of 10

14:52:27.625 (1625707320)|CUMULATIVE_LIMIT_USAGE_END

