39.0 APEX_CODE,FINEST;APEX_PROFILING,FINEST;CALLOUT,NONE;DB,FINEST;SYSTEM,FINE;VALIDATION,INFO;VISUALFORCE,INFO;WAVE,INFO;WORKFLOW,FINER
11:33:51.0 (429409)|USER_INFO|[EXTERNAL]|005O0000003t7an|ricky.lowe@jhg.com.au.pcphase2|Australian Eastern Standard Time|GMT+10:00
11:33:51.0 (470372)|EXECUTION_STARTED
11:33:51.0 (477102)|CODE_UNIT_STARTED|[EXTERNAL]|aura
11:33:51.0 (821514)|HEAP_ALLOCATE|[72]|Bytes:3
11:33:51.0 (874826)|HEAP_ALLOCATE|[77]|Bytes:152
11:33:51.0 (893703)|HEAP_ALLOCATE|[342]|Bytes:408
11:33:51.0 (914054)|HEAP_ALLOCATE|[355]|Bytes:408
11:33:51.0 (932968)|HEAP_ALLOCATE|[467]|Bytes:48
11:33:51.0 (962290)|HEAP_ALLOCATE|[139]|Bytes:6
11:33:51.0 (983972)|HEAP_ALLOCATE|[EXTERNAL]|Bytes:18
11:33:51.0 (992295)|HEAP_ALLOCATE|[EXTERNAL]|Bytes:18
11:33:51.0 (2756532)|CODE_UNIT_STARTED|[EXTERNAL]|01pO00000003MVy|ApprovalController.getOpportunityRecord
11:33:51.0 (2917248)|HEAP_ALLOCATE|[EXTERNAL]|Bytes:8
11:33:51.0 (2923081)|HEAP_ALLOCATE|[EXTERNAL]|Bytes:8
11:33:51.0 (2932396)|METHOD_ENTRY|[1]|01pO00000003MVy|ApprovalController.ApprovalController()
11:33:51.0 (2936142)|STATEMENT_EXECUTE|[1]
11:33:51.0 (2941630)|STATEMENT_EXECUTE|[1]
11:33:51.0 (2947152)|METHOD_EXIT|[1]|ApprovalController
11:33:51.0 (2951168)|HEAP_ALLOCATE|[EXTERNAL]|Bytes:18
11:33:51.0 (2959363)|SYSTEM_MODE_ENTER|false
11:33:51.0 (2969725)|VARIABLE_SCOPE_BEGIN|[15]|opportunityId|String|false|false
11:33:51.0 (3003929)|VARIABLE_ASSIGNMENT|[15]|opportunityId|"006O0000008lbEOIAY"
11:33:51.0 (3014959)|STATEMENT_EXECUTE|[15]
11:33:51.0 (3016703)|STATEMENT_EXECUTE|[18]
11:33:51.0 (3020367)|HEAP_ALLOCATE|[18]|Bytes:589
11:33:51.0 (3034022)|HEAP_ALLOCATE|[18]|Bytes:4
11:33:51.0 (3046957)|HEAP_ALLOCATE|[18]|Bytes:7
11:33:51.0 (3099309)|HEAP_ALLOCATE|[50]|Bytes:5
11:33:51.0 (3122091)|HEAP_ALLOCATE|[56]|Bytes:5
11:33:51.0 (3129604)|HEAP_ALLOCATE|[64]|Bytes:7
11:33:51.0 (3995573)|SOQL_EXECUTE_BEGIN|[18]|Aggregations:0|SELECT Id, name, Gate_Status__c, TSF_Gate_Status__c, CRA_Gate_Status__c, StageName, Competitor_Analysis_General_Comments__c, Are_there_any_critical_risks__c, Has_CRA_changed_since_last_approval__c, Has_TSF_changed_since_last_approval__c, Apply_Default_Bonding__c, Conversion_Budget_Comments__c, Is_Gate_1_To_3__c, Is_Gate_4_To_5__c, Net_Budget_EOI_PQ__c, Net_Budget_Post_Tender__c, Net_Budget_Tender__c, Net_Budget_Amount__c, Total_Budget_EOI_PQ__c, Total_Budget_Tender__c, Total_Budget_AUD__c, Total_Budget_Post_Tender__c, JH_Bid_Cost_of_JH_Revenue__c FROM Opportunity WHERE Id = :tmpVar1
11:33:51.0 (4009177)|LIMIT_USAGE|[18]|SOQL|1|100
11:33:51.0 (4021136)|LIMIT_USAGE|[18]|AGGS|0|300
11:33:51.0 (49868262)|SOQL_EXECUTE_END|[18]|Rows:1
11:33:51.0 (49887776)|LIMIT_USAGE|[18]|SOQL_ROWS|1|50000
11:33:51.0 (49911835)|HEAP_ALLOCATE|[18]|Bytes:8
11:33:51.0 (49933901)|HEAP_ALLOCATE|[18]|Bytes:763
11:33:51.0 (50002884)|HEAP_ALLOCATE|[18]|Bytes:8
11:33:51.0 (50027665)|VARIABLE_SCOPE_BEGIN|[18]|allOpps|List<Opportunity>|true|false
11:33:51.0 (50088479)|VARIABLE_ASSIGNMENT|[18]|allOpps|[{"Id":"006O0000008lbEOIAY","Name":"RL Test Opp 2017-04- (11 more) ...","Gate_Status__c":"Initiated","TSF_Gate_Status__c":"Not Applicable","CRA_Gate_Status__c":"Not Applicable","StageName":"Gate 3","Apply_Default_Bondin (4 more) ...":false,"Is_Gate_1_To_3__c":true,"Is_Gate_4_To_5__c":false,"Net_Budget_EOI_PQ__c":0,"Net_Budget_Post_Tend (5 more) ...":0,"Net_Budget_Tender__c":0,"Net_Budget_Amount__c":0,"Total_Budget_EOI_PQ_ (2 more) ...":0,"Total_Budget_Tender_ (2 more) ...":0,"Total_Budget_AUD__c":0,"Total_Budget_Post_Te (7 more) ...":0}]|0x1f1f030a
11:33:51.0 (50096524)|STATEMENT_EXECUTE|[38]
11:33:51.0 (50111751)|SYSTEM_MODE_EXIT|false
11:33:51.50 (50142516)|CUMULATIVE_LIMIT_USAGE
11:33:51.50 (50142516)|LIMIT_USAGE_FOR_NS|(default)|
  Number of SOQL queries: 1 out of 100
  Number of query rows: 1 out of 50000
  Number of SOSL queries: 0 out of 20
  Number of DML statements: 0 out of 150
  Number of DML rows: 0 out of 10000
  Maximum CPU time: 0 out of 10000
  Maximum heap size: 0 out of 6000000
  Number of callouts: 0 out of 100
  Number of Email Invocations: 0 out of 10
  Number of future calls: 0 out of 50
  Number of queueable jobs added to the queue: 0 out of 50
  Number of Mobile Apex push calls: 0 out of 10

11:33:51.50 (50142516)|TOTAL_EMAIL_RECIPIENTS_QUEUED|0
11:33:51.50 (50142516)|STATIC_VARIABLE_LIST|
  char[]:DigitTens:0
  long:serialVersionUID:0
  long:serialVersionUID:0
  double:MAX_VALUE:0
  Boolean:FALSE:0
  long:serialVersionUID:0
  double:MIN_VALUE:0
  int:SIZE:0
  double:NEGATIVE_INFINITY:0
  int:MAX_VALUE:0
  String:_sfdcSuppressedCodeLocations:0
  char[]:digits:0
  double:NaN:0
  Boolean:TRUE:0
  int:MIN_VALUE:0
  char[]:DigitOnes:0
  int:BYTES:0
  int:MIN_EXPONENT:0
  int[]:sizeTable:0
  int:MAX_EXPONENT:0
  int:SIZE:0
  double:POSITIVE_INFINITY:0
  String:_sfdcAdditionalCodeLocations:0
  double:MIN_NORMAL:0
  int:BYTES:0

11:33:51.50 (50142516)|CUMULATIVE_LIMIT_USAGE_END

11:33:51.0 (50281794)|CODE_UNIT_FINISHED|ApprovalController.getOpportunityRecord
11:33:51.0 (120251026)|HEAP_ALLOCATE|[EXTERNAL]|Bytes:18
11:33:51.0 (120275253)|HEAP_ALLOCATE|[EXTERNAL]|Bytes:18
11:33:51.0 (121505126)|CODE_UNIT_STARTED|[EXTERNAL]|01pO00000003MVy|ApprovalController.getOpportunityRecord
11:33:51.0 (121543167)|HEAP_ALLOCATE|[EXTERNAL]|Bytes:18
11:33:51.0 (121554161)|SYSTEM_MODE_ENTER|false
11:33:51.0 (121564924)|VARIABLE_SCOPE_BEGIN|[15]|opportunityId|String|false|false
11:33:51.0 (121580055)|VARIABLE_ASSIGNMENT|[15]|opportunityId|"006O0000008lbEOIAY"
11:33:51.0 (121592814)|STATEMENT_EXECUTE|[15]
11:33:51.0 (121594694)|STATEMENT_EXECUTE|[18]
11:33:51.0 (121607989)|HEAP_ALLOCATE|[18]|Bytes:4
11:33:51.0 (122422354)|SOQL_EXECUTE_BEGIN|[18]|Aggregations:0|SELECT Id, name, Gate_Status__c, TSF_Gate_Status__c, CRA_Gate_Status__c, StageName, Competitor_Analysis_General_Comments__c, Are_there_any_critical_risks__c, Has_CRA_changed_since_last_approval__c, Has_TSF_changed_since_last_approval__c, Apply_Default_Bonding__c, Conversion_Budget_Comments__c, Is_Gate_1_To_3__c, Is_Gate_4_To_5__c, Net_Budget_EOI_PQ__c, Net_Budget_Post_Tender__c, Net_Budget_Tender__c, Net_Budget_Amount__c, Total_Budget_EOI_PQ__c, Total_Budget_Tender__c, Total_Budget_AUD__c, Total_Budget_Post_Tender__c, JH_Bid_Cost_of_JH_Revenue__c FROM Opportunity WHERE Id = :tmpVar1
11:33:51.0 (122437122)|LIMIT_USAGE|[18]|SOQL|2|100
11:33:51.0 (122449942)|LIMIT_USAGE|[18]|AGGS|0|300
11:33:51.0 (136181981)|SOQL_EXECUTE_END|[18]|Rows:1
11:33:51.0 (136197145)|LIMIT_USAGE|[18]|SOQL_ROWS|2|50000
11:33:51.0 (136220036)|HEAP_ALLOCATE|[18]|Bytes:8
11:33:51.0 (136249875)|HEAP_ALLOCATE|[18]|Bytes:763
11:33:51.0 (136298692)|HEAP_ALLOCATE|[18]|Bytes:8
11:33:51.0 (136325712)|VARIABLE_SCOPE_BEGIN|[18]|allOpps|List<Opportunity>|true|false
11:33:51.0 (136389955)|VARIABLE_ASSIGNMENT|[18]|allOpps|[{"Id":"006O0000008lbEOIAY","Name":"RL Test Opp 2017-04- (11 more) ...","Gate_Status__c":"Initiated","TSF_Gate_Status__c":"Not Applicable","CRA_Gate_Status__c":"Not Applicable","StageName":"Gate 3","Apply_Default_Bondin (4 more) ...":false,"Is_Gate_1_To_3__c":true,"Is_Gate_4_To_5__c":false,"Net_Budget_EOI_PQ__c":0,"Net_Budget_Post_Tend (5 more) ...":0,"Net_Budget_Tender__c":0,"Net_Budget_Amount__c":0,"Total_Budget_EOI_PQ_ (2 more) ...":0,"Total_Budget_Tender_ (2 more) ...":0,"Total_Budget_AUD__c":0,"Total_Budget_Post_Te (7 more) ...":0}]|0x6125766b
11:33:51.0 (136400791)|STATEMENT_EXECUTE|[38]
11:33:51.0 (136416696)|SYSTEM_MODE_EXIT|false
11:33:51.136 (136467237)|CUMULATIVE_LIMIT_USAGE
11:33:51.136 (136467237)|LIMIT_USAGE_FOR_NS|(default)|
  Number of SOQL queries: 2 out of 100
  Number of query rows: 2 out of 50000
  Number of SOSL queries: 0 out of 20
  Number of DML statements: 0 out of 150
  Number of DML rows: 0 out of 10000
  Maximum CPU time: 0 out of 10000
  Maximum heap size: 0 out of 6000000
  Number of callouts: 0 out of 100
  Number of Email Invocations: 0 out of 10
  Number of future calls: 0 out of 50
  Number of queueable jobs added to the queue: 0 out of 50
  Number of Mobile Apex push calls: 0 out of 10

11:33:51.136 (136467237)|TOTAL_EMAIL_RECIPIENTS_QUEUED|0
11:33:51.136 (136467237)|STATIC_VARIABLE_LIST|
  char[]:DigitTens:0
  long:serialVersionUID:0
  long:serialVersionUID:0
  double:MAX_VALUE:0
  Boolean:FALSE:0
  long:serialVersionUID:0
  double:MIN_VALUE:0
  int:SIZE:0
  double:NEGATIVE_INFINITY:0
  int:MAX_VALUE:0
  String:_sfdcSuppressedCodeLocations:0
  char[]:digits:0
  double:NaN:0
  Boolean:TRUE:0
  int:MIN_VALUE:0
  char[]:DigitOnes:0
  int:BYTES:0
  int:MIN_EXPONENT:0
  int[]:sizeTable:0
  int:MAX_EXPONENT:0
  int:SIZE:0
  double:POSITIVE_INFINITY:0
  String:_sfdcAdditionalCodeLocations:0
  double:MIN_NORMAL:0
  int:BYTES:0

11:33:51.136 (136467237)|CUMULATIVE_LIMIT_USAGE_END

11:33:51.0 (136643154)|CODE_UNIT_FINISHED|ApprovalController.getOpportunityRecord
11:33:51.0 (164596126)|HEAP_ALLOCATE|[EXTERNAL]|Bytes:18
11:33:51.0 (164618519)|HEAP_ALLOCATE|[EXTERNAL]|Bytes:18
11:33:51.0 (166398105)|CODE_UNIT_STARTED|[EXTERNAL]|01pO00000003MVy|ApprovalController.getOpportunityRecord
11:33:51.0 (166440181)|HEAP_ALLOCATE|[EXTERNAL]|Bytes:18
11:33:51.0 (166451870)|SYSTEM_MODE_ENTER|false
11:33:51.0 (166462170)|VARIABLE_SCOPE_BEGIN|[15]|opportunityId|String|false|false
11:33:51.0 (166478293)|VARIABLE_ASSIGNMENT|[15]|opportunityId|"006O0000008lbEOIAY"
11:33:51.0 (166491859)|STATEMENT_EXECUTE|[15]
11:33:51.0 (166494668)|STATEMENT_EXECUTE|[18]
11:33:51.0 (166508116)|HEAP_ALLOCATE|[18]|Bytes:4
11:33:51.0 (167306324)|SOQL_EXECUTE_BEGIN|[18]|Aggregations:0|SELECT Id, name, Gate_Status__c, TSF_Gate_Status__c, CRA_Gate_Status__c, StageName, Competitor_Analysis_General_Comments__c, Are_there_any_critical_risks__c, Has_CRA_changed_since_last_approval__c, Has_TSF_changed_since_last_approval__c, Apply_Default_Bonding__c, Conversion_Budget_Comments__c, Is_Gate_1_To_3__c, Is_Gate_4_To_5__c, Net_Budget_EOI_PQ__c, Net_Budget_Post_Tender__c, Net_Budget_Tender__c, Net_Budget_Amount__c, Total_Budget_EOI_PQ__c, Total_Budget_Tender__c, Total_Budget_AUD__c, Total_Budget_Post_Tender__c, JH_Bid_Cost_of_JH_Revenue__c FROM Opportunity WHERE Id = :tmpVar1
11:33:51.0 (167321156)|LIMIT_USAGE|[18]|SOQL|3|100
11:33:51.0 (167335012)|LIMIT_USAGE|[18]|AGGS|0|300
11:33:51.0 (180183974)|SOQL_EXECUTE_END|[18]|Rows:1
11:33:51.0 (180201396)|LIMIT_USAGE|[18]|SOQL_ROWS|3|50000
11:33:51.0 (180226779)|HEAP_ALLOCATE|[18]|Bytes:8
11:33:51.0 (180243820)|HEAP_ALLOCATE|[18]|Bytes:763
11:33:51.0 (180277911)|HEAP_ALLOCATE|[18]|Bytes:8
11:33:51.0 (180300599)|VARIABLE_SCOPE_BEGIN|[18]|allOpps|List<Opportunity>|true|false
11:33:51.0 (180384797)|VARIABLE_ASSIGNMENT|[18]|allOpps|[{"Id":"006O0000008lbEOIAY","Name":"RL Test Opp 2017-04- (11 more) ...","Gate_Status__c":"Initiated","TSF_Gate_Status__c":"Not Applicable","CRA_Gate_Status__c":"Not Applicable","StageName":"Gate 3","Apply_Default_Bondin (4 more) ...":false,"Is_Gate_1_To_3__c":true,"Is_Gate_4_To_5__c":false,"Net_Budget_EOI_PQ__c":0,"Net_Budget_Post_Tend (5 more) ...":0,"Net_Budget_Tender__c":0,"Net_Budget_Amount__c":0,"Total_Budget_EOI_PQ_ (2 more) ...":0,"Total_Budget_Tender_ (2 more) ...":0,"Total_Budget_AUD__c":0,"Total_Budget_Post_Te (7 more) ...":0}]|0x598a7953
11:33:51.0 (180396065)|STATEMENT_EXECUTE|[38]
11:33:51.0 (180410250)|SYSTEM_MODE_EXIT|false
11:33:51.180 (180437702)|CUMULATIVE_LIMIT_USAGE
11:33:51.180 (180437702)|LIMIT_USAGE_FOR_NS|(default)|
  Number of SOQL queries: 3 out of 100
  Number of query rows: 3 out of 50000
  Number of SOSL queries: 0 out of 20
  Number of DML statements: 0 out of 150
  Number of DML rows: 0 out of 10000
  Maximum CPU time: 0 out of 10000
  Maximum heap size: 0 out of 6000000
  Number of callouts: 0 out of 100
  Number of Email Invocations: 0 out of 10
  Number of future calls: 0 out of 50
  Number of queueable jobs added to the queue: 0 out of 50
  Number of Mobile Apex push calls: 0 out of 10

11:33:51.180 (180437702)|TOTAL_EMAIL_RECIPIENTS_QUEUED|0
11:33:51.180 (180437702)|STATIC_VARIABLE_LIST|
  char[]:DigitTens:0
  long:serialVersionUID:0
  long:serialVersionUID:0
  double:MAX_VALUE:0
  Boolean:FALSE:0
  long:serialVersionUID:0
  double:MIN_VALUE:0
  int:SIZE:0
  double:NEGATIVE_INFINITY:0
  int:MAX_VALUE:0
  String:_sfdcSuppressedCodeLocations:0
  char[]:digits:0
  double:NaN:0
  Boolean:TRUE:0
  int:MIN_VALUE:0
  char[]:DigitOnes:0
  int:BYTES:0
  int:MIN_EXPONENT:0
  int[]:sizeTable:0
  int:MAX_EXPONENT:0
  int:SIZE:0
  double:POSITIVE_INFINITY:0
  String:_sfdcAdditionalCodeLocations:0
  double:MIN_NORMAL:0
  int:BYTES:0

11:33:51.180 (180437702)|CUMULATIVE_LIMIT_USAGE_END

11:33:51.0 (180590173)|CODE_UNIT_FINISHED|ApprovalController.getOpportunityRecord
11:33:51.196 (196520594)|CUMULATIVE_PROFILING_BEGIN
11:33:51.196 (196520594)|CUMULATIVE_PROFILING|SOQL operations|
Class.ApprovalController.getOpportunityRecord: line 18, column 1: [SELECT   Id,name,
                                                           			Gate_Status__c,
                                                           			TSF_Gate_Status__c,
                                                           			CRA_Gate_Status__c,
                                                           			StageName,
                                    								Competitor_Analysis_General_Comments__c,
                                    								Are_there_any_critical_risks__c,
                                    								Has_CRA_changed_since_last_approval__c,
                                    								Has_TSF_changed_since_last_approval__c,
                                    								Apply_Default_Bonding__c,
                                    								Conversion_Budget_Comments__c,
                                    								Is_Gate_1_To_3__c, Is_Gate_4_To_5__c,
                                    								Net_Budget_EOI_PQ__c, Net_Budget_Post_Tender__c, 
                                    								Net_Budget_Tender__c, Net_Budget_Amount__c,
                                    								Total_Budget_EOI_PQ__c, Total_Budget_Tender__c, 
                                    								Total_Budget_AUD__c, Total_Budget_Post_Tender__c, 
                                    								JH_Bid_Cost_of_JH_Revenue__c
                                 							FROM     Opportunity
                                 							WHERE    Id = :opportunityId]: executed 3 times in 74 ms

11:33:51.196 (196520594)|CUMULATIVE_PROFILING|No profiling information for SOSL operations
11:33:51.196 (196520594)|CUMULATIVE_PROFILING|No profiling information for DML operations
11:33:51.196 (196520594)|CUMULATIVE_PROFILING|method invocations|
External entry point: public static List<Opportunity> getOpportunityRecord(String): executed 1 time in 14 ms

11:33:51.196 (196520594)|CUMULATIVE_PROFILING_END
