39.0 APEX_CODE,FINEST;APEX_PROFILING,FINEST;CALLOUT,NONE;DB,FINEST;SYSTEM,FINE;VALIDATION,INFO;VISUALFORCE,INFO;WAVE,INFO;WORKFLOW,FINER
16:21:23.0 (509495)|USER_INFO|[EXTERNAL]|00528000006B07F|dev@systempartners.com.prod.pcphase2|Australian Eastern Standard Time|GMT+11:00
16:21:23.0 (542786)|EXECUTION_STARTED
16:21:23.0 (547125)|CODE_UNIT_STARTED|[EXTERNAL]|aura
16:21:23.0 (856681)|HEAP_ALLOCATE|[72]|Bytes:3
16:21:23.0 (894338)|HEAP_ALLOCATE|[77]|Bytes:152
16:21:23.0 (909089)|HEAP_ALLOCATE|[342]|Bytes:408
16:21:23.0 (926261)|HEAP_ALLOCATE|[355]|Bytes:408
16:21:23.0 (942454)|HEAP_ALLOCATE|[467]|Bytes:48
16:21:23.0 (969249)|HEAP_ALLOCATE|[139]|Bytes:6
16:21:23.0 (993499)|HEAP_ALLOCATE|[EXTERNAL]|Bytes:18
16:21:23.0 (1006539)|HEAP_ALLOCATE|[EXTERNAL]|Bytes:18
16:21:23.0 (2794838)|CODE_UNIT_STARTED|[EXTERNAL]|01pO00000003MVy|ApprovalController.getOpportunityRecord
16:21:23.0 (2888744)|HEAP_ALLOCATE|[EXTERNAL]|Bytes:8
16:21:23.0 (2893762)|HEAP_ALLOCATE|[EXTERNAL]|Bytes:8
16:21:23.0 (2902005)|METHOD_ENTRY|[1]|01pO00000003MVy|ApprovalController.ApprovalController()
16:21:23.0 (2905825)|STATEMENT_EXECUTE|[1]
16:21:23.0 (2910150)|STATEMENT_EXECUTE|[1]
16:21:23.0 (2915603)|METHOD_EXIT|[1]|ApprovalController
16:21:23.0 (2919467)|HEAP_ALLOCATE|[EXTERNAL]|Bytes:18
16:21:23.0 (2929937)|SYSTEM_MODE_ENTER|false
16:21:23.0 (2938057)|VARIABLE_SCOPE_BEGIN|[15]|opportunityId|String|false|false
16:21:23.0 (2956319)|VARIABLE_ASSIGNMENT|[15]|opportunityId|"006O0000008j3sIIAQ"
16:21:23.0 (2964840)|STATEMENT_EXECUTE|[15]
16:21:23.0 (2966255)|STATEMENT_EXECUTE|[18]
16:21:23.0 (2969095)|HEAP_ALLOCATE|[18]|Bytes:589
16:21:23.0 (2977310)|HEAP_ALLOCATE|[18]|Bytes:4
16:21:23.0 (2985798)|HEAP_ALLOCATE|[18]|Bytes:7
16:21:23.0 (3028652)|HEAP_ALLOCATE|[50]|Bytes:5
16:21:23.0 (3049704)|HEAP_ALLOCATE|[56]|Bytes:5
16:21:23.0 (3057764)|HEAP_ALLOCATE|[64]|Bytes:7
16:21:23.0 (3846739)|SOQL_EXECUTE_BEGIN|[18]|Aggregations:0|SELECT Id, name, Gate_Status__c, TSF_Gate_Status__c, CRA_Gate_Status__c, StageName, Competitor_Analysis_General_Comments__c, Are_there_any_critical_risks__c, Has_CRA_changed_since_last_approval__c, Has_TSF_changed_since_last_approval__c, Apply_Default_Bonding__c, Conversion_Budget_Comments__c, Is_Gate_1_To_3__c, Is_Gate_4_To_5__c, Net_Budget_EOI_PQ__c, Net_Budget_Post_Tender__c, Net_Budget_Tender__c, Net_Budget_Amount__c, Total_Budget_EOI_PQ__c, Total_Budget_Tender__c, Total_Budget_AUD__c, Total_Budget_Post_Tender__c, JH_Bid_Cost_of_JH_Revenue__c FROM Opportunity WHERE Id = :tmpVar1
16:21:23.0 (3857843)|LIMIT_USAGE|[18]|SOQL|1|100
16:21:23.0 (3865437)|LIMIT_USAGE|[18]|AGGS|0|300
16:21:23.0 (39675132)|SOQL_EXECUTE_END|[18]|Rows:1
16:21:23.0 (39690140)|LIMIT_USAGE|[18]|SOQL_ROWS|1|50000
16:21:23.0 (39710508)|HEAP_ALLOCATE|[18]|Bytes:8
16:21:23.0 (39725005)|HEAP_ALLOCATE|[18]|Bytes:1147
16:21:23.0 (39844537)|HEAP_ALLOCATE|[18]|Bytes:8
16:21:23.0 (39865718)|VARIABLE_SCOPE_BEGIN|[18]|allOpps|List<Opportunity>|true|false
16:21:23.0 (39927051)|VARIABLE_ASSIGNMENT|[18]|allOpps|[{"Id":"006O0000008j3sIIAQ","Name":"Mernda Rail Bypass","Gate_Status__c":"Not Applicable","TSF_Gate_Status__c":"Rejected","CRA_Gate_Status__c":"Approved","StageName":"Gate 4","Competitor_Analysis_ (19 more) ...":"this is a test for J (83 more) ...","Are_there_any_critic (11 more) ...":"No","Has_CRA_changed_sinc (18 more) ...":"No","Has_TSF_changed_sinc (18 more) ...":"No","Apply_Default_Bondin (4 more) ...":true,"Conversion_Budget_Co (9 more) ...":"This is a test for J (12 more) ...","Is_Gate_1_To_3__c":false,"Is_Gate_4_To_5__c":true,"Net_Budget_EOI_PQ__c":1000001,"Net_Budget_Post_Tend (5 more) ...":9000009,"Net_Budget_Tender__c":5000008,"Net_Budget_Amount__c":15000018,"Total_Budget_EOI_PQ_ (2 more) ...":1000005,"Total_Budget_Tender_ (2 more) ...":5000013,"Total_Budget_AUD__c":15000036,"Total_Budget_Post_Te (7 more) ...":9000018,"JH_Bid_Cost_of_JH_Re (8 more) ...":23.8}]|0x1f47b7be
16:21:23.0 (39938750)|STATEMENT_EXECUTE|[38]
16:21:23.0 (39954106)|SYSTEM_MODE_EXIT|false
16:21:23.39 (39979987)|CUMULATIVE_LIMIT_USAGE
16:21:23.39 (39979987)|LIMIT_USAGE_FOR_NS|(default)|
  Number of SOQL queries: 1 out of 100
  Number of query rows: 1 out of 50000
  Number of SOSL queries: 0 out of 20
  Number of DML statements: 0 out of 150
  Number of DML rows: 0 out of 10000
  Maximum CPU time: 0 out of 10000
  Maximum heap size: 0 out of 6000000
  Number of callouts: 0 out of 100
  Number of Email Invocations: 0 out of 10
  Number of future calls: 0 out of 50
  Number of queueable jobs added to the queue: 0 out of 50
  Number of Mobile Apex push calls: 0 out of 10

16:21:23.39 (39979987)|TOTAL_EMAIL_RECIPIENTS_QUEUED|0
16:21:23.39 (39979987)|STATIC_VARIABLE_LIST|
  char[]:DigitTens:0
  long:serialVersionUID:0
  long:serialVersionUID:0
  double:MAX_VALUE:0
  Boolean:FALSE:0
  long:serialVersionUID:0
  double:MIN_VALUE:0
  int:SIZE:0
  double:NEGATIVE_INFINITY:0
  int:MAX_VALUE:0
  String:_sfdcSuppressedCodeLocations:0
  char[]:digits:0
  double:NaN:0
  Boolean:TRUE:0
  int:MIN_VALUE:0
  char[]:DigitOnes:0
  int:BYTES:0
  int:MIN_EXPONENT:0
  int[]:sizeTable:0
  int:MAX_EXPONENT:0
  int:SIZE:0
  double:POSITIVE_INFINITY:0
  String:_sfdcAdditionalCodeLocations:0
  double:MIN_NORMAL:0
  int:BYTES:0

16:21:23.39 (39979987)|CUMULATIVE_LIMIT_USAGE_END

16:21:23.0 (40105820)|CODE_UNIT_FINISHED|ApprovalController.getOpportunityRecord
16:21:23.126 (126827769)|CUMULATIVE_PROFILING_BEGIN
16:21:23.126 (126827769)|CUMULATIVE_PROFILING|SOQL operations|
Class.ApprovalController.getOpportunityRecord: line 18, column 1: [SELECT   Id,name,
                                                           			Gate_Status__c,
                                                           			TSF_Gate_Status__c,
                                                           			CRA_Gate_Status__c,
                                                           			StageName,
                                    								Competitor_Analysis_General_Comments__c,
                                    								Are_there_any_critical_risks__c,
                                    								Has_CRA_changed_since_last_approval__c,
                                    								Has_TSF_changed_since_last_approval__c,
                                    								Apply_Default_Bonding__c,
                                    								Conversion_Budget_Comments__c,
                                    								Is_Gate_1_To_3__c, Is_Gate_4_To_5__c,
                                    								Net_Budget_EOI_PQ__c, Net_Budget_Post_Tender__c, 
                                    								Net_Budget_Tender__c, Net_Budget_Amount__c,
                                    								Total_Budget_EOI_PQ__c, Total_Budget_Tender__c, 
                                    								Total_Budget_AUD__c, Total_Budget_Post_Tender__c, 
                                    								JH_Bid_Cost_of_JH_Revenue__c
                                 							FROM     Opportunity
                                 							WHERE    Id = :opportunityId]: executed 1 time in 37 ms

16:21:23.126 (126827769)|CUMULATIVE_PROFILING|No profiling information for SOSL operations
16:21:23.126 (126827769)|CUMULATIVE_PROFILING|No profiling information for DML operations
16:21:23.126 (126827769)|CUMULATIVE_PROFILING|method invocations|
External entry point: public static List<Opportunity> getOpportunityRecord(String): executed 1 time in 37 ms

16:21:23.126 (126827769)|CUMULATIVE_PROFILING_END
