39.0 APEX_CODE,FINEST;APEX_PROFILING,FINEST;CALLOUT,INFO;DB,INFO;SYSTEM,DEBUG;VALIDATION,INFO;VISUALFORCE,INFO;WAVE,INFO;WORKFLOW,INFO
15:58:29.0 (467118)|USER_INFO|[EXTERNAL]|00528000006B07F|dev@systempartners.com.prod.pcphase2|Australian Eastern Standard Time|GMT+11:00
15:58:29.0 (497776)|EXECUTION_STARTED
15:58:29.0 (501579)|CODE_UNIT_STARTED|[EXTERNAL]|aura
15:58:29.0 (966896)|HEAP_ALLOCATE|[72]|Bytes:3
15:58:29.0 (1014946)|HEAP_ALLOCATE|[77]|Bytes:152
15:58:29.0 (1034360)|HEAP_ALLOCATE|[342]|Bytes:408
15:58:29.0 (1054586)|HEAP_ALLOCATE|[355]|Bytes:408
15:58:29.0 (1072531)|HEAP_ALLOCATE|[467]|Bytes:48
15:58:29.0 (1099717)|HEAP_ALLOCATE|[139]|Bytes:6
15:58:29.0 (1125793)|HEAP_ALLOCATE|[EXTERNAL]|Bytes:18
15:58:29.0 (1138558)|HEAP_ALLOCATE|[EXTERNAL]|Bytes:18
15:58:29.0 (2404646)|CODE_UNIT_STARTED|[EXTERNAL]|01pO00000003MVy|ApprovalController.getOpportunityRecord
15:58:29.0 (2565993)|HEAP_ALLOCATE|[EXTERNAL]|Bytes:5
15:58:29.0 (2571298)|HEAP_ALLOCATE|[EXTERNAL]|Bytes:8
15:58:29.0 (2581378)|METHOD_ENTRY|[1]|01pO00000003MVy|ApprovalController.ApprovalController()
15:58:29.0 (2585766)|STATEMENT_EXECUTE|[1]
15:58:29.0 (2591469)|STATEMENT_EXECUTE|[1]
15:58:29.0 (2596817)|METHOD_EXIT|[1]|ApprovalController
15:58:29.0 (2600443)|HEAP_ALLOCATE|[EXTERNAL]|Bytes:18
15:58:29.0 (2609072)|SYSTEM_MODE_ENTER|false
15:58:29.0 (2618414)|VARIABLE_SCOPE_BEGIN|[15]|opportunityId|String|false|false
15:58:29.0 (2642269)|VARIABLE_ASSIGNMENT|[15]|opportunityId|"006O0000008kRsJIAU"
15:58:29.0 (2650082)|STATEMENT_EXECUTE|[15]
15:58:29.0 (2651647)|STATEMENT_EXECUTE|[18]
15:58:29.0 (2655837)|HEAP_ALLOCATE|[18]|Bytes:589
15:58:29.0 (2668122)|HEAP_ALLOCATE|[18]|Bytes:4
15:58:29.0 (2681191)|HEAP_ALLOCATE|[18]|Bytes:7
15:58:29.0 (2727271)|HEAP_ALLOCATE|[50]|Bytes:5
15:58:29.0 (2748937)|HEAP_ALLOCATE|[56]|Bytes:5
15:58:29.0 (2757315)|HEAP_ALLOCATE|[64]|Bytes:7
15:58:29.0 (3582097)|SOQL_EXECUTE_BEGIN|[18]|Aggregations:0|SELECT Id, name, Gate_Status__c, TSF_Gate_Status__c, CRA_Gate_Status__c, StageName, Competitor_Analysis_General_Comments__c, Are_there_any_critical_risks__c, Has_CRA_changed_since_last_approval__c, Has_TSF_changed_since_last_approval__c, Apply_Default_Bonding__c, Conversion_Budget_Comments__c, Is_Gate_1_To_3__c, Is_Gate_4_To_5__c, Net_Budget_EOI_PQ__c, Net_Budget_Post_Tender__c, Net_Budget_Tender__c, Net_Budget_Amount__c, Total_Budget_EOI_PQ__c, Total_Budget_Tender__c, Total_Budget_AUD__c, Total_Budget_Post_Tender__c, JH_Bid_Cost_of_JH_Revenue__c FROM Opportunity WHERE Id = :tmpVar1
15:58:29.0 (3592904)|LIMIT_USAGE|[18]|SOQL|1|100
15:58:29.0 (3600647)|LIMIT_USAGE|[18]|AGGS|0|300
15:58:29.0 (43725633)|SOQL_EXECUTE_END|[18]|Rows:1
15:58:29.0 (43736903)|LIMIT_USAGE|[18]|SOQL_ROWS|1|50000
15:58:29.0 (43753916)|HEAP_ALLOCATE|[18]|Bytes:8
15:58:29.0 (43765723)|HEAP_ALLOCATE|[18]|Bytes:847
15:58:29.0 (43795900)|HEAP_ALLOCATE|[18]|Bytes:8
15:58:29.0 (43811381)|VARIABLE_SCOPE_BEGIN|[18]|allOpps|List<Opportunity>|true|false
15:58:29.0 (43861986)|VARIABLE_ASSIGNMENT|[18]|allOpps|[{"Id":"006O0000008kRsJIAU","Name":"Test Alex 15 Mar 124 (3 more) ...","Gate_Status__c":"Reviewing Approvers","TSF_Gate_Status__c":"Not Applicable","CRA_Gate_Status__c":"Not Applicable","StageName":"Gate 1","Are_there_any_critic (11 more) ...":"No","Has_CRA_changed_sinc (18 more) ...":"Yes","Apply_Default_Bondin (4 more) ...":true,"Is_Gate_1_To_3__c":true,"Is_Gate_4_To_5__c":false,"Net_Budget_EOI_PQ__c":0,"Net_Budget_Post_Tend (5 more) ...":0,"Net_Budget_Tender__c":0,"Net_Budget_Amount__c":0,"Total_Budget_EOI_PQ_ (2 more) ...":0,"Total_Budget_Tender_ (2 more) ...":0,"Total_Budget_AUD__c":0,"Total_Budget_Post_Te (7 more) ...":0}]|0x3feb6ed7
15:58:29.0 (43872580)|STATEMENT_EXECUTE|[38]
15:58:29.0 (43883151)|SYSTEM_MODE_EXIT|false
15:58:29.43 (43903080)|CUMULATIVE_LIMIT_USAGE
15:58:29.43 (43903080)|LIMIT_USAGE_FOR_NS|(default)|
  Number of SOQL queries: 1 out of 100
  Number of query rows: 1 out of 50000
  Number of SOSL queries: 0 out of 20
  Number of DML statements: 0 out of 150
  Number of DML rows: 0 out of 10000
  Maximum CPU time: 0 out of 10000
  Maximum heap size: 0 out of 6000000
  Number of callouts: 0 out of 100
  Number of Email Invocations: 0 out of 10
  Number of future calls: 0 out of 50
  Number of queueable jobs added to the queue: 0 out of 50
  Number of Mobile Apex push calls: 0 out of 10

15:58:29.43 (43903080)|TOTAL_EMAIL_RECIPIENTS_QUEUED|0
15:58:29.43 (43903080)|STATIC_VARIABLE_LIST|
  char[]:DigitTens:0
  long:serialVersionUID:0
  long:serialVersionUID:0
  double:MAX_VALUE:0
  Boolean:FALSE:0
  long:serialVersionUID:0
  double:MIN_VALUE:0
  int:SIZE:0
  double:NEGATIVE_INFINITY:0
  int:MAX_VALUE:0
  String:_sfdcSuppressedCodeLocations:0
  char[]:digits:0
  double:NaN:0
  Boolean:TRUE:0
  int:MIN_VALUE:0
  char[]:DigitOnes:0
  int:BYTES:0
  int:MIN_EXPONENT:0
  int[]:sizeTable:0
  int:MAX_EXPONENT:0
  int:SIZE:0
  double:POSITIVE_INFINITY:0
  String:_sfdcAdditionalCodeLocations:0
  double:MIN_NORMAL:0
  int:BYTES:0

15:58:29.43 (43903080)|CUMULATIVE_LIMIT_USAGE_END

15:58:29.0 (44003706)|CODE_UNIT_FINISHED|ApprovalController.getOpportunityRecord
15:58:29.144 (144704116)|CUMULATIVE_PROFILING_BEGIN
15:58:29.144 (144704116)|CUMULATIVE_PROFILING|SOQL operations|
Class.ApprovalController.getOpportunityRecord: line 18, column 1: [SELECT   Id,name,
                                                           			Gate_Status__c,
                                                           			TSF_Gate_Status__c,
                                                           			CRA_Gate_Status__c,
                                                           			StageName,
                                    								Competitor_Analysis_General_Comments__c,
                                    								Are_there_any_critical_risks__c,
                                    								Has_CRA_changed_since_last_approval__c,
                                    								Has_TSF_changed_since_last_approval__c,
                                    								Apply_Default_Bonding__c,
                                    								Conversion_Budget_Comments__c,
                                    								Is_Gate_1_To_3__c, Is_Gate_4_To_5__c,
                                    								Net_Budget_EOI_PQ__c, Net_Budget_Post_Tender__c, 
                                    								Net_Budget_Tender__c, Net_Budget_Amount__c,
                                    								Total_Budget_EOI_PQ__c, Total_Budget_Tender__c, 
                                    								Total_Budget_AUD__c, Total_Budget_Post_Tender__c, 
                                    								JH_Bid_Cost_of_JH_Revenue__c
                                 							FROM     Opportunity
                                 							WHERE    Id = :opportunityId]: executed 1 time in 41 ms

15:58:29.144 (144704116)|CUMULATIVE_PROFILING|No profiling information for SOSL operations
15:58:29.144 (144704116)|CUMULATIVE_PROFILING|No profiling information for DML operations
15:58:29.144 (144704116)|CUMULATIVE_PROFILING|method invocations|
External entry point: public static List<Opportunity> getOpportunityRecord(String): executed 1 time in 42 ms

15:58:29.144 (144704116)|CUMULATIVE_PROFILING_END
