39.0 APEX_CODE,FINEST;APEX_PROFILING,FINEST;CALLOUT,NONE;DB,FINEST;SYSTEM,FINE;VALIDATION,INFO;VISUALFORCE,INFO;WAVE,INFO;WORKFLOW,FINER
15:53:03.1 (1958241)|USER_INFO|[EXTERNAL]|00528000006B07F|dev@systempartners.com.prod.pcphase2|Australian Eastern Standard Time|GMT+11:00
15:53:03.1 (1992596)|EXECUTION_STARTED
15:53:03.1 (1997242)|CODE_UNIT_STARTED|[EXTERNAL]|aura
15:53:03.1 (2664718)|HEAP_ALLOCATE|[72]|Bytes:3
15:53:03.1 (2702017)|HEAP_ALLOCATE|[77]|Bytes:152
15:53:03.1 (2716718)|HEAP_ALLOCATE|[342]|Bytes:408
15:53:03.1 (2733357)|HEAP_ALLOCATE|[355]|Bytes:408
15:53:03.1 (2749216)|HEAP_ALLOCATE|[467]|Bytes:48
15:53:03.1 (2776851)|HEAP_ALLOCATE|[139]|Bytes:6
15:53:03.1 (2801856)|HEAP_ALLOCATE|[EXTERNAL]|Bytes:18
15:53:03.1 (2825848)|HEAP_ALLOCATE|[EXTERNAL]|Bytes:18
15:53:03.1 (4926047)|CODE_UNIT_STARTED|[EXTERNAL]|01pO00000003MVy|ApprovalController.getOpportunityRecord
15:53:03.1 (5082354)|HEAP_ALLOCATE|[EXTERNAL]|Bytes:8
15:53:03.1 (5088373)|HEAP_ALLOCATE|[EXTERNAL]|Bytes:8
15:53:03.1 (5097760)|METHOD_ENTRY|[1]|01pO00000003MVy|ApprovalController.ApprovalController()
15:53:03.1 (5101207)|STATEMENT_EXECUTE|[1]
15:53:03.1 (5105669)|STATEMENT_EXECUTE|[1]
15:53:03.1 (5110161)|METHOD_EXIT|[1]|ApprovalController
15:53:03.1 (5113655)|HEAP_ALLOCATE|[EXTERNAL]|Bytes:18
15:53:03.1 (5122513)|SYSTEM_MODE_ENTER|false
15:53:03.1 (5129784)|VARIABLE_SCOPE_BEGIN|[15]|opportunityId|String|false|false
15:53:03.1 (5149925)|VARIABLE_ASSIGNMENT|[15]|opportunityId|"006O0000008kRsJIAU"
15:53:03.1 (5156702)|STATEMENT_EXECUTE|[15]
15:53:03.1 (5158160)|STATEMENT_EXECUTE|[18]
15:53:03.1 (5161234)|HEAP_ALLOCATE|[18]|Bytes:589
15:53:03.1 (5169505)|HEAP_ALLOCATE|[18]|Bytes:4
15:53:03.1 (5178907)|HEAP_ALLOCATE|[18]|Bytes:7
15:53:03.1 (5215227)|HEAP_ALLOCATE|[50]|Bytes:5
15:53:03.1 (5235189)|HEAP_ALLOCATE|[56]|Bytes:5
15:53:03.1 (5243011)|HEAP_ALLOCATE|[64]|Bytes:7
15:53:03.1 (5932569)|SOQL_EXECUTE_BEGIN|[18]|Aggregations:0|SELECT Id, name, Gate_Status__c, TSF_Gate_Status__c, CRA_Gate_Status__c, StageName, Competitor_Analysis_General_Comments__c, Are_there_any_critical_risks__c, Has_CRA_changed_since_last_approval__c, Has_TSF_changed_since_last_approval__c, Apply_Default_Bonding__c, Conversion_Budget_Comments__c, Is_Gate_1_To_3__c, Is_Gate_4_To_5__c, Net_Budget_EOI_PQ__c, Net_Budget_Post_Tender__c, Net_Budget_Tender__c, Net_Budget_Amount__c, Total_Budget_EOI_PQ__c, Total_Budget_Tender__c, Total_Budget_AUD__c, Total_Budget_Post_Tender__c, JH_Bid_Cost_of_JH_Revenue__c FROM Opportunity WHERE Id = :tmpVar1
15:53:03.1 (5944418)|LIMIT_USAGE|[18]|SOQL|1|100
15:53:03.1 (5951565)|LIMIT_USAGE|[18]|AGGS|0|300
15:53:03.1 (44989876)|SOQL_EXECUTE_END|[18]|Rows:1
15:53:03.1 (45002288)|LIMIT_USAGE|[18]|SOQL_ROWS|1|50000
15:53:03.1 (45017508)|HEAP_ALLOCATE|[18]|Bytes:8
15:53:03.1 (45029589)|HEAP_ALLOCATE|[18]|Bytes:847
15:53:03.1 (45063431)|HEAP_ALLOCATE|[18]|Bytes:8
15:53:03.1 (45080109)|VARIABLE_SCOPE_BEGIN|[18]|allOpps|List<Opportunity>|true|false
15:53:03.1 (45127512)|VARIABLE_ASSIGNMENT|[18]|allOpps|[{"Id":"006O0000008kRsJIAU","Name":"Test Alex 15 Mar 124 (3 more) ...","Gate_Status__c":"Reviewing Approvers","TSF_Gate_Status__c":"Not Applicable","CRA_Gate_Status__c":"Not Applicable","StageName":"Gate 1","Are_there_any_critic (11 more) ...":"No","Has_CRA_changed_sinc (18 more) ...":"Yes","Apply_Default_Bondin (4 more) ...":true,"Is_Gate_1_To_3__c":true,"Is_Gate_4_To_5__c":false,"Net_Budget_EOI_PQ__c":0,"Net_Budget_Post_Tend (5 more) ...":0,"Net_Budget_Tender__c":0,"Net_Budget_Amount__c":0,"Total_Budget_EOI_PQ_ (2 more) ...":0,"Total_Budget_Tender_ (2 more) ...":0,"Total_Budget_AUD__c":0,"Total_Budget_Post_Te (7 more) ...":0}]|0x3ba885f9
15:53:03.1 (45136350)|STATEMENT_EXECUTE|[38]
15:53:03.1 (45148461)|SYSTEM_MODE_EXIT|false
15:53:03.45 (45169631)|CUMULATIVE_LIMIT_USAGE
15:53:03.45 (45169631)|LIMIT_USAGE_FOR_NS|(default)|
  Number of SOQL queries: 1 out of 100
  Number of query rows: 1 out of 50000
  Number of SOSL queries: 0 out of 20
  Number of DML statements: 0 out of 150
  Number of DML rows: 0 out of 10000
  Maximum CPU time: 0 out of 10000
  Maximum heap size: 0 out of 6000000
  Number of callouts: 0 out of 100
  Number of Email Invocations: 0 out of 10
  Number of future calls: 0 out of 50
  Number of queueable jobs added to the queue: 0 out of 50
  Number of Mobile Apex push calls: 0 out of 10

15:53:03.45 (45169631)|TOTAL_EMAIL_RECIPIENTS_QUEUED|0
15:53:03.45 (45169631)|STATIC_VARIABLE_LIST|
  char[]:DigitTens:0
  long:serialVersionUID:0
  long:serialVersionUID:0
  double:MAX_VALUE:0
  Boolean:FALSE:0
  long:serialVersionUID:0
  double:MIN_VALUE:0
  int:SIZE:0
  double:NEGATIVE_INFINITY:0
  int:MAX_VALUE:0
  String:_sfdcSuppressedCodeLocations:0
  char[]:digits:0
  double:NaN:0
  Boolean:TRUE:0
  int:MIN_VALUE:0
  char[]:DigitOnes:0
  int:BYTES:0
  int:MIN_EXPONENT:0
  int[]:sizeTable:0
  int:MAX_EXPONENT:0
  int:SIZE:0
  double:POSITIVE_INFINITY:0
  String:_sfdcAdditionalCodeLocations:0
  double:MIN_NORMAL:0
  int:BYTES:0

15:53:03.45 (45169631)|CUMULATIVE_LIMIT_USAGE_END

15:53:03.1 (45393315)|CODE_UNIT_FINISHED|ApprovalController.getOpportunityRecord
15:53:03.1 (69232460)|HEAP_ALLOCATE|[EXTERNAL]|Bytes:18
15:53:03.1 (69259756)|HEAP_ALLOCATE|[EXTERNAL]|Bytes:18
15:53:03.1 (70781563)|CODE_UNIT_STARTED|[EXTERNAL]|01pO00000003MVy|ApprovalController.getOpportunityRecord
15:53:03.1 (70829043)|HEAP_ALLOCATE|[EXTERNAL]|Bytes:18
15:53:03.1 (70844518)|SYSTEM_MODE_ENTER|false
15:53:03.1 (70854051)|VARIABLE_SCOPE_BEGIN|[15]|opportunityId|String|false|false
15:53:03.1 (70867863)|VARIABLE_ASSIGNMENT|[15]|opportunityId|"006O0000008kRsJIAU"
15:53:03.1 (70879420)|STATEMENT_EXECUTE|[15]
15:53:03.1 (70882454)|STATEMENT_EXECUTE|[18]
15:53:03.1 (70895076)|HEAP_ALLOCATE|[18]|Bytes:4
15:53:03.1 (71539103)|SOQL_EXECUTE_BEGIN|[18]|Aggregations:0|SELECT Id, name, Gate_Status__c, TSF_Gate_Status__c, CRA_Gate_Status__c, StageName, Competitor_Analysis_General_Comments__c, Are_there_any_critical_risks__c, Has_CRA_changed_since_last_approval__c, Has_TSF_changed_since_last_approval__c, Apply_Default_Bonding__c, Conversion_Budget_Comments__c, Is_Gate_1_To_3__c, Is_Gate_4_To_5__c, Net_Budget_EOI_PQ__c, Net_Budget_Post_Tender__c, Net_Budget_Tender__c, Net_Budget_Amount__c, Total_Budget_EOI_PQ__c, Total_Budget_Tender__c, Total_Budget_AUD__c, Total_Budget_Post_Tender__c, JH_Bid_Cost_of_JH_Revenue__c FROM Opportunity WHERE Id = :tmpVar1
15:53:03.1 (71550161)|LIMIT_USAGE|[18]|SOQL|2|100
15:53:03.1 (71559092)|LIMIT_USAGE|[18]|AGGS|0|300
15:53:03.1 (80606050)|SOQL_EXECUTE_END|[18]|Rows:1
15:53:03.1 (80614825)|LIMIT_USAGE|[18]|SOQL_ROWS|2|50000
15:53:03.1 (80627426)|HEAP_ALLOCATE|[18]|Bytes:8
15:53:03.1 (80639475)|HEAP_ALLOCATE|[18]|Bytes:847
15:53:03.1 (80667663)|HEAP_ALLOCATE|[18]|Bytes:8
15:53:03.1 (80678758)|VARIABLE_SCOPE_BEGIN|[18]|allOpps|List<Opportunity>|true|false
15:53:03.1 (80715515)|VARIABLE_ASSIGNMENT|[18]|allOpps|[{"Id":"006O0000008kRsJIAU","Name":"Test Alex 15 Mar 124 (3 more) ...","Gate_Status__c":"Reviewing Approvers","TSF_Gate_Status__c":"Not Applicable","CRA_Gate_Status__c":"Not Applicable","StageName":"Gate 1","Are_there_any_critic (11 more) ...":"No","Has_CRA_changed_sinc (18 more) ...":"Yes","Apply_Default_Bondin (4 more) ...":true,"Is_Gate_1_To_3__c":true,"Is_Gate_4_To_5__c":false,"Net_Budget_EOI_PQ__c":0,"Net_Budget_Post_Tend (5 more) ...":0,"Net_Budget_Tender__c":0,"Net_Budget_Amount__c":0,"Total_Budget_EOI_PQ_ (2 more) ...":0,"Total_Budget_Tender_ (2 more) ...":0,"Total_Budget_AUD__c":0,"Total_Budget_Post_Te (7 more) ...":0}]|0x38c0b27
15:53:03.1 (80722492)|STATEMENT_EXECUTE|[38]
15:53:03.1 (80733420)|SYSTEM_MODE_EXIT|false
15:53:03.80 (80756428)|CUMULATIVE_LIMIT_USAGE
15:53:03.80 (80756428)|LIMIT_USAGE_FOR_NS|(default)|
  Number of SOQL queries: 2 out of 100
  Number of query rows: 2 out of 50000
  Number of SOSL queries: 0 out of 20
  Number of DML statements: 0 out of 150
  Number of DML rows: 0 out of 10000
  Maximum CPU time: 0 out of 10000
  Maximum heap size: 0 out of 6000000
  Number of callouts: 0 out of 100
  Number of Email Invocations: 0 out of 10
  Number of future calls: 0 out of 50
  Number of queueable jobs added to the queue: 0 out of 50
  Number of Mobile Apex push calls: 0 out of 10

15:53:03.80 (80756428)|TOTAL_EMAIL_RECIPIENTS_QUEUED|0
15:53:03.80 (80756428)|STATIC_VARIABLE_LIST|
  char[]:DigitTens:0
  long:serialVersionUID:0
  long:serialVersionUID:0
  double:MAX_VALUE:0
  Boolean:FALSE:0
  long:serialVersionUID:0
  double:MIN_VALUE:0
  int:SIZE:0
  double:NEGATIVE_INFINITY:0
  int:MAX_VALUE:0
  String:_sfdcSuppressedCodeLocations:0
  char[]:digits:0
  double:NaN:0
  Boolean:TRUE:0
  int:MIN_VALUE:0
  char[]:DigitOnes:0
  int:BYTES:0
  int:MIN_EXPONENT:0
  int[]:sizeTable:0
  int:MAX_EXPONENT:0
  int:SIZE:0
  double:POSITIVE_INFINITY:0
  String:_sfdcAdditionalCodeLocations:0
  double:MIN_NORMAL:0
  int:BYTES:0

15:53:03.80 (80756428)|CUMULATIVE_LIMIT_USAGE_END

15:53:03.1 (80876245)|CODE_UNIT_FINISHED|ApprovalController.getOpportunityRecord
15:53:03.100 (100170216)|CUMULATIVE_PROFILING_BEGIN
15:53:03.100 (100170216)|CUMULATIVE_PROFILING|SOQL operations|
Class.ApprovalController.getOpportunityRecord: line 18, column 1: [SELECT   Id,name,
                                                           			Gate_Status__c,
                                                           			TSF_Gate_Status__c,
                                                           			CRA_Gate_Status__c,
                                                           			StageName,
                                    								Competitor_Analysis_General_Comments__c,
                                    								Are_there_any_critical_risks__c,
                                    								Has_CRA_changed_since_last_approval__c,
                                    								Has_TSF_changed_since_last_approval__c,
                                    								Apply_Default_Bonding__c,
                                    								Conversion_Budget_Comments__c,
                                    								Is_Gate_1_To_3__c, Is_Gate_4_To_5__c,
                                    								Net_Budget_EOI_PQ__c, Net_Budget_Post_Tender__c, 
                                    								Net_Budget_Tender__c, Net_Budget_Amount__c,
                                    								Total_Budget_EOI_PQ__c, Total_Budget_Tender__c, 
                                    								Total_Budget_AUD__c, Total_Budget_Post_Tender__c, 
                                    								JH_Bid_Cost_of_JH_Revenue__c
                                 							FROM     Opportunity
                                 							WHERE    Id = :opportunityId]: executed 2 times in 50 ms

15:53:03.100 (100170216)|CUMULATIVE_PROFILING|No profiling information for SOSL operations
15:53:03.100 (100170216)|CUMULATIVE_PROFILING|No profiling information for DML operations
15:53:03.100 (100170216)|CUMULATIVE_PROFILING|method invocations|
External entry point: public static List<Opportunity> getOpportunityRecord(String): executed 1 time in 10 ms

15:53:03.100 (100170216)|CUMULATIVE_PROFILING_END
