39.0 APEX_CODE,FINEST;APEX_PROFILING,FINEST;CALLOUT,INFO;DB,INFO;SYSTEM,DEBUG;VALIDATION,INFO;VISUALFORCE,INFO;WAVE,INFO;WORKFLOW,INFO
14:10:05.0 (800039)|USER_INFO|[EXTERNAL]|00528000006B07F|dev@systempartners.com.prod.pcphase2|Australian Eastern Standard Time|GMT+11:00
14:10:05.0 (833686)|EXECUTION_STARTED
14:10:05.0 (838972)|CODE_UNIT_STARTED|[EXTERNAL]|aura
14:10:05.0 (1329003)|HEAP_ALLOCATE|[72]|Bytes:3
14:10:05.0 (1392369)|HEAP_ALLOCATE|[77]|Bytes:152
14:10:05.0 (1424598)|HEAP_ALLOCATE|[342]|Bytes:408
14:10:05.0 (1464805)|HEAP_ALLOCATE|[355]|Bytes:408
14:10:05.0 (1494531)|HEAP_ALLOCATE|[467]|Bytes:48
14:10:05.0 (1538500)|HEAP_ALLOCATE|[139]|Bytes:6
14:10:05.0 (1577722)|HEAP_ALLOCATE|[EXTERNAL]|Bytes:18
14:10:05.0 (1596650)|HEAP_ALLOCATE|[EXTERNAL]|Bytes:18
14:10:05.0 (3435046)|CODE_UNIT_STARTED|[EXTERNAL]|01pO00000003MVy|ApprovalController.getOpportunityRecord
14:10:05.0 (3561847)|HEAP_ALLOCATE|[EXTERNAL]|Bytes:5
14:10:05.0 (3567655)|HEAP_ALLOCATE|[EXTERNAL]|Bytes:8
14:10:05.0 (3578280)|METHOD_ENTRY|[1]|01pO00000003MVy|ApprovalController.ApprovalController()
14:10:05.0 (3582317)|STATEMENT_EXECUTE|[1]
14:10:05.0 (3589040)|STATEMENT_EXECUTE|[1]
14:10:05.0 (3594492)|METHOD_EXIT|[1]|ApprovalController
14:10:05.0 (3598310)|HEAP_ALLOCATE|[EXTERNAL]|Bytes:18
14:10:05.0 (3608647)|SYSTEM_MODE_ENTER|false
14:10:05.0 (3617437)|VARIABLE_SCOPE_BEGIN|[15]|opportunityId|String|false|false
14:10:05.0 (3641837)|VARIABLE_ASSIGNMENT|[15]|opportunityId|"006O0000008kRsJIAU"
14:10:05.0 (3650676)|STATEMENT_EXECUTE|[15]
14:10:05.0 (3652392)|STATEMENT_EXECUTE|[18]
14:10:05.0 (3657256)|HEAP_ALLOCATE|[18]|Bytes:589
14:10:05.0 (3672115)|HEAP_ALLOCATE|[18]|Bytes:4
14:10:05.0 (3687011)|HEAP_ALLOCATE|[18]|Bytes:7
14:10:05.0 (3737756)|HEAP_ALLOCATE|[50]|Bytes:5
14:10:05.0 (3765874)|HEAP_ALLOCATE|[56]|Bytes:5
14:10:05.0 (3774682)|HEAP_ALLOCATE|[64]|Bytes:7
14:10:05.0 (4651564)|SOQL_EXECUTE_BEGIN|[18]|Aggregations:0|SELECT Id, name, Gate_Status__c, TSF_Gate_Status__c, CRA_Gate_Status__c, StageName, Competitor_Analysis_General_Comments__c, Are_there_any_critical_risks__c, Has_CRA_changed_since_last_approval__c, Has_TSF_changed_since_last_approval__c, Apply_Default_Bonding__c, Conversion_Budget_Comments__c, Is_Gate_1_To_3__c, Is_Gate_4_To_5__c, Net_Budget_EOI_PQ__c, Net_Budget_Post_Tender__c, Net_Budget_Tender__c, Net_Budget_Amount__c, Total_Budget_EOI_PQ__c, Total_Budget_Tender__c, Total_Budget_AUD__c, Total_Budget_Post_Tender__c, JH_Bid_Cost_of_JH_Revenue__c FROM Opportunity WHERE Id = :tmpVar1
14:10:05.0 (4666105)|LIMIT_USAGE|[18]|SOQL|1|100
14:10:05.0 (4676640)|LIMIT_USAGE|[18]|AGGS|0|300
14:10:05.0 (37357914)|SOQL_EXECUTE_END|[18]|Rows:1
14:10:05.0 (37371692)|LIMIT_USAGE|[18]|SOQL_ROWS|1|50000
14:10:05.0 (37396565)|HEAP_ALLOCATE|[18]|Bytes:8
14:10:05.0 (37410187)|HEAP_ALLOCATE|[18]|Bytes:775
14:10:05.0 (37468275)|HEAP_ALLOCATE|[18]|Bytes:8
14:10:05.0 (37487834)|VARIABLE_SCOPE_BEGIN|[18]|allOpps|List<Opportunity>|true|false
14:10:05.0 (37539087)|VARIABLE_ASSIGNMENT|[18]|allOpps|[{"Id":"006O0000008kRsJIAU","Name":"Test Alex 15 Mar 124 (3 more) ...","Gate_Status__c":"Reviewing Approvers","StageName":"Gate 1","Are_there_any_critic (11 more) ...":"No","Has_CRA_changed_sinc (18 more) ...":"Yes","Apply_Default_Bondin (4 more) ...":true,"Is_Gate_1_To_3__c":true,"Is_Gate_4_To_5__c":false,"Net_Budget_EOI_PQ__c":0,"Net_Budget_Post_Tend (5 more) ...":0,"Net_Budget_Tender__c":0,"Net_Budget_Amount__c":0,"Total_Budget_EOI_PQ_ (2 more) ...":0,"Total_Budget_Tender_ (2 more) ...":0,"Total_Budget_AUD__c":0,"Total_Budget_Post_Te (7 more) ...":0}]|0x1751b7d2
14:10:05.0 (37547362)|STATEMENT_EXECUTE|[38]
14:10:05.0 (37561577)|SYSTEM_MODE_EXIT|false
14:10:05.37 (37589290)|CUMULATIVE_LIMIT_USAGE
14:10:05.37 (37589290)|LIMIT_USAGE_FOR_NS|(default)|
  Number of SOQL queries: 1 out of 100
  Number of query rows: 1 out of 50000
  Number of SOSL queries: 0 out of 20
  Number of DML statements: 0 out of 150
  Number of DML rows: 0 out of 10000
  Maximum CPU time: 0 out of 10000
  Maximum heap size: 0 out of 6000000
  Number of callouts: 0 out of 100
  Number of Email Invocations: 0 out of 10
  Number of future calls: 0 out of 50
  Number of queueable jobs added to the queue: 0 out of 50
  Number of Mobile Apex push calls: 0 out of 10

14:10:05.37 (37589290)|TOTAL_EMAIL_RECIPIENTS_QUEUED|0
14:10:05.37 (37589290)|STATIC_VARIABLE_LIST|
  char[]:DigitTens:0
  long:serialVersionUID:0
  long:serialVersionUID:0
  double:MAX_VALUE:0
  Boolean:FALSE:0
  long:serialVersionUID:0
  double:MIN_VALUE:0
  int:SIZE:0
  double:NEGATIVE_INFINITY:0
  int:MAX_VALUE:0
  String:_sfdcSuppressedCodeLocations:0
  char[]:digits:0
  double:NaN:0
  Boolean:TRUE:0
  int:MIN_VALUE:0
  char[]:DigitOnes:0
  int:BYTES:0
  int:MIN_EXPONENT:0
  int[]:sizeTable:0
  int:MAX_EXPONENT:0
  int:SIZE:0
  double:POSITIVE_INFINITY:0
  String:_sfdcAdditionalCodeLocations:0
  double:MIN_NORMAL:0
  int:BYTES:0

14:10:05.37 (37589290)|CUMULATIVE_LIMIT_USAGE_END

14:10:05.0 (37726956)|CODE_UNIT_FINISHED|ApprovalController.getOpportunityRecord
14:10:05.134 (134782901)|CUMULATIVE_PROFILING_BEGIN
14:10:05.134 (134782901)|CUMULATIVE_PROFILING|SOQL operations|
Class.ApprovalController.getOpportunityRecord: line 18, column 1: [SELECT   Id,name,
                                                           			Gate_Status__c,
                                                           			TSF_Gate_Status__c,
                                                           			CRA_Gate_Status__c,
                                                           			StageName,
                                    								Competitor_Analysis_General_Comments__c,
                                    								Are_there_any_critical_risks__c,
                                    								Has_CRA_changed_since_last_approval__c,
                                    								Has_TSF_changed_since_last_approval__c,
                                    								Apply_Default_Bonding__c,
                                    								Conversion_Budget_Comments__c,
                                    								Is_Gate_1_To_3__c, Is_Gate_4_To_5__c,
                                    								Net_Budget_EOI_PQ__c, Net_Budget_Post_Tender__c, 
                                    								Net_Budget_Tender__c, Net_Budget_Amount__c,
                                    								Total_Budget_EOI_PQ__c, Total_Budget_Tender__c, 
                                    								Total_Budget_AUD__c, Total_Budget_Post_Tender__c, 
                                    								JH_Bid_Cost_of_JH_Revenue__c
                                 							FROM     Opportunity
                                 							WHERE    Id = :opportunityId]: executed 1 time in 33 ms

14:10:05.134 (134782901)|CUMULATIVE_PROFILING|No profiling information for SOSL operations
14:10:05.134 (134782901)|CUMULATIVE_PROFILING|No profiling information for DML operations
14:10:05.134 (134782901)|CUMULATIVE_PROFILING|method invocations|
External entry point: public static List<Opportunity> getOpportunityRecord(String): executed 1 time in 35 ms

14:10:05.134 (134782901)|CUMULATIVE_PROFILING_END
