39.0 APEX_CODE,FINEST;APEX_PROFILING,FINEST;CALLOUT,INFO;DB,INFO;SYSTEM,DEBUG;VALIDATION,INFO;VISUALFORCE,INFO;WAVE,INFO;WORKFLOW,INFO
11:55:40.0 (420774)|USER_INFO|[EXTERNAL]|00528000006B07F|dev@systempartners.com.prod.pcphase2|Australian Eastern Standard Time|GMT+11:00
11:55:40.0 (463257)|EXECUTION_STARTED
11:55:40.0 (474093)|CODE_UNIT_STARTED|[EXTERNAL]|aura
11:55:40.0 (955773)|HEAP_ALLOCATE|[72]|Bytes:3
11:55:40.0 (990799)|HEAP_ALLOCATE|[77]|Bytes:152
11:55:40.0 (1004659)|HEAP_ALLOCATE|[342]|Bytes:408
11:55:40.0 (1025087)|HEAP_ALLOCATE|[355]|Bytes:408
11:55:40.0 (1043403)|HEAP_ALLOCATE|[467]|Bytes:48
11:55:40.0 (1067296)|HEAP_ALLOCATE|[139]|Bytes:6
11:55:40.0 (1089114)|HEAP_ALLOCATE|[EXTERNAL]|Bytes:18
11:55:40.0 (1101303)|HEAP_ALLOCATE|[EXTERNAL]|Bytes:18
11:55:40.0 (3229320)|CODE_UNIT_STARTED|[EXTERNAL]|01pO0000000372v|KCRAController.getAllKCRARecords
11:55:40.0 (3319102)|HEAP_ALLOCATE|[EXTERNAL]|Bytes:5
11:55:40.0 (3324449)|HEAP_ALLOCATE|[EXTERNAL]|Bytes:14
11:55:40.0 (3333174)|METHOD_ENTRY|[11]|01pO0000000372v|KCRAController.KCRAController()
11:55:40.0 (3336804)|STATEMENT_EXECUTE|[11]
11:55:40.0 (3342003)|STATEMENT_EXECUTE|[11]
11:55:40.0 (3347044)|METHOD_EXIT|[11]|KCRAController
11:55:40.0 (3350575)|HEAP_ALLOCATE|[EXTERNAL]|Bytes:18
11:55:40.0 (3358933)|SYSTEM_MODE_ENTER|false
11:55:40.0 (3367059)|VARIABLE_SCOPE_BEGIN|[14]|opportunityId|String|false|false
11:55:40.0 (3387533)|VARIABLE_ASSIGNMENT|[14]|opportunityId|"006O0000008kRsJIAU"
11:55:40.0 (3395292)|STATEMENT_EXECUTE|[14]
11:55:40.0 (3396687)|STATEMENT_EXECUTE|[17]
11:55:40.0 (3399618)|HEAP_ALLOCATE|[17]|Bytes:204
11:55:40.0 (3409265)|HEAP_ALLOCATE|[17]|Bytes:4
11:55:40.0 (3424013)|HEAP_ALLOCATE|[17]|Bytes:7
11:55:40.0 (3464362)|HEAP_ALLOCATE|[50]|Bytes:5
11:55:40.0 (3482577)|HEAP_ALLOCATE|[56]|Bytes:5
11:55:40.0 (3490190)|HEAP_ALLOCATE|[64]|Bytes:7
11:55:40.0 (3949269)|SOQL_EXECUTE_BEGIN|[17]|Aggregations:0|SELECT Id, name, recordtypeId, applicable__c, approved__c, itemno__c, KCRA_Item__c, Opportunity__c FROM Key_Commercial_Risks_Approvals__c WHERE Opportunity__c = :tmpVar1 ORDER BY itemno__c ASC NULLS FIRST
11:55:40.0 (3960328)|LIMIT_USAGE|[17]|SOQL|1|100
11:55:40.0 (3969377)|LIMIT_USAGE|[17]|AGGS|0|300
11:55:40.0 (8830949)|SOQL_EXECUTE_END|[17]|Rows:12
11:55:40.0 (8844175)|LIMIT_USAGE|[17]|SOQL_ROWS|12|50000
11:55:40.0 (8861675)|HEAP_ALLOCATE|[17]|Bytes:52
11:55:40.0 (8915743)|HEAP_ALLOCATE|[17]|Bytes:3578
11:55:40.0 (9006140)|HEAP_ALLOCATE|[17]|Bytes:52
11:55:40.0 (9022436)|VARIABLE_SCOPE_BEGIN|[17]|allKCRAs|List<Key_Commercial_Risks_Approvals__c>|true|false
11:55:40.0 (9041309)|VARIABLE_ASSIGNMENT|[17]|allKCRAs|"List of size 12 too large to display"|0x3d9336e9
11:55:40.0 (9044380)|STATEMENT_EXECUTE|[27]
11:55:40.0 (9054301)|SYSTEM_MODE_EXIT|false
11:55:40.9 (9075017)|CUMULATIVE_LIMIT_USAGE
11:55:40.9 (9075017)|LIMIT_USAGE_FOR_NS|(default)|
  Number of SOQL queries: 1 out of 100
  Number of query rows: 12 out of 50000
  Number of SOSL queries: 0 out of 20
  Number of DML statements: 0 out of 150
  Number of DML rows: 0 out of 10000
  Maximum CPU time: 0 out of 10000
  Maximum heap size: 0 out of 6000000
  Number of callouts: 0 out of 100
  Number of Email Invocations: 0 out of 10
  Number of future calls: 0 out of 50
  Number of queueable jobs added to the queue: 0 out of 50
  Number of Mobile Apex push calls: 0 out of 10

11:55:40.9 (9075017)|TOTAL_EMAIL_RECIPIENTS_QUEUED|0
11:55:40.9 (9075017)|STATIC_VARIABLE_LIST|
  char[]:DigitTens:0
  long:serialVersionUID:0
  long:serialVersionUID:0
  double:MAX_VALUE:0
  Boolean:FALSE:0
  long:serialVersionUID:0
  String:_sfdcAdditionalCodeLocations:0
  double:MIN_VALUE:0
  int:SIZE:0
  double:NEGATIVE_INFINITY:0
  int:MAX_VALUE:0
  char[]:digits:0
  double:NaN:0
  Boolean:TRUE:0
  int:MIN_VALUE:0
  char[]:DigitOnes:0
  int:BYTES:0
  int:MIN_EXPONENT:0
  int[]:sizeTable:0
  int:MAX_EXPONENT:0
  String:_sfdcSuppressedCodeLocations:0
  int:SIZE:0
  double:POSITIVE_INFINITY:0
  double:MIN_NORMAL:0
  int:BYTES:0

11:55:40.9 (9075017)|CUMULATIVE_LIMIT_USAGE_END

11:55:40.0 (9187114)|CODE_UNIT_FINISHED|KCRAController.getAllKCRARecords
11:55:40.0 (9491057)|HEAP_ALLOCATE|[EXTERNAL]|Bytes:18
11:55:40.0 (9504725)|HEAP_ALLOCATE|[EXTERNAL]|Bytes:18
11:55:40.0 (11678199)|CODE_UNIT_STARTED|[EXTERNAL]|01pO00000003Dck|PRAController.getAllPRARecords
11:55:40.0 (11720304)|HEAP_ALLOCATE|[EXTERNAL]|Bytes:8
11:55:40.0 (11727073)|HEAP_ALLOCATE|[EXTERNAL]|Bytes:2
11:55:40.0 (11735757)|METHOD_ENTRY|[1]|01pO00000003Dck|PRAController.PRAController()
11:55:40.0 (11738434)|STATEMENT_EXECUTE|[1]
11:55:40.0 (11742008)|STATEMENT_EXECUTE|[1]
11:55:40.0 (11746976)|METHOD_EXIT|[1]|PRAController
11:55:40.0 (11750609)|HEAP_ALLOCATE|[EXTERNAL]|Bytes:18
11:55:40.0 (11763879)|SYSTEM_MODE_ENTER|false
11:55:40.0 (11769543)|VARIABLE_SCOPE_BEGIN|[15]|opportunityId|String|false|false
11:55:40.0 (11777348)|VARIABLE_ASSIGNMENT|[15]|opportunityId|"006O0000008kRsJIAU"
11:55:40.0 (11783749)|STATEMENT_EXECUTE|[15]
11:55:40.0 (11785243)|STATEMENT_EXECUTE|[18]
11:55:40.0 (11788330)|HEAP_ALLOCATE|[18]|Bytes:508
11:55:40.0 (11796218)|HEAP_ALLOCATE|[18]|Bytes:4
11:55:40.0 (12461503)|SOQL_EXECUTE_BEGIN|[18]|Aggregations:0|SELECT Id, name, Category__c, Is_Critical_Risk__c, ItemNo__c, Mitigation_Strategy__c, Rating__c, Risk_Item__c, description__c, Help_Text_0A__c, Help_Text_0B__c, Help_Text_0C__c, Help_Text_1A__c, Help_Text_1B__c, Help_Text_1C__c, Help_Text_2A__c, Help_Text_2B__c, Help_Text_2C__c, Help_Text_3A__c, Help_Text_3B__c, Help_Text_3C__c, Mitigation_Advice__c, Selected_Indicators__c, Selected_Indicators_With_Text__c FROM Project_Risk_Assessment__c WHERE Opportunity__c = :tmpVar1 ORDER BY ItemNo__c ASC NULLS FIRST
11:55:40.0 (12471753)|LIMIT_USAGE|[18]|SOQL|2|100
11:55:40.0 (12480561)|LIMIT_USAGE|[18]|AGGS|0|300
11:55:40.0 (28889889)|SOQL_EXECUTE_END|[18]|Rows:25
11:55:40.0 (28905134)|LIMIT_USAGE|[18]|SOQL_ROWS|37|50000
11:55:40.0 (28928468)|HEAP_ALLOCATE|[18]|Bytes:104
11:55:40.0 (29001123)|HEAP_ALLOCATE|[18]|Bytes:10109
11:55:40.0 (29074239)|HEAP_ALLOCATE|[18]|Bytes:104
11:55:40.0 (29097674)|VARIABLE_SCOPE_BEGIN|[18]|allPRAs|List<Project_Risk_Assessment__c>|true|false
11:55:40.0 (29120899)|VARIABLE_ASSIGNMENT|[18]|allPRAs|"List of size 25 too large to display"|0x20906404
11:55:40.0 (29125219)|STATEMENT_EXECUTE|[26]
11:55:40.0 (29138330)|SYSTEM_MODE_EXIT|false
11:55:40.29 (29160919)|CUMULATIVE_LIMIT_USAGE
11:55:40.29 (29160919)|LIMIT_USAGE_FOR_NS|(default)|
  Number of SOQL queries: 2 out of 100
  Number of query rows: 37 out of 50000
  Number of SOSL queries: 0 out of 20
  Number of DML statements: 0 out of 150
  Number of DML rows: 0 out of 10000
  Maximum CPU time: 0 out of 10000
  Maximum heap size: 0 out of 6000000
  Number of callouts: 0 out of 100
  Number of Email Invocations: 0 out of 10
  Number of future calls: 0 out of 50
  Number of queueable jobs added to the queue: 0 out of 50
  Number of Mobile Apex push calls: 0 out of 10

11:55:40.29 (29160919)|TOTAL_EMAIL_RECIPIENTS_QUEUED|0
11:55:40.29 (29160919)|STATIC_VARIABLE_LIST|
  char[]:DigitTens:0
  long:serialVersionUID:0
  long:serialVersionUID:0
  double:MAX_VALUE:0
  Boolean:FALSE:0
  long:serialVersionUID:0
  String:_sfdcAdditionalCodeLocations:0
  double:MIN_VALUE:0
  int:SIZE:0
  double:NEGATIVE_INFINITY:0
  int:MAX_VALUE:0
  char[]:digits:0
  double:NaN:0
  Boolean:TRUE:0
  int:MIN_VALUE:0
  String:_sfdcSuppressedCodeLocations:0
  char[]:DigitOnes:0
  int:BYTES:0
  int:MIN_EXPONENT:0
  int[]:sizeTable:0
  int:MAX_EXPONENT:0
  String:_sfdcSuppressedCodeLocations:0
  String:_sfdcAdditionalCodeLocations:0
  int:SIZE:0
  double:POSITIVE_INFINITY:0
  double:MIN_NORMAL:0
  int:BYTES:0

11:55:40.29 (29160919)|CUMULATIVE_LIMIT_USAGE_END

11:55:40.0 (29267050)|CODE_UNIT_FINISHED|PRAController.getAllPRARecords
11:55:40.87 (87084751)|CUMULATIVE_PROFILING_BEGIN
11:55:40.87 (87084751)|CUMULATIVE_PROFILING|SOQL operations|
Class.PRAController.getAllPRARecords: line 18, column 1: [SELECT Id,name,Category__c,Is_Critical_Risk__c,ItemNo__c,Mitigation_Strategy__c,Rating__c,Risk_Item__c,
                                                             		description__c,Help_Text_0A__c,Help_Text_0B__c,Help_Text_0C__c,Help_Text_1A__c,Help_Text_1B__c, 
                                                             		Help_Text_1C__c,Help_Text_2A__c,Help_Text_2B__c,Help_Text_2C__c,Help_Text_3A__c,Help_Text_3B__c,
                                                             		Help_Text_3C__c,Mitigation_Advice__c,Selected_Indicators__c,Selected_Indicators_With_Text__c
												   FROM Project_Risk_Assessment__c
                                                   WHERE Opportunity__c = :opportunityId
                                                   ORDER BY ItemNo__c]: executed 1 time in 17 ms
Class.KCRAController.getAllKCRARecords: line 17, column 1: [SELECT   Id,name,
                                                           			recordtypeId,
                                                           			applicable__c,
                                                           			approved__c,
                                                           			itemno__c,
                                                           			KCRA_Item__c,Opportunity__c 
                                 							FROM     Key_Commercial_Risks_Approvals__c 
                                 							WHERE    Opportunity__c = :opportunityId
                                                           	ORDER BY itemno__c]: executed 1 time in 6 ms

11:55:40.87 (87084751)|CUMULATIVE_PROFILING|No profiling information for SOSL operations
11:55:40.87 (87084751)|CUMULATIVE_PROFILING|No profiling information for DML operations
11:55:40.87 (87084751)|CUMULATIVE_PROFILING|method invocations|
External entry point: public static List<Project_Risk_Assessment__c> getAllPRARecords(String): executed 1 time in 18 ms
External entry point: public static List<Key_Commercial_Risks_Approvals__c> getAllKCRARecords(String): executed 1 time in 6 ms

11:55:40.87 (87084751)|CUMULATIVE_PROFILING_END
