39.0 APEX_CODE,FINEST;APEX_PROFILING,FINEST;CALLOUT,INFO;DB,INFO;SYSTEM,DEBUG;VALIDATION,INFO;VISUALFORCE,INFO;WAVE,INFO;WORKFLOW,INFO
14:49:19.0 (350212)|USER_INFO|[EXTERNAL]|00528000006B07F|dev@systempartners.com.prod.pcphase2|Australian Eastern Standard Time|GMT+11:00
14:49:19.0 (385765)|EXECUTION_STARTED
14:49:19.0 (389801)|CODE_UNIT_STARTED|[EXTERNAL]|VisualForce View State
14:49:19.0 (283622174)|HEAP_ALLOCATE|[72]|Bytes:3
14:49:19.0 (283664102)|HEAP_ALLOCATE|[77]|Bytes:152
14:49:19.0 (283691292)|HEAP_ALLOCATE|[342]|Bytes:408
14:49:19.0 (283735537)|HEAP_ALLOCATE|[355]|Bytes:408
14:49:19.0 (283771827)|HEAP_ALLOCATE|[467]|Bytes:48
14:49:19.0 (283808512)|HEAP_ALLOCATE|[139]|Bytes:6
14:49:19.0 (283838063)|HEAP_ALLOCATE|[50]|Bytes:5
14:49:19.0 (283859767)|HEAP_ALLOCATE|[56]|Bytes:5
14:49:19.0 (283868858)|HEAP_ALLOCATE|[64]|Bytes:7
14:49:19.0 (285570395)|CODE_UNIT_FINISHED|VisualForce View State
14:49:19.0 (285786806)|EXECUTION_FINISHED
14:49:19.292 (292299220)|USER_INFO|[EXTERNAL]|00528000006B07F|dev@systempartners.com.prod.pcphase2|Australian Eastern Standard Time|GMT+11:00
14:49:19.292 (292341378)|SYSTEM_MODE_ENTER|true
14:49:19.292 (292406013)|HEAP_ALLOCATE|[EXTERNAL]|Bytes:38
14:49:19.292 (292413648)|HEAP_ALLOCATE|[EXTERNAL]|Bytes:7
14:49:19.292 (292423431)|SYSTEM_METHOD_ENTRY|[1]|PageMessagesComponentController.PageMessagesComponentController()
14:49:19.292 (292427362)|STATEMENT_EXECUTE|[1]
14:49:19.296 (296273119)|CUMULATIVE_LIMIT_USAGE
14:49:19.296 (296273119)|LIMIT_USAGE_FOR_NS|(default)|
  Number of SOQL queries: 0 out of 100
  Number of query rows: 0 out of 50000
  Number of SOSL queries: 0 out of 20
  Number of DML statements: 0 out of 150
  Number of DML rows: 0 out of 10000
  Maximum CPU time: 0 out of 10000
  Maximum heap size: 0 out of 6000000
  Number of callouts: 0 out of 100
  Number of Email Invocations: 0 out of 10
  Number of future calls: 0 out of 50
  Number of queueable jobs added to the queue: 0 out of 50
  Number of Mobile Apex push calls: 0 out of 10

14:49:19.296 (296273119)|CUMULATIVE_LIMIT_USAGE_END

