38.0 APEX_CODE,FINEST;APEX_PROFILING,FINEST;CALLOUT,INFO;DB,INFO;SYSTEM,DEBUG;VALIDATION,INFO;VISUALFORCE,INFO;WAVE,INFO;WORKFLOW,INFO
11:22:49.0 (374199)|USER_INFO|[EXTERNAL]|00528000006B07F|dev@systempartners.com.prod.pcphase2|Australian Eastern Standard Time|GMT+11:00
11:22:49.0 (406468)|EXECUTION_STARTED
11:22:49.0 (411065)|CODE_UNIT_STARTED|[EXTERNAL]|Workflow:01IO0000000Di3U
11:22:49.0 (26039893)|WF_RULE_EVAL_BEGIN|Workflow
11:22:49.0 (26072525)|WF_CRITERIA_BEGIN|[JH Collaborative Structure - Bus Group: JHCS-BG-00000006 a0dO000000Ca0VC]|Outbound Message - Collab Structure (Business Group)|01QO00000009LqK|ON_ALL_CHANGES|0
11:22:49.0 (27768451)|WF_RULE_FILTER|[JH Collaborative Structure - Bus Group : JH Collaborative Structure Id not equal to ]
11:22:49.0 (27820814)|WF_RULE_EVAL_VALUE|JHCS-BG-00000006
11:22:49.0 (27825256)|WF_CRITERIA_END|true
11:22:49.0 (48290200)|WF_SPOOL_ACTION_BEGIN|Workflow
11:22:49.0 (48351662)|WF_RULE_INVOCATION|[JH Collaborative Structure - Bus Group: JHCS-BG-00000006 a0dO000000Ca0VC]
11:22:49.0 (48366830)|WF_OUTBOUND_MSG|[JH Collaborative Structure - Bus Group: JHCS-BG-00000006 a0dO000000Ca0VC]|Id=04kO00000004D7h|CurrentRule:Outbound Message - Collab Structure (Business Group) (Id=01QO00000009LqK)
11:22:49.0 (48388703)|WF_ACTION| Outbound Message: 1;
11:22:49.0 (48392710)|WF_RULE_EVAL_END
11:22:49.0 (89728434)|WF_ACTIONS_END| Outbound Message: 1;
11:22:49.0 (89743707)|CODE_UNIT_FINISHED|Workflow:01IO0000000Di3U
11:22:49.0 (89748849)|EXECUTION_FINISHED
11:22:49.135 (135370257)|USER_INFO|[EXTERNAL]|00528000006B07F|dev@systempartners.com.prod.pcphase2|Australian Eastern Standard Time|GMT+11:00
11:22:49.135 (135392777)|EXECUTION_STARTED
11:22:49.135 (135396703)|CODE_UNIT_STARTED|[EXTERNAL]|Workflow:01IO0000000Di3U
11:22:49.135 (143016332)|WF_RULE_EVAL_BEGIN|Workflow
11:22:49.135 (143038936)|WF_CRITERIA_BEGIN|[JH Collaborative Structure - Bus Group: JHCS-BG-00000008 a0dO000000Ca0VE]|Outbound Message - Collab Structure (Business Group)|01QO00000009LqK|ON_ALL_CHANGES|0
11:22:49.135 (143079559)|WF_RULE_FILTER|[JH Collaborative Structure - Bus Group : JH Collaborative Structure Id not equal to ]
11:22:49.135 (143091870)|WF_RULE_EVAL_VALUE|JHCS-BG-00000008
11:22:49.135 (143095195)|WF_CRITERIA_END|true
11:22:49.135 (143116176)|WF_SPOOL_ACTION_BEGIN|Workflow
11:22:49.135 (143142052)|WF_RULE_INVOCATION|[JH Collaborative Structure - Bus Group: JHCS-BG-00000008 a0dO000000Ca0VE]
11:22:49.135 (143154994)|WF_OUTBOUND_MSG|[JH Collaborative Structure - Bus Group: JHCS-BG-00000008 a0dO000000Ca0VE]|Id=04kO00000004D7h|CurrentRule:Outbound Message - Collab Structure (Business Group) (Id=01QO00000009LqK)
11:22:49.135 (143170934)|WF_ACTION| Outbound Message: 1;
11:22:49.135 (143173457)|WF_RULE_EVAL_END
11:22:49.135 (145022092)|WF_ACTIONS_END| Outbound Message: 1;
11:22:49.135 (145030587)|CODE_UNIT_FINISHED|Workflow:01IO0000000Di3U
11:22:49.135 (145033847)|EXECUTION_FINISHED
11:22:49.198 (198194750)|CUMULATIVE_PROFILING_BEGIN
11:22:49.198 (198194750)|CUMULATIVE_PROFILING|No profiling information for SOQL operations
11:22:49.198 (198194750)|CUMULATIVE_PROFILING|No profiling information for SOSL operations
11:22:49.198 (198194750)|CUMULATIVE_PROFILING|No profiling information for DML operations
11:22:49.198 (198194750)|CUMULATIVE_PROFILING|No profiling information for method invocations
11:22:49.198 (198194750)|CUMULATIVE_PROFILING_END
