39.0 APEX_CODE,FINEST;APEX_PROFILING,FINEST;CALLOUT,NONE;DB,FINEST;SYSTEM,FINE;VALIDATION,INFO;VISUALFORCE,INFO;WAVE,INFO;WORKFLOW,FINER
12:36:54.0 (279469)|USER_INFO|[EXTERNAL]|00528000006BYTI|vlum@jhg.com.au.pcphase2|Australian Eastern Standard Time|GMT+10:00
12:36:54.0 (313803)|EXECUTION_STARTED
12:36:54.0 (319657)|CODE_UNIT_STARTED|[EXTERNAL]|VisualForce View State
12:36:54.0 (11501912)|CODE_UNIT_FINISHED|VisualForce View State
12:36:54.0 (13059122)|EXECUTION_FINISHED
12:36:54.28 (28925115)|USER_INFO|[EXTERNAL]|00528000006BYTI|vlum@jhg.com.au.pcphase2|Australian Eastern Standard Time|GMT+10:00
12:36:54.28 (28945453)|EXECUTION_STARTED
12:36:54.28 (28953353)|CODE_UNIT_STARTED|[EXTERNAL]|VF: /apex/editVFEmailTemplate.apexp
12:36:54.28 (32163438)|CODE_UNIT_STARTED|[EXTERNAL]|VF Controller Save
12:36:54.28 (32174617)|SYSTEM_MODE_ENTER|false
12:36:54.28 (510664745)|CODE_UNIT_FINISHED|VF Controller Save
12:36:54.532 (532176457)|CUMULATIVE_LIMIT_USAGE
12:36:54.532 (532176457)|LIMIT_USAGE_FOR_NS|(default)|
  Number of SOQL queries: 0 out of 100
  Number of query rows: 0 out of 50000
  Number of SOSL queries: 0 out of 20
  Number of DML statements: 0 out of 150
  Number of DML rows: 0 out of 10000
  Maximum CPU time: 0 out of 10000
  Maximum heap size: 0 out of 6000000
  Number of callouts: 0 out of 100
  Number of Email Invocations: 0 out of 10
  Number of future calls: 0 out of 50
  Number of queueable jobs added to the queue: 0 out of 50
  Number of Mobile Apex push calls: 0 out of 10

12:36:54.532 (532176457)|TOTAL_EMAIL_RECIPIENTS_QUEUED|0
12:36:54.532 (532176457)|CUMULATIVE_LIMIT_USAGE_END

12:36:54.28 (532236022)|CODE_UNIT_FINISHED|VF: /apex/editVFEmailTemplate.apexp
12:36:54.28 (535548988)|EXECUTION_FINISHED
12:36:54.538 (538142354)|CUMULATIVE_PROFILING_BEGIN
12:36:54.538 (538142354)|CUMULATIVE_PROFILING|No profiling information for SOQL operations
12:36:54.538 (538142354)|CUMULATIVE_PROFILING|No profiling information for SOSL operations
12:36:54.538 (538142354)|CUMULATIVE_PROFILING|No profiling information for DML operations
12:36:54.538 (538142354)|CUMULATIVE_PROFILING|No profiling information for method invocations
12:36:54.538 (538142354)|CUMULATIVE_PROFILING_END
