39.0 APEX_CODE,FINEST;APEX_PROFILING,FINEST;CALLOUT,NONE;DB,FINEST;SYSTEM,FINE;VALIDATION,INFO;VISUALFORCE,INFO;WAVE,INFO;WORKFLOW,FINER
11:54:41.0 (395102)|USER_INFO|[EXTERNAL]|00528000006B07F|dev@systempartners.com.prod.pcphase2|Australian Eastern Standard Time|GMT+10:00
11:54:41.0 (420474)|EXECUTION_STARTED
11:54:41.0 (423911)|CODE_UNIT_STARTED|[EXTERNAL]|aura
11:54:41.0 (658654)|HEAP_ALLOCATE|[72]|Bytes:3
11:54:41.0 (688121)|HEAP_ALLOCATE|[77]|Bytes:152
11:54:41.0 (702437)|HEAP_ALLOCATE|[342]|Bytes:408
11:54:41.0 (717859)|HEAP_ALLOCATE|[355]|Bytes:408
11:54:41.0 (736269)|HEAP_ALLOCATE|[467]|Bytes:48
11:54:41.0 (759951)|HEAP_ALLOCATE|[139]|Bytes:6
11:54:41.0 (778585)|HEAP_ALLOCATE|[EXTERNAL]|Bytes:18
11:54:41.0 (792421)|HEAP_ALLOCATE|[EXTERNAL]|Bytes:18
11:54:41.0 (2257294)|CODE_UNIT_STARTED|[EXTERNAL]|01pO00000003MVy|ApprovalController.getOpportunityRecord
11:54:41.0 (2339903)|HEAP_ALLOCATE|[EXTERNAL]|Bytes:11
11:54:41.0 (2345709)|HEAP_ALLOCATE|[EXTERNAL]|Bytes:27
11:54:41.0 (2354783)|METHOD_ENTRY|[1]|01pO00000003MVy|ApprovalController.ApprovalController()
11:54:41.0 (2357746)|STATEMENT_EXECUTE|[1]
11:54:41.0 (2360460)|STATEMENT_EXECUTE|[1]
11:54:41.0 (2365896)|METHOD_EXIT|[1]|ApprovalController
11:54:41.0 (2369179)|HEAP_ALLOCATE|[EXTERNAL]|Bytes:18
11:54:41.0 (2377091)|SYSTEM_MODE_ENTER|false
11:54:41.0 (2382223)|VARIABLE_SCOPE_BEGIN|[15]|opportunityId|String|false|false
11:54:41.0 (2393749)|VARIABLE_ASSIGNMENT|[15]|opportunityId|"006O0000009GUsjIAG"
11:54:41.0 (2399732)|STATEMENT_EXECUTE|[15]
11:54:41.0 (2401035)|STATEMENT_EXECUTE|[18]
11:54:41.0 (2404305)|HEAP_ALLOCATE|[18]|Bytes:589
11:54:41.0 (2413764)|HEAP_ALLOCATE|[18]|Bytes:4
11:54:41.0 (2423420)|HEAP_ALLOCATE|[18]|Bytes:7
11:54:41.0 (2464346)|HEAP_ALLOCATE|[50]|Bytes:5
11:54:41.0 (2483301)|HEAP_ALLOCATE|[56]|Bytes:5
11:54:41.0 (2491316)|HEAP_ALLOCATE|[64]|Bytes:7
11:54:41.0 (3277908)|SOQL_EXECUTE_BEGIN|[18]|Aggregations:0|SELECT Id, name, Gate_Status__c, TSF_Gate_Status__c, CRA_Gate_Status__c, StageName, Competitor_Analysis_General_Comments__c, Are_there_any_critical_risks__c, Has_CRA_changed_since_last_approval__c, Has_TSF_changed_since_last_approval__c, Apply_Default_Bonding__c, Conversion_Budget_Comments__c, Is_Gate_1_To_3__c, Is_Gate_4_To_5__c, Net_Budget_EOI_PQ__c, Net_Budget_Post_Tender__c, Net_Budget_Tender__c, Net_Budget_Amount__c, Total_Budget_EOI_PQ__c, Total_Budget_Tender__c, Total_Budget_AUD__c, Total_Budget_Post_Tender__c, JH_Bid_Cost_of_JH_Revenue__c FROM Opportunity WHERE Id = :tmpVar1
11:54:41.0 (3289521)|LIMIT_USAGE|[18]|SOQL|1|100
11:54:41.0 (3296960)|LIMIT_USAGE|[18]|AGGS|0|300
11:54:41.0 (25560944)|SOQL_EXECUTE_END|[18]|Rows:1
11:54:41.0 (25571188)|LIMIT_USAGE|[18]|SOQL_ROWS|1|50000
11:54:41.0 (25587590)|HEAP_ALLOCATE|[18]|Bytes:8
11:54:41.0 (25599910)|HEAP_ALLOCATE|[18]|Bytes:748
11:54:41.0 (25707204)|HEAP_ALLOCATE|[18]|Bytes:8
11:54:41.0 (25730466)|VARIABLE_SCOPE_BEGIN|[18]|allOpps|List<Opportunity>|true|false
11:54:41.0 (25780947)|VARIABLE_ASSIGNMENT|[18]|allOpps|[{"Id":"006O0000009GUsjIAG","Name":"TL Test - 1200","Gate_Status__c":"Not Started","TSF_Gate_Status__c":"Not Applicable","CRA_Gate_Status__c":"Not Applicable","StageName":"Gate 3","Apply_Default_Bondin (4 more) ...":true,"Is_Gate_1_To_3__c":true,"Is_Gate_4_To_5__c":false,"Net_Budget_EOI_PQ__c":0,"Net_Budget_Post_Tend (5 more) ...":0,"Net_Budget_Tender__c":0,"Net_Budget_Amount__c":0,"Total_Budget_EOI_PQ_ (2 more) ...":0,"Total_Budget_Tender_ (2 more) ...":0,"Total_Budget_AUD__c":0,"Total_Budget_Post_Te (7 more) ...":0}]|0x5547349b
11:54:41.0 (25788443)|STATEMENT_EXECUTE|[38]
11:54:41.0 (25799670)|SYSTEM_MODE_EXIT|false
11:54:41.25 (25825374)|CUMULATIVE_LIMIT_USAGE
11:54:41.25 (25825374)|LIMIT_USAGE_FOR_NS|(default)|
  Number of SOQL queries: 1 out of 100
  Number of query rows: 1 out of 50000
  Number of SOSL queries: 0 out of 20
  Number of DML statements: 0 out of 150
  Number of DML rows: 0 out of 10000
  Maximum CPU time: 0 out of 10000
  Maximum heap size: 0 out of 6000000
  Number of callouts: 0 out of 100
  Number of Email Invocations: 0 out of 10
  Number of future calls: 0 out of 50
  Number of queueable jobs added to the queue: 0 out of 50
  Number of Mobile Apex push calls: 0 out of 10

11:54:41.25 (25825374)|TOTAL_EMAIL_RECIPIENTS_QUEUED|0
11:54:41.25 (25825374)|STATIC_VARIABLE_LIST|
  char[]:DigitTens:0
  long:serialVersionUID:0
  long:serialVersionUID:0
  double:MAX_VALUE:0
  Boolean:FALSE:0
  long:serialVersionUID:0
  double:MIN_VALUE:0
  int:SIZE:0
  double:NEGATIVE_INFINITY:0
  int:MAX_VALUE:0
  String:_sfdcSuppressedCodeLocations:0
  char[]:digits:0
  double:NaN:0
  Boolean:TRUE:0
  int:MIN_VALUE:0
  char[]:DigitOnes:0
  int:BYTES:0
  int:MIN_EXPONENT:0
  int[]:sizeTable:0
  int:MAX_EXPONENT:0
  int:SIZE:0
  double:POSITIVE_INFINITY:0
  String:_sfdcAdditionalCodeLocations:0
  double:MIN_NORMAL:0
  int:BYTES:0

11:54:41.25 (25825374)|CUMULATIVE_LIMIT_USAGE_END

11:54:41.0 (25950911)|CODE_UNIT_FINISHED|ApprovalController.getOpportunityRecord
11:54:41.0 (45663458)|HEAP_ALLOCATE|[EXTERNAL]|Bytes:18
11:54:41.0 (45686163)|HEAP_ALLOCATE|[EXTERNAL]|Bytes:18
11:54:41.0 (47498397)|CODE_UNIT_STARTED|[EXTERNAL]|01pO00000003MVy|ApprovalController.getOpportunityRecord
11:54:41.0 (47533942)|HEAP_ALLOCATE|[EXTERNAL]|Bytes:18
11:54:41.0 (47542603)|SYSTEM_MODE_ENTER|false
11:54:41.0 (47551746)|VARIABLE_SCOPE_BEGIN|[15]|opportunityId|String|false|false
11:54:41.0 (47565000)|VARIABLE_ASSIGNMENT|[15]|opportunityId|"006O0000009GUsjIAG"
11:54:41.0 (47572641)|STATEMENT_EXECUTE|[15]
11:54:41.0 (47574584)|STATEMENT_EXECUTE|[18]
11:54:41.0 (47579536)|HEAP_ALLOCATE|[18]|Bytes:4
11:54:41.0 (48052761)|SOQL_EXECUTE_BEGIN|[18]|Aggregations:0|SELECT Id, name, Gate_Status__c, TSF_Gate_Status__c, CRA_Gate_Status__c, StageName, Competitor_Analysis_General_Comments__c, Are_there_any_critical_risks__c, Has_CRA_changed_since_last_approval__c, Has_TSF_changed_since_last_approval__c, Apply_Default_Bonding__c, Conversion_Budget_Comments__c, Is_Gate_1_To_3__c, Is_Gate_4_To_5__c, Net_Budget_EOI_PQ__c, Net_Budget_Post_Tender__c, Net_Budget_Tender__c, Net_Budget_Amount__c, Total_Budget_EOI_PQ__c, Total_Budget_Tender__c, Total_Budget_AUD__c, Total_Budget_Post_Tender__c, JH_Bid_Cost_of_JH_Revenue__c FROM Opportunity WHERE Id = :tmpVar1
11:54:41.0 (48065679)|LIMIT_USAGE|[18]|SOQL|2|100
11:54:41.0 (48073536)|LIMIT_USAGE|[18]|AGGS|0|300
11:54:41.0 (56969011)|SOQL_EXECUTE_END|[18]|Rows:1
11:54:41.0 (56977914)|LIMIT_USAGE|[18]|SOQL_ROWS|2|50000
11:54:41.0 (56990560)|HEAP_ALLOCATE|[18]|Bytes:8
11:54:41.0 (57001619)|HEAP_ALLOCATE|[18]|Bytes:748
11:54:41.0 (57017254)|HEAP_ALLOCATE|[18]|Bytes:8
11:54:41.0 (57028231)|VARIABLE_SCOPE_BEGIN|[18]|allOpps|List<Opportunity>|true|false
11:54:41.0 (57069243)|VARIABLE_ASSIGNMENT|[18]|allOpps|[{"Id":"006O0000009GUsjIAG","Name":"TL Test - 1200","Gate_Status__c":"Not Started","TSF_Gate_Status__c":"Not Applicable","CRA_Gate_Status__c":"Not Applicable","StageName":"Gate 3","Apply_Default_Bondin (4 more) ...":true,"Is_Gate_1_To_3__c":true,"Is_Gate_4_To_5__c":false,"Net_Budget_EOI_PQ__c":0,"Net_Budget_Post_Tend (5 more) ...":0,"Net_Budget_Tender__c":0,"Net_Budget_Amount__c":0,"Total_Budget_EOI_PQ_ (2 more) ...":0,"Total_Budget_Tender_ (2 more) ...":0,"Total_Budget_AUD__c":0,"Total_Budget_Post_Te (7 more) ...":0}]|0x5c3178e4
11:54:41.0 (57076096)|STATEMENT_EXECUTE|[38]
11:54:41.0 (57085867)|SYSTEM_MODE_EXIT|false
11:54:41.57 (57108957)|CUMULATIVE_LIMIT_USAGE
11:54:41.57 (57108957)|LIMIT_USAGE_FOR_NS|(default)|
  Number of SOQL queries: 2 out of 100
  Number of query rows: 2 out of 50000
  Number of SOSL queries: 0 out of 20
  Number of DML statements: 0 out of 150
  Number of DML rows: 0 out of 10000
  Maximum CPU time: 0 out of 10000
  Maximum heap size: 0 out of 6000000
  Number of callouts: 0 out of 100
  Number of Email Invocations: 0 out of 10
  Number of future calls: 0 out of 50
  Number of queueable jobs added to the queue: 0 out of 50
  Number of Mobile Apex push calls: 0 out of 10

11:54:41.57 (57108957)|TOTAL_EMAIL_RECIPIENTS_QUEUED|0
11:54:41.57 (57108957)|STATIC_VARIABLE_LIST|
  char[]:DigitTens:0
  long:serialVersionUID:0
  long:serialVersionUID:0
  double:MAX_VALUE:0
  Boolean:FALSE:0
  long:serialVersionUID:0
  double:MIN_VALUE:0
  int:SIZE:0
  double:NEGATIVE_INFINITY:0
  int:MAX_VALUE:0
  String:_sfdcSuppressedCodeLocations:0
  char[]:digits:0
  double:NaN:0
  Boolean:TRUE:0
  int:MIN_VALUE:0
  char[]:DigitOnes:0
  int:BYTES:0
  int:MIN_EXPONENT:0
  int[]:sizeTable:0
  int:MAX_EXPONENT:0
  int:SIZE:0
  double:POSITIVE_INFINITY:0
  String:_sfdcAdditionalCodeLocations:0
  double:MIN_NORMAL:0
  int:BYTES:0

11:54:41.57 (57108957)|CUMULATIVE_LIMIT_USAGE_END

11:54:41.0 (57222764)|CODE_UNIT_FINISHED|ApprovalController.getOpportunityRecord
11:54:41.0 (75292079)|HEAP_ALLOCATE|[EXTERNAL]|Bytes:18
11:54:41.0 (75311715)|HEAP_ALLOCATE|[EXTERNAL]|Bytes:18
11:54:41.0 (76634181)|CODE_UNIT_STARTED|[EXTERNAL]|01pO00000003MVy|ApprovalController.getOpportunityRecord
11:54:41.0 (76666504)|HEAP_ALLOCATE|[EXTERNAL]|Bytes:18
11:54:41.0 (76674690)|SYSTEM_MODE_ENTER|false
11:54:41.0 (76681316)|VARIABLE_SCOPE_BEGIN|[15]|opportunityId|String|false|false
11:54:41.0 (76688459)|VARIABLE_ASSIGNMENT|[15]|opportunityId|"006O0000009GUsjIAG"
11:54:41.0 (76694491)|STATEMENT_EXECUTE|[15]
11:54:41.0 (76695874)|STATEMENT_EXECUTE|[18]
11:54:41.0 (76700921)|HEAP_ALLOCATE|[18]|Bytes:4
11:54:41.0 (77191673)|SOQL_EXECUTE_BEGIN|[18]|Aggregations:0|SELECT Id, name, Gate_Status__c, TSF_Gate_Status__c, CRA_Gate_Status__c, StageName, Competitor_Analysis_General_Comments__c, Are_there_any_critical_risks__c, Has_CRA_changed_since_last_approval__c, Has_TSF_changed_since_last_approval__c, Apply_Default_Bonding__c, Conversion_Budget_Comments__c, Is_Gate_1_To_3__c, Is_Gate_4_To_5__c, Net_Budget_EOI_PQ__c, Net_Budget_Post_Tender__c, Net_Budget_Tender__c, Net_Budget_Amount__c, Total_Budget_EOI_PQ__c, Total_Budget_Tender__c, Total_Budget_AUD__c, Total_Budget_Post_Tender__c, JH_Bid_Cost_of_JH_Revenue__c FROM Opportunity WHERE Id = :tmpVar1
11:54:41.0 (77202104)|LIMIT_USAGE|[18]|SOQL|3|100
11:54:41.0 (77210429)|LIMIT_USAGE|[18]|AGGS|0|300
11:54:41.0 (85725693)|SOQL_EXECUTE_END|[18]|Rows:1
11:54:41.0 (85737391)|LIMIT_USAGE|[18]|SOQL_ROWS|3|50000
11:54:41.0 (85753815)|HEAP_ALLOCATE|[18]|Bytes:8
11:54:41.0 (85767185)|HEAP_ALLOCATE|[18]|Bytes:748
11:54:41.0 (85785222)|HEAP_ALLOCATE|[18]|Bytes:8
11:54:41.0 (85795984)|VARIABLE_SCOPE_BEGIN|[18]|allOpps|List<Opportunity>|true|false
11:54:41.0 (85824284)|VARIABLE_ASSIGNMENT|[18]|allOpps|[{"Id":"006O0000009GUsjIAG","Name":"TL Test - 1200","Gate_Status__c":"Not Started","TSF_Gate_Status__c":"Not Applicable","CRA_Gate_Status__c":"Not Applicable","StageName":"Gate 3","Apply_Default_Bondin (4 more) ...":true,"Is_Gate_1_To_3__c":true,"Is_Gate_4_To_5__c":false,"Net_Budget_EOI_PQ__c":0,"Net_Budget_Post_Tend (5 more) ...":0,"Net_Budget_Tender__c":0,"Net_Budget_Amount__c":0,"Total_Budget_EOI_PQ_ (2 more) ...":0,"Total_Budget_Tender_ (2 more) ...":0,"Total_Budget_AUD__c":0,"Total_Budget_Post_Te (7 more) ...":0}]|0x721b2a20
11:54:41.0 (85829988)|STATEMENT_EXECUTE|[38]
11:54:41.0 (85840446)|SYSTEM_MODE_EXIT|false
11:54:41.85 (85865338)|CUMULATIVE_LIMIT_USAGE
11:54:41.85 (85865338)|LIMIT_USAGE_FOR_NS|(default)|
  Number of SOQL queries: 3 out of 100
  Number of query rows: 3 out of 50000
  Number of SOSL queries: 0 out of 20
  Number of DML statements: 0 out of 150
  Number of DML rows: 0 out of 10000
  Maximum CPU time: 0 out of 10000
  Maximum heap size: 0 out of 6000000
  Number of callouts: 0 out of 100
  Number of Email Invocations: 0 out of 10
  Number of future calls: 0 out of 50
  Number of queueable jobs added to the queue: 0 out of 50
  Number of Mobile Apex push calls: 0 out of 10

11:54:41.85 (85865338)|TOTAL_EMAIL_RECIPIENTS_QUEUED|0
11:54:41.85 (85865338)|STATIC_VARIABLE_LIST|
  char[]:DigitTens:0
  long:serialVersionUID:0
  long:serialVersionUID:0
  double:MAX_VALUE:0
  Boolean:FALSE:0
  long:serialVersionUID:0
  double:MIN_VALUE:0
  int:SIZE:0
  double:NEGATIVE_INFINITY:0
  int:MAX_VALUE:0
  String:_sfdcSuppressedCodeLocations:0
  char[]:digits:0
  double:NaN:0
  Boolean:TRUE:0
  int:MIN_VALUE:0
  char[]:DigitOnes:0
  int:BYTES:0
  int:MIN_EXPONENT:0
  int[]:sizeTable:0
  int:MAX_EXPONENT:0
  int:SIZE:0
  double:POSITIVE_INFINITY:0
  String:_sfdcAdditionalCodeLocations:0
  double:MIN_NORMAL:0
  int:BYTES:0

11:54:41.85 (85865338)|CUMULATIVE_LIMIT_USAGE_END

11:54:41.0 (85989904)|CODE_UNIT_FINISHED|ApprovalController.getOpportunityRecord
11:54:41.0 (279053413)|HEAP_ALLOCATE|[EXTERNAL]|Bytes:18
11:54:41.0 (279076604)|HEAP_ALLOCATE|[EXTERNAL]|Bytes:18
11:54:41.0 (280306570)|CODE_UNIT_STARTED|[EXTERNAL]|01pO0000000372v|KCRAController.getAllKCRARecords
11:54:41.0 (280352739)|HEAP_ALLOCATE|[EXTERNAL]|Bytes:5
11:54:41.0 (280359576)|HEAP_ALLOCATE|[EXTERNAL]|Bytes:14
11:54:41.0 (280369814)|METHOD_ENTRY|[11]|01pO0000000372v|KCRAController.KCRAController()
11:54:41.0 (280373573)|STATEMENT_EXECUTE|[11]
11:54:41.0 (280378299)|STATEMENT_EXECUTE|[11]
11:54:41.0 (280384527)|METHOD_EXIT|[11]|KCRAController
11:54:41.0 (280388109)|HEAP_ALLOCATE|[EXTERNAL]|Bytes:18
11:54:41.0 (280396006)|SYSTEM_MODE_ENTER|false
11:54:41.0 (280403072)|VARIABLE_SCOPE_BEGIN|[14]|opportunityId|String|false|false
11:54:41.0 (280414572)|VARIABLE_ASSIGNMENT|[14]|opportunityId|"006O0000009GUsjIAG"
11:54:41.0 (280420026)|STATEMENT_EXECUTE|[14]
11:54:41.0 (280421248)|STATEMENT_EXECUTE|[17]
11:54:41.0 (280424478)|HEAP_ALLOCATE|[17]|Bytes:204
11:54:41.0 (280431820)|HEAP_ALLOCATE|[17]|Bytes:4
11:54:41.0 (280845563)|SOQL_EXECUTE_BEGIN|[17]|Aggregations:0|SELECT Id, name, recordtypeId, applicable__c, approved__c, itemno__c, KCRA_Item__c, Opportunity__c FROM Key_Commercial_Risks_Approvals__c WHERE Opportunity__c = :tmpVar1 ORDER BY itemno__c ASC NULLS FIRST
11:54:41.0 (280854811)|LIMIT_USAGE|[17]|SOQL|4|100
11:54:41.0 (280863114)|LIMIT_USAGE|[17]|AGGS|0|300
11:54:41.0 (285225565)|SOQL_EXECUTE_END|[17]|Rows:12
11:54:41.0 (285232162)|LIMIT_USAGE|[17]|SOQL_ROWS|15|50000
11:54:41.0 (285244797)|HEAP_ALLOCATE|[17]|Bytes:52
11:54:41.0 (285291525)|HEAP_ALLOCATE|[17]|Bytes:3315
11:54:41.0 (285342577)|HEAP_ALLOCATE|[17]|Bytes:52
11:54:41.0 (285355608)|VARIABLE_SCOPE_BEGIN|[17]|allKCRAs|List<Key_Commercial_Risks_Approvals__c>|true|false
11:54:41.0 (285371675)|VARIABLE_ASSIGNMENT|[17]|allKCRAs|"List of size 12 too large to display"|0x3e3be83e
11:54:41.0 (285374749)|STATEMENT_EXECUTE|[27]
11:54:41.0 (285382998)|SYSTEM_MODE_EXIT|false
11:54:41.285 (285404437)|CUMULATIVE_LIMIT_USAGE
11:54:41.285 (285404437)|LIMIT_USAGE_FOR_NS|(default)|
  Number of SOQL queries: 4 out of 100
  Number of query rows: 15 out of 50000
  Number of SOSL queries: 0 out of 20
  Number of DML statements: 0 out of 150
  Number of DML rows: 0 out of 10000
  Maximum CPU time: 0 out of 10000
  Maximum heap size: 0 out of 6000000
  Number of callouts: 0 out of 100
  Number of Email Invocations: 0 out of 10
  Number of future calls: 0 out of 50
  Number of queueable jobs added to the queue: 0 out of 50
  Number of Mobile Apex push calls: 0 out of 10

11:54:41.285 (285404437)|TOTAL_EMAIL_RECIPIENTS_QUEUED|0
11:54:41.285 (285404437)|STATIC_VARIABLE_LIST|
  char[]:DigitTens:0
  long:serialVersionUID:0
  long:serialVersionUID:0
  double:MAX_VALUE:0
  Boolean:FALSE:0
  long:serialVersionUID:0
  String:_sfdcAdditionalCodeLocations:0
  double:MIN_VALUE:0
  int:SIZE:0
  double:NEGATIVE_INFINITY:0
  int:MAX_VALUE:0
  String:_sfdcSuppressedCodeLocations:0
  char[]:digits:0
  double:NaN:0
  Boolean:TRUE:0
  int:MIN_VALUE:0
  char[]:DigitOnes:0
  int:BYTES:0
  int:MIN_EXPONENT:0
  int[]:sizeTable:0
  int:MAX_EXPONENT:0
  String:_sfdcSuppressedCodeLocations:0
  int:SIZE:0
  double:POSITIVE_INFINITY:0
  String:_sfdcAdditionalCodeLocations:0
  double:MIN_NORMAL:0
  int:BYTES:0

11:54:41.285 (285404437)|CUMULATIVE_LIMIT_USAGE_END

11:54:41.0 (285510773)|CODE_UNIT_FINISHED|KCRAController.getAllKCRARecords
11:54:41.0 (377296916)|HEAP_ALLOCATE|[EXTERNAL]|Bytes:18
11:54:41.0 (377322209)|HEAP_ALLOCATE|[EXTERNAL]|Bytes:18
11:54:41.0 (381380853)|CODE_UNIT_STARTED|[EXTERNAL]|01pO00000003Dck|PRAController.getAllPRARecords
11:54:41.0 (381453255)|HEAP_ALLOCATE|[EXTERNAL]|Bytes:14
11:54:41.0 (381464067)|HEAP_ALLOCATE|[EXTERNAL]|Bytes:11
11:54:41.0 (381477965)|METHOD_ENTRY|[1]|01pO00000003Dck|PRAController.PRAController()
11:54:41.0 (381482304)|STATEMENT_EXECUTE|[1]
11:54:41.0 (381486915)|STATEMENT_EXECUTE|[1]
11:54:41.0 (381496076)|METHOD_EXIT|[1]|PRAController
11:54:41.0 (381502975)|HEAP_ALLOCATE|[EXTERNAL]|Bytes:18
11:54:41.0 (381513564)|SYSTEM_MODE_ENTER|false
11:54:41.0 (381521531)|VARIABLE_SCOPE_BEGIN|[15]|opportunityId|String|false|false
11:54:41.0 (381532594)|VARIABLE_ASSIGNMENT|[15]|opportunityId|"006O0000009GUsjIAG"
11:54:41.0 (381540704)|STATEMENT_EXECUTE|[15]
11:54:41.0 (381543296)|STATEMENT_EXECUTE|[18]
11:54:41.0 (381548155)|HEAP_ALLOCATE|[18]|Bytes:517
11:54:41.0 (381558848)|HEAP_ALLOCATE|[18]|Bytes:4
11:54:41.0 (382847300)|SOQL_EXECUTE_BEGIN|[18]|Aggregations:0|SELECT Id, name, Category__c, Is_Critical_Risk__c, ItemNo__c, Mitigation_Strategy__c, Risk_Item__c, Description__c, Help_Text_0A__c, Help_Text_0B__c, Help_Text_0C__c, Help_Text_1A__c, Help_Text_1B__c, Help_Text_1C__c, Help_Text_2A__c, Help_Text_2B__c, Help_Text_2C__c, Help_Text_3A__c, Help_Text_3B__c, Help_Text_3C__c, Mitigation_Advice__c, Selected_Indicators__c, Rating__c, Selected_Indicators_With_Text_Combined__c FROM Project_Risk_Assessment__c WHERE Opportunity__c = :tmpVar1 ORDER BY ItemNo__c ASC NULLS FIRST
11:54:41.0 (382861333)|LIMIT_USAGE|[18]|SOQL|5|100
11:54:41.0 (382873065)|LIMIT_USAGE|[18]|AGGS|0|300
11:54:41.0 (429424119)|SOQL_EXECUTE_END|[18]|Rows:24
11:54:41.0 (429439162)|LIMIT_USAGE|[18]|SOQL_ROWS|39|50000
11:54:41.0 (429476305)|HEAP_ALLOCATE|[18]|Bytes:100
11:54:41.0 (429608767)|HEAP_ALLOCATE|[18]|Bytes:39071
11:54:41.0 (429692552)|HEAP_ALLOCATE|[18]|Bytes:100
11:54:41.0 (429712216)|VARIABLE_SCOPE_BEGIN|[18]|allPRAs|List<Project_Risk_Assessment__c>|true|false
11:54:41.0 (429738112)|VARIABLE_ASSIGNMENT|[18]|allPRAs|"List of size 24 too large to display"|0x6d83b663
11:54:41.0 (429743907)|STATEMENT_EXECUTE|[26]
11:54:41.0 (429770512)|SYSTEM_MODE_EXIT|false
11:54:41.429 (429807766)|CUMULATIVE_LIMIT_USAGE
11:54:41.429 (429807766)|LIMIT_USAGE_FOR_NS|(default)|
  Number of SOQL queries: 5 out of 100
  Number of query rows: 39 out of 50000
  Number of SOSL queries: 0 out of 20
  Number of DML statements: 0 out of 150
  Number of DML rows: 0 out of 10000
  Maximum CPU time: 0 out of 10000
  Maximum heap size: 0 out of 6000000
  Number of callouts: 0 out of 100
  Number of Email Invocations: 0 out of 10
  Number of future calls: 0 out of 50
  Number of queueable jobs added to the queue: 0 out of 50
  Number of Mobile Apex push calls: 0 out of 10

11:54:41.429 (429807766)|TOTAL_EMAIL_RECIPIENTS_QUEUED|0
11:54:41.429 (429807766)|STATIC_VARIABLE_LIST|
  char[]:DigitTens:0
  long:serialVersionUID:0
  long:serialVersionUID:0
  double:MAX_VALUE:0
  Boolean:FALSE:0
  long:serialVersionUID:0
  String:_sfdcAdditionalCodeLocations:0
  double:MIN_VALUE:0
  int:SIZE:0
  double:NEGATIVE_INFINITY:0
  int:MAX_VALUE:0
  String:_sfdcSuppressedCodeLocations:0
  char[]:digits:0
  double:NaN:0
  Boolean:TRUE:0
  int:MIN_VALUE:0
  String:_sfdcSuppressedCodeLocations:0
  char[]:DigitOnes:0
  int:BYTES:0
  int:MIN_EXPONENT:0
  int[]:sizeTable:0
  int:MAX_EXPONENT:0
  String:_sfdcSuppressedCodeLocations:0
  String:_sfdcAdditionalCodeLocations:0
  int:SIZE:0
  double:POSITIVE_INFINITY:0
  String:_sfdcAdditionalCodeLocations:0
  double:MIN_NORMAL:0
  int:BYTES:0

11:54:41.429 (429807766)|CUMULATIVE_LIMIT_USAGE_END

11:54:41.0 (429983449)|CODE_UNIT_FINISHED|PRAController.getAllPRARecords
11:54:41.471 (471156164)|CUMULATIVE_PROFILING_BEGIN
11:54:41.471 (471156164)|CUMULATIVE_PROFILING|SOQL operations|
Class.PRAController.getAllPRARecords: line 18, column 1: [SELECT Id,name,Category__c,Is_Critical_Risk__c,ItemNo__c,Mitigation_Strategy__c,Risk_Item__c,
                                                             		Description__c,Help_Text_0A__c,Help_Text_0B__c,Help_Text_0C__c,Help_Text_1A__c,Help_Text_1B__c, 
                                                             		Help_Text_1C__c,Help_Text_2A__c,Help_Text_2B__c,Help_Text_2C__c,Help_Text_3A__c,Help_Text_3B__c,
                                                             		Help_Text_3C__c,Mitigation_Advice__c,Selected_Indicators__c,Rating__c,Selected_Indicators_With_Text_Combined__c
												   FROM Project_Risk_Assessment__c
                                                   WHERE Opportunity__c = :opportunityId
                                                   ORDER BY ItemNo__c]: executed 1 time in 48 ms
Class.ApprovalController.getOpportunityRecord: line 18, column 1: [SELECT   Id,name,
                                                           			Gate_Status__c,
                                                           			TSF_Gate_Status__c,
                                                           			CRA_Gate_Status__c,
                                                           			StageName,
                                    								Competitor_Analysis_General_Comments__c,
                                    								Are_there_any_critical_risks__c,
                                    								Has_CRA_changed_since_last_approval__c,
                                    								Has_TSF_changed_since_last_approval__c,
                                    								Apply_Default_Bonding__c,
                                    								Conversion_Budget_Comments__c,
                                    								Is_Gate_1_To_3__c, Is_Gate_4_To_5__c,
                                    								Net_Budget_EOI_PQ__c, Net_Budget_Post_Tender__c, 
                                    								Net_Budget_Tender__c, Net_Budget_Amount__c,
                                    								Total_Budget_EOI_PQ__c, Total_Budget_Tender__c, 
                                    								Total_Budget_AUD__c, Total_Budget_Post_Tender__c, 
                                    								JH_Bid_Cost_of_JH_Revenue__c
                                 							FROM     Opportunity
                                 							WHERE    Id = :opportunityId]: executed 3 times in 41 ms
Class.KCRAController.getAllKCRARecords: line 17, column 1: [SELECT   Id,name,
                                                           			recordtypeId,
                                                           			applicable__c,
                                                           			approved__c,
                                                           			itemno__c,
                                                           			KCRA_Item__c,Opportunity__c 
                                 							FROM     Key_Commercial_Risks_Approvals__c 
                                 							WHERE    Opportunity__c = :opportunityId
                                                           	ORDER BY itemno__c]: executed 1 time in 5 ms

11:54:41.471 (471156164)|CUMULATIVE_PROFILING|No profiling information for SOSL operations
11:54:41.471 (471156164)|CUMULATIVE_PROFILING|No profiling information for DML operations
11:54:41.471 (471156164)|CUMULATIVE_PROFILING|method invocations|
External entry point: public static List<Project_Risk_Assessment__c> getAllPRARecords(String): executed 1 time in 48 ms
External entry point: public static List<Opportunity> getOpportunityRecord(String): executed 1 time in 9 ms
External entry point: public static List<Key_Commercial_Risks_Approvals__c> getAllKCRARecords(String): executed 1 time in 5 ms

11:54:41.471 (471156164)|CUMULATIVE_PROFILING_END
