39.0 APEX_CODE,FINEST;APEX_PROFILING,FINEST;CALLOUT,INFO;DB,INFO;SYSTEM,DEBUG;VALIDATION,INFO;VISUALFORCE,INFO;WAVE,INFO;WORKFLOW,INFO
16:08:41.0 (636016)|USER_INFO|[EXTERNAL]|00528000006B07F|dev@systempartners.com.prod.pcphase2|Australian Eastern Standard Time|GMT+11:00
16:08:41.0 (675823)|EXECUTION_STARTED
16:08:41.0 (682214)|CODE_UNIT_STARTED|[EXTERNAL]|aura
16:08:41.0 (1253473)|HEAP_ALLOCATE|[72]|Bytes:3
16:08:41.0 (1312976)|HEAP_ALLOCATE|[77]|Bytes:152
16:08:41.0 (1346927)|HEAP_ALLOCATE|[342]|Bytes:408
16:08:41.0 (1385961)|HEAP_ALLOCATE|[355]|Bytes:408
16:08:41.0 (1420771)|HEAP_ALLOCATE|[467]|Bytes:48
16:08:41.0 (1469854)|HEAP_ALLOCATE|[139]|Bytes:6
16:08:41.0 (1516262)|HEAP_ALLOCATE|[EXTERNAL]|Bytes:18
16:08:41.0 (1534286)|HEAP_ALLOCATE|[EXTERNAL]|Bytes:18
16:08:41.0 (2939026)|CODE_UNIT_STARTED|[EXTERNAL]|01pO0000000372v|KCRAController.getAllKCRARecords
16:08:41.0 (3061124)|HEAP_ALLOCATE|[EXTERNAL]|Bytes:5
16:08:41.0 (3070853)|HEAP_ALLOCATE|[EXTERNAL]|Bytes:14
16:08:41.0 (3083403)|METHOD_ENTRY|[11]|01pO0000000372v|KCRAController.KCRAController()
16:08:41.0 (3088382)|STATEMENT_EXECUTE|[11]
16:08:41.0 (3095729)|STATEMENT_EXECUTE|[11]
16:08:41.0 (3103457)|METHOD_EXIT|[11]|KCRAController
16:08:41.0 (3109949)|HEAP_ALLOCATE|[EXTERNAL]|Bytes:18
16:08:41.0 (3123665)|SYSTEM_MODE_ENTER|false
16:08:41.0 (3132911)|VARIABLE_SCOPE_BEGIN|[14]|opportunityId|String|false|false
16:08:41.0 (3157114)|VARIABLE_ASSIGNMENT|[14]|opportunityId|"006O0000008kRsJIAU"
16:08:41.0 (3169458)|STATEMENT_EXECUTE|[14]
16:08:41.0 (3171843)|STATEMENT_EXECUTE|[17]
16:08:41.0 (3178177)|HEAP_ALLOCATE|[17]|Bytes:204
16:08:41.0 (3194697)|HEAP_ALLOCATE|[17]|Bytes:4
16:08:41.0 (3212386)|HEAP_ALLOCATE|[17]|Bytes:7
16:08:41.0 (3275179)|HEAP_ALLOCATE|[50]|Bytes:5
16:08:41.0 (3311731)|HEAP_ALLOCATE|[56]|Bytes:5
16:08:41.0 (3329063)|HEAP_ALLOCATE|[64]|Bytes:7
16:08:41.0 (3851360)|SOQL_EXECUTE_BEGIN|[17]|Aggregations:0|SELECT Id, name, recordtypeId, applicable__c, approved__c, itemno__c, KCRA_Item__c, Opportunity__c FROM Key_Commercial_Risks_Approvals__c WHERE Opportunity__c = :tmpVar1 ORDER BY itemno__c ASC NULLS FIRST
16:08:41.0 (3861524)|LIMIT_USAGE|[17]|SOQL|1|100
16:08:41.0 (3868476)|LIMIT_USAGE|[17]|AGGS|0|300
16:08:41.0 (8802219)|SOQL_EXECUTE_END|[17]|Rows:12
16:08:41.0 (8816237)|LIMIT_USAGE|[17]|SOQL_ROWS|12|50000
16:08:41.0 (8847015)|HEAP_ALLOCATE|[17]|Bytes:52
16:08:41.0 (8911364)|HEAP_ALLOCATE|[17]|Bytes:3578
16:08:41.0 (9069530)|HEAP_ALLOCATE|[17]|Bytes:52
16:08:41.0 (9093559)|VARIABLE_SCOPE_BEGIN|[17]|allKCRAs|List<Key_Commercial_Risks_Approvals__c>|true|false
16:08:41.0 (9126411)|VARIABLE_ASSIGNMENT|[17]|allKCRAs|"List of size 12 too large to display"|0x2d08e40c
16:08:41.0 (9131950)|STATEMENT_EXECUTE|[27]
16:08:41.0 (9145167)|SYSTEM_MODE_EXIT|false
16:08:41.9 (9175515)|CUMULATIVE_LIMIT_USAGE
16:08:41.9 (9175515)|LIMIT_USAGE_FOR_NS|(default)|
  Number of SOQL queries: 1 out of 100
  Number of query rows: 12 out of 50000
  Number of SOSL queries: 0 out of 20
  Number of DML statements: 0 out of 150
  Number of DML rows: 0 out of 10000
  Maximum CPU time: 0 out of 10000
  Maximum heap size: 0 out of 6000000
  Number of callouts: 0 out of 100
  Number of Email Invocations: 0 out of 10
  Number of future calls: 0 out of 50
  Number of queueable jobs added to the queue: 0 out of 50
  Number of Mobile Apex push calls: 0 out of 10

16:08:41.9 (9175515)|TOTAL_EMAIL_RECIPIENTS_QUEUED|0
16:08:41.9 (9175515)|STATIC_VARIABLE_LIST|
  char[]:DigitTens:0
  long:serialVersionUID:0
  long:serialVersionUID:0
  double:MAX_VALUE:0
  Boolean:FALSE:0
  long:serialVersionUID:0
  String:_sfdcAdditionalCodeLocations:0
  double:MIN_VALUE:0
  int:SIZE:0
  double:NEGATIVE_INFINITY:0
  int:MAX_VALUE:0
  char[]:digits:0
  double:NaN:0
  Boolean:TRUE:0
  int:MIN_VALUE:0
  char[]:DigitOnes:0
  int:BYTES:0
  int:MIN_EXPONENT:0
  int[]:sizeTable:0
  int:MAX_EXPONENT:0
  String:_sfdcSuppressedCodeLocations:0
  int:SIZE:0
  double:POSITIVE_INFINITY:0
  double:MIN_NORMAL:0
  int:BYTES:0

16:08:41.9 (9175515)|CUMULATIVE_LIMIT_USAGE_END

16:08:41.0 (9296497)|CODE_UNIT_FINISHED|KCRAController.getAllKCRARecords
16:08:41.0 (9640719)|HEAP_ALLOCATE|[EXTERNAL]|Bytes:18
16:08:41.0 (9657744)|HEAP_ALLOCATE|[EXTERNAL]|Bytes:18
16:08:41.0 (11543683)|CODE_UNIT_STARTED|[EXTERNAL]|01pO00000003Dck|PRAController.getAllPRARecords
16:08:41.0 (11608560)|HEAP_ALLOCATE|[EXTERNAL]|Bytes:11
16:08:41.0 (11615462)|HEAP_ALLOCATE|[EXTERNAL]|Bytes:11
16:08:41.0 (11627220)|METHOD_ENTRY|[1]|01pO00000003Dck|PRAController.PRAController()
16:08:41.0 (11630236)|STATEMENT_EXECUTE|[1]
16:08:41.0 (11634223)|STATEMENT_EXECUTE|[1]
16:08:41.0 (11640579)|METHOD_EXIT|[1]|PRAController
16:08:41.0 (11644585)|HEAP_ALLOCATE|[EXTERNAL]|Bytes:18
16:08:41.0 (11652221)|SYSTEM_MODE_ENTER|false
16:08:41.0 (11659795)|VARIABLE_SCOPE_BEGIN|[15]|opportunityId|String|false|false
16:08:41.0 (11667265)|VARIABLE_ASSIGNMENT|[15]|opportunityId|"006O0000008kRsJIAU"
16:08:41.0 (11673950)|STATEMENT_EXECUTE|[15]
16:08:41.0 (11675442)|STATEMENT_EXECUTE|[18]
16:08:41.0 (11691467)|HEAP_ALLOCATE|[18]|Bytes:508
16:08:41.0 (11707027)|HEAP_ALLOCATE|[18]|Bytes:4
16:08:41.0 (12438205)|SOQL_EXECUTE_BEGIN|[18]|Aggregations:0|SELECT Id, name, Category__c, Is_Critical_Risk__c, ItemNo__c, Mitigation_Strategy__c, Rating__c, Risk_Item__c, description__c, Help_Text_0A__c, Help_Text_0B__c, Help_Text_0C__c, Help_Text_1A__c, Help_Text_1B__c, Help_Text_1C__c, Help_Text_2A__c, Help_Text_2B__c, Help_Text_2C__c, Help_Text_3A__c, Help_Text_3B__c, Help_Text_3C__c, Mitigation_Advice__c, Selected_Indicators__c, Selected_Indicators_With_Text__c FROM Project_Risk_Assessment__c WHERE Opportunity__c = :tmpVar1 ORDER BY ItemNo__c ASC NULLS FIRST
16:08:41.0 (12448481)|LIMIT_USAGE|[18]|SOQL|2|100
16:08:41.0 (12455376)|LIMIT_USAGE|[18]|AGGS|0|300
16:08:41.0 (27626969)|SOQL_EXECUTE_END|[18]|Rows:25
16:08:41.0 (27641312)|LIMIT_USAGE|[18]|SOQL_ROWS|37|50000
16:08:41.0 (27662400)|HEAP_ALLOCATE|[18]|Bytes:104
16:08:41.0 (27735680)|HEAP_ALLOCATE|[18]|Bytes:10126
16:08:41.0 (27772392)|HEAP_ALLOCATE|[18]|Bytes:104
16:08:41.0 (27790866)|VARIABLE_SCOPE_BEGIN|[18]|allPRAs|List<Project_Risk_Assessment__c>|true|false
16:08:41.0 (27815982)|VARIABLE_ASSIGNMENT|[18]|allPRAs|"List of size 25 too large to display"|0x63b6989c
16:08:41.0 (27820552)|STATEMENT_EXECUTE|[26]
16:08:41.0 (27830522)|SYSTEM_MODE_EXIT|false
16:08:41.27 (27846950)|CUMULATIVE_LIMIT_USAGE
16:08:41.27 (27846950)|LIMIT_USAGE_FOR_NS|(default)|
  Number of SOQL queries: 2 out of 100
  Number of query rows: 37 out of 50000
  Number of SOSL queries: 0 out of 20
  Number of DML statements: 0 out of 150
  Number of DML rows: 0 out of 10000
  Maximum CPU time: 0 out of 10000
  Maximum heap size: 0 out of 6000000
  Number of callouts: 0 out of 100
  Number of Email Invocations: 0 out of 10
  Number of future calls: 0 out of 50
  Number of queueable jobs added to the queue: 0 out of 50
  Number of Mobile Apex push calls: 0 out of 10

16:08:41.27 (27846950)|TOTAL_EMAIL_RECIPIENTS_QUEUED|0
16:08:41.27 (27846950)|STATIC_VARIABLE_LIST|
  char[]:DigitTens:0
  long:serialVersionUID:0
  long:serialVersionUID:0
  double:MAX_VALUE:0
  Boolean:FALSE:0
  long:serialVersionUID:0
  String:_sfdcAdditionalCodeLocations:0
  double:MIN_VALUE:0
  int:SIZE:0
  double:NEGATIVE_INFINITY:0
  int:MAX_VALUE:0
  char[]:digits:0
  double:NaN:0
  Boolean:TRUE:0
  int:MIN_VALUE:0
  String:_sfdcSuppressedCodeLocations:0
  char[]:DigitOnes:0
  int:BYTES:0
  int:MIN_EXPONENT:0
  int[]:sizeTable:0
  int:MAX_EXPONENT:0
  String:_sfdcSuppressedCodeLocations:0
  String:_sfdcAdditionalCodeLocations:0
  int:SIZE:0
  double:POSITIVE_INFINITY:0
  double:MIN_NORMAL:0
  int:BYTES:0

16:08:41.27 (27846950)|CUMULATIVE_LIMIT_USAGE_END

16:08:41.0 (27951182)|CODE_UNIT_FINISHED|PRAController.getAllPRARecords
16:08:41.117 (117449344)|CUMULATIVE_PROFILING_BEGIN
16:08:41.117 (117449344)|CUMULATIVE_PROFILING|SOQL operations|
Class.PRAController.getAllPRARecords: line 18, column 1: [SELECT Id,name,Category__c,Is_Critical_Risk__c,ItemNo__c,Mitigation_Strategy__c,Rating__c,Risk_Item__c,
                                                             		description__c,Help_Text_0A__c,Help_Text_0B__c,Help_Text_0C__c,Help_Text_1A__c,Help_Text_1B__c, 
                                                             		Help_Text_1C__c,Help_Text_2A__c,Help_Text_2B__c,Help_Text_2C__c,Help_Text_3A__c,Help_Text_3B__c,
                                                             		Help_Text_3C__c,Mitigation_Advice__c,Selected_Indicators__c,Selected_Indicators_With_Text__c
												   FROM Project_Risk_Assessment__c
                                                   WHERE Opportunity__c = :opportunityId
                                                   ORDER BY ItemNo__c]: executed 1 time in 16 ms
Class.KCRAController.getAllKCRARecords: line 17, column 1: [SELECT   Id,name,
                                                           			recordtypeId,
                                                           			applicable__c,
                                                           			approved__c,
                                                           			itemno__c,
                                                           			KCRA_Item__c,Opportunity__c 
                                 							FROM     Key_Commercial_Risks_Approvals__c 
                                 							WHERE    Opportunity__c = :opportunityId
                                                           	ORDER BY itemno__c]: executed 1 time in 6 ms

16:08:41.117 (117449344)|CUMULATIVE_PROFILING|No profiling information for SOSL operations
16:08:41.117 (117449344)|CUMULATIVE_PROFILING|No profiling information for DML operations
16:08:41.117 (117449344)|CUMULATIVE_PROFILING|method invocations|
External entry point: public static List<Project_Risk_Assessment__c> getAllPRARecords(String): executed 1 time in 17 ms
External entry point: public static List<Key_Commercial_Risks_Approvals__c> getAllKCRARecords(String): executed 1 time in 6 ms

16:08:41.117 (117449344)|CUMULATIVE_PROFILING_END
