34.0 APEX_CODE,FINEST;APEX_PROFILING,FINEST;CALLOUT,NONE;DB,FINEST;SYSTEM,FINE;VALIDATION,INFO;VISUALFORCE,INFO;WAVE,INFO;WORKFLOW,FINER
15:53:40.0 (92482)|USER_INFO|[EXTERNAL]|005O0000003t7an|ricky.lowe@jhg.com.au.pcphase2|Australian Eastern Standard Time|GMT+11:00
15:53:40.0 (113050)|EXECUTION_STARTED
15:53:40.0 (116739)|CODE_UNIT_STARTED|[EXTERNAL]|TRIGGERS
15:53:40.0 (158454)|CODE_UNIT_STARTED|[EXTERNAL]|01qO00000000Ue8|AssignedApproverTrigger on Assigned_Approver trigger event BeforeUpdate for [a0oO0000002tWWY]
15:53:40.0 (203864)|HEAP_ALLOCATE|[EXTERNAL]|Bytes:8
15:53:40.0 (236955)|HEAP_ALLOCATE|[EXTERNAL]|Bytes:8
15:53:40.0 (727010)|HEAP_ALLOCATE|[72]|Bytes:3
15:53:40.0 (745539)|HEAP_ALLOCATE|[77]|Bytes:152
15:53:40.0 (757372)|HEAP_ALLOCATE|[342]|Bytes:408
15:53:40.0 (776344)|HEAP_ALLOCATE|[355]|Bytes:408
15:53:40.0 (794826)|HEAP_ALLOCATE|[467]|Bytes:48
15:53:40.0 (816631)|HEAP_ALLOCATE|[139]|Bytes:6
15:53:40.0 (837386)|HEAP_ALLOCATE|[EXTERNAL]|Bytes:1
15:53:40.0 (857201)|HEAP_ALLOCATE|[EXTERNAL]|Bytes:4
15:53:40.0 (869942)|VARIABLE_SCOPE_BEGIN|[1]|this|AssignedApproverTrigger|true|false
15:53:40.0 (915139)|VARIABLE_ASSIGNMENT|[1]|this|{}|0xd6edb8b
15:53:40.0 (976308)|HEAP_ALLOCATE|[EXTERNAL]|Bytes:4
15:53:40.0 (985541)|VARIABLE_SCOPE_BEGIN|[1]|this|AssignedApproverTrigger|true|false
15:53:40.0 (1001724)|VARIABLE_ASSIGNMENT|[1]|this|{}|0xd6edb8b
15:53:40.0 (1009497)|STATEMENT_EXECUTE|[1]
15:53:40.0 (1011904)|STATEMENT_EXECUTE|[2]
15:53:40.0 (1262958)|HEAP_ALLOCATE|[2]|Bytes:36
15:53:40.0 (1284071)|HEAP_ALLOCATE|[50]|Bytes:5
15:53:40.0 (1305095)|HEAP_ALLOCATE|[56]|Bytes:5
15:53:40.0 (1319257)|HEAP_ALLOCATE|[64]|Bytes:7
15:53:40.0 (1356671)|SYSTEM_METHOD_ENTRY|[2]|System.debug(APEX_OBJECT, ANY)
15:53:40.0 (1384892)|USER_DEBUG|[2]|ERROR|*** Assigned Approver Trigger Firing
15:53:40.0 (1395489)|SYSTEM_METHOD_EXIT|[2]|System.debug(APEX_OBJECT, ANY)
15:53:40.0 (1400940)|STATEMENT_EXECUTE|[3]
15:53:40.0 (69213750)|VARIABLE_SCOPE_BEGIN|[5]|TriggerHandler.bypassedHandlers|Set<String>|true|true
15:53:40.0 (69447979)|VARIABLE_SCOPE_BEGIN|[4]|TriggerHandler.loopCountMap|Map<String,TriggerHandler.LoopCount>|true|true
15:53:40.0 (69480688)|HEAP_ALLOCATE|[3]|Bytes:11
15:53:40.0 (69491740)|HEAP_ALLOCATE|[3]|Bytes:17
15:53:40.0 (69509272)|METHOD_ENTRY|[12]|01pO00000003Sem|Assigned_Approver_TriggerHandler.Assigned_Approver_TriggerHandler()
15:53:40.0 (69513039)|STATEMENT_EXECUTE|[12]
15:53:40.0 (69517553)|STATEMENT_EXECUTE|[12]
15:53:40.0 (70291410)|SYSTEM_MODE_ENTER|false
15:53:40.0 (70306103)|HEAP_ALLOCATE|[3]|Bytes:5
15:53:40.0 (70313643)|SYSTEM_MODE_EXIT|false
15:53:40.0 (70324295)|METHOD_EXIT|[12]|Assigned_Approver_TriggerHandler
15:53:40.0 (70520445)|HEAP_ALLOCATE|[3]|Bytes:12
15:53:40.0 (70537702)|CONSTRUCTOR_ENTRY|[3]|01pO00000003Sem|<init>()
15:53:40.0 (70573457)|VARIABLE_SCOPE_BEGIN|[13]|this|Assigned_Approver_TriggerHandler|true|false
15:53:40.0 (70620570)|VARIABLE_ASSIGNMENT|[13]|this|{}|0x16bc8c0b
15:53:40.0 (70629727)|SYSTEM_MODE_ENTER|false
15:53:40.0 (70638409)|HEAP_ALLOCATE|[13]|Bytes:5
15:53:40.0 (70642195)|STATEMENT_EXECUTE|[12]
15:53:40.0 (70644902)|HEAP_ALLOCATE|[13]|Bytes:5
15:53:40.0 (70655576)|HEAP_ALLOCATE|[13]|Bytes:48
15:53:40.0 (70660599)|HEAP_ALLOCATE|[13]|Bytes:69
15:53:40.0 (70671425)|METHOD_ENTRY|[1]|01pO00000003AAn|TriggerHandler.TriggerHandler()
15:53:40.0 (70673812)|STATEMENT_EXECUTE|[1]
15:53:40.0 (70676580)|STATEMENT_EXECUTE|[1]
15:53:40.0 (70677772)|STATEMENT_EXECUTE|[16]
15:53:40.0 (70678716)|STATEMENT_EXECUTE|[17]
15:53:40.0 (70683195)|HEAP_ALLOCATE|[17]|Bytes:4
15:53:40.0 (70727061)|VARIABLE_ASSIGNMENT|[17]|TriggerHandler.loopCountMap|{}|0xc7074f9
15:53:40.0 (70730651)|STATEMENT_EXECUTE|[18]
15:53:40.0 (70737296)|HEAP_ALLOCATE|[18]|Bytes:4
15:53:40.0 (70753113)|SYSTEM_CONSTRUCTOR_ENTRY|[18]|<init>(Integer)
15:53:40.0 (70779021)|SYSTEM_CONSTRUCTOR_EXIT|[18]|<init>(Integer)
15:53:40.0 (70820028)|VARIABLE_ASSIGNMENT|[18]|TriggerHandler.bypassedHandlers|[]|0x5f3944a6
15:53:40.0 (70823841)|STATEMENT_EXECUTE|[187]
15:53:40.0 (70825171)|STATEMENT_EXECUTE|[236]
15:53:40.0 (70830757)|METHOD_EXIT|[1]|TriggerHandler
15:53:40.0 (70837249)|CONSTRUCTOR_ENTRY|[13]|01pO00000003AAn|<init>()
15:53:40.0 (70950510)|VARIABLE_SCOPE_BEGIN|[22]|this|TriggerHandler|true|false
15:53:40.0 (70966908)|VARIABLE_ASSIGNMENT|[22]|this|{}|0x16bc8c0b
15:53:40.0 (70971050)|STATEMENT_EXECUTE|[1]
15:53:40.0 (70972356)|STATEMENT_EXECUTE|[9]
15:53:40.0 (70973522)|STATEMENT_EXECUTE|[13]
15:53:40.0 (70980827)|HEAP_ALLOCATE|[23]|Bytes:6
15:53:40.0 (71002312)|STATEMENT_EXECUTE|[22]
15:53:40.0 (71004895)|STATEMENT_EXECUTE|[23]
15:53:40.0 (71031429)|METHOD_ENTRY|[23]|01pO00000003AAn|TriggerHandler.setTriggerContext()
15:53:40.0 (71060624)|VARIABLE_SCOPE_BEGIN|[94]|this|TriggerHandler|true|false
15:53:40.0 (71075240)|VARIABLE_ASSIGNMENT|[94]|this|{}|0x16bc8c0b
15:53:40.0 (71079896)|STATEMENT_EXECUTE|[94]
15:53:40.0 (71084256)|STATEMENT_EXECUTE|[95]
15:53:40.0 (71099799)|METHOD_ENTRY|[95]|01pO00000003AAn|TriggerHandler.setTriggerContext(String, Boolean)
15:53:40.0 (71119317)|VARIABLE_SCOPE_BEGIN|[99]|this|TriggerHandler|true|false
15:53:40.0 (71132692)|VARIABLE_ASSIGNMENT|[99]|this|{}|0x16bc8c0b
15:53:40.0 (71135973)|VARIABLE_SCOPE_BEGIN|[99]|ctx|String|false|false
15:53:40.0 (71140412)|VARIABLE_ASSIGNMENT|[99]|ctx|null
15:53:40.0 (71145434)|VARIABLE_SCOPE_BEGIN|[99]|testMode|Boolean|false|false
15:53:40.0 (71149216)|VARIABLE_ASSIGNMENT|[99]|testMode|false
15:53:40.0 (71153173)|STATEMENT_EXECUTE|[99]
15:53:40.0 (71168824)|STATEMENT_EXECUTE|[103]
15:53:40.0 (71170347)|STATEMENT_EXECUTE|[104]
15:53:40.0 (71175347)|HEAP_ALLOCATE|[104]|Bytes:5
15:53:40.0 (71199813)|STATEMENT_EXECUTE|[111]
15:53:40.0 (71201350)|STATEMENT_EXECUTE|[112]
15:53:40.0 (71222497)|HEAP_ALLOCATE|[112]|Bytes:12
15:53:40.0 (71227897)|HEAP_ALLOCATE|[112]|Bytes:13
15:53:40.0 (71283838)|HEAP_ALLOCATE|[112]|Bytes:12
15:53:40.0 (71288593)|HEAP_ALLOCATE|[112]|Bytes:13
15:53:40.0 (71300555)|HEAP_ALLOCATE|[112]|Bytes:12
15:53:40.0 (71303594)|HEAP_ALLOCATE|[112]|Bytes:13
15:53:40.0 (71315784)|HEAP_ALLOCATE|[112]|Bytes:12
15:53:40.0 (71318668)|HEAP_ALLOCATE|[112]|Bytes:12
15:53:40.0 (71328547)|HEAP_ALLOCATE|[112]|Bytes:12
15:53:40.0 (71331361)|HEAP_ALLOCATE|[112]|Bytes:12
15:53:40.0 (71340870)|HEAP_ALLOCATE|[112]|Bytes:12
15:53:40.0 (71343727)|HEAP_ALLOCATE|[112]|Bytes:12
15:53:40.0 (71356360)|HEAP_ALLOCATE|[112]|Bytes:12
15:53:40.0 (71359478)|HEAP_ALLOCATE|[112]|Bytes:14
15:53:40.0 (71377057)|METHOD_EXIT|[95]|01pO00000003AAn|TriggerHandler.setTriggerContext(String, Boolean)
15:53:40.0 (71382484)|METHOD_EXIT|[23]|01pO00000003AAn|TriggerHandler.setTriggerContext()
15:53:40.0 (71386637)|CONSTRUCTOR_EXIT|[13]|01pO00000003AAn|<init>()
15:53:40.0 (71389043)|STATEMENT_EXECUTE|[13]
15:53:40.0 (71393016)|SYSTEM_MODE_EXIT|false
15:53:40.0 (71397689)|CONSTRUCTOR_EXIT|[3]|01pO00000003Sem|<init>()
15:53:40.0 (71406348)|METHOD_ENTRY|[3]|01pO00000003AAn|TriggerHandler.run()
15:53:40.0 (71411464)|VARIABLE_SCOPE_BEGIN|[31]|this|TriggerHandler|true|false
15:53:40.0 (71435699)|VARIABLE_ASSIGNMENT|[31]|this|{"context":"0x68381971","isTriggerExecuting":true}|0x16bc8c0b
15:53:40.0 (71440397)|STATEMENT_EXECUTE|[31]
15:53:40.0 (71448992)|METHOD_ENTRY|[33]|01pO00000003AAn|TriggerHandler.validateRun()
15:53:40.0 (71465523)|VARIABLE_SCOPE_BEGIN|[146]|this|TriggerHandler|true|false
15:53:40.0 (71481503)|VARIABLE_ASSIGNMENT|[146]|this|{"context":"0x68381971","isTriggerExecuting":true}|0x16bc8c0b
15:53:40.0 (71485925)|STATEMENT_EXECUTE|[146]
15:53:40.0 (71491909)|STATEMENT_EXECUTE|[147]
15:53:40.0 (71501386)|METHOD_ENTRY|[150]|01pO00000003AAn|TriggerHandler.getHandlerName()
15:53:40.0 (71517611)|VARIABLE_SCOPE_BEGIN|[157]|this|TriggerHandler|true|false
15:53:40.0 (71533151)|VARIABLE_ASSIGNMENT|[157]|this|{"context":"0x68381971","isTriggerExecuting":true}|0x16bc8c0b
15:53:40.0 (71537380)|STATEMENT_EXECUTE|[157]
15:53:40.0 (71538479)|STATEMENT_EXECUTE|[158]
15:53:40.0 (71574711)|SYSTEM_METHOD_ENTRY|[158]|String.valueOf(Object)
15:53:40.0 (71641779)|HEAP_ALLOCATE|[158]|Bytes:179
15:53:40.0 (71677981)|SYSTEM_METHOD_EXIT|[158]|String.valueOf(Object)
15:53:40.0 (71707627)|SYSTEM_METHOD_ENTRY|[158]|String.valueOf(Object)
15:53:40.0 (71740526)|HEAP_ALLOCATE|[158]|Bytes:179
15:53:40.0 (71767706)|SYSTEM_METHOD_EXIT|[158]|String.valueOf(Object)
15:53:40.0 (71777305)|HEAP_ALLOCATE|[158]|Bytes:1
15:53:40.0 (71794390)|SYSTEM_METHOD_ENTRY|[158]|String.indexOf(String)
15:53:40.0 (71805673)|SYSTEM_METHOD_EXIT|[158]|String.indexOf(String)
15:53:40.0 (71819609)|SYSTEM_METHOD_ENTRY|[158]|String.substring(Integer, Integer)
15:53:40.0 (71825842)|HEAP_ALLOCATE|[158]|Bytes:32
15:53:40.0 (71835108)|SYSTEM_METHOD_EXIT|[158]|String.substring(Integer, Integer)
15:53:40.0 (71841051)|METHOD_EXIT|[150]|01pO00000003AAn|TriggerHandler.getHandlerName()
15:53:40.0 (71855952)|SYSTEM_METHOD_ENTRY|[150]|Set<String>.contains(Object)
15:53:40.0 (71866816)|SYSTEM_METHOD_EXIT|[150]|Set<String>.contains(Object)
15:53:40.0 (71871450)|STATEMENT_EXECUTE|[150]
15:53:40.0 (71873150)|STATEMENT_EXECUTE|[153]
15:53:40.0 (71877597)|METHOD_EXIT|[33]|01pO00000003AAn|TriggerHandler.validateRun()
15:53:40.0 (71880563)|STATEMENT_EXECUTE|[33]
15:53:40.0 (71881769)|STATEMENT_EXECUTE|[35]
15:53:40.0 (71888825)|METHOD_ENTRY|[35]|01pO00000003AAn|TriggerHandler.addToLoopCount()
15:53:40.0 (71907183)|VARIABLE_SCOPE_BEGIN|[133]|this|TriggerHandler|true|false
15:53:40.0 (71926312)|VARIABLE_ASSIGNMENT|[133]|this|{"context":"0x68381971","isTriggerExecuting":true}|0x16bc8c0b
15:53:40.0 (71931063)|STATEMENT_EXECUTE|[133]
15:53:40.0 (71932170)|STATEMENT_EXECUTE|[134]
15:53:40.0 (71939686)|METHOD_ENTRY|[134]|01pO00000003AAn|TriggerHandler.getHandlerName()
15:53:40.0 (71950669)|VARIABLE_SCOPE_BEGIN|[157]|this|TriggerHandler|true|false
15:53:40.0 (71966046)|VARIABLE_ASSIGNMENT|[157]|this|{"context":"0x68381971","isTriggerExecuting":true}|0x16bc8c0b
15:53:40.0 (71969955)|STATEMENT_EXECUTE|[157]
15:53:40.0 (71971014)|STATEMENT_EXECUTE|[158]
15:53:40.0 (71987555)|SYSTEM_METHOD_ENTRY|[158]|String.valueOf(Object)
15:53:40.0 (72017418)|HEAP_ALLOCATE|[158]|Bytes:179
15:53:40.0 (72033723)|SYSTEM_METHOD_EXIT|[158]|String.valueOf(Object)
15:53:40.0 (72047852)|SYSTEM_METHOD_ENTRY|[158]|String.valueOf(Object)
15:53:40.0 (72073426)|HEAP_ALLOCATE|[158]|Bytes:179
15:53:40.0 (72087870)|SYSTEM_METHOD_EXIT|[158]|String.valueOf(Object)
15:53:40.0 (72102599)|SYSTEM_METHOD_ENTRY|[158]|String.indexOf(String)
15:53:40.0 (72113027)|SYSTEM_METHOD_EXIT|[158]|String.indexOf(String)
15:53:40.0 (72131508)|SYSTEM_METHOD_ENTRY|[158]|String.substring(Integer, Integer)
15:53:40.0 (72138200)|HEAP_ALLOCATE|[158]|Bytes:32
15:53:40.0 (72150050)|SYSTEM_METHOD_EXIT|[158]|String.substring(Integer, Integer)
15:53:40.0 (72155818)|METHOD_EXIT|[134]|01pO00000003AAn|TriggerHandler.getHandlerName()
15:53:40.0 (72160041)|VARIABLE_SCOPE_BEGIN|[134]|handlerName|String|false|false
15:53:40.0 (72169577)|VARIABLE_ASSIGNMENT|[134]|handlerName|"Assigned_Approver_Tr (12 more) ..."
15:53:40.0 (72187773)|SYSTEM_METHOD_ENTRY|[135]|Map<String,TriggerHandler.LoopCount>.containsKey(Object)
15:53:40.0 (72211534)|SYSTEM_METHOD_EXIT|[135]|Map<String,TriggerHandler.LoopCount>.containsKey(Object)
15:53:40.0 (72216838)|STATEMENT_EXECUTE|[135]
15:53:40.0 (72221045)|METHOD_EXIT|[35]|01pO00000003AAn|TriggerHandler.addToLoopCount()
15:53:40.0 (72255149)|SYSTEM_METHOD_ENTRY|[38]|com.salesforce.api.fast.System.compareObjects(Object, Object)
15:53:40.0 (72321442)|SYSTEM_METHOD_EXIT|[38]|com.salesforce.api.fast.System.compareObjects(Object, Object)
15:53:40.0 (72341359)|SYSTEM_METHOD_ENTRY|[40]|com.salesforce.api.fast.System.compareObjects(Object, Object)
15:53:40.0 (72368942)|SYSTEM_METHOD_EXIT|[40]|com.salesforce.api.fast.System.compareObjects(Object, Object)
15:53:40.0 (72373492)|STATEMENT_EXECUTE|[40]
15:53:40.0 (72374766)|STATEMENT_EXECUTE|[41]
15:53:40.0 (72385014)|METHOD_ENTRY|[41]|01pO00000003Sem|Assigned_Approver_TriggerHandler.beforeUpdate()
15:53:40.0 (72402883)|VARIABLE_SCOPE_BEGIN|[17]|this|Assigned_Approver_TriggerHandler|true|false
15:53:40.0 (72421520)|VARIABLE_ASSIGNMENT|[17]|this|{"context":"0x68381971","isTriggerExecuting":true}|0x16bc8c0b
15:53:40.0 (72430692)|SYSTEM_MODE_ENTER|false
15:53:40.0 (72435915)|HEAP_ALLOCATE|[18]|Bytes:5
15:53:40.0 (72439577)|STATEMENT_EXECUTE|[17]
15:53:40.0 (72440713)|STATEMENT_EXECUTE|[18]
15:53:40.0 (72450289)|METHOD_ENTRY|[18]|01pO00000003Sem|Assigned_Approver_TriggerHandler.findCurrentApproversThatHaveApproved()
15:53:40.0 (72474651)|HEAP_ALLOCATE|[30]|Bytes:5
15:53:40.0 (72478933)|STATEMENT_EXECUTE|[29]
15:53:40.0 (72480117)|STATEMENT_EXECUTE|[30]
15:53:40.0 (72486221)|HEAP_ALLOCATE|[30]|Bytes:20
15:53:40.0 (72585640)|SYSTEM_METHOD_ENTRY|[30]|String.valueOf(Object)
15:53:40.0 (73131470)|HEAP_ALLOCATE|[30]|Bytes:732
15:53:40.0 (73152230)|SYSTEM_METHOD_EXIT|[30]|String.valueOf(Object)
15:53:40.0 (73165179)|HEAP_ALLOCATE|[30]|Bytes:752
15:53:40.0 (73181254)|SYSTEM_METHOD_ENTRY|[30]|System.debug(APEX_OBJECT, ANY)
15:53:40.0 (73193263)|USER_DEBUG|[30]|ERROR|*** Find approvers: (Assigned_Approver__c:{Id=a0oO0000002tWWYIA2, OwnerId=005O0000003t7anIAA, IsDeleted=false, Name=Approver-000000120, CreatedDate=2017-03-28 04:46:57, CreatedById=005O0000003t7anIAA, LastModifiedDate=2017-03-28 04:48:37, LastModifiedById=005O0000003t7anIAA, SystemModstamp=2017-03-28 04:48:37, LastViewedDate=null, LastReferencedDate=null, Approver__c=005O0000003t7anIAA, Gate__c=a0nO0000003xOggIAE, Approval_Level__c=3, Approval_Status__c=Assigned Pending Approval, Approval_Comments__c=test, No_of_Approval_Conditions__c=0, Current_Approver__c=true, Approver_Role__c=COO, Wet_Signature_Received__c=false, Wet_Signature_Date__c=null, Decision_Date__c=2017-03-28 00:00:00, Prospect__c=006O0000008l3bOIAQ, Approval_Conditions__c=null})
15:53:40.0 (73201539)|SYSTEM_METHOD_EXIT|[30]|System.debug(APEX_OBJECT, ANY)
15:53:40.0 (73215180)|STATEMENT_EXECUTE|[32]
15:53:40.0 (73222949)|HEAP_ALLOCATE|[32]|Bytes:4
15:53:40.0 (73236884)|SYSTEM_CONSTRUCTOR_ENTRY|[32]|<init>(Integer)
15:53:40.0 (73253425)|SYSTEM_CONSTRUCTOR_EXIT|[32]|<init>(Integer)
15:53:40.0 (73257124)|VARIABLE_SCOPE_BEGIN|[32]|gatesToFindNextApprover|Set<Id>|true|false
15:53:40.0 (73279772)|VARIABLE_ASSIGNMENT|[32]|gatesToFindNextApprover|[]|0x4340db6e
15:53:40.0 (73325069)|SYSTEM_METHOD_ENTRY|[33]|List<Assigned_Approver__c>.iterator()
15:53:40.0 (73454572)|SYSTEM_METHOD_EXIT|[33]|List<Assigned_Approver__c>.iterator()
15:53:40.0 (73474749)|SYSTEM_METHOD_ENTRY|[33]|system.ListIterator.hasNext()
15:53:40.0 (73483491)|HEAP_ALLOCATE|[33]|Bytes:5
15:53:40.0 (73489948)|SYSTEM_METHOD_EXIT|[33]|system.ListIterator.hasNext()
15:53:40.0 (73506225)|HEAP_ALLOCATE|[33]|Bytes:4
15:53:40.0 (73515635)|VARIABLE_SCOPE_BEGIN|[33]|AA|Assigned_Approver__c|true|false
15:53:40.0 (73718783)|VARIABLE_ASSIGNMENT|[33]|AA|{"Approval_Level__c":"3","LastModifiedDate":"2017-03-28T04:48:37.000Z","Approval_Comments__c":"test","IsDeleted":false,"Approver__c":"005O0000003t7anIAA","Wet_Signature_Receiv (5 more) ...":false,"Gate__c":"a0nO0000003xOggIAE","Prospect__c":"006O0000008l3bOIAQ","Decision_Date__c":"2017-03-28T00:00:00.000Z","Name":"Approver-000000120","SystemModstamp":"2017-03-28T04:48:37.000Z","OwnerId":"005O0000003t7anIAA","CreatedById":"005O0000003t7anIAA","Approver_Role__c":"COO","No_of_Approval_Condi (8 more) ...":0,"CreatedDate":"2017-03-28T04:46:57.000Z","Id":"a0oO0000002tWWYIA2","Current_Approver__c":true,"LastModifiedById":"005O0000003t7anIAA","Approval_Status__c":"Assigned Pending App (5 more) ..."}|0x9ae8ff
15:53:40.0 (73727091)|STATEMENT_EXECUTE|[33]
15:53:40.0 (73728321)|STATEMENT_EXECUTE|[34]
15:53:40.0 (73851901)|SYSTEM_METHOD_ENTRY|[34]|Map<Id,Assigned_Approver__c>.get(Object)
15:53:40.0 (73892109)|SYSTEM_METHOD_EXIT|[34]|Map<Id,Assigned_Approver__c>.get(Object)
15:53:40.0 (73902212)|VARIABLE_SCOPE_BEGIN|[34]|oldApprover|Assigned_Approver__c|true|false
15:53:40.0 (74188577)|VARIABLE_ASSIGNMENT|[34]|oldApprover|{"Approval_Level__c":"3","LastModifiedDate":"2017-03-28T04:48:37.000Z","Approval_Comments__c":"test","IsDeleted":false,"Approver__c":"005O0000003t7anIAA","Wet_Signature_Receiv (5 more) ...":false,"Gate__c":"a0nO0000003xOggIAE","Prospect__c":"006O0000008l3bOIAQ","Decision_Date__c":"2017-03-28T00:00:00.000Z","Name":"Approver-000000120","SystemModstamp":"2017-03-28T04:48:37.000Z","OwnerId":"005O0000003t7anIAA","CreatedById":"005O0000003t7anIAA","Approver_Role__c":"COO","No_of_Approval_Condi (8 more) ...":0,"CreatedDate":"2017-03-28T04:46:57.000Z","Id":"a0oO0000002tWWYIA2","Current_Approver__c":false,"LastModifiedById":"005O0000003t7anIAA","Approval_Status__c":"Approved"}|0x7525c103
15:53:40.0 (74195976)|STATEMENT_EXECUTE|[35]
15:53:40.0 (74203061)|HEAP_ALLOCATE|[35]|Bytes:15
15:53:40.0 (74225208)|SYSTEM_METHOD_ENTRY|[35]|String.valueOf(Object)
15:53:40.0 (74460252)|HEAP_ALLOCATE|[35]|Bytes:730
15:53:40.0 (74479045)|SYSTEM_METHOD_EXIT|[35]|String.valueOf(Object)
15:53:40.0 (74488489)|HEAP_ALLOCATE|[35]|Bytes:745
15:53:40.0 (74500409)|SYSTEM_METHOD_ENTRY|[35]|System.debug(APEX_OBJECT, ANY)
15:53:40.0 (74508304)|USER_DEBUG|[35]|ERROR|*** Approvers: Assigned_Approver__c:{Id=a0oO0000002tWWYIA2, OwnerId=005O0000003t7anIAA, IsDeleted=false, Name=Approver-000000120, CreatedDate=2017-03-28 04:46:57, CreatedById=005O0000003t7anIAA, LastModifiedDate=2017-03-28 04:48:37, LastModifiedById=005O0000003t7anIAA, SystemModstamp=2017-03-28 04:48:37, LastViewedDate=null, LastReferencedDate=null, Approver__c=005O0000003t7anIAA, Gate__c=a0nO0000003xOggIAE, Approval_Level__c=3, Approval_Status__c=Assigned Pending Approval, Approval_Comments__c=test, No_of_Approval_Conditions__c=0, Current_Approver__c=true, Approver_Role__c=COO, Wet_Signature_Received__c=false, Wet_Signature_Date__c=null, Decision_Date__c=2017-03-28 00:00:00, Prospect__c=006O0000008l3bOIAQ, Approval_Conditions__c=null}
15:53:40.0 (74515679)|SYSTEM_METHOD_EXIT|[35]|System.debug(APEX_OBJECT, ANY)
15:53:40.0 (74543559)|HEAP_ALLOCATE|[37]|Bytes:25
15:53:40.0 (74574922)|STATEMENT_EXECUTE|[37]
15:53:40.0 (74584556)|SYSTEM_METHOD_ENTRY|[33]|system.ListIterator.hasNext()
15:53:40.0 (74594933)|HEAP_ALLOCATE|[33]|Bytes:5
15:53:40.0 (74605672)|SYSTEM_METHOD_EXIT|[33]|system.ListIterator.hasNext()
15:53:40.0 (74620783)|VARIABLE_ASSIGNMENT|[33]|AA|null|
15:53:40.0 (74633880)|SYSTEM_METHOD_ENTRY|[52]|Set<Id>.size()
15:53:40.0 (74653003)|SYSTEM_METHOD_EXIT|[52]|Set<Id>.size()
15:53:40.0 (74659581)|STATEMENT_EXECUTE|[52]
15:53:40.0 (74671304)|METHOD_EXIT|[18]|01pO00000003Sem|Assigned_Approver_TriggerHandler.findCurrentApproversThatHaveApproved()
15:53:40.0 (74675435)|SYSTEM_MODE_EXIT|false
15:53:40.0 (74680485)|METHOD_EXIT|[41]|01pO00000003Sem|Assigned_Approver_TriggerHandler.beforeUpdate()
15:53:40.0 (74684175)|METHOD_EXIT|[3]|01pO00000003AAn|TriggerHandler.run()
15:53:40.74 (74693783)|CUMULATIVE_LIMIT_USAGE
15:53:40.74 (74693783)|LIMIT_USAGE_FOR_NS|(default)|
  Number of SOQL queries: 0 out of 100
  Number of query rows: 0 out of 50000
  Number of SOSL queries: 0 out of 20
  Number of DML statements: 0 out of 150
  Number of DML rows: 0 out of 10000
  Maximum CPU time: 0 out of 10000
  Maximum heap size: 0 out of 6000000
  Number of callouts: 0 out of 100
  Number of Email Invocations: 0 out of 10
  Number of future calls: 0 out of 50
  Number of queueable jobs added to the queue: 0 out of 50
  Number of Mobile Apex push calls: 0 out of 10

15:53:40.74 (74693783)|TOTAL_EMAIL_RECIPIENTS_QUEUED|0
15:53:40.74 (74693783)|STATIC_VARIABLE_LIST|
  String:_sfdcAdditionalCodeLocations:0
  long:serialVersionUID:0
  String:_sfdcAdditionalCodeLocations:0
  double:MAX_VALUE:0
  long:serialVersionUID:0
  int:SIZE:0
  TriggerHandler.TriggerContext:BEFORE_INSERT:0
  int:MAX_VALUE:0
  TriggerHandler.TriggerContext:AFTER_UNDELETE:0
  String:_sfdcSuppressedCodeLocations:0
  int:MIN_VALUE:0
  char[]:DigitOnes:0
  String:_sfdcSuppressedCodeLocations:0
  int:MIN_EXPONENT:0
  int:MAX_EXPONENT:0
  int:BYTES:0
  char[]:DigitTens:0
  long:serialVersionUID:0
  String:_sfdcAdditionalCodeLocations:0
  Boolean:FALSE:0
  double:MIN_VALUE:0
  double:NEGATIVE_INFINITY:0
  char[]:digits:0
  double:NaN:0
  Boolean:TRUE:0
  TriggerHandler.TriggerContext:AFTER_INSERT:0
  TriggerHandler.TriggerContext:AFTER_DELETE:0
  TriggerHandler.TriggerContext:AFTER_UPDATE:0
  String:__sfdcInnerTypes:0
  int:BYTES:0
  Map<String,TriggerHandler.LoopCount>:_static_loopCountMap:0
  Set<String>:_static_bypassedHandlers:0
  int[]:sizeTable:0
  TriggerHandler.TriggerContext:BEFORE_DELETE:0
  TriggerHandler.TriggerContext:BEFORE_UPDATE:0
  int:SIZE:0
  double:POSITIVE_INFINITY:0
  double:MIN_NORMAL:0

15:53:40.74 (74693783)|CUMULATIVE_LIMIT_USAGE_END

15:53:40.0 (76690344)|CODE_UNIT_FINISHED|AssignedApproverTrigger on Assigned_Approver trigger event BeforeUpdate for [a0oO0000002tWWY]
15:53:40.0 (79025438)|CODE_UNIT_STARTED|[EXTERNAL]|Validation:Assigned_Approver:a0oO0000002tWWY
15:53:40.0 (79034930)|VALIDATION_RULE|03dO000000011Ug|Enter_Approval_Conditions
15:53:40.0 (79190695)|VALIDATION_FORMULA|AND(
ISPICKVAL(Approval_Status__c, "Approved with Conditions"),
ISBLANK(Approval_Conditions__c))|Approval_Status__c=Assigned Pending Approval , Approval_Conditions__c=null
15:53:40.0 (79196585)|VALIDATION_PASS
15:53:40.0 (79198261)|VALIDATION_RULE|03dO00000001173|Enter_comments_after_status
15:53:40.0 (79411865)|VALIDATION_FORMULA|AND(
ISPICKVAL( Approval_Status__c, "Approved"), 
ISBLANK(Approval_Comments__c))

&#124;&#124;

AND( 
ISPICKVAL( Approval_Status__c, "Resubmit"),
ISBLANK(Approval_Comments__c))

&#124;&#124;

AND( 
ISPICKVAL( Approval_Status__c, "Rejected"),
ISBLANK(Approval_Comments__c))|Approval_Status__c=Assigned Pending Approval , Approval_Comments__c=test
15:53:40.0 (79420998)|VALIDATION_PASS
15:53:40.0 (79422521)|VALIDATION_RULE|03dO00000000z89|Wet_Signature_Date_Mandatory
15:53:40.0 (79533021)|VALIDATION_FORMULA|AND(Wet_Signature_Received__c = TRUE,  ISBLANK(Wet_Signature_Date__c))|Wet_Signature_Date__c=null , Wet_Signature_Received__c=0
15:53:40.0 (79538281)|VALIDATION_PASS
15:53:40.0 (79568111)|CODE_UNIT_FINISHED|Validation:Assigned_Approver:a0oO0000002tWWY
15:53:40.0 (128778892)|CODE_UNIT_STARTED|[EXTERNAL]|01qO00000000Ue8|AssignedApproverTrigger on Assigned_Approver trigger event AfterUpdate for [a0oO0000002tWWY]
15:53:40.0 (128815500)|HEAP_ALLOCATE|[EXTERNAL]|Bytes:8
15:53:40.0 (128860286)|HEAP_ALLOCATE|[EXTERNAL]|Bytes:8
15:53:40.0 (128942125)|HEAP_ALLOCATE|[EXTERNAL]|Bytes:4
15:53:40.0 (128952972)|VARIABLE_SCOPE_BEGIN|[1]|this|AssignedApproverTrigger|true|false
15:53:40.0 (128989553)|VARIABLE_ASSIGNMENT|[1]|this|{}|0xc98db88
15:53:40.0 (129025273)|HEAP_ALLOCATE|[EXTERNAL]|Bytes:4
15:53:40.0 (129033814)|VARIABLE_SCOPE_BEGIN|[1]|this|AssignedApproverTrigger|true|false
15:53:40.0 (129049610)|VARIABLE_ASSIGNMENT|[1]|this|{}|0xc98db88
15:53:40.0 (129056303)|STATEMENT_EXECUTE|[1]
15:53:40.0 (129058777)|STATEMENT_EXECUTE|[2]
15:53:40.0 (129080716)|SYSTEM_METHOD_ENTRY|[2]|System.debug(APEX_OBJECT, ANY)
15:53:40.0 (129098782)|USER_DEBUG|[2]|ERROR|*** Assigned Approver Trigger Firing
15:53:40.0 (129108381)|SYSTEM_METHOD_EXIT|[2]|System.debug(APEX_OBJECT, ANY)
15:53:40.0 (129114537)|STATEMENT_EXECUTE|[3]
15:53:40.0 (129121681)|HEAP_ALLOCATE|[3]|Bytes:12
15:53:40.0 (129136075)|CONSTRUCTOR_ENTRY|[3]|01pO00000003Sem|<init>()
15:53:40.0 (129143836)|VARIABLE_SCOPE_BEGIN|[13]|this|Assigned_Approver_TriggerHandler|true|false
15:53:40.0 (129174607)|VARIABLE_ASSIGNMENT|[13]|this|{}|0x5d384948
15:53:40.0 (129861384)|SYSTEM_MODE_ENTER|false
15:53:40.0 (129877545)|HEAP_ALLOCATE|[13]|Bytes:5
15:53:40.0 (129883928)|STATEMENT_EXECUTE|[12]
15:53:40.0 (129889950)|HEAP_ALLOCATE|[13]|Bytes:5
15:53:40.0 (129906149)|CONSTRUCTOR_ENTRY|[13]|01pO00000003AAn|<init>()
15:53:40.0 (129913754)|VARIABLE_SCOPE_BEGIN|[22]|this|TriggerHandler|true|false
15:53:40.0 (129936271)|VARIABLE_ASSIGNMENT|[22]|this|{}|0x5d384948
15:53:40.0 (129941895)|STATEMENT_EXECUTE|[1]
15:53:40.0 (129943855)|STATEMENT_EXECUTE|[9]
15:53:40.0 (129945693)|STATEMENT_EXECUTE|[13]
15:53:40.0 (129968828)|STATEMENT_EXECUTE|[22]
15:53:40.0 (129971564)|STATEMENT_EXECUTE|[23]
15:53:40.0 (129983915)|METHOD_ENTRY|[23]|01pO00000003AAn|TriggerHandler.setTriggerContext()
15:53:40.0 (129989902)|VARIABLE_SCOPE_BEGIN|[94]|this|TriggerHandler|true|false
15:53:40.0 (130008404)|VARIABLE_ASSIGNMENT|[94]|this|{}|0x5d384948
15:53:40.0 (130015290)|STATEMENT_EXECUTE|[94]
15:53:40.0 (130017211)|STATEMENT_EXECUTE|[95]
15:53:40.0 (130028226)|METHOD_ENTRY|[95]|01pO00000003AAn|TriggerHandler.setTriggerContext(String, Boolean)
15:53:40.0 (130034612)|VARIABLE_SCOPE_BEGIN|[99]|this|TriggerHandler|true|false
15:53:40.0 (130052326)|VARIABLE_ASSIGNMENT|[99]|this|{}|0x5d384948
15:53:40.0 (130056598)|VARIABLE_SCOPE_BEGIN|[99]|ctx|String|false|false
15:53:40.0 (130062748)|VARIABLE_ASSIGNMENT|[99]|ctx|null
15:53:40.0 (130068245)|VARIABLE_SCOPE_BEGIN|[99]|testMode|Boolean|false|false
15:53:40.0 (130074117)|VARIABLE_ASSIGNMENT|[99]|testMode|false
15:53:40.0 (130078810)|STATEMENT_EXECUTE|[99]
15:53:40.0 (130092775)|STATEMENT_EXECUTE|[103]
15:53:40.0 (130095194)|STATEMENT_EXECUTE|[104]
15:53:40.0 (130101942)|HEAP_ALLOCATE|[104]|Bytes:5
15:53:40.0 (130158289)|STATEMENT_EXECUTE|[120]
15:53:40.0 (130161468)|STATEMENT_EXECUTE|[121]
15:53:40.0 (130179586)|METHOD_EXIT|[95]|01pO00000003AAn|TriggerHandler.setTriggerContext(String, Boolean)
15:53:40.0 (130188028)|METHOD_EXIT|[23]|01pO00000003AAn|TriggerHandler.setTriggerContext()
15:53:40.0 (130246541)|CONSTRUCTOR_EXIT|[13]|01pO00000003AAn|<init>()
15:53:40.0 (130253573)|STATEMENT_EXECUTE|[13]
15:53:40.0 (130261729)|SYSTEM_MODE_EXIT|false
15:53:40.0 (130271747)|CONSTRUCTOR_EXIT|[3]|01pO00000003Sem|<init>()
15:53:40.0 (130278940)|METHOD_ENTRY|[3]|01pO00000003AAn|TriggerHandler.run()
15:53:40.0 (130283505)|VARIABLE_SCOPE_BEGIN|[31]|this|TriggerHandler|true|false
15:53:40.0 (130306655)|VARIABLE_ASSIGNMENT|[31]|this|{"context":"0x24e4f015","isTriggerExecuting":true}|0x5d384948
15:53:40.0 (130311652)|STATEMENT_EXECUTE|[31]
15:53:40.0 (130317997)|METHOD_ENTRY|[33]|01pO00000003AAn|TriggerHandler.validateRun()
15:53:40.0 (130322380)|VARIABLE_SCOPE_BEGIN|[146]|this|TriggerHandler|true|false
15:53:40.0 (130342708)|VARIABLE_ASSIGNMENT|[146]|this|{"context":"0x24e4f015","isTriggerExecuting":true}|0x5d384948
15:53:40.0 (130347493)|STATEMENT_EXECUTE|[146]
15:53:40.0 (130353409)|STATEMENT_EXECUTE|[147]
15:53:40.0 (130361302)|METHOD_ENTRY|[150]|01pO00000003AAn|TriggerHandler.getHandlerName()
15:53:40.0 (130365641)|VARIABLE_SCOPE_BEGIN|[157]|this|TriggerHandler|true|false
15:53:40.0 (130379062)|VARIABLE_ASSIGNMENT|[157]|this|{"context":"0x24e4f015","isTriggerExecuting":true}|0x5d384948
15:53:40.0 (130382898)|STATEMENT_EXECUTE|[157]
15:53:40.0 (130384176)|STATEMENT_EXECUTE|[158]
15:53:40.0 (130420226)|SYSTEM_METHOD_ENTRY|[158]|String.valueOf(Object)
15:53:40.0 (130480418)|HEAP_ALLOCATE|[158]|Bytes:178
15:53:40.0 (130497537)|SYSTEM_METHOD_EXIT|[158]|String.valueOf(Object)
15:53:40.0 (130512946)|SYSTEM_METHOD_ENTRY|[158]|String.valueOf(Object)
15:53:40.0 (130539679)|HEAP_ALLOCATE|[158]|Bytes:178
15:53:40.0 (130554561)|SYSTEM_METHOD_EXIT|[158]|String.valueOf(Object)
15:53:40.0 (130574425)|SYSTEM_METHOD_ENTRY|[158]|String.indexOf(String)
15:53:40.0 (130586154)|SYSTEM_METHOD_EXIT|[158]|String.indexOf(String)
15:53:40.0 (130597837)|SYSTEM_METHOD_ENTRY|[158]|String.substring(Integer, Integer)
15:53:40.0 (130604441)|HEAP_ALLOCATE|[158]|Bytes:32
15:53:40.0 (130614061)|SYSTEM_METHOD_EXIT|[158]|String.substring(Integer, Integer)
15:53:40.0 (130622015)|METHOD_EXIT|[150]|01pO00000003AAn|TriggerHandler.getHandlerName()
15:53:40.0 (130643910)|SYSTEM_METHOD_ENTRY|[150]|Set<String>.contains(Object)
15:53:40.0 (130659396)|SYSTEM_METHOD_EXIT|[150]|Set<String>.contains(Object)
15:53:40.0 (130665218)|STATEMENT_EXECUTE|[150]
15:53:40.0 (130666901)|STATEMENT_EXECUTE|[153]
15:53:40.0 (130670754)|METHOD_EXIT|[33]|01pO00000003AAn|TriggerHandler.validateRun()
15:53:40.0 (130673896)|STATEMENT_EXECUTE|[33]
15:53:40.0 (130675166)|STATEMENT_EXECUTE|[35]
15:53:40.0 (130680439)|METHOD_ENTRY|[35]|01pO00000003AAn|TriggerHandler.addToLoopCount()
15:53:40.0 (130684475)|VARIABLE_SCOPE_BEGIN|[133]|this|TriggerHandler|true|false
15:53:40.0 (130702866)|VARIABLE_ASSIGNMENT|[133]|this|{"context":"0x24e4f015","isTriggerExecuting":true}|0x5d384948
15:53:40.0 (130708975)|STATEMENT_EXECUTE|[133]
15:53:40.0 (130711228)|STATEMENT_EXECUTE|[134]
15:53:40.0 (130719547)|METHOD_ENTRY|[134]|01pO00000003AAn|TriggerHandler.getHandlerName()
15:53:40.0 (130725912)|VARIABLE_SCOPE_BEGIN|[157]|this|TriggerHandler|true|false
15:53:40.0 (130748828)|VARIABLE_ASSIGNMENT|[157]|this|{"context":"0x24e4f015","isTriggerExecuting":true}|0x5d384948
15:53:40.0 (130754320)|STATEMENT_EXECUTE|[157]
15:53:40.0 (130756001)|STATEMENT_EXECUTE|[158]
15:53:40.0 (130778954)|SYSTEM_METHOD_ENTRY|[158]|String.valueOf(Object)
15:53:40.0 (130821640)|HEAP_ALLOCATE|[158]|Bytes:178
15:53:40.0 (130844098)|SYSTEM_METHOD_EXIT|[158]|String.valueOf(Object)
15:53:40.0 (130869697)|SYSTEM_METHOD_ENTRY|[158]|String.valueOf(Object)
15:53:40.0 (130912240)|HEAP_ALLOCATE|[158]|Bytes:178
15:53:40.0 (130936940)|SYSTEM_METHOD_EXIT|[158]|String.valueOf(Object)
15:53:40.0 (130954841)|SYSTEM_METHOD_ENTRY|[158]|String.indexOf(String)
15:53:40.0 (130970320)|SYSTEM_METHOD_EXIT|[158]|String.indexOf(String)
15:53:40.0 (130989762)|SYSTEM_METHOD_ENTRY|[158]|String.substring(Integer, Integer)
15:53:40.0 (130997356)|HEAP_ALLOCATE|[158]|Bytes:32
15:53:40.0 (131014262)|SYSTEM_METHOD_EXIT|[158]|String.substring(Integer, Integer)
15:53:40.0 (131022850)|METHOD_EXIT|[134]|01pO00000003AAn|TriggerHandler.getHandlerName()
15:53:40.0 (131030152)|VARIABLE_SCOPE_BEGIN|[134]|handlerName|String|false|false
15:53:40.0 (131044185)|VARIABLE_ASSIGNMENT|[134]|handlerName|"Assigned_Approver_Tr (12 more) ..."
15:53:40.0 (131067167)|SYSTEM_METHOD_ENTRY|[135]|Map<String,TriggerHandler.LoopCount>.containsKey(Object)
15:53:40.0 (131086906)|SYSTEM_METHOD_EXIT|[135]|Map<String,TriggerHandler.LoopCount>.containsKey(Object)
15:53:40.0 (131092950)|STATEMENT_EXECUTE|[135]
15:53:40.0 (131097350)|METHOD_EXIT|[35]|01pO00000003AAn|TriggerHandler.addToLoopCount()
15:53:40.0 (131120595)|SYSTEM_METHOD_ENTRY|[38]|com.salesforce.api.fast.System.compareObjects(Object, Object)
15:53:40.0 (131168493)|SYSTEM_METHOD_EXIT|[38]|com.salesforce.api.fast.System.compareObjects(Object, Object)
15:53:40.0 (131184765)|SYSTEM_METHOD_ENTRY|[40]|com.salesforce.api.fast.System.compareObjects(Object, Object)
15:53:40.0 (131210101)|SYSTEM_METHOD_EXIT|[40]|com.salesforce.api.fast.System.compareObjects(Object, Object)
15:53:40.0 (131229964)|SYSTEM_METHOD_ENTRY|[42]|com.salesforce.api.fast.System.compareObjects(Object, Object)
15:53:40.0 (131273465)|SYSTEM_METHOD_EXIT|[42]|com.salesforce.api.fast.System.compareObjects(Object, Object)
15:53:40.0 (131292507)|SYSTEM_METHOD_ENTRY|[44]|com.salesforce.api.fast.System.compareObjects(Object, Object)
15:53:40.0 (131340630)|SYSTEM_METHOD_EXIT|[44]|com.salesforce.api.fast.System.compareObjects(Object, Object)
15:53:40.0 (131370230)|SYSTEM_METHOD_ENTRY|[46]|com.salesforce.api.fast.System.compareObjects(Object, Object)
15:53:40.0 (131415078)|SYSTEM_METHOD_EXIT|[46]|com.salesforce.api.fast.System.compareObjects(Object, Object)
15:53:40.0 (131423630)|STATEMENT_EXECUTE|[46]
15:53:40.0 (131426097)|STATEMENT_EXECUTE|[47]
15:53:40.0 (131444306)|METHOD_ENTRY|[47]|01pO00000003Sem|Assigned_Approver_TriggerHandler.afterUpdate()
15:53:40.0 (131476374)|VARIABLE_SCOPE_BEGIN|[21]|this|Assigned_Approver_TriggerHandler|true|false
15:53:40.0 (131505196)|VARIABLE_ASSIGNMENT|[21]|this|{"context":"0x24e4f015","isTriggerExecuting":true}|0x5d384948
15:53:40.0 (131518879)|SYSTEM_MODE_ENTER|false
15:53:40.0 (131530281)|HEAP_ALLOCATE|[22]|Bytes:5
15:53:40.0 (131538771)|STATEMENT_EXECUTE|[21]
15:53:40.0 (131541338)|STATEMENT_EXECUTE|[22]
15:53:40.0 (131555986)|METHOD_ENTRY|[22]|01pO00000003Sem|Assigned_Approver_TriggerHandler.findCurrentApproversThatHaveApproved()
15:53:40.0 (131595892)|HEAP_ALLOCATE|[30]|Bytes:5
15:53:40.0 (131603957)|STATEMENT_EXECUTE|[29]
15:53:40.0 (131606807)|STATEMENT_EXECUTE|[30]
15:53:40.0 (131661511)|SYSTEM_METHOD_ENTRY|[30]|String.valueOf(Object)
15:53:40.0 (132261486)|HEAP_ALLOCATE|[30]|Bytes:732
15:53:40.0 (132283016)|SYSTEM_METHOD_EXIT|[30]|String.valueOf(Object)
15:53:40.0 (132292841)|HEAP_ALLOCATE|[30]|Bytes:752
15:53:40.0 (132305085)|SYSTEM_METHOD_ENTRY|[30]|System.debug(APEX_OBJECT, ANY)
15:53:40.0 (132315204)|USER_DEBUG|[30]|ERROR|*** Find approvers: (Assigned_Approver__c:{Id=a0oO0000002tWWYIA2, OwnerId=005O0000003t7anIAA, IsDeleted=false, Name=Approver-000000120, CreatedDate=2017-03-28 04:46:57, CreatedById=005O0000003t7anIAA, LastModifiedDate=2017-03-28 04:53:40, LastModifiedById=005O0000003t7anIAA, SystemModstamp=2017-03-28 04:53:40, LastViewedDate=null, LastReferencedDate=null, Approver__c=005O0000003t7anIAA, Gate__c=a0nO0000003xOggIAE, Approval_Level__c=3, Approval_Status__c=Assigned Pending Approval, Approval_Comments__c=test, No_of_Approval_Conditions__c=0, Current_Approver__c=true, Approver_Role__c=COO, Wet_Signature_Received__c=false, Wet_Signature_Date__c=null, Decision_Date__c=2017-03-28 00:00:00, Prospect__c=006O0000008l3bOIAQ, Approval_Conditions__c=null})
15:53:40.0 (132324370)|SYSTEM_METHOD_EXIT|[30]|System.debug(APEX_OBJECT, ANY)
15:53:40.0 (132327510)|STATEMENT_EXECUTE|[32]
15:53:40.0 (132335009)|HEAP_ALLOCATE|[32]|Bytes:4
15:53:40.0 (132347189)|SYSTEM_CONSTRUCTOR_ENTRY|[32]|<init>(Integer)
15:53:40.0 (132354765)|SYSTEM_CONSTRUCTOR_EXIT|[32]|<init>(Integer)
15:53:40.0 (132358949)|VARIABLE_SCOPE_BEGIN|[32]|gatesToFindNextApprover|Set<Id>|true|false
15:53:40.0 (132379129)|VARIABLE_ASSIGNMENT|[32]|gatesToFindNextApprover|[]|0x6f8b9b12
15:53:40.0 (132412053)|SYSTEM_METHOD_ENTRY|[33]|List<Assigned_Approver__c>.iterator()
15:53:40.0 (132426493)|SYSTEM_METHOD_EXIT|[33]|List<Assigned_Approver__c>.iterator()
15:53:40.0 (132440882)|SYSTEM_METHOD_ENTRY|[33]|system.ListIterator.hasNext()
15:53:40.0 (132452150)|HEAP_ALLOCATE|[33]|Bytes:5
15:53:40.0 (132462304)|SYSTEM_METHOD_EXIT|[33]|system.ListIterator.hasNext()
15:53:40.0 (132483961)|VARIABLE_SCOPE_BEGIN|[33]|AA|Assigned_Approver__c|true|false
15:53:40.0 (132691933)|VARIABLE_ASSIGNMENT|[33]|AA|{"Approval_Level__c":"3","LastModifiedDate":"2017-03-28T04:53:40.000Z","Approval_Comments__c":"test","IsDeleted":false,"Approver__c":"005O0000003t7anIAA","Wet_Signature_Receiv (5 more) ...":false,"Gate__c":"a0nO0000003xOggIAE","Prospect__c":"006O0000008l3bOIAQ","Decision_Date__c":"2017-03-28T00:00:00.000Z","Name":"Approver-000000120","SystemModstamp":"2017-03-28T04:53:40.000Z","OwnerId":"005O0000003t7anIAA","CreatedById":"005O0000003t7anIAA","Approver_Role__c":"COO","No_of_Approval_Condi (8 more) ...":0,"CreatedDate":"2017-03-28T04:46:57.000Z","Id":"a0oO0000002tWWYIA2","Current_Approver__c":true,"LastModifiedById":"005O0000003t7anIAA","Approval_Status__c":"Assigned Pending App (5 more) ..."}|0x6c6caaae
15:53:40.0 (132699978)|STATEMENT_EXECUTE|[33]
15:53:40.0 (132701220)|STATEMENT_EXECUTE|[34]
15:53:40.0 (132742707)|SYSTEM_METHOD_ENTRY|[34]|Map<Id,Assigned_Approver__c>.get(Object)
15:53:40.0 (132758165)|SYSTEM_METHOD_EXIT|[34]|Map<Id,Assigned_Approver__c>.get(Object)
15:53:40.0 (132767188)|VARIABLE_SCOPE_BEGIN|[34]|oldApprover|Assigned_Approver__c|true|false
15:53:40.0 (133051893)|VARIABLE_ASSIGNMENT|[34]|oldApprover|{"Approval_Level__c":"3","LastModifiedDate":"2017-03-28T04:48:37.000Z","Approval_Comments__c":"test","IsDeleted":false,"Approver__c":"005O0000003t7anIAA","Wet_Signature_Receiv (5 more) ...":false,"Gate__c":"a0nO0000003xOggIAE","Prospect__c":"006O0000008l3bOIAQ","Decision_Date__c":"2017-03-28T00:00:00.000Z","Name":"Approver-000000120","SystemModstamp":"2017-03-28T04:48:37.000Z","OwnerId":"005O0000003t7anIAA","CreatedById":"005O0000003t7anIAA","Approver_Role__c":"COO","No_of_Approval_Condi (8 more) ...":0,"CreatedDate":"2017-03-28T04:46:57.000Z","Id":"a0oO0000002tWWYIA2","Current_Approver__c":false,"LastModifiedById":"005O0000003t7anIAA","Approval_Status__c":"Approved"}|0x174fd11c
15:53:40.0 (133059231)|STATEMENT_EXECUTE|[35]
15:53:40.0 (133081087)|SYSTEM_METHOD_ENTRY|[35]|String.valueOf(Object)
15:53:40.0 (133296349)|HEAP_ALLOCATE|[35]|Bytes:730
15:53:40.0 (133315122)|SYSTEM_METHOD_EXIT|[35]|String.valueOf(Object)
15:53:40.0 (133323880)|HEAP_ALLOCATE|[35]|Bytes:745
15:53:40.0 (133334053)|SYSTEM_METHOD_ENTRY|[35]|System.debug(APEX_OBJECT, ANY)
15:53:40.0 (133341758)|USER_DEBUG|[35]|ERROR|*** Approvers: Assigned_Approver__c:{Id=a0oO0000002tWWYIA2, OwnerId=005O0000003t7anIAA, IsDeleted=false, Name=Approver-000000120, CreatedDate=2017-03-28 04:46:57, CreatedById=005O0000003t7anIAA, LastModifiedDate=2017-03-28 04:53:40, LastModifiedById=005O0000003t7anIAA, SystemModstamp=2017-03-28 04:53:40, LastViewedDate=null, LastReferencedDate=null, Approver__c=005O0000003t7anIAA, Gate__c=a0nO0000003xOggIAE, Approval_Level__c=3, Approval_Status__c=Assigned Pending Approval, Approval_Comments__c=test, No_of_Approval_Conditions__c=0, Current_Approver__c=true, Approver_Role__c=COO, Wet_Signature_Received__c=false, Wet_Signature_Date__c=null, Decision_Date__c=2017-03-28 00:00:00, Prospect__c=006O0000008l3bOIAQ, Approval_Conditions__c=null}
15:53:40.0 (133349211)|SYSTEM_METHOD_EXIT|[35]|System.debug(APEX_OBJECT, ANY)
15:53:40.0 (133379698)|STATEMENT_EXECUTE|[37]
15:53:40.0 (133387860)|SYSTEM_METHOD_ENTRY|[33]|system.ListIterator.hasNext()
15:53:40.0 (133394988)|HEAP_ALLOCATE|[33]|Bytes:5
15:53:40.0 (133400750)|SYSTEM_METHOD_EXIT|[33]|system.ListIterator.hasNext()
15:53:40.0 (133410828)|VARIABLE_ASSIGNMENT|[33]|AA|null|
15:53:40.0 (133420839)|SYSTEM_METHOD_ENTRY|[52]|Set<Id>.size()
15:53:40.0 (133430154)|SYSTEM_METHOD_EXIT|[52]|Set<Id>.size()
15:53:40.0 (133438225)|STATEMENT_EXECUTE|[52]
15:53:40.0 (133451375)|METHOD_EXIT|[22]|01pO00000003Sem|Assigned_Approver_TriggerHandler.findCurrentApproversThatHaveApproved()
15:53:40.0 (133459515)|SYSTEM_MODE_EXIT|false
15:53:40.0 (133467997)|METHOD_EXIT|[47]|01pO00000003Sem|Assigned_Approver_TriggerHandler.afterUpdate()
15:53:40.0 (133474938)|METHOD_EXIT|[3]|01pO00000003AAn|TriggerHandler.run()
15:53:40.133 (133486017)|CUMULATIVE_LIMIT_USAGE
15:53:40.133 (133486017)|LIMIT_USAGE_FOR_NS|(default)|
  Number of SOQL queries: 0 out of 100
  Number of query rows: 0 out of 50000
  Number of SOSL queries: 0 out of 20
  Number of DML statements: 0 out of 150
  Number of DML rows: 0 out of 10000
  Maximum CPU time: 0 out of 10000
  Maximum heap size: 0 out of 6000000
  Number of callouts: 0 out of 100
  Number of Email Invocations: 0 out of 10
  Number of future calls: 0 out of 50
  Number of queueable jobs added to the queue: 0 out of 50
  Number of Mobile Apex push calls: 0 out of 10

15:53:40.133 (133486017)|TOTAL_EMAIL_RECIPIENTS_QUEUED|0
15:53:40.133 (133486017)|STATIC_VARIABLE_LIST|
  String:_sfdcAdditionalCodeLocations:0
  long:serialVersionUID:0
  String:_sfdcAdditionalCodeLocations:0
  double:MAX_VALUE:0
  long:serialVersionUID:0
  int:SIZE:0
  TriggerHandler.TriggerContext:BEFORE_INSERT:0
  int:MAX_VALUE:0
  TriggerHandler.TriggerContext:AFTER_UNDELETE:0
  String:_sfdcSuppressedCodeLocations:0
  int:MIN_VALUE:0
  char[]:DigitOnes:0
  String:_sfdcSuppressedCodeLocations:0
  int:MIN_EXPONENT:0
  int:MAX_EXPONENT:0
  int:BYTES:0
  char[]:DigitTens:0
  long:serialVersionUID:0
  String:_sfdcAdditionalCodeLocations:0
  Boolean:FALSE:0
  double:MIN_VALUE:0
  double:NEGATIVE_INFINITY:0
  char[]:digits:0
  double:NaN:0
  Boolean:TRUE:0
  TriggerHandler.TriggerContext:AFTER_INSERT:0
  TriggerHandler.TriggerContext:AFTER_DELETE:0
  TriggerHandler.TriggerContext:AFTER_UPDATE:0
  String:__sfdcInnerTypes:0
  int:BYTES:0
  Map<String,TriggerHandler.LoopCount>:_static_loopCountMap:0
  Set<String>:_static_bypassedHandlers:0
  int[]:sizeTable:0
  TriggerHandler.TriggerContext:BEFORE_DELETE:0
  TriggerHandler.TriggerContext:BEFORE_UPDATE:0
  int:SIZE:0
  double:POSITIVE_INFINITY:0
  double:MIN_NORMAL:0

15:53:40.133 (133486017)|CUMULATIVE_LIMIT_USAGE_END

15:53:40.0 (136369675)|CODE_UNIT_FINISHED|AssignedApproverTrigger on Assigned_Approver trigger event AfterUpdate for [a0oO0000002tWWY]
15:53:40.0 (137828735)|CODE_UNIT_STARTED|[EXTERNAL]|Workflow:01IO0000000Dldu
15:53:40.0 (154172135)|WF_RULE_EVAL_BEGIN|Workflow
15:53:40.0 (154195885)|WF_CRITERIA_BEGIN|[Assigned Approver: Approver-000000120 a0oO0000002tWWY]|Set Decision Date|01QO00000009UNH|ON_CREATE_OR_TRIGGERING_UPDATE|0
15:53:40.0 (154595552)|WF_RULE_NOT_EVALUATED
15:53:40.0 (154606073)|WF_CRITERIA_BEGIN|[Assigned Approver: Approver-000000120 a0oO0000002tWWY]|Outbound Message - Assigned Approver|01QO00000009PHY|ON_ALL_CHANGES|0
15:53:40.0 (155781942)|WF_RULE_FILTER|[Assigned Approver : Assigned Approver Id not equal to ]
15:53:40.0 (155796399)|WF_RULE_EVAL_VALUE|Approver-000000120
15:53:40.0 (155800299)|WF_CRITERIA_END|true
15:53:40.0 (156401101)|WF_SPOOL_ACTION_BEGIN|Workflow
15:53:40.0 (156424076)|WF_RULE_INVOCATION|[Assigned Approver: Approver-000000120 a0oO0000002tWWY]
15:53:40.0 (156431826)|WF_OUTBOUND_MSG|[Assigned Approver: Approver-000000120 a0oO0000002tWWY]|Id=04kO00000004DCD|CurrentRule:Outbound Message - Assigned Approver (Id=01QO00000009PHY)
15:53:40.0 (156444296)|WF_ACTION| Outbound Message: 1;
15:53:40.0 (156446880)|WF_RULE_EVAL_END
15:53:40.0 (162993340)|WF_ACTIONS_END| Outbound Message: 1;
15:53:40.0 (163000849)|CODE_UNIT_FINISHED|Workflow:01IO0000000Dldu
15:53:40.0 (183622354)|CODE_UNIT_FINISHED|TRIGGERS
15:53:40.0 (183634105)|EXECUTION_FINISHED
15:53:40.190 (190425947)|CUMULATIVE_PROFILING_BEGIN
15:53:40.190 (190425947)|CUMULATIVE_PROFILING|No profiling information for SOQL operations
15:53:40.190 (190425947)|CUMULATIVE_PROFILING|No profiling information for SOSL operations
15:53:40.190 (190425947)|CUMULATIVE_PROFILING|No profiling information for DML operations
15:53:40.190 (190425947)|CUMULATIVE_PROFILING|method invocations|
Trigger.AssignedApproverTrigger: line 3, column 1: public Assigned_Approver_TriggerHandler(): executed 4 times in 9 ms
External entry point: public void invoke(): executed 1 time in 5 ms
Class.TriggerHandler.run: line 41, column 1: public void beforeUpdate(): executed 1 time in 2 ms
Class.TriggerHandler.run: line 47, column 1: public void afterUpdate(): executed 1 time in 2 ms
Class.Assigned_Approver_TriggerHandler.beforeUpdate: line 18, column 1: private static void findCurrentApproversThatHaveApproved(): executed 1 time in 2 ms
Class.Assigned_Approver_TriggerHandler.afterUpdate: line 22, column 1: private static void findCurrentApproversThatHaveApproved(): executed 1 time in 2 ms
Class.TriggerHandler.run: line 33, column 1: private Boolean validateRun(): executed 2 times in 1 ms
Class.TriggerHandler.<init>: line 23, column 1: private void setTriggerContext(): executed 2 times in 1 ms
Class.TriggerHandler.setTriggerContext: line 95, column 1: private void setTriggerContext(String, Boolean): executed 2 times in 1 ms
Class.Assigned_Approver_TriggerHandler.findCurrentApproversThatHaveApproved: line 35, column 1: public static String valueOf(Object): executed 4 times in 1 ms
Class.Assigned_Approver_TriggerHandler.<init>: line 13, column 1: public TriggerHandler(): executed 2 times in 1 ms

15:53:40.190 (190425947)|CUMULATIVE_PROFILING_END
