39.0 APEX_CODE,FINEST;APEX_PROFILING,FINEST;CALLOUT,NONE;DB,FINEST;SYSTEM,FINE;VALIDATION,INFO;VISUALFORCE,INFO;WAVE,INFO;WORKFLOW,FINER
13:29:34.0 (442664)|USER_INFO|[EXTERNAL]|00528000006B07F|dev@systempartners.com.prod.pcphase2|Australian Eastern Standard Time|GMT+11:00
13:29:34.0 (470423)|EXECUTION_STARTED
13:29:34.0 (474682)|CODE_UNIT_STARTED|[EXTERNAL]|aura
13:29:34.0 (997322)|HEAP_ALLOCATE|[72]|Bytes:3
13:29:34.0 (1026119)|HEAP_ALLOCATE|[77]|Bytes:152
13:29:34.0 (1042177)|HEAP_ALLOCATE|[342]|Bytes:408
13:29:34.0 (1061336)|HEAP_ALLOCATE|[355]|Bytes:408
13:29:34.0 (1079516)|HEAP_ALLOCATE|[467]|Bytes:48
13:29:34.0 (1104398)|HEAP_ALLOCATE|[139]|Bytes:6
13:29:34.0 (1123937)|HEAP_ALLOCATE|[EXTERNAL]|Bytes:18
13:29:34.0 (1129502)|HEAP_ALLOCATE|[EXTERNAL]|Bytes:18
13:29:34.0 (2306286)|CODE_UNIT_STARTED|[EXTERNAL]|01pO00000003MVy|ApprovalController.getOpportunityRecord
13:29:34.0 (2416928)|HEAP_ALLOCATE|[EXTERNAL]|Bytes:8
13:29:34.0 (2422904)|HEAP_ALLOCATE|[EXTERNAL]|Bytes:8
13:29:34.0 (2432369)|METHOD_ENTRY|[1]|01pO00000003MVy|ApprovalController.ApprovalController()
13:29:34.0 (2435602)|STATEMENT_EXECUTE|[1]
13:29:34.0 (2440845)|STATEMENT_EXECUTE|[1]
13:29:34.0 (2445479)|METHOD_EXIT|[1]|ApprovalController
13:29:34.0 (2449025)|HEAP_ALLOCATE|[EXTERNAL]|Bytes:18
13:29:34.0 (2458734)|SYSTEM_MODE_ENTER|false
13:29:34.0 (2466361)|VARIABLE_SCOPE_BEGIN|[15]|opportunityId|String|false|false
13:29:34.0 (2487758)|VARIABLE_ASSIGNMENT|[15]|opportunityId|"006O0000008j3sIIAQ"
13:29:34.0 (2494775)|STATEMENT_EXECUTE|[15]
13:29:34.0 (2496329)|STATEMENT_EXECUTE|[18]
13:29:34.0 (2499276)|HEAP_ALLOCATE|[18]|Bytes:589
13:29:34.0 (2509002)|HEAP_ALLOCATE|[18]|Bytes:4
13:29:34.0 (2518895)|HEAP_ALLOCATE|[18]|Bytes:7
13:29:34.0 (2558280)|HEAP_ALLOCATE|[50]|Bytes:5
13:29:34.0 (2575503)|HEAP_ALLOCATE|[56]|Bytes:5
13:29:34.0 (2583056)|HEAP_ALLOCATE|[64]|Bytes:7
13:29:34.0 (3283229)|SOQL_EXECUTE_BEGIN|[18]|Aggregations:0|SELECT Id, name, Gate_Status__c, TSF_Gate_Status__c, CRA_Gate_Status__c, StageName, Competitor_Analysis_General_Comments__c, Are_there_any_critical_risks__c, Has_CRA_changed_since_last_approval__c, Has_TSF_changed_since_last_approval__c, Apply_Default_Bonding__c, Conversion_Budget_Comments__c, Is_Gate_1_To_3__c, Is_Gate_4_To_5__c, Net_Budget_EOI_PQ__c, Net_Budget_Post_Tender__c, Net_Budget_Tender__c, Net_Budget_Amount__c, Total_Budget_EOI_PQ__c, Total_Budget_Tender__c, Total_Budget_AUD__c, Total_Budget_Post_Tender__c, JH_Bid_Cost_of_JH_Revenue__c FROM Opportunity WHERE Id = :tmpVar1
13:29:34.0 (3298543)|LIMIT_USAGE|[18]|SOQL|1|100
13:29:34.0 (3306589)|LIMIT_USAGE|[18]|AGGS|0|300
13:29:34.0 (36563881)|SOQL_EXECUTE_END|[18]|Rows:1
13:29:34.0 (36574705)|LIMIT_USAGE|[18]|SOQL_ROWS|1|50000
13:29:34.0 (36602033)|HEAP_ALLOCATE|[18]|Bytes:8
13:29:34.0 (36623562)|HEAP_ALLOCATE|[18]|Bytes:1147
13:29:34.0 (36673787)|HEAP_ALLOCATE|[18]|Bytes:8
13:29:34.0 (36692223)|VARIABLE_SCOPE_BEGIN|[18]|allOpps|List<Opportunity>|true|false
13:29:34.0 (36754370)|VARIABLE_ASSIGNMENT|[18]|allOpps|[{"Id":"006O0000008j3sIIAQ","Name":"Mernda Rail Bypass","Gate_Status__c":"Not Applicable","TSF_Gate_Status__c":"Rejected","CRA_Gate_Status__c":"Approved","StageName":"Gate 4","Competitor_Analysis_ (19 more) ...":"this is a test for J (83 more) ...","Are_there_any_critic (11 more) ...":"No","Has_CRA_changed_sinc (18 more) ...":"No","Has_TSF_changed_sinc (18 more) ...":"No","Apply_Default_Bondin (4 more) ...":true,"Conversion_Budget_Co (9 more) ...":"This is a test for J (12 more) ...","Is_Gate_1_To_3__c":false,"Is_Gate_4_To_5__c":true,"Net_Budget_EOI_PQ__c":1000001,"Net_Budget_Post_Tend (5 more) ...":9000009,"Net_Budget_Tender__c":5000008,"Net_Budget_Amount__c":15000018,"Total_Budget_EOI_PQ_ (2 more) ...":1000005,"Total_Budget_Tender_ (2 more) ...":5000013,"Total_Budget_AUD__c":15000036,"Total_Budget_Post_Te (7 more) ...":9000018,"JH_Bid_Cost_of_JH_Re (8 more) ...":23.8}]|0x5d546ca
13:29:34.0 (36765763)|STATEMENT_EXECUTE|[38]
13:29:34.0 (36778382)|SYSTEM_MODE_EXIT|false
13:29:34.36 (36806292)|CUMULATIVE_LIMIT_USAGE
13:29:34.36 (36806292)|LIMIT_USAGE_FOR_NS|(default)|
  Number of SOQL queries: 1 out of 100
  Number of query rows: 1 out of 50000
  Number of SOSL queries: 0 out of 20
  Number of DML statements: 0 out of 150
  Number of DML rows: 0 out of 10000
  Maximum CPU time: 0 out of 10000
  Maximum heap size: 0 out of 6000000
  Number of callouts: 0 out of 100
  Number of Email Invocations: 0 out of 10
  Number of future calls: 0 out of 50
  Number of queueable jobs added to the queue: 0 out of 50
  Number of Mobile Apex push calls: 0 out of 10

13:29:34.36 (36806292)|TOTAL_EMAIL_RECIPIENTS_QUEUED|0
13:29:34.36 (36806292)|STATIC_VARIABLE_LIST|
  char[]:DigitTens:0
  long:serialVersionUID:0
  long:serialVersionUID:0
  double:MAX_VALUE:0
  Boolean:FALSE:0
  long:serialVersionUID:0
  double:MIN_VALUE:0
  int:SIZE:0
  double:NEGATIVE_INFINITY:0
  int:MAX_VALUE:0
  String:_sfdcSuppressedCodeLocations:0
  char[]:digits:0
  double:NaN:0
  Boolean:TRUE:0
  int:MIN_VALUE:0
  char[]:DigitOnes:0
  int:BYTES:0
  int:MIN_EXPONENT:0
  int[]:sizeTable:0
  int:MAX_EXPONENT:0
  int:SIZE:0
  double:POSITIVE_INFINITY:0
  String:_sfdcAdditionalCodeLocations:0
  double:MIN_NORMAL:0
  int:BYTES:0

13:29:34.36 (36806292)|CUMULATIVE_LIMIT_USAGE_END

13:29:34.0 (36928993)|CODE_UNIT_FINISHED|ApprovalController.getOpportunityRecord
13:29:34.102 (102526679)|CUMULATIVE_PROFILING_BEGIN
13:29:34.102 (102526679)|CUMULATIVE_PROFILING|SOQL operations|
Class.ApprovalController.getOpportunityRecord: line 18, column 1: [SELECT   Id,name,
                                                           			Gate_Status__c,
                                                           			TSF_Gate_Status__c,
                                                           			CRA_Gate_Status__c,
                                                           			StageName,
                                    								Competitor_Analysis_General_Comments__c,
                                    								Are_there_any_critical_risks__c,
                                    								Has_CRA_changed_since_last_approval__c,
                                    								Has_TSF_changed_since_last_approval__c,
                                    								Apply_Default_Bonding__c,
                                    								Conversion_Budget_Comments__c,
                                    								Is_Gate_1_To_3__c, Is_Gate_4_To_5__c,
                                    								Net_Budget_EOI_PQ__c, Net_Budget_Post_Tender__c, 
                                    								Net_Budget_Tender__c, Net_Budget_Amount__c,
                                    								Total_Budget_EOI_PQ__c, Total_Budget_Tender__c, 
                                    								Total_Budget_AUD__c, Total_Budget_Post_Tender__c, 
                                    								JH_Bid_Cost_of_JH_Revenue__c
                                 							FROM     Opportunity
                                 							WHERE    Id = :opportunityId]: executed 1 time in 34 ms

13:29:34.102 (102526679)|CUMULATIVE_PROFILING|No profiling information for SOSL operations
13:29:34.102 (102526679)|CUMULATIVE_PROFILING|No profiling information for DML operations
13:29:34.102 (102526679)|CUMULATIVE_PROFILING|method invocations|
External entry point: public static List<Opportunity> getOpportunityRecord(String): executed 1 time in 34 ms

13:29:34.102 (102526679)|CUMULATIVE_PROFILING_END
