34.0 APEX_CODE,FINEST;APEX_PROFILING,FINEST;CALLOUT,NONE;DB,FINEST;SYSTEM,FINE;VALIDATION,INFO;VISUALFORCE,INFO;WAVE,INFO;WORKFLOW,FINER
10:49:13.0 (365485)|USER_INFO|[EXTERNAL]|005O0000003t7an|ricky.lowe@jhg.com.au.pcphase2|Australian Eastern Standard Time|GMT+11:00
10:49:13.0 (399528)|EXECUTION_STARTED
10:49:13.0 (403282)|CODE_UNIT_STARTED|[EXTERNAL]|TRIGGERS
10:49:13.0 (440931)|CODE_UNIT_STARTED|[EXTERNAL]|01qO00000000Ue8|AssignedApproverTrigger on Assigned_Approver trigger event BeforeUpdate for [a0oO0000002tZsj]
10:49:13.0 (493489)|HEAP_ALLOCATE|[EXTERNAL]|Bytes:8
10:49:13.0 (589002)|HEAP_ALLOCATE|[EXTERNAL]|Bytes:8
10:49:13.0 (1188361)|HEAP_ALLOCATE|[72]|Bytes:3
10:49:13.0 (1232166)|HEAP_ALLOCATE|[77]|Bytes:152
10:49:13.0 (1250700)|HEAP_ALLOCATE|[342]|Bytes:408
10:49:13.0 (1271153)|HEAP_ALLOCATE|[355]|Bytes:408
10:49:13.0 (1289154)|HEAP_ALLOCATE|[467]|Bytes:48
10:49:13.0 (1317313)|HEAP_ALLOCATE|[139]|Bytes:6
10:49:13.0 (1333653)|HEAP_ALLOCATE|[EXTERNAL]|Bytes:1
10:49:13.0 (1349860)|HEAP_ALLOCATE|[EXTERNAL]|Bytes:4
10:49:13.0 (1358022)|VARIABLE_SCOPE_BEGIN|[1]|this|AssignedApproverTrigger|true|false
10:49:13.0 (1402580)|VARIABLE_ASSIGNMENT|[1]|this|{}|0x2f3cb8db
10:49:13.0 (1454689)|HEAP_ALLOCATE|[EXTERNAL]|Bytes:4
10:49:13.0 (1462625)|VARIABLE_SCOPE_BEGIN|[1]|this|AssignedApproverTrigger|true|false
10:49:13.0 (1473037)|VARIABLE_ASSIGNMENT|[1]|this|{}|0x2f3cb8db
10:49:13.0 (1483480)|STATEMENT_EXECUTE|[1]
10:49:13.0 (1485115)|STATEMENT_EXECUTE|[2]
10:49:13.0 (1652843)|HEAP_ALLOCATE|[2]|Bytes:36
10:49:13.0 (1669864)|HEAP_ALLOCATE|[50]|Bytes:5
10:49:13.0 (1684117)|HEAP_ALLOCATE|[56]|Bytes:5
10:49:13.0 (1696473)|HEAP_ALLOCATE|[64]|Bytes:7
10:49:13.0 (1738224)|SYSTEM_METHOD_ENTRY|[2]|System.debug(APEX_OBJECT, ANY)
10:49:13.0 (1770824)|USER_DEBUG|[2]|ERROR|*** Assigned Approver Trigger Firing
10:49:13.0 (1778182)|SYSTEM_METHOD_EXIT|[2]|System.debug(APEX_OBJECT, ANY)
10:49:13.0 (1781630)|STATEMENT_EXECUTE|[3]
10:49:13.0 (4325980)|VARIABLE_SCOPE_BEGIN|[14]|Assigned_Approver_TriggerHandler.recursionAfter|Boolean|false|true
10:49:13.0 (4334047)|VARIABLE_SCOPE_BEGIN|[13]|Assigned_Approver_TriggerHandler.recursionBefore|Boolean|false|true
10:49:13.0 (6762757)|VARIABLE_SCOPE_BEGIN|[5]|TriggerHandler.bypassedHandlers|Set<String>|true|true
10:49:13.0 (6998187)|VARIABLE_SCOPE_BEGIN|[4]|TriggerHandler.loopCountMap|Map<String,TriggerHandler.LoopCount>|true|true
10:49:13.0 (7033041)|HEAP_ALLOCATE|[3]|Bytes:11
10:49:13.0 (7040061)|HEAP_ALLOCATE|[3]|Bytes:20
10:49:13.0 (7058127)|METHOD_ENTRY|[12]|01pO00000003Sem|Assigned_Approver_TriggerHandler.Assigned_Approver_TriggerHandler()
10:49:13.0 (7063729)|STATEMENT_EXECUTE|[12]
10:49:13.0 (7069324)|STATEMENT_EXECUTE|[12]
10:49:13.0 (7095410)|HEAP_ALLOCATE|[13]|Bytes:5
10:49:13.0 (7101612)|STATEMENT_EXECUTE|[13]
10:49:13.0 (7111646)|HEAP_ALLOCATE|[13]|Bytes:5
10:49:13.0 (7126441)|VARIABLE_ASSIGNMENT|[13]|Assigned_Approver_TriggerHandler.recursionBefore|false
10:49:13.0 (7130015)|STATEMENT_EXECUTE|[14]
10:49:13.0 (7137600)|HEAP_ALLOCATE|[14]|Bytes:5
10:49:13.0 (7146320)|VARIABLE_ASSIGNMENT|[14]|Assigned_Approver_TriggerHandler.recursionAfter|false
10:49:13.0 (7161173)|METHOD_EXIT|[12]|Assigned_Approver_TriggerHandler
10:49:13.0 (7373983)|HEAP_ALLOCATE|[3]|Bytes:12
10:49:13.0 (7390889)|CONSTRUCTOR_ENTRY|[3]|01pO00000003Sem|<init>()
10:49:13.0 (7418795)|VARIABLE_SCOPE_BEGIN|[16]|this|Assigned_Approver_TriggerHandler|true|false
10:49:13.0 (7446579)|VARIABLE_ASSIGNMENT|[16]|this|{}|0x73a24c4f
10:49:13.0 (7457194)|HEAP_ALLOCATE|[16]|Bytes:5
10:49:13.0 (7460549)|STATEMENT_EXECUTE|[12]
10:49:13.0 (7463231)|HEAP_ALLOCATE|[16]|Bytes:5
10:49:13.0 (7472344)|HEAP_ALLOCATE|[16]|Bytes:48
10:49:13.0 (7481091)|HEAP_ALLOCATE|[16]|Bytes:69
10:49:13.0 (7491960)|METHOD_ENTRY|[1]|01pO00000003AAn|TriggerHandler.TriggerHandler()
10:49:13.0 (7494192)|STATEMENT_EXECUTE|[1]
10:49:13.0 (7496908)|STATEMENT_EXECUTE|[1]
10:49:13.0 (7497997)|STATEMENT_EXECUTE|[16]
10:49:13.0 (7498942)|STATEMENT_EXECUTE|[17]
10:49:13.0 (7506264)|HEAP_ALLOCATE|[17]|Bytes:4
10:49:13.0 (7554252)|VARIABLE_ASSIGNMENT|[17]|TriggerHandler.loopCountMap|{}|0x5b06f6f8
10:49:13.0 (7557512)|STATEMENT_EXECUTE|[18]
10:49:13.0 (7564456)|HEAP_ALLOCATE|[18]|Bytes:4
10:49:13.0 (7579761)|SYSTEM_CONSTRUCTOR_ENTRY|[18]|<init>(Integer)
10:49:13.0 (7602540)|SYSTEM_CONSTRUCTOR_EXIT|[18]|<init>(Integer)
10:49:13.0 (7639312)|VARIABLE_ASSIGNMENT|[18]|TriggerHandler.bypassedHandlers|[]|0x74b590af
10:49:13.0 (7643109)|STATEMENT_EXECUTE|[187]
10:49:13.0 (7644357)|STATEMENT_EXECUTE|[236]
10:49:13.0 (7649798)|METHOD_EXIT|[1]|TriggerHandler
10:49:13.0 (7655923)|CONSTRUCTOR_ENTRY|[16]|01pO00000003AAn|<init>()
10:49:13.0 (7764633)|VARIABLE_SCOPE_BEGIN|[22]|this|TriggerHandler|true|false
10:49:13.0 (7781969)|VARIABLE_ASSIGNMENT|[22]|this|{}|0x73a24c4f
10:49:13.0 (7785939)|STATEMENT_EXECUTE|[1]
10:49:13.0 (7787046)|STATEMENT_EXECUTE|[9]
10:49:13.0 (7788060)|STATEMENT_EXECUTE|[13]
10:49:13.0 (7795744)|HEAP_ALLOCATE|[23]|Bytes:6
10:49:13.0 (7818144)|STATEMENT_EXECUTE|[22]
10:49:13.0 (7819792)|STATEMENT_EXECUTE|[23]
10:49:13.0 (7843978)|METHOD_ENTRY|[23]|01pO00000003AAn|TriggerHandler.setTriggerContext()
10:49:13.0 (7866693)|VARIABLE_SCOPE_BEGIN|[94]|this|TriggerHandler|true|false
10:49:13.0 (7881829)|VARIABLE_ASSIGNMENT|[94]|this|{}|0x73a24c4f
10:49:13.0 (7887848)|STATEMENT_EXECUTE|[94]
10:49:13.0 (7888960)|STATEMENT_EXECUTE|[95]
10:49:13.0 (7902301)|METHOD_ENTRY|[95]|01pO00000003AAn|TriggerHandler.setTriggerContext(String, Boolean)
10:49:13.0 (7919514)|VARIABLE_SCOPE_BEGIN|[99]|this|TriggerHandler|true|false
10:49:13.0 (7932636)|VARIABLE_ASSIGNMENT|[99]|this|{}|0x73a24c4f
10:49:13.0 (7935647)|VARIABLE_SCOPE_BEGIN|[99]|ctx|String|false|false
10:49:13.0 (7939492)|VARIABLE_ASSIGNMENT|[99]|ctx|null
10:49:13.0 (7943789)|VARIABLE_SCOPE_BEGIN|[99]|testMode|Boolean|false|false
10:49:13.0 (7946843)|VARIABLE_ASSIGNMENT|[99]|testMode|false
10:49:13.0 (7950409)|STATEMENT_EXECUTE|[99]
10:49:13.0 (7969312)|STATEMENT_EXECUTE|[103]
10:49:13.0 (7970800)|STATEMENT_EXECUTE|[104]
10:49:13.0 (7975983)|HEAP_ALLOCATE|[104]|Bytes:5
10:49:13.0 (8000989)|STATEMENT_EXECUTE|[111]
10:49:13.0 (8003331)|STATEMENT_EXECUTE|[112]
10:49:13.0 (8024303)|HEAP_ALLOCATE|[112]|Bytes:12
10:49:13.0 (8029611)|HEAP_ALLOCATE|[112]|Bytes:13
10:49:13.0 (8078809)|HEAP_ALLOCATE|[112]|Bytes:12
10:49:13.0 (8083146)|HEAP_ALLOCATE|[112]|Bytes:13
10:49:13.0 (8095430)|HEAP_ALLOCATE|[112]|Bytes:12
10:49:13.0 (8098202)|HEAP_ALLOCATE|[112]|Bytes:13
10:49:13.0 (8112671)|HEAP_ALLOCATE|[112]|Bytes:12
10:49:13.0 (8116176)|HEAP_ALLOCATE|[112]|Bytes:12
10:49:13.0 (8128100)|HEAP_ALLOCATE|[112]|Bytes:12
10:49:13.0 (8130763)|HEAP_ALLOCATE|[112]|Bytes:12
10:49:13.0 (8140084)|HEAP_ALLOCATE|[112]|Bytes:12
10:49:13.0 (8142599)|HEAP_ALLOCATE|[112]|Bytes:12
10:49:13.0 (8152251)|HEAP_ALLOCATE|[112]|Bytes:12
10:49:13.0 (8156507)|HEAP_ALLOCATE|[112]|Bytes:14
10:49:13.0 (8175673)|METHOD_EXIT|[95]|01pO00000003AAn|TriggerHandler.setTriggerContext(String, Boolean)
10:49:13.0 (8180270)|METHOD_EXIT|[23]|01pO00000003AAn|TriggerHandler.setTriggerContext()
10:49:13.0 (8184096)|CONSTRUCTOR_EXIT|[16]|01pO00000003AAn|<init>()
10:49:13.0 (8186827)|STATEMENT_EXECUTE|[16]
10:49:13.0 (8191695)|CONSTRUCTOR_EXIT|[3]|01pO00000003Sem|<init>()
10:49:13.0 (8199468)|METHOD_ENTRY|[3]|01pO00000003AAn|TriggerHandler.run()
10:49:13.0 (8204156)|VARIABLE_SCOPE_BEGIN|[31]|this|TriggerHandler|true|false
10:49:13.0 (8225937)|VARIABLE_ASSIGNMENT|[31]|this|{"context":"0x4a8c3d92","isTriggerExecuting":true}|0x73a24c4f
10:49:13.0 (8230494)|STATEMENT_EXECUTE|[31]
10:49:13.0 (8238363)|METHOD_ENTRY|[33]|01pO00000003AAn|TriggerHandler.validateRun()
10:49:13.0 (8252960)|VARIABLE_SCOPE_BEGIN|[146]|this|TriggerHandler|true|false
10:49:13.0 (8268491)|VARIABLE_ASSIGNMENT|[146]|this|{"context":"0x4a8c3d92","isTriggerExecuting":true}|0x73a24c4f
10:49:13.0 (8272694)|STATEMENT_EXECUTE|[146]
10:49:13.0 (8279784)|STATEMENT_EXECUTE|[147]
10:49:13.0 (8288811)|METHOD_ENTRY|[150]|01pO00000003AAn|TriggerHandler.getHandlerName()
10:49:13.0 (8303217)|VARIABLE_SCOPE_BEGIN|[157]|this|TriggerHandler|true|false
10:49:13.0 (8318531)|VARIABLE_ASSIGNMENT|[157]|this|{"context":"0x4a8c3d92","isTriggerExecuting":true}|0x73a24c4f
10:49:13.0 (8322613)|STATEMENT_EXECUTE|[157]
10:49:13.0 (8323647)|STATEMENT_EXECUTE|[158]
10:49:13.0 (8361716)|SYSTEM_METHOD_ENTRY|[158]|String.valueOf(Object)
10:49:13.0 (8429008)|HEAP_ALLOCATE|[158]|Bytes:224
10:49:13.0 (8444612)|SYSTEM_METHOD_EXIT|[158]|String.valueOf(Object)
10:49:13.0 (8459886)|SYSTEM_METHOD_ENTRY|[158]|String.valueOf(Object)
10:49:13.0 (8492860)|HEAP_ALLOCATE|[158]|Bytes:224
10:49:13.0 (8506865)|SYSTEM_METHOD_EXIT|[158]|String.valueOf(Object)
10:49:13.0 (8510598)|HEAP_ALLOCATE|[158]|Bytes:1
10:49:13.0 (8525043)|SYSTEM_METHOD_ENTRY|[158]|String.indexOf(String)
10:49:13.0 (8534585)|SYSTEM_METHOD_EXIT|[158]|String.indexOf(String)
10:49:13.0 (8547269)|SYSTEM_METHOD_ENTRY|[158]|String.substring(Integer, Integer)
10:49:13.0 (8552972)|HEAP_ALLOCATE|[158]|Bytes:32
10:49:13.0 (8561422)|SYSTEM_METHOD_EXIT|[158]|String.substring(Integer, Integer)
10:49:13.0 (8566825)|METHOD_EXIT|[150]|01pO00000003AAn|TriggerHandler.getHandlerName()
10:49:13.0 (8581411)|SYSTEM_METHOD_ENTRY|[150]|Set<String>.contains(Object)
10:49:13.0 (8591651)|SYSTEM_METHOD_EXIT|[150]|Set<String>.contains(Object)
10:49:13.0 (8595990)|STATEMENT_EXECUTE|[150]
10:49:13.0 (8597160)|STATEMENT_EXECUTE|[153]
10:49:13.0 (8600857)|METHOD_EXIT|[33]|01pO00000003AAn|TriggerHandler.validateRun()
10:49:13.0 (8603406)|STATEMENT_EXECUTE|[33]
10:49:13.0 (8604485)|STATEMENT_EXECUTE|[35]
10:49:13.0 (8610856)|METHOD_ENTRY|[35]|01pO00000003AAn|TriggerHandler.addToLoopCount()
10:49:13.0 (8629829)|VARIABLE_SCOPE_BEGIN|[133]|this|TriggerHandler|true|false
10:49:13.0 (8648273)|VARIABLE_ASSIGNMENT|[133]|this|{"context":"0x4a8c3d92","isTriggerExecuting":true}|0x73a24c4f
10:49:13.0 (8652725)|STATEMENT_EXECUTE|[133]
10:49:13.0 (8653816)|STATEMENT_EXECUTE|[134]
10:49:13.0 (8661190)|METHOD_ENTRY|[134]|01pO00000003AAn|TriggerHandler.getHandlerName()
10:49:13.0 (8673805)|VARIABLE_SCOPE_BEGIN|[157]|this|TriggerHandler|true|false
10:49:13.0 (8693700)|VARIABLE_ASSIGNMENT|[157]|this|{"context":"0x4a8c3d92","isTriggerExecuting":true}|0x73a24c4f
10:49:13.0 (8700029)|STATEMENT_EXECUTE|[157]
10:49:13.0 (8701691)|STATEMENT_EXECUTE|[158]
10:49:13.0 (8724512)|SYSTEM_METHOD_ENTRY|[158]|String.valueOf(Object)
10:49:13.0 (8774356)|HEAP_ALLOCATE|[158]|Bytes:224
10:49:13.0 (8797575)|SYSTEM_METHOD_EXIT|[158]|String.valueOf(Object)
10:49:13.0 (8823650)|SYSTEM_METHOD_ENTRY|[158]|String.valueOf(Object)
10:49:13.0 (8871291)|HEAP_ALLOCATE|[158]|Bytes:224
10:49:13.0 (8893307)|SYSTEM_METHOD_EXIT|[158]|String.valueOf(Object)
10:49:13.0 (8909823)|SYSTEM_METHOD_ENTRY|[158]|String.indexOf(String)
10:49:13.0 (8925306)|SYSTEM_METHOD_EXIT|[158]|String.indexOf(String)
10:49:13.0 (8943553)|SYSTEM_METHOD_ENTRY|[158]|String.substring(Integer, Integer)
10:49:13.0 (8950890)|HEAP_ALLOCATE|[158]|Bytes:32
10:49:13.0 (8967898)|SYSTEM_METHOD_EXIT|[158]|String.substring(Integer, Integer)
10:49:13.0 (8977465)|METHOD_EXIT|[134]|01pO00000003AAn|TriggerHandler.getHandlerName()
10:49:13.0 (8983570)|VARIABLE_SCOPE_BEGIN|[134]|handlerName|String|false|false
10:49:13.0 (8994110)|VARIABLE_ASSIGNMENT|[134]|handlerName|"Assigned_Approver_Tr (12 more) ..."
10:49:13.0 (9014662)|SYSTEM_METHOD_ENTRY|[135]|Map<String,TriggerHandler.LoopCount>.containsKey(Object)
10:49:13.0 (9036413)|SYSTEM_METHOD_EXIT|[135]|Map<String,TriggerHandler.LoopCount>.containsKey(Object)
10:49:13.0 (9041401)|STATEMENT_EXECUTE|[135]
10:49:13.0 (9045435)|METHOD_EXIT|[35]|01pO00000003AAn|TriggerHandler.addToLoopCount()
10:49:13.0 (9076996)|SYSTEM_METHOD_ENTRY|[38]|com.salesforce.api.fast.System.compareObjects(Object, Object)
10:49:13.0 (9145502)|SYSTEM_METHOD_EXIT|[38]|com.salesforce.api.fast.System.compareObjects(Object, Object)
10:49:13.0 (9163599)|SYSTEM_METHOD_ENTRY|[40]|com.salesforce.api.fast.System.compareObjects(Object, Object)
10:49:13.0 (9188878)|SYSTEM_METHOD_EXIT|[40]|com.salesforce.api.fast.System.compareObjects(Object, Object)
10:49:13.0 (9193032)|STATEMENT_EXECUTE|[40]
10:49:13.0 (9194448)|STATEMENT_EXECUTE|[41]
10:49:13.0 (9204638)|METHOD_ENTRY|[41]|01pO00000003Sem|Assigned_Approver_TriggerHandler.beforeUpdate()
10:49:13.0 (9220896)|VARIABLE_SCOPE_BEGIN|[20]|this|Assigned_Approver_TriggerHandler|true|false
10:49:13.0 (9240160)|VARIABLE_ASSIGNMENT|[20]|this|{"context":"0x4a8c3d92","isTriggerExecuting":true}|0x73a24c4f
10:49:13.0 (9250220)|HEAP_ALLOCATE|[21]|Bytes:5
10:49:13.0 (9253499)|STATEMENT_EXECUTE|[20]
10:49:13.0 (9257970)|STATEMENT_EXECUTE|[21]
10:49:13.0 (9259019)|STATEMENT_EXECUTE|[22]
10:49:13.0 (9268228)|METHOD_ENTRY|[22]|01pO00000003Sem|Assigned_Approver_TriggerHandler.findCurrentApproversThatHaveApproved()
10:49:13.0 (9291227)|HEAP_ALLOCATE|[40]|Bytes:5
10:49:13.0 (9294587)|STATEMENT_EXECUTE|[39]
10:49:13.0 (9295717)|STATEMENT_EXECUTE|[40]
10:49:13.0 (9299984)|HEAP_ALLOCATE|[40]|Bytes:20
10:49:13.0 (9391252)|SYSTEM_METHOD_ENTRY|[40]|String.valueOf(Object)
10:49:13.0 (9999370)|HEAP_ALLOCATE|[40]|Bytes:727
10:49:13.0 (10018224)|SYSTEM_METHOD_EXIT|[40]|String.valueOf(Object)
10:49:13.0 (10032499)|HEAP_ALLOCATE|[40]|Bytes:747
10:49:13.0 (10048620)|SYSTEM_METHOD_ENTRY|[40]|System.debug(APEX_OBJECT, ANY)
10:49:13.0 (10061779)|USER_DEBUG|[40]|ERROR|*** Find approvers: (Assigned_Approver__c:{Id=a0oO0000002tZsjIAE, OwnerId=00528000004d3msAAA, IsDeleted=false, Name=Approver-000000150, CreatedDate=2017-03-29 23:45:21, CreatedById=005O0000003t7anIAA, LastModifiedDate=2017-03-29 23:48:38, LastModifiedById=005O0000003t7anIAA, SystemModstamp=2017-03-29 23:48:38, LastViewedDate=null, LastReferencedDate=null, Approver__c=00528000004d3msAAA, Gate__c=a0nO0000003xQBqIAM, Approval_Level__c=1, Approval_Status__c=Approved, Approval_Comments__c=null, No_of_Approval_Conditions__c=0, Current_Approver__c=true, Approver_Role__c=Regional Pre Contracts Manager, Wet_Signature_Received__c=false, Wet_Signature_Date__c=null, Decision_Date__c=null, Prospect__c=006O0000008lEg1IAE, Approval_Conditions__c=null})
10:49:13.0 (10070100)|SYSTEM_METHOD_EXIT|[40]|System.debug(APEX_OBJECT, ANY)
10:49:13.0 (10073246)|STATEMENT_EXECUTE|[42]
10:49:13.0 (10080650)|HEAP_ALLOCATE|[42]|Bytes:4
10:49:13.0 (10092282)|SYSTEM_CONSTRUCTOR_ENTRY|[42]|<init>(Integer)
10:49:13.0 (10106180)|SYSTEM_CONSTRUCTOR_EXIT|[42]|<init>(Integer)
10:49:13.0 (10109510)|VARIABLE_SCOPE_BEGIN|[42]|gatesToFindNextApprover|Set<Id>|true|false
10:49:13.0 (10130128)|VARIABLE_ASSIGNMENT|[42]|gatesToFindNextApprover|[]|0x1cb2e268
10:49:13.0 (10185268)|SYSTEM_METHOD_ENTRY|[43]|List<Assigned_Approver__c>.iterator()
10:49:13.0 (10305751)|SYSTEM_METHOD_EXIT|[43]|List<Assigned_Approver__c>.iterator()
10:49:13.0 (10329488)|SYSTEM_METHOD_ENTRY|[43]|system.ListIterator.hasNext()
10:49:13.0 (10342656)|HEAP_ALLOCATE|[43]|Bytes:5
10:49:13.0 (10354207)|SYSTEM_METHOD_EXIT|[43]|system.ListIterator.hasNext()
10:49:13.0 (10382731)|HEAP_ALLOCATE|[43]|Bytes:4
10:49:13.0 (10398422)|VARIABLE_SCOPE_BEGIN|[43]|AA|Assigned_Approver__c|true|false
10:49:13.0 (10594121)|VARIABLE_ASSIGNMENT|[43]|AA|{"Approval_Level__c":"1","LastModifiedDate":"2017-03-29T23:48:38.000Z","IsDeleted":false,"Approver__c":"00528000004d3msAAA","Wet_Signature_Receiv (5 more) ...":false,"Gate__c":"a0nO0000003xQBqIAM","Prospect__c":"006O0000008lEg1IAE","Name":"Approver-000000150","SystemModstamp":"2017-03-29T23:48:38.000Z","OwnerId":"00528000004d3msAAA","CreatedById":"005O0000003t7anIAA","Approver_Role__c":"Regional Pre Contrac (10 more) ...","No_of_Approval_Condi (8 more) ...":0,"CreatedDate":"2017-03-29T23:45:21.000Z","Id":"a0oO0000002tZsjIAE","Current_Approver__c":true,"LastModifiedById":"005O0000003t7anIAA","Approval_Status__c":"Approved"}|0x3afc0dcd
10:49:13.0 (10601085)|STATEMENT_EXECUTE|[43]
10:49:13.0 (10602351)|STATEMENT_EXECUTE|[44]
10:49:13.0 (10703307)|SYSTEM_METHOD_ENTRY|[44]|Map<Id,Assigned_Approver__c>.get(Object)
10:49:13.0 (10729727)|SYSTEM_METHOD_EXIT|[44]|Map<Id,Assigned_Approver__c>.get(Object)
10:49:13.0 (10738496)|VARIABLE_SCOPE_BEGIN|[44]|oldApprover|Assigned_Approver__c|true|false
10:49:13.0 (10966007)|VARIABLE_ASSIGNMENT|[44]|oldApprover|{"Approval_Level__c":"1","LastModifiedDate":"2017-03-29T23:48:38.000Z","IsDeleted":false,"Approver__c":"00528000004d3msAAA","Wet_Signature_Receiv (5 more) ...":false,"Gate__c":"a0nO0000003xQBqIAM","Prospect__c":"006O0000008lEg1IAE","Name":"Approver-000000150","SystemModstamp":"2017-03-29T23:48:38.000Z","OwnerId":"00528000004d3msAAA","CreatedById":"005O0000003t7anIAA","Approver_Role__c":"Regional Pre Contrac (10 more) ...","No_of_Approval_Condi (8 more) ...":0,"CreatedDate":"2017-03-29T23:45:21.000Z","Id":"a0oO0000002tZsjIAE","Current_Approver__c":true,"LastModifiedById":"005O0000003t7anIAA","Approval_Status__c":"Assigned Pending App (5 more) ..."}|0x1515e4cb
10:49:13.0 (10972230)|STATEMENT_EXECUTE|[45]
10:49:13.0 (10979195)|HEAP_ALLOCATE|[45]|Bytes:36
10:49:13.0 (11005764)|SYSTEM_METHOD_ENTRY|[45]|String.valueOf(Object)
10:49:13.0 (11209376)|HEAP_ALLOCATE|[45]|Bytes:725
10:49:13.0 (11226795)|SYSTEM_METHOD_EXIT|[45]|String.valueOf(Object)
10:49:13.0 (11235020)|HEAP_ALLOCATE|[45]|Bytes:761
10:49:13.0 (11246604)|SYSTEM_METHOD_ENTRY|[45]|System.debug(APEX_OBJECT, ANY)
10:49:13.0 (11254962)|USER_DEBUG|[45]|ERROR|*** Approvers before Wet Signature: Assigned_Approver__c:{Id=a0oO0000002tZsjIAE, OwnerId=00528000004d3msAAA, IsDeleted=false, Name=Approver-000000150, CreatedDate=2017-03-29 23:45:21, CreatedById=005O0000003t7anIAA, LastModifiedDate=2017-03-29 23:48:38, LastModifiedById=005O0000003t7anIAA, SystemModstamp=2017-03-29 23:48:38, LastViewedDate=null, LastReferencedDate=null, Approver__c=00528000004d3msAAA, Gate__c=a0nO0000003xQBqIAM, Approval_Level__c=1, Approval_Status__c=Approved, Approval_Comments__c=null, No_of_Approval_Conditions__c=0, Current_Approver__c=true, Approver_Role__c=Regional Pre Contracts Manager, Wet_Signature_Received__c=false, Wet_Signature_Date__c=null, Decision_Date__c=null, Prospect__c=006O0000008lEg1IAE, Approval_Conditions__c=null}
10:49:13.0 (11263294)|SYSTEM_METHOD_EXIT|[45]|System.debug(APEX_OBJECT, ANY)
10:49:13.0 (11292436)|STATEMENT_EXECUTE|[48]
10:49:13.0 (11294620)|STATEMENT_EXECUTE|[51]
10:49:13.0 (11299487)|HEAP_ALLOCATE|[51]|Bytes:35
10:49:13.0 (11317117)|SYSTEM_METHOD_ENTRY|[51]|String.valueOf(Object)
10:49:13.0 (11508823)|HEAP_ALLOCATE|[51]|Bytes:725
10:49:13.0 (11525254)|SYSTEM_METHOD_EXIT|[51]|String.valueOf(Object)
10:49:13.0 (11533208)|HEAP_ALLOCATE|[51]|Bytes:760
10:49:13.0 (11543868)|SYSTEM_METHOD_ENTRY|[51]|System.debug(APEX_OBJECT, ANY)
10:49:13.0 (11551809)|USER_DEBUG|[51]|ERROR|*** Approvers after Wet Signature: Assigned_Approver__c:{Id=a0oO0000002tZsjIAE, OwnerId=00528000004d3msAAA, IsDeleted=false, Name=Approver-000000150, CreatedDate=2017-03-29 23:45:21, CreatedById=005O0000003t7anIAA, LastModifiedDate=2017-03-29 23:48:38, LastModifiedById=005O0000003t7anIAA, SystemModstamp=2017-03-29 23:48:38, LastViewedDate=null, LastReferencedDate=null, Approver__c=00528000004d3msAAA, Gate__c=a0nO0000003xQBqIAM, Approval_Level__c=1, Approval_Status__c=Approved, Approval_Comments__c=null, No_of_Approval_Conditions__c=0, Current_Approver__c=true, Approver_Role__c=Regional Pre Contracts Manager, Wet_Signature_Received__c=false, Wet_Signature_Date__c=null, Decision_Date__c=null, Prospect__c=006O0000008lEg1IAE, Approval_Conditions__c=null}
10:49:13.0 (11559108)|SYSTEM_METHOD_EXIT|[51]|System.debug(APEX_OBJECT, ANY)
10:49:13.0 (11584601)|HEAP_ALLOCATE|[54]|Bytes:25
10:49:13.0 (11617931)|STATEMENT_EXECUTE|[54]
10:49:13.0 (11619626)|STATEMENT_EXECUTE|[55]
10:49:13.0 (11624262)|HEAP_ALLOCATE|[55]|Bytes:37
10:49:13.0 (11641050)|SYSTEM_METHOD_ENTRY|[55]|String.valueOf(Object)
10:49:13.0 (11826232)|HEAP_ALLOCATE|[55]|Bytes:725
10:49:13.0 (11842546)|SYSTEM_METHOD_EXIT|[55]|String.valueOf(Object)
10:49:13.0 (11850434)|HEAP_ALLOCATE|[55]|Bytes:762
10:49:13.0 (11860851)|SYSTEM_METHOD_ENTRY|[55]|System.debug(APEX_OBJECT, ANY)
10:49:13.0 (11868940)|USER_DEBUG|[55]|ERROR|*** Approver meets the requirements: Assigned_Approver__c:{Id=a0oO0000002tZsjIAE, OwnerId=00528000004d3msAAA, IsDeleted=false, Name=Approver-000000150, CreatedDate=2017-03-29 23:45:21, CreatedById=005O0000003t7anIAA, LastModifiedDate=2017-03-29 23:48:38, LastModifiedById=005O0000003t7anIAA, SystemModstamp=2017-03-29 23:48:38, LastViewedDate=null, LastReferencedDate=null, Approver__c=00528000004d3msAAA, Gate__c=a0nO0000003xQBqIAM, Approval_Level__c=1, Approval_Status__c=Approved, Approval_Comments__c=null, No_of_Approval_Conditions__c=0, Current_Approver__c=true, Approver_Role__c=Regional Pre Contracts Manager, Wet_Signature_Received__c=false, Wet_Signature_Date__c=null, Decision_Date__c=null, Prospect__c=006O0000008lEg1IAE, Approval_Conditions__c=null}
10:49:13.0 (11875920)|SYSTEM_METHOD_EXIT|[55]|System.debug(APEX_OBJECT, ANY)
10:49:13.0 (11910892)|STATEMENT_EXECUTE|[61]
10:49:13.0 (11913000)|STATEMENT_EXECUTE|[62]
10:49:13.0 (12068343)|VARIABLE_ASSIGNMENT|[62]|this.Current_Approver__c|false|0x3afc0dcd
10:49:13.0 (12073430)|STATEMENT_EXECUTE|[63]
10:49:13.0 (12079840)|HEAP_ALLOCATE|[63]|Bytes:39
10:49:13.0 (12118163)|SYSTEM_METHOD_ENTRY|[63]|String.valueOf(Object)
10:49:13.0 (12132177)|HEAP_ALLOCATE|[63]|Bytes:18
10:49:13.0 (12143684)|SYSTEM_METHOD_EXIT|[63]|String.valueOf(Object)
10:49:13.0 (12150040)|HEAP_ALLOCATE|[63]|Bytes:57
10:49:13.0 (12160118)|SYSTEM_METHOD_ENTRY|[63]|System.debug(APEX_OBJECT, ANY)
10:49:13.0 (12167589)|USER_DEBUG|[63]|ERROR|*** Setting current approver as false: a0nO0000003xQBqIAM
10:49:13.0 (12171738)|SYSTEM_METHOD_EXIT|[63]|System.debug(APEX_OBJECT, ANY)
10:49:13.0 (12178436)|SYSTEM_METHOD_ENTRY|[43]|system.ListIterator.hasNext()
10:49:13.0 (12184862)|HEAP_ALLOCATE|[43]|Bytes:5
10:49:13.0 (12189552)|SYSTEM_METHOD_EXIT|[43]|system.ListIterator.hasNext()
10:49:13.0 (12197976)|VARIABLE_ASSIGNMENT|[43]|AA|null|
10:49:13.0 (12206005)|SYSTEM_METHOD_ENTRY|[69]|Set<Id>.size()
10:49:13.0 (12220197)|SYSTEM_METHOD_EXIT|[69]|Set<Id>.size()
10:49:13.0 (12225981)|STATEMENT_EXECUTE|[69]
10:49:13.0 (12232841)|METHOD_EXIT|[22]|01pO00000003Sem|Assigned_Approver_TriggerHandler.findCurrentApproversThatHaveApproved()
10:49:13.0 (12235366)|STATEMENT_EXECUTE|[23]
10:49:13.0 (12241593)|HEAP_ALLOCATE|[23]|Bytes:5
10:49:13.0 (12250223)|VARIABLE_ASSIGNMENT|[23]|Assigned_Approver_TriggerHandler.recursionBefore|true
10:49:13.0 (12256672)|METHOD_EXIT|[41]|01pO00000003Sem|Assigned_Approver_TriggerHandler.beforeUpdate()
10:49:13.0 (12260469)|METHOD_EXIT|[3]|01pO00000003AAn|TriggerHandler.run()
10:49:13.12 (12269669)|CUMULATIVE_LIMIT_USAGE
10:49:13.12 (12269669)|LIMIT_USAGE_FOR_NS|(default)|
  Number of SOQL queries: 0 out of 100
  Number of query rows: 0 out of 50000
  Number of SOSL queries: 0 out of 20
  Number of DML statements: 0 out of 150
  Number of DML rows: 0 out of 10000
  Maximum CPU time: 0 out of 10000
  Maximum heap size: 0 out of 6000000
  Number of callouts: 0 out of 100
  Number of Email Invocations: 0 out of 10
  Number of future calls: 0 out of 50
  Number of queueable jobs added to the queue: 0 out of 50
  Number of Mobile Apex push calls: 0 out of 10

10:49:13.12 (12269669)|TOTAL_EMAIL_RECIPIENTS_QUEUED|0
10:49:13.12 (12269669)|STATIC_VARIABLE_LIST|
  String:_sfdcAdditionalCodeLocations:0
  long:serialVersionUID:0
  String:_sfdcAdditionalCodeLocations:0
  double:MAX_VALUE:0
  long:serialVersionUID:0
  int:SIZE:0
  TriggerHandler.TriggerContext:BEFORE_INSERT:0
  int:MAX_VALUE:0
  TriggerHandler.TriggerContext:AFTER_UNDELETE:0
  String:_sfdcSuppressedCodeLocations:0
  int:MIN_VALUE:0
  char[]:DigitOnes:0
  String:_sfdcSuppressedCodeLocations:0
  int:MIN_EXPONENT:0
  int:MAX_EXPONENT:0
  Boolean:_static_recursionBefore:0
  int:BYTES:0
  char[]:DigitTens:0
  long:serialVersionUID:0
  String:_sfdcAdditionalCodeLocations:0
  Boolean:FALSE:0
  double:MIN_VALUE:0
  double:NEGATIVE_INFINITY:0
  char[]:digits:0
  Boolean:_static_recursionAfter:0
  double:NaN:0
  Boolean:TRUE:0
  TriggerHandler.TriggerContext:AFTER_INSERT:0
  TriggerHandler.TriggerContext:AFTER_DELETE:0
  TriggerHandler.TriggerContext:AFTER_UPDATE:0
  String:__sfdcInnerTypes:0
  int:BYTES:0
  Map<String,TriggerHandler.LoopCount>:_static_loopCountMap:0
  Set<String>:_static_bypassedHandlers:0
  int[]:sizeTable:0
  TriggerHandler.TriggerContext:BEFORE_DELETE:0
  TriggerHandler.TriggerContext:BEFORE_UPDATE:0
  int:SIZE:0
  double:POSITIVE_INFINITY:0
  double:MIN_NORMAL:0

10:49:13.12 (12269669)|CUMULATIVE_LIMIT_USAGE_END

10:49:13.0 (13649154)|CODE_UNIT_FINISHED|AssignedApproverTrigger on Assigned_Approver trigger event BeforeUpdate for [a0oO0000002tZsj]
10:49:13.0 (22353814)|CODE_UNIT_STARTED|[EXTERNAL]|Validation:Assigned_Approver:a0oO0000002tZsj
10:49:13.0 (22363362)|VALIDATION_RULE|03dO000000011Ug|Enter_Approval_Conditions
10:49:13.0 (22555202)|VALIDATION_FORMULA|AND(
ISPICKVAL(Approval_Status__c, "Approved with Conditions"),
ISBLANK(Approval_Conditions__c))|Approval_Status__c=Approved , Approval_Conditions__c=null
10:49:13.0 (22561836)|VALIDATION_PASS
10:49:13.0 (22563701)|VALIDATION_RULE|03dO00000001173|Enter_comments_after_status
10:49:13.0 (22738000)|VALIDATION_FORMULA|AND(
ISPICKVAL( Approval_Status__c, "Approved"), 
ISBLANK(Approval_Comments__c))

&#124;&#124;

AND( 
ISPICKVAL( Approval_Status__c, "Resubmit"),
ISBLANK(Approval_Comments__c))

&#124;&#124;

AND( 
ISPICKVAL( Approval_Status__c, "Rejected"),
ISBLANK(Approval_Comments__c))|Approval_Status__c=Approved , Approval_Comments__c=null
10:49:13.0 (22754689)|VALIDATION_FAIL
10:49:13.0 (22767396)|VALIDATION_RULE|03dO00000000z89|Wet_Signature_Date_Mandatory
10:49:13.0 (22869711)|VALIDATION_FORMULA|AND(Wet_Signature_Received__c = TRUE,  ISBLANK(Wet_Signature_Date__c))|Wet_Signature_Date__c=null , Wet_Signature_Received__c=0
10:49:13.0 (22874907)|VALIDATION_PASS
10:49:13.0 (22902208)|CODE_UNIT_FINISHED|Validation:Assigned_Approver:a0oO0000002tZsj
10:49:13.0 (70531150)|CODE_UNIT_FINISHED|TRIGGERS
10:49:13.0 (70543523)|EXECUTION_FINISHED
10:49:13.75 (75467592)|CUMULATIVE_PROFILING_BEGIN
10:49:13.75 (75467592)|CUMULATIVE_PROFILING|No profiling information for SOQL operations
10:49:13.75 (75467592)|CUMULATIVE_PROFILING|No profiling information for SOSL operations
10:49:13.75 (75467592)|CUMULATIVE_PROFILING|No profiling information for DML operations
10:49:13.75 (75467592)|CUMULATIVE_PROFILING|method invocations|
External entry point: public void invoke(): executed 1 time in 11 ms
Trigger.AssignedApproverTrigger: line 3, column 1: public Assigned_Approver_TriggerHandler(): executed 2 times in 5 ms
Class.TriggerHandler.run: line 41, column 1: public void beforeUpdate(): executed 1 time in 3 ms
Class.Assigned_Approver_TriggerHandler.beforeUpdate: line 22, column 1: private static void findCurrentApproversThatHaveApproved(): executed 1 time in 3 ms
Class.Assigned_Approver_TriggerHandler.findCurrentApproversThatHaveApproved: line 69, column 1: global public Integer size(): executed 1 time in 1 ms
Class.TriggerHandler.run: line 33, column 1: private Boolean validateRun(): executed 1 time in 0 ms
Class.TriggerHandler: line 18, column 1: public Set<String>(Integer): executed 1 time in 0 ms
Class.TriggerHandler.run: line 35, column 1: private void addToLoopCount(): executed 1 time in 0 ms
Class.TriggerHandler.validateRun: line 150, column 1: private String getHandlerName(): executed 2 times in 0 ms
Class.TriggerHandler.addToLoopCount: line 134, column 1: private String getHandlerName(): executed 1 time in 0 ms
Class.TriggerHandler.run: line 38, column 1: public static Integer compareObjects(Object, Object): executed 1 time in 0 ms

10:49:13.75 (75467592)|CUMULATIVE_PROFILING_END
