39.0 APEX_CODE,FINEST;APEX_PROFILING,FINEST;CALLOUT,NONE;DB,FINEST;SYSTEM,FINE;VALIDATION,INFO;VISUALFORCE,INFO;WAVE,INFO;WORKFLOW,FINER
14:22:10.0 (342353)|USER_INFO|[EXTERNAL]|005O0000003t7an|ricky.lowe@jhg.com.au.pcphase2|Australian Eastern Standard Time|GMT+10:00
14:22:10.0 (373180)|EXECUTION_STARTED
14:22:10.0 (379693)|CODE_UNIT_STARTED|[EXTERNAL]|VisualForce View State
14:22:10.0 (378651683)|HEAP_ALLOCATE|[72]|Bytes:3
14:22:10.0 (378711316)|HEAP_ALLOCATE|[77]|Bytes:152
14:22:10.0 (378743830)|HEAP_ALLOCATE|[342]|Bytes:408
14:22:10.0 (378782693)|HEAP_ALLOCATE|[355]|Bytes:408
14:22:10.0 (378816372)|HEAP_ALLOCATE|[467]|Bytes:48
14:22:10.0 (378867169)|HEAP_ALLOCATE|[139]|Bytes:6
14:22:10.0 (378911572)|HEAP_ALLOCATE|[50]|Bytes:5
14:22:10.0 (378942758)|HEAP_ALLOCATE|[56]|Bytes:5
14:22:10.0 (378952698)|HEAP_ALLOCATE|[64]|Bytes:7
14:22:10.0 (380951277)|CODE_UNIT_FINISHED|VisualForce View State
14:22:10.0 (381185121)|EXECUTION_FINISHED
14:22:10.388 (388016697)|USER_INFO|[EXTERNAL]|005O0000003t7an|ricky.lowe@jhg.com.au.pcphase2|Australian Eastern Standard Time|GMT+10:00
14:22:10.388 (388064070)|SYSTEM_MODE_ENTER|true
14:22:10.388 (388155233)|HEAP_ALLOCATE|[EXTERNAL]|Bytes:38
14:22:10.388 (388172345)|HEAP_ALLOCATE|[EXTERNAL]|Bytes:7
14:22:10.388 (388189033)|SYSTEM_METHOD_ENTRY|[1]|PageMessagesComponentController.PageMessagesComponentController()
14:22:10.388 (388194781)|STATEMENT_EXECUTE|[1]
14:22:10.392 (392979735)|CUMULATIVE_LIMIT_USAGE
14:22:10.392 (392979735)|LIMIT_USAGE_FOR_NS|(default)|
  Number of SOQL queries: 0 out of 100
  Number of query rows: 0 out of 50000
  Number of SOSL queries: 0 out of 20
  Number of DML statements: 0 out of 150
  Number of DML rows: 0 out of 10000
  Maximum CPU time: 0 out of 10000
  Maximum heap size: 0 out of 6000000
  Number of callouts: 0 out of 100
  Number of Email Invocations: 0 out of 10
  Number of future calls: 0 out of 50
  Number of queueable jobs added to the queue: 0 out of 50
  Number of Mobile Apex push calls: 0 out of 10

14:22:10.392 (392979735)|CUMULATIVE_LIMIT_USAGE_END

