39.0 APEX_CODE,FINEST;APEX_PROFILING,FINEST;CALLOUT,NONE;DB,FINEST;SYSTEM,FINE;VALIDATION,INFO;VISUALFORCE,INFO;WAVE,INFO;WORKFLOW,FINER
14:53:26.0 (303933)|USER_INFO|[EXTERNAL]|00528000006B07F|dev@systempartners.com.prod.pcphase2|Australian Eastern Standard Time|GMT+11:00
14:53:26.0 (336089)|EXECUTION_STARTED
14:53:26.0 (340234)|CODE_UNIT_STARTED|[EXTERNAL]|VisualForce View State
14:53:26.0 (743952658)|HEAP_ALLOCATE|[72]|Bytes:3
14:53:26.0 (744004996)|HEAP_ALLOCATE|[77]|Bytes:152
14:53:26.0 (744028058)|HEAP_ALLOCATE|[342]|Bytes:408
14:53:26.0 (744056901)|HEAP_ALLOCATE|[355]|Bytes:408
14:53:26.0 (744082648)|HEAP_ALLOCATE|[467]|Bytes:48
14:53:26.0 (744114545)|HEAP_ALLOCATE|[139]|Bytes:6
14:53:26.0 (744145323)|HEAP_ALLOCATE|[50]|Bytes:5
14:53:26.0 (744168998)|HEAP_ALLOCATE|[56]|Bytes:5
14:53:26.0 (744178225)|HEAP_ALLOCATE|[64]|Bytes:7
14:53:26.0 (745867669)|CODE_UNIT_FINISHED|VisualForce View State
14:53:26.0 (747713695)|EXECUTION_FINISHED
14:53:26.749 (749529575)|USER_INFO|[EXTERNAL]|00528000006B07F|dev@systempartners.com.prod.pcphase2|Australian Eastern Standard Time|GMT+11:00
14:53:26.749 (749576701)|SYSTEM_MODE_ENTER|true
14:53:26.749 (749650793)|HEAP_ALLOCATE|[EXTERNAL]|Bytes:38
14:53:26.749 (749660895)|HEAP_ALLOCATE|[EXTERNAL]|Bytes:7
14:53:26.749 (749672599)|SYSTEM_METHOD_ENTRY|[1]|PageMessagesComponentController.PageMessagesComponentController()
14:53:26.749 (749676779)|STATEMENT_EXECUTE|[1]
14:53:28.113 (2113513083)|CUMULATIVE_LIMIT_USAGE
14:53:28.113 (2113513083)|LIMIT_USAGE_FOR_NS|(default)|
  Number of SOQL queries: 0 out of 100
  Number of query rows: 0 out of 50000
  Number of SOSL queries: 0 out of 20
  Number of DML statements: 0 out of 150
  Number of DML rows: 0 out of 10000
  Maximum CPU time: 0 out of 10000
  Maximum heap size: 0 out of 6000000
  Number of callouts: 0 out of 100
  Number of Email Invocations: 0 out of 10
  Number of future calls: 0 out of 50
  Number of queueable jobs added to the queue: 0 out of 50
  Number of Mobile Apex push calls: 0 out of 10

14:53:28.113 (2113513083)|CUMULATIVE_LIMIT_USAGE_END

