39.0 APEX_CODE,FINEST;APEX_PROFILING,FINEST;CALLOUT,NONE;DB,FINEST;SYSTEM,FINE;VALIDATION,INFO;VISUALFORCE,INFO;WAVE,INFO;WORKFLOW,FINER
15:13:36.2 (2397351)|USER_INFO|[EXTERNAL]|005O0000003t7an|ricky.lowe@jhg.com.au.pcphase2|Australian Eastern Standard Time|GMT+10:00
15:13:36.2 (2434221)|EXECUTION_STARTED
15:13:36.2 (2440671)|CODE_UNIT_STARTED|[EXTERNAL]|01pO00000003MVy|ApprovalController.getAssignedApprovers
15:13:36.2 (2832192)|HEAP_ALLOCATE|[72]|Bytes:3
15:13:36.2 (2891938)|HEAP_ALLOCATE|[77]|Bytes:152
15:13:36.2 (2916641)|HEAP_ALLOCATE|[342]|Bytes:408
15:13:36.2 (2937695)|HEAP_ALLOCATE|[355]|Bytes:408
15:13:36.2 (2956354)|HEAP_ALLOCATE|[467]|Bytes:48
15:13:36.2 (2999798)|HEAP_ALLOCATE|[139]|Bytes:6
15:13:36.2 (3033861)|HEAP_ALLOCATE|[EXTERNAL]|Bytes:8
15:13:36.2 (3042846)|HEAP_ALLOCATE|[EXTERNAL]|Bytes:8
15:13:36.2 (3057240)|METHOD_ENTRY|[1]|01pO00000003MVy|ApprovalController.ApprovalController()
15:13:36.2 (3062814)|STATEMENT_EXECUTE|[1]
15:13:36.2 (3069435)|STATEMENT_EXECUTE|[1]
15:13:36.2 (3076826)|METHOD_EXIT|[1]|ApprovalController
15:13:36.2 (3092866)|HEAP_ALLOCATE|[EXTERNAL]|Bytes:72
15:13:36.2 (3103707)|SYSTEM_MODE_ENTER|false
15:13:36.2 (3117004)|VARIABLE_SCOPE_BEGIN|[67]|opp|Opportunity|true|false
15:13:36.2 (3198456)|VARIABLE_ASSIGNMENT|[67]|opp|{"Total_Budget_EOI_PQ_ (2 more) ...":0,"Total_Budget_AUD__c":0,"TSF_Gate_Status__c":"Not Applicable","StageName":"Gate 3","Net_Budget_Post_Tend (5 more) ...":0,"Net_Budget_EOI_PQ__c":0,"Apply_Default_Bondin (4 more) ...":false,"Gate_Status__c":"Initiated","Is_Gate_4_To_5__c":false,"Name":"RL Test Opp 2017-04- (11 more) ...","Is_Gate_1_To_3__c":true,"Net_Budget_Amount__c":0,"Total_Budget_Tender_ (2 more) ...":0,"Total_Budget_Post_Te (7 more) ...":0,"Net_Budget_Tender__c":0,"CRA_Gate_Status__c":"Not Applicable","Id":"006O0000008lbw2IAA"}|0x3cf3ad9f
15:13:36.2 (3214603)|STATEMENT_EXECUTE|[67]
15:13:36.2 (3216446)|STATEMENT_EXECUTE|[68]
15:13:36.2 (3221187)|HEAP_ALLOCATE|[68]|Bytes:132
15:13:36.2 (3235651)|HEAP_ALLOCATE|[68]|Bytes:4
15:13:36.2 (3250365)|HEAP_ALLOCATE|[68]|Bytes:7
15:13:36.2 (3307896)|HEAP_ALLOCATE|[68]|Bytes:7
15:13:36.2 (7283855)|VARIABLE_SCOPE_BEGIN|[3]|OpportunityService.KCRARecordTypeID|String|false|true
15:13:36.2 (7292553)|VARIABLE_SCOPE_BEGIN|[2]|OpportunityService.KCRATemplateRecordTypeID|String|false|true
15:13:36.2 (7303854)|HEAP_ALLOCATE|[70]|Bytes:39
15:13:36.2 (7335470)|METHOD_ENTRY|[1]|01pO00000003HOS|OpportunityService.OpportunityService()
15:13:36.2 (7338390)|STATEMENT_EXECUTE|[1]
15:13:36.2 (7342208)|STATEMENT_EXECUTE|[1]
15:13:36.2 (7377114)|HEAP_ALLOCATE|[50]|Bytes:5
15:13:36.2 (7401625)|HEAP_ALLOCATE|[56]|Bytes:5
15:13:36.2 (7410437)|HEAP_ALLOCATE|[64]|Bytes:7
15:13:36.2 (7438181)|HEAP_ALLOCATE|[2]|Bytes:5
15:13:36.2 (7444272)|STATEMENT_EXECUTE|[2]
15:13:36.2 (7447777)|HEAP_ALLOCATE|[2]|Bytes:33
15:13:36.2 (7527197)|SYSTEM_METHOD_ENTRY|[2]|Schema.SObjectType.getDescribe()
15:13:36.2 (8045401)|HEAP_ALLOCATE|[2]|Bytes:4
15:13:36.2 (8057170)|SYSTEM_METHOD_EXIT|[2]|Schema.SObjectType.getDescribe()
15:13:36.2 (8092455)|LIMIT_USAGE|[2]|RECORD_TYPE_DESCRIBES|1|100
15:13:36.2 (24777186)|HEAP_ALLOCATE|[2]|Bytes:16
15:13:36.2 (24804153)|HEAP_ALLOCATE|[2]|Bytes:13
15:13:36.2 (24915529)|SYSTEM_METHOD_ENTRY|[2]|Map<String,Schema.RecordTypeInfo>.get(Object)
15:13:36.2 (24998893)|SYSTEM_METHOD_EXIT|[2]|Map<String,Schema.RecordTypeInfo>.get(Object)
15:13:36.2 (25037285)|HEAP_ALLOCATE|[2]|Bytes:4
15:13:36.2 (25050177)|HEAP_ALLOCATE|[2]|Bytes:18
15:13:36.2 (25077873)|VARIABLE_ASSIGNMENT|[2]|OpportunityService.KCRATemplateRecordTypeID|"012O0000000DCgLIAW"
15:13:36.2 (25083570)|STATEMENT_EXECUTE|[3]
15:13:36.2 (25146366)|SYSTEM_METHOD_ENTRY|[3]|Schema.SObjectType.getDescribe()
15:13:36.2 (25187878)|HEAP_ALLOCATE|[3]|Bytes:4
15:13:36.2 (25195551)|SYSTEM_METHOD_EXIT|[3]|Schema.SObjectType.getDescribe()
15:13:36.2 (25215692)|LIMIT_USAGE|[3]|RECORD_TYPE_DESCRIBES|2|100
15:13:36.2 (25235031)|HEAP_ALLOCATE|[3]|Bytes:16
15:13:36.2 (25241055)|HEAP_ALLOCATE|[3]|Bytes:4
15:13:36.2 (25256895)|SYSTEM_METHOD_ENTRY|[3]|Map<String,Schema.RecordTypeInfo>.get(Object)
15:13:36.2 (25272055)|SYSTEM_METHOD_EXIT|[3]|Map<String,Schema.RecordTypeInfo>.get(Object)
15:13:36.2 (25298484)|HEAP_ALLOCATE|[3]|Bytes:4
15:13:36.2 (25307094)|HEAP_ALLOCATE|[3]|Bytes:18
15:13:36.2 (25318800)|VARIABLE_ASSIGNMENT|[3]|OpportunityService.KCRARecordTypeID|"012O0000000DCgGIAW"
15:13:36.2 (25337960)|METHOD_EXIT|[1]|OpportunityService
15:13:36.2 (25372519)|METHOD_ENTRY|[70]|01pO00000003HOS|OpportunityService.getGateNumber(String)
15:13:36.2 (25413322)|VARIABLE_SCOPE_BEGIN|[183]|stage|String|false|false
15:13:36.2 (25424087)|VARIABLE_ASSIGNMENT|[183]|stage|"Gate 3"
15:13:36.2 (25435534)|HEAP_ALLOCATE|[184]|Bytes:5
15:13:36.2 (25439737)|STATEMENT_EXECUTE|[183]
15:13:36.2 (25443573)|HEAP_ALLOCATE|[184]|Bytes:6
15:13:36.2 (25483939)|HEAP_ALLOCATE|[185]|Bytes:6
15:13:36.2 (25501083)|HEAP_ALLOCATE|[186]|Bytes:6
15:13:36.2 (25516489)|STATEMENT_EXECUTE|[186]
15:13:36.2 (25522221)|HEAP_ALLOCATE|[186]|Bytes:1
15:13:36.2 (25536816)|METHOD_EXIT|[70]|01pO00000003HOS|OpportunityService.getGateNumber(String)
15:13:36.2 (27934523)|SOQL_EXECUTE_BEGIN|[68]|Aggregations:0|SELECT id FROM Gate__c WHERE (Opportunity__c = :tmpVar1 AND Gate_Number__c = :tmpVar2) ORDER BY CreatedDate DESC NULLS FIRST LIMIT 1
15:13:36.2 (27948810)|LIMIT_USAGE|[68]|SOQL|1|100
15:13:36.2 (27959438)|LIMIT_USAGE|[68]|AGGS|0|300
15:13:36.2 (63890856)|SOQL_EXECUTE_END|[68]|Rows:1
15:13:36.2 (63914439)|LIMIT_USAGE|[68]|SOQL_ROWS|1|50000
15:13:36.2 (63948671)|HEAP_ALLOCATE|[68]|Bytes:8
15:13:36.2 (63974305)|HEAP_ALLOCATE|[68]|Bytes:29
15:13:36.2 (64086891)|HEAP_ALLOCATE|[68]|Bytes:8
15:13:36.2 (64112833)|HEAP_ALLOCATE|[68]|Bytes:33
15:13:36.2 (64209752)|HEAP_ALLOCATE|[68]|Bytes:8
15:13:36.2 (64223493)|VARIABLE_SCOPE_BEGIN|[68]|latestGateId|Gate__c|true|false
15:13:36.2 (64264234)|VARIABLE_ASSIGNMENT|[68]|latestGateId|{"Id":"a0nO0000003xe14IAA"}|0x156b739
15:13:36.2 (64273086)|STATEMENT_EXECUTE|[75]
15:13:36.2 (64280494)|HEAP_ALLOCATE|[75]|Bytes:240
15:13:36.2 (64295454)|HEAP_ALLOCATE|[75]|Bytes:4
15:13:36.2 (67076796)|SOQL_EXECUTE_BEGIN|[75]|Aggregations:0|SELECT Approver__r.Name, Approval_Level__c, Gate__c, Approval_Status__c, Wet_Signature_Received__c, Wet_Signature_Date__c, Approval_Comments__c, CreatedDate FROM Assigned_Approver__c WHERE Gate__c = :tmpVar1 ORDER BY Gate__c ASC NULLS FIRST
15:13:36.2 (67087830)|LIMIT_USAGE|[75]|SOQL|2|100
15:13:36.2 (67096697)|LIMIT_USAGE|[75]|AGGS|0|300
15:13:36.2 (141248473)|SOQL_EXECUTE_END|[75]|Rows:3
15:13:36.2 (141271226)|LIMIT_USAGE|[75]|SOQL_ROWS|4|50000
15:13:36.2 (141302585)|HEAP_ALLOCATE|[75]|Bytes:16
15:13:36.2 (141336937)|HEAP_ALLOCATE|[75]|Bytes:773
15:13:36.2 (141408148)|HEAP_ALLOCATE|[75]|Bytes:16
15:13:36.2 (141436758)|VARIABLE_SCOPE_BEGIN|[75]|allApprovers|List<Assigned_Approver__c>|true|false
15:13:36.2 (141559063)|VARIABLE_ASSIGNMENT|[75]|allApprovers|[{"Approver__c":"005O0000003t7anIAA","Approval_Level__c":"3","Gate__c":"a0nO0000003xe14IAA","Approval_Status__c":"Assigned Pending App (5 more) ...","Wet_Signature_Receiv (5 more) ...":false,"CreatedDate":"2017-04-05T05:12:31.000Z","Id":"a0oO0000002tf8pIAA","Approver__r":{"Name":"Ricky Lowe","Id":"005O0000003t7anIAA"}},{"Approver__c":"005O0000003t7anIAA","Approval_Level__c":"1","Gate__c":"a0nO0000003xe14IAA","Approval_Status__c":"Assigned Pending App (5 more) ...","Wet_Signature_Receiv (5 more) ...":false,"CreatedDate":"2017-04-05T05:12:31.000Z","Id":"a0oO0000002tf8qIAA","Approver__r":{"Name":"Ricky Lowe","Id":"005O0000003t7anIAA"}},{"Approver__c":"005O0000003uaVKIAY","Approval_Level__c":"2","Gate__c":"a0nO0000003xe14IAA","Approval_Status__c":"Assigned Pending App (5 more) ...","Wet_Signature_Receiv (5 more) ...":false,"CreatedDate":"2017-04-05T05:12:31.000Z","Id":"a0oO0000002tf8rIAA","Approver__r":{"Name":"Ricky Test","Id":"005O0000003uaVKIAY"}}]|0x35a68de8
15:13:36.2 (141575164)|STATEMENT_EXECUTE|[83]
15:13:36.2 (141594028)|SYSTEM_MODE_EXIT|false
15:13:36.141 (141631241)|CUMULATIVE_LIMIT_USAGE
15:13:36.141 (141631241)|LIMIT_USAGE_FOR_NS|(default)|
  Number of SOQL queries: 2 out of 100
  Number of query rows: 4 out of 50000
  Number of SOSL queries: 0 out of 20
  Number of DML statements: 0 out of 150
  Number of DML rows: 0 out of 10000
  Maximum CPU time: 0 out of 10000
  Maximum heap size: 0 out of 6000000
  Number of callouts: 0 out of 100
  Number of Email Invocations: 0 out of 10
  Number of future calls: 0 out of 50
  Number of queueable jobs added to the queue: 0 out of 50
  Number of Mobile Apex push calls: 0 out of 10

15:13:36.141 (141631241)|TOTAL_EMAIL_RECIPIENTS_QUEUED|0
15:13:36.141 (141631241)|STATIC_VARIABLE_LIST|
  char[]:DigitTens:0
  long:serialVersionUID:0
  String:_static_KCRATemplateRecordTypeID:0
  long:serialVersionUID:0
  double:MAX_VALUE:0
  Boolean:FALSE:0
  long:serialVersionUID:0
  double:MIN_VALUE:0
  int:SIZE:0
  double:NEGATIVE_INFINITY:0
  int:MAX_VALUE:0
  String:_sfdcSuppressedCodeLocations:0
  char[]:digits:0
  double:NaN:0
  Boolean:TRUE:0
  int:MIN_VALUE:0
  String:_static_KCRARecordTypeID:0
  char[]:DigitOnes:0
  String:_sfdcAdditionalCodeLocations:0
  int:BYTES:0
  int:MIN_EXPONENT:0
  int[]:sizeTable:0
  int:MAX_EXPONENT:0
  int:SIZE:0
  double:POSITIVE_INFINITY:0
  String:_sfdcAdditionalCodeLocations:0
  double:MIN_NORMAL:0
  int:BYTES:0

15:13:36.141 (141631241)|CUMULATIVE_LIMIT_USAGE_END

15:13:36.2 (141837293)|CODE_UNIT_FINISHED|ApprovalController.getAssignedApprovers
15:13:36.2 (160939711)|EXECUTION_FINISHED
15:13:36.186 (186366435)|CUMULATIVE_PROFILING_BEGIN
15:13:36.186 (186366435)|CUMULATIVE_PROFILING|SOQL operations|
Class.ApprovalController.getAssignedApprovers: line 75, column 1: [SELECT Approver__r.Name, Approval_Level__c,Gate__c,Approval_Status__c,
                                                            Wet_Signature_Received__c, Wet_Signature_Date__c,
                                                            Approval_Comments__c,CreatedDate
                                                    from Assigned_Approver__c
                                                    where Gate__c = :latestGateID.id
                                                    order by Gate__c]: executed 1 time in 77 ms
Class.ApprovalController.getAssignedApprovers: line 68, column 1: [SELECT id FROM Gate__c 
                              where Opportunity__c = : opp.Id 
                              and Gate_Number__c = :OpportunityService.getGateNumber(opp.StageName)
                              ORDER BY CreatedDate DESC
                              LIMIT 1]: executed 1 time in 38 ms

15:13:36.186 (186366435)|CUMULATIVE_PROFILING|No profiling information for SOSL operations
15:13:36.186 (186366435)|CUMULATIVE_PROFILING|No profiling information for DML operations
15:13:36.186 (186366435)|CUMULATIVE_PROFILING|method invocations|
External entry point: public static List<Assigned_Approver__c> getAssignedApprovers(Opportunity): executed 1 time in 139 ms
Class.ApprovalController.getAssignedApprovers: line 70, column 1: public static String getGateNumber(String): executed 1 time in 0 ms
Class.OpportunityService: line 2, column 1: global Schema.DescribeSObjectResult getDescribe(): executed 2 times in 0 ms
Class.OpportunityService: line 3, column 1: global Schema.DescribeSObjectResult getDescribe(): executed 2 times in 0 ms

15:13:36.186 (186366435)|CUMULATIVE_PROFILING_END
