39.0 APEX_CODE,FINEST;APEX_PROFILING,FINEST;CALLOUT,NONE;DB,FINEST;SYSTEM,FINE;VALIDATION,INFO;VISUALFORCE,INFO;WAVE,INFO;WORKFLOW,FINER
16:57:03.0 (518404)|USER_INFO|[EXTERNAL]|005O0000003t7an|ricky.lowe@jhg.com.au.pcphase2|Australian Eastern Standard Time|GMT+10:00
16:57:03.0 (552656)|EXECUTION_STARTED
16:57:03.0 (560117)|CODE_UNIT_STARTED|[EXTERNAL]|01pO00000003MVy|ApprovalController.getAssignedApprovers
16:57:03.0 (836819)|HEAP_ALLOCATE|[72]|Bytes:3
16:57:03.0 (878967)|HEAP_ALLOCATE|[77]|Bytes:152
16:57:03.0 (897752)|HEAP_ALLOCATE|[342]|Bytes:408
16:57:03.0 (917114)|HEAP_ALLOCATE|[355]|Bytes:408
16:57:03.0 (942006)|HEAP_ALLOCATE|[467]|Bytes:48
16:57:03.0 (972694)|HEAP_ALLOCATE|[139]|Bytes:6
16:57:03.0 (990404)|HEAP_ALLOCATE|[EXTERNAL]|Bytes:8
16:57:03.0 (994750)|HEAP_ALLOCATE|[EXTERNAL]|Bytes:8
16:57:03.0 (1002957)|METHOD_ENTRY|[1]|01pO00000003MVy|ApprovalController.ApprovalController()
16:57:03.0 (1007983)|STATEMENT_EXECUTE|[1]
16:57:03.0 (1012947)|STATEMENT_EXECUTE|[1]
16:57:03.0 (1018105)|METHOD_EXIT|[1]|ApprovalController
16:57:03.0 (1029095)|HEAP_ALLOCATE|[EXTERNAL]|Bytes:72
16:57:03.0 (1037594)|SYSTEM_MODE_ENTER|false
16:57:03.0 (1049504)|VARIABLE_SCOPE_BEGIN|[67]|opp|Opportunity|true|false
16:57:03.0 (1103974)|VARIABLE_ASSIGNMENT|[67]|opp|{"Total_Budget_EOI_PQ_ (2 more) ...":0,"Total_Budget_AUD__c":0,"TSF_Gate_Status__c":"Not Applicable","StageName":"Gate 3","Net_Budget_Post_Tend (5 more) ...":0,"Net_Budget_EOI_PQ__c":0,"Apply_Default_Bondin (4 more) ...":false,"Gate_Status__c":"In Progress","Is_Gate_4_To_5__c":false,"Name":"RL Test Opp 2017-04- (11 more) ...","Is_Gate_1_To_3__c":true,"Net_Budget_Amount__c":0,"Total_Budget_Tender_ (2 more) ...":0,"Total_Budget_Post_Te (7 more) ...":0,"Net_Budget_Tender__c":0,"CRA_Gate_Status__c":"Not Applicable","Id":"006O0000008lQ1SIAU"}|0x30a230a4
16:57:03.0 (1116332)|STATEMENT_EXECUTE|[67]
16:57:03.0 (1117919)|STATEMENT_EXECUTE|[68]
16:57:03.0 (1121235)|HEAP_ALLOCATE|[68]|Bytes:132
16:57:03.0 (1131821)|HEAP_ALLOCATE|[68]|Bytes:4
16:57:03.0 (1143064)|HEAP_ALLOCATE|[68]|Bytes:7
16:57:03.0 (1190311)|HEAP_ALLOCATE|[68]|Bytes:7
16:57:03.0 (5627346)|VARIABLE_SCOPE_BEGIN|[3]|opportunityService.KCRARecordTypeID|String|false|true
16:57:03.0 (5638659)|VARIABLE_SCOPE_BEGIN|[2]|opportunityService.KCRATemplateRecordTypeID|String|false|true
16:57:03.0 (5655677)|HEAP_ALLOCATE|[70]|Bytes:31
16:57:03.0 (5697199)|METHOD_ENTRY|[1]|01pO00000003HOS|opportunityService.opportunityService()
16:57:03.0 (5701218)|STATEMENT_EXECUTE|[1]
16:57:03.0 (5706710)|STATEMENT_EXECUTE|[1]
16:57:03.0 (5741799)|HEAP_ALLOCATE|[50]|Bytes:5
16:57:03.0 (5771918)|HEAP_ALLOCATE|[56]|Bytes:5
16:57:03.0 (5783061)|HEAP_ALLOCATE|[64]|Bytes:7
16:57:03.0 (5811236)|HEAP_ALLOCATE|[2]|Bytes:5
16:57:03.0 (5817649)|STATEMENT_EXECUTE|[2]
16:57:03.0 (5821000)|HEAP_ALLOCATE|[2]|Bytes:33
16:57:03.0 (5898709)|SYSTEM_METHOD_ENTRY|[2]|Schema.SObjectType.getDescribe()
16:57:03.0 (6639032)|HEAP_ALLOCATE|[2]|Bytes:4
16:57:03.0 (6650890)|SYSTEM_METHOD_EXIT|[2]|Schema.SObjectType.getDescribe()
16:57:03.0 (6676977)|LIMIT_USAGE|[2]|RECORD_TYPE_DESCRIBES|1|100
16:57:03.0 (11129036)|HEAP_ALLOCATE|[2]|Bytes:16
16:57:03.0 (11140146)|HEAP_ALLOCATE|[2]|Bytes:13
16:57:03.0 (11191996)|SYSTEM_METHOD_ENTRY|[2]|Map<String,Schema.RecordTypeInfo>.get(Object)
16:57:03.0 (11280000)|SYSTEM_METHOD_EXIT|[2]|Map<String,Schema.RecordTypeInfo>.get(Object)
16:57:03.0 (11311115)|HEAP_ALLOCATE|[2]|Bytes:4
16:57:03.0 (11330512)|HEAP_ALLOCATE|[2]|Bytes:18
16:57:03.0 (11352643)|VARIABLE_ASSIGNMENT|[2]|opportunityService.KCRATemplateRecordTypeID|"012O0000000DCgLIAW"
16:57:03.0 (11355885)|STATEMENT_EXECUTE|[3]
16:57:03.0 (11390806)|SYSTEM_METHOD_ENTRY|[3]|Schema.SObjectType.getDescribe()
16:57:03.0 (11413986)|HEAP_ALLOCATE|[3]|Bytes:4
16:57:03.0 (11420372)|SYSTEM_METHOD_EXIT|[3]|Schema.SObjectType.getDescribe()
16:57:03.0 (11432845)|LIMIT_USAGE|[3]|RECORD_TYPE_DESCRIBES|2|100
16:57:03.0 (11447173)|HEAP_ALLOCATE|[3]|Bytes:16
16:57:03.0 (11452960)|HEAP_ALLOCATE|[3]|Bytes:4
16:57:03.0 (11468831)|SYSTEM_METHOD_ENTRY|[3]|Map<String,Schema.RecordTypeInfo>.get(Object)
16:57:03.0 (11483235)|SYSTEM_METHOD_EXIT|[3]|Map<String,Schema.RecordTypeInfo>.get(Object)
16:57:03.0 (11501289)|HEAP_ALLOCATE|[3]|Bytes:4
16:57:03.0 (11508529)|HEAP_ALLOCATE|[3]|Bytes:18
16:57:03.0 (11518849)|VARIABLE_ASSIGNMENT|[3]|opportunityService.KCRARecordTypeID|"012O0000000DCgGIAW"
16:57:03.0 (11530613)|METHOD_EXIT|[1]|opportunityService
16:57:03.0 (11556037)|METHOD_ENTRY|[70]|01pO00000003HOS|opportunityService.getGateNumber(String)
16:57:03.0 (11582472)|VARIABLE_SCOPE_BEGIN|[155]|stage|String|false|false
16:57:03.0 (11590525)|VARIABLE_ASSIGNMENT|[155]|stage|"Gate 3"
16:57:03.0 (11599800)|HEAP_ALLOCATE|[156]|Bytes:5
16:57:03.0 (11603893)|STATEMENT_EXECUTE|[155]
16:57:03.0 (11607481)|HEAP_ALLOCATE|[156]|Bytes:6
16:57:03.0 (11629933)|HEAP_ALLOCATE|[157]|Bytes:6
16:57:03.0 (11638212)|HEAP_ALLOCATE|[158]|Bytes:6
16:57:03.0 (11645022)|STATEMENT_EXECUTE|[158]
16:57:03.0 (11647530)|HEAP_ALLOCATE|[158]|Bytes:1
16:57:03.0 (11655888)|METHOD_EXIT|[70]|01pO00000003HOS|opportunityService.getGateNumber(String)
16:57:03.0 (14317676)|SOQL_EXECUTE_BEGIN|[68]|Aggregations:0|SELECT id FROM Gate__c WHERE (Opportunity__c = :tmpVar1 AND Gate_Number__c = :tmpVar2) ORDER BY CreatedDate DESC NULLS FIRST LIMIT 1
16:57:03.0 (14327158)|LIMIT_USAGE|[68]|SOQL|1|100
16:57:03.0 (14333627)|LIMIT_USAGE|[68]|AGGS|0|300
16:57:03.0 (38564844)|SOQL_EXECUTE_END|[68]|Rows:1
16:57:03.0 (38581468)|LIMIT_USAGE|[68]|SOQL_ROWS|1|50000
16:57:03.0 (38607313)|HEAP_ALLOCATE|[68]|Bytes:8
16:57:03.0 (38631993)|HEAP_ALLOCATE|[68]|Bytes:29
16:57:03.0 (38758143)|HEAP_ALLOCATE|[68]|Bytes:8
16:57:03.0 (38781440)|HEAP_ALLOCATE|[68]|Bytes:33
16:57:03.0 (38866810)|HEAP_ALLOCATE|[68]|Bytes:8
16:57:03.0 (38880127)|VARIABLE_SCOPE_BEGIN|[68]|latestGateId|Gate__c|true|false
16:57:03.0 (38912954)|VARIABLE_ASSIGNMENT|[68]|latestGateId|{"Id":"a0nO0000003xYjnIAE"}|0x7770d960
16:57:03.0 (38920029)|STATEMENT_EXECUTE|[75]
16:57:03.0 (38933471)|HEAP_ALLOCATE|[75]|Bytes:240
16:57:03.0 (38946328)|HEAP_ALLOCATE|[75]|Bytes:4
16:57:03.0 (41982815)|SOQL_EXECUTE_BEGIN|[75]|Aggregations:0|SELECT Approver__r.Name, Approval_Level__c, Gate__c, Approval_Status__c, Wet_Signature_Received__c, Wet_Signature_Date__c, Approval_Comments__c, CreatedDate FROM Assigned_Approver__c WHERE Gate__c = :tmpVar1 ORDER BY Gate__c ASC NULLS FIRST
16:57:03.0 (41996249)|LIMIT_USAGE|[75]|SOQL|2|100
16:57:03.0 (42006562)|LIMIT_USAGE|[75]|AGGS|0|300
16:57:03.0 (57325251)|SOQL_EXECUTE_END|[75]|Rows:3
16:57:03.0 (57341557)|LIMIT_USAGE|[75]|SOQL_ROWS|4|50000
16:57:03.0 (57366038)|HEAP_ALLOCATE|[75]|Bytes:16
16:57:03.0 (57395570)|HEAP_ALLOCATE|[75]|Bytes:769
16:57:03.0 (57443667)|HEAP_ALLOCATE|[75]|Bytes:16
16:57:03.0 (57467485)|VARIABLE_SCOPE_BEGIN|[75]|allApprovers|List<Assigned_Approver__c>|true|false
16:57:03.0 (57568400)|VARIABLE_ASSIGNMENT|[75]|allApprovers|[{"Approver__c":"005O0000003t7anIAA","Approval_Level__c":"3","Gate__c":"a0nO0000003xYjnIAE","Approval_Status__c":"Approved","Wet_Signature_Receiv (5 more) ...":false,"CreatedDate":"2017-04-03T06:49:02.000Z","Id":"a0oO0000002tceCIAQ","Approver__r":{"Name":"Ricky Lowe","Id":"005O0000003t7anIAA"}},{"Approver__c":"00528000004d3msAAA","Approval_Level__c":"1","Gate__c":"a0nO0000003xYjnIAE","Approval_Status__c":"Approved","Wet_Signature_Receiv (5 more) ...":false,"CreatedDate":"2017-04-03T06:49:02.000Z","Id":"a0oO0000002tceDIAQ","Approver__r":{"Name":"Brian Low","Id":"00528000004d3msAAA"}},{"Approver__c":"00528000006BVWuAAO","Approval_Level__c":"2","Gate__c":"a0nO0000003xYjnIAE","Approval_Status__c":"Approved","Wet_Signature_Receiv (5 more) ...":false,"CreatedDate":"2017-04-03T06:49:02.000Z","Id":"a0oO0000002tceEIAQ","Approver__r":{"Name":"David Bazley","Id":"00528000006BVWuAAO"}}]|0x3ec4b5be
16:57:03.0 (57580566)|STATEMENT_EXECUTE|[83]
16:57:03.0 (57594632)|SYSTEM_MODE_EXIT|false
16:57:03.57 (57628166)|CUMULATIVE_LIMIT_USAGE
16:57:03.57 (57628166)|LIMIT_USAGE_FOR_NS|(default)|
  Number of SOQL queries: 2 out of 100
  Number of query rows: 4 out of 50000
  Number of SOSL queries: 0 out of 20
  Number of DML statements: 0 out of 150
  Number of DML rows: 0 out of 10000
  Maximum CPU time: 0 out of 10000
  Maximum heap size: 0 out of 6000000
  Number of callouts: 0 out of 100
  Number of Email Invocations: 0 out of 10
  Number of future calls: 0 out of 50
  Number of queueable jobs added to the queue: 0 out of 50
  Number of Mobile Apex push calls: 0 out of 10

16:57:03.57 (57628166)|TOTAL_EMAIL_RECIPIENTS_QUEUED|0
16:57:03.57 (57628166)|STATIC_VARIABLE_LIST|
  char[]:DigitTens:0
  long:serialVersionUID:0
  long:serialVersionUID:0
  double:MAX_VALUE:0
  Boolean:FALSE:0
  long:serialVersionUID:0
  double:MIN_VALUE:0
  int:SIZE:0
  double:NEGATIVE_INFINITY:0
  String:_static_KCRARecordTypeID:0
  int:MAX_VALUE:0
  String:_sfdcSuppressedCodeLocations:0
  char[]:digits:0
  double:NaN:0
  Boolean:TRUE:0
  String:_static_KCRATemplateRecordTypeID:0
  int:MIN_VALUE:0
  char[]:DigitOnes:0
  int:BYTES:0
  int:MIN_EXPONENT:0
  int[]:sizeTable:0
  String:_sfdcAdditionalCodeLocations:0
  int:MAX_EXPONENT:0
  int:SIZE:0
  double:POSITIVE_INFINITY:0
  String:_sfdcAdditionalCodeLocations:0
  double:MIN_NORMAL:0
  int:BYTES:0

16:57:03.57 (57628166)|CUMULATIVE_LIMIT_USAGE_END

16:57:03.0 (57793861)|CODE_UNIT_FINISHED|ApprovalController.getAssignedApprovers
16:57:03.0 (60077226)|EXECUTION_FINISHED
16:57:03.66 (66467402)|CUMULATIVE_PROFILING_BEGIN
16:57:03.66 (66467402)|CUMULATIVE_PROFILING|SOQL operations|
Class.ApprovalController.getAssignedApprovers: line 68, column 1: [SELECT id FROM Gate__c 
                              where Opportunity__c = : opp.Id 
                              and Gate_Number__c = :OpportunityService.getGateNumber(opp.StageName)
                              ORDER BY CreatedDate DESC
                              LIMIT 1]: executed 1 time in 27 ms
Class.ApprovalController.getAssignedApprovers: line 75, column 1: [SELECT Approver__r.Name, Approval_Level__c,Gate__c,Approval_Status__c,
                                                            Wet_Signature_Received__c, Wet_Signature_Date__c,
                                                            Approval_Comments__c,CreatedDate
                                                    from Assigned_Approver__c
                                                    where Gate__c = :latestGateID.id
                                                    order by Gate__c]: executed 1 time in 18 ms

16:57:03.66 (66467402)|CUMULATIVE_PROFILING|No profiling information for SOSL operations
16:57:03.66 (66467402)|CUMULATIVE_PROFILING|No profiling information for DML operations
16:57:03.66 (66467402)|CUMULATIVE_PROFILING|method invocations|
External entry point: public static List<Assigned_Approver__c> getAssignedApprovers(Opportunity): executed 1 time in 56 ms
Class.opportunityService: line 2, column 1: global Schema.DescribeSObjectResult getDescribe(): executed 2 times in 1 ms
Class.ApprovalController.getAssignedApprovers: line 70, column 1: public static String getGateNumber(String): executed 1 time in 1 ms
Class.opportunityService: line 3, column 1: global Schema.DescribeSObjectResult getDescribe(): executed 2 times in 0 ms

16:57:03.66 (66467402)|CUMULATIVE_PROFILING_END
