39.0 APEX_CODE,FINEST;APEX_PROFILING,FINEST;CALLOUT,NONE;DB,FINEST;SYSTEM,FINE;VALIDATION,INFO;VISUALFORCE,INFO;WAVE,INFO;WORKFLOW,FINER
11:40:52.1 (1271896)|USER_INFO|[EXTERNAL]|005O0000003t7an|ricky.lowe@jhg.com.au.pcphase2|Australian Eastern Standard Time|GMT+10:00
11:40:52.1 (1305245)|EXECUTION_STARTED
11:40:52.1 (1311410)|CODE_UNIT_STARTED|[EXTERNAL]|aura
11:40:52.1 (1743400)|HEAP_ALLOCATE|[72]|Bytes:3
11:40:52.1 (1809188)|HEAP_ALLOCATE|[77]|Bytes:152
11:40:52.1 (1838760)|HEAP_ALLOCATE|[342]|Bytes:408
11:40:52.1 (1868236)|HEAP_ALLOCATE|[355]|Bytes:408
11:40:52.1 (1899961)|HEAP_ALLOCATE|[467]|Bytes:48
11:40:52.1 (1941884)|HEAP_ALLOCATE|[139]|Bytes:6
11:40:52.1 (1971822)|HEAP_ALLOCATE|[EXTERNAL]|Bytes:18
11:40:52.1 (1981069)|HEAP_ALLOCATE|[EXTERNAL]|Bytes:18
11:40:52.1 (3866221)|CODE_UNIT_STARTED|[EXTERNAL]|01pO00000003MVy|ApprovalController.getOpportunityRecord
11:40:52.1 (3972075)|HEAP_ALLOCATE|[EXTERNAL]|Bytes:8
11:40:52.1 (3977763)|HEAP_ALLOCATE|[EXTERNAL]|Bytes:8
11:40:52.1 (3986174)|METHOD_ENTRY|[1]|01pO00000003MVy|ApprovalController.ApprovalController()
11:40:52.1 (3990145)|STATEMENT_EXECUTE|[1]
11:40:52.1 (3996536)|STATEMENT_EXECUTE|[1]
11:40:52.1 (4002257)|METHOD_EXIT|[1]|ApprovalController
11:40:52.1 (4006656)|HEAP_ALLOCATE|[EXTERNAL]|Bytes:18
11:40:52.1 (4018535)|SYSTEM_MODE_ENTER|false
11:40:52.1 (4027459)|VARIABLE_SCOPE_BEGIN|[15]|opportunityId|String|false|false
11:40:52.1 (4050083)|VARIABLE_ASSIGNMENT|[15]|opportunityId|"006O0000008lbG0IAI"
11:40:52.1 (4059299)|STATEMENT_EXECUTE|[15]
11:40:52.1 (4060888)|STATEMENT_EXECUTE|[18]
11:40:52.1 (4063614)|HEAP_ALLOCATE|[18]|Bytes:589
11:40:52.1 (4077664)|HEAP_ALLOCATE|[18]|Bytes:4
11:40:52.1 (4092286)|HEAP_ALLOCATE|[18]|Bytes:7
11:40:52.1 (4143138)|HEAP_ALLOCATE|[50]|Bytes:5
11:40:52.1 (4168682)|HEAP_ALLOCATE|[56]|Bytes:5
11:40:52.1 (4188080)|HEAP_ALLOCATE|[64]|Bytes:7
11:40:52.1 (5258070)|SOQL_EXECUTE_BEGIN|[18]|Aggregations:0|SELECT Id, name, Gate_Status__c, TSF_Gate_Status__c, CRA_Gate_Status__c, StageName, Competitor_Analysis_General_Comments__c, Are_there_any_critical_risks__c, Has_CRA_changed_since_last_approval__c, Has_TSF_changed_since_last_approval__c, Apply_Default_Bonding__c, Conversion_Budget_Comments__c, Is_Gate_1_To_3__c, Is_Gate_4_To_5__c, Net_Budget_EOI_PQ__c, Net_Budget_Post_Tender__c, Net_Budget_Tender__c, Net_Budget_Amount__c, Total_Budget_EOI_PQ__c, Total_Budget_Tender__c, Total_Budget_AUD__c, Total_Budget_Post_Tender__c, JH_Bid_Cost_of_JH_Revenue__c FROM Opportunity WHERE Id = :tmpVar1
11:40:52.1 (5272605)|LIMIT_USAGE|[18]|SOQL|1|100
11:40:52.1 (5282127)|LIMIT_USAGE|[18]|AGGS|0|300
11:40:52.1 (36683591)|SOQL_EXECUTE_END|[18]|Rows:1
11:40:52.1 (36701738)|LIMIT_USAGE|[18]|SOQL_ROWS|1|50000
11:40:52.1 (36731909)|HEAP_ALLOCATE|[18]|Bytes:8
11:40:52.1 (36752827)|HEAP_ALLOCATE|[18]|Bytes:765
11:40:52.1 (36903592)|HEAP_ALLOCATE|[18]|Bytes:8
11:40:52.1 (36937575)|VARIABLE_SCOPE_BEGIN|[18]|allOpps|List<Opportunity>|true|false
11:40:52.1 (36995679)|VARIABLE_ASSIGNMENT|[18]|allOpps|[{"Id":"006O0000008lbG0IAI","Name":"RL Test Opp 2017-04- (11 more) ...","Gate_Status__c":"Not Started","TSF_Gate_Status__c":"Not Applicable","CRA_Gate_Status__c":"Not Applicable","StageName":"Gate 3","Apply_Default_Bondin (4 more) ...":false,"Is_Gate_1_To_3__c":true,"Is_Gate_4_To_5__c":false,"Net_Budget_EOI_PQ__c":0,"Net_Budget_Post_Tend (5 more) ...":0,"Net_Budget_Tender__c":0,"Net_Budget_Amount__c":0,"Total_Budget_EOI_PQ_ (2 more) ...":0,"Total_Budget_Tender_ (2 more) ...":0,"Total_Budget_AUD__c":0,"Total_Budget_Post_Te (7 more) ...":0}]|0x41456202
11:40:52.1 (37004472)|STATEMENT_EXECUTE|[38]
11:40:52.1 (37021900)|SYSTEM_MODE_EXIT|false
11:40:52.37 (37051795)|CUMULATIVE_LIMIT_USAGE
11:40:52.37 (37051795)|LIMIT_USAGE_FOR_NS|(default)|
  Number of SOQL queries: 1 out of 100
  Number of query rows: 1 out of 50000
  Number of SOSL queries: 0 out of 20
  Number of DML statements: 0 out of 150
  Number of DML rows: 0 out of 10000
  Maximum CPU time: 0 out of 10000
  Maximum heap size: 0 out of 6000000
  Number of callouts: 0 out of 100
  Number of Email Invocations: 0 out of 10
  Number of future calls: 0 out of 50
  Number of queueable jobs added to the queue: 0 out of 50
  Number of Mobile Apex push calls: 0 out of 10

11:40:52.37 (37051795)|TOTAL_EMAIL_RECIPIENTS_QUEUED|0
11:40:52.37 (37051795)|STATIC_VARIABLE_LIST|
  char[]:DigitTens:0
  long:serialVersionUID:0
  long:serialVersionUID:0
  double:MAX_VALUE:0
  Boolean:FALSE:0
  long:serialVersionUID:0
  double:MIN_VALUE:0
  int:SIZE:0
  double:NEGATIVE_INFINITY:0
  int:MAX_VALUE:0
  String:_sfdcSuppressedCodeLocations:0
  char[]:digits:0
  double:NaN:0
  Boolean:TRUE:0
  int:MIN_VALUE:0
  char[]:DigitOnes:0
  int:BYTES:0
  int:MIN_EXPONENT:0
  int[]:sizeTable:0
  int:MAX_EXPONENT:0
  int:SIZE:0
  double:POSITIVE_INFINITY:0
  String:_sfdcAdditionalCodeLocations:0
  double:MIN_NORMAL:0
  int:BYTES:0

11:40:52.37 (37051795)|CUMULATIVE_LIMIT_USAGE_END

11:40:52.1 (37196704)|CODE_UNIT_FINISHED|ApprovalController.getOpportunityRecord
11:40:52.1 (68821963)|HEAP_ALLOCATE|[EXTERNAL]|Bytes:18
11:40:52.1 (68844436)|HEAP_ALLOCATE|[EXTERNAL]|Bytes:18
11:40:52.1 (71135384)|CODE_UNIT_STARTED|[EXTERNAL]|01pO00000003MVy|ApprovalController.getOpportunityRecord
11:40:52.1 (71186697)|HEAP_ALLOCATE|[EXTERNAL]|Bytes:18
11:40:52.1 (71205616)|SYSTEM_MODE_ENTER|false
11:40:52.1 (71219921)|VARIABLE_SCOPE_BEGIN|[15]|opportunityId|String|false|false
11:40:52.1 (71238343)|VARIABLE_ASSIGNMENT|[15]|opportunityId|"006O0000008lbG0IAI"
11:40:52.1 (71254663)|STATEMENT_EXECUTE|[15]
11:40:52.1 (71257400)|STATEMENT_EXECUTE|[18]
11:40:52.1 (71270545)|HEAP_ALLOCATE|[18]|Bytes:4
11:40:52.1 (71858726)|SOQL_EXECUTE_BEGIN|[18]|Aggregations:0|SELECT Id, name, Gate_Status__c, TSF_Gate_Status__c, CRA_Gate_Status__c, StageName, Competitor_Analysis_General_Comments__c, Are_there_any_critical_risks__c, Has_CRA_changed_since_last_approval__c, Has_TSF_changed_since_last_approval__c, Apply_Default_Bonding__c, Conversion_Budget_Comments__c, Is_Gate_1_To_3__c, Is_Gate_4_To_5__c, Net_Budget_EOI_PQ__c, Net_Budget_Post_Tender__c, Net_Budget_Tender__c, Net_Budget_Amount__c, Total_Budget_EOI_PQ__c, Total_Budget_Tender__c, Total_Budget_AUD__c, Total_Budget_Post_Tender__c, JH_Bid_Cost_of_JH_Revenue__c FROM Opportunity WHERE Id = :tmpVar1
11:40:52.1 (71871661)|LIMIT_USAGE|[18]|SOQL|2|100
11:40:52.1 (71885881)|LIMIT_USAGE|[18]|AGGS|0|300
11:40:52.1 (82934794)|SOQL_EXECUTE_END|[18]|Rows:1
11:40:52.1 (82944010)|LIMIT_USAGE|[18]|SOQL_ROWS|2|50000
11:40:52.1 (82967241)|HEAP_ALLOCATE|[18]|Bytes:8
11:40:52.1 (82988373)|HEAP_ALLOCATE|[18]|Bytes:765
11:40:52.1 (83023742)|HEAP_ALLOCATE|[18]|Bytes:8
11:40:52.1 (83044221)|VARIABLE_SCOPE_BEGIN|[18]|allOpps|List<Opportunity>|true|false
11:40:52.1 (83090253)|VARIABLE_ASSIGNMENT|[18]|allOpps|[{"Id":"006O0000008lbG0IAI","Name":"RL Test Opp 2017-04- (11 more) ...","Gate_Status__c":"Not Started","TSF_Gate_Status__c":"Not Applicable","CRA_Gate_Status__c":"Not Applicable","StageName":"Gate 3","Apply_Default_Bondin (4 more) ...":false,"Is_Gate_1_To_3__c":true,"Is_Gate_4_To_5__c":false,"Net_Budget_EOI_PQ__c":0,"Net_Budget_Post_Tend (5 more) ...":0,"Net_Budget_Tender__c":0,"Net_Budget_Amount__c":0,"Total_Budget_EOI_PQ_ (2 more) ...":0,"Total_Budget_Tender_ (2 more) ...":0,"Total_Budget_AUD__c":0,"Total_Budget_Post_Te (7 more) ...":0}]|0x34de17d
11:40:52.1 (83097236)|STATEMENT_EXECUTE|[38]
11:40:52.1 (83110322)|SYSTEM_MODE_EXIT|false
11:40:52.83 (83132814)|CUMULATIVE_LIMIT_USAGE
11:40:52.83 (83132814)|LIMIT_USAGE_FOR_NS|(default)|
  Number of SOQL queries: 2 out of 100
  Number of query rows: 2 out of 50000
  Number of SOSL queries: 0 out of 20
  Number of DML statements: 0 out of 150
  Number of DML rows: 0 out of 10000
  Maximum CPU time: 0 out of 10000
  Maximum heap size: 0 out of 6000000
  Number of callouts: 0 out of 100
  Number of Email Invocations: 0 out of 10
  Number of future calls: 0 out of 50
  Number of queueable jobs added to the queue: 0 out of 50
  Number of Mobile Apex push calls: 0 out of 10

11:40:52.83 (83132814)|TOTAL_EMAIL_RECIPIENTS_QUEUED|0
11:40:52.83 (83132814)|STATIC_VARIABLE_LIST|
  char[]:DigitTens:0
  long:serialVersionUID:0
  long:serialVersionUID:0
  double:MAX_VALUE:0
  Boolean:FALSE:0
  long:serialVersionUID:0
  double:MIN_VALUE:0
  int:SIZE:0
  double:NEGATIVE_INFINITY:0
  int:MAX_VALUE:0
  String:_sfdcSuppressedCodeLocations:0
  char[]:digits:0
  double:NaN:0
  Boolean:TRUE:0
  int:MIN_VALUE:0
  char[]:DigitOnes:0
  int:BYTES:0
  int:MIN_EXPONENT:0
  int[]:sizeTable:0
  int:MAX_EXPONENT:0
  int:SIZE:0
  double:POSITIVE_INFINITY:0
  String:_sfdcAdditionalCodeLocations:0
  double:MIN_NORMAL:0
  int:BYTES:0

11:40:52.83 (83132814)|CUMULATIVE_LIMIT_USAGE_END

11:40:52.1 (83238762)|CODE_UNIT_FINISHED|ApprovalController.getOpportunityRecord
11:40:52.1 (106649652)|HEAP_ALLOCATE|[EXTERNAL]|Bytes:18
11:40:52.1 (106670319)|HEAP_ALLOCATE|[EXTERNAL]|Bytes:18
11:40:52.1 (109094909)|CODE_UNIT_STARTED|[EXTERNAL]|01pO00000003MVy|ApprovalController.getOpportunityRecord
11:40:52.1 (109136627)|HEAP_ALLOCATE|[EXTERNAL]|Bytes:18
11:40:52.1 (109150645)|SYSTEM_MODE_ENTER|false
11:40:52.1 (109171711)|VARIABLE_SCOPE_BEGIN|[15]|opportunityId|String|false|false
11:40:52.1 (109190646)|VARIABLE_ASSIGNMENT|[15]|opportunityId|"006O0000008lbG0IAI"
11:40:52.1 (109208302)|STATEMENT_EXECUTE|[15]
11:40:52.1 (109211705)|STATEMENT_EXECUTE|[18]
11:40:52.1 (109225791)|HEAP_ALLOCATE|[18]|Bytes:4
11:40:52.1 (109812391)|SOQL_EXECUTE_BEGIN|[18]|Aggregations:0|SELECT Id, name, Gate_Status__c, TSF_Gate_Status__c, CRA_Gate_Status__c, StageName, Competitor_Analysis_General_Comments__c, Are_there_any_critical_risks__c, Has_CRA_changed_since_last_approval__c, Has_TSF_changed_since_last_approval__c, Apply_Default_Bonding__c, Conversion_Budget_Comments__c, Is_Gate_1_To_3__c, Is_Gate_4_To_5__c, Net_Budget_EOI_PQ__c, Net_Budget_Post_Tender__c, Net_Budget_Tender__c, Net_Budget_Amount__c, Total_Budget_EOI_PQ__c, Total_Budget_Tender__c, Total_Budget_AUD__c, Total_Budget_Post_Tender__c, JH_Bid_Cost_of_JH_Revenue__c FROM Opportunity WHERE Id = :tmpVar1
11:40:52.1 (109825322)|LIMIT_USAGE|[18]|SOQL|3|100
11:40:52.1 (109835312)|LIMIT_USAGE|[18]|AGGS|0|300
11:40:52.1 (120269524)|SOQL_EXECUTE_END|[18]|Rows:1
11:40:52.1 (120281700)|LIMIT_USAGE|[18]|SOQL_ROWS|3|50000
11:40:52.1 (120299186)|HEAP_ALLOCATE|[18]|Bytes:8
11:40:52.1 (120312982)|HEAP_ALLOCATE|[18]|Bytes:765
11:40:52.1 (120343408)|HEAP_ALLOCATE|[18]|Bytes:8
11:40:52.1 (120363895)|VARIABLE_SCOPE_BEGIN|[18]|allOpps|List<Opportunity>|true|false
11:40:52.1 (120424961)|VARIABLE_ASSIGNMENT|[18]|allOpps|[{"Id":"006O0000008lbG0IAI","Name":"RL Test Opp 2017-04- (11 more) ...","Gate_Status__c":"Not Started","TSF_Gate_Status__c":"Not Applicable","CRA_Gate_Status__c":"Not Applicable","StageName":"Gate 3","Apply_Default_Bondin (4 more) ...":false,"Is_Gate_1_To_3__c":true,"Is_Gate_4_To_5__c":false,"Net_Budget_EOI_PQ__c":0,"Net_Budget_Post_Tend (5 more) ...":0,"Net_Budget_Tender__c":0,"Net_Budget_Amount__c":0,"Total_Budget_EOI_PQ_ (2 more) ...":0,"Total_Budget_Tender_ (2 more) ...":0,"Total_Budget_AUD__c":0,"Total_Budget_Post_Te (7 more) ...":0}]|0x5cc122cb
11:40:52.1 (120436811)|STATEMENT_EXECUTE|[38]
11:40:52.1 (120451972)|SYSTEM_MODE_EXIT|false
11:40:52.120 (120480602)|CUMULATIVE_LIMIT_USAGE
11:40:52.120 (120480602)|LIMIT_USAGE_FOR_NS|(default)|
  Number of SOQL queries: 3 out of 100
  Number of query rows: 3 out of 50000
  Number of SOSL queries: 0 out of 20
  Number of DML statements: 0 out of 150
  Number of DML rows: 0 out of 10000
  Maximum CPU time: 0 out of 10000
  Maximum heap size: 0 out of 6000000
  Number of callouts: 0 out of 100
  Number of Email Invocations: 0 out of 10
  Number of future calls: 0 out of 50
  Number of queueable jobs added to the queue: 0 out of 50
  Number of Mobile Apex push calls: 0 out of 10

11:40:52.120 (120480602)|TOTAL_EMAIL_RECIPIENTS_QUEUED|0
11:40:52.120 (120480602)|STATIC_VARIABLE_LIST|
  char[]:DigitTens:0
  long:serialVersionUID:0
  long:serialVersionUID:0
  double:MAX_VALUE:0
  Boolean:FALSE:0
  long:serialVersionUID:0
  double:MIN_VALUE:0
  int:SIZE:0
  double:NEGATIVE_INFINITY:0
  int:MAX_VALUE:0
  String:_sfdcSuppressedCodeLocations:0
  char[]:digits:0
  double:NaN:0
  Boolean:TRUE:0
  int:MIN_VALUE:0
  char[]:DigitOnes:0
  int:BYTES:0
  int:MIN_EXPONENT:0
  int[]:sizeTable:0
  int:MAX_EXPONENT:0
  int:SIZE:0
  double:POSITIVE_INFINITY:0
  String:_sfdcAdditionalCodeLocations:0
  double:MIN_NORMAL:0
  int:BYTES:0

11:40:52.120 (120480602)|CUMULATIVE_LIMIT_USAGE_END

11:40:52.1 (120592123)|CODE_UNIT_FINISHED|ApprovalController.getOpportunityRecord
11:40:52.1 (120826319)|HEAP_ALLOCATE|[EXTERNAL]|Bytes:18
11:40:52.1 (120836289)|HEAP_ALLOCATE|[EXTERNAL]|Bytes:18
11:40:52.1 (122737085)|CODE_UNIT_STARTED|[EXTERNAL]|01pO00000003Dck|PRAController.getAllPRARecords
11:40:52.1 (122783786)|HEAP_ALLOCATE|[EXTERNAL]|Bytes:11
11:40:52.1 (122790418)|HEAP_ALLOCATE|[EXTERNAL]|Bytes:11
11:40:52.1 (122802196)|METHOD_ENTRY|[1]|01pO00000003Dck|PRAController.PRAController()
11:40:52.1 (122805060)|STATEMENT_EXECUTE|[1]
11:40:52.1 (122809389)|STATEMENT_EXECUTE|[1]
11:40:52.1 (122817134)|METHOD_EXIT|[1]|PRAController
11:40:52.1 (122821052)|HEAP_ALLOCATE|[EXTERNAL]|Bytes:18
11:40:52.1 (122829079)|SYSTEM_MODE_ENTER|false
11:40:52.1 (122833817)|VARIABLE_SCOPE_BEGIN|[15]|opportunityId|String|false|false
11:40:52.1 (122840659)|VARIABLE_ASSIGNMENT|[15]|opportunityId|"006O0000008lbG0IAI"
11:40:52.1 (122848130)|STATEMENT_EXECUTE|[15]
11:40:52.1 (122849518)|STATEMENT_EXECUTE|[18]
11:40:52.1 (122852932)|HEAP_ALLOCATE|[18]|Bytes:508
11:40:52.1 (122864228)|HEAP_ALLOCATE|[18]|Bytes:4
11:40:52.1 (123713217)|SOQL_EXECUTE_BEGIN|[18]|Aggregations:0|SELECT Id, name, Category__c, Is_Critical_Risk__c, ItemNo__c, Mitigation_Strategy__c, Rating__c, Risk_Item__c, description__c, Help_Text_0A__c, Help_Text_0B__c, Help_Text_0C__c, Help_Text_1A__c, Help_Text_1B__c, Help_Text_1C__c, Help_Text_2A__c, Help_Text_2B__c, Help_Text_2C__c, Help_Text_3A__c, Help_Text_3B__c, Help_Text_3C__c, Mitigation_Advice__c, Selected_Indicators__c, Selected_Indicators_With_Text__c FROM Project_Risk_Assessment__c WHERE Opportunity__c = :tmpVar1 ORDER BY ItemNo__c ASC NULLS FIRST
11:40:52.1 (123723593)|LIMIT_USAGE|[18]|SOQL|4|100
11:40:52.1 (123730046)|LIMIT_USAGE|[18]|AGGS|0|300
11:40:52.1 (148864451)|SOQL_EXECUTE_END|[18]|Rows:25
11:40:52.1 (148881089)|LIMIT_USAGE|[18]|SOQL_ROWS|28|50000
11:40:52.1 (148905713)|HEAP_ALLOCATE|[18]|Bytes:104
11:40:52.1 (148969725)|HEAP_ALLOCATE|[18]|Bytes:8886
11:40:52.1 (149062724)|HEAP_ALLOCATE|[18]|Bytes:104
11:40:52.1 (149090582)|VARIABLE_SCOPE_BEGIN|[18]|allPRAs|List<Project_Risk_Assessment__c>|true|false
11:40:52.1 (149118683)|VARIABLE_ASSIGNMENT|[18]|allPRAs|"List of size 25 too large to display"|0x1a05594a
11:40:52.1 (149125030)|STATEMENT_EXECUTE|[26]
11:40:52.1 (149141048)|SYSTEM_MODE_EXIT|false
11:40:52.149 (149167458)|CUMULATIVE_LIMIT_USAGE
11:40:52.149 (149167458)|LIMIT_USAGE_FOR_NS|(default)|
  Number of SOQL queries: 4 out of 100
  Number of query rows: 28 out of 50000
  Number of SOSL queries: 0 out of 20
  Number of DML statements: 0 out of 150
  Number of DML rows: 0 out of 10000
  Maximum CPU time: 0 out of 10000
  Maximum heap size: 0 out of 6000000
  Number of callouts: 0 out of 100
  Number of Email Invocations: 0 out of 10
  Number of future calls: 0 out of 50
  Number of queueable jobs added to the queue: 0 out of 50
  Number of Mobile Apex push calls: 0 out of 10

11:40:52.149 (149167458)|TOTAL_EMAIL_RECIPIENTS_QUEUED|0
11:40:52.149 (149167458)|STATIC_VARIABLE_LIST|
  char[]:DigitTens:0
  long:serialVersionUID:0
  long:serialVersionUID:0
  double:MAX_VALUE:0
  Boolean:FALSE:0
  long:serialVersionUID:0
  double:MIN_VALUE:0
  int:SIZE:0
  double:NEGATIVE_INFINITY:0
  int:MAX_VALUE:0
  String:_sfdcSuppressedCodeLocations:0
  char[]:digits:0
  double:NaN:0
  Boolean:TRUE:0
  int:MIN_VALUE:0
  String:_sfdcSuppressedCodeLocations:0
  char[]:DigitOnes:0
  int:BYTES:0
  int:MIN_EXPONENT:0
  int[]:sizeTable:0
  int:MAX_EXPONENT:0
  String:_sfdcAdditionalCodeLocations:0
  int:SIZE:0
  double:POSITIVE_INFINITY:0
  String:_sfdcAdditionalCodeLocations:0
  double:MIN_NORMAL:0
  int:BYTES:0

11:40:52.149 (149167458)|CUMULATIVE_LIMIT_USAGE_END

11:40:52.1 (149283995)|CODE_UNIT_FINISHED|PRAController.getAllPRARecords
11:40:52.1 (150010104)|HEAP_ALLOCATE|[EXTERNAL]|Bytes:18
11:40:52.1 (150022995)|HEAP_ALLOCATE|[EXTERNAL]|Bytes:18
11:40:52.1 (152503140)|CODE_UNIT_STARTED|[EXTERNAL]|01pO0000000372v|KCRAController.getAllKCRARecords
11:40:52.1 (152551336)|HEAP_ALLOCATE|[EXTERNAL]|Bytes:5
11:40:52.1 (152558124)|HEAP_ALLOCATE|[EXTERNAL]|Bytes:14
11:40:52.1 (152571822)|METHOD_ENTRY|[11]|01pO0000000372v|KCRAController.KCRAController()
11:40:52.1 (152574670)|STATEMENT_EXECUTE|[11]
11:40:52.1 (152579184)|STATEMENT_EXECUTE|[11]
11:40:52.1 (152587186)|METHOD_EXIT|[11]|KCRAController
11:40:52.1 (152591337)|HEAP_ALLOCATE|[EXTERNAL]|Bytes:18
11:40:52.1 (152600166)|SYSTEM_MODE_ENTER|false
11:40:52.1 (152605352)|VARIABLE_SCOPE_BEGIN|[14]|opportunityId|String|false|false
11:40:52.1 (152612361)|VARIABLE_ASSIGNMENT|[14]|opportunityId|"006O0000008lbG0IAI"
11:40:52.1 (152620564)|STATEMENT_EXECUTE|[14]
11:40:52.1 (152621653)|STATEMENT_EXECUTE|[17]
11:40:52.1 (152625382)|HEAP_ALLOCATE|[17]|Bytes:204
11:40:52.1 (152638334)|HEAP_ALLOCATE|[17]|Bytes:4
11:40:52.1 (153147530)|SOQL_EXECUTE_BEGIN|[17]|Aggregations:0|SELECT Id, name, recordtypeId, applicable__c, approved__c, itemno__c, KCRA_Item__c, Opportunity__c FROM Key_Commercial_Risks_Approvals__c WHERE Opportunity__c = :tmpVar1 ORDER BY itemno__c ASC NULLS FIRST
11:40:52.1 (153156810)|LIMIT_USAGE|[17]|SOQL|5|100
11:40:52.1 (153163335)|LIMIT_USAGE|[17]|AGGS|0|300
11:40:52.1 (159771160)|SOQL_EXECUTE_END|[17]|Rows:25
11:40:52.1 (159778142)|LIMIT_USAGE|[17]|SOQL_ROWS|53|50000
11:40:52.1 (159791794)|HEAP_ALLOCATE|[17]|Bytes:104
11:40:52.1 (159867614)|HEAP_ALLOCATE|[17]|Bytes:7121
11:40:52.1 (159914584)|HEAP_ALLOCATE|[17]|Bytes:104
11:40:52.1 (159927627)|VARIABLE_SCOPE_BEGIN|[17]|allKCRAs|List<Key_Commercial_Risks_Approvals__c>|true|false
11:40:52.1 (159940178)|VARIABLE_ASSIGNMENT|[17]|allKCRAs|"List of size 25 too large to display"|0x1e46a9c8
11:40:52.1 (159943844)|STATEMENT_EXECUTE|[27]
11:40:52.1 (159954976)|SYSTEM_MODE_EXIT|false
11:40:52.159 (159971011)|CUMULATIVE_LIMIT_USAGE
11:40:52.159 (159971011)|LIMIT_USAGE_FOR_NS|(default)|
  Number of SOQL queries: 5 out of 100
  Number of query rows: 53 out of 50000
  Number of SOSL queries: 0 out of 20
  Number of DML statements: 0 out of 150
  Number of DML rows: 0 out of 10000
  Maximum CPU time: 0 out of 10000
  Maximum heap size: 0 out of 6000000
  Number of callouts: 0 out of 100
  Number of Email Invocations: 0 out of 10
  Number of future calls: 0 out of 50
  Number of queueable jobs added to the queue: 0 out of 50
  Number of Mobile Apex push calls: 0 out of 10

11:40:52.159 (159971011)|TOTAL_EMAIL_RECIPIENTS_QUEUED|0
11:40:52.159 (159971011)|STATIC_VARIABLE_LIST|
  char[]:DigitTens:0
  long:serialVersionUID:0
  long:serialVersionUID:0
  double:MAX_VALUE:0
  Boolean:FALSE:0
  long:serialVersionUID:0
  String:_sfdcAdditionalCodeLocations:0
  double:MIN_VALUE:0
  int:SIZE:0
  double:NEGATIVE_INFINITY:0
  int:MAX_VALUE:0
  String:_sfdcSuppressedCodeLocations:0
  char[]:digits:0
  double:NaN:0
  Boolean:TRUE:0
  int:MIN_VALUE:0
  String:_sfdcSuppressedCodeLocations:0
  char[]:DigitOnes:0
  int:BYTES:0
  int:MIN_EXPONENT:0
  int[]:sizeTable:0
  int:MAX_EXPONENT:0
  String:_sfdcSuppressedCodeLocations:0
  String:_sfdcAdditionalCodeLocations:0
  int:SIZE:0
  double:POSITIVE_INFINITY:0
  String:_sfdcAdditionalCodeLocations:0
  double:MIN_NORMAL:0
  int:BYTES:0

11:40:52.159 (159971011)|CUMULATIVE_LIMIT_USAGE_END

11:40:52.1 (160052777)|CODE_UNIT_FINISHED|KCRAController.getAllKCRARecords
11:40:52.170 (170658933)|CUMULATIVE_PROFILING_BEGIN
11:40:52.170 (170658933)|CUMULATIVE_PROFILING|SOQL operations|
Class.ApprovalController.getOpportunityRecord: line 18, column 1: [SELECT   Id,name,
                                                           			Gate_Status__c,
                                                           			TSF_Gate_Status__c,
                                                           			CRA_Gate_Status__c,
                                                           			StageName,
                                    								Competitor_Analysis_General_Comments__c,
                                    								Are_there_any_critical_risks__c,
                                    								Has_CRA_changed_since_last_approval__c,
                                    								Has_TSF_changed_since_last_approval__c,
                                    								Apply_Default_Bonding__c,
                                    								Conversion_Budget_Comments__c,
                                    								Is_Gate_1_To_3__c, Is_Gate_4_To_5__c,
                                    								Net_Budget_EOI_PQ__c, Net_Budget_Post_Tender__c, 
                                    								Net_Budget_Tender__c, Net_Budget_Amount__c,
                                    								Total_Budget_EOI_PQ__c, Total_Budget_Tender__c, 
                                    								Total_Budget_AUD__c, Total_Budget_Post_Tender__c, 
                                    								JH_Bid_Cost_of_JH_Revenue__c
                                 							FROM     Opportunity
                                 							WHERE    Id = :opportunityId]: executed 3 times in 54 ms
Class.PRAController.getAllPRARecords: line 18, column 1: [SELECT Id,name,Category__c,Is_Critical_Risk__c,ItemNo__c,Mitigation_Strategy__c,Rating__c,Risk_Item__c,
                                                             		description__c,Help_Text_0A__c,Help_Text_0B__c,Help_Text_0C__c,Help_Text_1A__c,Help_Text_1B__c, 
                                                             		Help_Text_1C__c,Help_Text_2A__c,Help_Text_2B__c,Help_Text_2C__c,Help_Text_3A__c,Help_Text_3B__c,
                                                             		Help_Text_3C__c,Mitigation_Advice__c,Selected_Indicators__c,Selected_Indicators_With_Text__c
												   FROM Project_Risk_Assessment__c
                                                   WHERE Opportunity__c = :opportunityId
                                                   ORDER BY ItemNo__c]: executed 1 time in 26 ms
Class.KCRAController.getAllKCRARecords: line 17, column 1: [SELECT   Id,name,
                                                           			recordtypeId,
                                                           			applicable__c,
                                                           			approved__c,
                                                           			itemno__c,
                                                           			KCRA_Item__c,Opportunity__c 
                                 							FROM     Key_Commercial_Risks_Approvals__c 
                                 							WHERE    Opportunity__c = :opportunityId
                                                           	ORDER BY itemno__c]: executed 1 time in 7 ms

11:40:52.170 (170658933)|CUMULATIVE_PROFILING|No profiling information for SOSL operations
11:40:52.170 (170658933)|CUMULATIVE_PROFILING|No profiling information for DML operations
11:40:52.170 (170658933)|CUMULATIVE_PROFILING|method invocations|
External entry point: public static List<Project_Risk_Assessment__c> getAllPRARecords(String): executed 1 time in 26 ms
External entry point: public static List<Opportunity> getOpportunityRecord(String): executed 1 time in 12 ms
External entry point: public static List<Key_Commercial_Risks_Approvals__c> getAllKCRARecords(String): executed 1 time in 7 ms

11:40:52.170 (170658933)|CUMULATIVE_PROFILING_END
