34.0 APEX_CODE,FINEST;APEX_PROFILING,FINEST;CALLOUT,INFO;DB,INFO;SYSTEM,DEBUG;VALIDATION,INFO;VISUALFORCE,INFO;WAVE,INFO;WORKFLOW,INFO
10:03:59.0 (677566)|USER_INFO|[EXTERNAL]|005O0000003t7an|ricky.lowe@jhg.com.au.pcphase2|Australian Eastern Standard Time|GMT+11:00
10:03:59.0 (705758)|EXECUTION_STARTED
10:03:59.0 (709127)|CODE_UNIT_STARTED|[EXTERNAL]|TRIGGERS
10:03:59.0 (730831)|CODE_UNIT_STARTED|[EXTERNAL]|01qO00000000TOT|gateTrigger on Gate trigger event BeforeUpdate for [a0nO0000003xMJv]
10:03:59.0 (769466)|HEAP_ALLOCATE|[EXTERNAL]|Bytes:8
10:03:59.0 (828749)|HEAP_ALLOCATE|[EXTERNAL]|Bytes:8
10:03:59.0 (1290880)|HEAP_ALLOCATE|[72]|Bytes:3
10:03:59.0 (1321679)|HEAP_ALLOCATE|[77]|Bytes:152
10:03:59.0 (1337642)|HEAP_ALLOCATE|[342]|Bytes:408
10:03:59.0 (1360446)|HEAP_ALLOCATE|[355]|Bytes:408
10:03:59.0 (1379724)|HEAP_ALLOCATE|[467]|Bytes:48
10:03:59.0 (1407942)|HEAP_ALLOCATE|[139]|Bytes:6
10:03:59.0 (1432503)|HEAP_ALLOCATE|[EXTERNAL]|Bytes:4
10:03:59.0 (1440927)|VARIABLE_SCOPE_BEGIN|[1]|this|gateTrigger|true|false
10:03:59.0 (1478007)|VARIABLE_ASSIGNMENT|[1]|this|{}|0xe62f63a
10:03:59.0 (1517862)|HEAP_ALLOCATE|[EXTERNAL]|Bytes:4
10:03:59.0 (1523800)|VARIABLE_SCOPE_BEGIN|[1]|this|gateTrigger|true|false
10:03:59.0 (1533545)|VARIABLE_ASSIGNMENT|[1]|this|{}|0xe62f63a
10:03:59.0 (1538138)|STATEMENT_EXECUTE|[1]
10:03:59.0 (1539663)|STATEMENT_EXECUTE|[2]
10:03:59.0 (88223135)|VARIABLE_SCOPE_BEGIN|[5]|TriggerHandler.bypassedHandlers|Set<String>|true|true
10:03:59.0 (88445745)|VARIABLE_SCOPE_BEGIN|[4]|TriggerHandler.loopCountMap|Map<String,TriggerHandler.LoopCount>|true|true
10:03:59.0 (88484079)|HEAP_ALLOCATE|[2]|Bytes:30
10:03:59.0 (88494517)|HEAP_ALLOCATE|[2]|Bytes:33
10:03:59.0 (88524472)|METHOD_ENTRY|[14]|01pO00000003IBZ|gateTriggerHandler.gateTriggerHandler()
10:03:59.0 (88528247)|STATEMENT_EXECUTE|[14]
10:03:59.0 (88532859)|STATEMENT_EXECUTE|[14]
10:03:59.0 (88565701)|HEAP_ALLOCATE|[50]|Bytes:5
10:03:59.0 (88589495)|HEAP_ALLOCATE|[56]|Bytes:5
10:03:59.0 (88601861)|HEAP_ALLOCATE|[64]|Bytes:7
10:03:59.0 (89550599)|SYSTEM_MODE_ENTER|false
10:03:59.0 (89564744)|HEAP_ALLOCATE|[2]|Bytes:5
10:03:59.0 (89571823)|SYSTEM_MODE_EXIT|false
10:03:59.0 (89580790)|METHOD_EXIT|[14]|gateTriggerHandler
10:03:59.0 (89797216)|HEAP_ALLOCATE|[2]|Bytes:12
10:03:59.0 (89811529)|CONSTRUCTOR_ENTRY|[2]|01pO00000003IBZ|<init>()
10:03:59.0 (89845270)|VARIABLE_SCOPE_BEGIN|[15]|this|gateTriggerHandler|true|false
10:03:59.0 (89883290)|VARIABLE_ASSIGNMENT|[15]|this|{}|0x1e490f0a
10:03:59.0 (89892634)|SYSTEM_MODE_ENTER|false
10:03:59.0 (89898109)|HEAP_ALLOCATE|[15]|Bytes:5
10:03:59.0 (89902011)|STATEMENT_EXECUTE|[14]
10:03:59.0 (89904711)|HEAP_ALLOCATE|[15]|Bytes:5
10:03:59.0 (89914234)|HEAP_ALLOCATE|[15]|Bytes:48
10:03:59.0 (89919350)|HEAP_ALLOCATE|[15]|Bytes:69
10:03:59.0 (89939608)|METHOD_ENTRY|[1]|01pO00000003AAn|TriggerHandler.TriggerHandler()
10:03:59.0 (89943792)|STATEMENT_EXECUTE|[1]
10:03:59.0 (89947613)|STATEMENT_EXECUTE|[1]
10:03:59.0 (89949374)|STATEMENT_EXECUTE|[16]
10:03:59.0 (89950892)|STATEMENT_EXECUTE|[17]
10:03:59.0 (89957138)|HEAP_ALLOCATE|[17]|Bytes:4
10:03:59.0 (90015679)|VARIABLE_ASSIGNMENT|[17]|TriggerHandler.loopCountMap|{}|0x139013fd
10:03:59.0 (90022120)|STATEMENT_EXECUTE|[18]
10:03:59.0 (90028578)|HEAP_ALLOCATE|[18]|Bytes:4
10:03:59.0 (90110053)|VARIABLE_ASSIGNMENT|[18]|TriggerHandler.bypassedHandlers|[]|0x6d877d8c
10:03:59.0 (90116042)|STATEMENT_EXECUTE|[187]
10:03:59.0 (90117924)|STATEMENT_EXECUTE|[236]
10:03:59.0 (90125653)|METHOD_EXIT|[1]|TriggerHandler
10:03:59.0 (90140778)|CONSTRUCTOR_ENTRY|[15]|01pO00000003AAn|<init>()
10:03:59.0 (90359972)|VARIABLE_SCOPE_BEGIN|[22]|this|TriggerHandler|true|false
10:03:59.0 (90384305)|VARIABLE_ASSIGNMENT|[22]|this|{}|0x1e490f0a
10:03:59.0 (90390213)|STATEMENT_EXECUTE|[1]
10:03:59.0 (90392025)|STATEMENT_EXECUTE|[9]
10:03:59.0 (90394025)|STATEMENT_EXECUTE|[13]
10:03:59.0 (90403892)|HEAP_ALLOCATE|[23]|Bytes:6
10:03:59.0 (90438017)|STATEMENT_EXECUTE|[22]
10:03:59.0 (90441189)|STATEMENT_EXECUTE|[23]
10:03:59.0 (90481305)|METHOD_ENTRY|[23]|01pO00000003AAn|TriggerHandler.setTriggerContext()
10:03:59.0 (90521773)|VARIABLE_SCOPE_BEGIN|[94]|this|TriggerHandler|true|false
10:03:59.0 (90545216)|VARIABLE_ASSIGNMENT|[94]|this|{}|0x1e490f0a
10:03:59.0 (90552778)|STATEMENT_EXECUTE|[94]
10:03:59.0 (90554655)|STATEMENT_EXECUTE|[95]
10:03:59.0 (90576663)|METHOD_ENTRY|[95]|01pO00000003AAn|TriggerHandler.setTriggerContext(String, Boolean)
10:03:59.0 (90605511)|VARIABLE_SCOPE_BEGIN|[99]|this|TriggerHandler|true|false
10:03:59.0 (90625626)|VARIABLE_ASSIGNMENT|[99]|this|{}|0x1e490f0a
10:03:59.0 (90631346)|VARIABLE_SCOPE_BEGIN|[99]|ctx|String|false|false
10:03:59.0 (90637694)|VARIABLE_ASSIGNMENT|[99]|ctx|null
10:03:59.0 (90645019)|VARIABLE_SCOPE_BEGIN|[99]|testMode|Boolean|false|false
10:03:59.0 (90650808)|VARIABLE_ASSIGNMENT|[99]|testMode|false
10:03:59.0 (90656171)|STATEMENT_EXECUTE|[99]
10:03:59.0 (90674885)|STATEMENT_EXECUTE|[103]
10:03:59.0 (90678225)|STATEMENT_EXECUTE|[104]
10:03:59.0 (90685561)|HEAP_ALLOCATE|[104]|Bytes:5
10:03:59.0 (90719622)|STATEMENT_EXECUTE|[111]
10:03:59.0 (90722296)|STATEMENT_EXECUTE|[112]
10:03:59.0 (90750670)|HEAP_ALLOCATE|[112]|Bytes:12
10:03:59.0 (90758551)|HEAP_ALLOCATE|[112]|Bytes:13
10:03:59.0 (90849419)|HEAP_ALLOCATE|[112]|Bytes:12
10:03:59.0 (90857275)|HEAP_ALLOCATE|[112]|Bytes:13
10:03:59.0 (90881067)|HEAP_ALLOCATE|[112]|Bytes:12
10:03:59.0 (90887548)|HEAP_ALLOCATE|[112]|Bytes:13
10:03:59.0 (90909354)|HEAP_ALLOCATE|[112]|Bytes:12
10:03:59.0 (90916144)|HEAP_ALLOCATE|[112]|Bytes:12
10:03:59.0 (90936804)|HEAP_ALLOCATE|[112]|Bytes:12
10:03:59.0 (90943090)|HEAP_ALLOCATE|[112]|Bytes:12
10:03:59.0 (90962424)|HEAP_ALLOCATE|[112]|Bytes:12
10:03:59.0 (90968513)|HEAP_ALLOCATE|[112]|Bytes:12
10:03:59.0 (90988668)|HEAP_ALLOCATE|[112]|Bytes:12
10:03:59.0 (90995024)|HEAP_ALLOCATE|[112]|Bytes:14
10:03:59.0 (91024863)|METHOD_EXIT|[95]|01pO00000003AAn|TriggerHandler.setTriggerContext(String, Boolean)
10:03:59.0 (91034455)|METHOD_EXIT|[23]|01pO00000003AAn|TriggerHandler.setTriggerContext()
10:03:59.0 (91041532)|CONSTRUCTOR_EXIT|[15]|01pO00000003AAn|<init>()
10:03:59.0 (91045029)|STATEMENT_EXECUTE|[15]
10:03:59.0 (91050273)|SYSTEM_MODE_EXIT|false
10:03:59.0 (91058868)|CONSTRUCTOR_EXIT|[2]|01pO00000003IBZ|<init>()
10:03:59.0 (91073328)|METHOD_ENTRY|[2]|01pO00000003AAn|TriggerHandler.run()
10:03:59.0 (91082420)|VARIABLE_SCOPE_BEGIN|[31]|this|TriggerHandler|true|false
10:03:59.0 (91114519)|VARIABLE_ASSIGNMENT|[31]|this|{"context":"0x35dfc3d6","isTriggerExecuting":true}|0x1e490f0a
10:03:59.0 (91122062)|STATEMENT_EXECUTE|[31]
10:03:59.0 (91143741)|METHOD_ENTRY|[33]|01pO00000003AAn|TriggerHandler.validateRun()
10:03:59.0 (91168437)|VARIABLE_SCOPE_BEGIN|[146]|this|TriggerHandler|true|false
10:03:59.0 (91195019)|VARIABLE_ASSIGNMENT|[146]|this|{"context":"0x35dfc3d6","isTriggerExecuting":true}|0x1e490f0a
10:03:59.0 (91202185)|STATEMENT_EXECUTE|[146]
10:03:59.0 (91211037)|STATEMENT_EXECUTE|[147]
10:03:59.0 (91225255)|METHOD_ENTRY|[150]|01pO00000003AAn|TriggerHandler.getHandlerName()
10:03:59.0 (91247830)|VARIABLE_SCOPE_BEGIN|[157]|this|TriggerHandler|true|false
10:03:59.0 (91272220)|VARIABLE_ASSIGNMENT|[157]|this|{"context":"0x35dfc3d6","isTriggerExecuting":true}|0x1e490f0a
10:03:59.0 (91278576)|STATEMENT_EXECUTE|[157]
10:03:59.0 (91280208)|STATEMENT_EXECUTE|[158]
10:03:59.0 (91394780)|HEAP_ALLOCATE|[158]|Bytes:165
10:03:59.0 (91440119)|HEAP_ALLOCATE|[158]|Bytes:165
10:03:59.0 (91451114)|HEAP_ALLOCATE|[158]|Bytes:1
10:03:59.0 (91477988)|HEAP_ALLOCATE|[158]|Bytes:18
10:03:59.0 (91486590)|METHOD_EXIT|[150]|01pO00000003AAn|TriggerHandler.getHandlerName()
10:03:59.0 (91501057)|STATEMENT_EXECUTE|[150]
10:03:59.0 (91502760)|STATEMENT_EXECUTE|[153]
10:03:59.0 (91505698)|METHOD_EXIT|[33]|01pO00000003AAn|TriggerHandler.validateRun()
10:03:59.0 (91508666)|STATEMENT_EXECUTE|[33]
10:03:59.0 (91509800)|STATEMENT_EXECUTE|[35]
10:03:59.0 (91516719)|METHOD_ENTRY|[35]|01pO00000003AAn|TriggerHandler.addToLoopCount()
10:03:59.0 (91534908)|VARIABLE_SCOPE_BEGIN|[133]|this|TriggerHandler|true|false
10:03:59.0 (91553453)|VARIABLE_ASSIGNMENT|[133]|this|{"context":"0x35dfc3d6","isTriggerExecuting":true}|0x1e490f0a
10:03:59.0 (91558365)|STATEMENT_EXECUTE|[133]
10:03:59.0 (91559539)|STATEMENT_EXECUTE|[134]
10:03:59.0 (91567029)|METHOD_ENTRY|[134]|01pO00000003AAn|TriggerHandler.getHandlerName()
10:03:59.0 (91577981)|VARIABLE_SCOPE_BEGIN|[157]|this|TriggerHandler|true|false
10:03:59.0 (91592879)|VARIABLE_ASSIGNMENT|[157]|this|{"context":"0x35dfc3d6","isTriggerExecuting":true}|0x1e490f0a
10:03:59.0 (91596374)|STATEMENT_EXECUTE|[157]
10:03:59.0 (91597435)|STATEMENT_EXECUTE|[158]
10:03:59.0 (91633227)|HEAP_ALLOCATE|[158]|Bytes:165
10:03:59.0 (91670779)|HEAP_ALLOCATE|[158]|Bytes:165
10:03:59.0 (91694457)|HEAP_ALLOCATE|[158]|Bytes:18
10:03:59.0 (91702254)|METHOD_EXIT|[134]|01pO00000003AAn|TriggerHandler.getHandlerName()
10:03:59.0 (91706314)|VARIABLE_SCOPE_BEGIN|[134]|handlerName|String|false|false
10:03:59.0 (91713625)|VARIABLE_ASSIGNMENT|[134]|handlerName|"gateTriggerHandler"
10:03:59.0 (91749658)|STATEMENT_EXECUTE|[135]
10:03:59.0 (91753885)|METHOD_EXIT|[35]|01pO00000003AAn|TriggerHandler.addToLoopCount()
10:03:59.0 (91865927)|STATEMENT_EXECUTE|[40]
10:03:59.0 (91868288)|STATEMENT_EXECUTE|[41]
10:03:59.0 (91876079)|METHOD_ENTRY|[41]|01pO00000003AAn|TriggerHandler.beforeUpdate()
10:03:59.0 (91893086)|VARIABLE_SCOPE_BEGIN|[169]|this|TriggerHandler|true|false
10:03:59.0 (91911110)|VARIABLE_ASSIGNMENT|[169]|this|{"context":"0x35dfc3d6","isTriggerExecuting":true}|0x1e490f0a
10:03:59.0 (91915752)|STATEMENT_EXECUTE|[169]
10:03:59.0 (91920665)|METHOD_EXIT|[41]|01pO00000003AAn|TriggerHandler.beforeUpdate()
10:03:59.0 (91924770)|METHOD_EXIT|[2]|01pO00000003AAn|TriggerHandler.run()
10:03:59.91 (91931063)|CUMULATIVE_LIMIT_USAGE
10:03:59.91 (91931063)|LIMIT_USAGE_FOR_NS|(default)|
  Number of SOQL queries: 0 out of 100
  Number of query rows: 0 out of 50000
  Number of SOSL queries: 0 out of 20
  Number of DML statements: 0 out of 150
  Number of DML rows: 0 out of 10000
  Maximum CPU time: 0 out of 10000
  Maximum heap size: 0 out of 6000000
  Number of callouts: 0 out of 100
  Number of Email Invocations: 0 out of 10
  Number of future calls: 0 out of 50
  Number of queueable jobs added to the queue: 0 out of 50
  Number of Mobile Apex push calls: 0 out of 10

10:03:59.91 (91931063)|TOTAL_EMAIL_RECIPIENTS_QUEUED|0
10:03:59.91 (91931063)|STATIC_VARIABLE_LIST|
  char[]:DigitTens:0
  long:serialVersionUID:0
  String:_sfdcAdditionalCodeLocations:0
  long:serialVersionUID:0
  String:_sfdcAdditionalCodeLocations:0
  String:_sfdcAdditionalCodeLocations:0
  double:MAX_VALUE:0
  Boolean:FALSE:0
  long:serialVersionUID:0
  double:MIN_VALUE:0
  int:SIZE:0
  TriggerHandler.TriggerContext:BEFORE_INSERT:0
  double:NEGATIVE_INFINITY:0
  int:MAX_VALUE:0
  TriggerHandler.TriggerContext:AFTER_UNDELETE:0
  char[]:digits:0
  double:NaN:0
  Boolean:TRUE:0
  TriggerHandler.TriggerContext:AFTER_INSERT:0
  TriggerHandler.TriggerContext:AFTER_DELETE:0
  int:MIN_VALUE:0
  char[]:DigitOnes:0
  TriggerHandler.TriggerContext:AFTER_UPDATE:0
  String:__sfdcInnerTypes:0
  int:BYTES:0
  Map<String,TriggerHandler.LoopCount>:_static_loopCountMap:0
  Set<String>:_static_bypassedHandlers:0
  int:MIN_EXPONENT:0
  String:_sfdcSuppressedCodeLocations:0
  int[]:sizeTable:0
  TriggerHandler.TriggerContext:BEFORE_DELETE:0
  int:MAX_EXPONENT:0
  TriggerHandler.TriggerContext:BEFORE_UPDATE:0
  int:SIZE:0
  double:POSITIVE_INFINITY:0
  double:MIN_NORMAL:0
  int:BYTES:0

10:03:59.91 (91931063)|CUMULATIVE_LIMIT_USAGE_END

10:03:59.0 (94373754)|CODE_UNIT_FINISHED|gateTrigger on Gate trigger event BeforeUpdate for [a0nO0000003xMJv]
10:03:59.0 (120028414)|CODE_UNIT_STARTED|[EXTERNAL]|01qO00000000TOT|gateTrigger on Gate trigger event AfterUpdate for [a0nO0000003xMJv]
10:03:59.0 (120049820)|HEAP_ALLOCATE|[EXTERNAL]|Bytes:8
10:03:59.0 (120082950)|HEAP_ALLOCATE|[EXTERNAL]|Bytes:8
10:03:59.0 (120139195)|HEAP_ALLOCATE|[EXTERNAL]|Bytes:4
10:03:59.0 (120145922)|VARIABLE_SCOPE_BEGIN|[1]|this|gateTrigger|true|false
10:03:59.0 (120160540)|VARIABLE_ASSIGNMENT|[1]|this|{}|0x3445feeb
10:03:59.0 (120182057)|HEAP_ALLOCATE|[EXTERNAL]|Bytes:4
10:03:59.0 (120185855)|VARIABLE_SCOPE_BEGIN|[1]|this|gateTrigger|true|false
10:03:59.0 (120193924)|VARIABLE_ASSIGNMENT|[1]|this|{}|0x3445feeb
10:03:59.0 (120197356)|STATEMENT_EXECUTE|[1]
10:03:59.0 (120198786)|STATEMENT_EXECUTE|[2]
10:03:59.0 (120202602)|HEAP_ALLOCATE|[2]|Bytes:12
10:03:59.0 (120208763)|CONSTRUCTOR_ENTRY|[2]|01pO00000003IBZ|<init>()
10:03:59.0 (120212420)|VARIABLE_SCOPE_BEGIN|[15]|this|gateTriggerHandler|true|false
10:03:59.0 (120230329)|VARIABLE_ASSIGNMENT|[15]|this|{}|0x67499eed
10:03:59.0 (120769642)|SYSTEM_MODE_ENTER|false
10:03:59.0 (120779359)|HEAP_ALLOCATE|[15]|Bytes:5
10:03:59.0 (120784798)|STATEMENT_EXECUTE|[14]
10:03:59.0 (120790183)|HEAP_ALLOCATE|[15]|Bytes:5
10:03:59.0 (120800988)|CONSTRUCTOR_ENTRY|[15]|01pO00000003AAn|<init>()
10:03:59.0 (120806935)|VARIABLE_SCOPE_BEGIN|[22]|this|TriggerHandler|true|false
10:03:59.0 (120826996)|VARIABLE_ASSIGNMENT|[22]|this|{}|0x67499eed
10:03:59.0 (120830772)|STATEMENT_EXECUTE|[1]
10:03:59.0 (120832292)|STATEMENT_EXECUTE|[9]
10:03:59.0 (120833594)|STATEMENT_EXECUTE|[13]
10:03:59.0 (120846454)|STATEMENT_EXECUTE|[22]
10:03:59.0 (120847960)|STATEMENT_EXECUTE|[23]
10:03:59.0 (120854588)|METHOD_ENTRY|[23]|01pO00000003AAn|TriggerHandler.setTriggerContext()
10:03:59.0 (120858470)|VARIABLE_SCOPE_BEGIN|[94]|this|TriggerHandler|true|false
10:03:59.0 (120869738)|VARIABLE_ASSIGNMENT|[94]|this|{}|0x67499eed
10:03:59.0 (120873096)|STATEMENT_EXECUTE|[94]
10:03:59.0 (120874146)|STATEMENT_EXECUTE|[95]
10:03:59.0 (120880357)|METHOD_ENTRY|[95]|01pO00000003AAn|TriggerHandler.setTriggerContext(String, Boolean)
10:03:59.0 (120883588)|VARIABLE_SCOPE_BEGIN|[99]|this|TriggerHandler|true|false
10:03:59.0 (120892571)|VARIABLE_ASSIGNMENT|[99]|this|{}|0x67499eed
10:03:59.0 (120894535)|VARIABLE_SCOPE_BEGIN|[99]|ctx|String|false|false
10:03:59.0 (120897687)|VARIABLE_ASSIGNMENT|[99]|ctx|null
10:03:59.0 (120901376)|VARIABLE_SCOPE_BEGIN|[99]|testMode|Boolean|false|false
10:03:59.0 (120904523)|VARIABLE_ASSIGNMENT|[99]|testMode|false
10:03:59.0 (120907230)|STATEMENT_EXECUTE|[99]
10:03:59.0 (120913776)|STATEMENT_EXECUTE|[103]
10:03:59.0 (120915096)|STATEMENT_EXECUTE|[104]
10:03:59.0 (120918826)|HEAP_ALLOCATE|[104]|Bytes:5
10:03:59.0 (120946916)|STATEMENT_EXECUTE|[120]
10:03:59.0 (120948546)|STATEMENT_EXECUTE|[121]
10:03:59.0 (120957309)|METHOD_EXIT|[95]|01pO00000003AAn|TriggerHandler.setTriggerContext(String, Boolean)
10:03:59.0 (120962299)|METHOD_EXIT|[23]|01pO00000003AAn|TriggerHandler.setTriggerContext()
10:03:59.0 (120966338)|CONSTRUCTOR_EXIT|[15]|01pO00000003AAn|<init>()
10:03:59.0 (120968242)|STATEMENT_EXECUTE|[15]
10:03:59.0 (120972107)|SYSTEM_MODE_EXIT|false
10:03:59.0 (120976762)|CONSTRUCTOR_EXIT|[2]|01pO00000003IBZ|<init>()
10:03:59.0 (120981368)|METHOD_ENTRY|[2]|01pO00000003AAn|TriggerHandler.run()
10:03:59.0 (120984700)|VARIABLE_SCOPE_BEGIN|[31]|this|TriggerHandler|true|false
10:03:59.0 (121002850)|VARIABLE_ASSIGNMENT|[31]|this|{"context":"0x1f99a423","isTriggerExecuting":true}|0x67499eed
10:03:59.0 (121007488)|STATEMENT_EXECUTE|[31]
10:03:59.0 (121012315)|METHOD_ENTRY|[33]|01pO00000003AAn|TriggerHandler.validateRun()
10:03:59.0 (121015923)|VARIABLE_SCOPE_BEGIN|[146]|this|TriggerHandler|true|false
10:03:59.0 (121028148)|VARIABLE_ASSIGNMENT|[146]|this|{"context":"0x1f99a423","isTriggerExecuting":true}|0x67499eed
10:03:59.0 (121031239)|STATEMENT_EXECUTE|[146]
10:03:59.0 (121034947)|STATEMENT_EXECUTE|[147]
10:03:59.0 (121040087)|METHOD_ENTRY|[150]|01pO00000003AAn|TriggerHandler.getHandlerName()
10:03:59.0 (121043405)|VARIABLE_SCOPE_BEGIN|[157]|this|TriggerHandler|true|false
10:03:59.0 (121055110)|VARIABLE_ASSIGNMENT|[157]|this|{"context":"0x1f99a423","isTriggerExecuting":true}|0x67499eed
10:03:59.0 (121058165)|STATEMENT_EXECUTE|[157]
10:03:59.0 (121059272)|STATEMENT_EXECUTE|[158]
10:03:59.0 (121105205)|HEAP_ALLOCATE|[158]|Bytes:164
10:03:59.0 (121153454)|HEAP_ALLOCATE|[158]|Bytes:164
10:03:59.0 (121179338)|HEAP_ALLOCATE|[158]|Bytes:18
10:03:59.0 (121187937)|METHOD_EXIT|[150]|01pO00000003AAn|TriggerHandler.getHandlerName()
10:03:59.0 (121199474)|STATEMENT_EXECUTE|[150]
10:03:59.0 (121201174)|STATEMENT_EXECUTE|[153]
10:03:59.0 (121203862)|METHOD_EXIT|[33]|01pO00000003AAn|TriggerHandler.validateRun()
10:03:59.0 (121206737)|STATEMENT_EXECUTE|[33]
10:03:59.0 (121207851)|STATEMENT_EXECUTE|[35]
10:03:59.0 (121211816)|METHOD_ENTRY|[35]|01pO00000003AAn|TriggerHandler.addToLoopCount()
10:03:59.0 (121215153)|VARIABLE_SCOPE_BEGIN|[133]|this|TriggerHandler|true|false
10:03:59.0 (121232473)|VARIABLE_ASSIGNMENT|[133]|this|{"context":"0x1f99a423","isTriggerExecuting":true}|0x67499eed
10:03:59.0 (121236272)|STATEMENT_EXECUTE|[133]
10:03:59.0 (121237377)|STATEMENT_EXECUTE|[134]
10:03:59.0 (121241888)|METHOD_ENTRY|[134]|01pO00000003AAn|TriggerHandler.getHandlerName()
10:03:59.0 (121245232)|VARIABLE_SCOPE_BEGIN|[157]|this|TriggerHandler|true|false
10:03:59.0 (121256407)|VARIABLE_ASSIGNMENT|[157]|this|{"context":"0x1f99a423","isTriggerExecuting":true}|0x67499eed
10:03:59.0 (121259424)|STATEMENT_EXECUTE|[157]
10:03:59.0 (121260454)|STATEMENT_EXECUTE|[158]
10:03:59.0 (121295114)|HEAP_ALLOCATE|[158]|Bytes:164
10:03:59.0 (121332928)|HEAP_ALLOCATE|[158]|Bytes:164
10:03:59.0 (121357241)|HEAP_ALLOCATE|[158]|Bytes:18
10:03:59.0 (121365065)|METHOD_EXIT|[134]|01pO00000003AAn|TriggerHandler.getHandlerName()
10:03:59.0 (121369183)|VARIABLE_SCOPE_BEGIN|[134]|handlerName|String|false|false
10:03:59.0 (121376183)|VARIABLE_ASSIGNMENT|[134]|handlerName|"gateTriggerHandler"
10:03:59.0 (121387678)|STATEMENT_EXECUTE|[135]
10:03:59.0 (121390936)|METHOD_EXIT|[35]|01pO00000003AAn|TriggerHandler.addToLoopCount()
10:03:59.0 (121545859)|STATEMENT_EXECUTE|[46]
10:03:59.0 (121548261)|STATEMENT_EXECUTE|[47]
10:03:59.0 (121558403)|METHOD_ENTRY|[47]|01pO00000003IBZ|gateTriggerHandler.afterUpdate()
10:03:59.0 (121576522)|VARIABLE_SCOPE_BEGIN|[23]|this|gateTriggerHandler|true|false
10:03:59.0 (121594133)|VARIABLE_ASSIGNMENT|[23]|this|{"context":"0x1f99a423","isTriggerExecuting":true}|0x67499eed
10:03:59.0 (121603225)|SYSTEM_MODE_ENTER|false
10:03:59.0 (121608361)|HEAP_ALLOCATE|[24]|Bytes:5
10:03:59.0 (121611735)|STATEMENT_EXECUTE|[23]
10:03:59.0 (121612778)|STATEMENT_EXECUTE|[24]
10:03:59.0 (121622228)|METHOD_ENTRY|[24]|01pO00000003IBZ|gateTriggerHandler.findGatesSetToInProgress()
10:03:59.0 (121645228)|HEAP_ALLOCATE|[34]|Bytes:5
10:03:59.0 (121648686)|STATEMENT_EXECUTE|[33]
10:03:59.0 (121649703)|STATEMENT_EXECUTE|[34]
10:03:59.0 (121656175)|HEAP_ALLOCATE|[34]|Bytes:4
10:03:59.0 (121679781)|VARIABLE_SCOPE_BEGIN|[34]|gatesInProgress|Set<Id>|true|false
10:03:59.0 (121701865)|VARIABLE_ASSIGNMENT|[34]|gatesInProgress|[]|0x277134e6
10:03:59.0 (121941566)|HEAP_ALLOCATE|[35]|Bytes:5
10:03:59.0 (121963401)|VARIABLE_SCOPE_BEGIN|[35]|G|Gate__c|true|false
10:03:59.0 (122271814)|VARIABLE_ASSIGNMENT|[35]|G|{"LastModifiedDate":"2017-03-26T23:03:59.000Z","IsDeleted":false,"CreatedById":"005O0000003t7anIAA","CreatedDate":"2017-03-26T23:03:44.000Z","Gate_Number__c":"1","Opportunity__c":"006O0000008k8iYIAQ","Id":"a0nO0000003xMJvIAM","Status__c":"In Progress","LastModifiedById":"005O0000003t7anIAA","Name":"test2017-03-27 10:03 (3 more) ...","SystemModstamp":"2017-03-26T23:03:59.000Z"}|0x58adacb8
10:03:59.0 (122279757)|STATEMENT_EXECUTE|[35]
10:03:59.0 (122281009)|STATEMENT_EXECUTE|[36]
10:03:59.0 (122394686)|VARIABLE_SCOPE_BEGIN|[36]|oldGate|Gate__c|true|false
10:03:59.0 (122581223)|VARIABLE_ASSIGNMENT|[36]|oldGate|{"LastModifiedDate":"2017-03-26T23:03:44.000Z","IsDeleted":false,"CreatedById":"005O0000003t7anIAA","CreatedDate":"2017-03-26T23:03:44.000Z","Gate_Number__c":"1","Opportunity__c":"006O0000008k8iYIAQ","Id":"a0nO0000003xMJvIAM","Status__c":"Not Started","LastModifiedById":"005O0000003t7anIAA","Name":"test2017-03-27 10:03 (3 more) ...","SystemModstamp":"2017-03-26T23:03:44.000Z"}|0x1298232c
10:03:59.0 (122609241)|HEAP_ALLOCATE|[38]|Bytes:11
10:03:59.0 (122640079)|STATEMENT_EXECUTE|[38]
10:03:59.0 (122641990)|STATEMENT_EXECUTE|[39]
10:03:59.0 (122673790)|HEAP_ALLOCATE|[EXTERNAL]|Bytes:4
10:03:59.0 (122690123)|HEAP_ALLOCATE|[35]|Bytes:5
10:03:59.0 (122702458)|VARIABLE_ASSIGNMENT|[35]|G|null|
10:03:59.0 (122722900)|STATEMENT_EXECUTE|[44]
10:03:59.0 (122736054)|STATEMENT_EXECUTE|[45]
10:03:59.0 (122755152)|METHOD_ENTRY|[45]|01pO00000003IBZ|gateTriggerHandler.findNextApprover(Set<Id>)
10:03:59.0 (122782757)|VARIABLE_SCOPE_BEGIN|[57]|gateIds|Set<Id>|true|false
10:03:59.0 (122796256)|VARIABLE_ASSIGNMENT|[57]|gateIds|["a0nO0000003xMJvIAM"]|0x277134e6
10:03:59.0 (122809146)|HEAP_ALLOCATE|[58]|Bytes:5
10:03:59.0 (122815256)|STATEMENT_EXECUTE|[57]
10:03:59.0 (122817280)|STATEMENT_EXECUTE|[58]
10:03:59.0 (122866254)|HEAP_ALLOCATE|[58]|Bytes:4
10:03:59.0 (122919502)|VARIABLE_SCOPE_BEGIN|[58]|approversToUpdate|List<Assigned_Approver__c>|true|false
10:03:59.0 (122926776)|HEAP_ALLOCATE|[EXTERNAL]|Bytes:4
10:03:59.0 (122934989)|VARIABLE_ASSIGNMENT|[58]|approversToUpdate|[]|0x3210dcee
10:03:59.0 (122937741)|STATEMENT_EXECUTE|[59]
10:03:59.0 (122941588)|HEAP_ALLOCATE|[59]|Bytes:4
10:03:59.0 (122958245)|VARIABLE_SCOPE_BEGIN|[59]|gatesToUpdate|List<Gate__c>|true|false
10:03:59.0 (122962901)|HEAP_ALLOCATE|[EXTERNAL]|Bytes:4
10:03:59.0 (122967597)|VARIABLE_ASSIGNMENT|[59]|gatesToUpdate|[]|0x6f32b8fe
10:03:59.0 (122969815)|STATEMENT_EXECUTE|[61]
10:03:59.0 (123103541)|HEAP_ALLOCATE|[61]|Bytes:20
10:03:59.0 (123147230)|USER_DEBUG|[61]|ERROR|*** findNextApprover
10:03:59.0 (123156423)|HEAP_ALLOCATE|[64]|Bytes:250
10:03:59.0 (123165218)|HEAP_ALLOCATE|[64]|Bytes:4
10:03:59.0 (123172433)|HEAP_ALLOCATE|[64]|Bytes:7
10:03:59.0 (124031205)|SOQL_EXECUTE_BEGIN|[64]|Aggregations:1|SELECT ID, Status__c, (SELECT Approval_Level__c, Approval_Status__c, Approver__c, Current_Approver__c, Gate__c, Id FROM Assigned_Approvers__r ORDER BY Approval_Level__c ASC NULLS FIRST) FROM Gate__c 
10:03:59.0 (124043138)|LIMIT_USAGE|[64]|SOQL|1|100
10:03:59.0 (124053075)|LIMIT_USAGE|[64]|AGGS|1|300
10:03:59.0 (135929895)|SOQL_EXECUTE_END|[64]|Rows:1
10:03:59.0 (135939108)|LIMIT_USAGE|[64]|SOQL_ROWS|1|50000
10:03:59.0 (135949712)|HEAP_ALLOCATE|[EXTERNAL]|Bytes:8
10:03:59.0 (136104908)|HEAP_ALLOCATE|[64]|Bytes:49
10:03:59.0 (136114249)|HEAP_ALLOCATE|[64]|Bytes:8
10:03:59.0 (136125641)|SYSTEM_METHOD_ENTRY|[7]|QueryLocatorIterator.QueryLocatorIterator()
10:03:59.0 (136128738)|STATEMENT_EXECUTE|[7]
10:03:59.0 (136140660)|SYSTEM_METHOD_EXIT|[7]|QueryLocatorIterator
10:03:59.0 (136148204)|HEAP_ALLOCATE|[64]|Bytes:28
10:03:59.0 (136163952)|HEAP_ALLOCATE|[64]|Bytes:8
10:03:59.0 (136177986)|HEAP_ALLOCATE|[64]|Bytes:8
10:03:59.0 (136180460)|HEAP_ALLOCATE|[64]|Bytes:8
10:03:59.0 (136186015)|VARIABLE_SCOPE_BEGIN|[15]|this|Database.QueryLocatorIterator|true|false
10:03:59.0 (136211809)|VARIABLE_ASSIGNMENT|[15]|this|{}|0x245630d
10:03:59.0 (136214743)|VARIABLE_SCOPE_BEGIN|[15]|values|List<SObject>|true|false
10:03:59.0 (136249954)|VARIABLE_ASSIGNMENT|[15]|values|[{"Id":"a0nO0000003xMJvIAM","Status__c":"In Progress","Assigned_Approvers__ (1 more) ...":[{"Gate__c":"a0nO0000003xMJvIAM","Id":"a0oO0000002tV8tIAE","Approval_Level__c":"1","Approval_Status__c":"Assigned Pending App (5 more) ...","Approver__c":"00528000004d3msAAA","Current_Approver__c":false},{"Gate__c":"a0nO0000003xMJvIAM","Id":"a0oO0000002tV8uIAE","Approval_Level__c":"2","Approval_Status__c":"Assigned Pending App (5 more) ...","Approver__c":"005O0000003t7anIAA","Current_Approver__c":false},{"Gate__c":"a0nO0000003xMJvIAM","Id":"a0oO0000002tV8rIAE","Approval_Level__c":"3","Approval_Status__c":"Assigned Pending App (5 more) ...","Approver__c":"005O0000003t7anIAA","Current_Approver__c":false},{"Gate__c":"a0nO0000003xMJvIAM","Id":"a0oO0000002tV8sIAE","Approval_Level__c":"4","Approval_Status__c":"Assigned Pending App (5 more) ...","Approver__c":"005O0000003t7anIAA","Current_Approver__c":false}]}]|0xf51fbfa
10:03:59.0 (136257622)|VARIABLE_SCOPE_BEGIN|[15]|ql|Database.QueryLocator|true|false
10:03:59.0 (136269753)|VARIABLE_ASSIGNMENT|[15]|ql|{"query":"SELECT ID, Status__c (230 more) ..."}|0x27e1b622
10:03:59.0 (136271976)|VARIABLE_SCOPE_BEGIN|[15]|totalNumRecords|Integer|false|false
10:03:59.0 (136275620)|VARIABLE_ASSIGNMENT|[15]|totalNumRecords|1
10:03:59.0 (136277499)|VARIABLE_SCOPE_BEGIN|[15]|queryMoreSize|Integer|false|false
10:03:59.0 (136279815)|VARIABLE_ASSIGNMENT|[15]|queryMoreSize|49999
10:03:59.0 (136346581)|HEAP_ALLOCATE|[64]|Bytes:28
10:03:59.0 (136367930)|METHOD_ENTRY|[64]||Database.QueryLocatorIterator.hasNext()
10:03:59.0 (136411437)|METHOD_EXIT|[64]||Database.QueryLocatorIterator.hasNext()
10:03:59.0 (136419225)|METHOD_ENTRY|[64]||Database.QueryLocatorIterator.next()
10:03:59.0 (136502850)|METHOD_EXIT|[64]||Database.QueryLocatorIterator.next()
10:03:59.0 (136510107)|VARIABLE_SCOPE_BEGIN|[64]|G|Gate__c|true|false
10:03:59.0 (136538620)|VARIABLE_ASSIGNMENT|[64]|G|{"Id":"a0nO0000003xMJvIAM","Status__c":"In Progress","Assigned_Approvers__ (1 more) ...":[{"Gate__c":"a0nO0000003xMJvIAM","Id":"a0oO0000002tV8tIAE","Approval_Level__c":"1","Approval_Status__c":"Assigned Pending App (5 more) ...","Approver__c":"00528000004d3msAAA","Current_Approver__c":false},{"Gate__c":"a0nO0000003xMJvIAM","Id":"a0oO0000002tV8uIAE","Approval_Level__c":"2","Approval_Status__c":"Assigned Pending App (5 more) ...","Approver__c":"005O0000003t7anIAA","Current_Approver__c":false},{"Gate__c":"a0nO0000003xMJvIAM","Id":"a0oO0000002tV8rIAE","Approval_Level__c":"3","Approval_Status__c":"Assigned Pending App (5 more) ...","Approver__c":"005O0000003t7anIAA","Current_Approver__c":false},{"Gate__c":"a0nO0000003xMJvIAM","Id":"a0oO0000002tV8sIAE","Approval_Level__c":"4","Approval_Status__c":"Assigned Pending App (5 more) ...","Approver__c":"005O0000003t7anIAA","Current_Approver__c":false}]}|0x7c7945cb
10:03:59.0 (136545652)|STATEMENT_EXECUTE|[69]
10:03:59.0 (136546986)|STATEMENT_EXECUTE|[71]
10:03:59.0 (136551988)|HEAP_ALLOCATE|[71]|Bytes:21
10:03:59.0 (136555992)|HEAP_ALLOCATE|[71]|Bytes:20
10:03:59.0 (136591474)|HEAP_ALLOCATE|[EXTERNAL]|Bytes:20
10:03:59.0 (136614555)|HEAP_ALLOCATE|[71]|Bytes:20
10:03:59.0 (136622693)|VARIABLE_SCOPE_BEGIN|[71]|AAs|List<Assigned_Approver__c>|true|false
10:03:59.0 (136649341)|VARIABLE_ASSIGNMENT|[71]|AAs|[{"Gate__c":"a0nO0000003xMJvIAM","Id":"a0oO0000002tV8tIAE","Approval_Level__c":"1","Approval_Status__c":"Assigned Pending App (5 more) ...","Approver__c":"00528000004d3msAAA","Current_Approver__c":false},{"Gate__c":"a0nO0000003xMJvIAM","Id":"a0oO0000002tV8uIAE","Approval_Level__c":"2","Approval_Status__c":"Assigned Pending App (5 more) ...","Approver__c":"005O0000003t7anIAA","Current_Approver__c":false},{"Gate__c":"a0nO0000003xMJvIAM","Id":"a0oO0000002tV8rIAE","Approval_Level__c":"3","Approval_Status__c":"Assigned Pending App (5 more) ...","Approver__c":"005O0000003t7anIAA","Current_Approver__c":false},{"Gate__c":"a0nO0000003xMJvIAM","Id":"a0oO0000002tV8sIAE","Approval_Level__c":"4","Approval_Status__c":"Assigned Pending App (5 more) ...","Approver__c":"005O0000003t7anIAA","Current_Approver__c":false}]|0x7f795f06
10:03:59.0 (136655635)|STATEMENT_EXECUTE|[72]
10:03:59.0 (136662672)|HEAP_ALLOCATE|[72]|Bytes:9
10:03:59.0 (136843254)|HEAP_ALLOCATE|[72]|Bytes:800
10:03:59.0 (136867455)|HEAP_ALLOCATE|[72]|Bytes:809
10:03:59.0 (136887011)|USER_DEBUG|[72]|ERROR|*** AAs: (Assigned_Approver__c:{Gate__c=a0nO0000003xMJvIAM, Id=a0oO0000002tV8tIAE, Approval_Level__c=1, Approval_Status__c=Assigned Pending Approval, Approver__c=00528000004d3msAAA, Current_Approver__c=false}, Assigned_Approver__c:{Gate__c=a0nO0000003xMJvIAM, Id=a0oO0000002tV8uIAE, Approval_Level__c=2, Approval_Status__c=Assigned Pending Approval, Approver__c=005O0000003t7anIAA, Current_Approver__c=false}, Assigned_Approver__c:{Gate__c=a0nO0000003xMJvIAM, Id=a0oO0000002tV8rIAE, Approval_Level__c=3, Approval_Status__c=Assigned Pending Approval, Approver__c=005O0000003t7anIAA, Current_Approver__c=false}, Assigned_Approver__c:{Gate__c=a0nO0000003xMJvIAM, Id=a0oO0000002tV8sIAE, Approval_Level__c=4, Approval_Status__c=Assigned Pending Approval, Approver__c=005O0000003t7anIAA, Current_Approver__c=false})
10:03:59.0 (136896781)|STATEMENT_EXECUTE|[74]
10:03:59.0 (136898325)|STATEMENT_EXECUTE|[77]
10:03:59.0 (136902254)|VARIABLE_SCOPE_BEGIN|[77]|updateGate|Boolean|false|false
10:03:59.0 (136908335)|HEAP_ALLOCATE|[77]|Bytes:5
10:03:59.0 (136915556)|VARIABLE_ASSIGNMENT|[77]|updateGate|false
10:03:59.0 (136918722)|STATEMENT_EXECUTE|[78]
10:03:59.0 (136923521)|VARIABLE_SCOPE_BEGIN|[78]|gateStatus|String|false|false
10:03:59.0 (136927980)|VARIABLE_ASSIGNMENT|[78]|gateStatus|""
10:03:59.0 (137040665)|HEAP_ALLOCATE|[79]|Bytes:5
10:03:59.0 (137057914)|HEAP_ALLOCATE|[79]|Bytes:28
10:03:59.0 (137065232)|VARIABLE_SCOPE_BEGIN|[79]|AA|Assigned_Approver__c|true|false
10:03:59.0 (137080484)|VARIABLE_ASSIGNMENT|[79]|AA|{"Gate__c":"a0nO0000003xMJvIAM","Id":"a0oO0000002tV8tIAE","Approval_Level__c":"1","Approval_Status__c":"Assigned Pending App (5 more) ...","Approver__c":"00528000004d3msAAA","Current_Approver__c":false}|0x92cae20
10:03:59.0 (137084433)|STATEMENT_EXECUTE|[79]
10:03:59.0 (137085559)|STATEMENT_EXECUTE|[80]
10:03:59.0 (137091109)|HEAP_ALLOCATE|[80]|Bytes:18
10:03:59.0 (137173477)|HEAP_ALLOCATE|[80]|Bytes:198
10:03:59.0 (137191250)|HEAP_ALLOCATE|[80]|Bytes:216
10:03:59.0 (137206397)|USER_DEBUG|[80]|ERROR|*** Debug 1 - AA: Assigned_Approver__c:{Gate__c=a0nO0000003xMJvIAM, Id=a0oO0000002tV8tIAE, Approval_Level__c=1, Approval_Status__c=Assigned Pending Approval, Approver__c=00528000004d3msAAA, Current_Approver__c=false}
10:03:59.0 (137239499)|HEAP_ALLOCATE|[83]|Bytes:8
10:03:59.0 (137260585)|HEAP_ALLOCATE|[90]|Bytes:8
10:03:59.0 (137272707)|HEAP_ALLOCATE|[96]|Bytes:25
10:03:59.0 (137286217)|HEAP_ALLOCATE|[96]|Bytes:8
10:03:59.0 (137292889)|HEAP_ALLOCATE|[96]|Bytes:11
10:03:59.0 (137299883)|STATEMENT_EXECUTE|[96]
10:03:59.0 (137301370)|STATEMENT_EXECUTE|[97]
10:03:59.0 (137309353)|VARIABLE_ASSIGNMENT|[97]|gateStatus|"In Progress"
10:03:59.0 (137311311)|STATEMENT_EXECUTE|[98]
10:03:59.0 (137315398)|HEAP_ALLOCATE|[98]|Bytes:5
10:03:59.0 (137320202)|VARIABLE_ASSIGNMENT|[98]|updateGate|false
10:03:59.0 (137321964)|STATEMENT_EXECUTE|[99]
10:03:59.0 (137326685)|HEAP_ALLOCATE|[99]|Bytes:40
10:03:59.0 (137332823)|HEAP_ALLOCATE|[99]|Bytes:51
10:03:59.0 (137362401)|USER_DEBUG|[99]|ERROR|*** Debug 2.c - In Progress gateStatus: In Progress
10:03:59.0 (137377586)|HEAP_ALLOCATE|[79]|Bytes:5
10:03:59.0 (137402782)|HEAP_ALLOCATE|[79]|Bytes:28
10:03:59.0 (137410842)|VARIABLE_SCOPE_BEGIN|[79]|AA|Assigned_Approver__c|true|false
10:03:59.0 (137426317)|VARIABLE_ASSIGNMENT|[79]|AA|{"Gate__c":"a0nO0000003xMJvIAM","Id":"a0oO0000002tV8uIAE","Approval_Level__c":"2","Approval_Status__c":"Assigned Pending App (5 more) ...","Approver__c":"005O0000003t7anIAA","Current_Approver__c":false}|0x51c4794e
10:03:59.0 (137430560)|STATEMENT_EXECUTE|[79]
10:03:59.0 (137431905)|STATEMENT_EXECUTE|[80]
10:03:59.0 (137488994)|HEAP_ALLOCATE|[80]|Bytes:198
10:03:59.0 (137503585)|HEAP_ALLOCATE|[80]|Bytes:216
10:03:59.0 (137515502)|USER_DEBUG|[80]|ERROR|*** Debug 1 - AA: Assigned_Approver__c:{Gate__c=a0nO0000003xMJvIAM, Id=a0oO0000002tV8uIAE, Approval_Level__c=2, Approval_Status__c=Assigned Pending Approval, Approver__c=005O0000003t7anIAA, Current_Approver__c=false}
10:03:59.0 (137552870)|STATEMENT_EXECUTE|[96]
10:03:59.0 (137554729)|STATEMENT_EXECUTE|[97]
10:03:59.0 (137562055)|VARIABLE_ASSIGNMENT|[97]|gateStatus|"In Progress"
10:03:59.0 (137563838)|STATEMENT_EXECUTE|[98]
10:03:59.0 (137568033)|HEAP_ALLOCATE|[98]|Bytes:5
10:03:59.0 (137573002)|VARIABLE_ASSIGNMENT|[98]|updateGate|false
10:03:59.0 (137574765)|STATEMENT_EXECUTE|[99]
10:03:59.0 (137579541)|HEAP_ALLOCATE|[99]|Bytes:51
10:03:59.0 (137591069)|USER_DEBUG|[99]|ERROR|*** Debug 2.c - In Progress gateStatus: In Progress
10:03:59.0 (137602522)|HEAP_ALLOCATE|[79]|Bytes:5
10:03:59.0 (137626168)|HEAP_ALLOCATE|[79]|Bytes:28
10:03:59.0 (137633998)|VARIABLE_SCOPE_BEGIN|[79]|AA|Assigned_Approver__c|true|false
10:03:59.0 (137648495)|VARIABLE_ASSIGNMENT|[79]|AA|{"Gate__c":"a0nO0000003xMJvIAM","Id":"a0oO0000002tV8rIAE","Approval_Level__c":"3","Approval_Status__c":"Assigned Pending App (5 more) ...","Approver__c":"005O0000003t7anIAA","Current_Approver__c":false}|0x6f1e1385
10:03:59.0 (137652172)|STATEMENT_EXECUTE|[79]
10:03:59.0 (137653173)|STATEMENT_EXECUTE|[80]
10:03:59.0 (137708642)|HEAP_ALLOCATE|[80]|Bytes:198
10:03:59.0 (137722784)|HEAP_ALLOCATE|[80]|Bytes:216
10:03:59.0 (137734146)|USER_DEBUG|[80]|ERROR|*** Debug 1 - AA: Assigned_Approver__c:{Gate__c=a0nO0000003xMJvIAM, Id=a0oO0000002tV8rIAE, Approval_Level__c=3, Approval_Status__c=Assigned Pending Approval, Approver__c=005O0000003t7anIAA, Current_Approver__c=false}
10:03:59.0 (137770473)|STATEMENT_EXECUTE|[96]
10:03:59.0 (137772255)|STATEMENT_EXECUTE|[97]
10:03:59.0 (137779349)|VARIABLE_ASSIGNMENT|[97]|gateStatus|"In Progress"
10:03:59.0 (137781075)|STATEMENT_EXECUTE|[98]
10:03:59.0 (137785370)|HEAP_ALLOCATE|[98]|Bytes:5
10:03:59.0 (137790028)|VARIABLE_ASSIGNMENT|[98]|updateGate|false
10:03:59.0 (137791677)|STATEMENT_EXECUTE|[99]
10:03:59.0 (137796407)|HEAP_ALLOCATE|[99]|Bytes:51
10:03:59.0 (137806713)|USER_DEBUG|[99]|ERROR|*** Debug 2.c - In Progress gateStatus: In Progress
10:03:59.0 (137817967)|HEAP_ALLOCATE|[79]|Bytes:5
10:03:59.0 (137841417)|HEAP_ALLOCATE|[79]|Bytes:28
10:03:59.0 (137849327)|VARIABLE_SCOPE_BEGIN|[79]|AA|Assigned_Approver__c|true|false
10:03:59.0 (137863551)|VARIABLE_ASSIGNMENT|[79]|AA|{"Gate__c":"a0nO0000003xMJvIAM","Id":"a0oO0000002tV8sIAE","Approval_Level__c":"4","Approval_Status__c":"Assigned Pending App (5 more) ...","Approver__c":"005O0000003t7anIAA","Current_Approver__c":false}|0x6e0a5265
10:03:59.0 (137867120)|STATEMENT_EXECUTE|[79]
10:03:59.0 (137868487)|STATEMENT_EXECUTE|[80]
10:03:59.0 (137924066)|HEAP_ALLOCATE|[80]|Bytes:198
10:03:59.0 (137938377)|HEAP_ALLOCATE|[80]|Bytes:216
10:03:59.0 (137949738)|USER_DEBUG|[80]|ERROR|*** Debug 1 - AA: Assigned_Approver__c:{Gate__c=a0nO0000003xMJvIAM, Id=a0oO0000002tV8sIAE, Approval_Level__c=4, Approval_Status__c=Assigned Pending Approval, Approver__c=005O0000003t7anIAA, Current_Approver__c=false}
10:03:59.0 (137985482)|STATEMENT_EXECUTE|[96]
10:03:59.0 (137987251)|STATEMENT_EXECUTE|[97]
10:03:59.0 (137994416)|VARIABLE_ASSIGNMENT|[97]|gateStatus|"In Progress"
10:03:59.0 (137996126)|STATEMENT_EXECUTE|[98]
10:03:59.0 (138000403)|HEAP_ALLOCATE|[98]|Bytes:5
10:03:59.0 (138005941)|VARIABLE_ASSIGNMENT|[98]|updateGate|false
10:03:59.0 (138007533)|STATEMENT_EXECUTE|[99]
10:03:59.0 (138012365)|HEAP_ALLOCATE|[99]|Bytes:51
10:03:59.0 (138022814)|USER_DEBUG|[99]|ERROR|*** Debug 2.c - In Progress gateStatus: In Progress
10:03:59.0 (138034247)|HEAP_ALLOCATE|[79]|Bytes:5
10:03:59.0 (138044768)|VARIABLE_ASSIGNMENT|[79]|AA|null|
10:03:59.0 (138048528)|STATEMENT_EXECUTE|[115]
10:03:59.0 (138053715)|HEAP_ALLOCATE|[115]|Bytes:26
10:03:59.0 (138060199)|HEAP_ALLOCATE|[115]|Bytes:37
10:03:59.0 (138081435)|USER_DEBUG|[115]|ERROR|*** Debug 3 - gateStatus: In Progress
10:03:59.0 (138097816)|STATEMENT_EXECUTE|[118]
10:03:59.0 (138127595)|HEAP_ALLOCATE|[119]|Bytes:5
10:03:59.0 (138142166)|HEAP_ALLOCATE|[119]|Bytes:28
10:03:59.0 (138148918)|VARIABLE_SCOPE_BEGIN|[119]|AA|Assigned_Approver__c|true|false
10:03:59.0 (138162405)|VARIABLE_ASSIGNMENT|[119]|AA|{"Gate__c":"a0nO0000003xMJvIAM","Id":"a0oO0000002tV8tIAE","Approval_Level__c":"1","Approval_Status__c":"Assigned Pending App (5 more) ...","Approver__c":"00528000004d3msAAA","Current_Approver__c":false}|0x92cae20
10:03:59.0 (138165934)|STATEMENT_EXECUTE|[119]
10:03:59.0 (138186524)|STATEMENT_EXECUTE|[120]
10:03:59.0 (138188101)|STATEMENT_EXECUTE|[121]
10:03:59.0 (138249897)|VARIABLE_ASSIGNMENT|[121]|this.Current_Approver__c|true|0x92cae20
10:03:59.0 (138253557)|STATEMENT_EXECUTE|[122]
10:03:59.0 (138286351)|HEAP_ALLOCATE|[EXTERNAL]|Bytes:4
10:03:59.0 (138295280)|STATEMENT_EXECUTE|[123]
10:03:59.0 (138302373)|VARIABLE_ASSIGNMENT|[119]|AA|null|
10:03:59.0 (138306544)|STATEMENT_EXECUTE|[130]
10:03:59.0 (138312681)|METHOD_ENTRY|[64]||Database.QueryLocatorIterator.hasNext()
10:03:59.0 (138328355)|METHOD_EXIT|[64]||Database.QueryLocatorIterator.hasNext()
10:03:59.0 (138334962)|VARIABLE_ASSIGNMENT|[64]|G|null|
10:03:59.0 (138352582)|STATEMENT_EXECUTE|[138]
10:03:59.0 (138353979)|STATEMENT_EXECUTE|[138]
10:03:59.0 (138375756)|STATEMENT_EXECUTE|[139]
10:03:59.0 (138377565)|STATEMENT_EXECUTE|[140]
10:03:59.0 (138419644)|DML_BEGIN|[140]|Op:Update|Type:Assigned_Approver__c|Rows:1
10:03:59.0 (138428838)|LIMIT_USAGE|[140]|DML|1|150
10:03:59.0 (138436204)|LIMIT_USAGE|[140]|DML_ROWS|1|10000
10:03:59.0 (138446173)|HEAP_ALLOCATE|[EXTERNAL]|Bytes:8
10:03:59.0 (156519586)|CODE_UNIT_STARTED|[EXTERNAL]|01qO00000000Ue8|AssignedApproverTrigger on Assigned_Approver trigger event BeforeUpdate for [a0oO0000002tV8t]
10:03:59.0 (156557391)|HEAP_ALLOCATE|[EXTERNAL]|Bytes:8
10:03:59.0 (156583631)|HEAP_ALLOCATE|[EXTERNAL]|Bytes:8
10:03:59.0 (156661267)|HEAP_ALLOCATE|[EXTERNAL]|Bytes:1
10:03:59.0 (156678001)|HEAP_ALLOCATE|[EXTERNAL]|Bytes:4
10:03:59.0 (156684239)|VARIABLE_SCOPE_BEGIN|[1]|this|AssignedApproverTrigger|true|false
10:03:59.0 (156705722)|VARIABLE_ASSIGNMENT|[1]|this|{}|0x57ed2a79
10:03:59.0 (156747762)|HEAP_ALLOCATE|[EXTERNAL]|Bytes:4
10:03:59.0 (156755154)|VARIABLE_SCOPE_BEGIN|[1]|this|AssignedApproverTrigger|true|false
10:03:59.0 (156765189)|VARIABLE_ASSIGNMENT|[1]|this|{}|0x57ed2a79
10:03:59.0 (156769297)|STATEMENT_EXECUTE|[1]
10:03:59.0 (156770798)|STATEMENT_EXECUTE|[2]
10:03:59.0 (156778078)|HEAP_ALLOCATE|[2]|Bytes:36
10:03:59.0 (156813672)|USER_DEBUG|[2]|ERROR|*** Assigned Approver Trigger Firing
10:03:59.0 (156820960)|STATEMENT_EXECUTE|[3]
10:03:59.0 (161378482)|HEAP_ALLOCATE|[3]|Bytes:11
10:03:59.0 (161385572)|HEAP_ALLOCATE|[3]|Bytes:17
10:03:59.0 (161400798)|METHOD_ENTRY|[12]|01pO00000003Sem|Assigned_Approver_TriggerHandler.Assigned_Approver_TriggerHandler()
10:03:59.0 (161404097)|STATEMENT_EXECUTE|[12]
10:03:59.0 (161407650)|STATEMENT_EXECUTE|[12]
10:03:59.0 (161414910)|HEAP_ALLOCATE|[3]|Bytes:5
10:03:59.0 (161424763)|METHOD_EXIT|[12]|Assigned_Approver_TriggerHandler
10:03:59.0 (161437127)|HEAP_ALLOCATE|[3]|Bytes:12
10:03:59.0 (161448968)|CONSTRUCTOR_ENTRY|[3]|01pO00000003Sem|<init>()
10:03:59.0 (161472642)|VARIABLE_SCOPE_BEGIN|[13]|this|Assigned_Approver_TriggerHandler|true|false
10:03:59.0 (161494581)|VARIABLE_ASSIGNMENT|[13]|this|{}|0x1adac133
10:03:59.0 (161503531)|HEAP_ALLOCATE|[13]|Bytes:5
10:03:59.0 (161507001)|STATEMENT_EXECUTE|[12]
10:03:59.0 (161510177)|HEAP_ALLOCATE|[13]|Bytes:5
10:03:59.0 (161518148)|CONSTRUCTOR_ENTRY|[13]|01pO00000003AAn|<init>()
10:03:59.0 (161555925)|VARIABLE_SCOPE_BEGIN|[22]|this|TriggerHandler|true|false
10:03:59.0 (161570353)|VARIABLE_ASSIGNMENT|[22]|this|{}|0x1adac133
10:03:59.0 (161573914)|STATEMENT_EXECUTE|[1]
10:03:59.0 (161575280)|STATEMENT_EXECUTE|[9]
10:03:59.0 (161576543)|STATEMENT_EXECUTE|[13]
10:03:59.0 (161590451)|STATEMENT_EXECUTE|[22]
10:03:59.0 (161592073)|STATEMENT_EXECUTE|[23]
10:03:59.0 (161605890)|METHOD_ENTRY|[23]|01pO00000003AAn|TriggerHandler.setTriggerContext()
10:03:59.0 (161610105)|VARIABLE_SCOPE_BEGIN|[94]|this|TriggerHandler|true|false
10:03:59.0 (161621533)|VARIABLE_ASSIGNMENT|[94]|this|{}|0x1adac133
10:03:59.0 (161625401)|STATEMENT_EXECUTE|[94]
10:03:59.0 (161626602)|STATEMENT_EXECUTE|[95]
10:03:59.0 (161634174)|METHOD_ENTRY|[95]|01pO00000003AAn|TriggerHandler.setTriggerContext(String, Boolean)
10:03:59.0 (161637784)|VARIABLE_SCOPE_BEGIN|[99]|this|TriggerHandler|true|false
10:03:59.0 (161647322)|VARIABLE_ASSIGNMENT|[99]|this|{}|0x1adac133
10:03:59.0 (161649583)|VARIABLE_SCOPE_BEGIN|[99]|ctx|String|false|false
10:03:59.0 (161653217)|VARIABLE_ASSIGNMENT|[99]|ctx|null
10:03:59.0 (161657206)|VARIABLE_SCOPE_BEGIN|[99]|testMode|Boolean|false|false
10:03:59.0 (161660890)|VARIABLE_ASSIGNMENT|[99]|testMode|false
10:03:59.0 (161664192)|STATEMENT_EXECUTE|[99]
10:03:59.0 (161672086)|STATEMENT_EXECUTE|[103]
10:03:59.0 (161673450)|STATEMENT_EXECUTE|[104]
10:03:59.0 (161677603)|HEAP_ALLOCATE|[104]|Bytes:5
10:03:59.0 (161692631)|STATEMENT_EXECUTE|[111]
10:03:59.0 (161694009)|STATEMENT_EXECUTE|[112]
10:03:59.0 (161701665)|METHOD_EXIT|[95]|01pO00000003AAn|TriggerHandler.setTriggerContext(String, Boolean)
10:03:59.0 (161706469)|METHOD_EXIT|[23]|01pO00000003AAn|TriggerHandler.setTriggerContext()
10:03:59.0 (161711381)|CONSTRUCTOR_EXIT|[13]|01pO00000003AAn|<init>()
10:03:59.0 (161713260)|STATEMENT_EXECUTE|[13]
10:03:59.0 (161718749)|CONSTRUCTOR_EXIT|[3]|01pO00000003Sem|<init>()
10:03:59.0 (161726646)|METHOD_ENTRY|[3]|01pO00000003AAn|TriggerHandler.run()
10:03:59.0 (161730165)|VARIABLE_SCOPE_BEGIN|[31]|this|TriggerHandler|true|false
10:03:59.0 (161748664)|VARIABLE_ASSIGNMENT|[31]|this|{"context":"0x35dfc3d6","isTriggerExecuting":true}|0x1adac133
10:03:59.0 (161752765)|STATEMENT_EXECUTE|[31]
10:03:59.0 (161758257)|METHOD_ENTRY|[33]|01pO00000003AAn|TriggerHandler.validateRun()
10:03:59.0 (161761747)|VARIABLE_SCOPE_BEGIN|[146]|this|TriggerHandler|true|false
10:03:59.0 (161773667)|VARIABLE_ASSIGNMENT|[146]|this|{"context":"0x35dfc3d6","isTriggerExecuting":true}|0x1adac133
10:03:59.0 (161777231)|STATEMENT_EXECUTE|[146]
10:03:59.0 (161781293)|STATEMENT_EXECUTE|[147]
10:03:59.0 (161788004)|METHOD_ENTRY|[150]|01pO00000003AAn|TriggerHandler.getHandlerName()
10:03:59.0 (161791660)|VARIABLE_SCOPE_BEGIN|[157]|this|TriggerHandler|true|false
10:03:59.0 (161803134)|VARIABLE_ASSIGNMENT|[157]|this|{"context":"0x35dfc3d6","isTriggerExecuting":true}|0x1adac133
10:03:59.0 (161806928)|STATEMENT_EXECUTE|[157]
10:03:59.0 (161808106)|STATEMENT_EXECUTE|[158]
10:03:59.0 (161868732)|HEAP_ALLOCATE|[158]|Bytes:179
10:03:59.0 (161909812)|HEAP_ALLOCATE|[158]|Bytes:179
10:03:59.0 (161938270)|HEAP_ALLOCATE|[158]|Bytes:32
10:03:59.0 (161946346)|METHOD_EXIT|[150]|01pO00000003AAn|TriggerHandler.getHandlerName()
10:03:59.0 (161959858)|STATEMENT_EXECUTE|[150]
10:03:59.0 (161961639)|STATEMENT_EXECUTE|[153]
10:03:59.0 (161964328)|METHOD_EXIT|[33]|01pO00000003AAn|TriggerHandler.validateRun()
10:03:59.0 (161967178)|STATEMENT_EXECUTE|[33]
10:03:59.0 (161968303)|STATEMENT_EXECUTE|[35]
10:03:59.0 (161972983)|METHOD_ENTRY|[35]|01pO00000003AAn|TriggerHandler.addToLoopCount()
10:03:59.0 (161976568)|VARIABLE_SCOPE_BEGIN|[133]|this|TriggerHandler|true|false
10:03:59.0 (161993150)|VARIABLE_ASSIGNMENT|[133]|this|{"context":"0x35dfc3d6","isTriggerExecuting":true}|0x1adac133
10:03:59.0 (161997458)|STATEMENT_EXECUTE|[133]
10:03:59.0 (161998625)|STATEMENT_EXECUTE|[134]
10:03:59.0 (162003760)|METHOD_ENTRY|[134]|01pO00000003AAn|TriggerHandler.getHandlerName()
10:03:59.0 (162007875)|VARIABLE_SCOPE_BEGIN|[157]|this|TriggerHandler|true|false
10:03:59.0 (162019220)|VARIABLE_ASSIGNMENT|[157]|this|{"context":"0x35dfc3d6","isTriggerExecuting":true}|0x1adac133
10:03:59.0 (162022455)|STATEMENT_EXECUTE|[157]
10:03:59.0 (162023996)|STATEMENT_EXECUTE|[158]
10:03:59.0 (162057783)|HEAP_ALLOCATE|[158]|Bytes:179
10:03:59.0 (162094815)|HEAP_ALLOCATE|[158]|Bytes:179
10:03:59.0 (162119074)|HEAP_ALLOCATE|[158]|Bytes:32
10:03:59.0 (162126906)|METHOD_EXIT|[134]|01pO00000003AAn|TriggerHandler.getHandlerName()
10:03:59.0 (162135826)|VARIABLE_SCOPE_BEGIN|[134]|handlerName|String|false|false
10:03:59.0 (162145508)|VARIABLE_ASSIGNMENT|[134]|handlerName|"Assigned_Approver_Tr (12 more) ..."
10:03:59.0 (162159391)|STATEMENT_EXECUTE|[135]
10:03:59.0 (162162833)|METHOD_EXIT|[35]|01pO00000003AAn|TriggerHandler.addToLoopCount()
10:03:59.0 (162210587)|STATEMENT_EXECUTE|[40]
10:03:59.0 (162212636)|STATEMENT_EXECUTE|[41]
10:03:59.0 (162220659)|METHOD_ENTRY|[41]|01pO00000003Sem|Assigned_Approver_TriggerHandler.beforeUpdate()
10:03:59.0 (162225982)|VARIABLE_SCOPE_BEGIN|[17]|this|Assigned_Approver_TriggerHandler|true|false
10:03:59.0 (162242474)|VARIABLE_ASSIGNMENT|[17]|this|{"context":"0x35dfc3d6","isTriggerExecuting":true}|0x1adac133
10:03:59.0 (162251510)|HEAP_ALLOCATE|[18]|Bytes:5
10:03:59.0 (162254700)|STATEMENT_EXECUTE|[17]
10:03:59.0 (162255719)|STATEMENT_EXECUTE|[18]
10:03:59.0 (162265547)|METHOD_ENTRY|[18]|01pO00000003Sem|Assigned_Approver_TriggerHandler.findCurrentApproversThatHaveApproved()
10:03:59.0 (162290916)|HEAP_ALLOCATE|[30]|Bytes:5
10:03:59.0 (162294511)|STATEMENT_EXECUTE|[29]
10:03:59.0 (162295679)|STATEMENT_EXECUTE|[30]
10:03:59.0 (162300698)|HEAP_ALLOCATE|[30]|Bytes:20
10:03:59.0 (163054649)|HEAP_ALLOCATE|[30]|Bytes:655
10:03:59.0 (163076440)|HEAP_ALLOCATE|[30]|Bytes:675
10:03:59.0 (163092316)|USER_DEBUG|[30]|ERROR|*** Find approvers: (Assigned_Approver__c:{Id=a0oO0000002tV8tIAE, IsDeleted=false, Name=Approver-000000084, CreatedDate=2017-03-26 23:03:44, CreatedById=005O0000003t7anIAA, LastModifiedDate=2017-03-26 23:03:44, LastModifiedById=005O0000003t7anIAA, SystemModstamp=2017-03-26 23:03:44, LastViewedDate=null, LastReferencedDate=null, Approver__c=00528000004d3msAAA, Gate__c=a0nO0000003xMJvIAM, Approval_Level__c=1, Approval_Status__c=Assigned Pending Approval, Approval_Comments__c=null, No_of_Approval_Conditions__c=0, Current_Approver__c=true, Approver_Role__c=Regional Pre Contracts Manager, Wet_Signature_Received__c=false, Wet_Signature_Date__c=null, Decision_Date__c=null})
10:03:59.0 (163100602)|STATEMENT_EXECUTE|[32]
10:03:59.0 (163106163)|HEAP_ALLOCATE|[32]|Bytes:4
10:03:59.0 (163137225)|VARIABLE_SCOPE_BEGIN|[32]|gatesToFindNextApprover|Set<Id>|true|false
10:03:59.0 (163153734)|VARIABLE_ASSIGNMENT|[32]|gatesToFindNextApprover|[]|0x6fdcf0ad
10:03:59.0 (163203428)|HEAP_ALLOCATE|[33]|Bytes:5
10:03:59.0 (163218213)|HEAP_ALLOCATE|[33]|Bytes:4
10:03:59.0 (163225791)|VARIABLE_SCOPE_BEGIN|[33]|AA|Assigned_Approver__c|true|false
10:03:59.0 (163368697)|VARIABLE_ASSIGNMENT|[33]|AA|{"Approval_Level__c":"1","LastModifiedDate":"2017-03-26T23:03:44.000Z","IsDeleted":false,"Approver__c":"00528000004d3msAAA","Wet_Signature_Receiv (5 more) ...":false,"Gate__c":"a0nO0000003xMJvIAM","Name":"Approver-000000084","SystemModstamp":"2017-03-26T23:03:44.000Z","CreatedById":"005O0000003t7anIAA","Approver_Role__c":"Regional Pre Contrac (10 more) ...","No_of_Approval_Condi (8 more) ...":0,"CreatedDate":"2017-03-26T23:03:44.000Z","Id":"a0oO0000002tV8tIAE","Current_Approver__c":true,"LastModifiedById":"005O0000003t7anIAA","Approval_Status__c":"Assigned Pending App (5 more) ..."}|0x411f936a
10:03:59.0 (163374990)|STATEMENT_EXECUTE|[33]
10:03:59.0 (163376650)|STATEMENT_EXECUTE|[34]
10:03:59.0 (163504153)|VARIABLE_SCOPE_BEGIN|[34]|oldApprover|Assigned_Approver__c|true|false
10:03:59.0 (163758837)|VARIABLE_ASSIGNMENT|[34]|oldApprover|{"Approval_Level__c":"1","LastModifiedDate":"2017-03-26T23:03:44.000Z","IsDeleted":false,"Approver__c":"00528000004d3msAAA","Wet_Signature_Receiv (5 more) ...":false,"Gate__c":"a0nO0000003xMJvIAM","Name":"Approver-000000084","SystemModstamp":"2017-03-26T23:03:44.000Z","CreatedById":"005O0000003t7anIAA","Approver_Role__c":"Regional Pre Contrac (10 more) ...","No_of_Approval_Condi (8 more) ...":0,"CreatedDate":"2017-03-26T23:03:44.000Z","Id":"a0oO0000002tV8tIAE","Current_Approver__c":false,"LastModifiedById":"005O0000003t7anIAA","Approval_Status__c":"Assigned Pending App (5 more) ..."}|0x4f55c863
10:03:59.0 (163765235)|STATEMENT_EXECUTE|[35]
10:03:59.0 (163781951)|HEAP_ALLOCATE|[35]|Bytes:15
10:03:59.0 (164006103)|HEAP_ALLOCATE|[35]|Bytes:653
10:03:59.0 (164025891)|HEAP_ALLOCATE|[35]|Bytes:668
10:03:59.0 (164041225)|USER_DEBUG|[35]|ERROR|*** Approvers: Assigned_Approver__c:{Id=a0oO0000002tV8tIAE, IsDeleted=false, Name=Approver-000000084, CreatedDate=2017-03-26 23:03:44, CreatedById=005O0000003t7anIAA, LastModifiedDate=2017-03-26 23:03:44, LastModifiedById=005O0000003t7anIAA, SystemModstamp=2017-03-26 23:03:44, LastViewedDate=null, LastReferencedDate=null, Approver__c=00528000004d3msAAA, Gate__c=a0nO0000003xMJvIAM, Approval_Level__c=1, Approval_Status__c=Assigned Pending Approval, Approval_Comments__c=null, No_of_Approval_Conditions__c=0, Current_Approver__c=true, Approver_Role__c=Regional Pre Contracts Manager, Wet_Signature_Received__c=false, Wet_Signature_Date__c=null, Decision_Date__c=null}
10:03:59.0 (164092683)|STATEMENT_EXECUTE|[37]
10:03:59.0 (164111176)|HEAP_ALLOCATE|[33]|Bytes:5
10:03:59.0 (164134980)|VARIABLE_ASSIGNMENT|[33]|AA|null|
10:03:59.0 (164173462)|STATEMENT_EXECUTE|[52]
10:03:59.0 (164185851)|METHOD_EXIT|[18]|01pO00000003Sem|Assigned_Approver_TriggerHandler.findCurrentApproversThatHaveApproved()
10:03:59.0 (164195640)|METHOD_EXIT|[41]|01pO00000003Sem|Assigned_Approver_TriggerHandler.beforeUpdate()
10:03:59.0 (164201341)|METHOD_EXIT|[3]|01pO00000003AAn|TriggerHandler.run()
10:03:59.164 (164210540)|CUMULATIVE_LIMIT_USAGE
10:03:59.164 (164210540)|LIMIT_USAGE_FOR_NS|(default)|
  Number of SOQL queries: 1 out of 100
  Number of query rows: 1 out of 50000
  Number of SOSL queries: 0 out of 20
  Number of DML statements: 1 out of 150
  Number of DML rows: 1 out of 10000
  Maximum CPU time: 0 out of 10000
  Maximum heap size: 0 out of 6000000
  Number of callouts: 0 out of 100
  Number of Email Invocations: 0 out of 10
  Number of future calls: 0 out of 50
  Number of queueable jobs added to the queue: 0 out of 50
  Number of Mobile Apex push calls: 0 out of 10

10:03:59.164 (164210540)|TOTAL_EMAIL_RECIPIENTS_QUEUED|0
10:03:59.164 (164210540)|STATIC_VARIABLE_LIST|
  String:_sfdcAdditionalCodeLocations:0
  String:_sfdcAdditionalCodeLocations:0
  long:serialVersionUID:0
  String:_sfdcAdditionalCodeLocations:0
  double:MAX_VALUE:0
  long:serialVersionUID:0
  String:_sfdcAdditionalCodeLocations:0
  int:SIZE:0
  TriggerHandler.TriggerContext:BEFORE_INSERT:0
  int:MAX_VALUE:0
  TriggerHandler.TriggerContext:AFTER_UNDELETE:0
  String:_sfdcSuppressedCodeLocations:0
  int:MIN_VALUE:0
  char[]:DigitOnes:0
  String:_sfdcSuppressedCodeLocations:0
  int:MIN_EXPONENT:0
  String:_sfdcSuppressedCodeLocations:0
  int:MAX_EXPONENT:0
  int:BYTES:0
  char[]:DigitTens:0
  long:serialVersionUID:0
  String:_sfdcAdditionalCodeLocations:0
  Boolean:FALSE:0
  double:MIN_VALUE:0
  double:NEGATIVE_INFINITY:0
  char[]:digits:0
  double:NaN:0
  Boolean:TRUE:0
  TriggerHandler.TriggerContext:AFTER_INSERT:0
  String:__sfdcParameterizedTypes:0
  TriggerHandler.TriggerContext:AFTER_DELETE:0
  TriggerHandler.TriggerContext:AFTER_UPDATE:0
  String:__sfdcInnerTypes:0
  int:BYTES:0
  Map<String,TriggerHandler.LoopCount>:_static_loopCountMap:0
  Set<String>:_static_bypassedHandlers:0
  int[]:sizeTable:0
  TriggerHandler.TriggerContext:BEFORE_DELETE:0
  TriggerHandler.TriggerContext:BEFORE_UPDATE:0
  int:SIZE:0
  double:POSITIVE_INFINITY:0
  double:MIN_NORMAL:0

10:03:59.164 (164210540)|CUMULATIVE_LIMIT_USAGE_END

10:03:59.0 (165813155)|CODE_UNIT_FINISHED|AssignedApproverTrigger on Assigned_Approver trigger event BeforeUpdate for [a0oO0000002tV8t]
10:03:59.0 (169246287)|CODE_UNIT_STARTED|[EXTERNAL]|Validation:Assigned_Approver:a0oO0000002tV8t
10:03:59.0 (169254629)|VALIDATION_RULE|03dO00000001173|Enter_comments_after_status
10:03:59.0 (169557859)|VALIDATION_FORMULA|AND(
ISPICKVAL( Approval_Status__c, "Approved"), 
ISBLANK(Approval_Comments__c))

&#124;&#124;

AND( 
ISPICKVAL( Approval_Status__c, "Resubmit"),
ISBLANK(Approval_Comments__c))

&#124;&#124;

AND( 
ISPICKVAL( Approval_Status__c, "Rejected"),
ISBLANK(Approval_Comments__c))|Approval_Status__c=Assigned Pending Approval , Approval_Comments__c=null
10:03:59.0 (169568773)|VALIDATION_PASS
10:03:59.0 (169570674)|VALIDATION_RULE|03dO00000000z89|Wet_Signature_Date_Mandatory
10:03:59.0 (169690243)|VALIDATION_FORMULA|AND(Wet_Signature_Received__c = TRUE,  ISBLANK(Wet_Signature_Date__c))|Wet_Signature_Date__c=null , Wet_Signature_Received__c=0
10:03:59.0 (169695263)|VALIDATION_PASS
10:03:59.0 (169720603)|CODE_UNIT_FINISHED|Validation:Assigned_Approver:a0oO0000002tV8t
10:03:59.0 (185405406)|CODE_UNIT_STARTED|[EXTERNAL]|01qO00000000Ue8|AssignedApproverTrigger on Assigned_Approver trigger event AfterUpdate for [a0oO0000002tV8t]
10:03:59.0 (185431691)|HEAP_ALLOCATE|[EXTERNAL]|Bytes:8
10:03:59.0 (185456196)|HEAP_ALLOCATE|[EXTERNAL]|Bytes:8
10:03:59.0 (185512812)|HEAP_ALLOCATE|[EXTERNAL]|Bytes:4
10:03:59.0 (185522865)|VARIABLE_SCOPE_BEGIN|[1]|this|AssignedApproverTrigger|true|false
10:03:59.0 (185547891)|VARIABLE_ASSIGNMENT|[1]|this|{}|0x3da48d27
10:03:59.0 (185577547)|HEAP_ALLOCATE|[EXTERNAL]|Bytes:4
10:03:59.0 (185581877)|VARIABLE_SCOPE_BEGIN|[1]|this|AssignedApproverTrigger|true|false
10:03:59.0 (185589760)|VARIABLE_ASSIGNMENT|[1]|this|{}|0x3da48d27
10:03:59.0 (185594081)|STATEMENT_EXECUTE|[1]
10:03:59.0 (185595679)|STATEMENT_EXECUTE|[2]
10:03:59.0 (185626372)|USER_DEBUG|[2]|ERROR|*** Assigned Approver Trigger Firing
10:03:59.0 (185633143)|STATEMENT_EXECUTE|[3]
10:03:59.0 (185638441)|HEAP_ALLOCATE|[3]|Bytes:12
10:03:59.0 (185648644)|CONSTRUCTOR_ENTRY|[3]|01pO00000003Sem|<init>()
10:03:59.0 (185653742)|VARIABLE_SCOPE_BEGIN|[13]|this|Assigned_Approver_TriggerHandler|true|false
10:03:59.0 (185690172)|VARIABLE_ASSIGNMENT|[13]|this|{}|0x27fc3ba1
10:03:59.0 (185709150)|HEAP_ALLOCATE|[13]|Bytes:5
10:03:59.0 (185715597)|STATEMENT_EXECUTE|[12]
10:03:59.0 (185721523)|HEAP_ALLOCATE|[13]|Bytes:5
10:03:59.0 (185736590)|CONSTRUCTOR_ENTRY|[13]|01pO00000003AAn|<init>()
10:03:59.0 (185742624)|VARIABLE_SCOPE_BEGIN|[22]|this|TriggerHandler|true|false
10:03:59.0 (185758107)|VARIABLE_ASSIGNMENT|[22]|this|{}|0x27fc3ba1
10:03:59.0 (185761863)|STATEMENT_EXECUTE|[1]
10:03:59.0 (185763160)|STATEMENT_EXECUTE|[9]
10:03:59.0 (185764330)|STATEMENT_EXECUTE|[13]
10:03:59.0 (185781233)|STATEMENT_EXECUTE|[22]
10:03:59.0 (185782789)|STATEMENT_EXECUTE|[23]
10:03:59.0 (185791434)|METHOD_ENTRY|[23]|01pO00000003AAn|TriggerHandler.setTriggerContext()
10:03:59.0 (185795587)|VARIABLE_SCOPE_BEGIN|[94]|this|TriggerHandler|true|false
10:03:59.0 (185805830)|VARIABLE_ASSIGNMENT|[94]|this|{}|0x27fc3ba1
10:03:59.0 (185810376)|STATEMENT_EXECUTE|[94]
10:03:59.0 (185811482)|STATEMENT_EXECUTE|[95]
10:03:59.0 (185818889)|METHOD_ENTRY|[95]|01pO00000003AAn|TriggerHandler.setTriggerContext(String, Boolean)
10:03:59.0 (185822311)|VARIABLE_SCOPE_BEGIN|[99]|this|TriggerHandler|true|false
10:03:59.0 (185831514)|VARIABLE_ASSIGNMENT|[99]|this|{}|0x27fc3ba1
10:03:59.0 (185833849)|VARIABLE_SCOPE_BEGIN|[99]|ctx|String|false|false
10:03:59.0 (185837567)|VARIABLE_ASSIGNMENT|[99]|ctx|null
10:03:59.0 (185841335)|VARIABLE_SCOPE_BEGIN|[99]|testMode|Boolean|false|false
10:03:59.0 (185844943)|VARIABLE_ASSIGNMENT|[99]|testMode|false
10:03:59.0 (185847933)|STATEMENT_EXECUTE|[99]
10:03:59.0 (185860626)|STATEMENT_EXECUTE|[103]
10:03:59.0 (185862011)|STATEMENT_EXECUTE|[104]
10:03:59.0 (185867673)|HEAP_ALLOCATE|[104]|Bytes:5
10:03:59.0 (185895214)|STATEMENT_EXECUTE|[120]
10:03:59.0 (185896729)|STATEMENT_EXECUTE|[121]
10:03:59.0 (185904634)|METHOD_EXIT|[95]|01pO00000003AAn|TriggerHandler.setTriggerContext(String, Boolean)
10:03:59.0 (185909206)|METHOD_EXIT|[23]|01pO00000003AAn|TriggerHandler.setTriggerContext()
10:03:59.0 (185914432)|CONSTRUCTOR_EXIT|[13]|01pO00000003AAn|<init>()
10:03:59.0 (185916356)|STATEMENT_EXECUTE|[13]
10:03:59.0 (185922333)|CONSTRUCTOR_EXIT|[3]|01pO00000003Sem|<init>()
10:03:59.0 (185927057)|METHOD_ENTRY|[3]|01pO00000003AAn|TriggerHandler.run()
10:03:59.0 (185930433)|VARIABLE_SCOPE_BEGIN|[31]|this|TriggerHandler|true|false
10:03:59.0 (185949721)|VARIABLE_ASSIGNMENT|[31]|this|{"context":"0x1f99a423","isTriggerExecuting":true}|0x27fc3ba1
10:03:59.0 (185953751)|STATEMENT_EXECUTE|[31]
10:03:59.0 (185958759)|METHOD_ENTRY|[33]|01pO00000003AAn|TriggerHandler.validateRun()
10:03:59.0 (185962442)|VARIABLE_SCOPE_BEGIN|[146]|this|TriggerHandler|true|false
10:03:59.0 (185974179)|VARIABLE_ASSIGNMENT|[146]|this|{"context":"0x1f99a423","isTriggerExecuting":true}|0x27fc3ba1
10:03:59.0 (185977614)|STATEMENT_EXECUTE|[146]
10:03:59.0 (185982189)|STATEMENT_EXECUTE|[147]
10:03:59.0 (185988453)|METHOD_ENTRY|[150]|01pO00000003AAn|TriggerHandler.getHandlerName()
10:03:59.0 (185991978)|VARIABLE_SCOPE_BEGIN|[157]|this|TriggerHandler|true|false
10:03:59.0 (186003665)|VARIABLE_ASSIGNMENT|[157]|this|{"context":"0x1f99a423","isTriggerExecuting":true}|0x27fc3ba1
10:03:59.0 (186007735)|STATEMENT_EXECUTE|[157]
10:03:59.0 (186008845)|STATEMENT_EXECUTE|[158]
10:03:59.0 (186080130)|HEAP_ALLOCATE|[158]|Bytes:178
10:03:59.0 (186161686)|HEAP_ALLOCATE|[158]|Bytes:178
10:03:59.0 (186214113)|HEAP_ALLOCATE|[158]|Bytes:32
10:03:59.0 (186233568)|METHOD_EXIT|[150]|01pO00000003AAn|TriggerHandler.getHandlerName()
10:03:59.0 (186258711)|STATEMENT_EXECUTE|[150]
10:03:59.0 (186262679)|STATEMENT_EXECUTE|[153]
10:03:59.0 (186268956)|METHOD_EXIT|[33]|01pO00000003AAn|TriggerHandler.validateRun()
10:03:59.0 (186272860)|STATEMENT_EXECUTE|[33]
10:03:59.0 (186274172)|STATEMENT_EXECUTE|[35]
10:03:59.0 (186279404)|METHOD_ENTRY|[35]|01pO00000003AAn|TriggerHandler.addToLoopCount()
10:03:59.0 (186283520)|VARIABLE_SCOPE_BEGIN|[133]|this|TriggerHandler|true|false
10:03:59.0 (186302888)|VARIABLE_ASSIGNMENT|[133]|this|{"context":"0x1f99a423","isTriggerExecuting":true}|0x27fc3ba1
10:03:59.0 (186307470)|STATEMENT_EXECUTE|[133]
10:03:59.0 (186308677)|STATEMENT_EXECUTE|[134]
10:03:59.0 (186313235)|METHOD_ENTRY|[134]|01pO00000003AAn|TriggerHandler.getHandlerName()
10:03:59.0 (186316502)|VARIABLE_SCOPE_BEGIN|[157]|this|TriggerHandler|true|false
10:03:59.0 (186328502)|VARIABLE_ASSIGNMENT|[157]|this|{"context":"0x1f99a423","isTriggerExecuting":true}|0x27fc3ba1
10:03:59.0 (186331796)|STATEMENT_EXECUTE|[157]
10:03:59.0 (186332801)|STATEMENT_EXECUTE|[158]
10:03:59.0 (186369958)|HEAP_ALLOCATE|[158]|Bytes:178
10:03:59.0 (186407957)|HEAP_ALLOCATE|[158]|Bytes:178
10:03:59.0 (186432784)|HEAP_ALLOCATE|[158]|Bytes:32
10:03:59.0 (186440933)|METHOD_EXIT|[134]|01pO00000003AAn|TriggerHandler.getHandlerName()
10:03:59.0 (186446045)|VARIABLE_SCOPE_BEGIN|[134]|handlerName|String|false|false
10:03:59.0 (186455533)|VARIABLE_ASSIGNMENT|[134]|handlerName|"Assigned_Approver_Tr (12 more) ..."
10:03:59.0 (186469476)|STATEMENT_EXECUTE|[135]
10:03:59.0 (186472852)|METHOD_EXIT|[35]|01pO00000003AAn|TriggerHandler.addToLoopCount()
10:03:59.0 (186632428)|STATEMENT_EXECUTE|[46]
10:03:59.0 (186636108)|STATEMENT_EXECUTE|[47]
10:03:59.0 (186648052)|METHOD_ENTRY|[47]|01pO00000003Sem|Assigned_Approver_TriggerHandler.afterUpdate()
10:03:59.0 (186657456)|VARIABLE_SCOPE_BEGIN|[21]|this|Assigned_Approver_TriggerHandler|true|false
10:03:59.0 (186683133)|VARIABLE_ASSIGNMENT|[21]|this|{"context":"0x1f99a423","isTriggerExecuting":true}|0x27fc3ba1
10:03:59.0 (186697574)|HEAP_ALLOCATE|[22]|Bytes:5
10:03:59.0 (186702863)|STATEMENT_EXECUTE|[21]
10:03:59.0 (186704736)|STATEMENT_EXECUTE|[22]
10:03:59.0 (186715935)|METHOD_ENTRY|[22]|01pO00000003Sem|Assigned_Approver_TriggerHandler.findCurrentApproversThatHaveApproved()
10:03:59.0 (186746078)|HEAP_ALLOCATE|[30]|Bytes:5
10:03:59.0 (186751610)|STATEMENT_EXECUTE|[29]
10:03:59.0 (186753736)|STATEMENT_EXECUTE|[30]
10:03:59.0 (187072215)|HEAP_ALLOCATE|[30]|Bytes:655
10:03:59.0 (187091884)|HEAP_ALLOCATE|[30]|Bytes:675
10:03:59.0 (187105962)|USER_DEBUG|[30]|ERROR|*** Find approvers: (Assigned_Approver__c:{Id=a0oO0000002tV8tIAE, IsDeleted=false, Name=Approver-000000084, CreatedDate=2017-03-26 23:03:44, CreatedById=005O0000003t7anIAA, LastModifiedDate=2017-03-26 23:03:59, LastModifiedById=005O0000003t7anIAA, SystemModstamp=2017-03-26 23:03:59, LastViewedDate=null, LastReferencedDate=null, Approver__c=00528000004d3msAAA, Gate__c=a0nO0000003xMJvIAM, Approval_Level__c=1, Approval_Status__c=Assigned Pending Approval, Approval_Comments__c=null, No_of_Approval_Conditions__c=0, Current_Approver__c=true, Approver_Role__c=Regional Pre Contracts Manager, Wet_Signature_Received__c=false, Wet_Signature_Date__c=null, Decision_Date__c=null})
10:03:59.0 (187114269)|STATEMENT_EXECUTE|[32]
10:03:59.0 (187120657)|HEAP_ALLOCATE|[32]|Bytes:4
10:03:59.0 (187140595)|VARIABLE_SCOPE_BEGIN|[32]|gatesToFindNextApprover|Set<Id>|true|false
10:03:59.0 (187158473)|VARIABLE_ASSIGNMENT|[32]|gatesToFindNextApprover|[]|0x31547b7f
10:03:59.0 (187195886)|HEAP_ALLOCATE|[33]|Bytes:5
10:03:59.0 (187216499)|VARIABLE_SCOPE_BEGIN|[33]|AA|Assigned_Approver__c|true|false
10:03:59.0 (187358871)|VARIABLE_ASSIGNMENT|[33]|AA|{"Approval_Level__c":"1","LastModifiedDate":"2017-03-26T23:03:59.000Z","IsDeleted":false,"Approver__c":"00528000004d3msAAA","Wet_Signature_Receiv (5 more) ...":false,"Gate__c":"a0nO0000003xMJvIAM","Name":"Approver-000000084","SystemModstamp":"2017-03-26T23:03:59.000Z","CreatedById":"005O0000003t7anIAA","Approver_Role__c":"Regional Pre Contrac (10 more) ...","No_of_Approval_Condi (8 more) ...":0,"CreatedDate":"2017-03-26T23:03:44.000Z","Id":"a0oO0000002tV8tIAE","Current_Approver__c":true,"LastModifiedById":"005O0000003t7anIAA","Approval_Status__c":"Assigned Pending App (5 more) ..."}|0x77b37fc7
10:03:59.0 (187365464)|STATEMENT_EXECUTE|[33]
10:03:59.0 (187366750)|STATEMENT_EXECUTE|[34]
10:03:59.0 (187408143)|VARIABLE_SCOPE_BEGIN|[34]|oldApprover|Assigned_Approver__c|true|false
10:03:59.0 (187599115)|VARIABLE_ASSIGNMENT|[34]|oldApprover|{"Approval_Level__c":"1","LastModifiedDate":"2017-03-26T23:03:44.000Z","IsDeleted":false,"Approver__c":"00528000004d3msAAA","Wet_Signature_Receiv (5 more) ...":false,"Gate__c":"a0nO0000003xMJvIAM","Name":"Approver-000000084","SystemModstamp":"2017-03-26T23:03:44.000Z","CreatedById":"005O0000003t7anIAA","Approver_Role__c":"Regional Pre Contrac (10 more) ...","No_of_Approval_Condi (8 more) ...":0,"CreatedDate":"2017-03-26T23:03:44.000Z","Id":"a0oO0000002tV8tIAE","Current_Approver__c":false,"LastModifiedById":"005O0000003t7anIAA","Approval_Status__c":"Assigned Pending App (5 more) ..."}|0x18df3254
10:03:59.0 (187605858)|STATEMENT_EXECUTE|[35]
10:03:59.0 (187789662)|HEAP_ALLOCATE|[35]|Bytes:653
10:03:59.0 (187806784)|HEAP_ALLOCATE|[35]|Bytes:668
10:03:59.0 (187819740)|USER_DEBUG|[35]|ERROR|*** Approvers: Assigned_Approver__c:{Id=a0oO0000002tV8tIAE, IsDeleted=false, Name=Approver-000000084, CreatedDate=2017-03-26 23:03:44, CreatedById=005O0000003t7anIAA, LastModifiedDate=2017-03-26 23:03:59, LastModifiedById=005O0000003t7anIAA, SystemModstamp=2017-03-26 23:03:59, LastViewedDate=null, LastReferencedDate=null, Approver__c=00528000004d3msAAA, Gate__c=a0nO0000003xMJvIAM, Approval_Level__c=1, Approval_Status__c=Assigned Pending Approval, Approval_Comments__c=null, No_of_Approval_Conditions__c=0, Current_Approver__c=true, Approver_Role__c=Regional Pre Contracts Manager, Wet_Signature_Received__c=false, Wet_Signature_Date__c=null, Decision_Date__c=null}
10:03:59.0 (187849623)|STATEMENT_EXECUTE|[37]
10:03:59.0 (187861341)|HEAP_ALLOCATE|[33]|Bytes:5
10:03:59.0 (187873425)|VARIABLE_ASSIGNMENT|[33]|AA|null|
10:03:59.0 (187886061)|STATEMENT_EXECUTE|[52]
10:03:59.0 (187892993)|METHOD_EXIT|[22]|01pO00000003Sem|Assigned_Approver_TriggerHandler.findCurrentApproversThatHaveApproved()
10:03:59.0 (187897974)|METHOD_EXIT|[47]|01pO00000003Sem|Assigned_Approver_TriggerHandler.afterUpdate()
10:03:59.0 (187901520)|METHOD_EXIT|[3]|01pO00000003AAn|TriggerHandler.run()
10:03:59.187 (187908237)|CUMULATIVE_LIMIT_USAGE
10:03:59.187 (187908237)|LIMIT_USAGE_FOR_NS|(default)|
  Number of SOQL queries: 1 out of 100
  Number of query rows: 1 out of 50000
  Number of SOSL queries: 0 out of 20
  Number of DML statements: 1 out of 150
  Number of DML rows: 1 out of 10000
  Maximum CPU time: 0 out of 10000
  Maximum heap size: 0 out of 6000000
  Number of callouts: 0 out of 100
  Number of Email Invocations: 0 out of 10
  Number of future calls: 0 out of 50
  Number of queueable jobs added to the queue: 0 out of 50
  Number of Mobile Apex push calls: 0 out of 10

10:03:59.187 (187908237)|TOTAL_EMAIL_RECIPIENTS_QUEUED|0
10:03:59.187 (187908237)|STATIC_VARIABLE_LIST|
  String:_sfdcAdditionalCodeLocations:0
  String:_sfdcAdditionalCodeLocations:0
  long:serialVersionUID:0
  String:_sfdcAdditionalCodeLocations:0
  double:MAX_VALUE:0
  long:serialVersionUID:0
  String:_sfdcAdditionalCodeLocations:0
  int:SIZE:0
  TriggerHandler.TriggerContext:BEFORE_INSERT:0
  int:MAX_VALUE:0
  TriggerHandler.TriggerContext:AFTER_UNDELETE:0
  String:_sfdcSuppressedCodeLocations:0
  int:MIN_VALUE:0
  char[]:DigitOnes:0
  String:_sfdcSuppressedCodeLocations:0
  int:MIN_EXPONENT:0
  String:_sfdcSuppressedCodeLocations:0
  int:MAX_EXPONENT:0
  int:BYTES:0
  char[]:DigitTens:0
  long:serialVersionUID:0
  String:_sfdcAdditionalCodeLocations:0
  Boolean:FALSE:0
  double:MIN_VALUE:0
  double:NEGATIVE_INFINITY:0
  char[]:digits:0
  double:NaN:0
  Boolean:TRUE:0
  TriggerHandler.TriggerContext:AFTER_INSERT:0
  String:__sfdcParameterizedTypes:0
  TriggerHandler.TriggerContext:AFTER_DELETE:0
  TriggerHandler.TriggerContext:AFTER_UPDATE:0
  String:__sfdcInnerTypes:0
  int:BYTES:0
  Map<String,TriggerHandler.LoopCount>:_static_loopCountMap:0
  Set<String>:_static_bypassedHandlers:0
  int[]:sizeTable:0
  TriggerHandler.TriggerContext:BEFORE_DELETE:0
  TriggerHandler.TriggerContext:BEFORE_UPDATE:0
  int:SIZE:0
  double:POSITIVE_INFINITY:0
  double:MIN_NORMAL:0

10:03:59.187 (187908237)|CUMULATIVE_LIMIT_USAGE_END

10:03:59.0 (189811338)|CODE_UNIT_FINISHED|AssignedApproverTrigger on Assigned_Approver trigger event AfterUpdate for [a0oO0000002tV8t]
10:03:59.0 (189864203)|CODE_UNIT_STARTED|[EXTERNAL]|Workflow:01IO0000000Dldu
10:03:59.0 (218300534)|WF_RULE_EVAL_BEGIN|Workflow
10:03:59.0 (218332603)|WF_CRITERIA_BEGIN|[Assigned Approver: Approver-000000084 a0oO0000002tV8t]|Outbound Message - Assigned Approver|01QO00000009PHY|ON_ALL_CHANGES|0
10:03:59.0 (220112474)|WF_RULE_FILTER|[Assigned Approver : Assigned Approver Id not equal to ]
10:03:59.0 (220127377)|WF_RULE_EVAL_VALUE|Approver-000000084
10:03:59.0 (220137456)|WF_CRITERIA_END|true
10:03:59.0 (220713845)|WF_SPOOL_ACTION_BEGIN|Workflow
10:03:59.0 (220745739)|WF_RULE_INVOCATION|[Assigned Approver: Approver-000000084 a0oO0000002tV8t]
10:03:59.0 (220766336)|WF_OUTBOUND_MSG|[Assigned Approver: Approver-000000084 a0oO0000002tV8t]|Id=04kO00000004DCD|CurrentRule:Outbound Message - Assigned Approver (Id=01QO00000009PHY)
10:03:59.0 (220786077)|WF_ACTION| Outbound Message: 1;
10:03:59.0 (220790437)|WF_RULE_EVAL_END
10:03:59.0 (223970027)|WF_ACTIONS_END| Outbound Message: 1;
10:03:59.0 (223979162)|CODE_UNIT_FINISHED|Workflow:01IO0000000Dldu
10:03:59.0 (229725895)|DML_END|[140]
10:03:59.0 (229815279)|HEAP_ALLOCATE|[EXTERNAL]|Bytes:8
10:03:59.0 (229901822)|STATEMENT_EXECUTE|[142]
10:03:59.0 (229919618)|METHOD_EXIT|[45]|01pO00000003IBZ|gateTriggerHandler.findNextApprover(Set<Id>)
10:03:59.0 (229926745)|METHOD_EXIT|[24]|01pO00000003IBZ|gateTriggerHandler.findGatesSetToInProgress()
10:03:59.0 (229930822)|SYSTEM_MODE_EXIT|false
10:03:59.0 (229939034)|METHOD_EXIT|[47]|01pO00000003IBZ|gateTriggerHandler.afterUpdate()
10:03:59.0 (229943891)|METHOD_EXIT|[2]|01pO00000003AAn|TriggerHandler.run()
10:03:59.229 (229957788)|CUMULATIVE_LIMIT_USAGE
10:03:59.229 (229957788)|LIMIT_USAGE_FOR_NS|(default)|
  Number of SOQL queries: 1 out of 100
  Number of query rows: 1 out of 50000
  Number of SOSL queries: 0 out of 20
  Number of DML statements: 1 out of 150
  Number of DML rows: 1 out of 10000
  Maximum CPU time: 0 out of 10000
  Maximum heap size: 0 out of 6000000
  Number of callouts: 0 out of 100
  Number of Email Invocations: 0 out of 10
  Number of future calls: 0 out of 50
  Number of queueable jobs added to the queue: 0 out of 50
  Number of Mobile Apex push calls: 0 out of 10

10:03:59.229 (229957788)|TOTAL_EMAIL_RECIPIENTS_QUEUED|0
10:03:59.229 (229957788)|STATIC_VARIABLE_LIST|
  String:_sfdcAdditionalCodeLocations:0
  String:_sfdcAdditionalCodeLocations:0
  long:serialVersionUID:0
  String:_sfdcAdditionalCodeLocations:0
  double:MAX_VALUE:0
  long:serialVersionUID:0
  String:_sfdcAdditionalCodeLocations:0
  int:SIZE:0
  TriggerHandler.TriggerContext:BEFORE_INSERT:0
  int:MAX_VALUE:0
  TriggerHandler.TriggerContext:AFTER_UNDELETE:0
  String:_sfdcSuppressedCodeLocations:0
  int:MIN_VALUE:0
  char[]:DigitOnes:0
  String:_sfdcSuppressedCodeLocations:0
  int:MIN_EXPONENT:0
  String:_sfdcSuppressedCodeLocations:0
  int:MAX_EXPONENT:0
  int:BYTES:0
  char[]:DigitTens:0
  long:serialVersionUID:0
  String:_sfdcAdditionalCodeLocations:0
  Boolean:FALSE:0
  double:MIN_VALUE:0
  double:NEGATIVE_INFINITY:0
  char[]:digits:0
  double:NaN:0
  Boolean:TRUE:0
  TriggerHandler.TriggerContext:AFTER_INSERT:0
  String:__sfdcParameterizedTypes:0
  TriggerHandler.TriggerContext:AFTER_DELETE:0
  TriggerHandler.TriggerContext:AFTER_UPDATE:0
  String:__sfdcInnerTypes:0
  int:BYTES:0
  Map<String,TriggerHandler.LoopCount>:_static_loopCountMap:0
  Set<String>:_static_bypassedHandlers:0
  int[]:sizeTable:0
  TriggerHandler.TriggerContext:BEFORE_DELETE:0
  TriggerHandler.TriggerContext:BEFORE_UPDATE:0
  int:SIZE:0
  double:POSITIVE_INFINITY:0
  double:MIN_NORMAL:0

10:03:59.229 (229957788)|CUMULATIVE_LIMIT_USAGE_END

10:03:59.0 (232217445)|CODE_UNIT_FINISHED|gateTrigger on Gate trigger event AfterUpdate for [a0nO0000003xMJv]
10:03:59.0 (233281878)|CODE_UNIT_STARTED|[EXTERNAL]|Workflow:01IO0000000DldG
10:03:59.0 (249247231)|WF_RULE_EVAL_BEGIN|Workflow
10:03:59.0 (249274543)|WF_CRITERIA_BEGIN|[Gate: test2017-03-27 10:03:43 a0nO0000003xMJv]|Outbound Message - Gate|01QO00000009PH9|ON_ALL_CHANGES|0
10:03:59.0 (252520898)|WF_RULE_FILTER|[Gate : Created Date not equal to ]
10:03:59.0 (252546015)|WF_RULE_EVAL_VALUE|2017-03-26 23:03:44
10:03:59.0 (252550664)|WF_CRITERIA_END|true
10:03:59.0 (253137083)|WF_SPOOL_ACTION_BEGIN|Workflow
10:03:59.0 (253167163)|WF_RULE_INVOCATION|[Gate: test2017-03-27 10:03:43 a0nO0000003xMJv]
10:03:59.0 (253175314)|WF_OUTBOUND_MSG|[Gate: test2017-03-27 10:03:43 a0nO0000003xMJv]|Id=04kO00000004DC3|CurrentRule:Outbound Message - Gate (Id=01QO00000009PH9)
10:03:59.0 (253190545)|WF_ACTION| Outbound Message: 1;
10:03:59.0 (253193557)|WF_RULE_EVAL_END
10:03:59.0 (254494437)|WF_ACTIONS_END| Outbound Message: 1;
10:03:59.0 (254503108)|CODE_UNIT_FINISHED|Workflow:01IO0000000DldG
10:03:59.0 (267509627)|CODE_UNIT_FINISHED|TRIGGERS
10:03:59.0 (267517646)|EXECUTION_FINISHED
10:03:59.272 (272108344)|CUMULATIVE_PROFILING_BEGIN
10:03:59.272 (272108344)|CUMULATIVE_PROFILING|SOQL operations|
Class.gateTriggerHandler.findNextApprover: line 64, column 1: [SELECT ID,Status__c, 
                           (SELECT Approval_Level__c,Approval_Status__c,Approver__c,Current_Approver__c,Gate__c,Id 
                            FROM Assigned_Approvers__r 
                            ORDER BY Approval_Level__c ASC) 
                        FROM Gate__c 
                        WHERE ID IN: gateIds AND status__c = 'In Progress']: executed 5 times in 12 ms

10:03:59.272 (272108344)|CUMULATIVE_PROFILING|No profiling information for SOSL operations
10:03:59.272 (272108344)|CUMULATIVE_PROFILING|DML operations|
Class.gateTriggerHandler.findNextApprover: line 140, column 1: Update: List<Assigned_Approver__c>: executed 1 time in 91 ms

10:03:59.272 (272108344)|CUMULATIVE_PROFILING|method invocations|
Trigger.gateTrigger: line 2, column 1: public gateTriggerHandler(): executed 4 times in 111 ms
Class.TriggerHandler.run: line 47, column 1: public void afterUpdate(): executed 2 times in 109 ms
External entry point: public void invoke(): executed 1 time in 109 ms
Class.gateTriggerHandler.afterUpdate: line 24, column 1: private static void findGatesSetToInProgress(): executed 1 time in 108 ms
Class.gateTriggerHandler.findGatesSetToInProgress: line 45, column 1: public static void findNextApprover(Set<Id>): executed 1 time in 107 ms
Trigger.AssignedApproverTrigger: line 3, column 1: public Assigned_Approver_TriggerHandler(): executed 4 times in 5 ms
Class.TriggerHandler.run: line 41, column 1: protected void beforeUpdate(): executed 2 times in 2 ms
External entry point: public void invoke(): executed 1 time in 2 ms
Class.Assigned_Approver_TriggerHandler.beforeUpdate: line 18, column 1: private static void findCurrentApproversThatHaveApproved(): executed 1 time in 2 ms
Class.Assigned_Approver_TriggerHandler.findCurrentApproversThatHaveApproved: line 30, column 1: public static String valueOf(Object): executed 4 times in 2 ms
Class.TriggerHandler.run: line 33, column 1: private Boolean validateRun(): executed 4 times in 1 ms

10:03:59.272 (272108344)|CUMULATIVE_PROFILING_END
