34.0 APEX_CODE,FINEST;APEX_PROFILING,FINEST;CALLOUT,NONE;DB,FINEST;SYSTEM,FINE;VALIDATION,INFO;VISUALFORCE,INFO;WAVE,INFO;WORKFLOW,FINER
15:56:29.0 (700453)|USER_INFO|[EXTERNAL]|005O0000003t7an|ricky.lowe@jhg.com.au.pcphase2|Australian Eastern Standard Time|GMT+11:00
15:56:29.0 (732253)|EXECUTION_STARTED
15:56:29.0 (737687)|CODE_UNIT_STARTED|[EXTERNAL]|TRIGGERS
15:56:29.0 (776815)|CODE_UNIT_STARTED|[EXTERNAL]|01qO00000000TOT|gateTrigger on Gate trigger event BeforeUpdate for [a0nO0000003xOgg]
15:56:29.0 (861746)|HEAP_ALLOCATE|[EXTERNAL]|Bytes:8
15:56:29.0 (918138)|HEAP_ALLOCATE|[EXTERNAL]|Bytes:8
15:56:29.0 (1504596)|HEAP_ALLOCATE|[72]|Bytes:3
15:56:29.0 (1551850)|HEAP_ALLOCATE|[77]|Bytes:152
15:56:29.0 (1592794)|HEAP_ALLOCATE|[342]|Bytes:408
15:56:29.0 (1630622)|HEAP_ALLOCATE|[355]|Bytes:408
15:56:29.0 (1676566)|HEAP_ALLOCATE|[467]|Bytes:48
15:56:29.0 (1735461)|HEAP_ALLOCATE|[139]|Bytes:6
15:56:29.0 (1777605)|HEAP_ALLOCATE|[EXTERNAL]|Bytes:4
15:56:29.0 (1787879)|VARIABLE_SCOPE_BEGIN|[1]|this|gateTrigger|true|false
15:56:29.0 (1833568)|VARIABLE_ASSIGNMENT|[1]|this|{}|0x3d373335
15:56:29.0 (1896533)|HEAP_ALLOCATE|[EXTERNAL]|Bytes:4
15:56:29.0 (1905060)|VARIABLE_SCOPE_BEGIN|[1]|this|gateTrigger|true|false
15:56:29.0 (1916973)|VARIABLE_ASSIGNMENT|[1]|this|{}|0x3d373335
15:56:29.0 (1923680)|STATEMENT_EXECUTE|[1]
15:56:29.0 (1925399)|STATEMENT_EXECUTE|[2]
15:56:29.0 (33993685)|VARIABLE_SCOPE_BEGIN|[5]|TriggerHandler.bypassedHandlers|Set<String>|true|true
15:56:29.0 (34227590)|VARIABLE_SCOPE_BEGIN|[4]|TriggerHandler.loopCountMap|Map<String,TriggerHandler.LoopCount>|true|true
15:56:29.0 (34272337)|HEAP_ALLOCATE|[2]|Bytes:38
15:56:29.0 (34284389)|HEAP_ALLOCATE|[2]|Bytes:55
15:56:29.0 (34318881)|METHOD_ENTRY|[14]|01pO00000003IBZ|gateTriggerHandler.gateTriggerHandler()
15:56:29.0 (34323490)|STATEMENT_EXECUTE|[14]
15:56:29.0 (34330440)|STATEMENT_EXECUTE|[14]
15:56:29.0 (34363109)|HEAP_ALLOCATE|[50]|Bytes:5
15:56:29.0 (34386355)|HEAP_ALLOCATE|[56]|Bytes:5
15:56:29.0 (34397282)|HEAP_ALLOCATE|[64]|Bytes:7
15:56:29.0 (35317453)|SYSTEM_MODE_ENTER|false
15:56:29.0 (35331894)|HEAP_ALLOCATE|[2]|Bytes:5
15:56:29.0 (35341775)|SYSTEM_MODE_EXIT|false
15:56:29.0 (35350442)|METHOD_EXIT|[14]|gateTriggerHandler
15:56:29.0 (35567994)|HEAP_ALLOCATE|[2]|Bytes:12
15:56:29.0 (35586398)|CONSTRUCTOR_ENTRY|[2]|01pO00000003IBZ|<init>()
15:56:29.0 (35621306)|VARIABLE_SCOPE_BEGIN|[15]|this|gateTriggerHandler|true|false
15:56:29.0 (35666055)|VARIABLE_ASSIGNMENT|[15]|this|{}|0x79963970
15:56:29.0 (35675227)|SYSTEM_MODE_ENTER|false
15:56:29.0 (35681385)|HEAP_ALLOCATE|[15]|Bytes:5
15:56:29.0 (35686344)|STATEMENT_EXECUTE|[14]
15:56:29.0 (35689481)|HEAP_ALLOCATE|[15]|Bytes:5
15:56:29.0 (35700316)|HEAP_ALLOCATE|[15]|Bytes:48
15:56:29.0 (35706993)|HEAP_ALLOCATE|[15]|Bytes:69
15:56:29.0 (35720427)|METHOD_ENTRY|[1]|01pO00000003AAn|TriggerHandler.TriggerHandler()
15:56:29.0 (35723201)|STATEMENT_EXECUTE|[1]
15:56:29.0 (35725990)|STATEMENT_EXECUTE|[1]
15:56:29.0 (35727265)|STATEMENT_EXECUTE|[16]
15:56:29.0 (35728372)|STATEMENT_EXECUTE|[17]
15:56:29.0 (35733355)|HEAP_ALLOCATE|[17]|Bytes:4
15:56:29.0 (35778977)|VARIABLE_ASSIGNMENT|[17]|TriggerHandler.loopCountMap|{}|0x1574b28f
15:56:29.0 (35782635)|STATEMENT_EXECUTE|[18]
15:56:29.0 (35787554)|HEAP_ALLOCATE|[18]|Bytes:4
15:56:29.0 (35804341)|SYSTEM_CONSTRUCTOR_ENTRY|[18]|<init>(Integer)
15:56:29.0 (35824566)|SYSTEM_CONSTRUCTOR_EXIT|[18]|<init>(Integer)
15:56:29.0 (35859378)|VARIABLE_ASSIGNMENT|[18]|TriggerHandler.bypassedHandlers|[]|0x73b024c4
15:56:29.0 (35862898)|STATEMENT_EXECUTE|[187]
15:56:29.0 (35864287)|STATEMENT_EXECUTE|[236]
15:56:29.0 (35869918)|METHOD_EXIT|[1]|TriggerHandler
15:56:29.0 (35877799)|CONSTRUCTOR_ENTRY|[15]|01pO00000003AAn|<init>()
15:56:29.0 (36021268)|VARIABLE_SCOPE_BEGIN|[22]|this|TriggerHandler|true|false
15:56:29.0 (36043673)|VARIABLE_ASSIGNMENT|[22]|this|{}|0x79963970
15:56:29.0 (36050503)|STATEMENT_EXECUTE|[1]
15:56:29.0 (36052146)|STATEMENT_EXECUTE|[9]
15:56:29.0 (36053430)|STATEMENT_EXECUTE|[13]
15:56:29.0 (36061887)|HEAP_ALLOCATE|[23]|Bytes:6
15:56:29.0 (36091345)|STATEMENT_EXECUTE|[22]
15:56:29.0 (36093331)|STATEMENT_EXECUTE|[23]
15:56:29.0 (36121518)|METHOD_ENTRY|[23]|01pO00000003AAn|TriggerHandler.setTriggerContext()
15:56:29.0 (36150891)|VARIABLE_SCOPE_BEGIN|[94]|this|TriggerHandler|true|false
15:56:29.0 (36167937)|VARIABLE_ASSIGNMENT|[94]|this|{}|0x79963970
15:56:29.0 (36174217)|STATEMENT_EXECUTE|[94]
15:56:29.0 (36175336)|STATEMENT_EXECUTE|[95]
15:56:29.0 (36192538)|METHOD_ENTRY|[95]|01pO00000003AAn|TriggerHandler.setTriggerContext(String, Boolean)
15:56:29.0 (36223472)|VARIABLE_SCOPE_BEGIN|[99]|this|TriggerHandler|true|false
15:56:29.0 (36244751)|VARIABLE_ASSIGNMENT|[99]|this|{}|0x79963970
15:56:29.0 (36249527)|VARIABLE_SCOPE_BEGIN|[99]|ctx|String|false|false
15:56:29.0 (36254295)|VARIABLE_ASSIGNMENT|[99]|ctx|null
15:56:29.0 (36259649)|VARIABLE_SCOPE_BEGIN|[99]|testMode|Boolean|false|false
15:56:29.0 (36263256)|VARIABLE_ASSIGNMENT|[99]|testMode|false
15:56:29.0 (36267441)|STATEMENT_EXECUTE|[99]
15:56:29.0 (36284360)|STATEMENT_EXECUTE|[103]
15:56:29.0 (36286057)|STATEMENT_EXECUTE|[104]
15:56:29.0 (36291286)|HEAP_ALLOCATE|[104]|Bytes:5
15:56:29.0 (36319670)|STATEMENT_EXECUTE|[111]
15:56:29.0 (36321378)|STATEMENT_EXECUTE|[112]
15:56:29.0 (36345790)|HEAP_ALLOCATE|[112]|Bytes:12
15:56:29.0 (36351862)|HEAP_ALLOCATE|[112]|Bytes:13
15:56:29.0 (36410198)|HEAP_ALLOCATE|[112]|Bytes:12
15:56:29.0 (36415797)|HEAP_ALLOCATE|[112]|Bytes:13
15:56:29.0 (36430903)|HEAP_ALLOCATE|[112]|Bytes:12
15:56:29.0 (36435120)|HEAP_ALLOCATE|[112]|Bytes:13
15:56:29.0 (36447900)|HEAP_ALLOCATE|[112]|Bytes:12
15:56:29.0 (36451796)|HEAP_ALLOCATE|[112]|Bytes:12
15:56:29.0 (36464473)|HEAP_ALLOCATE|[112]|Bytes:12
15:56:29.0 (36468204)|HEAP_ALLOCATE|[112]|Bytes:12
15:56:29.0 (36480342)|HEAP_ALLOCATE|[112]|Bytes:12
15:56:29.0 (36484065)|HEAP_ALLOCATE|[112]|Bytes:12
15:56:29.0 (36500819)|HEAP_ALLOCATE|[112]|Bytes:12
15:56:29.0 (36508855)|HEAP_ALLOCATE|[112]|Bytes:14
15:56:29.0 (36549116)|METHOD_EXIT|[95]|01pO00000003AAn|TriggerHandler.setTriggerContext(String, Boolean)
15:56:29.0 (36556565)|METHOD_EXIT|[23]|01pO00000003AAn|TriggerHandler.setTriggerContext()
15:56:29.0 (36561615)|CONSTRUCTOR_EXIT|[15]|01pO00000003AAn|<init>()
15:56:29.0 (36564642)|STATEMENT_EXECUTE|[15]
15:56:29.0 (36568937)|SYSTEM_MODE_EXIT|false
15:56:29.0 (36574875)|CONSTRUCTOR_EXIT|[2]|01pO00000003IBZ|<init>()
15:56:29.0 (36585278)|METHOD_ENTRY|[2]|01pO00000003AAn|TriggerHandler.run()
15:56:29.0 (36591342)|VARIABLE_SCOPE_BEGIN|[31]|this|TriggerHandler|true|false
15:56:29.0 (36617704)|VARIABLE_ASSIGNMENT|[31]|this|{"context":"0x70e666cf","isTriggerExecuting":true}|0x79963970
15:56:29.0 (36623089)|STATEMENT_EXECUTE|[31]
15:56:29.0 (36636889)|METHOD_ENTRY|[33]|01pO00000003AAn|TriggerHandler.validateRun()
15:56:29.0 (36678188)|VARIABLE_SCOPE_BEGIN|[146]|this|TriggerHandler|true|false
15:56:29.0 (36710204)|VARIABLE_ASSIGNMENT|[146]|this|{"context":"0x70e666cf","isTriggerExecuting":true}|0x79963970
15:56:29.0 (36719483)|STATEMENT_EXECUTE|[146]
15:56:29.0 (36751659)|STATEMENT_EXECUTE|[147]
15:56:29.0 (36772921)|METHOD_ENTRY|[150]|01pO00000003AAn|TriggerHandler.getHandlerName()
15:56:29.0 (36797223)|VARIABLE_SCOPE_BEGIN|[157]|this|TriggerHandler|true|false
15:56:29.0 (36819134)|VARIABLE_ASSIGNMENT|[157]|this|{"context":"0x70e666cf","isTriggerExecuting":true}|0x79963970
15:56:29.0 (36824465)|STATEMENT_EXECUTE|[157]
15:56:29.0 (36825692)|STATEMENT_EXECUTE|[158]
15:56:29.0 (36868063)|SYSTEM_METHOD_ENTRY|[158]|String.valueOf(Object)
15:56:29.0 (36937277)|HEAP_ALLOCATE|[158]|Bytes:165
15:56:29.0 (36959120)|SYSTEM_METHOD_EXIT|[158]|String.valueOf(Object)
15:56:29.0 (36979807)|SYSTEM_METHOD_ENTRY|[158]|String.valueOf(Object)
15:56:29.0 (37008586)|HEAP_ALLOCATE|[158]|Bytes:165
15:56:29.0 (37026721)|SYSTEM_METHOD_EXIT|[158]|String.valueOf(Object)
15:56:29.0 (37031824)|HEAP_ALLOCATE|[158]|Bytes:1
15:56:29.0 (37054277)|SYSTEM_METHOD_ENTRY|[158]|String.indexOf(String)
15:56:29.0 (37067042)|SYSTEM_METHOD_EXIT|[158]|String.indexOf(String)
15:56:29.0 (37082745)|SYSTEM_METHOD_ENTRY|[158]|String.substring(Integer, Integer)
15:56:29.0 (37090002)|HEAP_ALLOCATE|[158]|Bytes:18
15:56:29.0 (37101274)|SYSTEM_METHOD_EXIT|[158]|String.substring(Integer, Integer)
15:56:29.0 (37107565)|METHOD_EXIT|[150]|01pO00000003AAn|TriggerHandler.getHandlerName()
15:56:29.0 (37123460)|SYSTEM_METHOD_ENTRY|[150]|Set<String>.contains(Object)
15:56:29.0 (37137014)|SYSTEM_METHOD_EXIT|[150]|Set<String>.contains(Object)
15:56:29.0 (37141359)|STATEMENT_EXECUTE|[150]
15:56:29.0 (37142953)|STATEMENT_EXECUTE|[153]
15:56:29.0 (37147792)|METHOD_EXIT|[33]|01pO00000003AAn|TriggerHandler.validateRun()
15:56:29.0 (37151002)|STATEMENT_EXECUTE|[33]
15:56:29.0 (37152350)|STATEMENT_EXECUTE|[35]
15:56:29.0 (37161021)|METHOD_ENTRY|[35]|01pO00000003AAn|TriggerHandler.addToLoopCount()
15:56:29.0 (37182167)|VARIABLE_SCOPE_BEGIN|[133]|this|TriggerHandler|true|false
15:56:29.0 (37203600)|VARIABLE_ASSIGNMENT|[133]|this|{"context":"0x70e666cf","isTriggerExecuting":true}|0x79963970
15:56:29.0 (37209510)|STATEMENT_EXECUTE|[133]
15:56:29.0 (37210975)|STATEMENT_EXECUTE|[134]
15:56:29.0 (37220208)|METHOD_ENTRY|[134]|01pO00000003AAn|TriggerHandler.getHandlerName()
15:56:29.0 (37231138)|VARIABLE_SCOPE_BEGIN|[157]|this|TriggerHandler|true|false
15:56:29.0 (37255759)|VARIABLE_ASSIGNMENT|[157]|this|{"context":"0x70e666cf","isTriggerExecuting":true}|0x79963970
15:56:29.0 (37260390)|STATEMENT_EXECUTE|[157]
15:56:29.0 (37261590)|STATEMENT_EXECUTE|[158]
15:56:29.0 (37292510)|SYSTEM_METHOD_ENTRY|[158]|String.valueOf(Object)
15:56:29.0 (37336915)|HEAP_ALLOCATE|[158]|Bytes:165
15:56:29.0 (37380545)|SYSTEM_METHOD_EXIT|[158]|String.valueOf(Object)
15:56:29.0 (37416946)|SYSTEM_METHOD_ENTRY|[158]|String.valueOf(Object)
15:56:29.0 (37471594)|HEAP_ALLOCATE|[158]|Bytes:165
15:56:29.0 (37499831)|SYSTEM_METHOD_EXIT|[158]|String.valueOf(Object)
15:56:29.0 (37514327)|SYSTEM_METHOD_ENTRY|[158]|String.indexOf(String)
15:56:29.0 (37525561)|SYSTEM_METHOD_EXIT|[158]|String.indexOf(String)
15:56:29.0 (37537931)|SYSTEM_METHOD_ENTRY|[158]|String.substring(Integer, Integer)
15:56:29.0 (37543093)|HEAP_ALLOCATE|[158]|Bytes:18
15:56:29.0 (37553922)|SYSTEM_METHOD_EXIT|[158]|String.substring(Integer, Integer)
15:56:29.0 (37582451)|METHOD_EXIT|[134]|01pO00000003AAn|TriggerHandler.getHandlerName()
15:56:29.0 (37597585)|VARIABLE_SCOPE_BEGIN|[134]|handlerName|String|false|false
15:56:29.0 (37612098)|VARIABLE_ASSIGNMENT|[134]|handlerName|"gateTriggerHandler"
15:56:29.0 (37641089)|SYSTEM_METHOD_ENTRY|[135]|Map<String,TriggerHandler.LoopCount>.containsKey(Object)
15:56:29.0 (37667718)|SYSTEM_METHOD_EXIT|[135]|Map<String,TriggerHandler.LoopCount>.containsKey(Object)
15:56:29.0 (37673287)|STATEMENT_EXECUTE|[135]
15:56:29.0 (37678715)|METHOD_EXIT|[35]|01pO00000003AAn|TriggerHandler.addToLoopCount()
15:56:29.0 (37719567)|SYSTEM_METHOD_ENTRY|[38]|com.salesforce.api.fast.System.compareObjects(Object, Object)
15:56:29.0 (37788301)|SYSTEM_METHOD_EXIT|[38]|com.salesforce.api.fast.System.compareObjects(Object, Object)
15:56:29.0 (37813816)|SYSTEM_METHOD_ENTRY|[40]|com.salesforce.api.fast.System.compareObjects(Object, Object)
15:56:29.0 (37846000)|SYSTEM_METHOD_EXIT|[40]|com.salesforce.api.fast.System.compareObjects(Object, Object)
15:56:29.0 (37850995)|STATEMENT_EXECUTE|[40]
15:56:29.0 (37852376)|STATEMENT_EXECUTE|[41]
15:56:29.0 (37862487)|METHOD_ENTRY|[41]|01pO00000003AAn|TriggerHandler.beforeUpdate()
15:56:29.0 (37882597)|VARIABLE_SCOPE_BEGIN|[169]|this|TriggerHandler|true|false
15:56:29.0 (37904730)|VARIABLE_ASSIGNMENT|[169]|this|{"context":"0x70e666cf","isTriggerExecuting":true}|0x79963970
15:56:29.0 (37910008)|STATEMENT_EXECUTE|[169]
15:56:29.0 (37916443)|METHOD_EXIT|[41]|01pO00000003AAn|TriggerHandler.beforeUpdate()
15:56:29.0 (37922175)|METHOD_EXIT|[2]|01pO00000003AAn|TriggerHandler.run()
15:56:29.37 (37930505)|CUMULATIVE_LIMIT_USAGE
15:56:29.37 (37930505)|LIMIT_USAGE_FOR_NS|(default)|
  Number of SOQL queries: 0 out of 100
  Number of query rows: 0 out of 50000
  Number of SOSL queries: 0 out of 20
  Number of DML statements: 0 out of 150
  Number of DML rows: 0 out of 10000
  Maximum CPU time: 0 out of 10000
  Maximum heap size: 0 out of 6000000
  Number of callouts: 0 out of 100
  Number of Email Invocations: 0 out of 10
  Number of future calls: 0 out of 50
  Number of queueable jobs added to the queue: 0 out of 50
  Number of Mobile Apex push calls: 0 out of 10

15:56:29.37 (37930505)|TOTAL_EMAIL_RECIPIENTS_QUEUED|0
15:56:29.37 (37930505)|STATIC_VARIABLE_LIST|
  char[]:DigitTens:0
  long:serialVersionUID:0
  String:_sfdcAdditionalCodeLocations:0
  long:serialVersionUID:0
  String:_sfdcAdditionalCodeLocations:0
  String:_sfdcAdditionalCodeLocations:0
  double:MAX_VALUE:0
  Boolean:FALSE:0
  long:serialVersionUID:0
  double:MIN_VALUE:0
  int:SIZE:0
  TriggerHandler.TriggerContext:BEFORE_INSERT:0
  double:NEGATIVE_INFINITY:0
  int:MAX_VALUE:0
  TriggerHandler.TriggerContext:AFTER_UNDELETE:0
  char[]:digits:0
  double:NaN:0
  Boolean:TRUE:0
  TriggerHandler.TriggerContext:AFTER_INSERT:0
  TriggerHandler.TriggerContext:AFTER_DELETE:0
  int:MIN_VALUE:0
  char[]:DigitOnes:0
  TriggerHandler.TriggerContext:AFTER_UPDATE:0
  String:__sfdcInnerTypes:0
  int:BYTES:0
  Map<String,TriggerHandler.LoopCount>:_static_loopCountMap:0
  Set<String>:_static_bypassedHandlers:0
  int:MIN_EXPONENT:0
  String:_sfdcSuppressedCodeLocations:0
  int[]:sizeTable:0
  TriggerHandler.TriggerContext:BEFORE_DELETE:0
  int:MAX_EXPONENT:0
  TriggerHandler.TriggerContext:BEFORE_UPDATE:0
  int:SIZE:0
  double:POSITIVE_INFINITY:0
  double:MIN_NORMAL:0
  int:BYTES:0

15:56:29.37 (37930505)|CUMULATIVE_LIMIT_USAGE_END

15:56:29.0 (40859497)|CODE_UNIT_FINISHED|gateTrigger on Gate trigger event BeforeUpdate for [a0nO0000003xOgg]
15:56:29.0 (71542982)|CODE_UNIT_STARTED|[EXTERNAL]|01qO00000000TOT|gateTrigger on Gate trigger event AfterUpdate for [a0nO0000003xOgg]
15:56:29.0 (71587841)|HEAP_ALLOCATE|[EXTERNAL]|Bytes:8
15:56:29.0 (71631858)|HEAP_ALLOCATE|[EXTERNAL]|Bytes:8
15:56:29.0 (71698530)|HEAP_ALLOCATE|[EXTERNAL]|Bytes:4
15:56:29.0 (71709110)|VARIABLE_SCOPE_BEGIN|[1]|this|gateTrigger|true|false
15:56:29.0 (71737419)|VARIABLE_ASSIGNMENT|[1]|this|{}|0x619bed76
15:56:29.0 (71762811)|HEAP_ALLOCATE|[EXTERNAL]|Bytes:4
15:56:29.0 (71767965)|VARIABLE_SCOPE_BEGIN|[1]|this|gateTrigger|true|false
15:56:29.0 (71777403)|VARIABLE_ASSIGNMENT|[1]|this|{}|0x619bed76
15:56:29.0 (71783445)|STATEMENT_EXECUTE|[1]
15:56:29.0 (71785230)|STATEMENT_EXECUTE|[2]
15:56:29.0 (71790666)|HEAP_ALLOCATE|[2]|Bytes:12
15:56:29.0 (71805393)|CONSTRUCTOR_ENTRY|[2]|01pO00000003IBZ|<init>()
15:56:29.0 (71810923)|VARIABLE_SCOPE_BEGIN|[15]|this|gateTriggerHandler|true|false
15:56:29.0 (71832628)|VARIABLE_ASSIGNMENT|[15]|this|{}|0x2674b6db
15:56:29.0 (72491295)|SYSTEM_MODE_ENTER|false
15:56:29.0 (72500840)|HEAP_ALLOCATE|[15]|Bytes:5
15:56:29.0 (72508790)|STATEMENT_EXECUTE|[14]
15:56:29.0 (72512393)|HEAP_ALLOCATE|[15]|Bytes:5
15:56:29.0 (72522949)|CONSTRUCTOR_ENTRY|[15]|01pO00000003AAn|<init>()
15:56:29.0 (72528215)|VARIABLE_SCOPE_BEGIN|[22]|this|TriggerHandler|true|false
15:56:29.0 (72546154)|VARIABLE_ASSIGNMENT|[22]|this|{}|0x2674b6db
15:56:29.0 (72550014)|STATEMENT_EXECUTE|[1]
15:56:29.0 (72551513)|STATEMENT_EXECUTE|[9]
15:56:29.0 (72552787)|STATEMENT_EXECUTE|[13]
15:56:29.0 (72573599)|STATEMENT_EXECUTE|[22]
15:56:29.0 (72575242)|STATEMENT_EXECUTE|[23]
15:56:29.0 (72585908)|METHOD_ENTRY|[23]|01pO00000003AAn|TriggerHandler.setTriggerContext()
15:56:29.0 (72590125)|VARIABLE_SCOPE_BEGIN|[94]|this|TriggerHandler|true|false
15:56:29.0 (72603457)|VARIABLE_ASSIGNMENT|[94]|this|{}|0x2674b6db
15:56:29.0 (72615842)|STATEMENT_EXECUTE|[94]
15:56:29.0 (72618598)|STATEMENT_EXECUTE|[95]
15:56:29.0 (72634526)|METHOD_ENTRY|[95]|01pO00000003AAn|TriggerHandler.setTriggerContext(String, Boolean)
15:56:29.0 (72643493)|VARIABLE_SCOPE_BEGIN|[99]|this|TriggerHandler|true|false
15:56:29.0 (72668717)|VARIABLE_ASSIGNMENT|[99]|this|{}|0x2674b6db
15:56:29.0 (72673242)|VARIABLE_SCOPE_BEGIN|[99]|ctx|String|false|false
15:56:29.0 (72679647)|VARIABLE_ASSIGNMENT|[99]|ctx|null
15:56:29.0 (72685954)|VARIABLE_SCOPE_BEGIN|[99]|testMode|Boolean|false|false
15:56:29.0 (72692359)|VARIABLE_ASSIGNMENT|[99]|testMode|false
15:56:29.0 (72697700)|STATEMENT_EXECUTE|[99]
15:56:29.0 (72713033)|STATEMENT_EXECUTE|[103]
15:56:29.0 (72715767)|STATEMENT_EXECUTE|[104]
15:56:29.0 (72722991)|HEAP_ALLOCATE|[104]|Bytes:5
15:56:29.0 (72793926)|STATEMENT_EXECUTE|[120]
15:56:29.0 (72797449)|STATEMENT_EXECUTE|[121]
15:56:29.0 (72820155)|METHOD_EXIT|[95]|01pO00000003AAn|TriggerHandler.setTriggerContext(String, Boolean)
15:56:29.0 (72831352)|METHOD_EXIT|[23]|01pO00000003AAn|TriggerHandler.setTriggerContext()
15:56:29.0 (72840542)|CONSTRUCTOR_EXIT|[15]|01pO00000003AAn|<init>()
15:56:29.0 (72844445)|STATEMENT_EXECUTE|[15]
15:56:29.0 (72851382)|SYSTEM_MODE_EXIT|false
15:56:29.0 (72860927)|CONSTRUCTOR_EXIT|[2]|01pO00000003IBZ|<init>()
15:56:29.0 (72871204)|METHOD_ENTRY|[2]|01pO00000003AAn|TriggerHandler.run()
15:56:29.0 (72877011)|VARIABLE_SCOPE_BEGIN|[31]|this|TriggerHandler|true|false
15:56:29.0 (72911568)|VARIABLE_ASSIGNMENT|[31]|this|{"context":"0x263071e6","isTriggerExecuting":true}|0x2674b6db
15:56:29.0 (72918088)|STATEMENT_EXECUTE|[31]
15:56:29.0 (72929572)|METHOD_ENTRY|[33]|01pO00000003AAn|TriggerHandler.validateRun()
15:56:29.0 (72936923)|VARIABLE_SCOPE_BEGIN|[146]|this|TriggerHandler|true|false
15:56:29.0 (72963705)|VARIABLE_ASSIGNMENT|[146]|this|{"context":"0x263071e6","isTriggerExecuting":true}|0x2674b6db
15:56:29.0 (72969772)|STATEMENT_EXECUTE|[146]
15:56:29.0 (72975883)|STATEMENT_EXECUTE|[147]
15:56:29.0 (72989060)|METHOD_ENTRY|[150]|01pO00000003AAn|TriggerHandler.getHandlerName()
15:56:29.0 (72996060)|VARIABLE_SCOPE_BEGIN|[157]|this|TriggerHandler|true|false
15:56:29.0 (73022446)|VARIABLE_ASSIGNMENT|[157]|this|{"context":"0x263071e6","isTriggerExecuting":true}|0x2674b6db
15:56:29.0 (73028945)|STATEMENT_EXECUTE|[157]
15:56:29.0 (73030837)|STATEMENT_EXECUTE|[158]
15:56:29.0 (73073641)|SYSTEM_METHOD_ENTRY|[158]|String.valueOf(Object)
15:56:29.0 (73151242)|HEAP_ALLOCATE|[158]|Bytes:164
15:56:29.0 (73184331)|SYSTEM_METHOD_EXIT|[158]|String.valueOf(Object)
15:56:29.0 (73219141)|SYSTEM_METHOD_ENTRY|[158]|String.valueOf(Object)
15:56:29.0 (73278706)|HEAP_ALLOCATE|[158]|Bytes:164
15:56:29.0 (73309392)|SYSTEM_METHOD_EXIT|[158]|String.valueOf(Object)
15:56:29.0 (73335345)|SYSTEM_METHOD_ENTRY|[158]|String.indexOf(String)
15:56:29.0 (73359377)|SYSTEM_METHOD_EXIT|[158]|String.indexOf(String)
15:56:29.0 (73384985)|SYSTEM_METHOD_ENTRY|[158]|String.substring(Integer, Integer)
15:56:29.0 (73395215)|HEAP_ALLOCATE|[158]|Bytes:18
15:56:29.0 (73419466)|SYSTEM_METHOD_EXIT|[158]|String.substring(Integer, Integer)
15:56:29.0 (73430311)|METHOD_EXIT|[150]|01pO00000003AAn|TriggerHandler.getHandlerName()
15:56:29.0 (73454030)|SYSTEM_METHOD_ENTRY|[150]|Set<String>.contains(Object)
15:56:29.0 (73477115)|SYSTEM_METHOD_EXIT|[150]|Set<String>.contains(Object)
15:56:29.0 (73486439)|STATEMENT_EXECUTE|[150]
15:56:29.0 (73488933)|STATEMENT_EXECUTE|[153]
15:56:29.0 (73498310)|METHOD_EXIT|[33]|01pO00000003AAn|TriggerHandler.validateRun()
15:56:29.0 (73504340)|STATEMENT_EXECUTE|[33]
15:56:29.0 (73507157)|STATEMENT_EXECUTE|[35]
15:56:29.0 (73516535)|METHOD_ENTRY|[35]|01pO00000003AAn|TriggerHandler.addToLoopCount()
15:56:29.0 (73523554)|VARIABLE_SCOPE_BEGIN|[133]|this|TriggerHandler|true|false
15:56:29.0 (73554101)|VARIABLE_ASSIGNMENT|[133]|this|{"context":"0x263071e6","isTriggerExecuting":true}|0x2674b6db
15:56:29.0 (73560942)|STATEMENT_EXECUTE|[133]
15:56:29.0 (73563374)|STATEMENT_EXECUTE|[134]
15:56:29.0 (73574220)|METHOD_ENTRY|[134]|01pO00000003AAn|TriggerHandler.getHandlerName()
15:56:29.0 (73580685)|VARIABLE_SCOPE_BEGIN|[157]|this|TriggerHandler|true|false
15:56:29.0 (73607534)|VARIABLE_ASSIGNMENT|[157]|this|{"context":"0x263071e6","isTriggerExecuting":true}|0x2674b6db
15:56:29.0 (73612992)|STATEMENT_EXECUTE|[157]
15:56:29.0 (73615239)|STATEMENT_EXECUTE|[158]
15:56:29.0 (73645820)|SYSTEM_METHOD_ENTRY|[158]|String.valueOf(Object)
15:56:29.0 (73690915)|HEAP_ALLOCATE|[158]|Bytes:164
15:56:29.0 (73717483)|SYSTEM_METHOD_EXIT|[158]|String.valueOf(Object)
15:56:29.0 (73745527)|SYSTEM_METHOD_ENTRY|[158]|String.valueOf(Object)
15:56:29.0 (73786530)|HEAP_ALLOCATE|[158]|Bytes:164
15:56:29.0 (73812395)|SYSTEM_METHOD_EXIT|[158]|String.valueOf(Object)
15:56:29.0 (73834598)|SYSTEM_METHOD_ENTRY|[158]|String.indexOf(String)
15:56:29.0 (73854291)|SYSTEM_METHOD_EXIT|[158]|String.indexOf(String)
15:56:29.0 (73876135)|SYSTEM_METHOD_ENTRY|[158]|String.substring(Integer, Integer)
15:56:29.0 (73883708)|HEAP_ALLOCATE|[158]|Bytes:18
15:56:29.0 (73905403)|SYSTEM_METHOD_EXIT|[158]|String.substring(Integer, Integer)
15:56:29.0 (73915882)|METHOD_EXIT|[134]|01pO00000003AAn|TriggerHandler.getHandlerName()
15:56:29.0 (73924293)|VARIABLE_SCOPE_BEGIN|[134]|handlerName|String|false|false
15:56:29.0 (73936613)|VARIABLE_ASSIGNMENT|[134]|handlerName|"gateTriggerHandler"
15:56:29.0 (73961767)|SYSTEM_METHOD_ENTRY|[135]|Map<String,TriggerHandler.LoopCount>.containsKey(Object)
15:56:29.0 (73984405)|SYSTEM_METHOD_EXIT|[135]|Map<String,TriggerHandler.LoopCount>.containsKey(Object)
15:56:29.0 (73992045)|STATEMENT_EXECUTE|[135]
15:56:29.0 (74000188)|METHOD_EXIT|[35]|01pO00000003AAn|TriggerHandler.addToLoopCount()
15:56:29.0 (74041909)|SYSTEM_METHOD_ENTRY|[38]|com.salesforce.api.fast.System.compareObjects(Object, Object)
15:56:29.0 (74112933)|SYSTEM_METHOD_EXIT|[38]|com.salesforce.api.fast.System.compareObjects(Object, Object)
15:56:29.0 (74149330)|SYSTEM_METHOD_ENTRY|[40]|com.salesforce.api.fast.System.compareObjects(Object, Object)
15:56:29.0 (74204737)|SYSTEM_METHOD_EXIT|[40]|com.salesforce.api.fast.System.compareObjects(Object, Object)
15:56:29.0 (74251953)|SYSTEM_METHOD_ENTRY|[42]|com.salesforce.api.fast.System.compareObjects(Object, Object)
15:56:29.0 (74332770)|SYSTEM_METHOD_EXIT|[42]|com.salesforce.api.fast.System.compareObjects(Object, Object)
15:56:29.0 (74376062)|SYSTEM_METHOD_ENTRY|[44]|com.salesforce.api.fast.System.compareObjects(Object, Object)
15:56:29.0 (74447090)|SYSTEM_METHOD_EXIT|[44]|com.salesforce.api.fast.System.compareObjects(Object, Object)
15:56:29.0 (74486186)|SYSTEM_METHOD_ENTRY|[46]|com.salesforce.api.fast.System.compareObjects(Object, Object)
15:56:29.0 (74543377)|SYSTEM_METHOD_EXIT|[46]|com.salesforce.api.fast.System.compareObjects(Object, Object)
15:56:29.0 (74551232)|STATEMENT_EXECUTE|[46]
15:56:29.0 (74553868)|STATEMENT_EXECUTE|[47]
15:56:29.0 (74575864)|METHOD_ENTRY|[47]|01pO00000003IBZ|gateTriggerHandler.afterUpdate()
15:56:29.0 (74608734)|VARIABLE_SCOPE_BEGIN|[23]|this|gateTriggerHandler|true|false
15:56:29.0 (74652806)|VARIABLE_ASSIGNMENT|[23]|this|{"context":"0x263071e6","isTriggerExecuting":true}|0x2674b6db
15:56:29.0 (74666223)|SYSTEM_MODE_ENTER|false
15:56:29.0 (74673944)|HEAP_ALLOCATE|[24]|Bytes:5
15:56:29.0 (74680730)|STATEMENT_EXECUTE|[23]
15:56:29.0 (74683022)|STATEMENT_EXECUTE|[24]
15:56:29.0 (74700168)|METHOD_ENTRY|[24]|01pO00000003IBZ|gateTriggerHandler.findGatesSetToInProgress()
15:56:29.0 (74735902)|HEAP_ALLOCATE|[34]|Bytes:5
15:56:29.0 (74742465)|STATEMENT_EXECUTE|[33]
15:56:29.0 (74744740)|STATEMENT_EXECUTE|[34]
15:56:29.0 (74757147)|HEAP_ALLOCATE|[34]|Bytes:4
15:56:29.0 (74778630)|SYSTEM_CONSTRUCTOR_ENTRY|[34]|<init>(Integer)
15:56:29.0 (74807071)|SYSTEM_CONSTRUCTOR_EXIT|[34]|<init>(Integer)
15:56:29.0 (74816722)|VARIABLE_SCOPE_BEGIN|[34]|gatesInProgress|Set<Id>|true|false
15:56:29.0 (74861057)|VARIABLE_ASSIGNMENT|[34]|gatesInProgress|[]|0x2e339bcc
15:56:29.0 (75007678)|SYSTEM_METHOD_ENTRY|[35]|List<Gate__c>.iterator()
15:56:29.0 (75199201)|SYSTEM_METHOD_EXIT|[35]|List<Gate__c>.iterator()
15:56:29.0 (75225207)|SYSTEM_METHOD_ENTRY|[35]|system.ListIterator.hasNext()
15:56:29.0 (75236992)|HEAP_ALLOCATE|[35]|Bytes:5
15:56:29.0 (75255023)|SYSTEM_METHOD_EXIT|[35]|system.ListIterator.hasNext()
15:56:29.0 (75285654)|VARIABLE_SCOPE_BEGIN|[35]|G|Gate__c|true|false
15:56:29.0 (75829504)|VARIABLE_ASSIGNMENT|[35]|G|{"LastModifiedDate":"2017-03-28T04:56:29.000Z","IsDeleted":false,"CreatedById":"005O0000003t7anIAA","CreatedDate":"2017-03-28T04:46:57.000Z","Gate_Number__c":"3","Opportunity__c":"006O0000008l3bOIAQ","Id":"a0nO0000003xOggIAE","Status__c":"In Progress","LastModifiedById":"005O0000003t7anIAA","Name":"RL Test Opp 2017-03- (18 more) ...","SystemModstamp":"2017-03-28T04:56:29.000Z"}|0x252048f1
15:56:29.0 (75836759)|STATEMENT_EXECUTE|[35]
15:56:29.0 (75838215)|STATEMENT_EXECUTE|[36]
15:56:29.0 (76008583)|SYSTEM_METHOD_ENTRY|[36]|Map<Id,Gate__c>.get(Object)
15:56:29.0 (76048155)|SYSTEM_METHOD_EXIT|[36]|Map<Id,Gate__c>.get(Object)
15:56:29.0 (76059915)|VARIABLE_SCOPE_BEGIN|[36]|oldGate|Gate__c|true|false
15:56:29.0 (76298865)|VARIABLE_ASSIGNMENT|[36]|oldGate|{"LastModifiedDate":"2017-03-28T04:54:09.000Z","IsDeleted":false,"CreatedById":"005O0000003t7anIAA","CreatedDate":"2017-03-28T04:46:57.000Z","Gate_Number__c":"3","Opportunity__c":"006O0000008l3bOIAQ","Id":"a0nO0000003xOggIAE","Status__c":"Approved","LastModifiedById":"005O0000003t7anIAA","Name":"RL Test Opp 2017-03- (18 more) ...","SystemModstamp":"2017-03-28T04:54:09.000Z"}|0x2c4105bc
15:56:29.0 (76332525)|HEAP_ALLOCATE|[38]|Bytes:11
15:56:29.0 (76373477)|STATEMENT_EXECUTE|[38]
15:56:29.0 (76375828)|STATEMENT_EXECUTE|[39]
15:56:29.0 (76399079)|SYSTEM_METHOD_ENTRY|[39]|Set<Id>.add(Object)
15:56:29.0 (76415727)|HEAP_ALLOCATE|[EXTERNAL]|Bytes:4
15:56:29.0 (76429116)|SYSTEM_METHOD_EXIT|[39]|Set<Id>.add(Object)
15:56:29.0 (76438713)|SYSTEM_METHOD_ENTRY|[35]|system.ListIterator.hasNext()
15:56:29.0 (76446396)|HEAP_ALLOCATE|[35]|Bytes:5
15:56:29.0 (76453999)|SYSTEM_METHOD_EXIT|[35]|system.ListIterator.hasNext()
15:56:29.0 (76464832)|VARIABLE_ASSIGNMENT|[35]|G|null|
15:56:29.0 (76473186)|SYSTEM_METHOD_ENTRY|[44]|Set<Id>.size()
15:56:29.0 (76487918)|SYSTEM_METHOD_EXIT|[44]|Set<Id>.size()
15:56:29.0 (76493581)|STATEMENT_EXECUTE|[44]
15:56:29.0 (76495011)|STATEMENT_EXECUTE|[45]
15:56:29.0 (76510853)|METHOD_ENTRY|[45]|01pO00000003IBZ|gateTriggerHandler.findNextApprover(Set<Id>)
15:56:29.0 (76544318)|VARIABLE_SCOPE_BEGIN|[57]|gateIds|Set<Id>|true|false
15:56:29.0 (76558182)|VARIABLE_ASSIGNMENT|[57]|gateIds|["a0nO0000003xOggIAE"]|0x2e339bcc
15:56:29.0 (76575771)|HEAP_ALLOCATE|[58]|Bytes:5
15:56:29.0 (76584043)|STATEMENT_EXECUTE|[57]
15:56:29.0 (76586148)|STATEMENT_EXECUTE|[58]
15:56:29.0 (76644071)|HEAP_ALLOCATE|[58]|Bytes:4
15:56:29.0 (76676398)|SYSTEM_CONSTRUCTOR_ENTRY|[58]|<init>()
15:56:29.0 (76694404)|SYSTEM_CONSTRUCTOR_EXIT|[58]|<init>()
15:56:29.0 (76699097)|VARIABLE_SCOPE_BEGIN|[58]|approversToUpdate|List<Assigned_Approver__c>|true|false
15:56:29.0 (76707603)|HEAP_ALLOCATE|[EXTERNAL]|Bytes:4
15:56:29.0 (76715616)|VARIABLE_ASSIGNMENT|[58]|approversToUpdate|[]|0x20097dd3
15:56:29.0 (76718408)|STATEMENT_EXECUTE|[59]
15:56:29.0 (76722887)|HEAP_ALLOCATE|[59]|Bytes:4
15:56:29.0 (76732137)|SYSTEM_CONSTRUCTOR_ENTRY|[59]|<init>()
15:56:29.0 (76743307)|SYSTEM_CONSTRUCTOR_EXIT|[59]|<init>()
15:56:29.0 (76747442)|VARIABLE_SCOPE_BEGIN|[59]|gatesToUpdate|List<Gate__c>|true|false
15:56:29.0 (76753299)|HEAP_ALLOCATE|[EXTERNAL]|Bytes:4
15:56:29.0 (76758280)|VARIABLE_ASSIGNMENT|[59]|gatesToUpdate|[]|0x4dc88ffa
15:56:29.0 (76760695)|STATEMENT_EXECUTE|[60]
15:56:29.0 (76805498)|HEAP_ALLOCATE|[60]|Bytes:4
15:56:29.0 (76843612)|VARIABLE_SCOPE_BEGIN|[60]|OppMapToBeUpdated|Map<Id,Opportunity>|true|false
15:56:29.0 (76865492)|VARIABLE_ASSIGNMENT|[60]|OppMapToBeUpdated|{}|0x69801f1a
15:56:29.0 (76869888)|STATEMENT_EXECUTE|[62]
15:56:29.0 (77219375)|HEAP_ALLOCATE|[62]|Bytes:20
15:56:29.0 (77260065)|SYSTEM_METHOD_ENTRY|[62]|System.debug(APEX_OBJECT, ANY)
15:56:29.0 (77295444)|USER_DEBUG|[62]|ERROR|*** findNextApprover
15:56:29.0 (77308814)|SYSTEM_METHOD_EXIT|[62]|System.debug(APEX_OBJECT, ANY)
15:56:29.0 (91130019)|HEAP_ALLOCATE|[65]|Bytes:16
15:56:29.0 (91165106)|METHOD_ENTRY|[1]|01pO00000003Yab|GateService.GateService()
15:56:29.0 (91169802)|STATEMENT_EXECUTE|[1]
15:56:29.0 (91178605)|STATEMENT_EXECUTE|[1]
15:56:29.0 (91186207)|HEAP_ALLOCATE|[65]|Bytes:5
15:56:29.0 (91197623)|METHOD_EXIT|[1]|GateService
15:56:29.0 (91245585)|METHOD_ENTRY|[65]|01pO00000003Yab|GateService.getGateAndApprovers(Set<Id>)
15:56:29.0 (91280183)|VARIABLE_SCOPE_BEGIN|[35]|gateIds|Set<Id>|true|false
15:56:29.0 (91314021)|VARIABLE_ASSIGNMENT|[35]|gateIds|["a0nO0000003xOggIAE"]|0x2e339bcc
15:56:29.0 (91331408)|HEAP_ALLOCATE|[36]|Bytes:5
15:56:29.0 (91339506)|STATEMENT_EXECUTE|[35]
15:56:29.0 (91341891)|STATEMENT_EXECUTE|[36]
15:56:29.0 (91348926)|HEAP_ALLOCATE|[36]|Bytes:443
15:56:29.0 (91360754)|HEAP_ALLOCATE|[36]|Bytes:4
15:56:29.0 (91373894)|HEAP_ALLOCATE|[36]|Bytes:7
15:56:29.0 (91451968)|HEAP_ALLOCATE|[36]|Bytes:8
15:56:29.0 (91461518)|HEAP_ALLOCATE|[36]|Bytes:8
15:56:29.0 (92422717)|SOQL_EXECUTE_BEGIN|[36]|Aggregations:1|SELECT ID, Status__c, Gate_Type__c, opportunity__c, opportunity__r.CRA_Gate_Status__c, opportunity__r.TSF_Gate_Status__c, opportunity__r.Gate_Status__c, opportunity__r.Prospect_Status__c, (SELECT Approval_Level__c, Approval_Status__c, Approver__c, Current_Approver__c, Gate__c, Id, Wet_Signature_Received__c FROM Assigned_Approvers__r ORDER BY Approval_Level__c ASC NULLS FIRST) FROM Gate__c WHERE (ID = :tmpVar1 AND status__c = 'In Progress')
15:56:29.0 (92434997)|LIMIT_USAGE|[36]|SOQL|1|100
15:56:29.0 (92442264)|LIMIT_USAGE|[36]|AGGS|1|300
15:56:29.0 (108735436)|SOQL_EXECUTE_END|[36]|Rows:1
15:56:29.0 (108766302)|LIMIT_USAGE|[36]|SOQL_ROWS|4|50000
15:56:29.0 (108789122)|HEAP_ALLOCATE|[36]|Bytes:8
15:56:29.0 (108828605)|HEAP_ALLOCATE|[36]|Bytes:933
15:56:29.0 (108857943)|HEAP_ALLOCATE|[36]|Bytes:8
15:56:29.0 (108895053)|METHOD_EXIT|[65]|01pO00000003Yab|GateService.getGateAndApprovers(Set<Id>)
15:56:29.0 (108915434)|SYSTEM_METHOD_ENTRY|[65]|List<Gate__c>.iterator()
15:56:29.0 (108926050)|SYSTEM_METHOD_EXIT|[65]|List<Gate__c>.iterator()
15:56:29.0 (108938603)|SYSTEM_METHOD_ENTRY|[65]|system.ListIterator.hasNext()
15:56:29.0 (108948212)|HEAP_ALLOCATE|[65]|Bytes:5
15:56:29.0 (108956274)|SYSTEM_METHOD_EXIT|[65]|system.ListIterator.hasNext()
15:56:29.0 (109000070)|HEAP_ALLOCATE|[65]|Bytes:24
15:56:29.0 (109026954)|VARIABLE_SCOPE_BEGIN|[65]|G|Gate__c|true|false
15:56:29.0 (109103709)|VARIABLE_ASSIGNMENT|[65]|G|{"Id":"a0nO0000003xOggIAE","Status__c":"In Progress","Opportunity__c":"006O0000008l3bOIAQ","Assigned_Approvers__ (1 more) ...":[{"Gate__c":"a0nO0000003xOggIAE","Id":"a0oO0000002tWWZIA2","Approval_Level__c":"1","Approval_Status__c":"Approved with Condit (4 more) ...","Approver__c":"00528000004d3msAAA","Current_Approver__c":false,"Wet_Signature_Receiv (5 more) ...":false},{"Gate__c":"a0nO0000003xOggIAE","Id":"a0oO0000002tWWaIAM","Approval_Level__c":"2","Approval_Status__c":"Approved","Approver__c":"00528000006BVWuAAO","Current_Approver__c":false,"Wet_Signature_Receiv (5 more) ...":false},{"Gate__c":"a0nO0000003xOggIAE","Id":"a0oO0000002tWWYIA2","Approval_Level__c":"3","Approval_Status__c":"Assigned Pending App (5 more) ...","Approver__c":"005O0000003t7anIAA","Current_Approver__c":true,"Wet_Signature_Receiv (5 more) ...":false}],"Opportunity__r":{"CRA_Gate_Status__c":"Not Applicable","TSF_Gate_Status__c":"Not Applicable","Gate_Status__c":"In Progress","Prospect_Status__c":"Prospect","Id":"006O0000008l3bOIAQ"}}|0x2b77843
15:56:29.0 (109119176)|STATEMENT_EXECUTE|[65]
15:56:29.0 (109122032)|STATEMENT_EXECUTE|[67]
15:56:29.0 (109132954)|HEAP_ALLOCATE|[67]|Bytes:21
15:56:29.0 (109145939)|HEAP_ALLOCATE|[67]|Bytes:20
15:56:29.0 (109217436)|HEAP_ALLOCATE|[EXTERNAL]|Bytes:16
15:56:29.0 (109272139)|HEAP_ALLOCATE|[67]|Bytes:16
15:56:29.0 (109290641)|VARIABLE_SCOPE_BEGIN|[67]|AAs|List<Assigned_Approver__c>|true|false
15:56:29.0 (109339399)|VARIABLE_ASSIGNMENT|[67]|AAs|[{"Gate__c":"a0nO0000003xOggIAE","Id":"a0oO0000002tWWZIA2","Approval_Level__c":"1","Approval_Status__c":"Approved with Condit (4 more) ...","Approver__c":"00528000004d3msAAA","Current_Approver__c":false,"Wet_Signature_Receiv (5 more) ...":false},{"Gate__c":"a0nO0000003xOggIAE","Id":"a0oO0000002tWWaIAM","Approval_Level__c":"2","Approval_Status__c":"Approved","Approver__c":"00528000006BVWuAAO","Current_Approver__c":false,"Wet_Signature_Receiv (5 more) ...":false},{"Gate__c":"a0nO0000003xOggIAE","Id":"a0oO0000002tWWYIA2","Approval_Level__c":"3","Approval_Status__c":"Assigned Pending App (5 more) ...","Approver__c":"005O0000003t7anIAA","Current_Approver__c":true,"Wet_Signature_Receiv (5 more) ...":false}]|0x6cdea30e
15:56:29.0 (109348975)|STATEMENT_EXECUTE|[68]
15:56:29.0 (109364182)|HEAP_ALLOCATE|[68]|Bytes:9
15:56:29.0 (109406344)|SYSTEM_METHOD_ENTRY|[68]|String.valueOf(Object)
15:56:29.0 (109600172)|HEAP_ALLOCATE|[68]|Bytes:680
15:56:29.0 (109622069)|SYSTEM_METHOD_EXIT|[68]|String.valueOf(Object)
15:56:29.0 (109641104)|HEAP_ALLOCATE|[68]|Bytes:689
15:56:29.0 (109663244)|SYSTEM_METHOD_ENTRY|[68]|System.debug(APEX_OBJECT, ANY)
15:56:29.0 (109680437)|USER_DEBUG|[68]|ERROR|*** AAs: (Assigned_Approver__c:{Gate__c=a0nO0000003xOggIAE, Id=a0oO0000002tWWZIA2, Approval_Level__c=1, Approval_Status__c=Approved with Conditions, Approver__c=00528000004d3msAAA, Current_Approver__c=false, Wet_Signature_Received__c=false}, Assigned_Approver__c:{Gate__c=a0nO0000003xOggIAE, Id=a0oO0000002tWWaIAM, Approval_Level__c=2, Approval_Status__c=Approved, Approver__c=00528000006BVWuAAO, Current_Approver__c=false, Wet_Signature_Received__c=false}, Assigned_Approver__c:{Gate__c=a0nO0000003xOggIAE, Id=a0oO0000002tWWYIA2, Approval_Level__c=3, Approval_Status__c=Assigned Pending Approval, Approver__c=005O0000003t7anIAA, Current_Approver__c=true, Wet_Signature_Received__c=false})
15:56:29.0 (109689499)|SYSTEM_METHOD_EXIT|[68]|System.debug(APEX_OBJECT, ANY)
15:56:29.0 (109693190)|STATEMENT_EXECUTE|[71]
15:56:29.0 (109699664)|VARIABLE_SCOPE_BEGIN|[71]|updateGate|Boolean|false|false
15:56:29.0 (109706378)|HEAP_ALLOCATE|[71]|Bytes:5
15:56:29.0 (109714301)|VARIABLE_ASSIGNMENT|[71]|updateGate|false
15:56:29.0 (109716394)|STATEMENT_EXECUTE|[72]
15:56:29.0 (109719674)|VARIABLE_SCOPE_BEGIN|[72]|updateOpp|Boolean|false|false
15:56:29.0 (109723727)|HEAP_ALLOCATE|[72]|Bytes:5
15:56:29.0 (109728978)|VARIABLE_ASSIGNMENT|[72]|updateOpp|false
15:56:29.0 (109730987)|STATEMENT_EXECUTE|[73]
15:56:29.0 (109736226)|VARIABLE_SCOPE_BEGIN|[73]|gateStatus|String|false|false
15:56:29.0 (109741953)|VARIABLE_ASSIGNMENT|[73]|gateStatus|""
15:56:29.0 (109743686)|STATEMENT_EXECUTE|[74]
15:56:29.0 (109746595)|VARIABLE_SCOPE_BEGIN|[74]|oppStatus|String|false|false
15:56:29.0 (109750993)|VARIABLE_ASSIGNMENT|[74]|oppStatus|""
15:56:29.0 (109767212)|HEAP_ALLOCATE|[77]|Bytes:9
15:56:29.0 (109789584)|STATEMENT_EXECUTE|[77]
15:56:29.0 (109791952)|STATEMENT_EXECUTE|[82]
15:56:29.0 (109806758)|SYSTEM_METHOD_ENTRY|[84]|List<Assigned_Approver__c>.iterator()
15:56:29.0 (109951023)|SYSTEM_METHOD_EXIT|[84]|List<Assigned_Approver__c>.iterator()
15:56:29.0 (109987242)|SYSTEM_METHOD_ENTRY|[84]|system.ListIterator.hasNext()
15:56:29.0 (109998546)|HEAP_ALLOCATE|[84]|Bytes:5
15:56:29.0 (110008003)|SYSTEM_METHOD_EXIT|[84]|system.ListIterator.hasNext()
15:56:29.0 (110023120)|HEAP_ALLOCATE|[84]|Bytes:32
15:56:29.0 (110034963)|VARIABLE_SCOPE_BEGIN|[84]|AA|Assigned_Approver__c|true|false
15:56:29.0 (110059262)|VARIABLE_ASSIGNMENT|[84]|AA|{"Gate__c":"a0nO0000003xOggIAE","Id":"a0oO0000002tWWZIA2","Approval_Level__c":"1","Approval_Status__c":"Approved with Condit (4 more) ...","Approver__c":"00528000004d3msAAA","Current_Approver__c":false,"Wet_Signature_Receiv (5 more) ...":false}|0x5d00c538
15:56:29.0 (110066563)|STATEMENT_EXECUTE|[84]
15:56:29.0 (110068645)|STATEMENT_EXECUTE|[85]
15:56:29.0 (110079556)|HEAP_ALLOCATE|[85]|Bytes:18
15:56:29.0 (110111997)|SYSTEM_METHOD_ENTRY|[85]|String.valueOf(Object)
15:56:29.0 (110193570)|HEAP_ALLOCATE|[85]|Bytes:230
15:56:29.0 (110214040)|SYSTEM_METHOD_EXIT|[85]|String.valueOf(Object)
15:56:29.0 (110224249)|HEAP_ALLOCATE|[85]|Bytes:248
15:56:29.0 (110237530)|SYSTEM_METHOD_ENTRY|[85]|System.debug(APEX_OBJECT, ANY)
15:56:29.0 (110251583)|USER_DEBUG|[85]|ERROR|*** Debug 1 - AA: Assigned_Approver__c:{Gate__c=a0nO0000003xOggIAE, Id=a0oO0000002tWWZIA2, Approval_Level__c=1, Approval_Status__c=Approved with Conditions, Approver__c=00528000004d3msAAA, Current_Approver__c=false, Wet_Signature_Received__c=false}
15:56:29.0 (110259203)|SYSTEM_METHOD_EXIT|[85]|System.debug(APEX_OBJECT, ANY)
15:56:29.0 (110293990)|HEAP_ALLOCATE|[88]|Bytes:8
15:56:29.0 (110328395)|HEAP_ALLOCATE|[97]|Bytes:8
15:56:29.0 (110345930)|HEAP_ALLOCATE|[105]|Bytes:25
15:56:29.0 (110360254)|HEAP_ALLOCATE|[113]|Bytes:24
15:56:29.0 (110375590)|HEAP_ALLOCATE|[113]|Bytes:8
15:56:29.0 (110385552)|HEAP_ALLOCATE|[113]|Bytes:11
15:56:29.0 (110398044)|STATEMENT_EXECUTE|[113]
15:56:29.0 (110400020)|STATEMENT_EXECUTE|[114]
15:56:29.0 (110403431)|HEAP_ALLOCATE|[114]|Bytes:22
15:56:29.0 (110419446)|VARIABLE_ASSIGNMENT|[114]|gateStatus|"Conditionally Approv (2 more) ..."
15:56:29.0 (110421718)|STATEMENT_EXECUTE|[115]
15:56:29.0 (110426652)|HEAP_ALLOCATE|[115]|Bytes:5
15:56:29.0 (110432842)|VARIABLE_ASSIGNMENT|[115]|updateGate|true
15:56:29.0 (110434751)|STATEMENT_EXECUTE|[116]
15:56:29.0 (110440688)|VARIABLE_ASSIGNMENT|[116]|oppStatus|"Conditionally Approv (2 more) ..."
15:56:29.0 (110442690)|STATEMENT_EXECUTE|[117]
15:56:29.0 (110445734)|HEAP_ALLOCATE|[117]|Bytes:5
15:56:29.0 (110450949)|VARIABLE_ASSIGNMENT|[117]|updateOpp|true
15:56:29.0 (110452795)|STATEMENT_EXECUTE|[118]
15:56:29.0 (110458254)|HEAP_ALLOCATE|[118]|Bytes:40
15:56:29.0 (110466212)|HEAP_ALLOCATE|[118]|Bytes:62
15:56:29.0 (110479411)|SYSTEM_METHOD_ENTRY|[118]|System.debug(APEX_OBJECT, ANY)
15:56:29.0 (110498567)|USER_DEBUG|[118]|ERROR|*** Debug 2.d - App w/ cond gateStatus: Conditionally Approved
15:56:29.0 (110504509)|SYSTEM_METHOD_EXIT|[118]|System.debug(APEX_OBJECT, ANY)
15:56:29.0 (110514320)|SYSTEM_METHOD_ENTRY|[84]|system.ListIterator.hasNext()
15:56:29.0 (110521723)|HEAP_ALLOCATE|[84]|Bytes:5
15:56:29.0 (110528832)|SYSTEM_METHOD_EXIT|[84]|system.ListIterator.hasNext()
15:56:29.0 (110566577)|HEAP_ALLOCATE|[84]|Bytes:32
15:56:29.0 (110578417)|VARIABLE_SCOPE_BEGIN|[84]|AA|Assigned_Approver__c|true|false
15:56:29.0 (110595738)|VARIABLE_ASSIGNMENT|[84]|AA|{"Gate__c":"a0nO0000003xOggIAE","Id":"a0oO0000002tWWaIAM","Approval_Level__c":"2","Approval_Status__c":"Approved","Approver__c":"00528000006BVWuAAO","Current_Approver__c":false,"Wet_Signature_Receiv (5 more) ...":false}|0x644cdbbb
15:56:29.0 (110599664)|STATEMENT_EXECUTE|[84]
15:56:29.0 (110600895)|STATEMENT_EXECUTE|[85]
15:56:29.0 (110623300)|SYSTEM_METHOD_ENTRY|[85]|String.valueOf(Object)
15:56:29.0 (110690598)|HEAP_ALLOCATE|[85]|Bytes:214
15:56:29.0 (110710641)|SYSTEM_METHOD_EXIT|[85]|String.valueOf(Object)
15:56:29.0 (110718758)|HEAP_ALLOCATE|[85]|Bytes:232
15:56:29.0 (110728780)|SYSTEM_METHOD_ENTRY|[85]|System.debug(APEX_OBJECT, ANY)
15:56:29.0 (110737372)|USER_DEBUG|[85]|ERROR|*** Debug 1 - AA: Assigned_Approver__c:{Gate__c=a0nO0000003xOggIAE, Id=a0oO0000002tWWaIAM, Approval_Level__c=2, Approval_Status__c=Approved, Approver__c=00528000006BVWuAAO, Current_Approver__c=false, Wet_Signature_Received__c=false}
15:56:29.0 (110743224)|SYSTEM_METHOD_EXIT|[85]|System.debug(APEX_OBJECT, ANY)
15:56:29.0 (110782428)|HEAP_ALLOCATE|[121]|Bytes:8
15:56:29.0 (110809888)|STATEMENT_EXECUTE|[121]
15:56:29.0 (110811703)|STATEMENT_EXECUTE|[122]
15:56:29.0 (110820142)|VARIABLE_ASSIGNMENT|[122]|gateStatus|"Approved"
15:56:29.0 (110822082)|STATEMENT_EXECUTE|[123]
15:56:29.0 (110826657)|HEAP_ALLOCATE|[123]|Bytes:5
15:56:29.0 (110832826)|VARIABLE_ASSIGNMENT|[123]|updateGate|true
15:56:29.0 (110834685)|STATEMENT_EXECUTE|[124]
15:56:29.0 (110839453)|VARIABLE_ASSIGNMENT|[124]|oppStatus|"Approved"
15:56:29.0 (110841462)|STATEMENT_EXECUTE|[125]
15:56:29.0 (110844191)|HEAP_ALLOCATE|[125]|Bytes:5
15:56:29.0 (110849363)|VARIABLE_ASSIGNMENT|[125]|updateOpp|true
15:56:29.0 (110851288)|STATEMENT_EXECUTE|[126]
15:56:29.0 (110857025)|HEAP_ALLOCATE|[126]|Bytes:37
15:56:29.0 (110864564)|HEAP_ALLOCATE|[126]|Bytes:45
15:56:29.0 (110876686)|SYSTEM_METHOD_ENTRY|[126]|System.debug(APEX_OBJECT, ANY)
15:56:29.0 (110893673)|USER_DEBUG|[126]|ERROR|*** Debug 2.e - approved gateStatus: Approved
15:56:29.0 (110904852)|SYSTEM_METHOD_EXIT|[126]|System.debug(APEX_OBJECT, ANY)
15:56:29.0 (110915646)|SYSTEM_METHOD_ENTRY|[84]|system.ListIterator.hasNext()
15:56:29.0 (110922863)|HEAP_ALLOCATE|[84]|Bytes:5
15:56:29.0 (110929948)|SYSTEM_METHOD_EXIT|[84]|system.ListIterator.hasNext()
15:56:29.0 (110958578)|HEAP_ALLOCATE|[84]|Bytes:32
15:56:29.0 (110969577)|VARIABLE_SCOPE_BEGIN|[84]|AA|Assigned_Approver__c|true|false
15:56:29.0 (110985980)|VARIABLE_ASSIGNMENT|[84]|AA|{"Gate__c":"a0nO0000003xOggIAE","Id":"a0oO0000002tWWYIA2","Approval_Level__c":"3","Approval_Status__c":"Assigned Pending App (5 more) ...","Approver__c":"005O0000003t7anIAA","Current_Approver__c":true,"Wet_Signature_Receiv (5 more) ...":false}|0x550e9a3e
15:56:29.0 (110989827)|STATEMENT_EXECUTE|[84]
15:56:29.0 (110991046)|STATEMENT_EXECUTE|[85]
15:56:29.0 (111012786)|SYSTEM_METHOD_ENTRY|[85]|String.valueOf(Object)
15:56:29.0 (111131811)|HEAP_ALLOCATE|[85]|Bytes:230
15:56:29.0 (111153510)|SYSTEM_METHOD_EXIT|[85]|String.valueOf(Object)
15:56:29.0 (111162219)|HEAP_ALLOCATE|[85]|Bytes:248
15:56:29.0 (111176237)|SYSTEM_METHOD_ENTRY|[85]|System.debug(APEX_OBJECT, ANY)
15:56:29.0 (111190181)|USER_DEBUG|[85]|ERROR|*** Debug 1 - AA: Assigned_Approver__c:{Gate__c=a0nO0000003xOggIAE, Id=a0oO0000002tWWYIA2, Approval_Level__c=3, Approval_Status__c=Assigned Pending Approval, Approver__c=005O0000003t7anIAA, Current_Approver__c=true, Wet_Signature_Received__c=false}
15:56:29.0 (111201379)|SYSTEM_METHOD_EXIT|[85]|System.debug(APEX_OBJECT, ANY)
15:56:29.0 (111263057)|STATEMENT_EXECUTE|[105]
15:56:29.0 (111265641)|STATEMENT_EXECUTE|[106]
15:56:29.0 (111275067)|VARIABLE_ASSIGNMENT|[106]|gateStatus|"In Progress"
15:56:29.0 (111277073)|STATEMENT_EXECUTE|[107]
15:56:29.0 (111282264)|HEAP_ALLOCATE|[107]|Bytes:5
15:56:29.0 (111288716)|VARIABLE_ASSIGNMENT|[107]|updateGate|false
15:56:29.0 (111290640)|STATEMENT_EXECUTE|[108]
15:56:29.0 (111295326)|VARIABLE_ASSIGNMENT|[108]|oppStatus|"In Progress"
15:56:29.0 (111297145)|STATEMENT_EXECUTE|[109]
15:56:29.0 (111299831)|HEAP_ALLOCATE|[109]|Bytes:5
15:56:29.0 (111305138)|VARIABLE_ASSIGNMENT|[109]|updateOpp|false
15:56:29.0 (111306886)|STATEMENT_EXECUTE|[110]
15:56:29.0 (111312735)|HEAP_ALLOCATE|[110]|Bytes:40
15:56:29.0 (111321154)|HEAP_ALLOCATE|[110]|Bytes:51
15:56:29.0 (111333431)|SYSTEM_METHOD_ENTRY|[110]|System.debug(APEX_OBJECT, ANY)
15:56:29.0 (111350518)|USER_DEBUG|[110]|ERROR|*** Debug 2.c - In Progress gateStatus: In Progress
15:56:29.0 (111356416)|SYSTEM_METHOD_EXIT|[110]|System.debug(APEX_OBJECT, ANY)
15:56:29.0 (111365956)|SYSTEM_METHOD_ENTRY|[84]|system.ListIterator.hasNext()
15:56:29.0 (111372982)|HEAP_ALLOCATE|[84]|Bytes:5
15:56:29.0 (111379917)|SYSTEM_METHOD_EXIT|[84]|system.ListIterator.hasNext()
15:56:29.0 (111390599)|VARIABLE_ASSIGNMENT|[84]|AA|null|
15:56:29.0 (111394313)|STATEMENT_EXECUTE|[130]
15:56:29.0 (111400336)|HEAP_ALLOCATE|[130]|Bytes:26
15:56:29.0 (111408535)|HEAP_ALLOCATE|[130]|Bytes:37
15:56:29.0 (111419623)|SYSTEM_METHOD_ENTRY|[130]|System.debug(APEX_OBJECT, ANY)
15:56:29.0 (111434465)|USER_DEBUG|[130]|ERROR|*** Debug 3 - gateStatus: In Progress
15:56:29.0 (111440001)|SYSTEM_METHOD_EXIT|[130]|System.debug(APEX_OBJECT, ANY)
15:56:29.0 (111456872)|STATEMENT_EXECUTE|[133]
15:56:29.0 (111466491)|SYSTEM_METHOD_ENTRY|[134]|List<Assigned_Approver__c>.iterator()
15:56:29.0 (111483558)|SYSTEM_METHOD_EXIT|[134]|List<Assigned_Approver__c>.iterator()
15:56:29.0 (111492749)|SYSTEM_METHOD_ENTRY|[134]|system.ListIterator.hasNext()
15:56:29.0 (111502324)|HEAP_ALLOCATE|[134]|Bytes:5
15:56:29.0 (111516480)|SYSTEM_METHOD_EXIT|[134]|system.ListIterator.hasNext()
15:56:29.0 (111532987)|HEAP_ALLOCATE|[134]|Bytes:32
15:56:29.0 (111552840)|VARIABLE_SCOPE_BEGIN|[134]|AA|Assigned_Approver__c|true|false
15:56:29.0 (111578430)|VARIABLE_ASSIGNMENT|[134]|AA|{"Gate__c":"a0nO0000003xOggIAE","Id":"a0oO0000002tWWZIA2","Approval_Level__c":"1","Approval_Status__c":"Approved with Condit (4 more) ...","Approver__c":"00528000004d3msAAA","Current_Approver__c":false,"Wet_Signature_Receiv (5 more) ...":false}|0x5d00c538
15:56:29.0 (111584868)|STATEMENT_EXECUTE|[134]
15:56:29.0 (111614331)|STATEMENT_EXECUTE|[135]
15:56:29.0 (111628694)|SYSTEM_METHOD_ENTRY|[134]|system.ListIterator.hasNext()
15:56:29.0 (111638663)|HEAP_ALLOCATE|[134]|Bytes:5
15:56:29.0 (111651400)|SYSTEM_METHOD_EXIT|[134]|system.ListIterator.hasNext()
15:56:29.0 (111666275)|HEAP_ALLOCATE|[134]|Bytes:32
15:56:29.0 (111678716)|VARIABLE_SCOPE_BEGIN|[134]|AA|Assigned_Approver__c|true|false
15:56:29.0 (111695017)|VARIABLE_ASSIGNMENT|[134]|AA|{"Gate__c":"a0nO0000003xOggIAE","Id":"a0oO0000002tWWaIAM","Approval_Level__c":"2","Approval_Status__c":"Approved","Approver__c":"00528000006BVWuAAO","Current_Approver__c":false,"Wet_Signature_Receiv (5 more) ...":false}|0x644cdbbb
15:56:29.0 (111698873)|STATEMENT_EXECUTE|[134]
15:56:29.0 (111714917)|STATEMENT_EXECUTE|[135]
15:56:29.0 (111724330)|SYSTEM_METHOD_ENTRY|[134]|system.ListIterator.hasNext()
15:56:29.0 (111731532)|HEAP_ALLOCATE|[134]|Bytes:5
15:56:29.0 (111738337)|SYSTEM_METHOD_EXIT|[134]|system.ListIterator.hasNext()
15:56:29.0 (111746215)|HEAP_ALLOCATE|[134]|Bytes:32
15:56:29.0 (111754875)|VARIABLE_SCOPE_BEGIN|[134]|AA|Assigned_Approver__c|true|false
15:56:29.0 (111769597)|VARIABLE_ASSIGNMENT|[134]|AA|{"Gate__c":"a0nO0000003xOggIAE","Id":"a0oO0000002tWWYIA2","Approval_Level__c":"3","Approval_Status__c":"Assigned Pending App (5 more) ...","Approver__c":"005O0000003t7anIAA","Current_Approver__c":true,"Wet_Signature_Receiv (5 more) ...":false}|0x550e9a3e
15:56:29.0 (111773047)|STATEMENT_EXECUTE|[134]
15:56:29.0 (111792236)|STATEMENT_EXECUTE|[135]
15:56:29.0 (111793939)|STATEMENT_EXECUTE|[136]
15:56:29.0 (111862748)|VARIABLE_ASSIGNMENT|[136]|this.Current_Approver__c|true|0x550e9a3e
15:56:29.0 (111866655)|STATEMENT_EXECUTE|[137]
15:56:29.0 (111895012)|SYSTEM_METHOD_ENTRY|[137]|List<Assigned_Approver__c>.add(Object)
15:56:29.0 (111925807)|HEAP_ALLOCATE|[EXTERNAL]|Bytes:4
15:56:29.0 (111940151)|SYSTEM_METHOD_EXIT|[137]|List<Assigned_Approver__c>.add(Object)
15:56:29.0 (111946402)|STATEMENT_EXECUTE|[138]
15:56:29.0 (111959881)|VARIABLE_ASSIGNMENT|[134]|AA|null|
15:56:29.0 (111967448)|STATEMENT_EXECUTE|[145]
15:56:29.0 (111970943)|STATEMENT_EXECUTE|[151]
15:56:29.0 (111973206)|STATEMENT_EXECUTE|[156]
15:56:29.0 (111983955)|HEAP_ALLOCATE|[156]|Bytes:36
15:56:29.0 (112022800)|SYSTEM_METHOD_ENTRY|[156]|String.valueOf(Object)
15:56:29.0 (112045542)|HEAP_ALLOCATE|[156]|Bytes:2
15:56:29.0 (112063660)|SYSTEM_METHOD_EXIT|[156]|String.valueOf(Object)
15:56:29.0 (112073177)|HEAP_ALLOCATE|[156]|Bytes:38
15:56:29.0 (112085489)|SYSTEM_METHOD_ENTRY|[156]|System.debug(APEX_OBJECT, ANY)
15:56:29.0 (112094767)|USER_DEBUG|[156]|ERROR|*** OppMapToBeUpdated after method: {}
15:56:29.0 (112100027)|SYSTEM_METHOD_EXIT|[156]|System.debug(APEX_OBJECT, ANY)
15:56:29.0 (112108905)|SYSTEM_METHOD_ENTRY|[65]|system.ListIterator.hasNext()
15:56:29.0 (112115777)|HEAP_ALLOCATE|[65]|Bytes:5
15:56:29.0 (112122598)|SYSTEM_METHOD_EXIT|[65]|system.ListIterator.hasNext()
15:56:29.0 (112133063)|VARIABLE_ASSIGNMENT|[65]|G|null|
15:56:29.0 (112136391)|STATEMENT_EXECUTE|[160]
15:56:29.0 (112137564)|STATEMENT_EXECUTE|[160]
15:56:29.0 (112146170)|SYSTEM_METHOD_ENTRY|[161]|List<Assigned_Approver__c>.size()
15:56:29.0 (112172198)|SYSTEM_METHOD_EXIT|[161]|List<Assigned_Approver__c>.size()
15:56:29.0 (112181493)|STATEMENT_EXECUTE|[161]
15:56:29.0 (112183951)|STATEMENT_EXECUTE|[162]
15:56:29.0 (112259010)|DML_BEGIN|[162]|Op:Update|Type:Assigned_Approver__c|Rows:1
15:56:29.0 (112302859)|LIMIT_USAGE|[162]|DML|1|150
15:56:29.0 (112314783)|LIMIT_USAGE|[162]|DML_ROWS|1|10000
15:56:29.0 (112338389)|HEAP_ALLOCATE|[EXTERNAL]|Bytes:8
15:56:29.0 (131103726)|CODE_UNIT_STARTED|[EXTERNAL]|01qO00000000Ue8|AssignedApproverTrigger on Assigned_Approver trigger event BeforeUpdate for [a0oO0000002tWWY]
15:56:29.0 (131159222)|HEAP_ALLOCATE|[EXTERNAL]|Bytes:8
15:56:29.0 (131187031)|HEAP_ALLOCATE|[EXTERNAL]|Bytes:8
15:56:29.0 (131310651)|HEAP_ALLOCATE|[EXTERNAL]|Bytes:1
15:56:29.0 (131332099)|HEAP_ALLOCATE|[EXTERNAL]|Bytes:4
15:56:29.0 (131351081)|VARIABLE_SCOPE_BEGIN|[1]|this|AssignedApproverTrigger|true|false
15:56:29.0 (131396052)|VARIABLE_ASSIGNMENT|[1]|this|{}|0x11f4ae5a
15:56:29.0 (131466471)|HEAP_ALLOCATE|[EXTERNAL]|Bytes:4
15:56:29.0 (131475146)|VARIABLE_SCOPE_BEGIN|[1]|this|AssignedApproverTrigger|true|false
15:56:29.0 (131487350)|VARIABLE_ASSIGNMENT|[1]|this|{}|0x11f4ae5a
15:56:29.0 (131493371)|STATEMENT_EXECUTE|[1]
15:56:29.0 (131495044)|STATEMENT_EXECUTE|[2]
15:56:29.0 (131505732)|HEAP_ALLOCATE|[2]|Bytes:36
15:56:29.0 (131532532)|SYSTEM_METHOD_ENTRY|[2]|System.debug(APEX_OBJECT, ANY)
15:56:29.0 (131564480)|USER_DEBUG|[2]|ERROR|*** Assigned Approver Trigger Firing
15:56:29.0 (131574313)|SYSTEM_METHOD_EXIT|[2]|System.debug(APEX_OBJECT, ANY)
15:56:29.0 (131578367)|STATEMENT_EXECUTE|[3]
15:56:29.0 (137766996)|HEAP_ALLOCATE|[3]|Bytes:11
15:56:29.0 (137783194)|HEAP_ALLOCATE|[3]|Bytes:17
15:56:29.0 (137808788)|METHOD_ENTRY|[12]|01pO00000003Sem|Assigned_Approver_TriggerHandler.Assigned_Approver_TriggerHandler()
15:56:29.0 (137814323)|STATEMENT_EXECUTE|[12]
15:56:29.0 (137822927)|STATEMENT_EXECUTE|[12]
15:56:29.0 (137838305)|HEAP_ALLOCATE|[3]|Bytes:5
15:56:29.0 (137858198)|METHOD_EXIT|[12]|Assigned_Approver_TriggerHandler
15:56:29.0 (137883397)|HEAP_ALLOCATE|[3]|Bytes:12
15:56:29.0 (137908172)|CONSTRUCTOR_ENTRY|[3]|01pO00000003Sem|<init>()
15:56:29.0 (137954387)|VARIABLE_SCOPE_BEGIN|[13]|this|Assigned_Approver_TriggerHandler|true|false
15:56:29.0 (138006409)|VARIABLE_ASSIGNMENT|[13]|this|{}|0x7a038b0a
15:56:29.0 (138020109)|HEAP_ALLOCATE|[13]|Bytes:5
15:56:29.0 (138028124)|STATEMENT_EXECUTE|[12]
15:56:29.0 (138032751)|HEAP_ALLOCATE|[13]|Bytes:5
15:56:29.0 (138045813)|CONSTRUCTOR_ENTRY|[13]|01pO00000003AAn|<init>()
15:56:29.0 (138096438)|VARIABLE_SCOPE_BEGIN|[22]|this|TriggerHandler|true|false
15:56:29.0 (138114803)|VARIABLE_ASSIGNMENT|[22]|this|{}|0x7a038b0a
15:56:29.0 (138119282)|STATEMENT_EXECUTE|[1]
15:56:29.0 (138120756)|STATEMENT_EXECUTE|[9]
15:56:29.0 (138122633)|STATEMENT_EXECUTE|[13]
15:56:29.0 (138152912)|STATEMENT_EXECUTE|[22]
15:56:29.0 (138155196)|STATEMENT_EXECUTE|[23]
15:56:29.0 (138178277)|METHOD_ENTRY|[23]|01pO00000003AAn|TriggerHandler.setTriggerContext()
15:56:29.0 (138183696)|VARIABLE_SCOPE_BEGIN|[94]|this|TriggerHandler|true|false
15:56:29.0 (138203182)|VARIABLE_ASSIGNMENT|[94]|this|{}|0x7a038b0a
15:56:29.0 (138208943)|STATEMENT_EXECUTE|[94]
15:56:29.0 (138210194)|STATEMENT_EXECUTE|[95]
15:56:29.0 (138223417)|METHOD_ENTRY|[95]|01pO00000003AAn|TriggerHandler.setTriggerContext(String, Boolean)
15:56:29.0 (138228542)|VARIABLE_SCOPE_BEGIN|[99]|this|TriggerHandler|true|false
15:56:29.0 (138242680)|VARIABLE_ASSIGNMENT|[99]|this|{}|0x7a038b0a
15:56:29.0 (138245454)|VARIABLE_SCOPE_BEGIN|[99]|ctx|String|false|false
15:56:29.0 (138252623)|VARIABLE_ASSIGNMENT|[99]|ctx|null
15:56:29.0 (138259334)|VARIABLE_SCOPE_BEGIN|[99]|testMode|Boolean|false|false
15:56:29.0 (138264725)|VARIABLE_ASSIGNMENT|[99]|testMode|false
15:56:29.0 (138269145)|STATEMENT_EXECUTE|[99]
15:56:29.0 (138287305)|STATEMENT_EXECUTE|[103]
15:56:29.0 (138289103)|STATEMENT_EXECUTE|[104]
15:56:29.0 (138295447)|HEAP_ALLOCATE|[104]|Bytes:5
15:56:29.0 (138326382)|STATEMENT_EXECUTE|[111]
15:56:29.0 (138328567)|STATEMENT_EXECUTE|[112]
15:56:29.0 (138341900)|METHOD_EXIT|[95]|01pO00000003AAn|TriggerHandler.setTriggerContext(String, Boolean)
15:56:29.0 (138348986)|METHOD_EXIT|[23]|01pO00000003AAn|TriggerHandler.setTriggerContext()
15:56:29.0 (138354613)|CONSTRUCTOR_EXIT|[13]|01pO00000003AAn|<init>()
15:56:29.0 (138357266)|STATEMENT_EXECUTE|[13]
15:56:29.0 (138367657)|CONSTRUCTOR_EXIT|[3]|01pO00000003Sem|<init>()
15:56:29.0 (138383388)|METHOD_ENTRY|[3]|01pO00000003AAn|TriggerHandler.run()
15:56:29.0 (138388398)|VARIABLE_SCOPE_BEGIN|[31]|this|TriggerHandler|true|false
15:56:29.0 (138426338)|VARIABLE_ASSIGNMENT|[31]|this|{"context":"0x70e666cf","isTriggerExecuting":true}|0x7a038b0a
15:56:29.0 (138434743)|STATEMENT_EXECUTE|[31]
15:56:29.0 (138456658)|METHOD_ENTRY|[33]|01pO00000003AAn|TriggerHandler.validateRun()
15:56:29.0 (138465322)|VARIABLE_SCOPE_BEGIN|[146]|this|TriggerHandler|true|false
15:56:29.0 (138501903)|VARIABLE_ASSIGNMENT|[146]|this|{"context":"0x70e666cf","isTriggerExecuting":true}|0x7a038b0a
15:56:29.0 (138509130)|STATEMENT_EXECUTE|[146]
15:56:29.0 (138515306)|STATEMENT_EXECUTE|[147]
15:56:29.0 (138527845)|METHOD_ENTRY|[150]|01pO00000003AAn|TriggerHandler.getHandlerName()
15:56:29.0 (138533512)|VARIABLE_SCOPE_BEGIN|[157]|this|TriggerHandler|true|false
15:56:29.0 (138554177)|VARIABLE_ASSIGNMENT|[157]|this|{"context":"0x70e666cf","isTriggerExecuting":true}|0x7a038b0a
15:56:29.0 (138561100)|STATEMENT_EXECUTE|[157]
15:56:29.0 (138562932)|STATEMENT_EXECUTE|[158]
15:56:29.0 (138608192)|SYSTEM_METHOD_ENTRY|[158]|String.valueOf(Object)
15:56:29.0 (138685806)|HEAP_ALLOCATE|[158]|Bytes:179
15:56:29.0 (138708532)|SYSTEM_METHOD_EXIT|[158]|String.valueOf(Object)
15:56:29.0 (138734509)|SYSTEM_METHOD_ENTRY|[158]|String.valueOf(Object)
15:56:29.0 (138768876)|HEAP_ALLOCATE|[158]|Bytes:179
15:56:29.0 (138792822)|SYSTEM_METHOD_EXIT|[158]|String.valueOf(Object)
15:56:29.0 (138812492)|SYSTEM_METHOD_ENTRY|[158]|String.indexOf(String)
15:56:29.0 (138825891)|SYSTEM_METHOD_EXIT|[158]|String.indexOf(String)
15:56:29.0 (138845394)|SYSTEM_METHOD_ENTRY|[158]|String.substring(Integer, Integer)
15:56:29.0 (138853538)|HEAP_ALLOCATE|[158]|Bytes:32
15:56:29.0 (138867470)|SYSTEM_METHOD_EXIT|[158]|String.substring(Integer, Integer)
15:56:29.0 (138874604)|METHOD_EXIT|[150]|01pO00000003AAn|TriggerHandler.getHandlerName()
15:56:29.0 (138896671)|SYSTEM_METHOD_ENTRY|[150]|Set<String>.contains(Object)
15:56:29.0 (138917455)|SYSTEM_METHOD_EXIT|[150]|Set<String>.contains(Object)
15:56:29.0 (138923583)|STATEMENT_EXECUTE|[150]
15:56:29.0 (138925358)|STATEMENT_EXECUTE|[153]
15:56:29.0 (138930547)|METHOD_EXIT|[33]|01pO00000003AAn|TriggerHandler.validateRun()
15:56:29.0 (138934041)|STATEMENT_EXECUTE|[33]
15:56:29.0 (138935317)|STATEMENT_EXECUTE|[35]
15:56:29.0 (138942558)|METHOD_ENTRY|[35]|01pO00000003AAn|TriggerHandler.addToLoopCount()
15:56:29.0 (138947424)|VARIABLE_SCOPE_BEGIN|[133]|this|TriggerHandler|true|false
15:56:29.0 (138974204)|VARIABLE_ASSIGNMENT|[133]|this|{"context":"0x70e666cf","isTriggerExecuting":true}|0x7a038b0a
15:56:29.0 (138980141)|STATEMENT_EXECUTE|[133]
15:56:29.0 (138981464)|STATEMENT_EXECUTE|[134]
15:56:29.0 (138989999)|METHOD_ENTRY|[134]|01pO00000003AAn|TriggerHandler.getHandlerName()
15:56:29.0 (138994287)|VARIABLE_SCOPE_BEGIN|[157]|this|TriggerHandler|true|false
15:56:29.0 (139013894)|VARIABLE_ASSIGNMENT|[157]|this|{"context":"0x70e666cf","isTriggerExecuting":true}|0x7a038b0a
15:56:29.0 (139019799)|STATEMENT_EXECUTE|[157]
15:56:29.0 (139020986)|STATEMENT_EXECUTE|[158]
15:56:29.0 (139043460)|SYSTEM_METHOD_ENTRY|[158]|String.valueOf(Object)
15:56:29.0 (139081968)|HEAP_ALLOCATE|[158]|Bytes:179
15:56:29.0 (139109354)|SYSTEM_METHOD_EXIT|[158]|String.valueOf(Object)
15:56:29.0 (139135446)|SYSTEM_METHOD_ENTRY|[158]|String.valueOf(Object)
15:56:29.0 (139168275)|HEAP_ALLOCATE|[158]|Bytes:179
15:56:29.0 (139192078)|SYSTEM_METHOD_EXIT|[158]|String.valueOf(Object)
15:56:29.0 (139207628)|SYSTEM_METHOD_ENTRY|[158]|String.indexOf(String)
15:56:29.0 (139219064)|SYSTEM_METHOD_EXIT|[158]|String.indexOf(String)
15:56:29.0 (139231360)|SYSTEM_METHOD_ENTRY|[158]|String.substring(Integer, Integer)
15:56:29.0 (139236751)|HEAP_ALLOCATE|[158]|Bytes:32
15:56:29.0 (139254641)|SYSTEM_METHOD_EXIT|[158]|String.substring(Integer, Integer)
15:56:29.0 (139261816)|METHOD_EXIT|[134]|01pO00000003AAn|TriggerHandler.getHandlerName()
15:56:29.0 (139267280)|VARIABLE_SCOPE_BEGIN|[134]|handlerName|String|false|false
15:56:29.0 (139280327)|VARIABLE_ASSIGNMENT|[134]|handlerName|"Assigned_Approver_Tr (12 more) ..."
15:56:29.0 (139303691)|SYSTEM_METHOD_ENTRY|[135]|Map<String,TriggerHandler.LoopCount>.containsKey(Object)
15:56:29.0 (139320752)|SYSTEM_METHOD_EXIT|[135]|Map<String,TriggerHandler.LoopCount>.containsKey(Object)
15:56:29.0 (139326287)|STATEMENT_EXECUTE|[135]
15:56:29.0 (139331424)|METHOD_EXIT|[35]|01pO00000003AAn|TriggerHandler.addToLoopCount()
15:56:29.0 (139368561)|SYSTEM_METHOD_ENTRY|[38]|com.salesforce.api.fast.System.compareObjects(Object, Object)
15:56:29.0 (139432298)|SYSTEM_METHOD_EXIT|[38]|com.salesforce.api.fast.System.compareObjects(Object, Object)
15:56:29.0 (139460520)|SYSTEM_METHOD_ENTRY|[40]|com.salesforce.api.fast.System.compareObjects(Object, Object)
15:56:29.0 (139488899)|SYSTEM_METHOD_EXIT|[40]|com.salesforce.api.fast.System.compareObjects(Object, Object)
15:56:29.0 (139494309)|STATEMENT_EXECUTE|[40]
15:56:29.0 (139495677)|STATEMENT_EXECUTE|[41]
15:56:29.0 (139511045)|METHOD_ENTRY|[41]|01pO00000003Sem|Assigned_Approver_TriggerHandler.beforeUpdate()
15:56:29.0 (139517695)|VARIABLE_SCOPE_BEGIN|[17]|this|Assigned_Approver_TriggerHandler|true|false
15:56:29.0 (139544252)|VARIABLE_ASSIGNMENT|[17]|this|{"context":"0x70e666cf","isTriggerExecuting":true}|0x7a038b0a
15:56:29.0 (139555354)|HEAP_ALLOCATE|[18]|Bytes:5
15:56:29.0 (139559673)|STATEMENT_EXECUTE|[17]
15:56:29.0 (139560916)|STATEMENT_EXECUTE|[18]
15:56:29.0 (139574050)|METHOD_ENTRY|[18]|01pO00000003Sem|Assigned_Approver_TriggerHandler.findCurrentApproversThatHaveApproved()
15:56:29.0 (139614106)|HEAP_ALLOCATE|[30]|Bytes:5
15:56:29.0 (139619205)|STATEMENT_EXECUTE|[29]
15:56:29.0 (139620811)|STATEMENT_EXECUTE|[30]
15:56:29.0 (139629616)|HEAP_ALLOCATE|[30]|Bytes:20
15:56:29.0 (139686186)|SYSTEM_METHOD_ENTRY|[30]|String.valueOf(Object)
15:56:29.0 (141108331)|HEAP_ALLOCATE|[30]|Bytes:732
15:56:29.0 (141136918)|SYSTEM_METHOD_EXIT|[30]|String.valueOf(Object)
15:56:29.0 (141151131)|HEAP_ALLOCATE|[30]|Bytes:752
15:56:29.0 (141172127)|SYSTEM_METHOD_ENTRY|[30]|System.debug(APEX_OBJECT, ANY)
15:56:29.0 (141195458)|USER_DEBUG|[30]|ERROR|*** Find approvers: (Assigned_Approver__c:{Id=a0oO0000002tWWYIA2, OwnerId=005O0000003t7anIAA, IsDeleted=false, Name=Approver-000000120, CreatedDate=2017-03-28 04:46:57, CreatedById=005O0000003t7anIAA, LastModifiedDate=2017-03-28 04:56:22, LastModifiedById=005O0000003t7anIAA, SystemModstamp=2017-03-28 04:56:22, LastViewedDate=null, LastReferencedDate=null, Approver__c=005O0000003t7anIAA, Gate__c=a0nO0000003xOggIAE, Approval_Level__c=3, Approval_Status__c=Assigned Pending Approval, Approval_Comments__c=test, No_of_Approval_Conditions__c=0, Current_Approver__c=true, Approver_Role__c=COO, Wet_Signature_Received__c=false, Wet_Signature_Date__c=null, Decision_Date__c=2017-03-28 00:00:00, Prospect__c=006O0000008l3bOIAQ, Approval_Conditions__c=null})
15:56:29.0 (141207804)|SYSTEM_METHOD_EXIT|[30]|System.debug(APEX_OBJECT, ANY)
15:56:29.0 (141212025)|STATEMENT_EXECUTE|[32]
15:56:29.0 (141222171)|HEAP_ALLOCATE|[32]|Bytes:4
15:56:29.0 (141237462)|SYSTEM_CONSTRUCTOR_ENTRY|[32]|<init>(Integer)
15:56:29.0 (141263006)|SYSTEM_CONSTRUCTOR_EXIT|[32]|<init>(Integer)
15:56:29.0 (141269084)|VARIABLE_SCOPE_BEGIN|[32]|gatesToFindNextApprover|Set<Id>|true|false
15:56:29.0 (141289826)|VARIABLE_ASSIGNMENT|[32]|gatesToFindNextApprover|[]|0x4520db08
15:56:29.0 (141327531)|SYSTEM_METHOD_ENTRY|[33]|List<Assigned_Approver__c>.iterator()
15:56:29.0 (141351128)|SYSTEM_METHOD_EXIT|[33]|List<Assigned_Approver__c>.iterator()
15:56:29.0 (141369547)|SYSTEM_METHOD_ENTRY|[33]|system.ListIterator.hasNext()
15:56:29.0 (141379070)|HEAP_ALLOCATE|[33]|Bytes:5
15:56:29.0 (141388294)|SYSTEM_METHOD_EXIT|[33]|system.ListIterator.hasNext()
15:56:29.0 (141403617)|HEAP_ALLOCATE|[33]|Bytes:4
15:56:29.0 (141418894)|VARIABLE_SCOPE_BEGIN|[33]|AA|Assigned_Approver__c|true|false
15:56:29.0 (141654986)|VARIABLE_ASSIGNMENT|[33]|AA|{"Approval_Level__c":"3","LastModifiedDate":"2017-03-28T04:56:22.000Z","Approval_Comments__c":"test","IsDeleted":false,"Approver__c":"005O0000003t7anIAA","Wet_Signature_Receiv (5 more) ...":false,"Gate__c":"a0nO0000003xOggIAE","Prospect__c":"006O0000008l3bOIAQ","Decision_Date__c":"2017-03-28T00:00:00.000Z","Name":"Approver-000000120","SystemModstamp":"2017-03-28T04:56:22.000Z","OwnerId":"005O0000003t7anIAA","CreatedById":"005O0000003t7anIAA","Approver_Role__c":"COO","No_of_Approval_Condi (8 more) ...":0,"CreatedDate":"2017-03-28T04:46:57.000Z","Id":"a0oO0000002tWWYIA2","Current_Approver__c":true,"LastModifiedById":"005O0000003t7anIAA","Approval_Status__c":"Assigned Pending App (5 more) ..."}|0xa7d34e3
15:56:29.0 (141664512)|STATEMENT_EXECUTE|[33]
15:56:29.0 (141667040)|STATEMENT_EXECUTE|[34]
15:56:29.0 (141826606)|SYSTEM_METHOD_ENTRY|[34]|Map<Id,Assigned_Approver__c>.get(Object)
15:56:29.0 (141866235)|SYSTEM_METHOD_EXIT|[34]|Map<Id,Assigned_Approver__c>.get(Object)
15:56:29.0 (141879501)|VARIABLE_SCOPE_BEGIN|[34]|oldApprover|Assigned_Approver__c|true|false
15:56:29.0 (142194684)|VARIABLE_ASSIGNMENT|[34]|oldApprover|{"Approval_Level__c":"3","LastModifiedDate":"2017-03-28T04:56:22.000Z","Approval_Comments__c":"test","IsDeleted":false,"Approver__c":"005O0000003t7anIAA","Wet_Signature_Receiv (5 more) ...":false,"Gate__c":"a0nO0000003xOggIAE","Prospect__c":"006O0000008l3bOIAQ","Decision_Date__c":"2017-03-28T00:00:00.000Z","Name":"Approver-000000120","SystemModstamp":"2017-03-28T04:56:22.000Z","OwnerId":"005O0000003t7anIAA","CreatedById":"005O0000003t7anIAA","Approver_Role__c":"COO","No_of_Approval_Condi (8 more) ...":0,"CreatedDate":"2017-03-28T04:46:57.000Z","Id":"a0oO0000002tWWYIA2","Current_Approver__c":true,"LastModifiedById":"005O0000003t7anIAA","Approval_Status__c":"Assigned Pending App (5 more) ..."}|0x584a96b2
15:56:29.0 (142203600)|STATEMENT_EXECUTE|[35]
15:56:29.0 (142211734)|HEAP_ALLOCATE|[35]|Bytes:15
15:56:29.0 (142239735)|SYSTEM_METHOD_ENTRY|[35]|String.valueOf(Object)
15:56:29.0 (142552901)|HEAP_ALLOCATE|[35]|Bytes:730
15:56:29.0 (142574710)|SYSTEM_METHOD_EXIT|[35]|String.valueOf(Object)
15:56:29.0 (142586094)|HEAP_ALLOCATE|[35]|Bytes:745
15:56:29.0 (142604962)|SYSTEM_METHOD_ENTRY|[35]|System.debug(APEX_OBJECT, ANY)
15:56:29.0 (142614739)|USER_DEBUG|[35]|ERROR|*** Approvers: Assigned_Approver__c:{Id=a0oO0000002tWWYIA2, OwnerId=005O0000003t7anIAA, IsDeleted=false, Name=Approver-000000120, CreatedDate=2017-03-28 04:46:57, CreatedById=005O0000003t7anIAA, LastModifiedDate=2017-03-28 04:56:22, LastModifiedById=005O0000003t7anIAA, SystemModstamp=2017-03-28 04:56:22, LastViewedDate=null, LastReferencedDate=null, Approver__c=005O0000003t7anIAA, Gate__c=a0nO0000003xOggIAE, Approval_Level__c=3, Approval_Status__c=Assigned Pending Approval, Approval_Comments__c=test, No_of_Approval_Conditions__c=0, Current_Approver__c=true, Approver_Role__c=COO, Wet_Signature_Received__c=false, Wet_Signature_Date__c=null, Decision_Date__c=2017-03-28 00:00:00, Prospect__c=006O0000008l3bOIAQ, Approval_Conditions__c=null}
15:56:29.0 (142624470)|SYSTEM_METHOD_EXIT|[35]|System.debug(APEX_OBJECT, ANY)
15:56:29.0 (142660817)|STATEMENT_EXECUTE|[37]
15:56:29.0 (142672306)|SYSTEM_METHOD_ENTRY|[33]|system.ListIterator.hasNext()
15:56:29.0 (142680143)|HEAP_ALLOCATE|[33]|Bytes:5
15:56:29.0 (142687685)|SYSTEM_METHOD_EXIT|[33]|system.ListIterator.hasNext()
15:56:29.0 (142698548)|VARIABLE_ASSIGNMENT|[33]|AA|null|
15:56:29.0 (142712972)|SYSTEM_METHOD_ENTRY|[52]|Set<Id>.size()
15:56:29.0 (142733067)|SYSTEM_METHOD_EXIT|[52]|Set<Id>.size()
15:56:29.0 (142739414)|STATEMENT_EXECUTE|[52]
15:56:29.0 (142749088)|METHOD_EXIT|[18]|01pO00000003Sem|Assigned_Approver_TriggerHandler.findCurrentApproversThatHaveApproved()
15:56:29.0 (142755623)|METHOD_EXIT|[41]|01pO00000003Sem|Assigned_Approver_TriggerHandler.beforeUpdate()
15:56:29.0 (142763897)|METHOD_EXIT|[3]|01pO00000003AAn|TriggerHandler.run()
15:56:29.142 (142774832)|CUMULATIVE_LIMIT_USAGE
15:56:29.142 (142774832)|LIMIT_USAGE_FOR_NS|(default)|
  Number of SOQL queries: 1 out of 100
  Number of query rows: 4 out of 50000
  Number of SOSL queries: 0 out of 20
  Number of DML statements: 1 out of 150
  Number of DML rows: 1 out of 10000
  Maximum CPU time: 0 out of 10000
  Maximum heap size: 0 out of 6000000
  Number of callouts: 0 out of 100
  Number of Email Invocations: 0 out of 10
  Number of future calls: 0 out of 50
  Number of queueable jobs added to the queue: 0 out of 50
  Number of Mobile Apex push calls: 0 out of 10

15:56:29.142 (142774832)|TOTAL_EMAIL_RECIPIENTS_QUEUED|0
15:56:29.142 (142774832)|STATIC_VARIABLE_LIST|
  String:_sfdcAdditionalCodeLocations:0
  String:_sfdcAdditionalCodeLocations:0
  long:serialVersionUID:0
  String:_sfdcAdditionalCodeLocations:0
  double:MAX_VALUE:0
  long:serialVersionUID:0
  int:SIZE:0
  TriggerHandler.TriggerContext:BEFORE_INSERT:0
  int:MAX_VALUE:0
  TriggerHandler.TriggerContext:AFTER_UNDELETE:0
  String:_sfdcSuppressedCodeLocations:0
  int:MIN_VALUE:0
  char[]:DigitOnes:0
  String:_sfdcSuppressedCodeLocations:0
  int:MIN_EXPONENT:0
  String:_sfdcSuppressedCodeLocations:0
  int:MAX_EXPONENT:0
  int:BYTES:0
  char[]:DigitTens:0
  long:serialVersionUID:0
  String:_sfdcAdditionalCodeLocations:0
  Boolean:FALSE:0
  double:MIN_VALUE:0
  double:NEGATIVE_INFINITY:0
  char[]:digits:0
  double:NaN:0
  Boolean:TRUE:0
  TriggerHandler.TriggerContext:AFTER_INSERT:0
  TriggerHandler.TriggerContext:AFTER_DELETE:0
  TriggerHandler.TriggerContext:AFTER_UPDATE:0
  String:__sfdcInnerTypes:0
  int:BYTES:0
  Map<String,TriggerHandler.LoopCount>:_static_loopCountMap:0
  Set<String>:_static_bypassedHandlers:0
  int[]:sizeTable:0
  TriggerHandler.TriggerContext:BEFORE_DELETE:0
  String:_sfdcAdditionalCodeLocations:0
  TriggerHandler.TriggerContext:BEFORE_UPDATE:0
  int:SIZE:0
  double:POSITIVE_INFINITY:0
  double:MIN_NORMAL:0

15:56:29.142 (142774832)|CUMULATIVE_LIMIT_USAGE_END

15:56:29.0 (144775068)|CODE_UNIT_FINISHED|AssignedApproverTrigger on Assigned_Approver trigger event BeforeUpdate for [a0oO0000002tWWY]
15:56:29.0 (146365193)|CODE_UNIT_STARTED|[EXTERNAL]|Validation:Assigned_Approver:a0oO0000002tWWY
15:56:29.0 (146375079)|VALIDATION_RULE|03dO000000011Ug|Enter_Approval_Conditions
15:56:29.0 (146553560)|VALIDATION_FORMULA|AND(
ISPICKVAL(Approval_Status__c, "Approved with Conditions"),
ISBLANK(Approval_Conditions__c))|Approval_Status__c=Assigned Pending Approval , Approval_Conditions__c=null
15:56:29.0 (146559423)|VALIDATION_PASS
15:56:29.0 (146561238)|VALIDATION_RULE|03dO00000001173|Enter_comments_after_status
15:56:29.0 (146787054)|VALIDATION_FORMULA|AND(
ISPICKVAL( Approval_Status__c, "Approved"), 
ISBLANK(Approval_Comments__c))

&#124;&#124;

AND( 
ISPICKVAL( Approval_Status__c, "Resubmit"),
ISBLANK(Approval_Comments__c))

&#124;&#124;

AND( 
ISPICKVAL( Approval_Status__c, "Rejected"),
ISBLANK(Approval_Comments__c))|Approval_Status__c=Assigned Pending Approval , Approval_Comments__c=test
15:56:29.0 (146797675)|VALIDATION_PASS
15:56:29.0 (146799235)|VALIDATION_RULE|03dO00000000z89|Wet_Signature_Date_Mandatory
15:56:29.0 (146924911)|VALIDATION_FORMULA|AND(Wet_Signature_Received__c = TRUE,  ISBLANK(Wet_Signature_Date__c))|Wet_Signature_Date__c=null , Wet_Signature_Received__c=0
15:56:29.0 (146930093)|VALIDATION_PASS
15:56:29.0 (146963238)|CODE_UNIT_FINISHED|Validation:Assigned_Approver:a0oO0000002tWWY
15:56:29.0 (162740963)|CODE_UNIT_STARTED|[EXTERNAL]|01qO00000000Ue8|AssignedApproverTrigger on Assigned_Approver trigger event AfterUpdate for [a0oO0000002tWWY]
15:56:29.0 (162774552)|HEAP_ALLOCATE|[EXTERNAL]|Bytes:8
15:56:29.0 (162803509)|HEAP_ALLOCATE|[EXTERNAL]|Bytes:8
15:56:29.0 (162889095)|HEAP_ALLOCATE|[EXTERNAL]|Bytes:4
15:56:29.0 (162903934)|VARIABLE_SCOPE_BEGIN|[1]|this|AssignedApproverTrigger|true|false
15:56:29.0 (162946936)|VARIABLE_ASSIGNMENT|[1]|this|{}|0x60669673
15:56:29.0 (162994538)|HEAP_ALLOCATE|[EXTERNAL]|Bytes:4
15:56:29.0 (163003340)|VARIABLE_SCOPE_BEGIN|[1]|this|AssignedApproverTrigger|true|false
15:56:29.0 (163025739)|VARIABLE_ASSIGNMENT|[1]|this|{}|0x60669673
15:56:29.0 (163031924)|STATEMENT_EXECUTE|[1]
15:56:29.0 (163035028)|STATEMENT_EXECUTE|[2]
15:56:29.0 (163060967)|SYSTEM_METHOD_ENTRY|[2]|System.debug(APEX_OBJECT, ANY)
15:56:29.0 (163081165)|USER_DEBUG|[2]|ERROR|*** Assigned Approver Trigger Firing
15:56:29.0 (163093492)|SYSTEM_METHOD_EXIT|[2]|System.debug(APEX_OBJECT, ANY)
15:56:29.0 (163097471)|STATEMENT_EXECUTE|[3]
15:56:29.0 (163103436)|HEAP_ALLOCATE|[3]|Bytes:12
15:56:29.0 (163116333)|CONSTRUCTOR_ENTRY|[3]|01pO00000003Sem|<init>()
15:56:29.0 (163121615)|VARIABLE_SCOPE_BEGIN|[13]|this|Assigned_Approver_TriggerHandler|true|false
15:56:29.0 (163159718)|VARIABLE_ASSIGNMENT|[13]|this|{}|0x58e27ddf
15:56:29.0 (163173940)|HEAP_ALLOCATE|[13]|Bytes:5
15:56:29.0 (163180494)|STATEMENT_EXECUTE|[12]
15:56:29.0 (163183565)|HEAP_ALLOCATE|[13]|Bytes:5
15:56:29.0 (163195407)|CONSTRUCTOR_ENTRY|[13]|01pO00000003AAn|<init>()
15:56:29.0 (163200940)|VARIABLE_SCOPE_BEGIN|[22]|this|TriggerHandler|true|false
15:56:29.0 (163217601)|VARIABLE_ASSIGNMENT|[22]|this|{}|0x58e27ddf
15:56:29.0 (163220995)|STATEMENT_EXECUTE|[1]
15:56:29.0 (163222320)|STATEMENT_EXECUTE|[9]
15:56:29.0 (163223706)|STATEMENT_EXECUTE|[13]
15:56:29.0 (163263001)|STATEMENT_EXECUTE|[22]
15:56:29.0 (163266880)|STATEMENT_EXECUTE|[23]
15:56:29.0 (163281283)|METHOD_ENTRY|[23]|01pO00000003AAn|TriggerHandler.setTriggerContext()
15:56:29.0 (163288124)|VARIABLE_SCOPE_BEGIN|[94]|this|TriggerHandler|true|false
15:56:29.0 (163314679)|VARIABLE_ASSIGNMENT|[94]|this|{}|0x58e27ddf
15:56:29.0 (163322045)|STATEMENT_EXECUTE|[94]
15:56:29.0 (163324540)|STATEMENT_EXECUTE|[95]
15:56:29.0 (163341538)|METHOD_ENTRY|[95]|01pO00000003AAn|TriggerHandler.setTriggerContext(String, Boolean)
15:56:29.0 (163348935)|VARIABLE_SCOPE_BEGIN|[99]|this|TriggerHandler|true|false
15:56:29.0 (163366504)|VARIABLE_ASSIGNMENT|[99]|this|{}|0x58e27ddf
15:56:29.0 (163369171)|VARIABLE_SCOPE_BEGIN|[99]|ctx|String|false|false
15:56:29.0 (163374041)|VARIABLE_ASSIGNMENT|[99]|ctx|null
15:56:29.0 (163378467)|VARIABLE_SCOPE_BEGIN|[99]|testMode|Boolean|false|false
15:56:29.0 (163382363)|VARIABLE_ASSIGNMENT|[99]|testMode|false
15:56:29.0 (163386288)|STATEMENT_EXECUTE|[99]
15:56:29.0 (163398220)|STATEMENT_EXECUTE|[103]
15:56:29.0 (163400010)|STATEMENT_EXECUTE|[104]
15:56:29.0 (163405450)|HEAP_ALLOCATE|[104]|Bytes:5
15:56:29.0 (163446387)|STATEMENT_EXECUTE|[120]
15:56:29.0 (163448453)|STATEMENT_EXECUTE|[121]
15:56:29.0 (163460128)|METHOD_EXIT|[95]|01pO00000003AAn|TriggerHandler.setTriggerContext(String, Boolean)
15:56:29.0 (163466600)|METHOD_EXIT|[23]|01pO00000003AAn|TriggerHandler.setTriggerContext()
15:56:29.0 (163472003)|CONSTRUCTOR_EXIT|[13]|01pO00000003AAn|<init>()
15:56:29.0 (163474830)|STATEMENT_EXECUTE|[13]
15:56:29.0 (163482527)|CONSTRUCTOR_EXIT|[3]|01pO00000003Sem|<init>()
15:56:29.0 (163488670)|METHOD_ENTRY|[3]|01pO00000003AAn|TriggerHandler.run()
15:56:29.0 (163492550)|VARIABLE_SCOPE_BEGIN|[31]|this|TriggerHandler|true|false
15:56:29.0 (163517393)|VARIABLE_ASSIGNMENT|[31]|this|{"context":"0x263071e6","isTriggerExecuting":true}|0x58e27ddf
15:56:29.0 (163529456)|STATEMENT_EXECUTE|[31]
15:56:29.0 (163537983)|METHOD_ENTRY|[33]|01pO00000003AAn|TriggerHandler.validateRun()
15:56:29.0 (163542627)|VARIABLE_SCOPE_BEGIN|[146]|this|TriggerHandler|true|false
15:56:29.0 (163560972)|VARIABLE_ASSIGNMENT|[146]|this|{"context":"0x263071e6","isTriggerExecuting":true}|0x58e27ddf
15:56:29.0 (163565064)|STATEMENT_EXECUTE|[146]
15:56:29.0 (163569893)|STATEMENT_EXECUTE|[147]
15:56:29.0 (163578794)|METHOD_ENTRY|[150]|01pO00000003AAn|TriggerHandler.getHandlerName()
15:56:29.0 (163583696)|VARIABLE_SCOPE_BEGIN|[157]|this|TriggerHandler|true|false
15:56:29.0 (163600123)|VARIABLE_ASSIGNMENT|[157]|this|{"context":"0x263071e6","isTriggerExecuting":true}|0x58e27ddf
15:56:29.0 (163603863)|STATEMENT_EXECUTE|[157]
15:56:29.0 (163605100)|STATEMENT_EXECUTE|[158]
15:56:29.0 (163640869)|SYSTEM_METHOD_ENTRY|[158]|String.valueOf(Object)
15:56:29.0 (163703892)|HEAP_ALLOCATE|[158]|Bytes:178
15:56:29.0 (163724157)|SYSTEM_METHOD_EXIT|[158]|String.valueOf(Object)
15:56:29.0 (163743412)|SYSTEM_METHOD_ENTRY|[158]|String.valueOf(Object)
15:56:29.0 (163789881)|HEAP_ALLOCATE|[158]|Bytes:178
15:56:29.0 (163820058)|SYSTEM_METHOD_EXIT|[158]|String.valueOf(Object)
15:56:29.0 (163851196)|SYSTEM_METHOD_ENTRY|[158]|String.indexOf(String)
15:56:29.0 (163876034)|SYSTEM_METHOD_EXIT|[158]|String.indexOf(String)
15:56:29.0 (163892840)|SYSTEM_METHOD_ENTRY|[158]|String.substring(Integer, Integer)
15:56:29.0 (163900379)|HEAP_ALLOCATE|[158]|Bytes:32
15:56:29.0 (163912074)|SYSTEM_METHOD_EXIT|[158]|String.substring(Integer, Integer)
15:56:29.0 (163918265)|METHOD_EXIT|[150]|01pO00000003AAn|TriggerHandler.getHandlerName()
15:56:29.0 (163935232)|SYSTEM_METHOD_ENTRY|[150]|Set<String>.contains(Object)
15:56:29.0 (163948087)|SYSTEM_METHOD_EXIT|[150]|Set<String>.contains(Object)
15:56:29.0 (163952790)|STATEMENT_EXECUTE|[150]
15:56:29.0 (163954417)|STATEMENT_EXECUTE|[153]
15:56:29.0 (163959149)|METHOD_EXIT|[33]|01pO00000003AAn|TriggerHandler.validateRun()
15:56:29.0 (163962474)|STATEMENT_EXECUTE|[33]
15:56:29.0 (163964067)|STATEMENT_EXECUTE|[35]
15:56:29.0 (163969814)|METHOD_ENTRY|[35]|01pO00000003AAn|TriggerHandler.addToLoopCount()
15:56:29.0 (163974305)|VARIABLE_SCOPE_BEGIN|[133]|this|TriggerHandler|true|false
15:56:29.0 (163996114)|VARIABLE_ASSIGNMENT|[133]|this|{"context":"0x263071e6","isTriggerExecuting":true}|0x58e27ddf
15:56:29.0 (164000761)|STATEMENT_EXECUTE|[133]
15:56:29.0 (164002828)|STATEMENT_EXECUTE|[134]
15:56:29.0 (164009635)|METHOD_ENTRY|[134]|01pO00000003AAn|TriggerHandler.getHandlerName()
15:56:29.0 (164013535)|VARIABLE_SCOPE_BEGIN|[157]|this|TriggerHandler|true|false
15:56:29.0 (164029540)|VARIABLE_ASSIGNMENT|[157]|this|{"context":"0x263071e6","isTriggerExecuting":true}|0x58e27ddf
15:56:29.0 (164033702)|STATEMENT_EXECUTE|[157]
15:56:29.0 (164035906)|STATEMENT_EXECUTE|[158]
15:56:29.0 (164057835)|SYSTEM_METHOD_ENTRY|[158]|String.valueOf(Object)
15:56:29.0 (164090567)|HEAP_ALLOCATE|[158]|Bytes:178
15:56:29.0 (164108871)|SYSTEM_METHOD_EXIT|[158]|String.valueOf(Object)
15:56:29.0 (164126346)|SYSTEM_METHOD_ENTRY|[158]|String.valueOf(Object)
15:56:29.0 (164153252)|HEAP_ALLOCATE|[158]|Bytes:178
15:56:29.0 (164170104)|SYSTEM_METHOD_EXIT|[158]|String.valueOf(Object)
15:56:29.0 (164183122)|SYSTEM_METHOD_ENTRY|[158]|String.indexOf(String)
15:56:29.0 (164208941)|SYSTEM_METHOD_EXIT|[158]|String.indexOf(String)
15:56:29.0 (164238677)|SYSTEM_METHOD_ENTRY|[158]|String.substring(Integer, Integer)
15:56:29.0 (164250477)|HEAP_ALLOCATE|[158]|Bytes:32
15:56:29.0 (164278395)|SYSTEM_METHOD_EXIT|[158]|String.substring(Integer, Integer)
15:56:29.0 (164293255)|METHOD_EXIT|[134]|01pO00000003AAn|TriggerHandler.getHandlerName()
15:56:29.0 (164303337)|VARIABLE_SCOPE_BEGIN|[134]|handlerName|String|false|false
15:56:29.0 (164316886)|VARIABLE_ASSIGNMENT|[134]|handlerName|"Assigned_Approver_Tr (12 more) ..."
15:56:29.0 (164336658)|SYSTEM_METHOD_ENTRY|[135]|Map<String,TriggerHandler.LoopCount>.containsKey(Object)
15:56:29.0 (164348956)|SYSTEM_METHOD_EXIT|[135]|Map<String,TriggerHandler.LoopCount>.containsKey(Object)
15:56:29.0 (164353908)|STATEMENT_EXECUTE|[135]
15:56:29.0 (164359047)|METHOD_EXIT|[35]|01pO00000003AAn|TriggerHandler.addToLoopCount()
15:56:29.0 (164390440)|SYSTEM_METHOD_ENTRY|[38]|com.salesforce.api.fast.System.compareObjects(Object, Object)
15:56:29.0 (164443493)|SYSTEM_METHOD_EXIT|[38]|com.salesforce.api.fast.System.compareObjects(Object, Object)
15:56:29.0 (164464977)|SYSTEM_METHOD_ENTRY|[40]|com.salesforce.api.fast.System.compareObjects(Object, Object)
15:56:29.0 (164497056)|SYSTEM_METHOD_EXIT|[40]|com.salesforce.api.fast.System.compareObjects(Object, Object)
15:56:29.0 (164517204)|SYSTEM_METHOD_ENTRY|[42]|com.salesforce.api.fast.System.compareObjects(Object, Object)
15:56:29.0 (164547665)|SYSTEM_METHOD_EXIT|[42]|com.salesforce.api.fast.System.compareObjects(Object, Object)
15:56:29.0 (164567053)|SYSTEM_METHOD_ENTRY|[44]|com.salesforce.api.fast.System.compareObjects(Object, Object)
15:56:29.0 (164597577)|SYSTEM_METHOD_EXIT|[44]|com.salesforce.api.fast.System.compareObjects(Object, Object)
15:56:29.0 (164640534)|SYSTEM_METHOD_ENTRY|[46]|com.salesforce.api.fast.System.compareObjects(Object, Object)
15:56:29.0 (164681109)|SYSTEM_METHOD_EXIT|[46]|com.salesforce.api.fast.System.compareObjects(Object, Object)
15:56:29.0 (164691397)|STATEMENT_EXECUTE|[46]
15:56:29.0 (164694038)|STATEMENT_EXECUTE|[47]
15:56:29.0 (164721097)|METHOD_ENTRY|[47]|01pO00000003Sem|Assigned_Approver_TriggerHandler.afterUpdate()
15:56:29.0 (164730729)|VARIABLE_SCOPE_BEGIN|[21]|this|Assigned_Approver_TriggerHandler|true|false
15:56:29.0 (164752761)|VARIABLE_ASSIGNMENT|[21]|this|{"context":"0x263071e6","isTriggerExecuting":true}|0x58e27ddf
15:56:29.0 (164768702)|HEAP_ALLOCATE|[22]|Bytes:5
15:56:29.0 (164776386)|STATEMENT_EXECUTE|[21]
15:56:29.0 (164778604)|STATEMENT_EXECUTE|[22]
15:56:29.0 (164793923)|METHOD_ENTRY|[22]|01pO00000003Sem|Assigned_Approver_TriggerHandler.findCurrentApproversThatHaveApproved()
15:56:29.0 (164826060)|HEAP_ALLOCATE|[30]|Bytes:5
15:56:29.0 (164838353)|STATEMENT_EXECUTE|[29]
15:56:29.0 (164839789)|STATEMENT_EXECUTE|[30]
15:56:29.0 (164882591)|SYSTEM_METHOD_ENTRY|[30]|String.valueOf(Object)
15:56:29.0 (165398763)|HEAP_ALLOCATE|[30]|Bytes:732
15:56:29.0 (165422049)|SYSTEM_METHOD_EXIT|[30]|String.valueOf(Object)
15:56:29.0 (165433246)|HEAP_ALLOCATE|[30]|Bytes:752
15:56:29.0 (165445178)|SYSTEM_METHOD_ENTRY|[30]|System.debug(APEX_OBJECT, ANY)
15:56:29.0 (165455243)|USER_DEBUG|[30]|ERROR|*** Find approvers: (Assigned_Approver__c:{Id=a0oO0000002tWWYIA2, OwnerId=005O0000003t7anIAA, IsDeleted=false, Name=Approver-000000120, CreatedDate=2017-03-28 04:46:57, CreatedById=005O0000003t7anIAA, LastModifiedDate=2017-03-28 04:56:29, LastModifiedById=005O0000003t7anIAA, SystemModstamp=2017-03-28 04:56:29, LastViewedDate=null, LastReferencedDate=null, Approver__c=005O0000003t7anIAA, Gate__c=a0nO0000003xOggIAE, Approval_Level__c=3, Approval_Status__c=Assigned Pending Approval, Approval_Comments__c=test, No_of_Approval_Conditions__c=0, Current_Approver__c=true, Approver_Role__c=COO, Wet_Signature_Received__c=false, Wet_Signature_Date__c=null, Decision_Date__c=2017-03-28 00:00:00, Prospect__c=006O0000008l3bOIAQ, Approval_Conditions__c=null})
15:56:29.0 (165463707)|SYSTEM_METHOD_EXIT|[30]|System.debug(APEX_OBJECT, ANY)
15:56:29.0 (165466950)|STATEMENT_EXECUTE|[32]
15:56:29.0 (165475425)|HEAP_ALLOCATE|[32]|Bytes:4
15:56:29.0 (165488263)|SYSTEM_CONSTRUCTOR_ENTRY|[32]|<init>(Integer)
15:56:29.0 (165510150)|SYSTEM_CONSTRUCTOR_EXIT|[32]|<init>(Integer)
15:56:29.0 (165520081)|VARIABLE_SCOPE_BEGIN|[32]|gatesToFindNextApprover|Set<Id>|true|false
15:56:29.0 (165562306)|VARIABLE_ASSIGNMENT|[32]|gatesToFindNextApprover|[]|0x643441ef
15:56:29.0 (165603039)|SYSTEM_METHOD_ENTRY|[33]|List<Assigned_Approver__c>.iterator()
15:56:29.0 (165621849)|SYSTEM_METHOD_EXIT|[33]|List<Assigned_Approver__c>.iterator()
15:56:29.0 (165639187)|SYSTEM_METHOD_ENTRY|[33]|system.ListIterator.hasNext()
15:56:29.0 (165648227)|HEAP_ALLOCATE|[33]|Bytes:5
15:56:29.0 (165656791)|SYSTEM_METHOD_EXIT|[33]|system.ListIterator.hasNext()
15:56:29.0 (165675242)|VARIABLE_SCOPE_BEGIN|[33]|AA|Assigned_Approver__c|true|false
15:56:29.0 (165935901)|VARIABLE_ASSIGNMENT|[33]|AA|{"Approval_Level__c":"3","LastModifiedDate":"2017-03-28T04:56:29.000Z","Approval_Comments__c":"test","IsDeleted":false,"Approver__c":"005O0000003t7anIAA","Wet_Signature_Receiv (5 more) ...":false,"Gate__c":"a0nO0000003xOggIAE","Prospect__c":"006O0000008l3bOIAQ","Decision_Date__c":"2017-03-28T00:00:00.000Z","Name":"Approver-000000120","SystemModstamp":"2017-03-28T04:56:29.000Z","OwnerId":"005O0000003t7anIAA","CreatedById":"005O0000003t7anIAA","Approver_Role__c":"COO","No_of_Approval_Condi (8 more) ...":0,"CreatedDate":"2017-03-28T04:46:57.000Z","Id":"a0oO0000002tWWYIA2","Current_Approver__c":true,"LastModifiedById":"005O0000003t7anIAA","Approval_Status__c":"Assigned Pending App (5 more) ..."}|0x2ff3d433
15:56:29.0 (165944401)|STATEMENT_EXECUTE|[33]
15:56:29.0 (165949538)|STATEMENT_EXECUTE|[34]
15:56:29.0 (165989802)|SYSTEM_METHOD_ENTRY|[34]|Map<Id,Assigned_Approver__c>.get(Object)
15:56:29.0 (166006964)|SYSTEM_METHOD_EXIT|[34]|Map<Id,Assigned_Approver__c>.get(Object)
15:56:29.0 (166019061)|VARIABLE_SCOPE_BEGIN|[34]|oldApprover|Assigned_Approver__c|true|false
15:56:29.0 (166362372)|VARIABLE_ASSIGNMENT|[34]|oldApprover|{"Approval_Level__c":"3","LastModifiedDate":"2017-03-28T04:56:22.000Z","Approval_Comments__c":"test","IsDeleted":false,"Approver__c":"005O0000003t7anIAA","Wet_Signature_Receiv (5 more) ...":false,"Gate__c":"a0nO0000003xOggIAE","Prospect__c":"006O0000008l3bOIAQ","Decision_Date__c":"2017-03-28T00:00:00.000Z","Name":"Approver-000000120","SystemModstamp":"2017-03-28T04:56:22.000Z","OwnerId":"005O0000003t7anIAA","CreatedById":"005O0000003t7anIAA","Approver_Role__c":"COO","No_of_Approval_Condi (8 more) ...":0,"CreatedDate":"2017-03-28T04:46:57.000Z","Id":"a0oO0000002tWWYIA2","Current_Approver__c":true,"LastModifiedById":"005O0000003t7anIAA","Approval_Status__c":"Assigned Pending App (5 more) ..."}|0x122b1652
15:56:29.0 (166369540)|STATEMENT_EXECUTE|[35]
15:56:29.0 (166396508)|SYSTEM_METHOD_ENTRY|[35]|String.valueOf(Object)
15:56:29.0 (166719379)|HEAP_ALLOCATE|[35]|Bytes:730
15:56:29.0 (166742462)|SYSTEM_METHOD_EXIT|[35]|String.valueOf(Object)
15:56:29.0 (166752119)|HEAP_ALLOCATE|[35]|Bytes:745
15:56:29.0 (166763862)|SYSTEM_METHOD_ENTRY|[35]|System.debug(APEX_OBJECT, ANY)
15:56:29.0 (166773714)|USER_DEBUG|[35]|ERROR|*** Approvers: Assigned_Approver__c:{Id=a0oO0000002tWWYIA2, OwnerId=005O0000003t7anIAA, IsDeleted=false, Name=Approver-000000120, CreatedDate=2017-03-28 04:46:57, CreatedById=005O0000003t7anIAA, LastModifiedDate=2017-03-28 04:56:29, LastModifiedById=005O0000003t7anIAA, SystemModstamp=2017-03-28 04:56:29, LastViewedDate=null, LastReferencedDate=null, Approver__c=005O0000003t7anIAA, Gate__c=a0nO0000003xOggIAE, Approval_Level__c=3, Approval_Status__c=Assigned Pending Approval, Approval_Comments__c=test, No_of_Approval_Conditions__c=0, Current_Approver__c=true, Approver_Role__c=COO, Wet_Signature_Received__c=false, Wet_Signature_Date__c=null, Decision_Date__c=2017-03-28 00:00:00, Prospect__c=006O0000008l3bOIAQ, Approval_Conditions__c=null}
15:56:29.0 (166781947)|SYSTEM_METHOD_EXIT|[35]|System.debug(APEX_OBJECT, ANY)
15:56:29.0 (166814303)|STATEMENT_EXECUTE|[37]
15:56:29.0 (166823955)|SYSTEM_METHOD_ENTRY|[33]|system.ListIterator.hasNext()
15:56:29.0 (166831788)|HEAP_ALLOCATE|[33]|Bytes:5
15:56:29.0 (166839351)|SYSTEM_METHOD_EXIT|[33]|system.ListIterator.hasNext()
15:56:29.0 (166855131)|VARIABLE_ASSIGNMENT|[33]|AA|null|
15:56:29.0 (166870840)|SYSTEM_METHOD_ENTRY|[52]|Set<Id>.size()
15:56:29.0 (166879837)|SYSTEM_METHOD_EXIT|[52]|Set<Id>.size()
15:56:29.0 (166885787)|STATEMENT_EXECUTE|[52]
15:56:29.0 (166895717)|METHOD_EXIT|[22]|01pO00000003Sem|Assigned_Approver_TriggerHandler.findCurrentApproversThatHaveApproved()
15:56:29.0 (166902466)|METHOD_EXIT|[47]|01pO00000003Sem|Assigned_Approver_TriggerHandler.afterUpdate()
15:56:29.0 (166907625)|METHOD_EXIT|[3]|01pO00000003AAn|TriggerHandler.run()
15:56:29.166 (166915322)|CUMULATIVE_LIMIT_USAGE
15:56:29.166 (166915322)|LIMIT_USAGE_FOR_NS|(default)|
  Number of SOQL queries: 1 out of 100
  Number of query rows: 4 out of 50000
  Number of SOSL queries: 0 out of 20
  Number of DML statements: 1 out of 150
  Number of DML rows: 1 out of 10000
  Maximum CPU time: 0 out of 10000
  Maximum heap size: 0 out of 6000000
  Number of callouts: 0 out of 100
  Number of Email Invocations: 0 out of 10
  Number of future calls: 0 out of 50
  Number of queueable jobs added to the queue: 0 out of 50
  Number of Mobile Apex push calls: 0 out of 10

15:56:29.166 (166915322)|TOTAL_EMAIL_RECIPIENTS_QUEUED|0
15:56:29.166 (166915322)|STATIC_VARIABLE_LIST|
  String:_sfdcAdditionalCodeLocations:0
  String:_sfdcAdditionalCodeLocations:0
  long:serialVersionUID:0
  String:_sfdcAdditionalCodeLocations:0
  double:MAX_VALUE:0
  long:serialVersionUID:0
  int:SIZE:0
  TriggerHandler.TriggerContext:BEFORE_INSERT:0
  int:MAX_VALUE:0
  TriggerHandler.TriggerContext:AFTER_UNDELETE:0
  String:_sfdcSuppressedCodeLocations:0
  int:MIN_VALUE:0
  char[]:DigitOnes:0
  String:_sfdcSuppressedCodeLocations:0
  int:MIN_EXPONENT:0
  String:_sfdcSuppressedCodeLocations:0
  int:MAX_EXPONENT:0
  int:BYTES:0
  char[]:DigitTens:0
  long:serialVersionUID:0
  String:_sfdcAdditionalCodeLocations:0
  Boolean:FALSE:0
  double:MIN_VALUE:0
  double:NEGATIVE_INFINITY:0
  char[]:digits:0
  double:NaN:0
  Boolean:TRUE:0
  TriggerHandler.TriggerContext:AFTER_INSERT:0
  TriggerHandler.TriggerContext:AFTER_DELETE:0
  TriggerHandler.TriggerContext:AFTER_UPDATE:0
  String:__sfdcInnerTypes:0
  int:BYTES:0
  Map<String,TriggerHandler.LoopCount>:_static_loopCountMap:0
  Set<String>:_static_bypassedHandlers:0
  int[]:sizeTable:0
  TriggerHandler.TriggerContext:BEFORE_DELETE:0
  String:_sfdcAdditionalCodeLocations:0
  TriggerHandler.TriggerContext:BEFORE_UPDATE:0
  int:SIZE:0
  double:POSITIVE_INFINITY:0
  double:MIN_NORMAL:0

15:56:29.166 (166915322)|CUMULATIVE_LIMIT_USAGE_END

15:56:29.0 (168896261)|CODE_UNIT_FINISHED|AssignedApproverTrigger on Assigned_Approver trigger event AfterUpdate for [a0oO0000002tWWY]
15:56:29.0 (168982340)|CODE_UNIT_STARTED|[EXTERNAL]|Workflow:01IO0000000Dldu
15:56:29.0 (181786589)|WF_RULE_EVAL_BEGIN|Workflow
15:56:29.0 (181820757)|WF_CRITERIA_BEGIN|[Assigned Approver: Approver-000000120 a0oO0000002tWWY]|Set Decision Date|01QO00000009UNH|ON_CREATE_OR_TRIGGERING_UPDATE|0
15:56:29.0 (182461272)|WF_FORMULA|Formula:ENCODED:[treatNullAsNull]OR(ISPICKVAL({!ID:00NO0000002Jmd7}, 'Approved'), ISPICKVAL({!ID:00NO0000002Jmd7}, 'Approved with Conditions'),ISPICKVAL({!ID:00NO0000002Jmd7}, 'Resubmit'), ISPICKVAL({!ID:00NO0000002Jmd7}, 'Rejected'))|Values:Approval_Status__c=Assigned Pending Approval
15:56:29.0 (182468551)|WF_CRITERIA_END|false
15:56:29.0 (182485345)|WF_CRITERIA_BEGIN|[Assigned Approver: Approver-000000120 a0oO0000002tWWY]|Outbound Message - Assigned Approver|01QO00000009PHY|ON_ALL_CHANGES|0
15:56:29.0 (184247345)|WF_RULE_FILTER|[Assigned Approver : Assigned Approver Id not equal to ]
15:56:29.0 (184263530)|WF_RULE_EVAL_VALUE|Approver-000000120
15:56:29.0 (184266925)|WF_CRITERIA_END|true
15:56:29.0 (185112015)|WF_SPOOL_ACTION_BEGIN|Workflow
15:56:29.0 (185140705)|WF_RULE_INVOCATION|[Assigned Approver: Approver-000000120 a0oO0000002tWWY]
15:56:29.0 (185150184)|WF_OUTBOUND_MSG|[Assigned Approver: Approver-000000120 a0oO0000002tWWY]|Id=04kO00000004DCD|CurrentRule:Outbound Message - Assigned Approver (Id=01QO00000009PHY)
15:56:29.0 (185164250)|WF_ACTION| Outbound Message: 1;
15:56:29.0 (185166700)|WF_RULE_EVAL_END
15:56:29.0 (189229277)|WF_ACTIONS_END| Outbound Message: 1;
15:56:29.0 (189251541)|CODE_UNIT_FINISHED|Workflow:01IO0000000Dldu
15:56:29.0 (195384565)|DML_END|[162]
15:56:29.0 (195464218)|HEAP_ALLOCATE|[EXTERNAL]|Bytes:8
15:56:29.0 (195504078)|SYSTEM_METHOD_ENTRY|[164]|List<Gate__c>.size()
15:56:29.0 (195545472)|SYSTEM_METHOD_EXIT|[164]|List<Gate__c>.size()
15:56:29.0 (195555362)|STATEMENT_EXECUTE|[164]
15:56:29.0 (195569575)|SYSTEM_METHOD_ENTRY|[167]|Map<Id,Opportunity>.values()
15:56:29.0 (195621079)|HEAP_ALLOCATE|[EXTERNAL]|Bytes:4
15:56:29.0 (195631026)|HEAP_ALLOCATE|[167]|Bytes:4
15:56:29.0 (195641773)|SYSTEM_METHOD_EXIT|[167]|Map<Id,Opportunity>.values()
15:56:29.0 (195687576)|SYSTEM_METHOD_ENTRY|[167]|List<Opportunity>.size()
15:56:29.0 (195695722)|SYSTEM_METHOD_EXIT|[167]|List<Opportunity>.size()
15:56:29.0 (195701185)|STATEMENT_EXECUTE|[167]
15:56:29.0 (195718880)|METHOD_EXIT|[45]|01pO00000003IBZ|gateTriggerHandler.findNextApprover(Set<Id>)
15:56:29.0 (195728598)|METHOD_EXIT|[24]|01pO00000003IBZ|gateTriggerHandler.findGatesSetToInProgress()
15:56:29.0 (195733932)|SYSTEM_MODE_EXIT|false
15:56:29.0 (195742378)|METHOD_EXIT|[47]|01pO00000003IBZ|gateTriggerHandler.afterUpdate()
15:56:29.0 (195748422)|METHOD_EXIT|[2]|01pO00000003AAn|TriggerHandler.run()
15:56:29.195 (195761499)|CUMULATIVE_LIMIT_USAGE
15:56:29.195 (195761499)|LIMIT_USAGE_FOR_NS|(default)|
  Number of SOQL queries: 1 out of 100
  Number of query rows: 4 out of 50000
  Number of SOSL queries: 0 out of 20
  Number of DML statements: 1 out of 150
  Number of DML rows: 1 out of 10000
  Maximum CPU time: 0 out of 10000
  Maximum heap size: 0 out of 6000000
  Number of callouts: 0 out of 100
  Number of Email Invocations: 0 out of 10
  Number of future calls: 0 out of 50
  Number of queueable jobs added to the queue: 0 out of 50
  Number of Mobile Apex push calls: 0 out of 10

15:56:29.195 (195761499)|TOTAL_EMAIL_RECIPIENTS_QUEUED|0
15:56:29.195 (195761499)|STATIC_VARIABLE_LIST|
  String:_sfdcAdditionalCodeLocations:0
  String:_sfdcAdditionalCodeLocations:0
  long:serialVersionUID:0
  String:_sfdcAdditionalCodeLocations:0
  double:MAX_VALUE:0
  long:serialVersionUID:0
  int:SIZE:0
  TriggerHandler.TriggerContext:BEFORE_INSERT:0
  int:MAX_VALUE:0
  TriggerHandler.TriggerContext:AFTER_UNDELETE:0
  String:_sfdcSuppressedCodeLocations:0
  int:MIN_VALUE:0
  char[]:DigitOnes:0
  String:_sfdcSuppressedCodeLocations:0
  int:MIN_EXPONENT:0
  String:_sfdcSuppressedCodeLocations:0
  int:MAX_EXPONENT:0
  int:BYTES:0
  char[]:DigitTens:0
  long:serialVersionUID:0
  String:_sfdcAdditionalCodeLocations:0
  Boolean:FALSE:0
  double:MIN_VALUE:0
  double:NEGATIVE_INFINITY:0
  char[]:digits:0
  double:NaN:0
  Boolean:TRUE:0
  TriggerHandler.TriggerContext:AFTER_INSERT:0
  TriggerHandler.TriggerContext:AFTER_DELETE:0
  TriggerHandler.TriggerContext:AFTER_UPDATE:0
  String:__sfdcInnerTypes:0
  int:BYTES:0
  Map<String,TriggerHandler.LoopCount>:_static_loopCountMap:0
  Set<String>:_static_bypassedHandlers:0
  int[]:sizeTable:0
  TriggerHandler.TriggerContext:BEFORE_DELETE:0
  String:_sfdcAdditionalCodeLocations:0
  TriggerHandler.TriggerContext:BEFORE_UPDATE:0
  int:SIZE:0
  double:POSITIVE_INFINITY:0
  double:MIN_NORMAL:0

15:56:29.195 (195761499)|CUMULATIVE_LIMIT_USAGE_END

15:56:29.0 (199532622)|CODE_UNIT_FINISHED|gateTrigger on Gate trigger event AfterUpdate for [a0nO0000003xOgg]
15:56:29.0 (202897781)|CODE_UNIT_STARTED|[EXTERNAL]|Workflow:01IO0000000DldG
15:56:29.0 (228358534)|WF_RULE_EVAL_BEGIN|Workflow
15:56:29.0 (228382733)|WF_CRITERIA_BEGIN|[Gate: RL Test Opp 2017-03-28 15:46:37 Gate 3 a0nO0000003xOgg]|Outbound Message - Gate|01QO00000009PH9|ON_ALL_CHANGES|0
15:56:29.0 (231899641)|WF_RULE_FILTER|[Gate : Created Date not equal to ]
15:56:29.0 (231923940)|WF_RULE_EVAL_VALUE|2017-03-28 04:46:57
15:56:29.0 (231928529)|WF_CRITERIA_END|true
15:56:29.0 (232452339)|WF_SPOOL_ACTION_BEGIN|Workflow
15:56:29.0 (232479615)|WF_RULE_INVOCATION|[Gate: RL Test Opp 2017-03-28 15:46:37 Gate 3 a0nO0000003xOgg]
15:56:29.0 (232502630)|WF_OUTBOUND_MSG|[Gate: RL Test Opp 2017-03-28 15:46:37 Gate 3 a0nO0000003xOgg]|Id=04kO00000004DC3|CurrentRule:Outbound Message - Gate (Id=01QO00000009PH9)
15:56:29.0 (232522935)|WF_ACTION| Outbound Message: 1;
15:56:29.0 (232526923)|WF_RULE_EVAL_END
15:56:29.0 (234807879)|WF_ACTIONS_END| Outbound Message: 1;
15:56:29.0 (234820023)|CODE_UNIT_FINISHED|Workflow:01IO0000000DldG
15:56:29.0 (253058627)|CODE_UNIT_FINISHED|TRIGGERS
15:56:29.0 (253083648)|EXECUTION_FINISHED
15:56:29.260 (260657637)|CUMULATIVE_PROFILING_BEGIN
15:56:29.260 (260657637)|CUMULATIVE_PROFILING|SOQL operations|
Class.GateService.getGateAndApprovers: line 36, column 1: [SELECT ID,Status__c,Gate_Type__c,opportunity__c,opportunity__r.CRA_Gate_Status__c, opportunity__r.TSF_Gate_Status__c, opportunity__r.Gate_Status__c,opportunity__r.Prospect_Status__c,   
                   (SELECT Approval_Level__c,Approval_Status__c,Approver__c,Current_Approver__c,Gate__c,Id,Wet_Signature_Received__c
                    FROM Assigned_Approvers__r 
                    ORDER BY Approval_Level__c ASC) 
                FROM Gate__c 
                WHERE ID IN: gateIds AND status__c = 'In Progress']: executed 1 time in 18 ms

15:56:29.260 (260657637)|CUMULATIVE_PROFILING|No profiling information for SOSL operations
15:56:29.260 (260657637)|CUMULATIVE_PROFILING|DML operations|
Class.gateTriggerHandler.findNextApprover: line 162, column 1: Update: List<Assigned_Approver__c>: executed 1 time in 83 ms

15:56:29.260 (260657637)|CUMULATIVE_PROFILING|method invocations|
Trigger.gateTrigger: line 2, column 1: public gateTriggerHandler(): executed 4 times in 126 ms
External entry point: public void invoke(): executed 1 time in 124 ms
Class.TriggerHandler.run: line 47, column 1: public void afterUpdate(): executed 2 times in 123 ms
Class.gateTriggerHandler.afterUpdate: line 24, column 1: private static void findGatesSetToInProgress(): executed 1 time in 121 ms
Class.gateTriggerHandler.findGatesSetToInProgress: line 45, column 1: public static void findNextApprover(Set<Id>): executed 1 time in 119 ms
Class.gateTriggerHandler.findNextApprover: line 65, column 1: public static List<Gate__c> getGateAndApprovers(Set<Id>): executed 4 times in 18 ms
Trigger.AssignedApproverTrigger: line 3, column 1: public Assigned_Approver_TriggerHandler(): executed 4 times in 9 ms
External entry point: public void invoke(): executed 1 time in 4 ms
Class.TriggerHandler.run: line 41, column 1: protected void beforeUpdate(): executed 2 times in 3 ms
Class.Assigned_Approver_TriggerHandler.beforeUpdate: line 18, column 1: private static void findCurrentApproversThatHaveApproved(): executed 1 time in 3 ms
Class.Assigned_Approver_TriggerHandler.findCurrentApproversThatHaveApproved: line 35, column 1: public static String valueOf(Object): executed 4 times in 2 ms

15:56:29.260 (260657637)|CUMULATIVE_PROFILING_END
