34.0 APEX_CODE,FINEST;APEX_PROFILING,FINEST;CALLOUT,NONE;DB,FINEST;SYSTEM,FINE;VALIDATION,INFO;VISUALFORCE,INFO;WAVE,INFO;WORKFLOW,FINER
15:56:22.0 (687073)|USER_INFO|[EXTERNAL]|005O0000003t7an|ricky.lowe@jhg.com.au.pcphase2|Australian Eastern Standard Time|GMT+11:00
15:56:22.0 (716889)|EXECUTION_STARTED
15:56:22.0 (720901)|CODE_UNIT_STARTED|[EXTERNAL]|TRIGGERS
15:56:22.0 (749276)|CODE_UNIT_STARTED|[EXTERNAL]|01qO00000000Ue8|AssignedApproverTrigger on Assigned_Approver trigger event BeforeUpdate for [a0oO0000002tWWY]
15:56:22.0 (790649)|HEAP_ALLOCATE|[EXTERNAL]|Bytes:8
15:56:22.0 (823257)|HEAP_ALLOCATE|[EXTERNAL]|Bytes:8
15:56:22.0 (1312422)|HEAP_ALLOCATE|[72]|Bytes:3
15:56:22.0 (1347420)|HEAP_ALLOCATE|[77]|Bytes:152
15:56:22.0 (1364344)|HEAP_ALLOCATE|[342]|Bytes:408
15:56:22.0 (1384040)|HEAP_ALLOCATE|[355]|Bytes:408
15:56:22.0 (1402750)|HEAP_ALLOCATE|[467]|Bytes:48
15:56:22.0 (1428739)|HEAP_ALLOCATE|[139]|Bytes:6
15:56:22.0 (1449878)|HEAP_ALLOCATE|[EXTERNAL]|Bytes:1
15:56:22.0 (1464894)|HEAP_ALLOCATE|[EXTERNAL]|Bytes:4
15:56:22.0 (1473645)|VARIABLE_SCOPE_BEGIN|[1]|this|AssignedApproverTrigger|true|false
15:56:22.0 (1508382)|VARIABLE_ASSIGNMENT|[1]|this|{}|0x3f828ce
15:56:22.0 (1553476)|HEAP_ALLOCATE|[EXTERNAL]|Bytes:4
15:56:22.0 (1559744)|VARIABLE_SCOPE_BEGIN|[1]|this|AssignedApproverTrigger|true|false
15:56:22.0 (1569657)|VARIABLE_ASSIGNMENT|[1]|this|{}|0x3f828ce
15:56:22.0 (1574073)|STATEMENT_EXECUTE|[1]
15:56:22.0 (1575664)|STATEMENT_EXECUTE|[2]
15:56:22.0 (1757070)|HEAP_ALLOCATE|[2]|Bytes:36
15:56:22.0 (1775665)|HEAP_ALLOCATE|[50]|Bytes:5
15:56:22.0 (1790733)|HEAP_ALLOCATE|[56]|Bytes:5
15:56:22.0 (1797909)|HEAP_ALLOCATE|[64]|Bytes:7
15:56:22.0 (1832023)|SYSTEM_METHOD_ENTRY|[2]|System.debug(APEX_OBJECT, ANY)
15:56:22.0 (1862042)|USER_DEBUG|[2]|ERROR|*** Assigned Approver Trigger Firing
15:56:22.0 (1868323)|SYSTEM_METHOD_EXIT|[2]|System.debug(APEX_OBJECT, ANY)
15:56:22.0 (1872204)|STATEMENT_EXECUTE|[3]
15:56:22.0 (65133137)|VARIABLE_SCOPE_BEGIN|[5]|TriggerHandler.bypassedHandlers|Set<String>|true|true
15:56:22.0 (65364206)|VARIABLE_SCOPE_BEGIN|[4]|TriggerHandler.loopCountMap|Map<String,TriggerHandler.LoopCount>|true|true
15:56:22.0 (65400236)|HEAP_ALLOCATE|[3]|Bytes:11
15:56:22.0 (65408906)|HEAP_ALLOCATE|[3]|Bytes:17
15:56:22.0 (65427438)|METHOD_ENTRY|[12]|01pO00000003Sem|Assigned_Approver_TriggerHandler.Assigned_Approver_TriggerHandler()
15:56:22.0 (65430616)|STATEMENT_EXECUTE|[12]
15:56:22.0 (65434838)|STATEMENT_EXECUTE|[12]
15:56:22.0 (66169214)|SYSTEM_MODE_ENTER|false
15:56:22.0 (66183533)|HEAP_ALLOCATE|[3]|Bytes:5
15:56:22.0 (66190918)|SYSTEM_MODE_EXIT|false
15:56:22.0 (66204145)|METHOD_EXIT|[12]|Assigned_Approver_TriggerHandler
15:56:22.0 (66401098)|HEAP_ALLOCATE|[3]|Bytes:12
15:56:22.0 (66419411)|CONSTRUCTOR_ENTRY|[3]|01pO00000003Sem|<init>()
15:56:22.0 (66459935)|VARIABLE_SCOPE_BEGIN|[13]|this|Assigned_Approver_TriggerHandler|true|false
15:56:22.0 (66504067)|VARIABLE_ASSIGNMENT|[13]|this|{}|0x4a2147
15:56:22.0 (66512976)|SYSTEM_MODE_ENTER|false
15:56:22.0 (66518642)|HEAP_ALLOCATE|[13]|Bytes:5
15:56:22.0 (66522582)|STATEMENT_EXECUTE|[12]
15:56:22.0 (66525039)|HEAP_ALLOCATE|[13]|Bytes:5
15:56:22.0 (66535186)|HEAP_ALLOCATE|[13]|Bytes:48
15:56:22.0 (66540143)|HEAP_ALLOCATE|[13]|Bytes:69
15:56:22.0 (66551144)|METHOD_ENTRY|[1]|01pO00000003AAn|TriggerHandler.TriggerHandler()
15:56:22.0 (66553498)|STATEMENT_EXECUTE|[1]
15:56:22.0 (66556261)|STATEMENT_EXECUTE|[1]
15:56:22.0 (66557398)|STATEMENT_EXECUTE|[16]
15:56:22.0 (66558557)|STATEMENT_EXECUTE|[17]
15:56:22.0 (66563110)|HEAP_ALLOCATE|[17]|Bytes:4
15:56:22.0 (66607164)|VARIABLE_ASSIGNMENT|[17]|TriggerHandler.loopCountMap|{}|0x3a470e17
15:56:22.0 (66610432)|STATEMENT_EXECUTE|[18]
15:56:22.0 (66615204)|HEAP_ALLOCATE|[18]|Bytes:4
15:56:22.0 (66627744)|SYSTEM_CONSTRUCTOR_ENTRY|[18]|<init>(Integer)
15:56:22.0 (66646538)|SYSTEM_CONSTRUCTOR_EXIT|[18]|<init>(Integer)
15:56:22.0 (66678109)|VARIABLE_ASSIGNMENT|[18]|TriggerHandler.bypassedHandlers|[]|0x75642d8f
15:56:22.0 (66682280)|STATEMENT_EXECUTE|[187]
15:56:22.0 (66683522)|STATEMENT_EXECUTE|[236]
15:56:22.0 (66689038)|METHOD_EXIT|[1]|TriggerHandler
15:56:22.0 (66695135)|CONSTRUCTOR_ENTRY|[13]|01pO00000003AAn|<init>()
15:56:22.0 (66810188)|VARIABLE_SCOPE_BEGIN|[22]|this|TriggerHandler|true|false
15:56:22.0 (66826417)|VARIABLE_ASSIGNMENT|[22]|this|{}|0x4a2147
15:56:22.0 (66830378)|STATEMENT_EXECUTE|[1]
15:56:22.0 (66831598)|STATEMENT_EXECUTE|[9]
15:56:22.0 (66832751)|STATEMENT_EXECUTE|[13]
15:56:22.0 (66839826)|HEAP_ALLOCATE|[23]|Bytes:6
15:56:22.0 (66864349)|STATEMENT_EXECUTE|[22]
15:56:22.0 (66866267)|STATEMENT_EXECUTE|[23]
15:56:22.0 (66888938)|METHOD_ENTRY|[23]|01pO00000003AAn|TriggerHandler.setTriggerContext()
15:56:22.0 (66916859)|VARIABLE_SCOPE_BEGIN|[94]|this|TriggerHandler|true|false
15:56:22.0 (66931322)|VARIABLE_ASSIGNMENT|[94]|this|{}|0x4a2147
15:56:22.0 (66937223)|STATEMENT_EXECUTE|[94]
15:56:22.0 (66938265)|STATEMENT_EXECUTE|[95]
15:56:22.0 (66953069)|METHOD_ENTRY|[95]|01pO00000003AAn|TriggerHandler.setTriggerContext(String, Boolean)
15:56:22.0 (66972461)|VARIABLE_SCOPE_BEGIN|[99]|this|TriggerHandler|true|false
15:56:22.0 (66985340)|VARIABLE_ASSIGNMENT|[99]|this|{}|0x4a2147
15:56:22.0 (66988869)|VARIABLE_SCOPE_BEGIN|[99]|ctx|String|false|false
15:56:22.0 (66992952)|VARIABLE_ASSIGNMENT|[99]|ctx|null
15:56:22.0 (66998105)|VARIABLE_SCOPE_BEGIN|[99]|testMode|Boolean|false|false
15:56:22.0 (67001481)|VARIABLE_ASSIGNMENT|[99]|testMode|false
15:56:22.0 (67005900)|STATEMENT_EXECUTE|[99]
15:56:22.0 (67022594)|STATEMENT_EXECUTE|[103]
15:56:22.0 (67024154)|STATEMENT_EXECUTE|[104]
15:56:22.0 (67030325)|HEAP_ALLOCATE|[104]|Bytes:5
15:56:22.0 (67054370)|STATEMENT_EXECUTE|[111]
15:56:22.0 (67055889)|STATEMENT_EXECUTE|[112]
15:56:22.0 (67076385)|HEAP_ALLOCATE|[112]|Bytes:12
15:56:22.0 (67081785)|HEAP_ALLOCATE|[112]|Bytes:13
15:56:22.0 (67133958)|HEAP_ALLOCATE|[112]|Bytes:12
15:56:22.0 (67138493)|HEAP_ALLOCATE|[112]|Bytes:13
15:56:22.0 (67150022)|HEAP_ALLOCATE|[112]|Bytes:12
15:56:22.0 (67153043)|HEAP_ALLOCATE|[112]|Bytes:13
15:56:22.0 (67165685)|HEAP_ALLOCATE|[112]|Bytes:12
15:56:22.0 (67168680)|HEAP_ALLOCATE|[112]|Bytes:12
15:56:22.0 (67178446)|HEAP_ALLOCATE|[112]|Bytes:12
15:56:22.0 (67181209)|HEAP_ALLOCATE|[112]|Bytes:12
15:56:22.0 (67190889)|HEAP_ALLOCATE|[112]|Bytes:12
15:56:22.0 (67193627)|HEAP_ALLOCATE|[112]|Bytes:12
15:56:22.0 (67206054)|HEAP_ALLOCATE|[112]|Bytes:12
15:56:22.0 (67212477)|HEAP_ALLOCATE|[112]|Bytes:14
15:56:22.0 (67230997)|METHOD_EXIT|[95]|01pO00000003AAn|TriggerHandler.setTriggerContext(String, Boolean)
15:56:22.0 (67236448)|METHOD_EXIT|[23]|01pO00000003AAn|TriggerHandler.setTriggerContext()
15:56:22.0 (67240718)|CONSTRUCTOR_EXIT|[13]|01pO00000003AAn|<init>()
15:56:22.0 (67243141)|STATEMENT_EXECUTE|[13]
15:56:22.0 (67246922)|SYSTEM_MODE_EXIT|false
15:56:22.0 (67251915)|CONSTRUCTOR_EXIT|[3]|01pO00000003Sem|<init>()
15:56:22.0 (67260452)|METHOD_ENTRY|[3]|01pO00000003AAn|TriggerHandler.run()
15:56:22.0 (67265494)|VARIABLE_SCOPE_BEGIN|[31]|this|TriggerHandler|true|false
15:56:22.0 (67289530)|VARIABLE_ASSIGNMENT|[31]|this|{"context":"0x5acb3728","isTriggerExecuting":true}|0x4a2147
15:56:22.0 (67294228)|STATEMENT_EXECUTE|[31]
15:56:22.0 (67303077)|METHOD_ENTRY|[33]|01pO00000003AAn|TriggerHandler.validateRun()
15:56:22.0 (67321886)|VARIABLE_SCOPE_BEGIN|[146]|this|TriggerHandler|true|false
15:56:22.0 (67338331)|VARIABLE_ASSIGNMENT|[146]|this|{"context":"0x5acb3728","isTriggerExecuting":true}|0x4a2147
15:56:22.0 (67342735)|STATEMENT_EXECUTE|[146]
15:56:22.0 (67348831)|STATEMENT_EXECUTE|[147]
15:56:22.0 (67358516)|METHOD_ENTRY|[150]|01pO00000003AAn|TriggerHandler.getHandlerName()
15:56:22.0 (67374587)|VARIABLE_SCOPE_BEGIN|[157]|this|TriggerHandler|true|false
15:56:22.0 (67390046)|VARIABLE_ASSIGNMENT|[157]|this|{"context":"0x5acb3728","isTriggerExecuting":true}|0x4a2147
15:56:22.0 (67394295)|STATEMENT_EXECUTE|[157]
15:56:22.0 (67395413)|STATEMENT_EXECUTE|[158]
15:56:22.0 (67425654)|SYSTEM_METHOD_ENTRY|[158]|String.valueOf(Object)
15:56:22.0 (67495457)|HEAP_ALLOCATE|[158]|Bytes:179
15:56:22.0 (67513116)|SYSTEM_METHOD_EXIT|[158]|String.valueOf(Object)
15:56:22.0 (67530270)|SYSTEM_METHOD_ENTRY|[158]|String.valueOf(Object)
15:56:22.0 (67557793)|HEAP_ALLOCATE|[158]|Bytes:179
15:56:22.0 (67572760)|SYSTEM_METHOD_EXIT|[158]|String.valueOf(Object)
15:56:22.0 (67577511)|HEAP_ALLOCATE|[158]|Bytes:1
15:56:22.0 (67592999)|SYSTEM_METHOD_ENTRY|[158]|String.indexOf(String)
15:56:22.0 (67603735)|SYSTEM_METHOD_EXIT|[158]|String.indexOf(String)
15:56:22.0 (67616965)|SYSTEM_METHOD_ENTRY|[158]|String.substring(Integer, Integer)
15:56:22.0 (67623241)|HEAP_ALLOCATE|[158]|Bytes:32
15:56:22.0 (67631977)|SYSTEM_METHOD_EXIT|[158]|String.substring(Integer, Integer)
15:56:22.0 (67638088)|METHOD_EXIT|[150]|01pO00000003AAn|TriggerHandler.getHandlerName()
15:56:22.0 (67651443)|SYSTEM_METHOD_ENTRY|[150]|Set<String>.contains(Object)
15:56:22.0 (67660916)|SYSTEM_METHOD_EXIT|[150]|Set<String>.contains(Object)
15:56:22.0 (67665437)|STATEMENT_EXECUTE|[150]
15:56:22.0 (67667021)|STATEMENT_EXECUTE|[153]
15:56:22.0 (67671152)|METHOD_EXIT|[33]|01pO00000003AAn|TriggerHandler.validateRun()
15:56:22.0 (67674053)|STATEMENT_EXECUTE|[33]
15:56:22.0 (67675341)|STATEMENT_EXECUTE|[35]
15:56:22.0 (67682210)|METHOD_ENTRY|[35]|01pO00000003AAn|TriggerHandler.addToLoopCount()
15:56:22.0 (67699900)|VARIABLE_SCOPE_BEGIN|[133]|this|TriggerHandler|true|false
15:56:22.0 (67717841)|VARIABLE_ASSIGNMENT|[133]|this|{"context":"0x5acb3728","isTriggerExecuting":true}|0x4a2147
15:56:22.0 (67722331)|STATEMENT_EXECUTE|[133]
15:56:22.0 (67723514)|STATEMENT_EXECUTE|[134]
15:56:22.0 (67731090)|METHOD_ENTRY|[134]|01pO00000003AAn|TriggerHandler.getHandlerName()
15:56:22.0 (67742005)|VARIABLE_SCOPE_BEGIN|[157]|this|TriggerHandler|true|false
15:56:22.0 (67756599)|VARIABLE_ASSIGNMENT|[157]|this|{"context":"0x5acb3728","isTriggerExecuting":true}|0x4a2147
15:56:22.0 (67760284)|STATEMENT_EXECUTE|[157]
15:56:22.0 (67761352)|STATEMENT_EXECUTE|[158]
15:56:22.0 (67777351)|SYSTEM_METHOD_ENTRY|[158]|String.valueOf(Object)
15:56:22.0 (67805974)|HEAP_ALLOCATE|[158]|Bytes:179
15:56:22.0 (67821080)|SYSTEM_METHOD_EXIT|[158]|String.valueOf(Object)
15:56:22.0 (67835138)|SYSTEM_METHOD_ENTRY|[158]|String.valueOf(Object)
15:56:22.0 (67859220)|HEAP_ALLOCATE|[158]|Bytes:179
15:56:22.0 (67873075)|SYSTEM_METHOD_EXIT|[158]|String.valueOf(Object)
15:56:22.0 (67885216)|SYSTEM_METHOD_ENTRY|[158]|String.indexOf(String)
15:56:22.0 (67893605)|SYSTEM_METHOD_EXIT|[158]|String.indexOf(String)
15:56:22.0 (67903464)|SYSTEM_METHOD_ENTRY|[158]|String.substring(Integer, Integer)
15:56:22.0 (67907432)|HEAP_ALLOCATE|[158]|Bytes:32
15:56:22.0 (67916012)|SYSTEM_METHOD_EXIT|[158]|String.substring(Integer, Integer)
15:56:22.0 (67921168)|METHOD_EXIT|[134]|01pO00000003AAn|TriggerHandler.getHandlerName()
15:56:22.0 (67925421)|VARIABLE_SCOPE_BEGIN|[134]|handlerName|String|false|false
15:56:22.0 (67934579)|VARIABLE_ASSIGNMENT|[134]|handlerName|"Assigned_Approver_Tr (12 more) ..."
15:56:22.0 (67952454)|SYSTEM_METHOD_ENTRY|[135]|Map<String,TriggerHandler.LoopCount>.containsKey(Object)
15:56:22.0 (67973953)|SYSTEM_METHOD_EXIT|[135]|Map<String,TriggerHandler.LoopCount>.containsKey(Object)
15:56:22.0 (67979319)|STATEMENT_EXECUTE|[135]
15:56:22.0 (67983261)|METHOD_EXIT|[35]|01pO00000003AAn|TriggerHandler.addToLoopCount()
15:56:22.0 (68013555)|SYSTEM_METHOD_ENTRY|[38]|com.salesforce.api.fast.System.compareObjects(Object, Object)
15:56:22.0 (68066933)|SYSTEM_METHOD_EXIT|[38]|com.salesforce.api.fast.System.compareObjects(Object, Object)
15:56:22.0 (68090207)|SYSTEM_METHOD_ENTRY|[40]|com.salesforce.api.fast.System.compareObjects(Object, Object)
15:56:22.0 (68116943)|SYSTEM_METHOD_EXIT|[40]|com.salesforce.api.fast.System.compareObjects(Object, Object)
15:56:22.0 (68121626)|STATEMENT_EXECUTE|[40]
15:56:22.0 (68122973)|STATEMENT_EXECUTE|[41]
15:56:22.0 (68133077)|METHOD_ENTRY|[41]|01pO00000003Sem|Assigned_Approver_TriggerHandler.beforeUpdate()
15:56:22.0 (68150557)|VARIABLE_SCOPE_BEGIN|[17]|this|Assigned_Approver_TriggerHandler|true|false
15:56:22.0 (68168869)|VARIABLE_ASSIGNMENT|[17]|this|{"context":"0x5acb3728","isTriggerExecuting":true}|0x4a2147
15:56:22.0 (68177640)|SYSTEM_MODE_ENTER|false
15:56:22.0 (68183050)|HEAP_ALLOCATE|[18]|Bytes:5
15:56:22.0 (68186917)|STATEMENT_EXECUTE|[17]
15:56:22.0 (68188012)|STATEMENT_EXECUTE|[18]
15:56:22.0 (68198398)|METHOD_ENTRY|[18]|01pO00000003Sem|Assigned_Approver_TriggerHandler.findCurrentApproversThatHaveApproved()
15:56:22.0 (68222550)|HEAP_ALLOCATE|[30]|Bytes:5
15:56:22.0 (68226442)|STATEMENT_EXECUTE|[29]
15:56:22.0 (68227562)|STATEMENT_EXECUTE|[30]
15:56:22.0 (68233532)|HEAP_ALLOCATE|[30]|Bytes:20
15:56:22.0 (68329777)|SYSTEM_METHOD_ENTRY|[30]|String.valueOf(Object)
15:56:22.0 (68872416)|HEAP_ALLOCATE|[30]|Bytes:732
15:56:22.0 (68891959)|SYSTEM_METHOD_EXIT|[30]|String.valueOf(Object)
15:56:22.0 (68904719)|HEAP_ALLOCATE|[30]|Bytes:752
15:56:22.0 (68920671)|SYSTEM_METHOD_ENTRY|[30]|System.debug(APEX_OBJECT, ANY)
15:56:22.0 (68934791)|USER_DEBUG|[30]|ERROR|*** Find approvers: (Assigned_Approver__c:{Id=a0oO0000002tWWYIA2, OwnerId=005O0000003t7anIAA, IsDeleted=false, Name=Approver-000000120, CreatedDate=2017-03-28 04:46:57, CreatedById=005O0000003t7anIAA, LastModifiedDate=2017-03-28 04:54:09, LastModifiedById=005O0000003t7anIAA, SystemModstamp=2017-03-28 04:54:09, LastViewedDate=null, LastReferencedDate=null, Approver__c=005O0000003t7anIAA, Gate__c=a0nO0000003xOggIAE, Approval_Level__c=3, Approval_Status__c=Assigned Pending Approval, Approval_Comments__c=test, No_of_Approval_Conditions__c=0, Current_Approver__c=true, Approver_Role__c=COO, Wet_Signature_Received__c=false, Wet_Signature_Date__c=null, Decision_Date__c=2017-03-28 00:00:00, Prospect__c=006O0000008l3bOIAQ, Approval_Conditions__c=null})
15:56:22.0 (68942732)|SYSTEM_METHOD_EXIT|[30]|System.debug(APEX_OBJECT, ANY)
15:56:22.0 (68946535)|STATEMENT_EXECUTE|[32]
15:56:22.0 (68953983)|HEAP_ALLOCATE|[32]|Bytes:4
15:56:22.0 (68967160)|SYSTEM_CONSTRUCTOR_ENTRY|[32]|<init>(Integer)
15:56:22.0 (68982728)|SYSTEM_CONSTRUCTOR_EXIT|[32]|<init>(Integer)
15:56:22.0 (68986671)|VARIABLE_SCOPE_BEGIN|[32]|gatesToFindNextApprover|Set<Id>|true|false
15:56:22.0 (69008839)|VARIABLE_ASSIGNMENT|[32]|gatesToFindNextApprover|[]|0x27f20f56
15:56:22.0 (69063453)|SYSTEM_METHOD_ENTRY|[33]|List<Assigned_Approver__c>.iterator()
15:56:22.0 (69195666)|SYSTEM_METHOD_EXIT|[33]|List<Assigned_Approver__c>.iterator()
15:56:22.0 (69214824)|SYSTEM_METHOD_ENTRY|[33]|system.ListIterator.hasNext()
15:56:22.0 (69223384)|HEAP_ALLOCATE|[33]|Bytes:5
15:56:22.0 (69229343)|SYSTEM_METHOD_EXIT|[33]|system.ListIterator.hasNext()
15:56:22.0 (69247155)|HEAP_ALLOCATE|[33]|Bytes:4
15:56:22.0 (69255979)|VARIABLE_SCOPE_BEGIN|[33]|AA|Assigned_Approver__c|true|false
15:56:22.0 (69468500)|VARIABLE_ASSIGNMENT|[33]|AA|{"Approval_Level__c":"3","LastModifiedDate":"2017-03-28T04:54:09.000Z","Approval_Comments__c":"test","IsDeleted":false,"Approver__c":"005O0000003t7anIAA","Wet_Signature_Receiv (5 more) ...":false,"Gate__c":"a0nO0000003xOggIAE","Prospect__c":"006O0000008l3bOIAQ","Decision_Date__c":"2017-03-28T00:00:00.000Z","Name":"Approver-000000120","SystemModstamp":"2017-03-28T04:54:09.000Z","OwnerId":"005O0000003t7anIAA","CreatedById":"005O0000003t7anIAA","Approver_Role__c":"COO","No_of_Approval_Condi (8 more) ...":0,"CreatedDate":"2017-03-28T04:46:57.000Z","Id":"a0oO0000002tWWYIA2","Current_Approver__c":true,"LastModifiedById":"005O0000003t7anIAA","Approval_Status__c":"Assigned Pending App (5 more) ..."}|0x4718fecb
15:56:22.0 (69476160)|STATEMENT_EXECUTE|[33]
15:56:22.0 (69477349)|STATEMENT_EXECUTE|[34]
15:56:22.0 (69578943)|SYSTEM_METHOD_ENTRY|[34]|Map<Id,Assigned_Approver__c>.get(Object)
15:56:22.0 (69606834)|SYSTEM_METHOD_EXIT|[34]|Map<Id,Assigned_Approver__c>.get(Object)
15:56:22.0 (69616317)|VARIABLE_SCOPE_BEGIN|[34]|oldApprover|Assigned_Approver__c|true|false
15:56:22.0 (69883804)|VARIABLE_ASSIGNMENT|[34]|oldApprover|{"Approval_Level__c":"3","LastModifiedDate":"2017-03-28T04:54:09.000Z","Approval_Comments__c":"test","IsDeleted":false,"Approver__c":"005O0000003t7anIAA","Wet_Signature_Receiv (5 more) ...":false,"Gate__c":"a0nO0000003xOggIAE","Prospect__c":"006O0000008l3bOIAQ","Decision_Date__c":"2017-03-28T00:00:00.000Z","Name":"Approver-000000120","SystemModstamp":"2017-03-28T04:54:09.000Z","OwnerId":"005O0000003t7anIAA","CreatedById":"005O0000003t7anIAA","Approver_Role__c":"COO","No_of_Approval_Condi (8 more) ...":0,"CreatedDate":"2017-03-28T04:46:57.000Z","Id":"a0oO0000002tWWYIA2","Current_Approver__c":false,"LastModifiedById":"005O0000003t7anIAA","Approval_Status__c":"Approved"}|0x20729b13
15:56:22.0 (69890675)|STATEMENT_EXECUTE|[35]
15:56:22.0 (69897581)|HEAP_ALLOCATE|[35]|Bytes:15
15:56:22.0 (69918880)|SYSTEM_METHOD_ENTRY|[35]|String.valueOf(Object)
15:56:22.0 (70136454)|HEAP_ALLOCATE|[35]|Bytes:730
15:56:22.0 (70155334)|SYSTEM_METHOD_EXIT|[35]|String.valueOf(Object)
15:56:22.0 (70165156)|HEAP_ALLOCATE|[35]|Bytes:745
15:56:22.0 (70176836)|SYSTEM_METHOD_ENTRY|[35]|System.debug(APEX_OBJECT, ANY)
15:56:22.0 (70184638)|USER_DEBUG|[35]|ERROR|*** Approvers: Assigned_Approver__c:{Id=a0oO0000002tWWYIA2, OwnerId=005O0000003t7anIAA, IsDeleted=false, Name=Approver-000000120, CreatedDate=2017-03-28 04:46:57, CreatedById=005O0000003t7anIAA, LastModifiedDate=2017-03-28 04:54:09, LastModifiedById=005O0000003t7anIAA, SystemModstamp=2017-03-28 04:54:09, LastViewedDate=null, LastReferencedDate=null, Approver__c=005O0000003t7anIAA, Gate__c=a0nO0000003xOggIAE, Approval_Level__c=3, Approval_Status__c=Assigned Pending Approval, Approval_Comments__c=test, No_of_Approval_Conditions__c=0, Current_Approver__c=true, Approver_Role__c=COO, Wet_Signature_Received__c=false, Wet_Signature_Date__c=null, Decision_Date__c=2017-03-28 00:00:00, Prospect__c=006O0000008l3bOIAQ, Approval_Conditions__c=null}
15:56:22.0 (70192163)|SYSTEM_METHOD_EXIT|[35]|System.debug(APEX_OBJECT, ANY)
15:56:22.0 (70221074)|HEAP_ALLOCATE|[37]|Bytes:25
15:56:22.0 (70249597)|STATEMENT_EXECUTE|[37]
15:56:22.0 (70257960)|SYSTEM_METHOD_ENTRY|[33]|system.ListIterator.hasNext()
15:56:22.0 (70265251)|HEAP_ALLOCATE|[33]|Bytes:5
15:56:22.0 (70270712)|SYSTEM_METHOD_EXIT|[33]|system.ListIterator.hasNext()
15:56:22.0 (70280433)|VARIABLE_ASSIGNMENT|[33]|AA|null|
15:56:22.0 (70289043)|SYSTEM_METHOD_ENTRY|[52]|Set<Id>.size()
15:56:22.0 (70306617)|SYSTEM_METHOD_EXIT|[52]|Set<Id>.size()
15:56:22.0 (70312499)|STATEMENT_EXECUTE|[52]
15:56:22.0 (70320815)|METHOD_EXIT|[18]|01pO00000003Sem|Assigned_Approver_TriggerHandler.findCurrentApproversThatHaveApproved()
15:56:22.0 (70324561)|SYSTEM_MODE_EXIT|false
15:56:22.0 (70329706)|METHOD_EXIT|[41]|01pO00000003Sem|Assigned_Approver_TriggerHandler.beforeUpdate()
15:56:22.0 (70333515)|METHOD_EXIT|[3]|01pO00000003AAn|TriggerHandler.run()
15:56:22.70 (70343415)|CUMULATIVE_LIMIT_USAGE
15:56:22.70 (70343415)|LIMIT_USAGE_FOR_NS|(default)|
  Number of SOQL queries: 0 out of 100
  Number of query rows: 0 out of 50000
  Number of SOSL queries: 0 out of 20
  Number of DML statements: 0 out of 150
  Number of DML rows: 0 out of 10000
  Maximum CPU time: 0 out of 10000
  Maximum heap size: 0 out of 6000000
  Number of callouts: 0 out of 100
  Number of Email Invocations: 0 out of 10
  Number of future calls: 0 out of 50
  Number of queueable jobs added to the queue: 0 out of 50
  Number of Mobile Apex push calls: 0 out of 10

15:56:22.70 (70343415)|TOTAL_EMAIL_RECIPIENTS_QUEUED|0
15:56:22.70 (70343415)|STATIC_VARIABLE_LIST|
  String:_sfdcAdditionalCodeLocations:0
  long:serialVersionUID:0
  String:_sfdcAdditionalCodeLocations:0
  double:MAX_VALUE:0
  long:serialVersionUID:0
  int:SIZE:0
  TriggerHandler.TriggerContext:BEFORE_INSERT:0
  int:MAX_VALUE:0
  TriggerHandler.TriggerContext:AFTER_UNDELETE:0
  String:_sfdcSuppressedCodeLocations:0
  int:MIN_VALUE:0
  char[]:DigitOnes:0
  String:_sfdcSuppressedCodeLocations:0
  int:MIN_EXPONENT:0
  int:MAX_EXPONENT:0
  int:BYTES:0
  char[]:DigitTens:0
  long:serialVersionUID:0
  String:_sfdcAdditionalCodeLocations:0
  Boolean:FALSE:0
  double:MIN_VALUE:0
  double:NEGATIVE_INFINITY:0
  char[]:digits:0
  double:NaN:0
  Boolean:TRUE:0
  TriggerHandler.TriggerContext:AFTER_INSERT:0
  TriggerHandler.TriggerContext:AFTER_DELETE:0
  TriggerHandler.TriggerContext:AFTER_UPDATE:0
  String:__sfdcInnerTypes:0
  int:BYTES:0
  Map<String,TriggerHandler.LoopCount>:_static_loopCountMap:0
  Set<String>:_static_bypassedHandlers:0
  int[]:sizeTable:0
  TriggerHandler.TriggerContext:BEFORE_DELETE:0
  TriggerHandler.TriggerContext:BEFORE_UPDATE:0
  int:SIZE:0
  double:POSITIVE_INFINITY:0
  double:MIN_NORMAL:0

15:56:22.70 (70343415)|CUMULATIVE_LIMIT_USAGE_END

15:56:22.0 (72091085)|CODE_UNIT_FINISHED|AssignedApproverTrigger on Assigned_Approver trigger event BeforeUpdate for [a0oO0000002tWWY]
15:56:22.0 (74773690)|CODE_UNIT_STARTED|[EXTERNAL]|Validation:Assigned_Approver:a0oO0000002tWWY
15:56:22.0 (74784773)|VALIDATION_RULE|03dO000000011Ug|Enter_Approval_Conditions
15:56:22.0 (74942380)|VALIDATION_FORMULA|AND(
ISPICKVAL(Approval_Status__c, "Approved with Conditions"),
ISBLANK(Approval_Conditions__c))|Approval_Status__c=Assigned Pending Approval , Approval_Conditions__c=null
15:56:22.0 (74949523)|VALIDATION_PASS
15:56:22.0 (74951457)|VALIDATION_RULE|03dO00000001173|Enter_comments_after_status
15:56:22.0 (75129547)|VALIDATION_FORMULA|AND(
ISPICKVAL( Approval_Status__c, "Approved"), 
ISBLANK(Approval_Comments__c))

&#124;&#124;

AND( 
ISPICKVAL( Approval_Status__c, "Resubmit"),
ISBLANK(Approval_Comments__c))

&#124;&#124;

AND( 
ISPICKVAL( Approval_Status__c, "Rejected"),
ISBLANK(Approval_Comments__c))|Approval_Status__c=Assigned Pending Approval , Approval_Comments__c=test
15:56:22.0 (75139961)|VALIDATION_PASS
15:56:22.0 (75141420)|VALIDATION_RULE|03dO00000000z89|Wet_Signature_Date_Mandatory
15:56:22.0 (75247548)|VALIDATION_FORMULA|AND(Wet_Signature_Received__c = TRUE,  ISBLANK(Wet_Signature_Date__c))|Wet_Signature_Date__c=null , Wet_Signature_Received__c=0
15:56:22.0 (75252876)|VALIDATION_PASS
15:56:22.0 (75281898)|CODE_UNIT_FINISHED|Validation:Assigned_Approver:a0oO0000002tWWY
15:56:22.0 (96718307)|CODE_UNIT_STARTED|[EXTERNAL]|01qO00000000Ue8|AssignedApproverTrigger on Assigned_Approver trigger event AfterUpdate for [a0oO0000002tWWY]
15:56:22.0 (96750328)|HEAP_ALLOCATE|[EXTERNAL]|Bytes:8
15:56:22.0 (96785169)|HEAP_ALLOCATE|[EXTERNAL]|Bytes:8
15:56:22.0 (96857825)|HEAP_ALLOCATE|[EXTERNAL]|Bytes:4
15:56:22.0 (96869579)|VARIABLE_SCOPE_BEGIN|[1]|this|AssignedApproverTrigger|true|false
15:56:22.0 (96899847)|VARIABLE_ASSIGNMENT|[1]|this|{}|0x738c34b6
15:56:22.0 (96945412)|HEAP_ALLOCATE|[EXTERNAL]|Bytes:4
15:56:22.0 (96953311)|VARIABLE_SCOPE_BEGIN|[1]|this|AssignedApproverTrigger|true|false
15:56:22.0 (96971373)|VARIABLE_ASSIGNMENT|[1]|this|{}|0x738c34b6
15:56:22.0 (96979354)|STATEMENT_EXECUTE|[1]
15:56:22.0 (96981377)|STATEMENT_EXECUTE|[2]
15:56:22.0 (97010148)|SYSTEM_METHOD_ENTRY|[2]|System.debug(APEX_OBJECT, ANY)
15:56:22.0 (97031444)|USER_DEBUG|[2]|ERROR|*** Assigned Approver Trigger Firing
15:56:22.0 (97038353)|SYSTEM_METHOD_EXIT|[2]|System.debug(APEX_OBJECT, ANY)
15:56:22.0 (97042053)|STATEMENT_EXECUTE|[3]
15:56:22.0 (97047744)|HEAP_ALLOCATE|[3]|Bytes:12
15:56:22.0 (97061298)|CONSTRUCTOR_ENTRY|[3]|01pO00000003Sem|<init>()
15:56:22.0 (97067505)|VARIABLE_SCOPE_BEGIN|[13]|this|Assigned_Approver_TriggerHandler|true|false
15:56:22.0 (97091288)|VARIABLE_ASSIGNMENT|[13]|this|{}|0x5c35a5ef
15:56:22.0 (97678245)|SYSTEM_MODE_ENTER|false
15:56:22.0 (97694056)|HEAP_ALLOCATE|[13]|Bytes:5
15:56:22.0 (97701223)|STATEMENT_EXECUTE|[12]
15:56:22.0 (97708175)|HEAP_ALLOCATE|[13]|Bytes:5
15:56:22.0 (97721837)|CONSTRUCTOR_ENTRY|[13]|01pO00000003AAn|<init>()
15:56:22.0 (97728470)|VARIABLE_SCOPE_BEGIN|[22]|this|TriggerHandler|true|false
15:56:22.0 (97745822)|VARIABLE_ASSIGNMENT|[22]|this|{}|0x5c35a5ef
15:56:22.0 (97749452)|STATEMENT_EXECUTE|[1]
15:56:22.0 (97750722)|STATEMENT_EXECUTE|[9]
15:56:22.0 (97751897)|STATEMENT_EXECUTE|[13]
15:56:22.0 (97771473)|STATEMENT_EXECUTE|[22]
15:56:22.0 (97773223)|STATEMENT_EXECUTE|[23]
15:56:22.0 (97783320)|METHOD_ENTRY|[23]|01pO00000003AAn|TriggerHandler.setTriggerContext()
15:56:22.0 (97787262)|VARIABLE_SCOPE_BEGIN|[94]|this|TriggerHandler|true|false
15:56:22.0 (97798164)|VARIABLE_ASSIGNMENT|[94]|this|{}|0x5c35a5ef
15:56:22.0 (97802820)|STATEMENT_EXECUTE|[94]
15:56:22.0 (97803952)|STATEMENT_EXECUTE|[95]
15:56:22.0 (97812455)|METHOD_ENTRY|[95]|01pO00000003AAn|TriggerHandler.setTriggerContext(String, Boolean)
15:56:22.0 (97816347)|VARIABLE_SCOPE_BEGIN|[99]|this|TriggerHandler|true|false
15:56:22.0 (97826222)|VARIABLE_ASSIGNMENT|[99]|this|{}|0x5c35a5ef
15:56:22.0 (97828616)|VARIABLE_SCOPE_BEGIN|[99]|ctx|String|false|false
15:56:22.0 (97832551)|VARIABLE_ASSIGNMENT|[99]|ctx|null
15:56:22.0 (97836615)|VARIABLE_SCOPE_BEGIN|[99]|testMode|Boolean|false|false
15:56:22.0 (97840593)|VARIABLE_ASSIGNMENT|[99]|testMode|false
15:56:22.0 (97843725)|STATEMENT_EXECUTE|[99]
15:56:22.0 (97854801)|STATEMENT_EXECUTE|[103]
15:56:22.0 (97856220)|STATEMENT_EXECUTE|[104]
15:56:22.0 (97861634)|HEAP_ALLOCATE|[104]|Bytes:5
15:56:22.0 (97904295)|STATEMENT_EXECUTE|[120]
15:56:22.0 (97905984)|STATEMENT_EXECUTE|[121]
15:56:22.0 (97917905)|METHOD_EXIT|[95]|01pO00000003AAn|TriggerHandler.setTriggerContext(String, Boolean)
15:56:22.0 (97923336)|METHOD_EXIT|[23]|01pO00000003AAn|TriggerHandler.setTriggerContext()
15:56:22.0 (97928417)|CONSTRUCTOR_EXIT|[13]|01pO00000003AAn|<init>()
15:56:22.0 (97930408)|STATEMENT_EXECUTE|[13]
15:56:22.0 (97935515)|SYSTEM_MODE_EXIT|false
15:56:22.0 (97940959)|CONSTRUCTOR_EXIT|[3]|01pO00000003Sem|<init>()
15:56:22.0 (97946342)|METHOD_ENTRY|[3]|01pO00000003AAn|TriggerHandler.run()
15:56:22.0 (97951520)|VARIABLE_SCOPE_BEGIN|[31]|this|TriggerHandler|true|false
15:56:22.0 (97973686)|VARIABLE_ASSIGNMENT|[31]|this|{"context":"0x38ee63e1","isTriggerExecuting":true}|0x5c35a5ef
15:56:22.0 (97978159)|STATEMENT_EXECUTE|[31]
15:56:22.0 (97984019)|METHOD_ENTRY|[33]|01pO00000003AAn|TriggerHandler.validateRun()
15:56:22.0 (97988183)|VARIABLE_SCOPE_BEGIN|[146]|this|TriggerHandler|true|false
15:56:22.0 (98001241)|VARIABLE_ASSIGNMENT|[146]|this|{"context":"0x38ee63e1","isTriggerExecuting":true}|0x5c35a5ef
15:56:22.0 (98006114)|STATEMENT_EXECUTE|[146]
15:56:22.0 (98012268)|STATEMENT_EXECUTE|[147]
15:56:22.0 (98019197)|METHOD_ENTRY|[150]|01pO00000003AAn|TriggerHandler.getHandlerName()
15:56:22.0 (98023125)|VARIABLE_SCOPE_BEGIN|[157]|this|TriggerHandler|true|false
15:56:22.0 (98035600)|VARIABLE_ASSIGNMENT|[157]|this|{"context":"0x38ee63e1","isTriggerExecuting":true}|0x5c35a5ef
15:56:22.0 (98039250)|STATEMENT_EXECUTE|[157]
15:56:22.0 (98040459)|STATEMENT_EXECUTE|[158]
15:56:22.0 (98079601)|SYSTEM_METHOD_ENTRY|[158]|String.valueOf(Object)
15:56:22.0 (98141288)|HEAP_ALLOCATE|[158]|Bytes:178
15:56:22.0 (98162999)|SYSTEM_METHOD_EXIT|[158]|String.valueOf(Object)
15:56:22.0 (98191044)|SYSTEM_METHOD_ENTRY|[158]|String.valueOf(Object)
15:56:22.0 (98224491)|HEAP_ALLOCATE|[158]|Bytes:178
15:56:22.0 (98246715)|SYSTEM_METHOD_EXIT|[158]|String.valueOf(Object)
15:56:22.0 (98261804)|SYSTEM_METHOD_ENTRY|[158]|String.indexOf(String)
15:56:22.0 (98272272)|SYSTEM_METHOD_EXIT|[158]|String.indexOf(String)
15:56:22.0 (98284289)|SYSTEM_METHOD_ENTRY|[158]|String.substring(Integer, Integer)
15:56:22.0 (98290707)|HEAP_ALLOCATE|[158]|Bytes:32
15:56:22.0 (98299632)|SYSTEM_METHOD_EXIT|[158]|String.substring(Integer, Integer)
15:56:22.0 (98305666)|METHOD_EXIT|[150]|01pO00000003AAn|TriggerHandler.getHandlerName()
15:56:22.0 (98321277)|SYSTEM_METHOD_ENTRY|[150]|Set<String>.contains(Object)
15:56:22.0 (98332356)|SYSTEM_METHOD_EXIT|[150]|Set<String>.contains(Object)
15:56:22.0 (98337916)|STATEMENT_EXECUTE|[150]
15:56:22.0 (98339517)|STATEMENT_EXECUTE|[153]
15:56:22.0 (98342995)|METHOD_EXIT|[33]|01pO00000003AAn|TriggerHandler.validateRun()
15:56:22.0 (98346091)|STATEMENT_EXECUTE|[33]
15:56:22.0 (98347347)|STATEMENT_EXECUTE|[35]
15:56:22.0 (98352362)|METHOD_ENTRY|[35]|01pO00000003AAn|TriggerHandler.addToLoopCount()
15:56:22.0 (98356086)|VARIABLE_SCOPE_BEGIN|[133]|this|TriggerHandler|true|false
15:56:22.0 (98374033)|VARIABLE_ASSIGNMENT|[133]|this|{"context":"0x38ee63e1","isTriggerExecuting":true}|0x5c35a5ef
15:56:22.0 (98378584)|STATEMENT_EXECUTE|[133]
15:56:22.0 (98379770)|STATEMENT_EXECUTE|[134]
15:56:22.0 (98385250)|METHOD_ENTRY|[134]|01pO00000003AAn|TriggerHandler.getHandlerName()
15:56:22.0 (98388529)|VARIABLE_SCOPE_BEGIN|[157]|this|TriggerHandler|true|false
15:56:22.0 (98400209)|VARIABLE_ASSIGNMENT|[157]|this|{"context":"0x38ee63e1","isTriggerExecuting":true}|0x5c35a5ef
15:56:22.0 (98403765)|STATEMENT_EXECUTE|[157]
15:56:22.0 (98404798)|STATEMENT_EXECUTE|[158]
15:56:22.0 (98420232)|SYSTEM_METHOD_ENTRY|[158]|String.valueOf(Object)
15:56:22.0 (98451600)|HEAP_ALLOCATE|[158]|Bytes:178
15:56:22.0 (98468605)|SYSTEM_METHOD_EXIT|[158]|String.valueOf(Object)
15:56:22.0 (98483216)|SYSTEM_METHOD_ENTRY|[158]|String.valueOf(Object)
15:56:22.0 (98523664)|HEAP_ALLOCATE|[158]|Bytes:178
15:56:22.0 (98544017)|SYSTEM_METHOD_EXIT|[158]|String.valueOf(Object)
15:56:22.0 (98556590)|SYSTEM_METHOD_ENTRY|[158]|String.indexOf(String)
15:56:22.0 (98565730)|SYSTEM_METHOD_EXIT|[158]|String.indexOf(String)
15:56:22.0 (98575723)|SYSTEM_METHOD_ENTRY|[158]|String.substring(Integer, Integer)
15:56:22.0 (98580215)|HEAP_ALLOCATE|[158]|Bytes:32
15:56:22.0 (98589038)|SYSTEM_METHOD_EXIT|[158]|String.substring(Integer, Integer)
15:56:22.0 (98594320)|METHOD_EXIT|[134]|01pO00000003AAn|TriggerHandler.getHandlerName()
15:56:22.0 (98598837)|VARIABLE_SCOPE_BEGIN|[134]|handlerName|String|false|false
15:56:22.0 (98609189)|VARIABLE_ASSIGNMENT|[134]|handlerName|"Assigned_Approver_Tr (12 more) ..."
15:56:22.0 (98624051)|SYSTEM_METHOD_ENTRY|[135]|Map<String,TriggerHandler.LoopCount>.containsKey(Object)
15:56:22.0 (98635475)|SYSTEM_METHOD_EXIT|[135]|Map<String,TriggerHandler.LoopCount>.containsKey(Object)
15:56:22.0 (98640152)|STATEMENT_EXECUTE|[135]
15:56:22.0 (98643771)|METHOD_EXIT|[35]|01pO00000003AAn|TriggerHandler.addToLoopCount()
15:56:22.0 (98663882)|SYSTEM_METHOD_ENTRY|[38]|com.salesforce.api.fast.System.compareObjects(Object, Object)
15:56:22.0 (98710987)|SYSTEM_METHOD_EXIT|[38]|com.salesforce.api.fast.System.compareObjects(Object, Object)
15:56:22.0 (98726925)|SYSTEM_METHOD_ENTRY|[40]|com.salesforce.api.fast.System.compareObjects(Object, Object)
15:56:22.0 (98751209)|SYSTEM_METHOD_EXIT|[40]|com.salesforce.api.fast.System.compareObjects(Object, Object)
15:56:22.0 (98769980)|SYSTEM_METHOD_ENTRY|[42]|com.salesforce.api.fast.System.compareObjects(Object, Object)
15:56:22.0 (98815794)|SYSTEM_METHOD_EXIT|[42]|com.salesforce.api.fast.System.compareObjects(Object, Object)
15:56:22.0 (98836076)|SYSTEM_METHOD_ENTRY|[44]|com.salesforce.api.fast.System.compareObjects(Object, Object)
15:56:22.0 (98887088)|SYSTEM_METHOD_EXIT|[44]|com.salesforce.api.fast.System.compareObjects(Object, Object)
15:56:22.0 (98910030)|SYSTEM_METHOD_ENTRY|[46]|com.salesforce.api.fast.System.compareObjects(Object, Object)
15:56:22.0 (98945517)|SYSTEM_METHOD_EXIT|[46]|com.salesforce.api.fast.System.compareObjects(Object, Object)
15:56:22.0 (98953977)|STATEMENT_EXECUTE|[46]
15:56:22.0 (98956237)|STATEMENT_EXECUTE|[47]
15:56:22.0 (98975138)|METHOD_ENTRY|[47]|01pO00000003Sem|Assigned_Approver_TriggerHandler.afterUpdate()
15:56:22.0 (99003678)|VARIABLE_SCOPE_BEGIN|[21]|this|Assigned_Approver_TriggerHandler|true|false
15:56:22.0 (99023854)|VARIABLE_ASSIGNMENT|[21]|this|{"context":"0x38ee63e1","isTriggerExecuting":true}|0x5c35a5ef
15:56:22.0 (99034076)|SYSTEM_MODE_ENTER|false
15:56:22.0 (99039969)|HEAP_ALLOCATE|[22]|Bytes:5
15:56:22.0 (99043738)|STATEMENT_EXECUTE|[21]
15:56:22.0 (99045197)|STATEMENT_EXECUTE|[22]
15:56:22.0 (99053712)|METHOD_ENTRY|[22]|01pO00000003Sem|Assigned_Approver_TriggerHandler.findCurrentApproversThatHaveApproved()
15:56:22.0 (99070541)|HEAP_ALLOCATE|[30]|Bytes:5
15:56:22.0 (99073922)|STATEMENT_EXECUTE|[29]
15:56:22.0 (99075141)|STATEMENT_EXECUTE|[30]
15:56:22.0 (99115519)|SYSTEM_METHOD_ENTRY|[30]|String.valueOf(Object)
15:56:22.0 (99545037)|HEAP_ALLOCATE|[30]|Bytes:732
15:56:22.0 (99563892)|SYSTEM_METHOD_EXIT|[30]|String.valueOf(Object)
15:56:22.0 (99573858)|HEAP_ALLOCATE|[30]|Bytes:752
15:56:22.0 (99585525)|SYSTEM_METHOD_ENTRY|[30]|System.debug(APEX_OBJECT, ANY)
15:56:22.0 (99594725)|USER_DEBUG|[30]|ERROR|*** Find approvers: (Assigned_Approver__c:{Id=a0oO0000002tWWYIA2, OwnerId=005O0000003t7anIAA, IsDeleted=false, Name=Approver-000000120, CreatedDate=2017-03-28 04:46:57, CreatedById=005O0000003t7anIAA, LastModifiedDate=2017-03-28 04:56:22, LastModifiedById=005O0000003t7anIAA, SystemModstamp=2017-03-28 04:56:22, LastViewedDate=null, LastReferencedDate=null, Approver__c=005O0000003t7anIAA, Gate__c=a0nO0000003xOggIAE, Approval_Level__c=3, Approval_Status__c=Assigned Pending Approval, Approval_Comments__c=test, No_of_Approval_Conditions__c=0, Current_Approver__c=true, Approver_Role__c=COO, Wet_Signature_Received__c=false, Wet_Signature_Date__c=null, Decision_Date__c=2017-03-28 00:00:00, Prospect__c=006O0000008l3bOIAQ, Approval_Conditions__c=null})
15:56:22.0 (99602573)|SYSTEM_METHOD_EXIT|[30]|System.debug(APEX_OBJECT, ANY)
15:56:22.0 (99605771)|STATEMENT_EXECUTE|[32]
15:56:22.0 (99612418)|HEAP_ALLOCATE|[32]|Bytes:4
15:56:22.0 (99624336)|SYSTEM_CONSTRUCTOR_ENTRY|[32]|<init>(Integer)
15:56:22.0 (99631563)|SYSTEM_CONSTRUCTOR_EXIT|[32]|<init>(Integer)
15:56:22.0 (99635343)|VARIABLE_SCOPE_BEGIN|[32]|gatesToFindNextApprover|Set<Id>|true|false
15:56:22.0 (99654133)|VARIABLE_ASSIGNMENT|[32]|gatesToFindNextApprover|[]|0x6f97964
15:56:22.0 (99677439)|SYSTEM_METHOD_ENTRY|[33]|List<Assigned_Approver__c>.iterator()
15:56:22.0 (99686210)|SYSTEM_METHOD_EXIT|[33]|List<Assigned_Approver__c>.iterator()
15:56:22.0 (99694509)|SYSTEM_METHOD_ENTRY|[33]|system.ListIterator.hasNext()
15:56:22.0 (99702393)|HEAP_ALLOCATE|[33]|Bytes:5
15:56:22.0 (99708233)|SYSTEM_METHOD_EXIT|[33]|system.ListIterator.hasNext()
15:56:22.0 (99729385)|VARIABLE_SCOPE_BEGIN|[33]|AA|Assigned_Approver__c|true|false
15:56:22.0 (99896269)|VARIABLE_ASSIGNMENT|[33]|AA|{"Approval_Level__c":"3","LastModifiedDate":"2017-03-28T04:56:22.000Z","Approval_Comments__c":"test","IsDeleted":false,"Approver__c":"005O0000003t7anIAA","Wet_Signature_Receiv (5 more) ...":false,"Gate__c":"a0nO0000003xOggIAE","Prospect__c":"006O0000008l3bOIAQ","Decision_Date__c":"2017-03-28T00:00:00.000Z","Name":"Approver-000000120","SystemModstamp":"2017-03-28T04:56:22.000Z","OwnerId":"005O0000003t7anIAA","CreatedById":"005O0000003t7anIAA","Approver_Role__c":"COO","No_of_Approval_Condi (8 more) ...":0,"CreatedDate":"2017-03-28T04:46:57.000Z","Id":"a0oO0000002tWWYIA2","Current_Approver__c":true,"LastModifiedById":"005O0000003t7anIAA","Approval_Status__c":"Assigned Pending App (5 more) ..."}|0x4d43e331
15:56:22.0 (99903748)|STATEMENT_EXECUTE|[33]
15:56:22.0 (99905185)|STATEMENT_EXECUTE|[34]
15:56:22.0 (99945458)|SYSTEM_METHOD_ENTRY|[34]|Map<Id,Assigned_Approver__c>.get(Object)
15:56:22.0 (99960340)|SYSTEM_METHOD_EXIT|[34]|Map<Id,Assigned_Approver__c>.get(Object)
15:56:22.0 (99969421)|VARIABLE_SCOPE_BEGIN|[34]|oldApprover|Assigned_Approver__c|true|false
15:56:22.0 (100280067)|VARIABLE_ASSIGNMENT|[34]|oldApprover|{"Approval_Level__c":"3","LastModifiedDate":"2017-03-28T04:54:09.000Z","Approval_Comments__c":"test","IsDeleted":false,"Approver__c":"005O0000003t7anIAA","Wet_Signature_Receiv (5 more) ...":false,"Gate__c":"a0nO0000003xOggIAE","Prospect__c":"006O0000008l3bOIAQ","Decision_Date__c":"2017-03-28T00:00:00.000Z","Name":"Approver-000000120","SystemModstamp":"2017-03-28T04:54:09.000Z","OwnerId":"005O0000003t7anIAA","CreatedById":"005O0000003t7anIAA","Approver_Role__c":"COO","No_of_Approval_Condi (8 more) ...":0,"CreatedDate":"2017-03-28T04:46:57.000Z","Id":"a0oO0000002tWWYIA2","Current_Approver__c":false,"LastModifiedById":"005O0000003t7anIAA","Approval_Status__c":"Approved"}|0x604ec3b3
15:56:22.0 (100287468)|STATEMENT_EXECUTE|[35]
15:56:22.0 (100308575)|SYSTEM_METHOD_ENTRY|[35]|String.valueOf(Object)
15:56:22.0 (100555548)|HEAP_ALLOCATE|[35]|Bytes:730
15:56:22.0 (100574432)|SYSTEM_METHOD_EXIT|[35]|String.valueOf(Object)
15:56:22.0 (100583864)|HEAP_ALLOCATE|[35]|Bytes:745
15:56:22.0 (100594196)|SYSTEM_METHOD_ENTRY|[35]|System.debug(APEX_OBJECT, ANY)
15:56:22.0 (100601983)|USER_DEBUG|[35]|ERROR|*** Approvers: Assigned_Approver__c:{Id=a0oO0000002tWWYIA2, OwnerId=005O0000003t7anIAA, IsDeleted=false, Name=Approver-000000120, CreatedDate=2017-03-28 04:46:57, CreatedById=005O0000003t7anIAA, LastModifiedDate=2017-03-28 04:56:22, LastModifiedById=005O0000003t7anIAA, SystemModstamp=2017-03-28 04:56:22, LastViewedDate=null, LastReferencedDate=null, Approver__c=005O0000003t7anIAA, Gate__c=a0nO0000003xOggIAE, Approval_Level__c=3, Approval_Status__c=Assigned Pending Approval, Approval_Comments__c=test, No_of_Approval_Conditions__c=0, Current_Approver__c=true, Approver_Role__c=COO, Wet_Signature_Received__c=false, Wet_Signature_Date__c=null, Decision_Date__c=2017-03-28 00:00:00, Prospect__c=006O0000008l3bOIAQ, Approval_Conditions__c=null}
15:56:22.0 (100608998)|SYSTEM_METHOD_EXIT|[35]|System.debug(APEX_OBJECT, ANY)
15:56:22.0 (100640666)|STATEMENT_EXECUTE|[37]
15:56:22.0 (100649356)|SYSTEM_METHOD_ENTRY|[33]|system.ListIterator.hasNext()
15:56:22.0 (100659175)|HEAP_ALLOCATE|[33]|Bytes:5
15:56:22.0 (100669543)|SYSTEM_METHOD_EXIT|[33]|system.ListIterator.hasNext()
15:56:22.0 (100685816)|VARIABLE_ASSIGNMENT|[33]|AA|null|
15:56:22.0 (100699017)|SYSTEM_METHOD_ENTRY|[52]|Set<Id>.size()
15:56:22.0 (100707266)|SYSTEM_METHOD_EXIT|[52]|Set<Id>.size()
15:56:22.0 (100713032)|STATEMENT_EXECUTE|[52]
15:56:22.0 (100722152)|METHOD_EXIT|[22]|01pO00000003Sem|Assigned_Approver_TriggerHandler.findCurrentApproversThatHaveApproved()
15:56:22.0 (100726038)|SYSTEM_MODE_EXIT|false
15:56:22.0 (100731193)|METHOD_EXIT|[47]|01pO00000003Sem|Assigned_Approver_TriggerHandler.afterUpdate()
15:56:22.0 (100735353)|METHOD_EXIT|[3]|01pO00000003AAn|TriggerHandler.run()
15:56:22.100 (100744081)|CUMULATIVE_LIMIT_USAGE
15:56:22.100 (100744081)|LIMIT_USAGE_FOR_NS|(default)|
  Number of SOQL queries: 0 out of 100
  Number of query rows: 0 out of 50000
  Number of SOSL queries: 0 out of 20
  Number of DML statements: 0 out of 150
  Number of DML rows: 0 out of 10000
  Maximum CPU time: 0 out of 10000
  Maximum heap size: 0 out of 6000000
  Number of callouts: 0 out of 100
  Number of Email Invocations: 0 out of 10
  Number of future calls: 0 out of 50
  Number of queueable jobs added to the queue: 0 out of 50
  Number of Mobile Apex push calls: 0 out of 10

15:56:22.100 (100744081)|TOTAL_EMAIL_RECIPIENTS_QUEUED|0
15:56:22.100 (100744081)|STATIC_VARIABLE_LIST|
  String:_sfdcAdditionalCodeLocations:0
  long:serialVersionUID:0
  String:_sfdcAdditionalCodeLocations:0
  double:MAX_VALUE:0
  long:serialVersionUID:0
  int:SIZE:0
  TriggerHandler.TriggerContext:BEFORE_INSERT:0
  int:MAX_VALUE:0
  TriggerHandler.TriggerContext:AFTER_UNDELETE:0
  String:_sfdcSuppressedCodeLocations:0
  int:MIN_VALUE:0
  char[]:DigitOnes:0
  String:_sfdcSuppressedCodeLocations:0
  int:MIN_EXPONENT:0
  int:MAX_EXPONENT:0
  int:BYTES:0
  char[]:DigitTens:0
  long:serialVersionUID:0
  String:_sfdcAdditionalCodeLocations:0
  Boolean:FALSE:0
  double:MIN_VALUE:0
  double:NEGATIVE_INFINITY:0
  char[]:digits:0
  double:NaN:0
  Boolean:TRUE:0
  TriggerHandler.TriggerContext:AFTER_INSERT:0
  TriggerHandler.TriggerContext:AFTER_DELETE:0
  TriggerHandler.TriggerContext:AFTER_UPDATE:0
  String:__sfdcInnerTypes:0
  int:BYTES:0
  Map<String,TriggerHandler.LoopCount>:_static_loopCountMap:0
  Set<String>:_static_bypassedHandlers:0
  int[]:sizeTable:0
  TriggerHandler.TriggerContext:BEFORE_DELETE:0
  TriggerHandler.TriggerContext:BEFORE_UPDATE:0
  int:SIZE:0
  double:POSITIVE_INFINITY:0
  double:MIN_NORMAL:0

15:56:22.100 (100744081)|CUMULATIVE_LIMIT_USAGE_END

15:56:22.0 (102601867)|CODE_UNIT_FINISHED|AssignedApproverTrigger on Assigned_Approver trigger event AfterUpdate for [a0oO0000002tWWY]
15:56:22.0 (103652623)|CODE_UNIT_STARTED|[EXTERNAL]|Workflow:01IO0000000Dldu
15:56:22.0 (113492730)|WF_RULE_EVAL_BEGIN|Workflow
15:56:22.0 (113518497)|WF_CRITERIA_BEGIN|[Assigned Approver: Approver-000000120 a0oO0000002tWWY]|Set Decision Date|01QO00000009UNH|ON_CREATE_OR_TRIGGERING_UPDATE|0
15:56:22.0 (113790208)|WF_RULE_NOT_EVALUATED
15:56:22.0 (113801086)|WF_CRITERIA_BEGIN|[Assigned Approver: Approver-000000120 a0oO0000002tWWY]|Outbound Message - Assigned Approver|01QO00000009PHY|ON_ALL_CHANGES|0
15:56:22.0 (115226380)|WF_RULE_FILTER|[Assigned Approver : Assigned Approver Id not equal to ]
15:56:22.0 (115242542)|WF_RULE_EVAL_VALUE|Approver-000000120
15:56:22.0 (115247150)|WF_CRITERIA_END|true
15:56:22.0 (116012477)|WF_SPOOL_ACTION_BEGIN|Workflow
15:56:22.0 (116036086)|WF_RULE_INVOCATION|[Assigned Approver: Approver-000000120 a0oO0000002tWWY]
15:56:22.0 (116043695)|WF_OUTBOUND_MSG|[Assigned Approver: Approver-000000120 a0oO0000002tWWY]|Id=04kO00000004DCD|CurrentRule:Outbound Message - Assigned Approver (Id=01QO00000009PHY)
15:56:22.0 (116056881)|WF_ACTION| Outbound Message: 1;
15:56:22.0 (116059519)|WF_RULE_EVAL_END
15:56:22.0 (131040074)|WF_ACTIONS_END| Outbound Message: 1;
15:56:22.0 (131055642)|CODE_UNIT_FINISHED|Workflow:01IO0000000Dldu
15:56:22.0 (170755511)|CODE_UNIT_FINISHED|TRIGGERS
15:56:22.0 (170767871)|EXECUTION_FINISHED
15:56:22.177 (177925560)|CUMULATIVE_PROFILING_BEGIN
15:56:22.177 (177925560)|CUMULATIVE_PROFILING|No profiling information for SOQL operations
15:56:22.177 (177925560)|CUMULATIVE_PROFILING|No profiling information for SOSL operations
15:56:22.177 (177925560)|CUMULATIVE_PROFILING|No profiling information for DML operations
15:56:22.177 (177925560)|CUMULATIVE_PROFILING|method invocations|
Trigger.AssignedApproverTrigger: line 3, column 1: public Assigned_Approver_TriggerHandler(): executed 4 times in 7 ms
External entry point: public void invoke(): executed 1 time in 4 ms
Class.TriggerHandler.run: line 41, column 1: public void beforeUpdate(): executed 1 time in 2 ms
Class.Assigned_Approver_TriggerHandler.beforeUpdate: line 18, column 1: private static void findCurrentApproversThatHaveApproved(): executed 1 time in 2 ms
Class.TriggerHandler.run: line 35, column 1: private void addToLoopCount(): executed 2 times in 1 ms
Class.TriggerHandler.run: line 47, column 1: public void afterUpdate(): executed 1 time in 1 ms
Class.TriggerHandler.<init>: line 23, column 1: private void setTriggerContext(): executed 2 times in 1 ms
Class.Assigned_Approver_TriggerHandler.findCurrentApproversThatHaveApproved: line 34, column 1: global public Object get(Object): executed 2 times in 1 ms
Class.Assigned_Approver_TriggerHandler.findCurrentApproversThatHaveApproved: line 35, column 1: public static String valueOf(Object): executed 4 times in 1 ms
Class.Assigned_Approver_TriggerHandler.afterUpdate: line 22, column 1: private static void findCurrentApproversThatHaveApproved(): executed 1 time in 1 ms
Class.Assigned_Approver_TriggerHandler.<init>: line 13, column 1: public TriggerHandler(): executed 2 times in 1 ms

15:56:22.177 (177925560)|CUMULATIVE_PROFILING_END
