39.0 APEX_CODE,FINEST;APEX_PROFILING,FINEST;CALLOUT,INFO;DB,INFO;SYSTEM,DEBUG;VALIDATION,INFO;VISUALFORCE,INFO;WAVE,INFO;WORKFLOW,INFO
11:11:38.0 (516744)|USER_INFO|[EXTERNAL]|00528000006B07F|dev@systempartners.com.prod.pcphase2|Australian Eastern Standard Time|GMT+11:00
11:11:38.0 (546292)|EXECUTION_STARTED
11:11:38.0 (549557)|CODE_UNIT_STARTED|[EXTERNAL]|VisualForce View State
11:11:38.0 (9609016)|CODE_UNIT_FINISHED|VisualForce View State
11:11:38.0 (10990298)|EXECUTION_FINISHED
11:11:38.38 (38820296)|USER_INFO|[EXTERNAL]|00528000006B07F|dev@systempartners.com.prod.pcphase2|Australian Eastern Standard Time|GMT+11:00
11:11:38.38 (38833475)|EXECUTION_STARTED
11:11:38.38 (38836605)|CODE_UNIT_STARTED|[EXTERNAL]|VF: /apex/editVFEmailTemplate.apexp
11:11:38.38 (41623531)|CODE_UNIT_STARTED|[EXTERNAL]|VF Controller Save
11:11:38.38 (41634382)|SYSTEM_MODE_ENTER|false
11:11:38.38 (277389759)|CODE_UNIT_FINISHED|VF Controller Save
11:11:38.304 (304454998)|CUMULATIVE_LIMIT_USAGE
11:11:38.304 (304454998)|LIMIT_USAGE_FOR_NS|(default)|
  Number of SOQL queries: 0 out of 100
  Number of query rows: 0 out of 50000
  Number of SOSL queries: 0 out of 20
  Number of DML statements: 0 out of 150
  Number of DML rows: 0 out of 10000
  Maximum CPU time: 0 out of 10000
  Maximum heap size: 0 out of 6000000
  Number of callouts: 0 out of 100
  Number of Email Invocations: 0 out of 10
  Number of future calls: 0 out of 50
  Number of queueable jobs added to the queue: 0 out of 50
  Number of Mobile Apex push calls: 0 out of 10

11:11:38.304 (304454998)|TOTAL_EMAIL_RECIPIENTS_QUEUED|0
11:11:38.304 (304454998)|CUMULATIVE_LIMIT_USAGE_END

11:11:38.38 (304509800)|CODE_UNIT_FINISHED|VF: /apex/editVFEmailTemplate.apexp
11:11:38.38 (305789772)|EXECUTION_FINISHED
11:11:38.308 (308160571)|CUMULATIVE_PROFILING_BEGIN
11:11:38.308 (308160571)|CUMULATIVE_PROFILING|No profiling information for SOQL operations
11:11:38.308 (308160571)|CUMULATIVE_PROFILING|No profiling information for SOSL operations
11:11:38.308 (308160571)|CUMULATIVE_PROFILING|No profiling information for DML operations
11:11:38.308 (308160571)|CUMULATIVE_PROFILING|No profiling information for method invocations
11:11:38.308 (308160571)|CUMULATIVE_PROFILING_END
