39.0 APEX_CODE,FINEST;APEX_PROFILING,INFO;CALLOUT,INFO;DB,INFO;SYSTEM,DEBUG;VALIDATION,INFO;VISUALFORCE,INFO;WAVE,INFO;WORKFLOW,INFO
00:57:54.0 (290044)|USER_INFO|[EXTERNAL]|005O0000003t7an|ricky.lowe@jhg.com.au.pcphase2|Australian Eastern Standard Time|GMT+11:00
00:57:54.0 (317044)|EXECUTION_STARTED
00:57:54.0 (321250)|CODE_UNIT_STARTED|[EXTERNAL]|aura
00:57:54.0 (729072)|HEAP_ALLOCATE|[72]|Bytes:3
00:57:54.0 (770989)|HEAP_ALLOCATE|[77]|Bytes:152
00:57:54.0 (785037)|HEAP_ALLOCATE|[342]|Bytes:408
00:57:54.0 (798294)|HEAP_ALLOCATE|[355]|Bytes:408
00:57:54.0 (811222)|HEAP_ALLOCATE|[467]|Bytes:48
00:57:54.0 (835120)|HEAP_ALLOCATE|[139]|Bytes:6
00:57:54.0 (854357)|HEAP_ALLOCATE|[EXTERNAL]|Bytes:18
00:57:54.0 (867820)|HEAP_ALLOCATE|[EXTERNAL]|Bytes:18
00:57:54.0 (1927092)|CODE_UNIT_STARTED|[EXTERNAL]|01pO0000000372v|KCRAController.getAllKCRARecords
00:57:54.0 (2114004)|HEAP_ALLOCATE|[EXTERNAL]|Bytes:5
00:57:54.0 (2119649)|HEAP_ALLOCATE|[EXTERNAL]|Bytes:14
00:57:54.0 (2129067)|METHOD_ENTRY|[11]|01pO0000000372v|KCRAController.KCRAController()
00:57:54.0 (2132473)|STATEMENT_EXECUTE|[11]
00:57:54.0 (2137215)|STATEMENT_EXECUTE|[11]
00:57:54.0 (2142094)|METHOD_EXIT|[11]|KCRAController
00:57:54.0 (2145313)|HEAP_ALLOCATE|[EXTERNAL]|Bytes:18
00:57:54.0 (2155521)|SYSTEM_MODE_ENTER|false
00:57:54.0 (2164378)|VARIABLE_SCOPE_BEGIN|[14]|opportunityId|String|false|false
00:57:54.0 (2180428)|VARIABLE_ASSIGNMENT|[14]|opportunityId|"006O0000008ju1ZIAQ"
00:57:54.0 (2188642)|STATEMENT_EXECUTE|[14]
00:57:54.0 (2190012)|STATEMENT_EXECUTE|[17]
00:57:54.0 (2193355)|HEAP_ALLOCATE|[17]|Bytes:204
00:57:54.0 (2203921)|HEAP_ALLOCATE|[17]|Bytes:4
00:57:54.0 (2215336)|HEAP_ALLOCATE|[17]|Bytes:7
00:57:54.0 (2262054)|HEAP_ALLOCATE|[50]|Bytes:5
00:57:54.0 (2281770)|HEAP_ALLOCATE|[56]|Bytes:5
00:57:54.0 (2289154)|HEAP_ALLOCATE|[64]|Bytes:7
00:57:54.0 (2698789)|SOQL_EXECUTE_BEGIN|[17]|Aggregations:0|SELECT Id, name, recordtypeId, applicable__c, approved__c, itemno__c, KCRA_Item__c, Opportunity__c FROM Key_Commercial_Risks_Approvals__c WHERE Opportunity__c = :tmpVar1 ORDER BY itemno__c ASC NULLS FIRST
00:57:54.0 (5980416)|SOQL_EXECUTE_END|[17]|Rows:12
00:57:54.0 (5998833)|HEAP_ALLOCATE|[17]|Bytes:52
00:57:54.0 (6048464)|HEAP_ALLOCATE|[17]|Bytes:3339
00:57:54.0 (6082649)|HEAP_ALLOCATE|[17]|Bytes:52
00:57:54.0 (6091663)|VARIABLE_SCOPE_BEGIN|[17]|allKCRAs|List<Key_Commercial_Risks_Approvals__c>|true|false
00:57:54.0 (6106513)|VARIABLE_ASSIGNMENT|[17]|allKCRAs|"List of size 12 too large to display"|0x761c6473
00:57:54.0 (6109517)|STATEMENT_EXECUTE|[27]
00:57:54.0 (6118025)|SYSTEM_MODE_EXIT|false
00:57:54.6 (6137675)|CUMULATIVE_LIMIT_USAGE
00:57:54.6 (6137675)|LIMIT_USAGE_FOR_NS|(default)|
  Number of SOQL queries: 1 out of 100
  Number of query rows: 12 out of 50000
  Number of SOSL queries: 0 out of 20
  Number of DML statements: 0 out of 150
  Number of DML rows: 0 out of 10000
  Maximum CPU time: 0 out of 10000
  Maximum heap size: 0 out of 6000000
  Number of callouts: 0 out of 100
  Number of Email Invocations: 0 out of 10
  Number of future calls: 0 out of 50
  Number of queueable jobs added to the queue: 0 out of 50
  Number of Mobile Apex push calls: 0 out of 10

00:57:54.6 (6137675)|CUMULATIVE_LIMIT_USAGE_END

00:57:54.0 (6168957)|CODE_UNIT_FINISHED|KCRAController.getAllKCRARecords
