34.0 APEX_CODE,FINEST;APEX_PROFILING,INFO;CALLOUT,INFO;DB,INFO;SYSTEM,DEBUG;VALIDATION,INFO;VISUALFORCE,INFO;WAVE,INFO;WORKFLOW,INFO
Execute Anonymous: Email_Alert_Class EA = new Email_Alert_Class();
Execute Anonymous: EA.registerNewEmail(null, false, false, '006O0000008ju1Z', true, false, false, null);
Execute Anonymous: EA.sendEmails();
04:54:22.1 (1463690)|USER_INFO|[EXTERNAL]|005O0000003t7an|ricky.lowe@jhg.com.au.pcphase2|Australian Eastern Standard Time|GMT+11:00
04:54:22.1 (1478413)|EXECUTION_STARTED
04:54:22.1 (1483007)|CODE_UNIT_STARTED|[EXTERNAL]|execute_anonymous_apex
04:54:22.1 (25389716)|VARIABLE_SCOPE_BEGIN|[1]|EA|Email_Alert_Class|true|false
04:54:22.1 (25533822)|HEAP_ALLOCATE|[72]|Bytes:3
04:54:22.1 (25580704)|HEAP_ALLOCATE|[77]|Bytes:152
04:54:22.1 (25596105)|HEAP_ALLOCATE|[342]|Bytes:408
04:54:22.1 (25625200)|HEAP_ALLOCATE|[355]|Bytes:408
04:54:22.1 (25651224)|HEAP_ALLOCATE|[467]|Bytes:48
04:54:22.1 (25695468)|HEAP_ALLOCATE|[139]|Bytes:6
04:54:22.1 (25734178)|HEAP_ALLOCATE|[EXTERNAL]|Bytes:5
04:54:22.1 (25790291)|STATEMENT_EXECUTE|[1]
04:54:22.1 (25793330)|STATEMENT_EXECUTE|[1]
04:54:22.1 (25799772)|HEAP_ALLOCATE|[1]|Bytes:12
04:54:22.1 (25805133)|HEAP_ALLOCATE|[1]|Bytes:20
04:54:22.1 (25808358)|HEAP_ALLOCATE|[1]|Bytes:8
04:54:22.1 (25838364)|METHOD_ENTRY|[1]|01pO00000003HJI|Email_Alert_Class.Email_Alert_Class()
04:54:22.1 (25841842)|STATEMENT_EXECUTE|[1]
04:54:22.1 (25845458)|STATEMENT_EXECUTE|[1]
04:54:22.1 (25879429)|HEAP_ALLOCATE|[50]|Bytes:5
04:54:22.1 (25903067)|HEAP_ALLOCATE|[56]|Bytes:5
04:54:22.1 (25911969)|HEAP_ALLOCATE|[64]|Bytes:7
04:54:22.1 (25931114)|SYSTEM_MODE_ENTER|false
04:54:22.1 (25947139)|HEAP_ALLOCATE|[1]|Bytes:5
04:54:22.1 (25950775)|STATEMENT_EXECUTE|[33]
04:54:22.1 (25955968)|SYSTEM_MODE_EXIT|false
04:54:22.1 (25974738)|METHOD_EXIT|[1]|Email_Alert_Class
04:54:22.1 (26200842)|HEAP_ALLOCATE|[1]|Bytes:20
04:54:22.1 (26244077)|SYSTEM_MODE_ENTER|false
04:54:22.1 (26259706)|HEAP_ALLOCATE|[1]|Bytes:5
04:54:22.1 (26275524)|CONSTRUCTOR_ENTRY|[1]|01pO00000003HJI|<init>()
04:54:22.1 (26376773)|VARIABLE_SCOPE_BEGIN|[10]|this|Email_Alert_Class|true|false
04:54:22.1 (26440467)|VARIABLE_ASSIGNMENT|[10]|this|{}|0x34535381
04:54:22.1 (26451777)|HEAP_ALLOCATE|[4]|Bytes:5
04:54:22.1 (26455544)|STATEMENT_EXECUTE|[1]
04:54:22.1 (26458368)|HEAP_ALLOCATE|[4]|Bytes:5
04:54:22.1 (26460036)|STATEMENT_EXECUTE|[3]
04:54:22.1 (26461155)|STATEMENT_EXECUTE|[4]
04:54:22.1 (26463869)|HEAP_ALLOCATE|[4]|Bytes:22
04:54:22.1 (26481017)|VARIABLE_ASSIGNMENT|[4]|this.CentralEmailAddress|"ricky.lowe@yopmail.c (2 more) ..."|0x34535381
04:54:22.1 (26483037)|STATEMENT_EXECUTE|[5]
04:54:22.1 (26483994)|STATEMENT_EXECUTE|[6]
04:54:22.1 (26493558)|HEAP_ALLOCATE|[4]|Bytes:6
04:54:22.1 (26532197)|STATEMENT_EXECUTE|[10]
04:54:22.1 (26534420)|STATEMENT_EXECUTE|[16]
04:54:22.1 (26540568)|HEAP_ALLOCATE|[16]|Bytes:4
04:54:22.1 (26666051)|HEAP_ALLOCATE|[EXTERNAL]|Bytes:4
04:54:22.1 (26678071)|VARIABLE_ASSIGNMENT|[16]|this.messages|[]|0x34535381
04:54:22.1 (26680911)|STATEMENT_EXECUTE|[17]
04:54:22.1 (26685207)|HEAP_ALLOCATE|[17]|Bytes:4
04:54:22.1 (26735306)|HEAP_ALLOCATE|[EXTERNAL]|Bytes:4
04:54:22.1 (26742893)|VARIABLE_ASSIGNMENT|[17]|this.EmailMessages|[]|0x34535381
04:54:22.1 (26750989)|CONSTRUCTOR_EXIT|[1]|01pO00000003HJI|<init>()
04:54:22.1 (26754687)|SYSTEM_MODE_EXIT|false
04:54:22.1 (26861939)|VARIABLE_ASSIGNMENT|[1]|EA|{"CentralEmailAddress":"ricky.lowe@yopmail.c (2 more) ...","EmailMessages":"0x52b0d9ea","messages":"0x4a120610"}|0x34535381
04:54:22.1 (26867650)|STATEMENT_EXECUTE|[2]
04:54:22.1 (26877323)|HEAP_ALLOCATE|[2]|Bytes:15
04:54:22.1 (26893670)|HEAP_ALLOCATE|[2]|Bytes:4
04:54:22.1 (26922523)|SYSTEM_MODE_ENTER|false
04:54:22.1 (26933138)|HEAP_ALLOCATE|[2]|Bytes:5
04:54:22.1 (26970323)|METHOD_ENTRY|[2]|01pO00000003HJI|Email_Alert_Class.registerNewEmail(String, Boolean, Boolean, Id, Boolean, Boolean, Boolean, Id)
04:54:22.1 (26996175)|VARIABLE_SCOPE_BEGIN|[20]|this|Email_Alert_Class|true|false
04:54:22.1 (27019838)|VARIABLE_ASSIGNMENT|[20]|this|{"CentralEmailAddress":"ricky.lowe@yopmail.c (2 more) ...","EmailMessages":"0x52b0d9ea","messages":"0x4a120610"}|0x34535381
04:54:22.1 (27027214)|VARIABLE_SCOPE_BEGIN|[20]|templateDevName|String|false|false
04:54:22.1 (27032617)|VARIABLE_ASSIGNMENT|[20]|templateDevName|null
04:54:22.1 (27038613)|VARIABLE_SCOPE_BEGIN|[20]|sendToPreContractGroup|Boolean|false|false
04:54:22.1 (27043143)|VARIABLE_ASSIGNMENT|[20]|sendToPreContractGroup|false
04:54:22.1 (27046833)|VARIABLE_SCOPE_BEGIN|[20]|sendToCentralEmailAddress|Boolean|false|false
04:54:22.1 (27050142)|VARIABLE_ASSIGNMENT|[20]|sendToCentralEmailAddress|false
04:54:22.1 (27053353)|VARIABLE_SCOPE_BEGIN|[20]|OppID|Id|false|false
04:54:22.1 (27161808)|VARIABLE_ASSIGNMENT|[20]|OppID|"006O0000008ju1ZIAQ"
04:54:22.1 (27172743)|VARIABLE_SCOPE_BEGIN|[20]|sendToPDM|Boolean|false|false
04:54:22.1 (27178529)|VARIABLE_ASSIGNMENT|[20]|sendToPDM|true
04:54:22.1 (27182729)|VARIABLE_SCOPE_BEGIN|[20]|sendToBDM|Boolean|false|false
04:54:22.1 (27186222)|VARIABLE_ASSIGNMENT|[20]|sendToBDM|false
04:54:22.1 (27189810)|VARIABLE_SCOPE_BEGIN|[20]|sendToAllApprovers|Boolean|false|false
04:54:22.1 (27192888)|VARIABLE_ASSIGNMENT|[20]|sendToAllApprovers|false
04:54:22.1 (27196044)|VARIABLE_SCOPE_BEGIN|[20]|currentApprover|Id|false|false
04:54:22.1 (27198945)|VARIABLE_ASSIGNMENT|[20]|currentApprover|null
04:54:22.1 (27208609)|HEAP_ALLOCATE|[21]|Bytes:5
04:54:22.1 (27212696)|STATEMENT_EXECUTE|[20]
04:54:22.1 (27214005)|STATEMENT_EXECUTE|[21]
04:54:22.1 (27227052)|HEAP_ALLOCATE|[21]|Bytes:36
04:54:22.1 (27240782)|CONSTRUCTOR_ENTRY|[21]|01pO00000003HJI|<init>()
04:54:22.1 (27264025)|VARIABLE_SCOPE_BEGIN|[33]|this|Email_Alert_Class.EmailMessage|true|false
04:54:22.1 (27321565)|VARIABLE_ASSIGNMENT|[33]|this|{}|0x124edecf
04:54:22.1 (27339375)|STATEMENT_EXECUTE|[33]
04:54:22.1 (27340925)|STATEMENT_EXECUTE|[34]
04:54:22.1 (27342053)|STATEMENT_EXECUTE|[35]
04:54:22.1 (27342989)|STATEMENT_EXECUTE|[36]
04:54:22.1 (27343864)|STATEMENT_EXECUTE|[37]
04:54:22.1 (27345139)|STATEMENT_EXECUTE|[38]
04:54:22.1 (27346109)|STATEMENT_EXECUTE|[39]
04:54:22.1 (27346950)|STATEMENT_EXECUTE|[40]
04:54:22.1 (27347822)|STATEMENT_EXECUTE|[41]
04:54:22.1 (27351282)|CONSTRUCTOR_EXIT|[21]|01pO00000003HJI|<init>()
04:54:22.1 (27356367)|VARIABLE_SCOPE_BEGIN|[21]|EM|Email_Alert_Class.EmailMessage|true|false
04:54:22.1 (27371284)|VARIABLE_ASSIGNMENT|[21]|EM|{}|0x124edecf
04:54:22.1 (27373700)|STATEMENT_EXECUTE|[22]
04:54:22.1 (27380339)|VARIABLE_ASSIGNMENT|[22]|this.templateDevName|null|0x124edecf
04:54:22.1 (27382084)|STATEMENT_EXECUTE|[23]
04:54:22.1 (27387081)|HEAP_ALLOCATE|[23]|Bytes:5
04:54:22.1 (27392824)|VARIABLE_ASSIGNMENT|[23]|this.sendToPreContractGroup|false|0x124edecf
04:54:22.1 (27394488)|STATEMENT_EXECUTE|[24]
04:54:22.1 (27397051)|HEAP_ALLOCATE|[24]|Bytes:5
04:54:22.1 (27401175)|VARIABLE_ASSIGNMENT|[24]|this.sendToCentralEmailAddress|false|0x124edecf
04:54:22.1 (27402871)|STATEMENT_EXECUTE|[25]
04:54:22.1 (27455286)|VARIABLE_ASSIGNMENT|[25]|this.OppID|"006O0000008ju1ZIAQ"|0x124edecf
04:54:22.1 (27458724)|STATEMENT_EXECUTE|[26]
04:54:22.1 (27464507)|HEAP_ALLOCATE|[26]|Bytes:5
04:54:22.1 (27472203)|VARIABLE_ASSIGNMENT|[26]|this.sendToPDM|true|0x124edecf
04:54:22.1 (27473963)|STATEMENT_EXECUTE|[27]
04:54:22.1 (27476553)|HEAP_ALLOCATE|[27]|Bytes:5
04:54:22.1 (27480409)|VARIABLE_ASSIGNMENT|[27]|this.sendToBDM|false|0x124edecf
04:54:22.1 (27481946)|STATEMENT_EXECUTE|[28]
04:54:22.1 (27484476)|HEAP_ALLOCATE|[28]|Bytes:5
04:54:22.1 (27488251)|VARIABLE_ASSIGNMENT|[28]|this.sendToAllApprovers|false|0x124edecf
04:54:22.1 (27489817)|STATEMENT_EXECUTE|[29]
04:54:22.1 (27493449)|VARIABLE_ASSIGNMENT|[29]|this.currentApprover|null|0x124edecf
04:54:22.1 (27494915)|STATEMENT_EXECUTE|[30]
04:54:22.1 (27540549)|HEAP_ALLOCATE|[EXTERNAL]|Bytes:4
04:54:22.1 (27558125)|METHOD_EXIT|[2]|01pO00000003HJI|Email_Alert_Class.registerNewEmail(String, Boolean, Boolean, Id, Boolean, Boolean, Boolean, Id)
04:54:22.1 (27562511)|SYSTEM_MODE_EXIT|false
04:54:22.1 (27566745)|STATEMENT_EXECUTE|[3]
04:54:22.1 (27590735)|SYSTEM_MODE_ENTER|false
04:54:22.1 (27601417)|HEAP_ALLOCATE|[3]|Bytes:5
04:54:22.1 (27612161)|METHOD_ENTRY|[3]|01pO00000003HJI|Email_Alert_Class.sendEmails()
04:54:22.1 (27635008)|VARIABLE_SCOPE_BEGIN|[44]|this|Email_Alert_Class|true|false
04:54:22.1 (27657973)|VARIABLE_ASSIGNMENT|[44]|this|{"CentralEmailAddress":"ricky.lowe@yopmail.c (2 more) ...","EmailMessages":"0x52b0d9ea","messages":"0x4a120610"}|0x34535381
04:54:22.1 (27668636)|HEAP_ALLOCATE|[45]|Bytes:5
04:54:22.1 (27672234)|STATEMENT_EXECUTE|[44]
04:54:22.1 (27673439)|STATEMENT_EXECUTE|[45]
04:54:22.1 (27682652)|HEAP_ALLOCATE|[45]|Bytes:4
04:54:22.1 (27714292)|VARIABLE_SCOPE_BEGIN|[45]|OppIds|Set<Id>|true|false
04:54:22.1 (27742952)|VARIABLE_ASSIGNMENT|[45]|OppIds|[]|0x45cf00c2
04:54:22.1 (27745932)|STATEMENT_EXECUTE|[46]
04:54:22.1 (27750425)|HEAP_ALLOCATE|[46]|Bytes:4
04:54:22.1 (27776708)|VARIABLE_SCOPE_BEGIN|[46]|EmailTemplateDevNames|Set<String>|true|false
04:54:22.1 (27796069)|VARIABLE_ASSIGNMENT|[46]|EmailTemplateDevNames|[]|0x921d69
04:54:22.1 (27942304)|HEAP_ALLOCATE|[48]|Bytes:5
04:54:22.1 (27959120)|HEAP_ALLOCATE|[48]|Bytes:36
04:54:22.1 (27969365)|VARIABLE_SCOPE_BEGIN|[48]|EM|Email_Alert_Class.EmailMessage|true|false
04:54:22.1 (28059841)|VARIABLE_ASSIGNMENT|[48]|EM|{"OppID":"006O0000008ju1ZIAQ","sendToAllApprovers":false,"sendToBDM":false,"sendToCentralEmailAddress":false,"sendToPDM":true,"sendToPreContractGroup":false}|0x124edecf
04:54:22.1 (28066002)|STATEMENT_EXECUTE|[48]
04:54:22.1 (28067261)|STATEMENT_EXECUTE|[49]
04:54:22.1 (28105743)|HEAP_ALLOCATE|[EXTERNAL]|Bytes:4
04:54:22.1 (28114001)|STATEMENT_EXECUTE|[50]
04:54:22.1 (28135470)|HEAP_ALLOCATE|[EXTERNAL]|Bytes:4
04:54:22.1 (28149568)|HEAP_ALLOCATE|[48]|Bytes:5
04:54:22.1 (28160533)|VARIABLE_ASSIGNMENT|[48]|EM|null|
04:54:22.1 (28163532)|STATEMENT_EXECUTE|[53]
04:54:22.1 (28175624)|METHOD_ENTRY|[53]|01pO00000003HJI|Email_Alert_Class.getTemplateIDs(Set<String>)
04:54:22.1 (28197566)|VARIABLE_SCOPE_BEGIN|[183]|this|Email_Alert_Class|true|false
04:54:22.1 (28219295)|VARIABLE_ASSIGNMENT|[183]|this|{"CentralEmailAddress":"ricky.lowe@yopmail.c (2 more) ...","EmailMessages":"0x52b0d9ea","messages":"0x4a120610"}|0x34535381
04:54:22.1 (28225813)|VARIABLE_SCOPE_BEGIN|[183]|EmailTemplateDevNames|Set<String>|true|false
04:54:22.1 (28232532)|VARIABLE_ASSIGNMENT|[183]|EmailTemplateDevNames|[]|0x921d69
04:54:22.1 (28242047)|HEAP_ALLOCATE|[184]|Bytes:5
04:54:22.1 (28245719)|STATEMENT_EXECUTE|[183]
04:54:22.1 (28247297)|STATEMENT_EXECUTE|[184]
04:54:22.1 (28253805)|HEAP_ALLOCATE|[184]|Bytes:4
04:54:22.1 (28266449)|VARIABLE_SCOPE_BEGIN|[184]|EmailTemplatesDevNameToID|Map<String,Id>|true|false
04:54:22.1 (28281728)|VARIABLE_ASSIGNMENT|[184]|EmailTemplatesDevNameToID|{}|0x3b3447f6
04:54:22.1 (28286273)|HEAP_ALLOCATE|[186]|Bytes:80
04:54:22.1 (28292427)|HEAP_ALLOCATE|[186]|Bytes:4
04:54:22.1 (28299109)|HEAP_ALLOCATE|[186]|Bytes:7
04:54:22.1 (28589531)|SOQL_EXECUTE_BEGIN|[186]|Aggregations:0|SELECT DeveloperName, Id, Name FROM EmailTemplate 
04:54:22.1 (32135955)|SOQL_EXECUTE_END|[186]|Rows:0
04:54:22.1 (32270911)|HEAP_ALLOCATE|[186]|Bytes:49
04:54:22.1 (32276692)|HEAP_ALLOCATE|[186]|Bytes:8
04:54:22.1 (32283788)|SYSTEM_METHOD_ENTRY|[7]|QueryLocatorIterator.QueryLocatorIterator()
04:54:22.1 (32286198)|STATEMENT_EXECUTE|[7]
04:54:22.1 (32291795)|SYSTEM_METHOD_EXIT|[7]|QueryLocatorIterator
04:54:22.1 (32297145)|HEAP_ALLOCATE|[186]|Bytes:28
04:54:22.1 (32314657)|HEAP_ALLOCATE|[186]|Bytes:8
04:54:22.1 (32316978)|HEAP_ALLOCATE|[186]|Bytes:8
04:54:22.1 (32324666)|VARIABLE_SCOPE_BEGIN|[15]|this|Database.QueryLocatorIterator|true|false
04:54:22.1 (32344978)|VARIABLE_ASSIGNMENT|[15]|this|{}|0x1971d432
04:54:22.1 (32350285)|VARIABLE_SCOPE_BEGIN|[15]|values|List<SObject>|true|false
04:54:22.1 (32354853)|VARIABLE_ASSIGNMENT|[15]|values|null|
04:54:22.1 (32357562)|VARIABLE_SCOPE_BEGIN|[15]|ql|Database.QueryLocator|true|false
04:54:22.1 (32371950)|VARIABLE_ASSIGNMENT|[15]|ql|{"query":"SELECT DeveloperName (60 more) ..."}|0x4da3ef6d
04:54:22.1 (32375894)|VARIABLE_SCOPE_BEGIN|[15]|totalNumRecords|Integer|false|false
04:54:22.1 (32380143)|VARIABLE_ASSIGNMENT|[15]|totalNumRecords|0
04:54:22.1 (32382723)|VARIABLE_SCOPE_BEGIN|[15]|queryMoreSize|Integer|false|false
04:54:22.1 (32385993)|VARIABLE_ASSIGNMENT|[15]|queryMoreSize|50000
04:54:22.1 (32427886)|HEAP_ALLOCATE|[186]|Bytes:28
04:54:22.1 (32443758)|METHOD_ENTRY|[186]||Database.QueryLocatorIterator.hasNext()
04:54:22.1 (32463758)|METHOD_EXIT|[186]||Database.QueryLocatorIterator.hasNext()
04:54:22.1 (32504360)|VARIABLE_ASSIGNMENT|[186]|ET|null|
04:54:22.1 (32508027)|STATEMENT_EXECUTE|[186]
04:54:22.1 (32522182)|STATEMENT_EXECUTE|[189]
04:54:22.1 (32529522)|METHOD_EXIT|[53]|01pO00000003HJI|Email_Alert_Class.getTemplateIDs(Set<String>)
04:54:22.1 (32536952)|VARIABLE_SCOPE_BEGIN|[53]|EmailTemplatesDevNameToID|Map<String,Id>|true|false
04:54:22.1 (32547202)|VARIABLE_ASSIGNMENT|[53]|EmailTemplatesDevNameToID|{}|0x3b3447f6
04:54:22.1 (32549668)|STATEMENT_EXECUTE|[54]
04:54:22.1 (32557908)|METHOD_ENTRY|[54]|01pO00000003HJI|Email_Alert_Class.getPreContractGroupMembers()
04:54:22.1 (32578684)|VARIABLE_SCOPE_BEGIN|[193]|this|Email_Alert_Class|true|false
04:54:22.1 (32600601)|VARIABLE_ASSIGNMENT|[193]|this|{"CentralEmailAddress":"ricky.lowe@yopmail.c (2 more) ...","EmailMessages":"0x52b0d9ea","messages":"0x4a120610"}|0x34535381
04:54:22.1 (32611308)|HEAP_ALLOCATE|[194]|Bytes:5
04:54:22.1 (32615073)|STATEMENT_EXECUTE|[193]
04:54:22.1 (32616238)|STATEMENT_EXECUTE|[194]
04:54:22.1 (32619192)|HEAP_ALLOCATE|[194]|Bytes:87
04:54:22.1 (32624025)|HEAP_ALLOCATE|[194]|Bytes:4
04:54:22.1 (32793470)|SOQL_EXECUTE_BEGIN|[194]|Aggregations:0|SELECT DeveloperName, Id FROM Group WHERE DeveloperName = 'Pre_Contracts_Group' LIMIT 1
04:54:22.1 (42070127)|SOQL_EXECUTE_END|[194]|Rows:1
04:54:22.1 (42090188)|HEAP_ALLOCATE|[194]|Bytes:8
04:54:22.1 (42105020)|HEAP_ALLOCATE|[194]|Bytes:65
04:54:22.1 (42155812)|HEAP_ALLOCATE|[194]|Bytes:8
04:54:22.1 (42168680)|VARIABLE_SCOPE_BEGIN|[194]|PreContract|List<Group>|true|false
04:54:22.1 (42187067)|VARIABLE_ASSIGNMENT|[194]|PreContract|[{"DeveloperName":"Pre_Contracts_Group","Id":"00GO00000025mIMMAY"}]|0x21295e27
04:54:22.1 (42190644)|STATEMENT_EXECUTE|[195]
04:54:22.1 (42196067)|HEAP_ALLOCATE|[195]|Bytes:4
04:54:22.1 (42224812)|VARIABLE_SCOPE_BEGIN|[195]|PreContractUserIDs|Set<String>|true|false
04:54:22.1 (42239163)|VARIABLE_ASSIGNMENT|[195]|PreContractUserIDs|[]|0x163591de
04:54:22.1 (42286522)|STATEMENT_EXECUTE|[196]
04:54:22.1 (42288824)|STATEMENT_EXECUTE|[203]
04:54:22.1 (42296522)|METHOD_EXIT|[54]|01pO00000003HJI|Email_Alert_Class.getPreContractGroupMembers()
04:54:22.1 (42304204)|VARIABLE_SCOPE_BEGIN|[54]|PreContract|Set<String>|true|false
04:54:22.1 (42313256)|VARIABLE_ASSIGNMENT|[54]|PreContract|[]|0x163591de
04:54:22.1 (42315473)|STATEMENT_EXECUTE|[55]
04:54:22.1 (42328498)|METHOD_ENTRY|[55]|01pO00000003HJI|Email_Alert_Class.getOppTeamMembers(Set<Id>)
04:54:22.1 (42354925)|VARIABLE_SCOPE_BEGIN|[146]|this|Email_Alert_Class|true|false
04:54:22.1 (42378805)|VARIABLE_ASSIGNMENT|[146]|this|{"CentralEmailAddress":"ricky.lowe@yopmail.c (2 more) ...","EmailMessages":"0x52b0d9ea","messages":"0x4a120610"}|0x34535381
04:54:22.1 (42385299)|VARIABLE_SCOPE_BEGIN|[146]|OppIds|Set<Id>|true|false
04:54:22.1 (42392194)|VARIABLE_ASSIGNMENT|[146]|OppIds|["006O0000008ju1ZIAQ"]|0x45cf00c2
04:54:22.1 (42402604)|HEAP_ALLOCATE|[147]|Bytes:5
04:54:22.1 (42406421)|STATEMENT_EXECUTE|[146]
04:54:22.1 (42407654)|STATEMENT_EXECUTE|[147]
04:54:22.1 (42412102)|HEAP_ALLOCATE|[147]|Bytes:4
04:54:22.1 (42440985)|VARIABLE_SCOPE_BEGIN|[147]|MapOppToOppTeamMemberGroupedByRole|Map<Id,Map<String,Set<String>>>|true|false
04:54:22.1 (42452856)|VARIABLE_ASSIGNMENT|[147]|MapOppToOppTeamMemberGroupedByRole|{}|0x32076351
04:54:22.1 (42457997)|HEAP_ALLOCATE|[149]|Bytes:130
04:54:22.1 (42462670)|HEAP_ALLOCATE|[149]|Bytes:4
04:54:22.1 (42759965)|SOQL_EXECUTE_BEGIN|[149]|Aggregations:0|SELECT Id, OpportunityAccessLevel, OpportunityId, TeamMemberRole, UserId FROM OpportunityTeamMember 
04:54:22.1 (59819483)|SOQL_EXECUTE_END|[149]|Rows:1
04:54:22.1 (59833081)|HEAP_ALLOCATE|[EXTERNAL]|Bytes:8
04:54:22.1 (59909056)|HEAP_ALLOCATE|[149]|Bytes:28
04:54:22.1 (59963822)|HEAP_ALLOCATE|[149]|Bytes:8
04:54:22.1 (59979221)|HEAP_ALLOCATE|[149]|Bytes:8
04:54:22.1 (59981466)|HEAP_ALLOCATE|[149]|Bytes:8
04:54:22.1 (59988684)|VARIABLE_SCOPE_BEGIN|[15]|this|Database.QueryLocatorIterator|true|false
04:54:22.1 (60010453)|VARIABLE_ASSIGNMENT|[15]|this|{}|0x120516db
04:54:22.1 (60015739)|VARIABLE_SCOPE_BEGIN|[15]|values|List<SObject>|true|false
04:54:22.1 (60031617)|VARIABLE_ASSIGNMENT|[15]|values|[{"Id":"00qO0000000CHxAIAW","OpportunityAccessLev (2 more) ...":"Edit","OpportunityId":"006O0000008ju1ZIAQ","TeamMemberRole":"Channel Manager","UserId":"005O0000003t7anIAA"}]|0x7cdec2c2
04:54:22.1 (60036407)|VARIABLE_SCOPE_BEGIN|[15]|ql|Database.QueryLocator|true|false
04:54:22.1 (60046040)|VARIABLE_ASSIGNMENT|[15]|ql|{"query":"SELECT Id, Opportuni (110 more) ..."}|0x1c5b9400
04:54:22.1 (60049537)|VARIABLE_SCOPE_BEGIN|[15]|totalNumRecords|Integer|false|false
04:54:22.1 (60053823)|VARIABLE_ASSIGNMENT|[15]|totalNumRecords|1
04:54:22.1 (60056430)|VARIABLE_SCOPE_BEGIN|[15]|queryMoreSize|Integer|false|false
04:54:22.1 (60059566)|VARIABLE_ASSIGNMENT|[15]|queryMoreSize|49998
04:54:22.1 (60103496)|HEAP_ALLOCATE|[149]|Bytes:28
04:54:22.1 (60117455)|METHOD_ENTRY|[149]||Database.QueryLocatorIterator.hasNext()
04:54:22.1 (60173711)|METHOD_EXIT|[149]||Database.QueryLocatorIterator.hasNext()
04:54:22.1 (60181630)|METHOD_ENTRY|[149]||Database.QueryLocatorIterator.next()
04:54:22.1 (60281666)|METHOD_EXIT|[149]||Database.QueryLocatorIterator.next()
04:54:22.1 (60290688)|VARIABLE_SCOPE_BEGIN|[149]|OTM|OpportunityTeamMember|true|false
04:54:22.1 (60307528)|VARIABLE_ASSIGNMENT|[149]|OTM|{"Id":"00qO0000000CHxAIAW","OpportunityAccessLev (2 more) ...":"Edit","OpportunityId":"006O0000008ju1ZIAQ","TeamMemberRole":"Channel Manager","UserId":"005O0000003t7anIAA"}|0x4a49bf5c
04:54:22.1 (60311395)|STATEMENT_EXECUTE|[149]
04:54:22.1 (60312926)|STATEMENT_EXECUTE|[150]
04:54:22.1 (60317788)|HEAP_ALLOCATE|[150]|Bytes:4
04:54:22.1 (60346179)|VARIABLE_SCOPE_BEGIN|[150]|UserIds|Set<String>|true|false
04:54:22.1 (60360567)|VARIABLE_ASSIGNMENT|[150]|UserIds|[]|0x408bac05
04:54:22.1 (60363409)|STATEMENT_EXECUTE|[151]
04:54:22.1 (60370089)|HEAP_ALLOCATE|[151]|Bytes:4
04:54:22.1 (60382116)|VARIABLE_SCOPE_BEGIN|[151]|groupedByRole|Map<String,Set<String>>|true|false
04:54:22.1 (60392620)|VARIABLE_ASSIGNMENT|[151]|groupedByRole|{}|0xb0cb80
04:54:22.1 (60464141)|STATEMENT_EXECUTE|[170]
04:54:22.1 (60466592)|STATEMENT_EXECUTE|[171]
04:54:22.1 (60474384)|HEAP_ALLOCATE|[171]|Bytes:4
04:54:22.1 (60484025)|VARIABLE_SCOPE_BEGIN|[171]|groupedByRoleNew|Map<String,Set<String>>|true|false
04:54:22.1 (60495750)|VARIABLE_ASSIGNMENT|[171]|groupedByRoleNew|{}|0x71d0cf4c
04:54:22.1 (60498390)|STATEMENT_EXECUTE|[172]
04:54:22.1 (60502496)|HEAP_ALLOCATE|[172]|Bytes:4
04:54:22.1 (60526348)|VARIABLE_SCOPE_BEGIN|[172]|UserIdsNew2|Set<String>|true|false
04:54:22.1 (60539857)|VARIABLE_ASSIGNMENT|[172]|UserIdsNew2|[]|0x6c26bef7
04:54:22.1 (60542498)|STATEMENT_EXECUTE|[173]
04:54:22.1 (60606223)|HEAP_ALLOCATE|[EXTERNAL]|Bytes:4
04:54:22.1 (60614957)|STATEMENT_EXECUTE|[174]
04:54:22.1 (60668386)|HEAP_ALLOCATE|[EXTERNAL]|Bytes:-4
04:54:22.1 (60676029)|STATEMENT_EXECUTE|[176]
04:54:22.1 (60706781)|HEAP_ALLOCATE|[EXTERNAL]|Bytes:-4
04:54:22.1 (60717272)|METHOD_ENTRY|[149]||Database.QueryLocatorIterator.hasNext()
04:54:22.1 (60734314)|METHOD_EXIT|[149]||Database.QueryLocatorIterator.hasNext()
04:54:22.1 (60742598)|VARIABLE_ASSIGNMENT|[149]|OTM|null|
04:54:22.1 (60751786)|STATEMENT_EXECUTE|[179]
04:54:22.1 (60759631)|METHOD_EXIT|[55]|01pO00000003HJI|Email_Alert_Class.getOppTeamMembers(Set<Id>)
04:54:22.1 (60765761)|VARIABLE_SCOPE_BEGIN|[55]|MapOppToOppTeamMemberGroupedByRole|Map<Id,Map<String,Set<String>>>|true|false
04:54:22.1 (60780909)|VARIABLE_ASSIGNMENT|[55]|MapOppToOppTeamMemberGroupedByRole|{"006O0000008ju1ZIAQ":{"Channel Manager":["005O0000003t7anIAA"]}}|0x32076351
04:54:22.1 (60818310)|HEAP_ALLOCATE|[57]|Bytes:5
04:54:22.1 (60829832)|HEAP_ALLOCATE|[57]|Bytes:36
04:54:22.1 (60838486)|VARIABLE_SCOPE_BEGIN|[57]|EM|Email_Alert_Class.EmailMessage|true|false
04:54:22.1 (60936328)|VARIABLE_ASSIGNMENT|[57]|EM|{"OppID":"006O0000008ju1ZIAQ","sendToAllApprovers":false,"sendToBDM":false,"sendToCentralEmailAddress":false,"sendToPDM":true,"sendToPreContractGroup":false}|0x124edecf
04:54:22.1 (60941489)|STATEMENT_EXECUTE|[57]
04:54:22.1 (60942863)|STATEMENT_EXECUTE|[58]
04:54:22.1 (60990913)|VARIABLE_SCOPE_BEGIN|[58]|message|Messaging.SingleEmailMessage|true|false
04:54:22.1 (61051597)|VARIABLE_ASSIGNMENT|[58]|message|"common.api.soap.wsdl.SingleEmailMessage@6acc8438"|0x3d9334c7
04:54:22.1 (61056257)|STATEMENT_EXECUTE|[59]
04:54:22.1 (61062036)|HEAP_ALLOCATE|[59]|Bytes:4
04:54:22.1 (61094080)|VARIABLE_SCOPE_BEGIN|[59]|toAddresses|Set<String>|true|false
04:54:22.1 (61109076)|VARIABLE_ASSIGNMENT|[59]|toAddresses|[]|0x4a4e3696
04:54:22.1 (61115426)|STATEMENT_EXECUTE|[62]
04:54:22.1 (61117976)|STATEMENT_EXECUTE|[67]
04:54:22.1 (61119098)|STATEMENT_EXECUTE|[72]
04:54:22.1 (61165287)|VARIABLE_SCOPE_BEGIN|[72]|groupedByRole|Map<String,Set<String>>|true|false
04:54:22.1 (61180971)|VARIABLE_ASSIGNMENT|[72]|groupedByRole|{"Channel Manager":["005O0000003t7anIAA"]}|0x71d0cf4c
04:54:22.1 (61183971)|STATEMENT_EXECUTE|[73]
04:54:22.1 (61318063)|HEAP_ALLOCATE|[73]|Bytes:19
04:54:22.1 (61379035)|HEAP_ALLOCATE|[73]|Bytes:38
04:54:22.1 (61399577)|HEAP_ALLOCATE|[73]|Bytes:57
04:54:22.1 (61426197)|USER_DEBUG|[73]|ERROR|*** groupedByRole: {Channel Manager={005O0000003t7anIAA}}
04:54:22.1 (61434942)|STATEMENT_EXECUTE|[76]
04:54:22.1 (61436409)|STATEMENT_EXECUTE|[77]
04:54:22.1 (61440944)|HEAP_ALLOCATE|[77]|Bytes:16
04:54:22.1 (61443985)|HEAP_ALLOCATE|[77]|Bytes:15
04:54:22.1 (61490746)|HEAP_ALLOCATE|[77]|Bytes:20
04:54:22.1 (61501625)|HEAP_ALLOCATE|[77]|Bytes:36
04:54:22.1 (61514854)|USER_DEBUG|[77]|ERROR|*** Adding PDM: {005O0000003t7anIAA}
04:54:22.1 (61520051)|STATEMENT_EXECUTE|[78]
04:54:22.1 (61559089)|HEAP_ALLOCATE|[EXTERNAL]|Bytes:4
04:54:22.1 (61562383)|HEAP_ALLOCATE|[78]|Bytes:4
04:54:22.1 (61570775)|STATEMENT_EXECUTE|[81]
04:54:22.1 (61573286)|STATEMENT_EXECUTE|[85]
04:54:22.1 (61575040)|STATEMENT_EXECUTE|[89]
04:54:22.1 (61576089)|STATEMENT_EXECUTE|[96]
04:54:22.1 (61580707)|HEAP_ALLOCATE|[96]|Bytes:17
04:54:22.1 (61610136)|HEAP_ALLOCATE|[96]|Bytes:20
04:54:22.1 (61623202)|HEAP_ALLOCATE|[96]|Bytes:37
04:54:22.1 (61636403)|USER_DEBUG|[96]|ERROR|*** toAddresses: {005O0000003t7anIAA}
04:54:22.1 (61641349)|STATEMENT_EXECUTE|[98]
04:54:22.1 (61648328)|HEAP_ALLOCATE|[98]|Bytes:4
04:54:22.1 (61676590)|HEAP_ALLOCATE|[98]|Bytes:4
04:54:22.1 (61710453)|HEAP_ALLOCATE|[EXTERNAL]|Bytes:8
04:54:22.1 (61750207)|STATEMENT_EXECUTE|[99]
04:54:22.1 (61752330)|STATEMENT_EXECUTE|[103]
04:54:22.1 (61786153)|STATEMENT_EXECUTE|[104]
04:54:22.1 (61790753)|HEAP_ALLOCATE|[104]|Bytes:6
04:54:22.1 (61822195)|STATEMENT_EXECUTE|[105]
04:54:22.1 (61826095)|HEAP_ALLOCATE|[105]|Bytes:25
04:54:22.1 (61844501)|STATEMENT_EXECUTE|[108]
04:54:22.1 (61882956)|HEAP_ALLOCATE|[EXTERNAL]|Bytes:4
04:54:22.1 (61898558)|HEAP_ALLOCATE|[57]|Bytes:5
04:54:22.1 (61909859)|VARIABLE_ASSIGNMENT|[57]|EM|null|
04:54:22.1 (61963238)|HEAP_ALLOCATE|[EXTERNAL]|Bytes:8
04:54:22.119 (119093944)|ENTERING_MANAGED_PKG|APXTConga4
04:54:22.119 (143287101)|SOQL_EXECUTE_BEGIN|[46]|Aggregations:0|SELECT id, APXTConga4__WhatId__c FROM APXTConga4__Conga_Email_Staging__c 
04:54:22.119 (145348575)|SOQL_EXECUTE_END|[46]|Rows:0
04:54:22.145 (145704157)|CUMULATIVE_LIMIT_USAGE
04:54:22.145 (145704157)|LIMIT_USAGE_FOR_NS|(default)|
  Number of SOQL queries: 3 out of 100
  Number of query rows: 2 out of 50000
  Number of SOSL queries: 0 out of 20
  Number of DML statements: 0 out of 150
  Number of DML rows: 0 out of 10000
  Maximum CPU time: 0 out of 10000
  Maximum heap size: 0 out of 6000000
  Number of callouts: 0 out of 100
  Number of Email Invocations: 1 out of 10
  Number of future calls: 0 out of 50
  Number of queueable jobs added to the queue: 0 out of 50
  Number of Mobile Apex push calls: 0 out of 10

04:54:22.145 (145704157)|LIMIT_USAGE_FOR_NS|APXTConga4|
  Number of SOQL queries: 1 out of 100
  Number of query rows: 0 out of 50000
  Number of SOSL queries: 0 out of 20
  Number of DML statements: 0 out of 150
  Number of DML rows: 0 out of 10000
  Maximum CPU time: 0 out of 10000
  Maximum heap size: 0 out of 6000000
  Number of callouts: 0 out of 100
  Number of Email Invocations: 0 out of 10
  Number of future calls: 0 out of 50
  Number of queueable jobs added to the queue: 0 out of 50
  Number of Mobile Apex push calls: 0 out of 10

04:54:22.145 (145704157)|CUMULATIVE_LIMIT_USAGE_END

04:54:22.1 (940653518)|EMAIL_QUEUE|[112]|subject: Test 2, bccSender: false, saveAsActivity: true, useSignature: true, toAddresses: [005O0000003t7anIAA], whatId: 006O0000008ju1Z, plainTextBody: This is the message body., 
04:54:22.1 (940746160)|HEAP_ALLOCATE|[EXTERNAL]|Bytes:8
04:54:22.1 (940789378)|HEAP_ALLOCATE|[112]|Bytes:8
04:54:22.1 (940984400)|HEAP_ALLOCATE|[112]|Bytes:5
04:54:22.1 (941133963)|HEAP_ALLOCATE|[112]|Bytes:4
04:54:22.1 (941179303)|VARIABLE_SCOPE_BEGIN|[112]|SendResult|Messaging.SendEmailResult|true|false
04:54:22.1 (941271061)|VARIABLE_ASSIGNMENT|[112]|SendResult|"common.api.soap.wsdl.SendEmailResult@695b7a2c"|0x6c9acea
04:54:22.1 (941279365)|STATEMENT_EXECUTE|[112]
04:54:22.1 (941295304)|HEAP_ALLOCATE|[112]|Bytes:5
04:54:22.1 (941307833)|VARIABLE_ASSIGNMENT|[112]|SendResult|null|
04:54:22.1 (941325462)|METHOD_EXIT|[3]|01pO00000003HJI|Email_Alert_Class.sendEmails()
04:54:22.1 (941332436)|SYSTEM_MODE_EXIT|false
04:54:23.647 (1647823522)|CUMULATIVE_LIMIT_USAGE
04:54:23.647 (1647823522)|LIMIT_USAGE_FOR_NS|(default)|
  Number of SOQL queries: 3 out of 100
  Number of query rows: 2 out of 50000
  Number of SOSL queries: 0 out of 20
  Number of DML statements: 0 out of 150
  Number of DML rows: 0 out of 10000
  Maximum CPU time: 0 out of 10000
  Maximum heap size: 0 out of 6000000
  Number of callouts: 0 out of 100
  Number of Email Invocations: 1 out of 10
  Number of future calls: 0 out of 50
  Number of queueable jobs added to the queue: 0 out of 50
  Number of Mobile Apex push calls: 0 out of 10

04:54:23.647 (1647823522)|LIMIT_USAGE_FOR_NS|APXTConga4|
  Number of SOQL queries: 1 out of 100
  Number of query rows: 0 out of 50000
  Number of SOSL queries: 0 out of 20
  Number of DML statements: 0 out of 150
  Number of DML rows: 0 out of 10000
  Maximum CPU time: 0 out of 10000
  Maximum heap size: 0 out of 6000000
  Number of callouts: 0 out of 100
  Number of Email Invocations: 0 out of 10
  Number of future calls: 0 out of 50
  Number of queueable jobs added to the queue: 0 out of 50
  Number of Mobile Apex push calls: 0 out of 10

04:54:23.647 (1647823522)|CUMULATIVE_LIMIT_USAGE_END

04:54:23.647 (1647912591)|CODE_UNIT_FINISHED|execute_anonymous_apex
04:54:23.647 (1649279567)|EXECUTION_FINISHED
