39.0 APEX_CODE,FINEST;APEX_PROFILING,INFO;CALLOUT,INFO;DB,INFO;SYSTEM,DEBUG;VALIDATION,INFO;VISUALFORCE,INFO;WAVE,INFO;WORKFLOW,INFO
00:56:21.3 (3132772)|USER_INFO|[EXTERNAL]|005O0000003t7an|ricky.lowe@jhg.com.au.pcphase2|Australian Eastern Standard Time|GMT+11:00
00:56:21.3 (3160271)|EXECUTION_STARTED
00:56:21.3 (3169007)|CODE_UNIT_STARTED|[EXTERNAL]|aura
00:56:21.3 (3444345)|HEAP_ALLOCATE|[72]|Bytes:3
00:56:21.3 (3498397)|HEAP_ALLOCATE|[77]|Bytes:152
00:56:21.3 (3514858)|HEAP_ALLOCATE|[342]|Bytes:408
00:56:21.3 (3528199)|HEAP_ALLOCATE|[355]|Bytes:408
00:56:21.3 (3541084)|HEAP_ALLOCATE|[467]|Bytes:48
00:56:21.3 (3569337)|HEAP_ALLOCATE|[139]|Bytes:6
00:56:21.3 (3594477)|HEAP_ALLOCATE|[EXTERNAL]|Bytes:18
00:56:21.3 (3608144)|HEAP_ALLOCATE|[EXTERNAL]|Bytes:18
00:56:21.3 (4735985)|CODE_UNIT_STARTED|[EXTERNAL]|01pO0000000372v|KCRAController.getAllKCRARecords
00:56:21.3 (4978711)|HEAP_ALLOCATE|[EXTERNAL]|Bytes:5
00:56:21.3 (4986358)|HEAP_ALLOCATE|[EXTERNAL]|Bytes:14
00:56:21.3 (4998846)|METHOD_ENTRY|[11]|01pO0000000372v|KCRAController.KCRAController()
00:56:21.3 (5003894)|STATEMENT_EXECUTE|[11]
00:56:21.3 (5011793)|STATEMENT_EXECUTE|[11]
00:56:21.3 (5020192)|METHOD_EXIT|[11]|KCRAController
00:56:21.3 (5027303)|HEAP_ALLOCATE|[EXTERNAL]|Bytes:18
00:56:21.3 (5038788)|SYSTEM_MODE_ENTER|false
00:56:21.3 (5050796)|VARIABLE_SCOPE_BEGIN|[14]|opportunityId|String|false|false
00:56:21.3 (5073101)|VARIABLE_ASSIGNMENT|[14]|opportunityId|"006O0000008ju1ZIAQ"
00:56:21.3 (5083979)|STATEMENT_EXECUTE|[14]
00:56:21.3 (5086247)|STATEMENT_EXECUTE|[17]
00:56:21.3 (5090888)|HEAP_ALLOCATE|[17]|Bytes:204
00:56:21.3 (5106099)|HEAP_ALLOCATE|[17]|Bytes:4
00:56:21.3 (5124103)|HEAP_ALLOCATE|[17]|Bytes:7
00:56:21.3 (5190007)|HEAP_ALLOCATE|[50]|Bytes:5
00:56:21.3 (5225974)|HEAP_ALLOCATE|[56]|Bytes:5
00:56:21.3 (5243511)|HEAP_ALLOCATE|[64]|Bytes:7
00:56:21.3 (5873658)|SOQL_EXECUTE_BEGIN|[17]|Aggregations:0|SELECT Id, name, recordtypeId, applicable__c, approved__c, itemno__c, KCRA_Item__c, Opportunity__c FROM Key_Commercial_Risks_Approvals__c WHERE Opportunity__c = :tmpVar1 ORDER BY itemno__c ASC NULLS FIRST
00:56:21.3 (211123028)|SOQL_EXECUTE_END|[17]|Rows:12
00:56:21.3 (211153275)|HEAP_ALLOCATE|[17]|Bytes:52
00:56:21.3 (211267583)|HEAP_ALLOCATE|[17]|Bytes:3339
00:56:21.3 (211308030)|HEAP_ALLOCATE|[17]|Bytes:52
00:56:21.3 (211325257)|VARIABLE_SCOPE_BEGIN|[17]|allKCRAs|List<Key_Commercial_Risks_Approvals__c>|true|false
00:56:21.3 (211352189)|VARIABLE_ASSIGNMENT|[17]|allKCRAs|"List of size 12 too large to display"|0x10a8b00c
00:56:21.3 (211357908)|STATEMENT_EXECUTE|[27]
00:56:21.3 (211370291)|SYSTEM_MODE_EXIT|false
00:56:21.211 (211411246)|CUMULATIVE_LIMIT_USAGE
00:56:21.211 (211411246)|LIMIT_USAGE_FOR_NS|(default)|
  Number of SOQL queries: 1 out of 100
  Number of query rows: 12 out of 50000
  Number of SOSL queries: 0 out of 20
  Number of DML statements: 0 out of 150
  Number of DML rows: 0 out of 10000
  Maximum CPU time: 0 out of 10000
  Maximum heap size: 0 out of 6000000
  Number of callouts: 0 out of 100
  Number of Email Invocations: 0 out of 10
  Number of future calls: 0 out of 50
  Number of queueable jobs added to the queue: 0 out of 50
  Number of Mobile Apex push calls: 0 out of 10

00:56:21.211 (211411246)|CUMULATIVE_LIMIT_USAGE_END

00:56:21.3 (211499925)|CODE_UNIT_FINISHED|KCRAController.getAllKCRARecords
