39.0 APEX_CODE,FINEST;APEX_PROFILING,FINEST;CALLOUT,NONE;DB,FINEST;SYSTEM,FINE;VALIDATION,INFO;VISUALFORCE,INFO;WAVE,INFO;WORKFLOW,FINER
16:52:56.0 (363874)|USER_INFO|[EXTERNAL]|00528000006B07F|dev@systempartners.com.prod.pcphase2|Australian Eastern Standard Time|GMT+10:00
16:52:56.0 (392263)|EXECUTION_STARTED
16:52:56.0 (396059)|CODE_UNIT_STARTED|[EXTERNAL]|TRIGGERS
16:52:56.0 (1974848)|CODE_UNIT_STARTED|[EXTERNAL]|01qO00000000SDP|OpportunityTrigger on Opportunity trigger event BeforeDelete for [006O0000009I0vv]
16:52:56.0 (2026191)|HEAP_ALLOCATE|[EXTERNAL]|Bytes:8
16:52:56.0 (2626031)|HEAP_ALLOCATE|[72]|Bytes:3
16:52:56.0 (2659482)|HEAP_ALLOCATE|[77]|Bytes:152
16:52:56.0 (2678518)|HEAP_ALLOCATE|[342]|Bytes:408
16:52:56.0 (2699465)|HEAP_ALLOCATE|[355]|Bytes:408
16:52:56.0 (2718335)|HEAP_ALLOCATE|[467]|Bytes:48
16:52:56.0 (2747394)|HEAP_ALLOCATE|[139]|Bytes:6
16:52:56.0 (2771586)|HEAP_ALLOCATE|[EXTERNAL]|Bytes:4
16:52:56.0 (2781060)|VARIABLE_SCOPE_BEGIN|[1]|this|OpportunityTrigger|true|false
16:52:56.0 (2826321)|VARIABLE_ASSIGNMENT|[1]|this|{}|0x7ac2cc98
16:52:56.0 (2874841)|HEAP_ALLOCATE|[EXTERNAL]|Bytes:4
16:52:56.0 (2882293)|VARIABLE_SCOPE_BEGIN|[1]|this|OpportunityTrigger|true|false
16:52:56.0 (2893899)|VARIABLE_ASSIGNMENT|[1]|this|{}|0x7ac2cc98
16:52:56.0 (2899437)|STATEMENT_EXECUTE|[1]
16:52:56.0 (6202705)|VARIABLE_SCOPE_BEGIN|[78]|Constants.ApprovalOutcomeNotificationEmail|String|false|true
16:52:56.0 (6215364)|VARIABLE_SCOPE_BEGIN|[80]|Constants.ApprovalSubmissionEmail|String|false|true
16:52:56.0 (6224032)|VARIABLE_SCOPE_BEGIN|[53]|Constants.ApprovedStatus|String|false|true
16:52:56.0 (6339895)|VARIABLE_SCOPE_BEGIN|[6]|Constants.Approvers|Approvers__c|true|true
16:52:56.0 (6348592)|VARIABLE_SCOPE_BEGIN|[86]|Constants.CRA_ApprovalOutcomeNotificationEmail|String|false|true
16:52:56.0 (6352767)|VARIABLE_SCOPE_BEGIN|[88]|Constants.CRA_ApprovalSubmissionEmail|String|false|true
16:52:56.0 (6356413)|VARIABLE_SCOPE_BEGIN|[87]|Constants.CRA_DecisionRequiredEmail|String|false|true
16:52:56.0 (6359883)|VARIABLE_SCOPE_BEGIN|[89]|Constants.CRA_StalledReminderEmail|String|false|true
16:52:56.0 (6362912)|VARIABLE_SCOPE_BEGIN|[75]|Constants.ClosedWonStage|String|false|true
16:52:56.0 (6366090)|VARIABLE_SCOPE_BEGIN|[54]|Constants.ConditionallyApprovedStatus|String|false|true
16:52:56.0 (6369369)|VARIABLE_SCOPE_BEGIN|[79]|Constants.DecisionRequiredEmail|String|false|true
16:52:56.0 (6372864)|VARIABLE_SCOPE_BEGIN|[55]|Constants.DeclinedStatus|String|false|true
16:52:56.0 (6376277)|VARIABLE_SCOPE_BEGIN|[70]|Constants.Gate1Stage|String|false|true
16:52:56.0 (6380565)|VARIABLE_SCOPE_BEGIN|[71]|Constants.Gate2Stage|String|false|true
16:52:56.0 (6383998)|VARIABLE_SCOPE_BEGIN|[72]|Constants.Gate3Stage|String|false|true
16:52:56.0 (6387448)|VARIABLE_SCOPE_BEGIN|[73]|Constants.Gate4Stage|String|false|true
16:52:56.0 (6390856)|VARIABLE_SCOPE_BEGIN|[74]|Constants.Gate5Stage|String|false|true
16:52:56.0 (6394611)|VARIABLE_SCOPE_BEGIN|[52]|Constants.InProgressStatus|String|false|true
16:52:56.0 (6398123)|VARIABLE_SCOPE_BEGIN|[51]|Constants.InitiatedStatus|String|false|true
16:52:56.0 (6401961)|VARIABLE_SCOPE_BEGIN|[94]|Constants.KCRARecordTypeID|String|false|true
16:52:56.0 (6405762)|VARIABLE_SCOPE_BEGIN|[93]|Constants.KCRATemplateRecordTypeID|String|false|true
16:52:56.0 (6409391)|VARIABLE_SCOPE_BEGIN|[69]|Constants.NewDandCStage|String|false|true
16:52:56.0 (6413320)|VARIABLE_SCOPE_BEGIN|[58]|Constants.NotApplicableStatus|String|false|true
16:52:56.0 (6417237)|VARIABLE_SCOPE_BEGIN|[50]|Constants.NotStartedStatus|String|false|true
16:52:56.0 (6444291)|VARIABLE_SCOPE_BEGIN|[28]|Constants.OppRecordTypeMap|Map<String,Id>|true|true
16:52:56.0 (6457495)|VARIABLE_SCOPE_BEGIN|[96]|Constants.PRARecordTypeID|String|false|true
16:52:56.0 (6466399)|VARIABLE_SCOPE_BEGIN|[95]|Constants.PRATemplateRecordTypeID|String|false|true
16:52:56.0 (6475317)|VARIABLE_SCOPE_BEGIN|[61]|Constants.PendingApprovalStatus|String|false|true
16:52:56.0 (6482910)|VARIABLE_SCOPE_BEGIN|[57]|Constants.RestartedStatus|String|false|true
16:52:56.0 (6487706)|VARIABLE_SCOPE_BEGIN|[56]|Constants.ResubmittedStatus|String|false|true
16:52:56.0 (6492226)|VARIABLE_SCOPE_BEGIN|[81]|Constants.StalledReminderEmail|String|false|true
16:52:56.0 (6497437)|VARIABLE_SCOPE_BEGIN|[82]|Constants.TSF_ApprovalOutcomeNotificationEmail|String|false|true
16:52:56.0 (6502429)|VARIABLE_SCOPE_BEGIN|[84]|Constants.TSF_ApprovalSubmissionEmail|String|false|true
16:52:56.0 (6507521)|VARIABLE_SCOPE_BEGIN|[83]|Constants.TSF_DecisionRequiredEmail|String|false|true
16:52:56.0 (6512651)|VARIABLE_SCOPE_BEGIN|[85]|Constants.TSF_StalledReminderEmail|String|false|true
16:52:56.0 (6517194)|VARIABLE_SCOPE_BEGIN|[65]|Constants.TenderInPreperationStatus|String|false|true
16:52:56.0 (6521667)|VARIABLE_SCOPE_BEGIN|[66]|Constants.TenderSubmittedStatus|String|false|true
16:52:56.0 (6526091)|VARIABLE_SCOPE_BEGIN|[90]|Constants.TenderWonEmail|String|false|true
16:52:56.0 (6530599)|VARIABLE_SCOPE_BEGIN|[64]|Constants.TenderWonStatus|String|false|true
16:52:56.0 (6582389)|HEAP_ALLOCATE|[3]|Bytes:28
16:52:56.0 (6594911)|HEAP_ALLOCATE|[3]|Bytes:136
16:52:56.0 (6600079)|HEAP_ALLOCATE|[3]|Bytes:7
16:52:56.0 (6606451)|HEAP_ALLOCATE|[3]|Bytes:34
16:52:56.0 (6620842)|VARIABLE_ASSIGNMENT|[3]|Constants.ApprovalOutcomeNotificationEmail|"Gate_Approval_Outcom (14 more) ..."
16:52:56.0 (6624197)|HEAP_ALLOCATE|[3]|Bytes:32
16:52:56.0 (6630306)|VARIABLE_ASSIGNMENT|[3]|Constants.ApprovalSubmissionEmail|"Approval_Submission_ (12 more) ..."
16:52:56.0 (6632593)|HEAP_ALLOCATE|[3]|Bytes:8
16:52:56.0 (6637157)|VARIABLE_ASSIGNMENT|[3]|Constants.ApprovedStatus|"Approved"
16:52:56.0 (6640215)|HEAP_ALLOCATE|[3]|Bytes:33
16:52:56.0 (6649848)|VARIABLE_ASSIGNMENT|[3]|Constants.CRA_ApprovalOutcomeNotificationEmail|"CRA_Approval_Outcome (13 more) ..."
16:52:56.0 (6652660)|HEAP_ALLOCATE|[3]|Bytes:36
16:52:56.0 (6658251)|VARIABLE_ASSIGNMENT|[3]|Constants.CRA_ApprovalSubmissionEmail|"CRA_Approval_Submiss (16 more) ..."
16:52:56.0 (6660523)|HEAP_ALLOCATE|[3]|Bytes:29
16:52:56.0 (6666245)|VARIABLE_ASSIGNMENT|[3]|Constants.CRA_DecisionRequiredEmail|"CRA_Approval_Decsion (9 more) ..."
16:52:56.0 (6668499)|HEAP_ALLOCATE|[3]|Bytes:37
16:52:56.0 (6674129)|VARIABLE_ASSIGNMENT|[3]|Constants.CRA_StalledReminderEmail|"CRA_Alert_Reminder_E (17 more) ..."
16:52:56.0 (6676209)|HEAP_ALLOCATE|[3]|Bytes:10
16:52:56.0 (6680922)|VARIABLE_ASSIGNMENT|[3]|Constants.ClosedWonStage|"Closed Won"
16:52:56.0 (6683052)|HEAP_ALLOCATE|[3]|Bytes:22
16:52:56.0 (6688523)|VARIABLE_ASSIGNMENT|[3]|Constants.ConditionallyApprovedStatus|"Conditionally Approv (2 more) ..."
16:52:56.0 (6690841)|HEAP_ALLOCATE|[3]|Bytes:38
16:52:56.0 (6696872)|VARIABLE_ASSIGNMENT|[3]|Constants.DecisionRequiredEmail|"Approval_Decsion_Req (18 more) ..."
16:52:56.0 (6699122)|HEAP_ALLOCATE|[3]|Bytes:8
16:52:56.0 (6704134)|VARIABLE_ASSIGNMENT|[3]|Constants.DeclinedStatus|"Declined"
16:52:56.0 (6706314)|HEAP_ALLOCATE|[3]|Bytes:6
16:52:56.0 (6711112)|VARIABLE_ASSIGNMENT|[3]|Constants.Gate1Stage|"Gate 1"
16:52:56.0 (6713219)|HEAP_ALLOCATE|[3]|Bytes:6
16:52:56.0 (6717939)|VARIABLE_ASSIGNMENT|[3]|Constants.Gate2Stage|"Gate 2"
16:52:56.0 (6719875)|HEAP_ALLOCATE|[3]|Bytes:6
16:52:56.0 (6724697)|VARIABLE_ASSIGNMENT|[3]|Constants.Gate3Stage|"Gate 3"
16:52:56.0 (6726636)|HEAP_ALLOCATE|[3]|Bytes:6
16:52:56.0 (6731405)|VARIABLE_ASSIGNMENT|[3]|Constants.Gate4Stage|"Gate 4"
16:52:56.0 (6735233)|HEAP_ALLOCATE|[3]|Bytes:6
16:52:56.0 (6742535)|VARIABLE_ASSIGNMENT|[3]|Constants.Gate5Stage|"Gate 5"
16:52:56.0 (6744813)|HEAP_ALLOCATE|[3]|Bytes:11
16:52:56.0 (6750419)|VARIABLE_ASSIGNMENT|[3]|Constants.InProgressStatus|"In Progress"
16:52:56.0 (6752576)|HEAP_ALLOCATE|[3]|Bytes:9
16:52:56.0 (6758250)|VARIABLE_ASSIGNMENT|[3]|Constants.InitiatedStatus|"Initiated"
16:52:56.0 (6761289)|HEAP_ALLOCATE|[3]|Bytes:3
16:52:56.0 (6766714)|VARIABLE_ASSIGNMENT|[3]|Constants.NewDandCStage|"New"
16:52:56.0 (6768844)|HEAP_ALLOCATE|[3]|Bytes:14
16:52:56.0 (6774602)|VARIABLE_ASSIGNMENT|[3]|Constants.NotApplicableStatus|"Not Applicable"
16:52:56.0 (6776876)|HEAP_ALLOCATE|[3]|Bytes:11
16:52:56.0 (6782437)|VARIABLE_ASSIGNMENT|[3]|Constants.NotStartedStatus|"Not Started"
16:52:56.0 (6785393)|HEAP_ALLOCATE|[3]|Bytes:16
16:52:56.0 (6791588)|VARIABLE_ASSIGNMENT|[3]|Constants.PendingApprovalStatus|"Pending Approval"
16:52:56.0 (6794062)|HEAP_ALLOCATE|[3]|Bytes:9
16:52:56.0 (6800041)|VARIABLE_ASSIGNMENT|[3]|Constants.RestartedStatus|"Restarted"
16:52:56.0 (6805070)|HEAP_ALLOCATE|[3]|Bytes:11
16:52:56.0 (6813327)|VARIABLE_ASSIGNMENT|[3]|Constants.ResubmittedStatus|"Resubmitted"
16:52:56.0 (6815694)|HEAP_ALLOCATE|[3]|Bytes:38
16:52:56.0 (6823178)|VARIABLE_ASSIGNMENT|[3]|Constants.StalledReminderEmail|"Alert_Reminder_Email (18 more) ..."
16:52:56.0 (6825763)|HEAP_ALLOCATE|[3]|Bytes:33
16:52:56.0 (6833331)|VARIABLE_ASSIGNMENT|[3]|Constants.TSF_ApprovalOutcomeNotificationEmail|"TSF_Approval_Outcome (13 more) ..."
16:52:56.0 (6835817)|HEAP_ALLOCATE|[3]|Bytes:36
16:52:56.0 (6859047)|VARIABLE_ASSIGNMENT|[3]|Constants.TSF_ApprovalSubmissionEmail|"TSF_Approval_Submiss (16 more) ..."
16:52:56.0 (6864782)|HEAP_ALLOCATE|[3]|Bytes:29
16:52:56.0 (6882600)|VARIABLE_ASSIGNMENT|[3]|Constants.TSF_DecisionRequiredEmail|"TSF_Approval_Decsion (9 more) ..."
16:52:56.0 (6887754)|HEAP_ALLOCATE|[3]|Bytes:37
16:52:56.0 (6904964)|VARIABLE_ASSIGNMENT|[3]|Constants.TSF_StalledReminderEmail|"TSF_Alert_Reminder_E (17 more) ..."
16:52:56.0 (6909798)|HEAP_ALLOCATE|[3]|Bytes:21
16:52:56.0 (6923784)|VARIABLE_ASSIGNMENT|[3]|Constants.TenderInPreperationStatus|"Tender in Preparatio (1 more) ..."
16:52:56.0 (6928244)|HEAP_ALLOCATE|[3]|Bytes:16
16:52:56.0 (6939017)|VARIABLE_ASSIGNMENT|[3]|Constants.TenderSubmittedStatus|"Tender Submitted"
16:52:56.0 (6941934)|HEAP_ALLOCATE|[3]|Bytes:23
16:52:56.0 (6949781)|VARIABLE_ASSIGNMENT|[3]|Constants.TenderWonEmail|"Tender_Won_Notificat (3 more) ..."
16:52:56.0 (6952260)|HEAP_ALLOCATE|[3]|Bytes:10
16:52:56.0 (6958995)|VARIABLE_ASSIGNMENT|[3]|Constants.TenderWonStatus|"Tender Won"
16:52:56.0 (6989532)|METHOD_ENTRY|[1]|01pO00000003RXf|Constants.Constants()
16:52:56.0 (6992543)|STATEMENT_EXECUTE|[1]
16:52:56.0 (6996521)|STATEMENT_EXECUTE|[1]
16:52:56.0 (7030457)|HEAP_ALLOCATE|[50]|Bytes:5
16:52:56.0 (7054613)|HEAP_ALLOCATE|[56]|Bytes:5
16:52:56.0 (7064162)|HEAP_ALLOCATE|[64]|Bytes:7
16:52:56.0 (7860477)|SYSTEM_MODE_ENTER|false
16:52:56.0 (7873854)|HEAP_ALLOCATE|[93]|Bytes:5
16:52:56.0 (7879364)|STATEMENT_EXECUTE|[3]
16:52:56.0 (7880743)|STATEMENT_EXECUTE|[93]
16:52:56.0 (7884131)|HEAP_ALLOCATE|[93]|Bytes:33
16:52:56.0 (7955729)|SYSTEM_METHOD_ENTRY|[93]|Schema.SObjectType.getDescribe()
16:52:56.0 (8219483)|HEAP_ALLOCATE|[93]|Bytes:4
16:52:56.0 (8231932)|SYSTEM_METHOD_EXIT|[93]|Schema.SObjectType.getDescribe()
16:52:56.0 (8257850)|LIMIT_USAGE|[93]|RECORD_TYPE_DESCRIBES|1|100
16:52:56.0 (10972397)|HEAP_ALLOCATE|[93]|Bytes:16
16:52:56.0 (10982710)|HEAP_ALLOCATE|[93]|Bytes:13
16:52:56.0 (11035059)|SYSTEM_METHOD_ENTRY|[93]|Map<String,Schema.RecordTypeInfo>.get(Object)
16:52:56.0 (11115019)|SYSTEM_METHOD_EXIT|[93]|Map<String,Schema.RecordTypeInfo>.get(Object)
16:52:56.0 (11148058)|HEAP_ALLOCATE|[93]|Bytes:4
16:52:56.0 (11163356)|HEAP_ALLOCATE|[93]|Bytes:18
16:52:56.0 (11186076)|VARIABLE_ASSIGNMENT|[93]|Constants.KCRATemplateRecordTypeID|"012O0000000DCgLIAW"
16:52:56.0 (11189904)|STATEMENT_EXECUTE|[94]
16:52:56.0 (11224563)|SYSTEM_METHOD_ENTRY|[94]|Schema.SObjectType.getDescribe()
16:52:56.0 (11247241)|HEAP_ALLOCATE|[94]|Bytes:4
16:52:56.0 (11253103)|SYSTEM_METHOD_EXIT|[94]|Schema.SObjectType.getDescribe()
16:52:56.0 (11265276)|LIMIT_USAGE|[94]|RECORD_TYPE_DESCRIBES|2|100
16:52:56.0 (11280176)|HEAP_ALLOCATE|[94]|Bytes:16
16:52:56.0 (11285374)|HEAP_ALLOCATE|[94]|Bytes:4
16:52:56.0 (11302022)|SYSTEM_METHOD_ENTRY|[94]|Map<String,Schema.RecordTypeInfo>.get(Object)
16:52:56.0 (11317393)|SYSTEM_METHOD_EXIT|[94]|Map<String,Schema.RecordTypeInfo>.get(Object)
16:52:56.0 (11337352)|HEAP_ALLOCATE|[94]|Bytes:4
16:52:56.0 (11344914)|HEAP_ALLOCATE|[94]|Bytes:18
16:52:56.0 (11359347)|VARIABLE_ASSIGNMENT|[94]|Constants.KCRARecordTypeID|"012O0000000DCgGIAW"
16:52:56.0 (11362360)|STATEMENT_EXECUTE|[95]
16:52:56.0 (11365246)|HEAP_ALLOCATE|[95]|Bytes:26
16:52:56.0 (11404376)|SYSTEM_METHOD_ENTRY|[95]|Schema.SObjectType.getDescribe()
16:52:56.0 (11515800)|HEAP_ALLOCATE|[95]|Bytes:4
16:52:56.0 (11523833)|SYSTEM_METHOD_EXIT|[95]|Schema.SObjectType.getDescribe()
16:52:56.0 (11536949)|LIMIT_USAGE|[95]|RECORD_TYPE_DESCRIBES|3|100
16:52:56.0 (12917681)|HEAP_ALLOCATE|[95]|Bytes:16
16:52:56.0 (12926396)|HEAP_ALLOCATE|[95]|Bytes:12
16:52:56.0 (12944405)|SYSTEM_METHOD_ENTRY|[95]|Map<String,Schema.RecordTypeInfo>.get(Object)
16:52:56.0 (12960547)|SYSTEM_METHOD_EXIT|[95]|Map<String,Schema.RecordTypeInfo>.get(Object)
16:52:56.0 (12981853)|HEAP_ALLOCATE|[95]|Bytes:4
16:52:56.0 (12989609)|HEAP_ALLOCATE|[95]|Bytes:18
16:52:56.0 (13007257)|VARIABLE_ASSIGNMENT|[95]|Constants.PRATemplateRecordTypeID|"012O0000000DDVTIA4"
16:52:56.0 (13011458)|STATEMENT_EXECUTE|[96]
16:52:56.0 (13044483)|SYSTEM_METHOD_ENTRY|[96]|Schema.SObjectType.getDescribe()
16:52:56.0 (13068308)|HEAP_ALLOCATE|[96]|Bytes:4
16:52:56.0 (13074722)|SYSTEM_METHOD_EXIT|[96]|Schema.SObjectType.getDescribe()
16:52:56.0 (13086987)|LIMIT_USAGE|[96]|RECORD_TYPE_DESCRIBES|4|100
16:52:56.0 (13101158)|HEAP_ALLOCATE|[96]|Bytes:16
16:52:56.0 (13106519)|HEAP_ALLOCATE|[96]|Bytes:3
16:52:56.0 (13122205)|SYSTEM_METHOD_ENTRY|[96]|Map<String,Schema.RecordTypeInfo>.get(Object)
16:52:56.0 (13157031)|SYSTEM_METHOD_EXIT|[96]|Map<String,Schema.RecordTypeInfo>.get(Object)
16:52:56.0 (13181179)|HEAP_ALLOCATE|[96]|Bytes:4
16:52:56.0 (13189681)|HEAP_ALLOCATE|[96]|Bytes:18
16:52:56.0 (13204680)|VARIABLE_ASSIGNMENT|[96]|Constants.PRARecordTypeID|"012O0000000DDVOIA4"
16:52:56.0 (13211880)|SYSTEM_MODE_EXIT|false
16:52:56.0 (13222528)|METHOD_EXIT|[1]|Constants
16:52:56.0 (13237570)|SYSTEM_METHOD_ENTRY|[3]|Constants.__sfdc_Approvers()
16:52:56.0 (13264440)|SYSTEM_MODE_ENTER|false
16:52:56.0 (13270934)|HEAP_ALLOCATE|[8]|Bytes:5
16:52:56.0 (13275173)|STATEMENT_EXECUTE|[7]
16:52:56.0 (13280101)|STATEMENT_EXECUTE|[8]
16:52:56.0 (13281415)|STATEMENT_EXECUTE|[9]
16:52:56.0 (13376630)|SYSTEM_METHOD_ENTRY|[9]|Approvers__c.getInstance()
16:52:56.0 (15366771)|HEAP_ALLOCATE|[9]|Bytes:52
16:52:56.0 (15380050)|SYSTEM_METHOD_EXIT|[9]|Approvers__c.getInstance()
16:52:56.0 (15420089)|VARIABLE_ASSIGNMENT|[9]|Constants.Approvers|{"IsDeleted":false,"Name":"a0qO0000007lg39","SetupOwnerId":"00528000006B07FAAS","COO_User_ID__c":"005O0000003t7an","CEO_User_ID__c":"005O0000003t7an","Lower_Threshold__c":2.0E8,"Higher_Threshold__c":5.0E8,"Gate_1_Entry_Thresho (5 more) ...":1.0E7,"Enable_Detailed_Logg (6 more) ...":true,"Turn_Off_Triggers__c":false,"Number_of_Reminder_E (19 more) ...":1.0,"Number_of_Days_Betwe (21 more) ...":10.0}|0x6759a426
16:52:56.0 (15484013)|STATEMENT_EXECUTE|[10]
16:52:56.0 (15551925)|STATEMENT_EXECUTE|[14]
16:52:56.0 (15588048)|STATEMENT_EXECUTE|[18]
16:52:56.0 (15590255)|STATEMENT_EXECUTE|[22]
16:52:56.0 (15595763)|SYSTEM_MODE_EXIT|false
16:52:56.0 (15605347)|SYSTEM_METHOD_EXIT|[3]|Constants.__sfdc_Approvers()
16:52:56.0 (15631197)|STATEMENT_EXECUTE|[3]
16:52:56.0 (15633440)|STATEMENT_EXECUTE|[4]
16:52:56.0 (20868718)|VARIABLE_SCOPE_BEGIN|[16]|OpportunityTriggerHandler.recursionAfter|Boolean|false|true
16:52:56.0 (20877462)|VARIABLE_SCOPE_BEGIN|[15]|OpportunityTriggerHandler.recursionBefore|Boolean|false|true
16:52:56.0 (23701779)|VARIABLE_SCOPE_BEGIN|[5]|TriggerHandler.bypassedHandlers|Set<String>|true|true
16:52:56.0 (23945425)|VARIABLE_SCOPE_BEGIN|[4]|TriggerHandler.loopCountMap|Map<String,TriggerHandler.LoopCount>|true|true
16:52:56.0 (23962136)|HEAP_ALLOCATE|[4]|Bytes:55
16:52:56.0 (23975920)|HEAP_ALLOCATE|[4]|Bytes:31
16:52:56.0 (24001586)|METHOD_ENTRY|[14]|01pO0000000371i|OpportunityTriggerHandler.OpportunityTriggerHandler()
16:52:56.0 (24008035)|STATEMENT_EXECUTE|[14]
16:52:56.0 (24014000)|STATEMENT_EXECUTE|[14]
16:52:56.0 (24015416)|STATEMENT_EXECUTE|[15]
16:52:56.0 (24024500)|HEAP_ALLOCATE|[15]|Bytes:5
16:52:56.0 (24040764)|VARIABLE_ASSIGNMENT|[15]|OpportunityTriggerHandler.recursionBefore|false
16:52:56.0 (24043688)|STATEMENT_EXECUTE|[16]
16:52:56.0 (24047499)|HEAP_ALLOCATE|[16]|Bytes:5
16:52:56.0 (24054955)|VARIABLE_ASSIGNMENT|[16]|OpportunityTriggerHandler.recursionAfter|false
16:52:56.0 (24064927)|METHOD_EXIT|[14]|OpportunityTriggerHandler
16:52:56.0 (24335546)|HEAP_ALLOCATE|[4]|Bytes:16
16:52:56.0 (24355226)|CONSTRUCTOR_ENTRY|[4]|01pO0000000371i|<init>()
16:52:56.0 (24386901)|VARIABLE_SCOPE_BEGIN|[19]|this|OpportunityTriggerHandler|true|false
16:52:56.0 (24430348)|VARIABLE_ASSIGNMENT|[19]|this|{}|0x4fc17fdb
16:52:56.0 (24436015)|STATEMENT_EXECUTE|[14]
16:52:56.0 (24437370)|STATEMENT_EXECUTE|[17]
16:52:56.0 (24442193)|HEAP_ALLOCATE|[17]|Bytes:4
16:52:56.0 (24485664)|SYSTEM_CONSTRUCTOR_ENTRY|[17]|<init>()
16:52:56.0 (24654377)|SYSTEM_CONSTRUCTOR_EXIT|[17]|<init>()
16:52:56.0 (24667684)|HEAP_ALLOCATE|[EXTERNAL]|Bytes:4
16:52:56.0 (24681453)|VARIABLE_ASSIGNMENT|[17]|this.OppTeamMembers|[]|0x4fc17fdb
16:52:56.0 (24690793)|HEAP_ALLOCATE|[19]|Bytes:48
16:52:56.0 (24696335)|HEAP_ALLOCATE|[19]|Bytes:69
16:52:56.0 (24707494)|METHOD_ENTRY|[1]|01pO00000003AAn|TriggerHandler.TriggerHandler()
16:52:56.0 (24710037)|STATEMENT_EXECUTE|[1]
16:52:56.0 (24713255)|STATEMENT_EXECUTE|[1]
16:52:56.0 (24714467)|STATEMENT_EXECUTE|[16]
16:52:56.0 (24715750)|STATEMENT_EXECUTE|[17]
16:52:56.0 (24722619)|HEAP_ALLOCATE|[17]|Bytes:4
16:52:56.0 (24768137)|VARIABLE_ASSIGNMENT|[17]|TriggerHandler.loopCountMap|{}|0x19ee8cab
16:52:56.0 (24771891)|STATEMENT_EXECUTE|[18]
16:52:56.0 (24777516)|HEAP_ALLOCATE|[18]|Bytes:4
16:52:56.0 (24793061)|SYSTEM_CONSTRUCTOR_ENTRY|[18]|<init>(Integer)
16:52:56.0 (24808598)|SYSTEM_CONSTRUCTOR_EXIT|[18]|<init>(Integer)
16:52:56.0 (24847520)|VARIABLE_ASSIGNMENT|[18]|TriggerHandler.bypassedHandlers|[]|0x7ec46d8
16:52:56.0 (24851391)|STATEMENT_EXECUTE|[187]
16:52:56.0 (24852786)|STATEMENT_EXECUTE|[236]
16:52:56.0 (24858145)|METHOD_EXIT|[1]|TriggerHandler
16:52:56.0 (24864665)|CONSTRUCTOR_ENTRY|[19]|01pO00000003AAn|<init>()
16:52:56.0 (24881731)|VARIABLE_SCOPE_BEGIN|[22]|this|TriggerHandler|true|false
16:52:56.0 (24905696)|VARIABLE_ASSIGNMENT|[22]|this|{"OppTeamMembers":"0x3a2983a8"}|0x4fc17fdb
16:52:56.0 (24910301)|STATEMENT_EXECUTE|[1]
16:52:56.0 (24911589)|STATEMENT_EXECUTE|[9]
16:52:56.0 (24912850)|STATEMENT_EXECUTE|[13]
16:52:56.0 (24922184)|HEAP_ALLOCATE|[23]|Bytes:6
16:52:56.0 (24947664)|STATEMENT_EXECUTE|[22]
16:52:56.0 (24949814)|STATEMENT_EXECUTE|[23]
16:52:56.0 (24982192)|METHOD_ENTRY|[23]|01pO00000003AAn|TriggerHandler.setTriggerContext()
16:52:56.0 (25007711)|VARIABLE_SCOPE_BEGIN|[94]|this|TriggerHandler|true|false
16:52:56.0 (25027790)|VARIABLE_ASSIGNMENT|[94]|this|{"OppTeamMembers":"0x3a2983a8"}|0x4fc17fdb
16:52:56.0 (25033858)|STATEMENT_EXECUTE|[94]
16:52:56.0 (25035066)|STATEMENT_EXECUTE|[95]
16:52:56.0 (25050715)|METHOD_ENTRY|[95]|01pO00000003AAn|TriggerHandler.setTriggerContext(String, Boolean)
16:52:56.0 (25071955)|VARIABLE_SCOPE_BEGIN|[99]|this|TriggerHandler|true|false
16:52:56.0 (25089866)|VARIABLE_ASSIGNMENT|[99]|this|{"OppTeamMembers":"0x3a2983a8"}|0x4fc17fdb
16:52:56.0 (25093536)|VARIABLE_SCOPE_BEGIN|[99]|ctx|String|false|false
16:52:56.0 (25097117)|VARIABLE_ASSIGNMENT|[99]|ctx|null
16:52:56.0 (25101787)|VARIABLE_SCOPE_BEGIN|[99]|testMode|Boolean|false|false
16:52:56.0 (25104810)|VARIABLE_ASSIGNMENT|[99]|testMode|false
16:52:56.0 (25108799)|STATEMENT_EXECUTE|[99]
16:52:56.0 (25125140)|STATEMENT_EXECUTE|[103]
16:52:56.0 (25126833)|STATEMENT_EXECUTE|[104]
16:52:56.0 (25131779)|HEAP_ALLOCATE|[104]|Bytes:5
16:52:56.0 (25160618)|STATEMENT_EXECUTE|[114]
16:52:56.0 (25162320)|STATEMENT_EXECUTE|[115]
16:52:56.0 (25184674)|HEAP_ALLOCATE|[115]|Bytes:12
16:52:56.0 (25191013)|HEAP_ALLOCATE|[115]|Bytes:13
16:52:56.0 (25244294)|HEAP_ALLOCATE|[115]|Bytes:12
16:52:56.0 (25249182)|HEAP_ALLOCATE|[115]|Bytes:13
16:52:56.0 (25261798)|HEAP_ALLOCATE|[115]|Bytes:12
16:52:56.0 (25264998)|HEAP_ALLOCATE|[115]|Bytes:13
16:52:56.0 (25275185)|HEAP_ALLOCATE|[115]|Bytes:12
16:52:56.0 (25278188)|HEAP_ALLOCATE|[115]|Bytes:12
16:52:56.0 (25288316)|HEAP_ALLOCATE|[115]|Bytes:12
16:52:56.0 (25291141)|HEAP_ALLOCATE|[115]|Bytes:12
16:52:56.0 (25300799)|HEAP_ALLOCATE|[115]|Bytes:12
16:52:56.0 (25303779)|HEAP_ALLOCATE|[115]|Bytes:12
16:52:56.0 (25313780)|HEAP_ALLOCATE|[115]|Bytes:12
16:52:56.0 (25316794)|HEAP_ALLOCATE|[115]|Bytes:14
16:52:56.0 (25337256)|METHOD_EXIT|[95]|01pO00000003AAn|TriggerHandler.setTriggerContext(String, Boolean)
16:52:56.0 (25343418)|METHOD_EXIT|[23]|01pO00000003AAn|TriggerHandler.setTriggerContext()
16:52:56.0 (25347582)|CONSTRUCTOR_EXIT|[19]|01pO00000003AAn|<init>()
16:52:56.0 (25350143)|STATEMENT_EXECUTE|[19]
16:52:56.0 (25352823)|CONSTRUCTOR_EXIT|[4]|01pO0000000371i|<init>()
16:52:56.0 (25361432)|METHOD_ENTRY|[4]|01pO00000003AAn|TriggerHandler.run()
16:52:56.0 (25366032)|VARIABLE_SCOPE_BEGIN|[31]|this|TriggerHandler|true|false
16:52:56.0 (25389854)|VARIABLE_ASSIGNMENT|[31]|this|{"OppTeamMembers":"0x3a2983a8","context":"0x2e9e12e7","isTriggerExecuting":true}|0x4fc17fdb
16:52:56.0 (25395286)|STATEMENT_EXECUTE|[31]
16:52:56.0 (25404764)|METHOD_ENTRY|[33]|01pO00000003AAn|TriggerHandler.validateRun()
16:52:56.0 (25419847)|VARIABLE_SCOPE_BEGIN|[146]|this|TriggerHandler|true|false
16:52:56.0 (25439240)|VARIABLE_ASSIGNMENT|[146]|this|{"OppTeamMembers":"0x3a2983a8","context":"0x2e9e12e7","isTriggerExecuting":true}|0x4fc17fdb
16:52:56.0 (25444381)|STATEMENT_EXECUTE|[146]
16:52:56.0 (25450437)|STATEMENT_EXECUTE|[147]
16:52:56.0 (25460325)|METHOD_ENTRY|[150]|01pO00000003AAn|TriggerHandler.getHandlerName()
16:52:56.0 (25476358)|VARIABLE_SCOPE_BEGIN|[157]|this|TriggerHandler|true|false
16:52:56.0 (25495063)|VARIABLE_ASSIGNMENT|[157]|this|{"OppTeamMembers":"0x3a2983a8","context":"0x2e9e12e7","isTriggerExecuting":true}|0x4fc17fdb
16:52:56.0 (25499951)|STATEMENT_EXECUTE|[157]
16:52:56.0 (25501085)|STATEMENT_EXECUTE|[158]
16:52:56.0 (25533517)|SYSTEM_METHOD_ENTRY|[158]|String.valueOf(Object)
16:52:56.0 (25603159)|HEAP_ALLOCATE|[158]|Bytes:236
16:52:56.0 (25620806)|SYSTEM_METHOD_EXIT|[158]|String.valueOf(Object)
16:52:56.0 (25638211)|SYSTEM_METHOD_ENTRY|[158]|String.valueOf(Object)
16:52:56.0 (25673593)|HEAP_ALLOCATE|[158]|Bytes:236
16:52:56.0 (25688584)|SYSTEM_METHOD_EXIT|[158]|String.valueOf(Object)
16:52:56.0 (25694224)|HEAP_ALLOCATE|[158]|Bytes:1
16:52:56.0 (25709385)|SYSTEM_METHOD_ENTRY|[158]|String.indexOf(String)
16:52:56.0 (25718759)|SYSTEM_METHOD_EXIT|[158]|String.indexOf(String)
16:52:56.0 (25742282)|SYSTEM_METHOD_ENTRY|[158]|String.substring(Integer, Integer)
16:52:56.0 (25749063)|HEAP_ALLOCATE|[158]|Bytes:25
16:52:56.0 (25758241)|SYSTEM_METHOD_EXIT|[158]|String.substring(Integer, Integer)
16:52:56.0 (25763907)|METHOD_EXIT|[150]|01pO00000003AAn|TriggerHandler.getHandlerName()
16:52:56.0 (25778488)|SYSTEM_METHOD_ENTRY|[150]|Set<String>.contains(Object)
16:52:56.0 (25789249)|SYSTEM_METHOD_EXIT|[150]|Set<String>.contains(Object)
16:52:56.0 (25793821)|STATEMENT_EXECUTE|[150]
16:52:56.0 (25795423)|STATEMENT_EXECUTE|[153]
16:52:56.0 (25799469)|METHOD_EXIT|[33]|01pO00000003AAn|TriggerHandler.validateRun()
16:52:56.0 (25802547)|STATEMENT_EXECUTE|[33]
16:52:56.0 (25803689)|STATEMENT_EXECUTE|[35]
16:52:56.0 (25810845)|METHOD_ENTRY|[35]|01pO00000003AAn|TriggerHandler.addToLoopCount()
16:52:56.0 (25830065)|VARIABLE_SCOPE_BEGIN|[133]|this|TriggerHandler|true|false
16:52:56.0 (25858438)|VARIABLE_ASSIGNMENT|[133]|this|{"OppTeamMembers":"0x3a2983a8","context":"0x2e9e12e7","isTriggerExecuting":true}|0x4fc17fdb
16:52:56.0 (25864542)|STATEMENT_EXECUTE|[133]
16:52:56.0 (25865923)|STATEMENT_EXECUTE|[134]
16:52:56.0 (25874716)|METHOD_ENTRY|[134]|01pO00000003AAn|TriggerHandler.getHandlerName()
16:52:56.0 (25885150)|VARIABLE_SCOPE_BEGIN|[157]|this|TriggerHandler|true|false
16:52:56.0 (25904400)|VARIABLE_ASSIGNMENT|[157]|this|{"OppTeamMembers":"0x3a2983a8","context":"0x2e9e12e7","isTriggerExecuting":true}|0x4fc17fdb
16:52:56.0 (25909189)|STATEMENT_EXECUTE|[157]
16:52:56.0 (25910324)|STATEMENT_EXECUTE|[158]
16:52:56.0 (25927197)|SYSTEM_METHOD_ENTRY|[158]|String.valueOf(Object)
16:52:56.0 (25965226)|HEAP_ALLOCATE|[158]|Bytes:236
16:52:56.0 (25980359)|SYSTEM_METHOD_EXIT|[158]|String.valueOf(Object)
16:52:56.0 (25995268)|SYSTEM_METHOD_ENTRY|[158]|String.valueOf(Object)
16:52:56.0 (26027275)|HEAP_ALLOCATE|[158]|Bytes:236
16:52:56.0 (26042032)|SYSTEM_METHOD_EXIT|[158]|String.valueOf(Object)
16:52:56.0 (26056173)|SYSTEM_METHOD_ENTRY|[158]|String.indexOf(String)
16:52:56.0 (26066928)|SYSTEM_METHOD_EXIT|[158]|String.indexOf(String)
16:52:56.0 (26077024)|SYSTEM_METHOD_ENTRY|[158]|String.substring(Integer, Integer)
16:52:56.0 (26081124)|HEAP_ALLOCATE|[158]|Bytes:25
16:52:56.0 (26089559)|SYSTEM_METHOD_EXIT|[158]|String.substring(Integer, Integer)
16:52:56.0 (26095011)|METHOD_EXIT|[134]|01pO00000003AAn|TriggerHandler.getHandlerName()
16:52:56.0 (26099197)|VARIABLE_SCOPE_BEGIN|[134]|handlerName|String|false|false
16:52:56.0 (26109065)|VARIABLE_ASSIGNMENT|[134]|handlerName|"OpportunityTriggerHa (5 more) ..."
16:52:56.0 (26128214)|SYSTEM_METHOD_ENTRY|[135]|Map<String,TriggerHandler.LoopCount>.containsKey(Object)
16:52:56.0 (26150486)|SYSTEM_METHOD_EXIT|[135]|Map<String,TriggerHandler.LoopCount>.containsKey(Object)
16:52:56.0 (26155797)|STATEMENT_EXECUTE|[135]
16:52:56.0 (26159977)|METHOD_EXIT|[35]|01pO00000003AAn|TriggerHandler.addToLoopCount()
16:52:56.0 (26196073)|SYSTEM_METHOD_ENTRY|[38]|com.salesforce.api.fast.System.compareObjects(Object, Object)
16:52:56.0 (26263137)|SYSTEM_METHOD_EXIT|[38]|com.salesforce.api.fast.System.compareObjects(Object, Object)
16:52:56.0 (26284614)|SYSTEM_METHOD_ENTRY|[40]|com.salesforce.api.fast.System.compareObjects(Object, Object)
16:52:56.0 (26336416)|SYSTEM_METHOD_EXIT|[40]|com.salesforce.api.fast.System.compareObjects(Object, Object)
16:52:56.0 (26356412)|SYSTEM_METHOD_ENTRY|[42]|com.salesforce.api.fast.System.compareObjects(Object, Object)
16:52:56.0 (26396109)|SYSTEM_METHOD_EXIT|[42]|com.salesforce.api.fast.System.compareObjects(Object, Object)
16:52:56.0 (26401800)|STATEMENT_EXECUTE|[42]
16:52:56.0 (26403311)|STATEMENT_EXECUTE|[43]
16:52:56.0 (26411961)|METHOD_ENTRY|[43]|01pO00000003AAn|TriggerHandler.beforeDelete()
16:52:56.0 (26430863)|VARIABLE_SCOPE_BEGIN|[171]|this|TriggerHandler|true|false
16:52:56.0 (26453901)|VARIABLE_ASSIGNMENT|[171]|this|{"OppTeamMembers":"0x3a2983a8","context":"0x2e9e12e7","isTriggerExecuting":true}|0x4fc17fdb
16:52:56.0 (26458974)|STATEMENT_EXECUTE|[171]
16:52:56.0 (26464701)|METHOD_EXIT|[43]|01pO00000003AAn|TriggerHandler.beforeDelete()
16:52:56.0 (26469929)|METHOD_EXIT|[4]|01pO00000003AAn|TriggerHandler.run()
16:52:56.26 (26478179)|CUMULATIVE_LIMIT_USAGE
16:52:56.26 (26478179)|LIMIT_USAGE_FOR_NS|(default)|
  Number of SOQL queries: 0 out of 100
  Number of query rows: 0 out of 50000
  Number of SOSL queries: 0 out of 20
  Number of DML statements: 0 out of 150
  Number of DML rows: 0 out of 10000
  Maximum CPU time: 0 out of 10000
  Maximum heap size: 0 out of 6000000
  Number of callouts: 0 out of 100
  Number of Email Invocations: 0 out of 10
  Number of future calls: 0 out of 50
  Number of queueable jobs added to the queue: 0 out of 50
  Number of Mobile Apex push calls: 0 out of 10

16:52:56.26 (26478179)|TOTAL_EMAIL_RECIPIENTS_QUEUED|0
16:52:56.26 (26478179)|STATIC_VARIABLE_LIST|
  long:serialVersionUID:0
  String:_sfdcAdditionalCodeLocations:0
  double:MAX_VALUE:0
  long:serialVersionUID:0
  String:_static_InProgressStatus:0
  int:SIZE:0
  String:_static_TenderWonEmail:0
  String:_static_ApprovedStatus:0
  TriggerHandler.TriggerContext:BEFORE_INSERT:0
  int:MAX_VALUE:0
  TriggerHandler.TriggerContext:AFTER_UNDELETE:0
  String:_static_InitiatedStatus:0
  String:_static_PRATemplateRecordTypeID:0
  String:_static_ClosedWonStage:0
  String:_static_Gate5Stage:0
  String:_static_Gate4Stage:0
  int:MIN_VALUE:0
  String:_static_Gate1Stage:0
  String:_static_Gate3Stage:0
  String:_static_NotStartedStatus:0
  char[]:DigitOnes:0
  String:_static_NotApplicableStatus:0
  String:__sfdcProperties:0
  String:_static_CRA_DecisionRequiredEmail:0
  int:MIN_EXPONENT:0
  String:_static_DecisionRequiredEmail:0
  String:_static_ApprovalOutcomeNotificationEmail:0
  String:_static_PendingApprovalStatus:0
  String:_static_RestartedStatus:0
  int:MAX_EXPONENT:0
  String:_static_ApprovalSubmissionEmail:0
  String:_static_CRA_StalledReminderEmail:0
  String:_static_TenderWonStatus:0
  String:_sfdcSuppressedCodeLocations:0
  String:_static_PRARecordTypeID:0
  int:BYTES:0
  char[]:DigitTens:0
  long:serialVersionUID:0
  String:_sfdcAdditionalCodeLocations:0
  String:_static_TSF_StalledReminderEmail:0
  Boolean:FALSE:0
  String:_static_KCRATemplateRecordTypeID:0
  String:_static_DeclinedStatus:0
  String:_static_TSF_ApprovalSubmissionEmail:0
  double:MIN_VALUE:0
  String:_sfdcAdditionalCodeLocations:0
  double:NEGATIVE_INFINITY:0
  String:_static_ResubmittedStatus:0
  char[]:digits:0
  double:NaN:0
  Boolean:TRUE:0
  Approvers__c:_static_Approvers:0
  TriggerHandler.TriggerContext:AFTER_INSERT:0
  String:__sfdcInnerTypes:0
  String:_static_CRA_ApprovalOutcomeNotificationEmail:0
  Boolean:_static_recursionBefore:0
  TriggerHandler.TriggerContext:AFTER_DELETE:0
  String:_static_Gate2Stage:0
  String:_static_TenderSubmittedStatus:0
  String:_static_NewDandCStage:0
  String:_sfdcAdditionalCodeLocations:0
  String:_static_TSF_DecisionRequiredEmail:0
  String:_static_ConditionallyApprovedStatus:0
  String:_static_KCRARecordTypeID:0
  TriggerHandler.TriggerContext:AFTER_UPDATE:0
  String:_static_TSF_ApprovalOutcomeNotificationEmail:0
  String:__sfdcInnerTypes:0
  int:BYTES:0
  Map<String,TriggerHandler.LoopCount>:_static_loopCountMap:0
  Set<String>:_static_bypassedHandlers:0
  int[]:sizeTable:0
  TriggerHandler.TriggerContext:BEFORE_DELETE:0
  String:_static_TenderInPreperationStatus:0
  String:_static_StalledReminderEmail:0
  TriggerHandler.TriggerContext:BEFORE_UPDATE:0
  int:SIZE:0
  double:POSITIVE_INFINITY:0
  double:MIN_NORMAL:0
  String:_static_CRA_ApprovalSubmissionEmail:0
  Boolean:_static_recursionAfter:0

16:52:56.26 (26478179)|CUMULATIVE_LIMIT_USAGE_END

16:52:56.0 (29110204)|CODE_UNIT_FINISHED|OpportunityTrigger on Opportunity trigger event BeforeDelete for [006O0000009I0vv]
16:52:57.840 (1840034169)|CODE_UNIT_STARTED|[EXTERNAL]|01qO00000000SDP|OpportunityTrigger on Opportunity trigger event AfterDelete for [006O0000009I0vv]
16:52:57.840 (1840076896)|HEAP_ALLOCATE|[EXTERNAL]|Bytes:8
16:52:57.840 (1840152077)|HEAP_ALLOCATE|[EXTERNAL]|Bytes:4
16:52:57.840 (1840163970)|VARIABLE_SCOPE_BEGIN|[1]|this|OpportunityTrigger|true|false
16:52:57.840 (1840197476)|VARIABLE_ASSIGNMENT|[1]|this|{}|0x28d96c4f
16:52:57.840 (1840223296)|HEAP_ALLOCATE|[EXTERNAL]|Bytes:4
16:52:57.840 (1840228280)|VARIABLE_SCOPE_BEGIN|[1]|this|OpportunityTrigger|true|false
16:52:57.840 (1840237280)|VARIABLE_ASSIGNMENT|[1]|this|{}|0x28d96c4f
16:52:57.840 (1840242263)|STATEMENT_EXECUTE|[1]
16:52:57.840 (1840254504)|SYSTEM_METHOD_ENTRY|[3]|Constants.__sfdc_Approvers()
16:52:57.840 (1840962331)|SYSTEM_MODE_ENTER|false
16:52:57.840 (1840976448)|HEAP_ALLOCATE|[8]|Bytes:5
16:52:57.840 (1840985114)|STATEMENT_EXECUTE|[7]
16:52:57.840 (1840991964)|STATEMENT_EXECUTE|[8]
16:52:57.840 (1840994512)|STATEMENT_EXECUTE|[22]
16:52:57.840 (1841003729)|SYSTEM_MODE_EXIT|false
16:52:57.840 (1841019795)|SYSTEM_METHOD_EXIT|[3]|Constants.__sfdc_Approvers()
16:52:57.840 (1841040039)|STATEMENT_EXECUTE|[3]
16:52:57.840 (1841043065)|STATEMENT_EXECUTE|[4]
16:52:57.840 (1841056794)|HEAP_ALLOCATE|[4]|Bytes:16
16:52:57.840 (1841073560)|CONSTRUCTOR_ENTRY|[4]|01pO0000000371i|<init>()
16:52:57.840 (1841082213)|VARIABLE_SCOPE_BEGIN|[19]|this|OpportunityTriggerHandler|true|false
16:52:57.840 (1841123775)|VARIABLE_ASSIGNMENT|[19]|this|{}|0x474145bf
16:52:57.840 (1841130828)|STATEMENT_EXECUTE|[14]
16:52:57.840 (1841132897)|STATEMENT_EXECUTE|[17]
16:52:57.840 (1841142246)|HEAP_ALLOCATE|[17]|Bytes:4
16:52:57.840 (1841156394)|SYSTEM_CONSTRUCTOR_ENTRY|[17]|<init>()
16:52:57.840 (1841167871)|SYSTEM_CONSTRUCTOR_EXIT|[17]|<init>()
16:52:57.840 (1841181759)|HEAP_ALLOCATE|[EXTERNAL]|Bytes:4
16:52:57.840 (1841199407)|VARIABLE_ASSIGNMENT|[17]|this.OppTeamMembers|[]|0x474145bf
16:52:57.840 (1841210529)|CONSTRUCTOR_ENTRY|[19]|01pO00000003AAn|<init>()
16:52:57.840 (1841217721)|VARIABLE_SCOPE_BEGIN|[22]|this|TriggerHandler|true|false
16:52:57.840 (1841255800)|VARIABLE_ASSIGNMENT|[22]|this|{"OppTeamMembers":"0x3831d2ab"}|0x474145bf
16:52:57.840 (1841263122)|STATEMENT_EXECUTE|[1]
16:52:57.840 (1841265192)|STATEMENT_EXECUTE|[9]
16:52:57.840 (1841267212)|STATEMENT_EXECUTE|[13]
16:52:57.840 (1841299430)|STATEMENT_EXECUTE|[22]
16:52:57.840 (1841302808)|STATEMENT_EXECUTE|[23]
16:52:57.840 (1841317148)|METHOD_ENTRY|[23]|01pO00000003AAn|TriggerHandler.setTriggerContext()
16:52:57.840 (1841324773)|VARIABLE_SCOPE_BEGIN|[94]|this|TriggerHandler|true|false
16:52:57.840 (1841353445)|VARIABLE_ASSIGNMENT|[94]|this|{"OppTeamMembers":"0x3831d2ab"}|0x474145bf
16:52:57.840 (1841361735)|STATEMENT_EXECUTE|[94]
16:52:57.840 (1841363787)|STATEMENT_EXECUTE|[95]
16:52:57.840 (1841380447)|METHOD_ENTRY|[95]|01pO00000003AAn|TriggerHandler.setTriggerContext(String, Boolean)
16:52:57.840 (1841388400)|VARIABLE_SCOPE_BEGIN|[99]|this|TriggerHandler|true|false
16:52:57.840 (1841417720)|VARIABLE_ASSIGNMENT|[99]|this|{"OppTeamMembers":"0x3831d2ab"}|0x474145bf
16:52:57.840 (1841423765)|VARIABLE_SCOPE_BEGIN|[99]|ctx|String|false|false
16:52:57.840 (1841431029)|VARIABLE_ASSIGNMENT|[99]|ctx|null
16:52:57.840 (1841437685)|VARIABLE_SCOPE_BEGIN|[99]|testMode|Boolean|false|false
16:52:57.840 (1841443660)|VARIABLE_ASSIGNMENT|[99]|testMode|false
16:52:57.840 (1841449719)|STATEMENT_EXECUTE|[99]
16:52:57.840 (1841465372)|STATEMENT_EXECUTE|[103]
16:52:57.840 (1841468169)|STATEMENT_EXECUTE|[104]
16:52:57.840 (1841475736)|HEAP_ALLOCATE|[104]|Bytes:5
16:52:57.840 (1841558636)|STATEMENT_EXECUTE|[123]
16:52:57.840 (1841562676)|STATEMENT_EXECUTE|[124]
16:52:57.840 (1841585291)|METHOD_EXIT|[95]|01pO00000003AAn|TriggerHandler.setTriggerContext(String, Boolean)
16:52:57.840 (1841594811)|METHOD_EXIT|[23]|01pO00000003AAn|TriggerHandler.setTriggerContext()
16:52:57.840 (1841601525)|CONSTRUCTOR_EXIT|[19]|01pO00000003AAn|<init>()
16:52:57.840 (1841604911)|STATEMENT_EXECUTE|[19]
16:52:57.840 (1841610010)|CONSTRUCTOR_EXIT|[4]|01pO0000000371i|<init>()
16:52:57.840 (1841619920)|METHOD_ENTRY|[4]|01pO00000003AAn|TriggerHandler.run()
16:52:57.840 (1841626496)|VARIABLE_SCOPE_BEGIN|[31]|this|TriggerHandler|true|false
16:52:57.840 (1841662042)|VARIABLE_ASSIGNMENT|[31]|this|{"OppTeamMembers":"0x3831d2ab","context":"0x3e74868b","isTriggerExecuting":true}|0x474145bf
16:52:57.840 (1841670577)|STATEMENT_EXECUTE|[31]
16:52:57.840 (1841682577)|METHOD_ENTRY|[33]|01pO00000003AAn|TriggerHandler.validateRun()
16:52:57.840 (1841689606)|VARIABLE_SCOPE_BEGIN|[146]|this|TriggerHandler|true|false
16:52:57.840 (1841720017)|VARIABLE_ASSIGNMENT|[146]|this|{"OppTeamMembers":"0x3831d2ab","context":"0x3e74868b","isTriggerExecuting":true}|0x474145bf
16:52:57.840 (1841727881)|STATEMENT_EXECUTE|[146]
16:52:57.840 (1841735699)|STATEMENT_EXECUTE|[147]
16:52:57.840 (1841748981)|METHOD_ENTRY|[150]|01pO00000003AAn|TriggerHandler.getHandlerName()
16:52:57.840 (1841755702)|VARIABLE_SCOPE_BEGIN|[157]|this|TriggerHandler|true|false
16:52:57.840 (1841785114)|VARIABLE_ASSIGNMENT|[157]|this|{"OppTeamMembers":"0x3831d2ab","context":"0x3e74868b","isTriggerExecuting":true}|0x474145bf
16:52:57.840 (1841793645)|STATEMENT_EXECUTE|[157]
16:52:57.840 (1841796324)|STATEMENT_EXECUTE|[158]
16:52:57.840 (1841844363)|SYSTEM_METHOD_ENTRY|[158]|String.valueOf(Object)
16:52:57.840 (1841942694)|HEAP_ALLOCATE|[158]|Bytes:235
16:52:57.840 (1841965188)|SYSTEM_METHOD_EXIT|[158]|String.valueOf(Object)
16:52:57.840 (1841982886)|SYSTEM_METHOD_ENTRY|[158]|String.valueOf(Object)
16:52:57.840 (1842021198)|HEAP_ALLOCATE|[158]|Bytes:235
16:52:57.840 (1842045425)|SYSTEM_METHOD_EXIT|[158]|String.valueOf(Object)
16:52:57.840 (1842076745)|SYSTEM_METHOD_ENTRY|[158]|String.indexOf(String)
16:52:57.840 (1842094281)|SYSTEM_METHOD_EXIT|[158]|String.indexOf(String)
16:52:57.840 (1842111495)|SYSTEM_METHOD_ENTRY|[158]|String.substring(Integer, Integer)
16:52:57.840 (1842120226)|HEAP_ALLOCATE|[158]|Bytes:25
16:52:57.840 (1842136741)|SYSTEM_METHOD_EXIT|[158]|String.substring(Integer, Integer)
16:52:57.840 (1842146792)|METHOD_EXIT|[150]|01pO00000003AAn|TriggerHandler.getHandlerName()
16:52:57.840 (1842169445)|SYSTEM_METHOD_ENTRY|[150]|Set<String>.contains(Object)
16:52:57.840 (1842187823)|SYSTEM_METHOD_EXIT|[150]|Set<String>.contains(Object)
16:52:57.840 (1842196000)|STATEMENT_EXECUTE|[150]
16:52:57.840 (1842198989)|STATEMENT_EXECUTE|[153]
16:52:57.840 (1842207028)|METHOD_EXIT|[33]|01pO00000003AAn|TriggerHandler.validateRun()
16:52:57.840 (1842213462)|STATEMENT_EXECUTE|[33]
16:52:57.840 (1842215495)|STATEMENT_EXECUTE|[35]
16:52:57.840 (1842225410)|METHOD_ENTRY|[35]|01pO00000003AAn|TriggerHandler.addToLoopCount()
16:52:57.840 (1842231785)|VARIABLE_SCOPE_BEGIN|[133]|this|TriggerHandler|true|false
16:52:57.840 (1842263972)|VARIABLE_ASSIGNMENT|[133]|this|{"OppTeamMembers":"0x3831d2ab","context":"0x3e74868b","isTriggerExecuting":true}|0x474145bf
16:52:57.840 (1842272445)|STATEMENT_EXECUTE|[133]
16:52:57.840 (1842274975)|STATEMENT_EXECUTE|[134]
16:52:57.840 (1842284523)|METHOD_ENTRY|[134]|01pO00000003AAn|TriggerHandler.getHandlerName()
16:52:57.840 (1842288720)|VARIABLE_SCOPE_BEGIN|[157]|this|TriggerHandler|true|false
16:52:57.840 (1842309124)|VARIABLE_ASSIGNMENT|[157]|this|{"OppTeamMembers":"0x3831d2ab","context":"0x3e74868b","isTriggerExecuting":true}|0x474145bf
16:52:57.840 (1842313871)|STATEMENT_EXECUTE|[157]
16:52:57.840 (1842315258)|STATEMENT_EXECUTE|[158]
16:52:57.840 (1842333049)|SYSTEM_METHOD_ENTRY|[158]|String.valueOf(Object)
16:52:57.840 (1842373223)|HEAP_ALLOCATE|[158]|Bytes:235
16:52:57.840 (1842389204)|SYSTEM_METHOD_EXIT|[158]|String.valueOf(Object)
16:52:57.840 (1842404906)|SYSTEM_METHOD_ENTRY|[158]|String.valueOf(Object)
16:52:57.840 (1842438304)|HEAP_ALLOCATE|[158]|Bytes:235
16:52:57.840 (1842452703)|SYSTEM_METHOD_EXIT|[158]|String.valueOf(Object)
16:52:57.840 (1842464164)|SYSTEM_METHOD_ENTRY|[158]|String.indexOf(String)
16:52:57.840 (1842472445)|SYSTEM_METHOD_EXIT|[158]|String.indexOf(String)
16:52:57.840 (1842482237)|SYSTEM_METHOD_ENTRY|[158]|String.substring(Integer, Integer)
16:52:57.840 (1842486152)|HEAP_ALLOCATE|[158]|Bytes:25
16:52:57.840 (1842494570)|SYSTEM_METHOD_EXIT|[158]|String.substring(Integer, Integer)
16:52:57.840 (1842499566)|METHOD_EXIT|[134]|01pO00000003AAn|TriggerHandler.getHandlerName()
16:52:57.840 (1842503673)|VARIABLE_SCOPE_BEGIN|[134]|handlerName|String|false|false
16:52:57.840 (1842515037)|VARIABLE_ASSIGNMENT|[134]|handlerName|"OpportunityTriggerHa (5 more) ..."
16:52:57.840 (1842531135)|SYSTEM_METHOD_ENTRY|[135]|Map<String,TriggerHandler.LoopCount>.containsKey(Object)
16:52:57.840 (1842543155)|SYSTEM_METHOD_EXIT|[135]|Map<String,TriggerHandler.LoopCount>.containsKey(Object)
16:52:57.840 (1842548148)|STATEMENT_EXECUTE|[135]
16:52:57.840 (1842552331)|METHOD_EXIT|[35]|01pO00000003AAn|TriggerHandler.addToLoopCount()
16:52:57.840 (1842576591)|SYSTEM_METHOD_ENTRY|[38]|com.salesforce.api.fast.System.compareObjects(Object, Object)
16:52:57.840 (1842624617)|SYSTEM_METHOD_EXIT|[38]|com.salesforce.api.fast.System.compareObjects(Object, Object)
16:52:57.840 (1842642788)|SYSTEM_METHOD_ENTRY|[40]|com.salesforce.api.fast.System.compareObjects(Object, Object)
16:52:57.840 (1842670351)|SYSTEM_METHOD_EXIT|[40]|com.salesforce.api.fast.System.compareObjects(Object, Object)
16:52:57.840 (1842687049)|SYSTEM_METHOD_ENTRY|[42]|com.salesforce.api.fast.System.compareObjects(Object, Object)
16:52:57.840 (1842712926)|SYSTEM_METHOD_EXIT|[42]|com.salesforce.api.fast.System.compareObjects(Object, Object)
16:52:57.840 (1842733198)|SYSTEM_METHOD_ENTRY|[44]|com.salesforce.api.fast.System.compareObjects(Object, Object)
16:52:57.840 (1842793731)|SYSTEM_METHOD_EXIT|[44]|com.salesforce.api.fast.System.compareObjects(Object, Object)
16:52:57.840 (1842830473)|SYSTEM_METHOD_ENTRY|[46]|com.salesforce.api.fast.System.compareObjects(Object, Object)
16:52:57.840 (1842877449)|SYSTEM_METHOD_EXIT|[46]|com.salesforce.api.fast.System.compareObjects(Object, Object)
16:52:57.840 (1842901144)|SYSTEM_METHOD_ENTRY|[48]|com.salesforce.api.fast.System.compareObjects(Object, Object)
16:52:57.840 (1842929297)|SYSTEM_METHOD_EXIT|[48]|com.salesforce.api.fast.System.compareObjects(Object, Object)
16:52:57.840 (1842934347)|STATEMENT_EXECUTE|[48]
16:52:57.840 (1842935751)|STATEMENT_EXECUTE|[49]
16:52:57.840 (1842948228)|METHOD_ENTRY|[49]|01pO00000003AAn|TriggerHandler.afterDelete()
16:52:57.840 (1842968377)|VARIABLE_SCOPE_BEGIN|[177]|this|TriggerHandler|true|false
16:52:57.840 (1842990980)|VARIABLE_ASSIGNMENT|[177]|this|{"OppTeamMembers":"0x3831d2ab","context":"0x3e74868b","isTriggerExecuting":true}|0x474145bf
16:52:57.840 (1842997582)|STATEMENT_EXECUTE|[177]
16:52:57.840 (1843003097)|METHOD_EXIT|[49]|01pO00000003AAn|TriggerHandler.afterDelete()
16:52:57.840 (1843009222)|METHOD_EXIT|[4]|01pO00000003AAn|TriggerHandler.run()
16:52:57.843 (1843015150)|CUMULATIVE_LIMIT_USAGE
16:52:57.843 (1843015150)|LIMIT_USAGE_FOR_NS|(default)|
  Number of SOQL queries: 0 out of 100
  Number of query rows: 0 out of 50000
  Number of SOSL queries: 0 out of 20
  Number of DML statements: 0 out of 150
  Number of DML rows: 0 out of 10000
  Maximum CPU time: 0 out of 10000
  Maximum heap size: 0 out of 6000000
  Number of callouts: 0 out of 100
  Number of Email Invocations: 0 out of 10
  Number of future calls: 0 out of 50
  Number of queueable jobs added to the queue: 0 out of 50
  Number of Mobile Apex push calls: 0 out of 10

16:52:57.843 (1843015150)|TOTAL_EMAIL_RECIPIENTS_QUEUED|0
16:52:57.843 (1843015150)|STATIC_VARIABLE_LIST|
  long:serialVersionUID:0
  String:_sfdcAdditionalCodeLocations:0
  double:MAX_VALUE:0
  long:serialVersionUID:0
  String:_static_InProgressStatus:0
  int:SIZE:0
  String:_static_TenderWonEmail:0
  String:_static_ApprovedStatus:0
  TriggerHandler.TriggerContext:BEFORE_INSERT:0
  int:MAX_VALUE:0
  TriggerHandler.TriggerContext:AFTER_UNDELETE:0
  String:_static_InitiatedStatus:0
  String:_static_PRATemplateRecordTypeID:0
  String:_static_ClosedWonStage:0
  String:_static_Gate5Stage:0
  String:_static_Gate4Stage:0
  int:MIN_VALUE:0
  String:_static_Gate1Stage:0
  String:_static_Gate3Stage:0
  String:_static_NotStartedStatus:0
  char[]:DigitOnes:0
  String:_static_NotApplicableStatus:0
  String:__sfdcProperties:0
  String:_static_CRA_DecisionRequiredEmail:0
  int:MIN_EXPONENT:0
  String:_static_DecisionRequiredEmail:0
  String:_static_ApprovalOutcomeNotificationEmail:0
  String:_static_PendingApprovalStatus:0
  String:_static_RestartedStatus:0
  int:MAX_EXPONENT:0
  String:_static_ApprovalSubmissionEmail:0
  String:_static_CRA_StalledReminderEmail:0
  String:_static_TenderWonStatus:0
  String:_sfdcSuppressedCodeLocations:0
  String:_static_PRARecordTypeID:0
  int:BYTES:0
  char[]:DigitTens:0
  long:serialVersionUID:0
  String:_sfdcAdditionalCodeLocations:0
  String:_static_TSF_StalledReminderEmail:0
  Boolean:FALSE:0
  String:_static_KCRATemplateRecordTypeID:0
  String:_static_DeclinedStatus:0
  String:_static_TSF_ApprovalSubmissionEmail:0
  double:MIN_VALUE:0
  String:_sfdcAdditionalCodeLocations:0
  double:NEGATIVE_INFINITY:0
  String:_static_ResubmittedStatus:0
  char[]:digits:0
  double:NaN:0
  Boolean:TRUE:0
  Approvers__c:_static_Approvers:0
  TriggerHandler.TriggerContext:AFTER_INSERT:0
  String:__sfdcInnerTypes:0
  String:_static_CRA_ApprovalOutcomeNotificationEmail:0
  Boolean:_static_recursionBefore:0
  TriggerHandler.TriggerContext:AFTER_DELETE:0
  String:_static_Gate2Stage:0
  String:_static_TenderSubmittedStatus:0
  String:_static_NewDandCStage:0
  String:_sfdcAdditionalCodeLocations:0
  String:_static_TSF_DecisionRequiredEmail:0
  String:_static_ConditionallyApprovedStatus:0
  String:_static_KCRARecordTypeID:0
  TriggerHandler.TriggerContext:AFTER_UPDATE:0
  String:_static_TSF_ApprovalOutcomeNotificationEmail:0
  String:__sfdcInnerTypes:0
  int:BYTES:0
  Map<String,TriggerHandler.LoopCount>:_static_loopCountMap:0
  Set<String>:_static_bypassedHandlers:0
  int[]:sizeTable:0
  TriggerHandler.TriggerContext:BEFORE_DELETE:0
  String:_static_TenderInPreperationStatus:0
  String:_static_StalledReminderEmail:0
  TriggerHandler.TriggerContext:BEFORE_UPDATE:0
  int:SIZE:0
  double:POSITIVE_INFINITY:0
  double:MIN_NORMAL:0
  String:_static_CRA_ApprovalSubmissionEmail:0
  Boolean:_static_recursionAfter:0

16:52:57.843 (1843015150)|CUMULATIVE_LIMIT_USAGE_END

16:52:57.840 (1845408863)|CODE_UNIT_FINISHED|OpportunityTrigger on Opportunity trigger event AfterDelete for [006O0000009I0vv]
16:52:57.840 (1902446408)|CODE_UNIT_FINISHED|TRIGGERS
16:52:57.840 (1902457426)|EXECUTION_FINISHED
16:52:57.908 (1908772361)|CUMULATIVE_PROFILING_BEGIN
16:52:57.908 (1908772361)|CUMULATIVE_PROFILING|No profiling information for SOQL operations
16:52:57.908 (1908772361)|CUMULATIVE_PROFILING|No profiling information for SOSL operations
16:52:57.908 (1908772361)|CUMULATIVE_PROFILING|No profiling information for DML operations
16:52:57.908 (1908772361)|CUMULATIVE_PROFILING|method invocations|
Trigger.OpportunityTrigger: line 4, column 1: public OpportunityTriggerHandler(): executed 4 times in 4 ms
Class.Constants.__sfdc_Approvers: line 9, column 1: global public static Approvers__c getInstance(): executed 1 time in 2 ms
Class.Constants: line 93, column 1: global Schema.DescribeSObjectResult getDescribe(): executed 2 times in 2 ms
External entry point: public void invoke(): executed 1 time in 2 ms
Trigger.OpportunityTrigger: line 3, column 1: public static Approvers__c __sfdc_Approvers(): executed 2 times in 2 ms
Class.TriggerHandler.run: line 33, column 1: private Boolean validateRun(): executed 2 times in 1 ms
Class.TriggerHandler.run: line 35, column 1: private void addToLoopCount(): executed 2 times in 1 ms
Class.TriggerHandler.validateRun: line 150, column 1: private String getHandlerName(): executed 4 times in 1 ms
Class.TriggerHandler.<init>: line 23, column 1: private void setTriggerContext(): executed 2 times in 1 ms
Class.TriggerHandler.setTriggerContext: line 95, column 1: private void setTriggerContext(String, Boolean): executed 2 times in 1 ms
Class.OpportunityTriggerHandler.<init>: line 19, column 1: public TriggerHandler(): executed 2 times in 1 ms

16:52:57.908 (1908772361)|CUMULATIVE_PROFILING_END
