39.0 APEX_CODE,FINEST;APEX_PROFILING,FINEST;CALLOUT,NONE;DB,FINEST;SYSTEM,FINE;VALIDATION,INFO;VISUALFORCE,INFO;WAVE,INFO;WORKFLOW,FINER
14:34:13.0 (397730)|USER_INFO|[EXTERNAL]|005O0000003t7an|ricky.lowe@jhg.com.au.pcphase2|Australian Eastern Standard Time|GMT+11:00
14:34:13.0 (430628)|EXECUTION_STARTED
14:34:13.0 (437158)|CODE_UNIT_STARTED|[EXTERNAL]|TRIGGERS
14:34:13.0 (2557250)|CODE_UNIT_STARTED|[EXTERNAL]|01qO00000000SDP|opportunityTrigger on Opportunity trigger event BeforeDelete for [006O0000008l2Bi]
14:34:13.0 (2617788)|HEAP_ALLOCATE|[EXTERNAL]|Bytes:8
14:34:13.0 (3365342)|HEAP_ALLOCATE|[72]|Bytes:3
14:34:13.0 (3411775)|HEAP_ALLOCATE|[77]|Bytes:152
14:34:13.0 (3429562)|HEAP_ALLOCATE|[342]|Bytes:408
14:34:13.0 (3448383)|HEAP_ALLOCATE|[355]|Bytes:408
14:34:13.0 (3466409)|HEAP_ALLOCATE|[467]|Bytes:48
14:34:13.0 (3494690)|HEAP_ALLOCATE|[139]|Bytes:6
14:34:13.0 (3522829)|HEAP_ALLOCATE|[EXTERNAL]|Bytes:4
14:34:13.0 (3531789)|VARIABLE_SCOPE_BEGIN|[1]|this|opportunityTrigger|true|false
14:34:13.0 (3574044)|VARIABLE_ASSIGNMENT|[1]|this|{}|0x46986429
14:34:13.0 (3617900)|HEAP_ALLOCATE|[EXTERNAL]|Bytes:4
14:34:13.0 (3629788)|VARIABLE_SCOPE_BEGIN|[1]|this|opportunityTrigger|true|false
14:34:13.0 (3639934)|VARIABLE_ASSIGNMENT|[1]|this|{}|0x46986429
14:34:13.0 (3645311)|STATEMENT_EXECUTE|[1]
14:34:13.0 (3646875)|STATEMENT_EXECUTE|[4]
14:34:13.0 (8028562)|VARIABLE_SCOPE_BEGIN|[16]|opportunityTriggerHandler.KCRARecordTypeID|String|false|true
14:34:13.0 (8036354)|VARIABLE_SCOPE_BEGIN|[15]|opportunityTriggerHandler.KCRATemplateRecordTypeID|String|false|true
14:34:13.0 (8041445)|VARIABLE_SCOPE_BEGIN|[18]|opportunityTriggerHandler.PRARecordTypeID|String|false|true
14:34:13.0 (8045095)|VARIABLE_SCOPE_BEGIN|[17]|opportunityTriggerHandler.PRATemplateRecordTypeID|String|false|true
14:34:13.0 (8053224)|VARIABLE_SCOPE_BEGIN|[20]|opportunityTriggerHandler.isTest|Boolean|false|true
14:34:13.0 (8057362)|VARIABLE_SCOPE_BEGIN|[19]|opportunityTriggerHandler.recursion|Boolean|false|true
14:34:13.0 (8060847)|VARIABLE_SCOPE_BEGIN|[14]|opportunityTriggerHandler.runOnce|Boolean|false|true
14:34:13.0 (10478457)|VARIABLE_SCOPE_BEGIN|[5]|TriggerHandler.bypassedHandlers|Set<String>|true|true
14:34:13.0 (10725946)|VARIABLE_SCOPE_BEGIN|[4]|TriggerHandler.loopCountMap|Map<String,TriggerHandler.LoopCount>|true|true
14:34:13.0 (10770703)|HEAP_ALLOCATE|[4]|Bytes:40
14:34:13.0 (10780317)|HEAP_ALLOCATE|[4]|Bytes:47
14:34:13.0 (10810324)|METHOD_ENTRY|[13]|01pO0000000371i|opportunityTriggerHandler.opportunityTriggerHandler()
14:34:13.0 (10813493)|STATEMENT_EXECUTE|[13]
14:34:13.0 (10817568)|STATEMENT_EXECUTE|[13]
14:34:13.0 (10818802)|STATEMENT_EXECUTE|[14]
14:34:13.0 (10845515)|HEAP_ALLOCATE|[50]|Bytes:5
14:34:13.0 (10871414)|HEAP_ALLOCATE|[56]|Bytes:5
14:34:13.0 (10880136)|HEAP_ALLOCATE|[64]|Bytes:7
14:34:13.0 (10904888)|HEAP_ALLOCATE|[14]|Bytes:5
14:34:13.0 (10920653)|VARIABLE_ASSIGNMENT|[14]|opportunityTriggerHandler.runOnce|true
14:34:13.0 (10923690)|STATEMENT_EXECUTE|[15]
14:34:13.0 (10926074)|HEAP_ALLOCATE|[15]|Bytes:33
14:34:13.0 (11069355)|SYSTEM_METHOD_ENTRY|[15]|Schema.SObjectType.getDescribe()
14:34:13.0 (11336601)|HEAP_ALLOCATE|[15]|Bytes:4
14:34:13.0 (11346543)|SYSTEM_METHOD_EXIT|[15]|Schema.SObjectType.getDescribe()
14:34:13.0 (11378379)|LIMIT_USAGE|[15]|RECORD_TYPE_DESCRIBES|1|100
14:34:13.0 (13716623)|HEAP_ALLOCATE|[15]|Bytes:16
14:34:13.0 (13726996)|HEAP_ALLOCATE|[15]|Bytes:13
14:34:13.0 (13779748)|SYSTEM_METHOD_ENTRY|[15]|Map<String,Schema.RecordTypeInfo>.get(Object)
14:34:13.0 (13863805)|SYSTEM_METHOD_EXIT|[15]|Map<String,Schema.RecordTypeInfo>.get(Object)
14:34:13.0 (13912649)|HEAP_ALLOCATE|[15]|Bytes:4
14:34:13.0 (13939272)|HEAP_ALLOCATE|[15]|Bytes:18
14:34:13.0 (13957917)|VARIABLE_ASSIGNMENT|[15]|opportunityTriggerHandler.KCRATemplateRecordTypeID|"012O0000000DCgLIAW"
14:34:13.0 (13961118)|STATEMENT_EXECUTE|[16]
14:34:13.0 (13995508)|SYSTEM_METHOD_ENTRY|[16]|Schema.SObjectType.getDescribe()
14:34:13.0 (14018886)|HEAP_ALLOCATE|[16]|Bytes:4
14:34:13.0 (14025688)|SYSTEM_METHOD_EXIT|[16]|Schema.SObjectType.getDescribe()
14:34:13.0 (14038175)|LIMIT_USAGE|[16]|RECORD_TYPE_DESCRIBES|2|100
14:34:13.0 (14052769)|HEAP_ALLOCATE|[16]|Bytes:16
14:34:13.0 (14061657)|HEAP_ALLOCATE|[16]|Bytes:4
14:34:13.0 (14077576)|SYSTEM_METHOD_ENTRY|[16]|Map<String,Schema.RecordTypeInfo>.get(Object)
14:34:13.0 (14092094)|SYSTEM_METHOD_EXIT|[16]|Map<String,Schema.RecordTypeInfo>.get(Object)
14:34:13.0 (14112012)|HEAP_ALLOCATE|[16]|Bytes:4
14:34:13.0 (14133471)|HEAP_ALLOCATE|[16]|Bytes:18
14:34:13.0 (14151000)|VARIABLE_ASSIGNMENT|[16]|opportunityTriggerHandler.KCRARecordTypeID|"012O0000000DCgGIAW"
14:34:13.0 (14155775)|STATEMENT_EXECUTE|[17]
14:34:13.0 (14160896)|HEAP_ALLOCATE|[17]|Bytes:26
14:34:13.0 (14203990)|SYSTEM_METHOD_ENTRY|[17]|Schema.SObjectType.getDescribe()
14:34:13.0 (14311675)|HEAP_ALLOCATE|[17]|Bytes:4
14:34:13.0 (14319834)|SYSTEM_METHOD_EXIT|[17]|Schema.SObjectType.getDescribe()
14:34:13.0 (14333116)|LIMIT_USAGE|[17]|RECORD_TYPE_DESCRIBES|3|100
14:34:13.0 (15534801)|HEAP_ALLOCATE|[17]|Bytes:16
14:34:13.0 (15544395)|HEAP_ALLOCATE|[17]|Bytes:12
14:34:13.0 (15560895)|SYSTEM_METHOD_ENTRY|[17]|Map<String,Schema.RecordTypeInfo>.get(Object)
14:34:13.0 (15576506)|SYSTEM_METHOD_EXIT|[17]|Map<String,Schema.RecordTypeInfo>.get(Object)
14:34:13.0 (15597215)|HEAP_ALLOCATE|[17]|Bytes:4
14:34:13.0 (15604948)|HEAP_ALLOCATE|[17]|Bytes:18
14:34:13.0 (15617572)|VARIABLE_ASSIGNMENT|[17]|opportunityTriggerHandler.PRATemplateRecordTypeID|"012O0000000DDVTIA4"
14:34:13.0 (15620523)|STATEMENT_EXECUTE|[18]
14:34:13.0 (15656837)|SYSTEM_METHOD_ENTRY|[18]|Schema.SObjectType.getDescribe()
14:34:13.0 (15678313)|HEAP_ALLOCATE|[18]|Bytes:4
14:34:13.0 (15684250)|SYSTEM_METHOD_EXIT|[18]|Schema.SObjectType.getDescribe()
14:34:13.0 (15696587)|LIMIT_USAGE|[18]|RECORD_TYPE_DESCRIBES|4|100
14:34:13.0 (15710463)|HEAP_ALLOCATE|[18]|Bytes:16
14:34:13.0 (15715698)|HEAP_ALLOCATE|[18]|Bytes:3
14:34:13.0 (15730492)|SYSTEM_METHOD_ENTRY|[18]|Map<String,Schema.RecordTypeInfo>.get(Object)
14:34:13.0 (15747273)|SYSTEM_METHOD_EXIT|[18]|Map<String,Schema.RecordTypeInfo>.get(Object)
14:34:13.0 (15767013)|HEAP_ALLOCATE|[18]|Bytes:4
14:34:13.0 (15774509)|HEAP_ALLOCATE|[18]|Bytes:18
14:34:13.0 (15786222)|VARIABLE_ASSIGNMENT|[18]|opportunityTriggerHandler.PRARecordTypeID|"012O0000000DDVOIA4"
14:34:13.0 (15789123)|STATEMENT_EXECUTE|[19]
14:34:13.0 (15795915)|HEAP_ALLOCATE|[19]|Bytes:5
14:34:13.0 (15802373)|VARIABLE_ASSIGNMENT|[19]|opportunityTriggerHandler.recursion|false
14:34:13.0 (15804590)|STATEMENT_EXECUTE|[20]
14:34:13.0 (15807617)|HEAP_ALLOCATE|[20]|Bytes:5
14:34:13.0 (15812268)|VARIABLE_ASSIGNMENT|[20]|opportunityTriggerHandler.isTest|false
14:34:13.0 (15820845)|METHOD_EXIT|[13]|opportunityTriggerHandler
14:34:13.0 (16053476)|HEAP_ALLOCATE|[4]|Bytes:12
14:34:13.0 (16070160)|CONSTRUCTOR_ENTRY|[4]|01pO0000000371i|<init>()
14:34:13.0 (16099752)|VARIABLE_SCOPE_BEGIN|[22]|this|opportunityTriggerHandler|true|false
14:34:13.0 (16139113)|VARIABLE_ASSIGNMENT|[22]|this|{}|0x8e321b3
14:34:13.0 (16144197)|STATEMENT_EXECUTE|[13]
14:34:13.0 (16152709)|HEAP_ALLOCATE|[22]|Bytes:48
14:34:13.0 (16158192)|HEAP_ALLOCATE|[22]|Bytes:69
14:34:13.0 (16170869)|METHOD_ENTRY|[1]|01pO00000003AAn|TriggerHandler.TriggerHandler()
14:34:13.0 (16173507)|STATEMENT_EXECUTE|[1]
14:34:13.0 (16176443)|STATEMENT_EXECUTE|[1]
14:34:13.0 (16177731)|STATEMENT_EXECUTE|[16]
14:34:13.0 (16178640)|STATEMENT_EXECUTE|[17]
14:34:13.0 (16184910)|HEAP_ALLOCATE|[17]|Bytes:4
14:34:13.0 (16222844)|VARIABLE_ASSIGNMENT|[17]|TriggerHandler.loopCountMap|{}|0x36a5233e
14:34:13.0 (16226129)|STATEMENT_EXECUTE|[18]
14:34:13.0 (16233277)|HEAP_ALLOCATE|[18]|Bytes:4
14:34:13.0 (16247391)|SYSTEM_CONSTRUCTOR_ENTRY|[18]|<init>(Integer)
14:34:13.0 (16266270)|SYSTEM_CONSTRUCTOR_EXIT|[18]|<init>(Integer)
14:34:13.0 (16300000)|VARIABLE_ASSIGNMENT|[18]|TriggerHandler.bypassedHandlers|[]|0x27e16ded
14:34:13.0 (16303222)|STATEMENT_EXECUTE|[187]
14:34:13.0 (16304398)|STATEMENT_EXECUTE|[236]
14:34:13.0 (16309842)|METHOD_EXIT|[1]|TriggerHandler
14:34:13.0 (16316122)|CONSTRUCTOR_ENTRY|[22]|01pO00000003AAn|<init>()
14:34:13.0 (16492383)|VARIABLE_SCOPE_BEGIN|[22]|this|TriggerHandler|true|false
14:34:13.0 (16510237)|VARIABLE_ASSIGNMENT|[22]|this|{}|0x8e321b3
14:34:13.0 (16514332)|STATEMENT_EXECUTE|[1]
14:34:13.0 (16515521)|STATEMENT_EXECUTE|[9]
14:34:13.0 (16516646)|STATEMENT_EXECUTE|[13]
14:34:13.0 (16523807)|HEAP_ALLOCATE|[23]|Bytes:6
14:34:13.0 (16547031)|STATEMENT_EXECUTE|[22]
14:34:13.0 (16549079)|STATEMENT_EXECUTE|[23]
14:34:13.0 (16576492)|METHOD_ENTRY|[23]|01pO00000003AAn|TriggerHandler.setTriggerContext()
14:34:13.0 (16603358)|VARIABLE_SCOPE_BEGIN|[94]|this|TriggerHandler|true|false
14:34:13.0 (16618034)|VARIABLE_ASSIGNMENT|[94]|this|{}|0x8e321b3
14:34:13.0 (16637496)|STATEMENT_EXECUTE|[94]
14:34:13.0 (16639868)|STATEMENT_EXECUTE|[95]
14:34:13.0 (16661926)|METHOD_ENTRY|[95]|01pO00000003AAn|TriggerHandler.setTriggerContext(String, Boolean)
14:34:13.0 (16693308)|VARIABLE_SCOPE_BEGIN|[99]|this|TriggerHandler|true|false
14:34:13.0 (16709119)|VARIABLE_ASSIGNMENT|[99]|this|{}|0x8e321b3
14:34:13.0 (16712827)|VARIABLE_SCOPE_BEGIN|[99]|ctx|String|false|false
14:34:13.0 (16716176)|VARIABLE_ASSIGNMENT|[99]|ctx|null
14:34:13.0 (16720816)|VARIABLE_SCOPE_BEGIN|[99]|testMode|Boolean|false|false
14:34:13.0 (16724092)|VARIABLE_ASSIGNMENT|[99]|testMode|false
14:34:13.0 (16728285)|STATEMENT_EXECUTE|[99]
14:34:13.0 (16745316)|STATEMENT_EXECUTE|[103]
14:34:13.0 (16747070)|STATEMENT_EXECUTE|[104]
14:34:13.0 (16752924)|HEAP_ALLOCATE|[104]|Bytes:5
14:34:13.0 (16787676)|STATEMENT_EXECUTE|[114]
14:34:13.0 (16789466)|STATEMENT_EXECUTE|[115]
14:34:13.0 (16811240)|HEAP_ALLOCATE|[115]|Bytes:12
14:34:13.0 (16816454)|HEAP_ALLOCATE|[115]|Bytes:13
14:34:13.0 (16869245)|HEAP_ALLOCATE|[115]|Bytes:12
14:34:13.0 (16873608)|HEAP_ALLOCATE|[115]|Bytes:13
14:34:13.0 (16885591)|HEAP_ALLOCATE|[115]|Bytes:12
14:34:13.0 (16888696)|HEAP_ALLOCATE|[115]|Bytes:13
14:34:13.0 (16898997)|HEAP_ALLOCATE|[115]|Bytes:12
14:34:13.0 (16901842)|HEAP_ALLOCATE|[115]|Bytes:12
14:34:13.0 (16911608)|HEAP_ALLOCATE|[115]|Bytes:12
14:34:13.0 (16914672)|HEAP_ALLOCATE|[115]|Bytes:12
14:34:13.0 (16924121)|HEAP_ALLOCATE|[115]|Bytes:12
14:34:13.0 (16926950)|HEAP_ALLOCATE|[115]|Bytes:12
14:34:13.0 (16936697)|HEAP_ALLOCATE|[115]|Bytes:12
14:34:13.0 (16949210)|HEAP_ALLOCATE|[115]|Bytes:14
14:34:13.0 (16987368)|METHOD_EXIT|[95]|01pO00000003AAn|TriggerHandler.setTriggerContext(String, Boolean)
14:34:13.0 (16996830)|METHOD_EXIT|[23]|01pO00000003AAn|TriggerHandler.setTriggerContext()
14:34:13.0 (17001602)|CONSTRUCTOR_EXIT|[22]|01pO00000003AAn|<init>()
14:34:13.0 (17005003)|STATEMENT_EXECUTE|[22]
14:34:13.0 (17008495)|CONSTRUCTOR_EXIT|[4]|01pO0000000371i|<init>()
14:34:13.0 (17017258)|METHOD_ENTRY|[4]|01pO00000003AAn|TriggerHandler.run()
14:34:13.0 (17022774)|VARIABLE_SCOPE_BEGIN|[31]|this|TriggerHandler|true|false
14:34:13.0 (17044312)|VARIABLE_ASSIGNMENT|[31]|this|{"context":"0x425cf187","isTriggerExecuting":true}|0x8e321b3
14:34:13.0 (17048971)|STATEMENT_EXECUTE|[31]
14:34:13.0 (17057525)|METHOD_ENTRY|[33]|01pO00000003AAn|TriggerHandler.validateRun()
14:34:13.0 (17077284)|VARIABLE_SCOPE_BEGIN|[146]|this|TriggerHandler|true|false
14:34:13.0 (17093391)|VARIABLE_ASSIGNMENT|[146]|this|{"context":"0x425cf187","isTriggerExecuting":true}|0x8e321b3
14:34:13.0 (17097764)|STATEMENT_EXECUTE|[146]
14:34:13.0 (17105021)|STATEMENT_EXECUTE|[147]
14:34:13.0 (17114445)|METHOD_ENTRY|[150]|01pO00000003AAn|TriggerHandler.getHandlerName()
14:34:13.0 (17129519)|VARIABLE_SCOPE_BEGIN|[157]|this|TriggerHandler|true|false
14:34:13.0 (17144690)|VARIABLE_ASSIGNMENT|[157]|this|{"context":"0x425cf187","isTriggerExecuting":true}|0x8e321b3
14:34:13.0 (17170768)|STATEMENT_EXECUTE|[157]
14:34:13.0 (17173650)|STATEMENT_EXECUTE|[158]
14:34:13.0 (17212692)|SYSTEM_METHOD_ENTRY|[158]|String.valueOf(Object)
14:34:13.0 (17321874)|HEAP_ALLOCATE|[158]|Bytes:379
14:34:13.0 (17340155)|SYSTEM_METHOD_EXIT|[158]|String.valueOf(Object)
14:34:13.0 (17356957)|SYSTEM_METHOD_ENTRY|[158]|String.valueOf(Object)
14:34:13.0 (17396418)|HEAP_ALLOCATE|[158]|Bytes:379
14:34:13.0 (17411462)|SYSTEM_METHOD_EXIT|[158]|String.valueOf(Object)
14:34:13.0 (17416035)|HEAP_ALLOCATE|[158]|Bytes:1
14:34:13.0 (17431464)|SYSTEM_METHOD_ENTRY|[158]|String.indexOf(String)
14:34:13.0 (17441731)|SYSTEM_METHOD_EXIT|[158]|String.indexOf(String)
14:34:13.0 (17454785)|SYSTEM_METHOD_ENTRY|[158]|String.substring(Integer, Integer)
14:34:13.0 (17460659)|HEAP_ALLOCATE|[158]|Bytes:25
14:34:13.0 (17469289)|SYSTEM_METHOD_EXIT|[158]|String.substring(Integer, Integer)
14:34:13.0 (17475225)|METHOD_EXIT|[150]|01pO00000003AAn|TriggerHandler.getHandlerName()
14:34:13.0 (17500105)|SYSTEM_METHOD_ENTRY|[150]|Set<String>.contains(Object)
14:34:13.0 (17514092)|SYSTEM_METHOD_EXIT|[150]|Set<String>.contains(Object)
14:34:13.0 (17519135)|STATEMENT_EXECUTE|[150]
14:34:13.0 (17520883)|STATEMENT_EXECUTE|[153]
14:34:13.0 (17524747)|METHOD_EXIT|[33]|01pO00000003AAn|TriggerHandler.validateRun()
14:34:13.0 (17527867)|STATEMENT_EXECUTE|[33]
14:34:13.0 (17529065)|STATEMENT_EXECUTE|[35]
14:34:13.0 (17536270)|METHOD_ENTRY|[35]|01pO00000003AAn|TriggerHandler.addToLoopCount()
14:34:13.0 (17554640)|VARIABLE_SCOPE_BEGIN|[133]|this|TriggerHandler|true|false
14:34:13.0 (17573162)|VARIABLE_ASSIGNMENT|[133]|this|{"context":"0x425cf187","isTriggerExecuting":true}|0x8e321b3
14:34:13.0 (17578317)|STATEMENT_EXECUTE|[133]
14:34:13.0 (17579543)|STATEMENT_EXECUTE|[134]
14:34:13.0 (17594942)|METHOD_ENTRY|[134]|01pO00000003AAn|TriggerHandler.getHandlerName()
14:34:13.0 (17607683)|VARIABLE_SCOPE_BEGIN|[157]|this|TriggerHandler|true|false
14:34:13.0 (17623408)|VARIABLE_ASSIGNMENT|[157]|this|{"context":"0x425cf187","isTriggerExecuting":true}|0x8e321b3
14:34:13.0 (17631785)|STATEMENT_EXECUTE|[157]
14:34:13.0 (17632908)|STATEMENT_EXECUTE|[158]
14:34:13.0 (17652172)|SYSTEM_METHOD_ENTRY|[158]|String.valueOf(Object)
14:34:13.0 (17694083)|HEAP_ALLOCATE|[158]|Bytes:379
14:34:13.0 (17720663)|SYSTEM_METHOD_EXIT|[158]|String.valueOf(Object)
14:34:13.0 (17737130)|SYSTEM_METHOD_ENTRY|[158]|String.valueOf(Object)
14:34:13.0 (17775328)|HEAP_ALLOCATE|[158]|Bytes:379
14:34:13.0 (17789963)|SYSTEM_METHOD_EXIT|[158]|String.valueOf(Object)
14:34:13.0 (17800830)|SYSTEM_METHOD_ENTRY|[158]|String.indexOf(String)
14:34:13.0 (17809284)|SYSTEM_METHOD_EXIT|[158]|String.indexOf(String)
14:34:13.0 (17818834)|SYSTEM_METHOD_ENTRY|[158]|String.substring(Integer, Integer)
14:34:13.0 (17823385)|HEAP_ALLOCATE|[158]|Bytes:25
14:34:13.0 (17831968)|SYSTEM_METHOD_EXIT|[158]|String.substring(Integer, Integer)
14:34:13.0 (17837140)|METHOD_EXIT|[134]|01pO00000003AAn|TriggerHandler.getHandlerName()
14:34:13.0 (17841227)|VARIABLE_SCOPE_BEGIN|[134]|handlerName|String|false|false
14:34:13.0 (17851388)|VARIABLE_ASSIGNMENT|[134]|handlerName|"opportunityTriggerHa (5 more) ..."
14:34:13.0 (17868096)|SYSTEM_METHOD_ENTRY|[135]|Map<String,TriggerHandler.LoopCount>.containsKey(Object)
14:34:13.0 (17890385)|SYSTEM_METHOD_EXIT|[135]|Map<String,TriggerHandler.LoopCount>.containsKey(Object)
14:34:13.0 (17895635)|STATEMENT_EXECUTE|[135]
14:34:13.0 (17899582)|METHOD_EXIT|[35]|01pO00000003AAn|TriggerHandler.addToLoopCount()
14:34:13.0 (17934675)|SYSTEM_METHOD_ENTRY|[38]|com.salesforce.api.fast.System.compareObjects(Object, Object)
14:34:13.0 (17999137)|SYSTEM_METHOD_EXIT|[38]|com.salesforce.api.fast.System.compareObjects(Object, Object)
14:34:13.0 (18018437)|SYSTEM_METHOD_ENTRY|[40]|com.salesforce.api.fast.System.compareObjects(Object, Object)
14:34:13.0 (18059663)|SYSTEM_METHOD_EXIT|[40]|com.salesforce.api.fast.System.compareObjects(Object, Object)
14:34:13.0 (18077517)|SYSTEM_METHOD_ENTRY|[42]|com.salesforce.api.fast.System.compareObjects(Object, Object)
14:34:13.0 (18102495)|SYSTEM_METHOD_EXIT|[42]|com.salesforce.api.fast.System.compareObjects(Object, Object)
14:34:13.0 (18106754)|STATEMENT_EXECUTE|[42]
14:34:13.0 (18108299)|STATEMENT_EXECUTE|[43]
14:34:13.0 (18116108)|METHOD_ENTRY|[43]|01pO00000003AAn|TriggerHandler.beforeDelete()
14:34:13.0 (18134177)|VARIABLE_SCOPE_BEGIN|[171]|this|TriggerHandler|true|false
14:34:13.0 (18152677)|VARIABLE_ASSIGNMENT|[171]|this|{"context":"0x425cf187","isTriggerExecuting":true}|0x8e321b3
14:34:13.0 (18157305)|STATEMENT_EXECUTE|[171]
14:34:13.0 (18162353)|METHOD_EXIT|[43]|01pO00000003AAn|TriggerHandler.beforeDelete()
14:34:13.0 (18166766)|METHOD_EXIT|[4]|01pO00000003AAn|TriggerHandler.run()
14:34:13.18 (18174435)|CUMULATIVE_LIMIT_USAGE
14:34:13.18 (18174435)|LIMIT_USAGE_FOR_NS|(default)|
  Number of SOQL queries: 0 out of 100
  Number of query rows: 0 out of 50000
  Number of SOSL queries: 0 out of 20
  Number of DML statements: 0 out of 150
  Number of DML rows: 0 out of 10000
  Maximum CPU time: 0 out of 10000
  Maximum heap size: 0 out of 6000000
  Number of callouts: 0 out of 100
  Number of Email Invocations: 0 out of 10
  Number of future calls: 0 out of 50
  Number of queueable jobs added to the queue: 0 out of 50
  Number of Mobile Apex push calls: 0 out of 10

14:34:13.18 (18174435)|TOTAL_EMAIL_RECIPIENTS_QUEUED|0
14:34:13.18 (18174435)|STATIC_VARIABLE_LIST|
  char[]:DigitTens:0
  long:serialVersionUID:0
  long:serialVersionUID:0
  String:_sfdcAdditionalCodeLocations:0
  String:_sfdcAdditionalCodeLocations:0
  double:MAX_VALUE:0
  Boolean:FALSE:0
  long:serialVersionUID:0
  String:_sfdcAdditionalCodeLocations:0
  String:_static_PRATemplateRecordTypeID:0
  Boolean:_static_runOnce:0
  double:MIN_VALUE:0
  int:SIZE:0
  TriggerHandler.TriggerContext:BEFORE_INSERT:0
  double:NEGATIVE_INFINITY:0
  int:MAX_VALUE:0
  TriggerHandler.TriggerContext:AFTER_UNDELETE:0
  char[]:digits:0
  double:NaN:0
  Boolean:TRUE:0
  TriggerHandler.TriggerContext:AFTER_INSERT:0
  Boolean:_static_isTest:0
  Boolean:_static_recursion:0
  TriggerHandler.TriggerContext:AFTER_DELETE:0
  int:MIN_VALUE:0
  char[]:DigitOnes:0
  String:_static_KCRATemplateRecordTypeID:0
  TriggerHandler.TriggerContext:AFTER_UPDATE:0
  String:__sfdcInnerTypes:0
  int:BYTES:0
  Map<String,TriggerHandler.LoopCount>:_static_loopCountMap:0
  Set<String>:_static_bypassedHandlers:0
  int:MIN_EXPONENT:0
  int[]:sizeTable:0
  TriggerHandler.TriggerContext:BEFORE_DELETE:0
  String:_sfdcSuppressedCodeLocations:0
  int:MAX_EXPONENT:0
  String:_static_PRARecordTypeID:0
  TriggerHandler.TriggerContext:BEFORE_UPDATE:0
  int:SIZE:0
  double:POSITIVE_INFINITY:0
  double:MIN_NORMAL:0
  String:_static_KCRARecordTypeID:0
  int:BYTES:0

14:34:13.18 (18174435)|CUMULATIVE_LIMIT_USAGE_END

14:34:13.0 (19845081)|CODE_UNIT_FINISHED|opportunityTrigger on Opportunity trigger event BeforeDelete for [006O0000008l2Bi]
14:34:13.0 (505640168)|CODE_UNIT_STARTED|[EXTERNAL]|01qO00000000SDP|opportunityTrigger on Opportunity trigger event AfterDelete for [006O0000008l2Bi]
14:34:13.0 (505676742)|HEAP_ALLOCATE|[EXTERNAL]|Bytes:8
14:34:13.0 (505777814)|HEAP_ALLOCATE|[EXTERNAL]|Bytes:4
14:34:13.0 (505790703)|VARIABLE_SCOPE_BEGIN|[1]|this|opportunityTrigger|true|false
14:34:13.0 (505826910)|VARIABLE_ASSIGNMENT|[1]|this|{}|0x6b5f9f46
14:34:13.0 (505862287)|HEAP_ALLOCATE|[EXTERNAL]|Bytes:4
14:34:13.0 (505873367)|VARIABLE_SCOPE_BEGIN|[1]|this|opportunityTrigger|true|false
14:34:13.0 (505888476)|VARIABLE_ASSIGNMENT|[1]|this|{}|0x6b5f9f46
14:34:13.0 (505895450)|STATEMENT_EXECUTE|[1]
14:34:13.0 (505898084)|STATEMENT_EXECUTE|[4]
14:34:13.0 (505905905)|HEAP_ALLOCATE|[4]|Bytes:12
14:34:13.0 (505925277)|CONSTRUCTOR_ENTRY|[4]|01pO0000000371i|<init>()
14:34:13.0 (505935950)|VARIABLE_SCOPE_BEGIN|[22]|this|opportunityTriggerHandler|true|false
14:34:13.0 (505965478)|VARIABLE_ASSIGNMENT|[22]|this|{}|0x4bce1e01
14:34:13.0 (505970556)|STATEMENT_EXECUTE|[13]
14:34:13.0 (505977412)|CONSTRUCTOR_ENTRY|[22]|01pO00000003AAn|<init>()
14:34:13.0 (505983338)|VARIABLE_SCOPE_BEGIN|[22]|this|TriggerHandler|true|false
14:34:13.0 (505996717)|VARIABLE_ASSIGNMENT|[22]|this|{}|0x4bce1e01
14:34:13.0 (506000364)|STATEMENT_EXECUTE|[1]
14:34:13.0 (506003110)|STATEMENT_EXECUTE|[9]
14:34:13.0 (506005444)|STATEMENT_EXECUTE|[13]
14:34:13.0 (506028148)|STATEMENT_EXECUTE|[22]
14:34:13.0 (506030402)|STATEMENT_EXECUTE|[23]
14:34:13.0 (506042974)|METHOD_ENTRY|[23]|01pO00000003AAn|TriggerHandler.setTriggerContext()
14:34:13.0 (506048531)|VARIABLE_SCOPE_BEGIN|[94]|this|TriggerHandler|true|false
14:34:13.0 (506062508)|VARIABLE_ASSIGNMENT|[94]|this|{}|0x4bce1e01
14:34:13.0 (506067178)|STATEMENT_EXECUTE|[94]
14:34:13.0 (506068920)|STATEMENT_EXECUTE|[95]
14:34:13.0 (506079251)|METHOD_ENTRY|[95]|01pO00000003AAn|TriggerHandler.setTriggerContext(String, Boolean)
14:34:13.0 (506084995)|VARIABLE_SCOPE_BEGIN|[99]|this|TriggerHandler|true|false
14:34:13.0 (506097513)|VARIABLE_ASSIGNMENT|[99]|this|{}|0x4bce1e01
14:34:13.0 (506100590)|VARIABLE_SCOPE_BEGIN|[99]|ctx|String|false|false
14:34:13.0 (506105936)|VARIABLE_ASSIGNMENT|[99]|ctx|null
14:34:13.0 (506115471)|VARIABLE_SCOPE_BEGIN|[99]|testMode|Boolean|false|false
14:34:13.0 (506120764)|VARIABLE_ASSIGNMENT|[99]|testMode|false
14:34:13.0 (506124631)|STATEMENT_EXECUTE|[99]
14:34:13.0 (506137457)|STATEMENT_EXECUTE|[103]
14:34:13.0 (506139795)|STATEMENT_EXECUTE|[104]
14:34:13.0 (506146653)|HEAP_ALLOCATE|[104]|Bytes:5
14:34:13.0 (506213430)|STATEMENT_EXECUTE|[123]
14:34:13.0 (506217058)|STATEMENT_EXECUTE|[124]
14:34:13.0 (506238069)|METHOD_EXIT|[95]|01pO00000003AAn|TriggerHandler.setTriggerContext(String, Boolean)
14:34:13.0 (506245606)|METHOD_EXIT|[23]|01pO00000003AAn|TriggerHandler.setTriggerContext()
14:34:13.0 (506252989)|CONSTRUCTOR_EXIT|[22]|01pO00000003AAn|<init>()
14:34:13.0 (506255799)|STATEMENT_EXECUTE|[22]
14:34:13.0 (506260148)|CONSTRUCTOR_EXIT|[4]|01pO0000000371i|<init>()
14:34:13.0 (506267180)|METHOD_ENTRY|[4]|01pO00000003AAn|TriggerHandler.run()
14:34:13.0 (506272420)|VARIABLE_SCOPE_BEGIN|[31]|this|TriggerHandler|true|false
14:34:13.0 (506301044)|VARIABLE_ASSIGNMENT|[31]|this|{"context":"0x2901cbb7","isTriggerExecuting":true}|0x4bce1e01
14:34:13.0 (506307277)|STATEMENT_EXECUTE|[31]
14:34:13.0 (506315502)|METHOD_ENTRY|[33]|01pO00000003AAn|TriggerHandler.validateRun()
14:34:13.0 (506321556)|VARIABLE_SCOPE_BEGIN|[146]|this|TriggerHandler|true|false
14:34:13.0 (506341596)|VARIABLE_ASSIGNMENT|[146]|this|{"context":"0x2901cbb7","isTriggerExecuting":true}|0x4bce1e01
14:34:13.0 (506346887)|STATEMENT_EXECUTE|[146]
14:34:13.0 (506353926)|STATEMENT_EXECUTE|[147]
14:34:13.0 (506363327)|METHOD_ENTRY|[150]|01pO00000003AAn|TriggerHandler.getHandlerName()
14:34:13.0 (506369654)|VARIABLE_SCOPE_BEGIN|[157]|this|TriggerHandler|true|false
14:34:13.0 (506392194)|VARIABLE_ASSIGNMENT|[157]|this|{"context":"0x2901cbb7","isTriggerExecuting":true}|0x4bce1e01
14:34:13.0 (506398262)|STATEMENT_EXECUTE|[157]
14:34:13.0 (506400251)|STATEMENT_EXECUTE|[158]
14:34:13.0 (506439812)|SYSTEM_METHOD_ENTRY|[158]|String.valueOf(Object)
14:34:13.0 (506539680)|HEAP_ALLOCATE|[158]|Bytes:378
14:34:13.0 (506564387)|SYSTEM_METHOD_EXIT|[158]|String.valueOf(Object)
14:34:13.0 (506588725)|SYSTEM_METHOD_ENTRY|[158]|String.valueOf(Object)
14:34:13.0 (506654016)|HEAP_ALLOCATE|[158]|Bytes:378
14:34:13.0 (506676564)|SYSTEM_METHOD_EXIT|[158]|String.valueOf(Object)
14:34:13.0 (506696044)|SYSTEM_METHOD_ENTRY|[158]|String.indexOf(String)
14:34:13.0 (506713008)|SYSTEM_METHOD_EXIT|[158]|String.indexOf(String)
14:34:13.0 (506730820)|SYSTEM_METHOD_ENTRY|[158]|String.substring(Integer, Integer)
14:34:13.0 (506739739)|HEAP_ALLOCATE|[158]|Bytes:25
14:34:13.0 (506754788)|SYSTEM_METHOD_EXIT|[158]|String.substring(Integer, Integer)
14:34:13.0 (506763569)|METHOD_EXIT|[150]|01pO00000003AAn|TriggerHandler.getHandlerName()
14:34:13.0 (506783745)|SYSTEM_METHOD_ENTRY|[150]|Set<String>.contains(Object)
14:34:13.0 (506804263)|SYSTEM_METHOD_EXIT|[150]|Set<String>.contains(Object)
14:34:13.0 (506811734)|STATEMENT_EXECUTE|[150]
14:34:13.0 (506814096)|STATEMENT_EXECUTE|[153]
14:34:13.0 (506820284)|METHOD_EXIT|[33]|01pO00000003AAn|TriggerHandler.validateRun()
14:34:13.0 (506825491)|STATEMENT_EXECUTE|[33]
14:34:13.0 (506827344)|STATEMENT_EXECUTE|[35]
14:34:13.0 (506834507)|METHOD_ENTRY|[35]|01pO00000003AAn|TriggerHandler.addToLoopCount()
14:34:13.0 (506840783)|VARIABLE_SCOPE_BEGIN|[133]|this|TriggerHandler|true|false
14:34:13.0 (506866121)|VARIABLE_ASSIGNMENT|[133]|this|{"context":"0x2901cbb7","isTriggerExecuting":true}|0x4bce1e01
14:34:13.0 (506872015)|STATEMENT_EXECUTE|[133]
14:34:13.0 (506873967)|STATEMENT_EXECUTE|[134]
14:34:13.0 (506881790)|METHOD_ENTRY|[134]|01pO00000003AAn|TriggerHandler.getHandlerName()
14:34:13.0 (506887618)|VARIABLE_SCOPE_BEGIN|[157]|this|TriggerHandler|true|false
14:34:13.0 (506907150)|VARIABLE_ASSIGNMENT|[157]|this|{"context":"0x2901cbb7","isTriggerExecuting":true}|0x4bce1e01
14:34:13.0 (506912268)|STATEMENT_EXECUTE|[157]
14:34:13.0 (506914498)|STATEMENT_EXECUTE|[158]
14:34:13.0 (506936203)|SYSTEM_METHOD_ENTRY|[158]|String.valueOf(Object)
14:34:13.0 (506996348)|HEAP_ALLOCATE|[158]|Bytes:378
14:34:13.0 (507018632)|SYSTEM_METHOD_EXIT|[158]|String.valueOf(Object)
14:34:13.0 (507041529)|SYSTEM_METHOD_ENTRY|[158]|String.valueOf(Object)
14:34:13.0 (507100846)|HEAP_ALLOCATE|[158]|Bytes:378
14:34:13.0 (507126491)|SYSTEM_METHOD_EXIT|[158]|String.valueOf(Object)
14:34:13.0 (507148334)|SYSTEM_METHOD_ENTRY|[158]|String.indexOf(String)
14:34:13.0 (507165365)|SYSTEM_METHOD_EXIT|[158]|String.indexOf(String)
14:34:13.0 (507181465)|SYSTEM_METHOD_ENTRY|[158]|String.substring(Integer, Integer)
14:34:13.0 (507187577)|HEAP_ALLOCATE|[158]|Bytes:25
14:34:13.0 (507201176)|SYSTEM_METHOD_EXIT|[158]|String.substring(Integer, Integer)
14:34:13.0 (507208737)|METHOD_EXIT|[134]|01pO00000003AAn|TriggerHandler.getHandlerName()
14:34:13.0 (507215289)|VARIABLE_SCOPE_BEGIN|[134]|handlerName|String|false|false
14:34:13.0 (507227858)|VARIABLE_ASSIGNMENT|[134]|handlerName|"opportunityTriggerHa (5 more) ..."
14:34:13.0 (507246390)|SYSTEM_METHOD_ENTRY|[135]|Map<String,TriggerHandler.LoopCount>.containsKey(Object)
14:34:13.0 (507262928)|SYSTEM_METHOD_EXIT|[135]|Map<String,TriggerHandler.LoopCount>.containsKey(Object)
14:34:13.0 (507271073)|STATEMENT_EXECUTE|[135]
14:34:13.0 (507278924)|METHOD_EXIT|[35]|01pO00000003AAn|TriggerHandler.addToLoopCount()
14:34:13.0 (507308607)|SYSTEM_METHOD_ENTRY|[38]|com.salesforce.api.fast.System.compareObjects(Object, Object)
14:34:13.0 (507370226)|SYSTEM_METHOD_EXIT|[38]|com.salesforce.api.fast.System.compareObjects(Object, Object)
14:34:13.0 (507397006)|SYSTEM_METHOD_ENTRY|[40]|com.salesforce.api.fast.System.compareObjects(Object, Object)
14:34:13.0 (507441665)|SYSTEM_METHOD_EXIT|[40]|com.salesforce.api.fast.System.compareObjects(Object, Object)
14:34:13.0 (507478920)|SYSTEM_METHOD_ENTRY|[42]|com.salesforce.api.fast.System.compareObjects(Object, Object)
14:34:13.0 (507523928)|SYSTEM_METHOD_EXIT|[42]|com.salesforce.api.fast.System.compareObjects(Object, Object)
14:34:13.0 (507556299)|SYSTEM_METHOD_ENTRY|[44]|com.salesforce.api.fast.System.compareObjects(Object, Object)
14:34:13.0 (507621312)|SYSTEM_METHOD_EXIT|[44]|com.salesforce.api.fast.System.compareObjects(Object, Object)
14:34:13.0 (507657670)|SYSTEM_METHOD_ENTRY|[46]|com.salesforce.api.fast.System.compareObjects(Object, Object)
14:34:13.0 (507708502)|SYSTEM_METHOD_EXIT|[46]|com.salesforce.api.fast.System.compareObjects(Object, Object)
14:34:13.0 (507733738)|SYSTEM_METHOD_ENTRY|[48]|com.salesforce.api.fast.System.compareObjects(Object, Object)
14:34:13.0 (507767495)|SYSTEM_METHOD_EXIT|[48]|com.salesforce.api.fast.System.compareObjects(Object, Object)
14:34:13.0 (507773724)|STATEMENT_EXECUTE|[48]
14:34:13.0 (507776068)|STATEMENT_EXECUTE|[49]
14:34:13.0 (507789278)|METHOD_ENTRY|[49]|01pO00000003AAn|TriggerHandler.afterDelete()
14:34:13.0 (507815316)|VARIABLE_SCOPE_BEGIN|[177]|this|TriggerHandler|true|false
14:34:13.0 (507840522)|VARIABLE_ASSIGNMENT|[177]|this|{"context":"0x2901cbb7","isTriggerExecuting":true}|0x4bce1e01
14:34:13.0 (507847078)|STATEMENT_EXECUTE|[177]
14:34:13.0 (507854270)|METHOD_EXIT|[49]|01pO00000003AAn|TriggerHandler.afterDelete()
14:34:13.0 (507861393)|METHOD_EXIT|[4]|01pO00000003AAn|TriggerHandler.run()
14:34:13.507 (507870177)|CUMULATIVE_LIMIT_USAGE
14:34:13.507 (507870177)|LIMIT_USAGE_FOR_NS|(default)|
  Number of SOQL queries: 0 out of 100
  Number of query rows: 0 out of 50000
  Number of SOSL queries: 0 out of 20
  Number of DML statements: 0 out of 150
  Number of DML rows: 0 out of 10000
  Maximum CPU time: 0 out of 10000
  Maximum heap size: 0 out of 6000000
  Number of callouts: 0 out of 100
  Number of Email Invocations: 0 out of 10
  Number of future calls: 0 out of 50
  Number of queueable jobs added to the queue: 0 out of 50
  Number of Mobile Apex push calls: 0 out of 10

14:34:13.507 (507870177)|TOTAL_EMAIL_RECIPIENTS_QUEUED|0
14:34:13.507 (507870177)|STATIC_VARIABLE_LIST|
  char[]:DigitTens:0
  long:serialVersionUID:0
  long:serialVersionUID:0
  String:_sfdcAdditionalCodeLocations:0
  String:_sfdcAdditionalCodeLocations:0
  double:MAX_VALUE:0
  Boolean:FALSE:0
  long:serialVersionUID:0
  String:_sfdcAdditionalCodeLocations:0
  String:_static_PRATemplateRecordTypeID:0
  Boolean:_static_runOnce:0
  double:MIN_VALUE:0
  int:SIZE:0
  TriggerHandler.TriggerContext:BEFORE_INSERT:0
  double:NEGATIVE_INFINITY:0
  int:MAX_VALUE:0
  TriggerHandler.TriggerContext:AFTER_UNDELETE:0
  char[]:digits:0
  double:NaN:0
  Boolean:TRUE:0
  TriggerHandler.TriggerContext:AFTER_INSERT:0
  Boolean:_static_isTest:0
  Boolean:_static_recursion:0
  TriggerHandler.TriggerContext:AFTER_DELETE:0
  int:MIN_VALUE:0
  char[]:DigitOnes:0
  String:_static_KCRATemplateRecordTypeID:0
  TriggerHandler.TriggerContext:AFTER_UPDATE:0
  String:__sfdcInnerTypes:0
  int:BYTES:0
  Map<String,TriggerHandler.LoopCount>:_static_loopCountMap:0
  Set<String>:_static_bypassedHandlers:0
  int:MIN_EXPONENT:0
  int[]:sizeTable:0
  TriggerHandler.TriggerContext:BEFORE_DELETE:0
  String:_sfdcSuppressedCodeLocations:0
  int:MAX_EXPONENT:0
  String:_static_PRARecordTypeID:0
  TriggerHandler.TriggerContext:BEFORE_UPDATE:0
  int:SIZE:0
  double:POSITIVE_INFINITY:0
  double:MIN_NORMAL:0
  String:_static_KCRARecordTypeID:0
  int:BYTES:0

14:34:13.507 (507870177)|CUMULATIVE_LIMIT_USAGE_END

14:34:13.0 (509199009)|CODE_UNIT_FINISHED|opportunityTrigger on Opportunity trigger event AfterDelete for [006O0000008l2Bi]
14:34:13.0 (545130956)|CODE_UNIT_FINISHED|TRIGGERS
14:34:13.0 (545143599)|EXECUTION_FINISHED
14:34:13.550 (550491360)|CUMULATIVE_PROFILING_BEGIN
14:34:13.550 (550491360)|CUMULATIVE_PROFILING|No profiling information for SOQL operations
14:34:13.550 (550491360)|CUMULATIVE_PROFILING|No profiling information for SOSL operations
14:34:13.550 (550491360)|CUMULATIVE_PROFILING|No profiling information for DML operations
14:34:13.550 (550491360)|CUMULATIVE_PROFILING|method invocations|
Trigger.opportunityTrigger: line 4, column 1: public opportunityTriggerHandler(): executed 4 times in 4 ms
External entry point: public void invoke(): executed 1 time in 2 ms
Class.TriggerHandler.run: line 33, column 1: private Boolean validateRun(): executed 2 times in 1 ms
Class.TriggerHandler.run: line 35, column 1: private void addToLoopCount(): executed 2 times in 1 ms
Class.TriggerHandler.addToLoopCount: line 134, column 1: private String getHandlerName(): executed 2 times in 1 ms
Class.TriggerHandler.validateRun: line 150, column 1: private String getHandlerName(): executed 4 times in 1 ms
Class.TriggerHandler.<init>: line 23, column 1: private void setTriggerContext(): executed 2 times in 1 ms
Class.TriggerHandler.setTriggerContext: line 95, column 1: private void setTriggerContext(String, Boolean): executed 2 times in 1 ms
Class.opportunityTriggerHandler.<init>: line 22, column 1: public TriggerHandler(): executed 2 times in 1 ms
Class.opportunityTriggerHandler: line 15, column 1: global Schema.DescribeSObjectResult getDescribe(): executed 2 times in 1 ms
Class.TriggerHandler.run: line 38, column 1: public static Integer compareObjects(Object, Object): executed 2 times in 0 ms

14:34:13.550 (550491360)|CUMULATIVE_PROFILING_END
