34.0 APEX_CODE,FINEST;APEX_PROFILING,FINEST;CALLOUT,INFO;DB,INFO;SYSTEM,DEBUG;VALIDATION,INFO;VISUALFORCE,INFO;WAVE,INFO;WORKFLOW,INFO
Execute Anonymous: Email_Alert_Class EA = new Email_Alert_Class();
Execute Anonymous: EA.registerNewEmail(null, false, false, '006O0000008ju1Z', true, false, false, null);
Execute Anonymous: //EA.registerNewEmail(null, false, false, '006O0000008jnef', true, false, false, null);
Execute Anonymous: EA.sendEmails();
05:13:59.1 (1833161)|USER_INFO|[EXTERNAL]|005O0000003t7an|ricky.lowe@jhg.com.au.pcphase2|Australian Eastern Standard Time|GMT+11:00
05:13:59.1 (1843925)|EXECUTION_STARTED
05:13:59.1 (1847421)|CODE_UNIT_STARTED|[EXTERNAL]|execute_anonymous_apex
05:13:59.1 (2080047)|VARIABLE_SCOPE_BEGIN|[1]|EA|Email_Alert_Class|true|false
05:13:59.1 (2196153)|HEAP_ALLOCATE|[72]|Bytes:3
05:13:59.1 (2228089)|HEAP_ALLOCATE|[77]|Bytes:152
05:13:59.1 (2242129)|HEAP_ALLOCATE|[342]|Bytes:408
05:13:59.1 (2258481)|HEAP_ALLOCATE|[355]|Bytes:408
05:13:59.1 (2273552)|HEAP_ALLOCATE|[467]|Bytes:48
05:13:59.1 (2300007)|HEAP_ALLOCATE|[139]|Bytes:6
05:13:59.1 (2328158)|HEAP_ALLOCATE|[EXTERNAL]|Bytes:5
05:13:59.1 (2433257)|STATEMENT_EXECUTE|[1]
05:13:59.1 (2435656)|STATEMENT_EXECUTE|[1]
05:13:59.1 (2441175)|HEAP_ALLOCATE|[1]|Bytes:12
05:13:59.1 (2447603)|HEAP_ALLOCATE|[1]|Bytes:20
05:13:59.1 (2451162)|HEAP_ALLOCATE|[1]|Bytes:9
05:13:59.1 (2471646)|METHOD_ENTRY|[1]|01pO00000003HJI|Email_Alert_Class.Email_Alert_Class()
05:13:59.1 (2473901)|STATEMENT_EXECUTE|[1]
05:13:59.1 (2477085)|STATEMENT_EXECUTE|[1]
05:13:59.1 (2506447)|HEAP_ALLOCATE|[50]|Bytes:5
05:13:59.1 (2532445)|HEAP_ALLOCATE|[56]|Bytes:5
05:13:59.1 (2540370)|HEAP_ALLOCATE|[64]|Bytes:7
05:13:59.1 (2557418)|SYSTEM_MODE_ENTER|false
05:13:59.1 (2566619)|HEAP_ALLOCATE|[1]|Bytes:5
05:13:59.1 (2570256)|STATEMENT_EXECUTE|[33]
05:13:59.1 (2573894)|SYSTEM_MODE_EXIT|false
05:13:59.1 (2580632)|METHOD_EXIT|[1]|Email_Alert_Class
05:13:59.1 (2585735)|HEAP_ALLOCATE|[1]|Bytes:20
05:13:59.1 (2616012)|SYSTEM_MODE_ENTER|false
05:13:59.1 (2630031)|HEAP_ALLOCATE|[1]|Bytes:5
05:13:59.1 (2641325)|CONSTRUCTOR_ENTRY|[1]|01pO00000003HJI|<init>()
05:13:59.1 (2659190)|VARIABLE_SCOPE_BEGIN|[10]|this|Email_Alert_Class|true|false
05:13:59.1 (2687006)|VARIABLE_ASSIGNMENT|[10]|this|{}|0x1827f51f
05:13:59.1 (2695140)|HEAP_ALLOCATE|[4]|Bytes:5
05:13:59.1 (2698075)|STATEMENT_EXECUTE|[1]
05:13:59.1 (2700241)|HEAP_ALLOCATE|[4]|Bytes:5
05:13:59.1 (2701712)|STATEMENT_EXECUTE|[3]
05:13:59.1 (2702822)|STATEMENT_EXECUTE|[4]
05:13:59.1 (2705335)|HEAP_ALLOCATE|[4]|Bytes:22
05:13:59.1 (2717612)|VARIABLE_ASSIGNMENT|[4]|this.CentralEmailAddress|"ricky.lowe@yopmail.c (2 more) ..."|0x1827f51f
05:13:59.1 (2719809)|STATEMENT_EXECUTE|[5]
05:13:59.1 (2720854)|STATEMENT_EXECUTE|[6]
05:13:59.1 (2729448)|HEAP_ALLOCATE|[4]|Bytes:6
05:13:59.1 (2749729)|STATEMENT_EXECUTE|[10]
05:13:59.1 (2751457)|STATEMENT_EXECUTE|[16]
05:13:59.1 (2830829)|HEAP_ALLOCATE|[16]|Bytes:4
05:13:59.1 (2923715)|HEAP_ALLOCATE|[EXTERNAL]|Bytes:4
05:13:59.1 (2935190)|VARIABLE_ASSIGNMENT|[16]|this.messages|[]|0x1827f51f
05:13:59.1 (2937895)|STATEMENT_EXECUTE|[17]
05:13:59.1 (2999147)|HEAP_ALLOCATE|[17]|Bytes:4
05:13:59.1 (3053372)|HEAP_ALLOCATE|[EXTERNAL]|Bytes:4
05:13:59.1 (3062452)|VARIABLE_ASSIGNMENT|[17]|this.EmailMessages|[]|0x1827f51f
05:13:59.1 (3071664)|CONSTRUCTOR_EXIT|[1]|01pO00000003HJI|<init>()
05:13:59.1 (3074824)|SYSTEM_MODE_EXIT|false
05:13:59.1 (3103060)|VARIABLE_ASSIGNMENT|[1]|EA|{"CentralEmailAddress":"ricky.lowe@yopmail.c (2 more) ...","EmailMessages":"0x43333dce","messages":"0x4e2ed721"}|0x1827f51f
05:13:59.1 (3106759)|STATEMENT_EXECUTE|[2]
05:13:59.1 (3115035)|HEAP_ALLOCATE|[2]|Bytes:15
05:13:59.1 (3127772)|HEAP_ALLOCATE|[2]|Bytes:4
05:13:59.1 (3156024)|SYSTEM_MODE_ENTER|false
05:13:59.1 (3166510)|HEAP_ALLOCATE|[2]|Bytes:5
05:13:59.1 (3183667)|METHOD_ENTRY|[2]|01pO00000003HJI|Email_Alert_Class.registerNewEmail(String, Boolean, Boolean, Id, Boolean, Boolean, Boolean, Id)
05:13:59.1 (3197480)|VARIABLE_SCOPE_BEGIN|[20]|this|Email_Alert_Class|true|false
05:13:59.1 (3219274)|VARIABLE_ASSIGNMENT|[20]|this|{"CentralEmailAddress":"ricky.lowe@yopmail.c (2 more) ...","EmailMessages":"0x43333dce","messages":"0x4e2ed721"}|0x1827f51f
05:13:59.1 (3222686)|VARIABLE_SCOPE_BEGIN|[20]|templateDevName|String|false|false
05:13:59.1 (3226383)|VARIABLE_ASSIGNMENT|[20]|templateDevName|null
05:13:59.1 (3230034)|VARIABLE_SCOPE_BEGIN|[20]|sendToPreContractGroup|Boolean|false|false
05:13:59.1 (3233484)|VARIABLE_ASSIGNMENT|[20]|sendToPreContractGroup|false
05:13:59.1 (3235605)|VARIABLE_SCOPE_BEGIN|[20]|sendToCentralEmailAddress|Boolean|false|false
05:13:59.1 (3238456)|VARIABLE_ASSIGNMENT|[20]|sendToCentralEmailAddress|false
05:13:59.1 (3240061)|VARIABLE_SCOPE_BEGIN|[20]|OppID|Id|false|false
05:13:59.1 (3385113)|VARIABLE_ASSIGNMENT|[20]|OppID|"006O0000008ju1ZIAQ"
05:13:59.1 (3391241)|VARIABLE_SCOPE_BEGIN|[20]|sendToPDM|Boolean|false|false
05:13:59.1 (3396005)|VARIABLE_ASSIGNMENT|[20]|sendToPDM|true
05:13:59.1 (3398390)|VARIABLE_SCOPE_BEGIN|[20]|sendToBDM|Boolean|false|false
05:13:59.1 (3400913)|VARIABLE_ASSIGNMENT|[20]|sendToBDM|false
05:13:59.1 (3403050)|VARIABLE_SCOPE_BEGIN|[20]|sendToAllApprovers|Boolean|false|false
05:13:59.1 (3405864)|VARIABLE_ASSIGNMENT|[20]|sendToAllApprovers|false
05:13:59.1 (3407503)|VARIABLE_SCOPE_BEGIN|[20]|currentApprover|Id|false|false
05:13:59.1 (3410129)|VARIABLE_ASSIGNMENT|[20]|currentApprover|null
05:13:59.1 (3418490)|HEAP_ALLOCATE|[21]|Bytes:5
05:13:59.1 (3422301)|STATEMENT_EXECUTE|[20]
05:13:59.1 (3423610)|STATEMENT_EXECUTE|[21]
05:13:59.1 (3431912)|HEAP_ALLOCATE|[21]|Bytes:36
05:13:59.1 (3439877)|CONSTRUCTOR_ENTRY|[21]|01pO00000003HJI|<init>()
05:13:59.1 (3452588)|VARIABLE_SCOPE_BEGIN|[33]|this|Email_Alert_Class.EmailMessage|true|false
05:13:59.1 (3470520)|VARIABLE_ASSIGNMENT|[33]|this|{}|0x7af2534b
05:13:59.1 (3483173)|STATEMENT_EXECUTE|[33]
05:13:59.1 (3484654)|STATEMENT_EXECUTE|[34]
05:13:59.1 (3485646)|STATEMENT_EXECUTE|[35]
05:13:59.1 (3486532)|STATEMENT_EXECUTE|[36]
05:13:59.1 (3487454)|STATEMENT_EXECUTE|[37]
05:13:59.1 (3488483)|STATEMENT_EXECUTE|[38]
05:13:59.1 (3489323)|STATEMENT_EXECUTE|[39]
05:13:59.1 (3490212)|STATEMENT_EXECUTE|[40]
05:13:59.1 (3491015)|STATEMENT_EXECUTE|[41]
05:13:59.1 (3494115)|CONSTRUCTOR_EXIT|[21]|01pO00000003HJI|<init>()
05:13:59.1 (3497342)|VARIABLE_SCOPE_BEGIN|[21]|EM|Email_Alert_Class.EmailMessage|true|false
05:13:59.1 (3514536)|VARIABLE_ASSIGNMENT|[21]|EM|{}|0x7af2534b
05:13:59.1 (3516736)|STATEMENT_EXECUTE|[22]
05:13:59.1 (3523253)|VARIABLE_ASSIGNMENT|[22]|this.templateDevName|null|0x7af2534b
05:13:59.1 (3525049)|STATEMENT_EXECUTE|[23]
05:13:59.1 (3529315)|HEAP_ALLOCATE|[23]|Bytes:5
05:13:59.1 (3534296)|VARIABLE_ASSIGNMENT|[23]|this.sendToPreContractGroup|false|0x7af2534b
05:13:59.1 (3535991)|STATEMENT_EXECUTE|[24]
05:13:59.1 (3538368)|HEAP_ALLOCATE|[24]|Bytes:5
05:13:59.1 (3542264)|VARIABLE_ASSIGNMENT|[24]|this.sendToCentralEmailAddress|false|0x7af2534b
05:13:59.1 (3543919)|STATEMENT_EXECUTE|[25]
05:13:59.1 (3595658)|VARIABLE_ASSIGNMENT|[25]|this.OppID|"006O0000008ju1ZIAQ"|0x7af2534b
05:13:59.1 (3598986)|STATEMENT_EXECUTE|[26]
05:13:59.1 (3604651)|HEAP_ALLOCATE|[26]|Bytes:5
05:13:59.1 (3612534)|VARIABLE_ASSIGNMENT|[26]|this.sendToPDM|true|0x7af2534b
05:13:59.1 (3614145)|STATEMENT_EXECUTE|[27]
05:13:59.1 (3616529)|HEAP_ALLOCATE|[27]|Bytes:5
05:13:59.1 (3620253)|VARIABLE_ASSIGNMENT|[27]|this.sendToBDM|false|0x7af2534b
05:13:59.1 (3621773)|STATEMENT_EXECUTE|[28]
05:13:59.1 (3624026)|HEAP_ALLOCATE|[28]|Bytes:5
05:13:59.1 (3627521)|VARIABLE_ASSIGNMENT|[28]|this.sendToAllApprovers|false|0x7af2534b
05:13:59.1 (3629288)|STATEMENT_EXECUTE|[29]
05:13:59.1 (3632972)|VARIABLE_ASSIGNMENT|[29]|this.currentApprover|null|0x7af2534b
05:13:59.1 (3634368)|STATEMENT_EXECUTE|[30]
05:13:59.1 (3673996)|HEAP_ALLOCATE|[EXTERNAL]|Bytes:4
05:13:59.1 (3689693)|METHOD_EXIT|[2]|01pO00000003HJI|Email_Alert_Class.registerNewEmail(String, Boolean, Boolean, Id, Boolean, Boolean, Boolean, Id)
05:13:59.1 (3693761)|SYSTEM_MODE_EXIT|false
05:13:59.1 (3698641)|STATEMENT_EXECUTE|[4]
05:13:59.1 (3722710)|SYSTEM_MODE_ENTER|false
05:13:59.1 (3732520)|HEAP_ALLOCATE|[4]|Bytes:5
05:13:59.1 (3742647)|METHOD_ENTRY|[4]|01pO00000003HJI|Email_Alert_Class.sendEmails()
05:13:59.1 (3754118)|VARIABLE_SCOPE_BEGIN|[44]|this|Email_Alert_Class|true|false
05:13:59.1 (3775847)|VARIABLE_ASSIGNMENT|[44]|this|{"CentralEmailAddress":"ricky.lowe@yopmail.c (2 more) ...","EmailMessages":"0x43333dce","messages":"0x4e2ed721"}|0x1827f51f
05:13:59.1 (3785252)|HEAP_ALLOCATE|[45]|Bytes:5
05:13:59.1 (3788967)|STATEMENT_EXECUTE|[44]
05:13:59.1 (3790181)|STATEMENT_EXECUTE|[45]
05:13:59.1 (3800431)|HEAP_ALLOCATE|[45]|Bytes:4
05:13:59.1 (3828802)|VARIABLE_SCOPE_BEGIN|[45]|OppIds|Set<Id>|true|false
05:13:59.1 (3856984)|VARIABLE_ASSIGNMENT|[45]|OppIds|[]|0x135cc455
05:13:59.1 (3859814)|STATEMENT_EXECUTE|[46]
05:13:59.1 (3866060)|HEAP_ALLOCATE|[46]|Bytes:4
05:13:59.1 (3887359)|VARIABLE_SCOPE_BEGIN|[46]|EmailTemplateDevNames|Set<String>|true|false
05:13:59.1 (3905178)|VARIABLE_ASSIGNMENT|[46]|EmailTemplateDevNames|[]|0x7bdca57e
05:13:59.1 (4059422)|HEAP_ALLOCATE|[48]|Bytes:5
05:13:59.1 (4073490)|HEAP_ALLOCATE|[48]|Bytes:36
05:13:59.1 (4079902)|VARIABLE_SCOPE_BEGIN|[48]|EM|Email_Alert_Class.EmailMessage|true|false
05:13:59.1 (4172410)|VARIABLE_ASSIGNMENT|[48]|EM|{"OppID":"006O0000008ju1ZIAQ","sendToAllApprovers":false,"sendToBDM":false,"sendToCentralEmailAddress":false,"sendToPDM":true,"sendToPreContractGroup":false}|0x7af2534b
05:13:59.1 (4177353)|STATEMENT_EXECUTE|[48]
05:13:59.1 (4178537)|STATEMENT_EXECUTE|[49]
05:13:59.1 (4210163)|HEAP_ALLOCATE|[EXTERNAL]|Bytes:4
05:13:59.1 (4218170)|STATEMENT_EXECUTE|[50]
05:13:59.1 (4236711)|HEAP_ALLOCATE|[EXTERNAL]|Bytes:4
05:13:59.1 (4250090)|HEAP_ALLOCATE|[48]|Bytes:5
05:13:59.1 (4261081)|VARIABLE_ASSIGNMENT|[48]|EM|null|
05:13:59.1 (4263872)|STATEMENT_EXECUTE|[53]
05:13:59.1 (4272620)|METHOD_ENTRY|[53]|01pO00000003HJI|Email_Alert_Class.getTemplateIDs(Set<String>)
05:13:59.1 (4284976)|VARIABLE_SCOPE_BEGIN|[191]|this|Email_Alert_Class|true|false
05:13:59.1 (4308190)|VARIABLE_ASSIGNMENT|[191]|this|{"CentralEmailAddress":"ricky.lowe@yopmail.c (2 more) ...","EmailMessages":"0x43333dce","messages":"0x4e2ed721"}|0x1827f51f
05:13:59.1 (4312618)|VARIABLE_SCOPE_BEGIN|[191]|EmailTemplateDevNames|Set<String>|true|false
05:13:59.1 (4320854)|VARIABLE_ASSIGNMENT|[191]|EmailTemplateDevNames|[]|0x7bdca57e
05:13:59.1 (4329892)|HEAP_ALLOCATE|[192]|Bytes:5
05:13:59.1 (4333246)|STATEMENT_EXECUTE|[191]
05:13:59.1 (4334498)|STATEMENT_EXECUTE|[192]
05:13:59.1 (4343828)|HEAP_ALLOCATE|[192]|Bytes:4
05:13:59.1 (4355020)|VARIABLE_SCOPE_BEGIN|[192]|EmailTemplatesDevNameToID|Map<String,Id>|true|false
05:13:59.1 (4366791)|VARIABLE_ASSIGNMENT|[192]|EmailTemplatesDevNameToID|{}|0x39d63011
05:13:59.1 (4371109)|HEAP_ALLOCATE|[194]|Bytes:80
05:13:59.1 (4377053)|HEAP_ALLOCATE|[194]|Bytes:4
05:13:59.1 (4383218)|HEAP_ALLOCATE|[194]|Bytes:7
05:13:59.1 (4846305)|SOQL_EXECUTE_BEGIN|[194]|Aggregations:0|SELECT DeveloperName, Id, Name FROM EmailTemplate 
05:13:59.1 (4856389)|LIMIT_USAGE|[194]|SOQL|1|100
05:13:59.1 (4867547)|LIMIT_USAGE|[194]|AGGS|0|300
05:13:59.1 (7105957)|SOQL_EXECUTE_END|[194]|Rows:0
05:13:59.1 (7246324)|HEAP_ALLOCATE|[194]|Bytes:49
05:13:59.1 (7252406)|HEAP_ALLOCATE|[194]|Bytes:8
05:13:59.1 (7260010)|SYSTEM_METHOD_ENTRY|[7]|QueryLocatorIterator.QueryLocatorIterator()
05:13:59.1 (7262113)|STATEMENT_EXECUTE|[7]
05:13:59.1 (7268647)|SYSTEM_METHOD_EXIT|[7]|QueryLocatorIterator
05:13:59.1 (7274063)|HEAP_ALLOCATE|[194]|Bytes:28
05:13:59.1 (7293138)|HEAP_ALLOCATE|[194]|Bytes:8
05:13:59.1 (7295548)|HEAP_ALLOCATE|[194]|Bytes:8
05:13:59.1 (7298883)|VARIABLE_SCOPE_BEGIN|[15]|this|Database.QueryLocatorIterator|true|false
05:13:59.1 (7321544)|VARIABLE_ASSIGNMENT|[15]|this|{}|0xcc1ae5e
05:13:59.1 (7324603)|VARIABLE_SCOPE_BEGIN|[15]|values|List<SObject>|true|false
05:13:59.1 (7328233)|VARIABLE_ASSIGNMENT|[15]|values|null|
05:13:59.1 (7330082)|VARIABLE_SCOPE_BEGIN|[15]|ql|Database.QueryLocator|true|false
05:13:59.1 (7341659)|VARIABLE_ASSIGNMENT|[15]|ql|{"query":"SELECT DeveloperName (60 more) ..."}|0x37bd3daf
05:13:59.1 (7343876)|VARIABLE_SCOPE_BEGIN|[15]|totalNumRecords|Integer|false|false
05:13:59.1 (7347608)|VARIABLE_ASSIGNMENT|[15]|totalNumRecords|0
05:13:59.1 (7349414)|VARIABLE_SCOPE_BEGIN|[15]|queryMoreSize|Integer|false|false
05:13:59.1 (7351752)|VARIABLE_ASSIGNMENT|[15]|queryMoreSize|50000
05:13:59.1 (7389825)|HEAP_ALLOCATE|[194]|Bytes:28
05:13:59.1 (7404630)|METHOD_ENTRY|[194]||Database.QueryLocatorIterator.hasNext()
05:13:59.1 (7420456)|METHOD_EXIT|[194]||Database.QueryLocatorIterator.hasNext()
05:13:59.1 (7459381)|VARIABLE_ASSIGNMENT|[194]|ET|null|
05:13:59.1 (7462365)|STATEMENT_EXECUTE|[194]
05:13:59.1 (7478213)|STATEMENT_EXECUTE|[197]
05:13:59.1 (7485506)|METHOD_EXIT|[53]|01pO00000003HJI|Email_Alert_Class.getTemplateIDs(Set<String>)
05:13:59.1 (7490534)|VARIABLE_SCOPE_BEGIN|[53]|EmailTemplatesDevNameToID|Map<String,Id>|true|false
05:13:59.1 (7499265)|VARIABLE_ASSIGNMENT|[53]|EmailTemplatesDevNameToID|{}|0x39d63011
05:13:59.1 (7501557)|STATEMENT_EXECUTE|[54]
05:13:59.1 (7514279)|METHOD_ENTRY|[54]|01pO00000003HJI|Email_Alert_Class.getPreContractGroupMembers()
05:13:59.1 (7528869)|VARIABLE_SCOPE_BEGIN|[201]|this|Email_Alert_Class|true|false
05:13:59.1 (7550270)|VARIABLE_ASSIGNMENT|[201]|this|{"CentralEmailAddress":"ricky.lowe@yopmail.c (2 more) ...","EmailMessages":"0x43333dce","messages":"0x4e2ed721"}|0x1827f51f
05:13:59.1 (7560511)|HEAP_ALLOCATE|[202]|Bytes:5
05:13:59.1 (7563831)|STATEMENT_EXECUTE|[201]
05:13:59.1 (7565277)|STATEMENT_EXECUTE|[202]
05:13:59.1 (7569228)|HEAP_ALLOCATE|[202]|Bytes:87
05:13:59.1 (7575454)|HEAP_ALLOCATE|[202]|Bytes:4
05:13:59.1 (7742669)|SOQL_EXECUTE_BEGIN|[202]|Aggregations:0|SELECT DeveloperName, Id FROM Group WHERE DeveloperName = 'Pre_Contracts_Group' LIMIT 1
05:13:59.1 (7748906)|LIMIT_USAGE|[202]|SOQL|2|100
05:13:59.1 (7755465)|LIMIT_USAGE|[202]|AGGS|0|300
05:13:59.1 (13181224)|SOQL_EXECUTE_END|[202]|Rows:1
05:13:59.1 (13188655)|LIMIT_USAGE|[202]|SOQL_ROWS|1|50000
05:13:59.1 (13201298)|HEAP_ALLOCATE|[202]|Bytes:8
05:13:59.1 (13216122)|HEAP_ALLOCATE|[202]|Bytes:65
05:13:59.1 (13273296)|HEAP_ALLOCATE|[202]|Bytes:8
05:13:59.1 (13283535)|VARIABLE_SCOPE_BEGIN|[202]|PreContract|List<Group>|true|false
05:13:59.1 (13301064)|VARIABLE_ASSIGNMENT|[202]|PreContract|[{"DeveloperName":"Pre_Contracts_Group","Id":"00GO00000025mIMMAY"}]|0x473b05da
05:13:59.1 (13306006)|STATEMENT_EXECUTE|[203]
05:13:59.1 (13313656)|HEAP_ALLOCATE|[203]|Bytes:4
05:13:59.1 (13341500)|VARIABLE_SCOPE_BEGIN|[203]|PreContractUserIDs|Set<String>|true|false
05:13:59.1 (13356251)|VARIABLE_ASSIGNMENT|[203]|PreContractUserIDs|[]|0x197ed028
05:13:59.1 (13409073)|STATEMENT_EXECUTE|[204]
05:13:59.1 (13412616)|STATEMENT_EXECUTE|[211]
05:13:59.1 (13421024)|METHOD_EXIT|[54]|01pO00000003HJI|Email_Alert_Class.getPreContractGroupMembers()
05:13:59.1 (13425912)|VARIABLE_SCOPE_BEGIN|[54]|PreContract|Set<String>|true|false
05:13:59.1 (13433930)|VARIABLE_ASSIGNMENT|[54]|PreContract|[]|0x197ed028
05:13:59.1 (13435820)|STATEMENT_EXECUTE|[55]
05:13:59.1 (13445366)|METHOD_ENTRY|[55]|01pO00000003HJI|Email_Alert_Class.getOppTeamMembers(Set<Id>)
05:13:59.1 (13458749)|VARIABLE_SCOPE_BEGIN|[154]|this|Email_Alert_Class|true|false
05:13:59.1 (13481731)|VARIABLE_ASSIGNMENT|[154]|this|{"CentralEmailAddress":"ricky.lowe@yopmail.c (2 more) ...","EmailMessages":"0x43333dce","messages":"0x4e2ed721"}|0x1827f51f
05:13:59.1 (13484824)|VARIABLE_SCOPE_BEGIN|[154]|OppIds|Set<Id>|true|false
05:13:59.1 (13491117)|VARIABLE_ASSIGNMENT|[154]|OppIds|["006O0000008ju1ZIAQ"]|0x135cc455
05:13:59.1 (13500335)|HEAP_ALLOCATE|[155]|Bytes:5
05:13:59.1 (13503866)|STATEMENT_EXECUTE|[154]
05:13:59.1 (13505004)|STATEMENT_EXECUTE|[155]
05:13:59.1 (13516435)|HEAP_ALLOCATE|[155]|Bytes:4
05:13:59.1 (13526892)|VARIABLE_SCOPE_BEGIN|[155]|MapOppToOppTeamMemberGroupedByRole|Map<Id,Map<String,Set<String>>>|true|false
05:13:59.1 (13537253)|VARIABLE_ASSIGNMENT|[155]|MapOppToOppTeamMemberGroupedByRole|{}|0x14562232
05:13:59.1 (13543014)|HEAP_ALLOCATE|[157]|Bytes:130
05:13:59.1 (13547405)|HEAP_ALLOCATE|[157]|Bytes:4
05:13:59.1 (13861545)|SOQL_EXECUTE_BEGIN|[157]|Aggregations:0|SELECT Id, OpportunityAccessLevel, OpportunityId, TeamMemberRole, UserId FROM OpportunityTeamMember 
05:13:59.1 (13867804)|LIMIT_USAGE|[157]|SOQL|3|100
05:13:59.1 (13874146)|LIMIT_USAGE|[157]|AGGS|0|300
05:13:59.1 (34187587)|SOQL_EXECUTE_END|[157]|Rows:3
05:13:59.1 (34201091)|LIMIT_USAGE|[157]|SOQL_ROWS|4|50000
05:13:59.1 (34216500)|HEAP_ALLOCATE|[EXTERNAL]|Bytes:16
05:13:59.1 (34381178)|HEAP_ALLOCATE|[157]|Bytes:28
05:13:59.1 (34472864)|HEAP_ALLOCATE|[157]|Bytes:16
05:13:59.1 (34490172)|HEAP_ALLOCATE|[157]|Bytes:8
05:13:59.1 (34492442)|HEAP_ALLOCATE|[157]|Bytes:8
05:13:59.1 (34498244)|VARIABLE_SCOPE_BEGIN|[15]|this|Database.QueryLocatorIterator|true|false
05:13:59.1 (34541923)|VARIABLE_ASSIGNMENT|[15]|this|{}|0x1f8932b0
05:13:59.1 (34546047)|VARIABLE_SCOPE_BEGIN|[15]|values|List<SObject>|true|false
05:13:59.1 (34576381)|VARIABLE_ASSIGNMENT|[15]|values|[{"Id":"00qO0000000CHxJIAW","OpportunityAccessLev (2 more) ...":"Read","OpportunityId":"006O0000008ju1ZIAQ","TeamMemberRole":"Executive Sponsor","UserId":"00528000004d3msAAA"},{"Id":"00qO0000000CHxEIAW","OpportunityAccessLev (2 more) ...":"Read","OpportunityId":"006O0000008ju1ZIAQ","TeamMemberRole":"Account Manager","UserId":"00528000006B07FAAS"},{"Id":"00qO0000000CHxAIAW","OpportunityAccessLev (2 more) ...":"Edit","OpportunityId":"006O0000008ju1ZIAQ","TeamMemberRole":"Channel Manager","UserId":"005O0000003t7anIAA"}]|0x7bacf3e4
05:13:59.1 (34582054)|VARIABLE_SCOPE_BEGIN|[15]|ql|Database.QueryLocator|true|false
05:13:59.1 (34592178)|VARIABLE_ASSIGNMENT|[15]|ql|{"query":"SELECT Id, Opportuni (110 more) ..."}|0x375a9b99
05:13:59.1 (34594344)|VARIABLE_SCOPE_BEGIN|[15]|totalNumRecords|Integer|false|false
05:13:59.1 (34598647)|VARIABLE_ASSIGNMENT|[15]|totalNumRecords|3
05:13:59.1 (34600703)|VARIABLE_SCOPE_BEGIN|[15]|queryMoreSize|Integer|false|false
05:13:59.1 (34602925)|VARIABLE_ASSIGNMENT|[15]|queryMoreSize|49996
05:13:59.1 (34656432)|HEAP_ALLOCATE|[157]|Bytes:28
05:13:59.1 (34672987)|METHOD_ENTRY|[157]||Database.QueryLocatorIterator.hasNext()
05:13:59.1 (34766181)|METHOD_EXIT|[157]||Database.QueryLocatorIterator.hasNext()
05:13:59.1 (34774367)|METHOD_ENTRY|[157]||Database.QueryLocatorIterator.next()
05:13:59.1 (34872192)|METHOD_EXIT|[157]||Database.QueryLocatorIterator.next()
05:13:59.1 (34880698)|VARIABLE_SCOPE_BEGIN|[157]|OTM|OpportunityTeamMember|true|false
05:13:59.1 (34896650)|VARIABLE_ASSIGNMENT|[157]|OTM|{"Id":"00qO0000000CHxJIAW","OpportunityAccessLev (2 more) ...":"Read","OpportunityId":"006O0000008ju1ZIAQ","TeamMemberRole":"Executive Sponsor","UserId":"00528000004d3msAAA"}|0x9aade14
05:13:59.1 (34900992)|STATEMENT_EXECUTE|[157]
05:13:59.1 (34902627)|STATEMENT_EXECUTE|[158]
05:13:59.1 (34911586)|HEAP_ALLOCATE|[158]|Bytes:4
05:13:59.1 (34945264)|VARIABLE_SCOPE_BEGIN|[158]|UserIds|Set<String>|true|false
05:13:59.1 (34962391)|VARIABLE_ASSIGNMENT|[158]|UserIds|[]|0x15853f16
05:13:59.1 (34964797)|STATEMENT_EXECUTE|[159]
05:13:59.1 (34975269)|HEAP_ALLOCATE|[159]|Bytes:4
05:13:59.1 (34987262)|VARIABLE_SCOPE_BEGIN|[159]|groupedByRole|Map<String,Set<String>>|true|false
05:13:59.1 (35001076)|VARIABLE_ASSIGNMENT|[159]|groupedByRole|{}|0x7660e86c
05:13:59.1 (35074997)|STATEMENT_EXECUTE|[178]
05:13:59.1 (35077312)|STATEMENT_EXECUTE|[179]
05:13:59.1 (35081819)|HEAP_ALLOCATE|[179]|Bytes:4
05:13:59.1 (35088114)|VARIABLE_SCOPE_BEGIN|[179]|groupedByRoleNew|Map<String,Set<String>>|true|false
05:13:59.1 (35101354)|VARIABLE_ASSIGNMENT|[179]|groupedByRoleNew|{}|0x2a03f261
05:13:59.1 (35103598)|STATEMENT_EXECUTE|[180]
05:13:59.1 (35107431)|HEAP_ALLOCATE|[180]|Bytes:4
05:13:59.1 (35126536)|VARIABLE_SCOPE_BEGIN|[180]|UserIdsNew2|Set<String>|true|false
05:13:59.1 (35138398)|VARIABLE_ASSIGNMENT|[180]|UserIdsNew2|[]|0x7506d34b
05:13:59.1 (35140673)|STATEMENT_EXECUTE|[181]
05:13:59.1 (35205629)|HEAP_ALLOCATE|[EXTERNAL]|Bytes:4
05:13:59.1 (35214545)|STATEMENT_EXECUTE|[182]
05:13:59.1 (35267551)|HEAP_ALLOCATE|[EXTERNAL]|Bytes:-4
05:13:59.1 (35274579)|STATEMENT_EXECUTE|[184]
05:13:59.1 (35308509)|HEAP_ALLOCATE|[EXTERNAL]|Bytes:-4
05:13:59.1 (35319468)|METHOD_ENTRY|[157]||Database.QueryLocatorIterator.hasNext()
05:13:59.1 (35339491)|METHOD_EXIT|[157]||Database.QueryLocatorIterator.hasNext()
05:13:59.1 (35343679)|METHOD_ENTRY|[157]||Database.QueryLocatorIterator.next()
05:13:59.1 (35403291)|METHOD_EXIT|[157]||Database.QueryLocatorIterator.next()
05:13:59.1 (35409531)|VARIABLE_SCOPE_BEGIN|[157]|OTM|OpportunityTeamMember|true|false
05:13:59.1 (35424329)|VARIABLE_ASSIGNMENT|[157]|OTM|{"Id":"00qO0000000CHxEIAW","OpportunityAccessLev (2 more) ...":"Read","OpportunityId":"006O0000008ju1ZIAQ","TeamMemberRole":"Account Manager","UserId":"00528000006B07FAAS"}|0x49472f72
05:13:59.1 (35427505)|STATEMENT_EXECUTE|[157]
05:13:59.1 (35428689)|STATEMENT_EXECUTE|[158]
05:13:59.1 (35432581)|HEAP_ALLOCATE|[158]|Bytes:4
05:13:59.1 (35442702)|VARIABLE_SCOPE_BEGIN|[158]|UserIds|Set<String>|true|false
05:13:59.1 (35453728)|VARIABLE_ASSIGNMENT|[158]|UserIds|[]|0x38158dbe
05:13:59.1 (35455706)|STATEMENT_EXECUTE|[159]
05:13:59.1 (35458740)|HEAP_ALLOCATE|[159]|Bytes:4
05:13:59.1 (35463401)|VARIABLE_SCOPE_BEGIN|[159]|groupedByRole|Map<String,Set<String>>|true|false
05:13:59.1 (35471441)|VARIABLE_ASSIGNMENT|[159]|groupedByRole|{}|0xdb0e027
05:13:59.1 (35489175)|STATEMENT_EXECUTE|[162]
05:13:59.1 (35490828)|STATEMENT_EXECUTE|[163]
05:13:59.1 (35545708)|VARIABLE_ASSIGNMENT|[163]|groupedByRole|{"Executive Sponsor":["00528000004d3msAAA"]}|0x2a03f261
05:13:59.1 (35581718)|STATEMENT_EXECUTE|[171]
05:13:59.1 (35583795)|STATEMENT_EXECUTE|[172]
05:13:59.1 (35588319)|HEAP_ALLOCATE|[172]|Bytes:4
05:13:59.1 (35609074)|VARIABLE_SCOPE_BEGIN|[172]|UserIdsNew|Set<String>|true|false
05:13:59.1 (35621719)|VARIABLE_ASSIGNMENT|[172]|UserIdsNew|[]|0x4e6ff651
05:13:59.1 (35623993)|STATEMENT_EXECUTE|[173]
05:13:59.1 (35655776)|HEAP_ALLOCATE|[EXTERNAL]|Bytes:4
05:13:59.1 (35663469)|STATEMENT_EXECUTE|[174]
05:13:59.1 (35691687)|HEAP_ALLOCATE|[EXTERNAL]|Bytes:-4
05:13:59.1 (35701162)|METHOD_ENTRY|[157]||Database.QueryLocatorIterator.hasNext()
05:13:59.1 (35720618)|METHOD_EXIT|[157]||Database.QueryLocatorIterator.hasNext()
05:13:59.1 (35724792)|METHOD_ENTRY|[157]||Database.QueryLocatorIterator.next()
05:13:59.1 (35780676)|METHOD_EXIT|[157]||Database.QueryLocatorIterator.next()
05:13:59.1 (35786781)|VARIABLE_SCOPE_BEGIN|[157]|OTM|OpportunityTeamMember|true|false
05:13:59.1 (35801643)|VARIABLE_ASSIGNMENT|[157]|OTM|{"Id":"00qO0000000CHxAIAW","OpportunityAccessLev (2 more) ...":"Edit","OpportunityId":"006O0000008ju1ZIAQ","TeamMemberRole":"Channel Manager","UserId":"005O0000003t7anIAA"}|0x3e237c51
05:13:59.1 (35804642)|STATEMENT_EXECUTE|[157]
05:13:59.1 (35805774)|STATEMENT_EXECUTE|[158]
05:13:59.1 (35809832)|HEAP_ALLOCATE|[158]|Bytes:4
05:13:59.1 (35819992)|VARIABLE_SCOPE_BEGIN|[158]|UserIds|Set<String>|true|false
05:13:59.1 (35830688)|VARIABLE_ASSIGNMENT|[158]|UserIds|[]|0x2acf7e56
05:13:59.1 (35832654)|STATEMENT_EXECUTE|[159]
05:13:59.1 (35835688)|HEAP_ALLOCATE|[159]|Bytes:4
05:13:59.1 (35840391)|VARIABLE_SCOPE_BEGIN|[159]|groupedByRole|Map<String,Set<String>>|true|false
05:13:59.1 (35848275)|VARIABLE_ASSIGNMENT|[159]|groupedByRole|{}|0x20f402f0
05:13:59.1 (35865243)|STATEMENT_EXECUTE|[162]
05:13:59.1 (35866781)|STATEMENT_EXECUTE|[163]
05:13:59.1 (35891160)|VARIABLE_ASSIGNMENT|[163]|groupedByRole|{"Executive Sponsor":["00528000004d3msAAA"],"Account Manager":["00528000006B07FAAS"]}|0x2a03f261
05:13:59.1 (35905927)|STATEMENT_EXECUTE|[171]
05:13:59.1 (35907333)|STATEMENT_EXECUTE|[172]
05:13:59.1 (35910921)|HEAP_ALLOCATE|[172]|Bytes:4
05:13:59.1 (35918565)|VARIABLE_SCOPE_BEGIN|[172]|UserIdsNew|Set<String>|true|false
05:13:59.1 (35928449)|VARIABLE_ASSIGNMENT|[172]|UserIdsNew|[]|0x1118a5c1
05:13:59.1 (35930612)|STATEMENT_EXECUTE|[173]
05:13:59.1 (35945699)|HEAP_ALLOCATE|[EXTERNAL]|Bytes:4
05:13:59.1 (35951291)|STATEMENT_EXECUTE|[174]
05:13:59.1 (35960244)|HEAP_ALLOCATE|[EXTERNAL]|Bytes:-4
05:13:59.1 (35967717)|METHOD_ENTRY|[157]||Database.QueryLocatorIterator.hasNext()
05:13:59.1 (35980156)|METHOD_EXIT|[157]||Database.QueryLocatorIterator.hasNext()
05:13:59.1 (35988386)|VARIABLE_ASSIGNMENT|[157]|OTM|null|
05:13:59.1 (36002811)|STATEMENT_EXECUTE|[187]
05:13:59.1 (36011580)|METHOD_EXIT|[55]|01pO00000003HJI|Email_Alert_Class.getOppTeamMembers(Set<Id>)
05:13:59.1 (36015679)|VARIABLE_SCOPE_BEGIN|[55]|MapOppToOppTeamMemberGroupedByRole|Map<Id,Map<String,Set<String>>>|true|false
05:13:59.1 (36034613)|VARIABLE_ASSIGNMENT|[55]|MapOppToOppTeamMemberGroupedByRole|{"006O0000008ju1ZIAQ":{"Executive Sponsor":["00528000004d3msAAA"],"Account Manager":["00528000006B07FAAS"],"Channel Manager":["005O0000003t7anIAA"]}}|0x14562232
05:13:59.1 (36037564)|STATEMENT_EXECUTE|[56]
05:13:59.1 (36210326)|HEAP_ALLOCATE|[56]|Bytes:40
05:13:59.1 (36279932)|HEAP_ALLOCATE|[56]|Bytes:137
05:13:59.1 (36306593)|HEAP_ALLOCATE|[56]|Bytes:177
05:13:59.1 (36335143)|USER_DEBUG|[56]|ERROR|*** MapOppToOppTeamMemberGroupedByRole: {006O0000008ju1ZIAQ={Account Manager={00528000006B07FAAS}, Channel Manager={005O0000003t7anIAA}, Executive Sponsor={00528000004d3msAAA}}}
05:13:59.1 (36380818)|HEAP_ALLOCATE|[58]|Bytes:5
05:13:59.1 (36393926)|HEAP_ALLOCATE|[58]|Bytes:36
05:13:59.1 (36399758)|VARIABLE_SCOPE_BEGIN|[58]|EM|Email_Alert_Class.EmailMessage|true|false
05:13:59.1 (36526279)|VARIABLE_ASSIGNMENT|[58]|EM|{"OppID":"006O0000008ju1ZIAQ","sendToAllApprovers":false,"sendToBDM":false,"sendToCentralEmailAddress":false,"sendToPDM":true,"sendToPreContractGroup":false}|0x7af2534b
05:13:59.1 (36531199)|STATEMENT_EXECUTE|[58]
05:13:59.1 (36532528)|STATEMENT_EXECUTE|[59]
05:13:59.1 (36594195)|VARIABLE_SCOPE_BEGIN|[59]|message|Messaging.SingleEmailMessage|true|false
05:13:59.1 (36653359)|VARIABLE_ASSIGNMENT|[59]|message|"common.api.soap.wsdl.SingleEmailMessage@65106740"|0x65731a90
05:13:59.1 (36657230)|STATEMENT_EXECUTE|[60]
05:13:59.1 (36662816)|HEAP_ALLOCATE|[60]|Bytes:4
05:13:59.1 (36686796)|VARIABLE_SCOPE_BEGIN|[60]|toAddresses|Set<String>|true|false
05:13:59.1 (36699462)|VARIABLE_ASSIGNMENT|[60]|toAddresses|[]|0x31918d52
05:13:59.1 (36704860)|STATEMENT_EXECUTE|[63]
05:13:59.1 (36707235)|STATEMENT_EXECUTE|[68]
05:13:59.1 (36708234)|STATEMENT_EXECUTE|[73]
05:13:59.1 (36743913)|VARIABLE_SCOPE_BEGIN|[73]|groupedByRole|Map<String,Set<String>>|true|false
05:13:59.1 (36759884)|VARIABLE_ASSIGNMENT|[73]|groupedByRole|{"Executive Sponsor":["00528000004d3msAAA"],"Account Manager":["00528000006B07FAAS"],"Channel Manager":["005O0000003t7anIAA"]}|0x2a03f261
05:13:59.1 (36762839)|STATEMENT_EXECUTE|[74]
05:13:59.1 (36768288)|HEAP_ALLOCATE|[74]|Bytes:19
05:13:59.1 (36804965)|HEAP_ALLOCATE|[74]|Bytes:116
05:13:59.1 (36819629)|HEAP_ALLOCATE|[74]|Bytes:135
05:13:59.1 (36834103)|USER_DEBUG|[74]|ERROR|*** groupedByRole: {Account Manager={00528000006B07FAAS}, Channel Manager={005O0000003t7anIAA}, Executive Sponsor={00528000004d3msAAA}}
05:13:59.1 (36841941)|STATEMENT_EXECUTE|[77]
05:13:59.1 (36847917)|HEAP_ALLOCATE|[78]|Bytes:15
05:13:59.1 (36876057)|STATEMENT_EXECUTE|[78]
05:13:59.1 (36877977)|STATEMENT_EXECUTE|[79]
05:13:59.1 (36910331)|HEAP_ALLOCATE|[EXTERNAL]|Bytes:4
05:13:59.1 (36913538)|HEAP_ALLOCATE|[79]|Bytes:4
05:13:59.1 (36920944)|STATEMENT_EXECUTE|[83]
05:13:59.1 (36923189)|STATEMENT_EXECUTE|[90]
05:13:59.1 (36925200)|STATEMENT_EXECUTE|[96]
05:13:59.1 (36926155)|STATEMENT_EXECUTE|[103]
05:13:59.1 (36930230)|HEAP_ALLOCATE|[103]|Bytes:17
05:13:59.1 (36959106)|HEAP_ALLOCATE|[103]|Bytes:20
05:13:59.1 (36972301)|HEAP_ALLOCATE|[103]|Bytes:37
05:13:59.1 (36985277)|USER_DEBUG|[103]|ERROR|*** toAddresses: {005O0000003t7anIAA}
05:13:59.1 (36989924)|STATEMENT_EXECUTE|[105]
05:13:59.1 (36998408)|HEAP_ALLOCATE|[105]|Bytes:4
05:13:59.1 (37026747)|HEAP_ALLOCATE|[105]|Bytes:4
05:13:59.1 (37067724)|HEAP_ALLOCATE|[EXTERNAL]|Bytes:8
05:13:59.1 (37114413)|STATEMENT_EXECUTE|[106]
05:13:59.1 (37116737)|STATEMENT_EXECUTE|[110]
05:13:59.1 (37160356)|STATEMENT_EXECUTE|[111]
05:13:59.1 (37193210)|STATEMENT_EXECUTE|[112]
05:13:59.1 (37197693)|HEAP_ALLOCATE|[112]|Bytes:6
05:13:59.1 (37223478)|STATEMENT_EXECUTE|[113]
05:13:59.1 (37227202)|HEAP_ALLOCATE|[113]|Bytes:25
05:13:59.1 (37246779)|STATEMENT_EXECUTE|[116]
05:13:59.1 (37280323)|HEAP_ALLOCATE|[EXTERNAL]|Bytes:4
05:13:59.1 (37295117)|HEAP_ALLOCATE|[58]|Bytes:5
05:13:59.1 (37317719)|VARIABLE_ASSIGNMENT|[58]|EM|null|
05:13:59.1 (37383889)|HEAP_ALLOCATE|[EXTERNAL]|Bytes:8
05:13:59.1 (37860331)|LIMIT_USAGE|[120]|EMAIL_INVOCATIONS|1|10
05:13:59.74 (74008241)|ENTERING_MANAGED_PKG|APXTConga4
05:13:59.74 (78093130)|SOQL_EXECUTE_BEGIN|[46]|Aggregations:0|SELECT id, APXTConga4__WhatId__c FROM APXTConga4__Conga_Email_Staging__c 
05:13:59.74 (80161457)|SOQL_EXECUTE_END|[46]|Rows:0
05:13:59.80 (80491825)|CUMULATIVE_LIMIT_USAGE
05:13:59.80 (80491825)|LIMIT_USAGE_FOR_NS|(default)|
  Number of SOQL queries: 3 out of 100
  Number of query rows: 4 out of 50000
  Number of SOSL queries: 0 out of 20
  Number of DML statements: 0 out of 150
  Number of DML rows: 0 out of 10000
  Maximum CPU time: 0 out of 10000
  Maximum heap size: 0 out of 6000000
  Number of callouts: 0 out of 100
  Number of Email Invocations: 1 out of 10
  Number of future calls: 0 out of 50
  Number of queueable jobs added to the queue: 0 out of 50
  Number of Mobile Apex push calls: 0 out of 10

05:13:59.80 (80491825)|LIMIT_USAGE_FOR_NS|APXTConga4|
  Number of SOQL queries: 1 out of 100
  Number of query rows: 0 out of 50000
  Number of SOSL queries: 0 out of 20
  Number of DML statements: 0 out of 150
  Number of DML rows: 0 out of 10000
  Maximum CPU time: 0 out of 10000
  Maximum heap size: 0 out of 6000000
  Number of callouts: 0 out of 100
  Number of Email Invocations: 0 out of 10
  Number of future calls: 0 out of 50
  Number of queueable jobs added to the queue: 0 out of 50
  Number of Mobile Apex push calls: 0 out of 10

05:13:59.80 (80491825)|CUMULATIVE_LIMIT_USAGE_END

05:13:59.1 (251669184)|EMAIL_QUEUE|[120]|subject: Test 2, bccSender: false, saveAsActivity: true, useSignature: true, toAddresses: [005O0000003t7anIAA], whatId: 006O0000008ju1Z, plainTextBody: This is the message body., 
05:13:59.1 (251770413)|HEAP_ALLOCATE|[EXTERNAL]|Bytes:8
05:13:59.1 (251813014)|HEAP_ALLOCATE|[120]|Bytes:8
05:13:59.1 (251991887)|HEAP_ALLOCATE|[120]|Bytes:5
05:13:59.1 (252138360)|HEAP_ALLOCATE|[120]|Bytes:4
05:13:59.1 (252166731)|VARIABLE_SCOPE_BEGIN|[120]|SendResult|Messaging.SendEmailResult|true|false
05:13:59.1 (252259417)|VARIABLE_ASSIGNMENT|[120]|SendResult|"common.api.soap.wsdl.SendEmailResult@39c6f3b6"|0x1de238d4
05:13:59.1 (252265395)|STATEMENT_EXECUTE|[120]
05:13:59.1 (252280020)|HEAP_ALLOCATE|[120]|Bytes:5
05:13:59.1 (252294411)|VARIABLE_ASSIGNMENT|[120]|SendResult|null|
05:13:59.1 (252310200)|METHOD_EXIT|[4]|01pO00000003HJI|Email_Alert_Class.sendEmails()
05:13:59.1 (252317132)|SYSTEM_MODE_EXIT|false
05:13:59.488 (488298426)|CUMULATIVE_LIMIT_USAGE
05:13:59.488 (488298426)|LIMIT_USAGE_FOR_NS|(default)|
  Number of SOQL queries: 3 out of 100
  Number of query rows: 4 out of 50000
  Number of SOSL queries: 0 out of 20
  Number of DML statements: 0 out of 150
  Number of DML rows: 0 out of 10000
  Maximum CPU time: 0 out of 10000
  Maximum heap size: 0 out of 6000000
  Number of callouts: 0 out of 100
  Number of Email Invocations: 1 out of 10
  Number of future calls: 0 out of 50
  Number of queueable jobs added to the queue: 0 out of 50
  Number of Mobile Apex push calls: 0 out of 10

05:13:59.488 (488298426)|LIMIT_USAGE_FOR_NS|APXTConga4|
  Number of SOQL queries: 1 out of 100
  Number of query rows: 0 out of 50000
  Number of SOSL queries: 0 out of 20
  Number of DML statements: 0 out of 150
  Number of DML rows: 0 out of 10000
  Maximum CPU time: 0 out of 10000
  Maximum heap size: 0 out of 6000000
  Number of callouts: 0 out of 100
  Number of Email Invocations: 0 out of 10
  Number of future calls: 0 out of 50
  Number of queueable jobs added to the queue: 0 out of 50
  Number of Mobile Apex push calls: 0 out of 10

05:13:59.488 (488298426)|TOTAL_EMAIL_RECIPIENTS_QUEUED|0
05:13:59.488 (488298426)|STATIC_VARIABLE_LIST|
  char[]:DigitTens:0
  long:serialVersionUID:0
  String:_sfdcSuppressedCodeLocations:0
  long:serialVersionUID:0
  String:_sfdcAdditionalCodeLocations:0
  double:MAX_VALUE:0
  Boolean:FALSE:0
  long:serialVersionUID:0
  String:_sfdcAdditionalCodeLocations:0
  double:MIN_VALUE:0
  int:SIZE:0
  double:NEGATIVE_INFINITY:0
  int:MAX_VALUE:0
  String:__sfdcInnerTypes:0
  char[]:digits:0
  double:NaN:0
  Boolean:TRUE:0
  String:__sfdcParameterizedTypes:0
  int:MIN_VALUE:0
  char[]:DigitOnes:0
  String:_sfdcAdditionalCodeLocations:0
  int:BYTES:0
  int:MIN_EXPONENT:0
  int[]:sizeTable:0
  Email_Alert_Class:_static_EA:0
  int:MAX_EXPONENT:0
  String:_sfdcSuppressedCodeLocations:0
  int:SIZE:0
  double:POSITIVE_INFINITY:0
  double:MIN_NORMAL:0
  int:BYTES:0

05:13:59.488 (488298426)|CUMULATIVE_LIMIT_USAGE_END

05:13:59.1 (488461803)|CODE_UNIT_FINISHED|execute_anonymous_apex
05:13:59.1 (490728769)|EXECUTION_FINISHED
05:13:59.492 (492317805)|CUMULATIVE_PROFILING_BEGIN
05:13:59.492 (492317805)|CUMULATIVE_PROFILING|SOQL operations|
Class.Email_Alert_Class.getOppTeamMembers: line 157, column 1: [SELECT Id,OpportunityAccessLevel,OpportunityId,TeamMemberRole,UserId FROM OpportunityTeamMember WHERE OpportunityId = :OppIds]: executed 9 times in 21 ms
Class.Email_Alert_Class.getPreContractGroupMembers: line 202, column 1: [SELECT DeveloperName,Id FROM Group WHERE DeveloperName = 'Pre_Contracts_Group' LIMIT 1]: executed 1 time in 5 ms
Class.Email_Alert_Class.getTemplateIDs: line 194, column 1: [SELECT DeveloperName,Id,Name FROM EmailTemplate WHERE DeveloperName IN : EmailTemplateDevNames]: executed 3 times in 3 ms
(APXTConga4): [SELECT id, APXTConga4__WhatId__c FROM APXTConga4__Conga_Email_Staging__c WHERE Id = :taskWhatIds]: executed 3 times in 3 ms

05:13:59.492 (492317805)|CUMULATIVE_PROFILING|No profiling information for SOSL operations
05:13:59.492 (492317805)|CUMULATIVE_PROFILING|No profiling information for DML operations
05:13:59.492 (492317805)|CUMULATIVE_PROFILING|method invocations|
External entry point: public static void execute(): executed 1 time in 250 ms
AnonymousBlock: line 4, column 1: public void sendEmails(): executed 1 time in 248 ms
Class.Email_Alert_Class.sendEmails: line 120, column 1: global public static List<Messaging.SendEmailResult> sendEmail(List<Messaging.Email>): executed 4 times in 215 ms
Class.Email_Alert_Class.sendEmails: line 55, column 1: private Map<Id,Map<String,Set<String>>> getOppTeamMembers(Set<Id>): executed 1 time in 22 ms
Class.Email_Alert_Class.sendEmails: line 54, column 1: public Set<String> getPreContractGroupMembers(): executed 1 time in 5 ms
Class.Email_Alert_Class.sendEmails: line 53, column 1: private Map<String,Id> getTemplateIDs(Set<String>): executed 1 time in 4 ms
AnonymousBlock: line 2, column 1: public void registerNewEmail(String, Boolean, Boolean, Id, Boolean, Boolean, Boolean, Id): executed 1 time in 1 ms
Class.Email_Alert_Class.sendEmails: line 73, column 1: global public Object get(Object): executed 1 time in 0 ms
Class.Email_Alert_Class.sendEmails: line 74, column 1: public static String valueOf(Object): executed 2 times in 0 ms
Class.Email_Alert_Class.getPreContractGroupMembers: line 203, column 1: public Set<String>(Integer): executed 1 time in 0 ms
Class.Email_Alert_Class.getPreContractGroupMembers: line 204, column 1: global public Integer size(): executed 1 time in 0 ms

05:13:59.492 (492317805)|CUMULATIVE_PROFILING_END
