39.0 APEX_CODE,FINEST;APEX_PROFILING,FINEST;CALLOUT,INFO;DB,INFO;SYSTEM,DEBUG;VALIDATION,INFO;VISUALFORCE,INFO;WAVE,INFO;WORKFLOW,INFO
11:07:36.0 (360966)|USER_INFO|[EXTERNAL]|00528000006B07F|dev@systempartners.com.prod.pcphase2|Australian Eastern Standard Time|GMT+11:00
11:07:36.0 (393048)|EXECUTION_STARTED
11:07:36.0 (397724)|CODE_UNIT_STARTED|[EXTERNAL]|aura
11:07:36.0 (1002067)|HEAP_ALLOCATE|[72]|Bytes:3
11:07:36.0 (1038736)|HEAP_ALLOCATE|[77]|Bytes:152
11:07:36.0 (1054341)|HEAP_ALLOCATE|[342]|Bytes:408
11:07:36.0 (1073952)|HEAP_ALLOCATE|[355]|Bytes:408
11:07:36.0 (1092086)|HEAP_ALLOCATE|[467]|Bytes:48
11:07:36.0 (1117166)|HEAP_ALLOCATE|[139]|Bytes:6
11:07:36.0 (1140639)|HEAP_ALLOCATE|[EXTERNAL]|Bytes:18
11:07:36.0 (1153651)|HEAP_ALLOCATE|[EXTERNAL]|Bytes:18
11:07:36.0 (2279181)|CODE_UNIT_STARTED|[EXTERNAL]|01pO00000003MVy|ApprovalController.getOpportunityRecord
11:07:36.0 (2375519)|HEAP_ALLOCATE|[EXTERNAL]|Bytes:5
11:07:36.0 (2380777)|HEAP_ALLOCATE|[EXTERNAL]|Bytes:8
11:07:36.0 (2388976)|METHOD_ENTRY|[1]|01pO00000003MVy|ApprovalController.ApprovalController()
11:07:36.0 (2392540)|STATEMENT_EXECUTE|[1]
11:07:36.0 (2396859)|STATEMENT_EXECUTE|[1]
11:07:36.0 (2402052)|METHOD_EXIT|[1]|ApprovalController
11:07:36.0 (2405886)|HEAP_ALLOCATE|[EXTERNAL]|Bytes:18
11:07:36.0 (2414644)|SYSTEM_MODE_ENTER|false
11:07:36.0 (2422647)|VARIABLE_SCOPE_BEGIN|[15]|opportunityId|String|false|false
11:07:36.0 (2441941)|VARIABLE_ASSIGNMENT|[15]|opportunityId|"006O0000008j3sIIAQ"
11:07:36.0 (2448884)|STATEMENT_EXECUTE|[15]
11:07:36.0 (2450411)|STATEMENT_EXECUTE|[18]
11:07:36.0 (2453324)|HEAP_ALLOCATE|[18]|Bytes:589
11:07:36.0 (2462143)|HEAP_ALLOCATE|[18]|Bytes:4
11:07:36.0 (2474114)|HEAP_ALLOCATE|[18]|Bytes:7
11:07:36.0 (2513124)|HEAP_ALLOCATE|[50]|Bytes:5
11:07:36.0 (2533510)|HEAP_ALLOCATE|[56]|Bytes:5
11:07:36.0 (2540981)|HEAP_ALLOCATE|[64]|Bytes:7
11:07:36.0 (3077263)|SOQL_EXECUTE_BEGIN|[18]|Aggregations:0|SELECT Id, name, Gate_Status__c, TSF_Gate_Status__c, CRA_Gate_Status__c, StageName, Competitor_Analysis_General_Comments__c, Are_there_any_critical_risks__c, Has_CRA_changed_since_last_approval__c, Has_TSF_changed_since_last_approval__c, Apply_Default_Bonding__c, Conversion_Budget_Comments__c, Is_Gate_1_To_3__c, Is_Gate_4_To_5__c, Net_Budget_EOI_PQ__c, Net_Budget_Post_Tender__c, Net_Budget_Tender__c, Net_Budget_Amount__c, Total_Budget_EOI_PQ__c, Total_Budget_Tender__c, Total_Budget_AUD__c, Total_Budget_Post_Tender__c, JH_Bid_Cost_of_JH_Revenue__c FROM Opportunity WHERE Id = :tmpVar1
11:07:36.0 (3091505)|LIMIT_USAGE|[18]|SOQL|1|100
11:07:36.0 (3099223)|LIMIT_USAGE|[18]|AGGS|0|300
11:07:36.0 (15546836)|SOQL_EXECUTE_END|[18]|Rows:1
11:07:36.0 (15555338)|LIMIT_USAGE|[18]|SOQL_ROWS|1|50000
11:07:36.0 (15570224)|HEAP_ALLOCATE|[18]|Bytes:8
11:07:36.0 (15584138)|HEAP_ALLOCATE|[18]|Bytes:1141
11:07:36.0 (15671696)|HEAP_ALLOCATE|[18]|Bytes:8
11:07:36.0 (15695489)|VARIABLE_SCOPE_BEGIN|[18]|allOpps|List<Opportunity>|true|false
11:07:36.0 (15750378)|VARIABLE_ASSIGNMENT|[18]|allOpps|[{"Id":"006O0000008j3sIIAQ","Name":"Mernda Rail Bypass","Gate_Status__c":"Approved","TSF_Gate_Status__c":"Rejected","CRA_Gate_Status__c":"Approved","StageName":"Gate 4","Competitor_Analysis_ (19 more) ...":"this is a test for J (83 more) ...","Are_there_any_critic (11 more) ...":"No","Has_CRA_changed_sinc (18 more) ...":"No","Has_TSF_changed_sinc (18 more) ...":"No","Apply_Default_Bondin (4 more) ...":true,"Conversion_Budget_Co (9 more) ...":"This is a test for J (12 more) ...","Is_Gate_1_To_3__c":false,"Is_Gate_4_To_5__c":true,"Net_Budget_EOI_PQ__c":1000001,"Net_Budget_Post_Tend (5 more) ...":9000009,"Net_Budget_Tender__c":5000008,"Net_Budget_Amount__c":15000018,"Total_Budget_EOI_PQ_ (2 more) ...":1000005,"Total_Budget_Tender_ (2 more) ...":5000013,"Total_Budget_AUD__c":15000036,"Total_Budget_Post_Te (7 more) ...":9000018,"JH_Bid_Cost_of_JH_Re (8 more) ...":23.8}]|0x32a13f68
11:07:36.0 (15763222)|STATEMENT_EXECUTE|[38]
11:07:36.0 (15775621)|SYSTEM_MODE_EXIT|false
11:07:36.15 (15802112)|CUMULATIVE_LIMIT_USAGE
11:07:36.15 (15802112)|LIMIT_USAGE_FOR_NS|(default)|
  Number of SOQL queries: 1 out of 100
  Number of query rows: 1 out of 50000
  Number of SOSL queries: 0 out of 20
  Number of DML statements: 0 out of 150
  Number of DML rows: 0 out of 10000
  Maximum CPU time: 0 out of 10000
  Maximum heap size: 0 out of 6000000
  Number of callouts: 0 out of 100
  Number of Email Invocations: 0 out of 10
  Number of future calls: 0 out of 50
  Number of queueable jobs added to the queue: 0 out of 50
  Number of Mobile Apex push calls: 0 out of 10

11:07:36.15 (15802112)|TOTAL_EMAIL_RECIPIENTS_QUEUED|0
11:07:36.15 (15802112)|STATIC_VARIABLE_LIST|
  char[]:DigitTens:0
  long:serialVersionUID:0
  long:serialVersionUID:0
  double:MAX_VALUE:0
  Boolean:FALSE:0
  long:serialVersionUID:0
  double:MIN_VALUE:0
  int:SIZE:0
  double:NEGATIVE_INFINITY:0
  int:MAX_VALUE:0
  String:_sfdcSuppressedCodeLocations:0
  char[]:digits:0
  double:NaN:0
  Boolean:TRUE:0
  int:MIN_VALUE:0
  char[]:DigitOnes:0
  int:BYTES:0
  int:MIN_EXPONENT:0
  int[]:sizeTable:0
  int:MAX_EXPONENT:0
  int:SIZE:0
  double:POSITIVE_INFINITY:0
  String:_sfdcAdditionalCodeLocations:0
  double:MIN_NORMAL:0
  int:BYTES:0

11:07:36.15 (15802112)|CUMULATIVE_LIMIT_USAGE_END

11:07:36.0 (15915991)|CODE_UNIT_FINISHED|ApprovalController.getOpportunityRecord
11:07:36.0 (35716794)|HEAP_ALLOCATE|[EXTERNAL]|Bytes:18
11:07:36.0 (35740785)|HEAP_ALLOCATE|[EXTERNAL]|Bytes:18
11:07:36.0 (37012230)|CODE_UNIT_STARTED|[EXTERNAL]|01pO00000003MVy|ApprovalController.getOpportunityRecord
11:07:36.0 (37053167)|HEAP_ALLOCATE|[EXTERNAL]|Bytes:18
11:07:36.0 (37065673)|SYSTEM_MODE_ENTER|false
11:07:36.0 (37075371)|VARIABLE_SCOPE_BEGIN|[15]|opportunityId|String|false|false
11:07:36.0 (37088261)|VARIABLE_ASSIGNMENT|[15]|opportunityId|"006O0000008j3sIIAQ"
11:07:36.0 (37097128)|STATEMENT_EXECUTE|[15]
11:07:36.0 (37099085)|STATEMENT_EXECUTE|[18]
11:07:36.0 (37107628)|HEAP_ALLOCATE|[18]|Bytes:4
11:07:36.0 (37589576)|SOQL_EXECUTE_BEGIN|[18]|Aggregations:0|SELECT Id, name, Gate_Status__c, TSF_Gate_Status__c, CRA_Gate_Status__c, StageName, Competitor_Analysis_General_Comments__c, Are_there_any_critical_risks__c, Has_CRA_changed_since_last_approval__c, Has_TSF_changed_since_last_approval__c, Apply_Default_Bonding__c, Conversion_Budget_Comments__c, Is_Gate_1_To_3__c, Is_Gate_4_To_5__c, Net_Budget_EOI_PQ__c, Net_Budget_Post_Tender__c, Net_Budget_Tender__c, Net_Budget_Amount__c, Total_Budget_EOI_PQ__c, Total_Budget_Tender__c, Total_Budget_AUD__c, Total_Budget_Post_Tender__c, JH_Bid_Cost_of_JH_Revenue__c FROM Opportunity WHERE Id = :tmpVar1
11:07:36.0 (37599223)|LIMIT_USAGE|[18]|SOQL|2|100
11:07:36.0 (37606750)|LIMIT_USAGE|[18]|AGGS|0|300
11:07:36.0 (47023523)|SOQL_EXECUTE_END|[18]|Rows:1
11:07:36.0 (47032842)|LIMIT_USAGE|[18]|SOQL_ROWS|2|50000
11:07:36.0 (47048414)|HEAP_ALLOCATE|[18]|Bytes:8
11:07:36.0 (47062103)|HEAP_ALLOCATE|[18]|Bytes:1141
11:07:36.0 (47078663)|HEAP_ALLOCATE|[18]|Bytes:8
11:07:36.0 (47095561)|VARIABLE_SCOPE_BEGIN|[18]|allOpps|List<Opportunity>|true|false
11:07:36.0 (47149214)|VARIABLE_ASSIGNMENT|[18]|allOpps|[{"Id":"006O0000008j3sIIAQ","Name":"Mernda Rail Bypass","Gate_Status__c":"Approved","TSF_Gate_Status__c":"Rejected","CRA_Gate_Status__c":"Approved","StageName":"Gate 4","Competitor_Analysis_ (19 more) ...":"this is a test for J (83 more) ...","Are_there_any_critic (11 more) ...":"No","Has_CRA_changed_sinc (18 more) ...":"No","Has_TSF_changed_sinc (18 more) ...":"No","Apply_Default_Bondin (4 more) ...":true,"Conversion_Budget_Co (9 more) ...":"This is a test for J (12 more) ...","Is_Gate_1_To_3__c":false,"Is_Gate_4_To_5__c":true,"Net_Budget_EOI_PQ__c":1000001,"Net_Budget_Post_Tend (5 more) ...":9000009,"Net_Budget_Tender__c":5000008,"Net_Budget_Amount__c":15000018,"Total_Budget_EOI_PQ_ (2 more) ...":1000005,"Total_Budget_Tender_ (2 more) ...":5000013,"Total_Budget_AUD__c":15000036,"Total_Budget_Post_Te (7 more) ...":9000018,"JH_Bid_Cost_of_JH_Re (8 more) ...":23.8}]|0x569e3eca
11:07:36.0 (47159266)|STATEMENT_EXECUTE|[38]
11:07:36.0 (47172164)|SYSTEM_MODE_EXIT|false
11:07:36.47 (47195696)|CUMULATIVE_LIMIT_USAGE
11:07:36.47 (47195696)|LIMIT_USAGE_FOR_NS|(default)|
  Number of SOQL queries: 2 out of 100
  Number of query rows: 2 out of 50000
  Number of SOSL queries: 0 out of 20
  Number of DML statements: 0 out of 150
  Number of DML rows: 0 out of 10000
  Maximum CPU time: 0 out of 10000
  Maximum heap size: 0 out of 6000000
  Number of callouts: 0 out of 100
  Number of Email Invocations: 0 out of 10
  Number of future calls: 0 out of 50
  Number of queueable jobs added to the queue: 0 out of 50
  Number of Mobile Apex push calls: 0 out of 10

11:07:36.47 (47195696)|TOTAL_EMAIL_RECIPIENTS_QUEUED|0
11:07:36.47 (47195696)|STATIC_VARIABLE_LIST|
  char[]:DigitTens:0
  long:serialVersionUID:0
  long:serialVersionUID:0
  double:MAX_VALUE:0
  Boolean:FALSE:0
  long:serialVersionUID:0
  double:MIN_VALUE:0
  int:SIZE:0
  double:NEGATIVE_INFINITY:0
  int:MAX_VALUE:0
  String:_sfdcSuppressedCodeLocations:0
  char[]:digits:0
  double:NaN:0
  Boolean:TRUE:0
  int:MIN_VALUE:0
  char[]:DigitOnes:0
  int:BYTES:0
  int:MIN_EXPONENT:0
  int[]:sizeTable:0
  int:MAX_EXPONENT:0
  int:SIZE:0
  double:POSITIVE_INFINITY:0
  String:_sfdcAdditionalCodeLocations:0
  double:MIN_NORMAL:0
  int:BYTES:0

11:07:36.47 (47195696)|CUMULATIVE_LIMIT_USAGE_END

11:07:36.0 (47299008)|CODE_UNIT_FINISHED|ApprovalController.getOpportunityRecord
11:07:36.0 (67450469)|HEAP_ALLOCATE|[EXTERNAL]|Bytes:18
11:07:36.0 (67474541)|HEAP_ALLOCATE|[EXTERNAL]|Bytes:18
11:07:36.0 (68642766)|CODE_UNIT_STARTED|[EXTERNAL]|01pO00000003MVy|ApprovalController.getOpportunityRecord
11:07:36.0 (68679414)|HEAP_ALLOCATE|[EXTERNAL]|Bytes:18
11:07:36.0 (68690704)|SYSTEM_MODE_ENTER|false
11:07:36.0 (68699821)|VARIABLE_SCOPE_BEGIN|[15]|opportunityId|String|false|false
11:07:36.0 (68712717)|VARIABLE_ASSIGNMENT|[15]|opportunityId|"006O0000008j3sIIAQ"
11:07:36.0 (68721692)|STATEMENT_EXECUTE|[15]
11:07:36.0 (68723432)|STATEMENT_EXECUTE|[18]
11:07:36.0 (68730545)|HEAP_ALLOCATE|[18]|Bytes:4
11:07:36.0 (69251562)|SOQL_EXECUTE_BEGIN|[18]|Aggregations:0|SELECT Id, name, Gate_Status__c, TSF_Gate_Status__c, CRA_Gate_Status__c, StageName, Competitor_Analysis_General_Comments__c, Are_there_any_critical_risks__c, Has_CRA_changed_since_last_approval__c, Has_TSF_changed_since_last_approval__c, Apply_Default_Bonding__c, Conversion_Budget_Comments__c, Is_Gate_1_To_3__c, Is_Gate_4_To_5__c, Net_Budget_EOI_PQ__c, Net_Budget_Post_Tender__c, Net_Budget_Tender__c, Net_Budget_Amount__c, Total_Budget_EOI_PQ__c, Total_Budget_Tender__c, Total_Budget_AUD__c, Total_Budget_Post_Tender__c, JH_Bid_Cost_of_JH_Revenue__c FROM Opportunity WHERE Id = :tmpVar1
11:07:36.0 (69265390)|LIMIT_USAGE|[18]|SOQL|3|100
11:07:36.0 (69275069)|LIMIT_USAGE|[18]|AGGS|0|300
11:07:36.0 (78817500)|SOQL_EXECUTE_END|[18]|Rows:1
11:07:36.0 (78828028)|LIMIT_USAGE|[18]|SOQL_ROWS|3|50000
11:07:36.0 (78840891)|HEAP_ALLOCATE|[18]|Bytes:8
11:07:36.0 (78854396)|HEAP_ALLOCATE|[18]|Bytes:1141
11:07:36.0 (78871161)|HEAP_ALLOCATE|[18]|Bytes:8
11:07:36.0 (78892171)|VARIABLE_SCOPE_BEGIN|[18]|allOpps|List<Opportunity>|true|false
11:07:36.0 (78949771)|VARIABLE_ASSIGNMENT|[18]|allOpps|[{"Id":"006O0000008j3sIIAQ","Name":"Mernda Rail Bypass","Gate_Status__c":"Approved","TSF_Gate_Status__c":"Rejected","CRA_Gate_Status__c":"Approved","StageName":"Gate 4","Competitor_Analysis_ (19 more) ...":"this is a test for J (83 more) ...","Are_there_any_critic (11 more) ...":"No","Has_CRA_changed_sinc (18 more) ...":"No","Has_TSF_changed_sinc (18 more) ...":"No","Apply_Default_Bondin (4 more) ...":true,"Conversion_Budget_Co (9 more) ...":"This is a test for J (12 more) ...","Is_Gate_1_To_3__c":false,"Is_Gate_4_To_5__c":true,"Net_Budget_EOI_PQ__c":1000001,"Net_Budget_Post_Tend (5 more) ...":9000009,"Net_Budget_Tender__c":5000008,"Net_Budget_Amount__c":15000018,"Total_Budget_EOI_PQ_ (2 more) ...":1000005,"Total_Budget_Tender_ (2 more) ...":5000013,"Total_Budget_AUD__c":15000036,"Total_Budget_Post_Te (7 more) ...":9000018,"JH_Bid_Cost_of_JH_Re (8 more) ...":23.8}]|0x57008e20
11:07:36.0 (78960067)|STATEMENT_EXECUTE|[38]
11:07:36.0 (78977671)|SYSTEM_MODE_EXIT|false
11:07:36.79 (79003111)|CUMULATIVE_LIMIT_USAGE
11:07:36.79 (79003111)|LIMIT_USAGE_FOR_NS|(default)|
  Number of SOQL queries: 3 out of 100
  Number of query rows: 3 out of 50000
  Number of SOSL queries: 0 out of 20
  Number of DML statements: 0 out of 150
  Number of DML rows: 0 out of 10000
  Maximum CPU time: 0 out of 10000
  Maximum heap size: 0 out of 6000000
  Number of callouts: 0 out of 100
  Number of Email Invocations: 0 out of 10
  Number of future calls: 0 out of 50
  Number of queueable jobs added to the queue: 0 out of 50
  Number of Mobile Apex push calls: 0 out of 10

11:07:36.79 (79003111)|TOTAL_EMAIL_RECIPIENTS_QUEUED|0
11:07:36.79 (79003111)|STATIC_VARIABLE_LIST|
  char[]:DigitTens:0
  long:serialVersionUID:0
  long:serialVersionUID:0
  double:MAX_VALUE:0
  Boolean:FALSE:0
  long:serialVersionUID:0
  double:MIN_VALUE:0
  int:SIZE:0
  double:NEGATIVE_INFINITY:0
  int:MAX_VALUE:0
  String:_sfdcSuppressedCodeLocations:0
  char[]:digits:0
  double:NaN:0
  Boolean:TRUE:0
  int:MIN_VALUE:0
  char[]:DigitOnes:0
  int:BYTES:0
  int:MIN_EXPONENT:0
  int[]:sizeTable:0
  int:MAX_EXPONENT:0
  int:SIZE:0
  double:POSITIVE_INFINITY:0
  String:_sfdcAdditionalCodeLocations:0
  double:MIN_NORMAL:0
  int:BYTES:0

11:07:36.79 (79003111)|CUMULATIVE_LIMIT_USAGE_END

11:07:36.0 (79121512)|CODE_UNIT_FINISHED|ApprovalController.getOpportunityRecord
11:07:36.0 (103290484)|HEAP_ALLOCATE|[EXTERNAL]|Bytes:18
11:07:36.0 (103317109)|HEAP_ALLOCATE|[EXTERNAL]|Bytes:18
11:07:36.0 (104986743)|CODE_UNIT_STARTED|[EXTERNAL]|01pO0000000372v|KCRAController.getAllKCRARecords
11:07:36.0 (105036990)|HEAP_ALLOCATE|[EXTERNAL]|Bytes:5
11:07:36.0 (105043999)|HEAP_ALLOCATE|[EXTERNAL]|Bytes:14
11:07:36.0 (105055691)|METHOD_ENTRY|[11]|01pO0000000372v|KCRAController.KCRAController()
11:07:36.0 (105058949)|STATEMENT_EXECUTE|[11]
11:07:36.0 (105064539)|STATEMENT_EXECUTE|[11]
11:07:36.0 (105071358)|METHOD_EXIT|[11]|KCRAController
11:07:36.0 (105075414)|HEAP_ALLOCATE|[EXTERNAL]|Bytes:18
11:07:36.0 (105085316)|SYSTEM_MODE_ENTER|false
11:07:36.0 (105092578)|VARIABLE_SCOPE_BEGIN|[14]|opportunityId|String|false|false
11:07:36.0 (105105216)|VARIABLE_ASSIGNMENT|[14]|opportunityId|"006O0000008j3sIIAQ"
11:07:36.0 (105112499)|STATEMENT_EXECUTE|[14]
11:07:36.0 (105113814)|STATEMENT_EXECUTE|[17]
11:07:36.0 (105117373)|HEAP_ALLOCATE|[17]|Bytes:204
11:07:36.0 (105127243)|HEAP_ALLOCATE|[17]|Bytes:4
11:07:36.0 (105538128)|SOQL_EXECUTE_BEGIN|[17]|Aggregations:0|SELECT Id, name, recordtypeId, applicable__c, approved__c, itemno__c, KCRA_Item__c, Opportunity__c FROM Key_Commercial_Risks_Approvals__c WHERE Opportunity__c = :tmpVar1 ORDER BY itemno__c ASC NULLS FIRST
11:07:36.0 (105545411)|LIMIT_USAGE|[17]|SOQL|4|100
11:07:36.0 (105553095)|LIMIT_USAGE|[17]|AGGS|0|300
11:07:36.0 (109716746)|SOQL_EXECUTE_END|[17]|Rows:1
11:07:36.0 (109723873)|LIMIT_USAGE|[17]|SOQL_ROWS|4|50000
11:07:36.0 (109736797)|HEAP_ALLOCATE|[17]|Bytes:8
11:07:36.0 (109753188)|HEAP_ALLOCATE|[17]|Bytes:248
11:07:36.0 (109808001)|HEAP_ALLOCATE|[17]|Bytes:8
11:07:36.0 (109819849)|VARIABLE_SCOPE_BEGIN|[17]|allKCRAs|List<Key_Commercial_Risks_Approvals__c>|true|false
11:07:36.0 (109849119)|VARIABLE_ASSIGNMENT|[17]|allKCRAs|[{"Id":"a0gO000001LxM3ZIAV","Name":"KCRA-00000004","Applicable__c":"Yes","Approved__c":false,"ItemNo__c":2,"KCRA_Item__c":"Operate in a country (38 more) ...","Opportunity__c":"006O0000008j3sIIAQ"}]|0x134c847c
11:07:36.0 (109852992)|STATEMENT_EXECUTE|[27]
11:07:36.0 (109863092)|SYSTEM_MODE_EXIT|false
11:07:36.109 (109881957)|CUMULATIVE_LIMIT_USAGE
11:07:36.109 (109881957)|LIMIT_USAGE_FOR_NS|(default)|
  Number of SOQL queries: 4 out of 100
  Number of query rows: 4 out of 50000
  Number of SOSL queries: 0 out of 20
  Number of DML statements: 0 out of 150
  Number of DML rows: 0 out of 10000
  Maximum CPU time: 0 out of 10000
  Maximum heap size: 0 out of 6000000
  Number of callouts: 0 out of 100
  Number of Email Invocations: 0 out of 10
  Number of future calls: 0 out of 50
  Number of queueable jobs added to the queue: 0 out of 50
  Number of Mobile Apex push calls: 0 out of 10

11:07:36.109 (109881957)|TOTAL_EMAIL_RECIPIENTS_QUEUED|0
11:07:36.109 (109881957)|STATIC_VARIABLE_LIST|
  char[]:DigitTens:0
  long:serialVersionUID:0
  long:serialVersionUID:0
  double:MAX_VALUE:0
  Boolean:FALSE:0
  long:serialVersionUID:0
  String:_sfdcAdditionalCodeLocations:0
  double:MIN_VALUE:0
  int:SIZE:0
  double:NEGATIVE_INFINITY:0
  int:MAX_VALUE:0
  String:_sfdcSuppressedCodeLocations:0
  char[]:digits:0
  double:NaN:0
  Boolean:TRUE:0
  int:MIN_VALUE:0
  char[]:DigitOnes:0
  int:BYTES:0
  int:MIN_EXPONENT:0
  int[]:sizeTable:0
  int:MAX_EXPONENT:0
  String:_sfdcSuppressedCodeLocations:0
  int:SIZE:0
  double:POSITIVE_INFINITY:0
  String:_sfdcAdditionalCodeLocations:0
  double:MIN_NORMAL:0
  int:BYTES:0

11:07:36.109 (109881957)|CUMULATIVE_LIMIT_USAGE_END

11:07:36.0 (109998209)|CODE_UNIT_FINISHED|KCRAController.getAllKCRARecords
11:07:36.120 (120626248)|CUMULATIVE_PROFILING_BEGIN
11:07:36.120 (120626248)|CUMULATIVE_PROFILING|SOQL operations|
Class.ApprovalController.getOpportunityRecord: line 18, column 1: [SELECT   Id,name,
                                                           			Gate_Status__c,
                                                           			TSF_Gate_Status__c,
                                                           			CRA_Gate_Status__c,
                                                           			StageName,
                                    								Competitor_Analysis_General_Comments__c,
                                    								Are_there_any_critical_risks__c,
                                    								Has_CRA_changed_since_last_approval__c,
                                    								Has_TSF_changed_since_last_approval__c,
                                    								Apply_Default_Bonding__c,
                                    								Conversion_Budget_Comments__c,
                                    								Is_Gate_1_To_3__c, Is_Gate_4_To_5__c,
                                    								Net_Budget_EOI_PQ__c, Net_Budget_Post_Tender__c, 
                                    								Net_Budget_Tender__c, Net_Budget_Amount__c,
                                    								Total_Budget_EOI_PQ__c, Total_Budget_Tender__c, 
                                    								Total_Budget_AUD__c, Total_Budget_Post_Tender__c, 
                                    								JH_Bid_Cost_of_JH_Revenue__c
                                 							FROM     Opportunity
                                 							WHERE    Id = :opportunityId]: executed 3 times in 33 ms
Class.KCRAController.getAllKCRARecords: line 17, column 1: [SELECT   Id,name,
                                                           			recordtypeId,
                                                           			applicable__c,
                                                           			approved__c,
                                                           			itemno__c,
                                                           			KCRA_Item__c,Opportunity__c 
                                 							FROM     Key_Commercial_Risks_Approvals__c 
                                 							WHERE    Opportunity__c = :opportunityId
                                                           	ORDER BY itemno__c]: executed 1 time in 4 ms

11:07:36.120 (120626248)|CUMULATIVE_PROFILING|No profiling information for SOSL operations
11:07:36.120 (120626248)|CUMULATIVE_PROFILING|No profiling information for DML operations
11:07:36.120 (120626248)|CUMULATIVE_PROFILING|method invocations|
External entry point: public static List<Opportunity> getOpportunityRecord(String): executed 1 time in 10 ms
External entry point: public static List<Key_Commercial_Risks_Approvals__c> getAllKCRARecords(String): executed 1 time in 5 ms

11:07:36.120 (120626248)|CUMULATIVE_PROFILING_END
