39.0 APEX_CODE,FINEST;APEX_PROFILING,FINEST;CALLOUT,INFO;DB,INFO;SYSTEM,DEBUG;VALIDATION,INFO;VISUALFORCE,INFO;WAVE,INFO;WORKFLOW,INFO
10:09:02.0 (310793)|USER_INFO|[EXTERNAL]|00528000006B07F|dev@systempartners.com.prod.pcphase2|Australian Eastern Standard Time|GMT+11:00
10:09:02.0 (342269)|EXECUTION_STARTED
10:09:02.0 (347432)|CODE_UNIT_STARTED|[EXTERNAL]|aura
10:09:02.0 (852627)|HEAP_ALLOCATE|[72]|Bytes:3
10:09:02.0 (891399)|HEAP_ALLOCATE|[77]|Bytes:152
10:09:02.0 (907214)|HEAP_ALLOCATE|[342]|Bytes:408
10:09:02.0 (926977)|HEAP_ALLOCATE|[355]|Bytes:408
10:09:02.0 (945657)|HEAP_ALLOCATE|[467]|Bytes:48
10:09:02.0 (969687)|HEAP_ALLOCATE|[139]|Bytes:6
10:09:02.0 (993450)|HEAP_ALLOCATE|[EXTERNAL]|Bytes:18
10:09:02.0 (1006383)|HEAP_ALLOCATE|[EXTERNAL]|Bytes:18
10:09:02.0 (2722909)|CODE_UNIT_STARTED|[EXTERNAL]|01pO00000003MVy|ApprovalController.getOpportunityRecord
10:09:02.0 (2833536)|HEAP_ALLOCATE|[EXTERNAL]|Bytes:5
10:09:02.0 (2839166)|HEAP_ALLOCATE|[EXTERNAL]|Bytes:8
10:09:02.0 (2847737)|METHOD_ENTRY|[1]|01pO00000003MVy|ApprovalController.ApprovalController()
10:09:02.0 (2851528)|STATEMENT_EXECUTE|[1]
10:09:02.0 (2856280)|STATEMENT_EXECUTE|[1]
10:09:02.0 (2861795)|METHOD_EXIT|[1]|ApprovalController
10:09:02.0 (2865290)|HEAP_ALLOCATE|[EXTERNAL]|Bytes:18
10:09:02.0 (2873364)|SYSTEM_MODE_ENTER|false
10:09:02.0 (2882082)|VARIABLE_SCOPE_BEGIN|[15]|opportunityId|String|false|false
10:09:02.0 (2901965)|VARIABLE_ASSIGNMENT|[15]|opportunityId|"006O0000008kRsJIAU"
10:09:02.0 (2913740)|STATEMENT_EXECUTE|[15]
10:09:02.0 (2916804)|STATEMENT_EXECUTE|[18]
10:09:02.0 (2921684)|HEAP_ALLOCATE|[18]|Bytes:589
10:09:02.0 (2937222)|HEAP_ALLOCATE|[18]|Bytes:4
10:09:02.0 (2951909)|HEAP_ALLOCATE|[18]|Bytes:7
10:09:02.0 (2997466)|HEAP_ALLOCATE|[50]|Bytes:5
10:09:02.0 (3021444)|HEAP_ALLOCATE|[56]|Bytes:5
10:09:02.0 (3030354)|HEAP_ALLOCATE|[64]|Bytes:7
10:09:02.0 (3880116)|SOQL_EXECUTE_BEGIN|[18]|Aggregations:0|SELECT Id, name, Gate_Status__c, TSF_Gate_Status__c, CRA_Gate_Status__c, StageName, Competitor_Analysis_General_Comments__c, Are_there_any_critical_risks__c, Has_CRA_changed_since_last_approval__c, Has_TSF_changed_since_last_approval__c, Apply_Default_Bonding__c, Conversion_Budget_Comments__c, Is_Gate_1_To_3__c, Is_Gate_4_To_5__c, Net_Budget_EOI_PQ__c, Net_Budget_Post_Tender__c, Net_Budget_Tender__c, Net_Budget_Amount__c, Total_Budget_EOI_PQ__c, Total_Budget_Tender__c, Total_Budget_AUD__c, Total_Budget_Post_Tender__c, JH_Bid_Cost_of_JH_Revenue__c FROM Opportunity WHERE Id = :tmpVar1
10:09:02.0 (3892785)|LIMIT_USAGE|[18]|SOQL|1|100
10:09:02.0 (3901520)|LIMIT_USAGE|[18]|AGGS|0|300
10:09:02.0 (46399860)|SOQL_EXECUTE_END|[18]|Rows:1
10:09:02.0 (46413315)|LIMIT_USAGE|[18]|SOQL_ROWS|1|50000
10:09:02.0 (46436697)|HEAP_ALLOCATE|[18]|Bytes:8
10:09:02.0 (46454052)|HEAP_ALLOCATE|[18]|Bytes:775
10:09:02.0 (46511992)|HEAP_ALLOCATE|[18]|Bytes:8
10:09:02.0 (46534753)|VARIABLE_SCOPE_BEGIN|[18]|allOpps|List<Opportunity>|true|false
10:09:02.0 (46584502)|VARIABLE_ASSIGNMENT|[18]|allOpps|[{"Id":"006O0000008kRsJIAU","Name":"Test Alex 15 Mar 124 (3 more) ...","Gate_Status__c":"Reviewing Approvers","StageName":"Gate 1","Are_there_any_critic (11 more) ...":"No","Has_CRA_changed_sinc (18 more) ...":"Yes","Apply_Default_Bondin (4 more) ...":true,"Is_Gate_1_To_3__c":true,"Is_Gate_4_To_5__c":false,"Net_Budget_EOI_PQ__c":0,"Net_Budget_Post_Tend (5 more) ...":0,"Net_Budget_Tender__c":0,"Net_Budget_Amount__c":0,"Total_Budget_EOI_PQ_ (2 more) ...":0,"Total_Budget_Tender_ (2 more) ...":0,"Total_Budget_AUD__c":0,"Total_Budget_Post_Te (7 more) ...":0}]|0x2521a7a5
10:09:02.0 (46592277)|STATEMENT_EXECUTE|[38]
10:09:02.0 (46608907)|SYSTEM_MODE_EXIT|false
10:09:02.46 (46646237)|CUMULATIVE_LIMIT_USAGE
10:09:02.46 (46646237)|LIMIT_USAGE_FOR_NS|(default)|
  Number of SOQL queries: 1 out of 100
  Number of query rows: 1 out of 50000
  Number of SOSL queries: 0 out of 20
  Number of DML statements: 0 out of 150
  Number of DML rows: 0 out of 10000
  Maximum CPU time: 0 out of 10000
  Maximum heap size: 0 out of 6000000
  Number of callouts: 0 out of 100
  Number of Email Invocations: 0 out of 10
  Number of future calls: 0 out of 50
  Number of queueable jobs added to the queue: 0 out of 50
  Number of Mobile Apex push calls: 0 out of 10

10:09:02.46 (46646237)|TOTAL_EMAIL_RECIPIENTS_QUEUED|0
10:09:02.46 (46646237)|STATIC_VARIABLE_LIST|
  char[]:DigitTens:0
  long:serialVersionUID:0
  long:serialVersionUID:0
  double:MAX_VALUE:0
  Boolean:FALSE:0
  long:serialVersionUID:0
  double:MIN_VALUE:0
  int:SIZE:0
  double:NEGATIVE_INFINITY:0
  int:MAX_VALUE:0
  String:_sfdcSuppressedCodeLocations:0
  char[]:digits:0
  double:NaN:0
  Boolean:TRUE:0
  int:MIN_VALUE:0
  char[]:DigitOnes:0
  int:BYTES:0
  int:MIN_EXPONENT:0
  int[]:sizeTable:0
  int:MAX_EXPONENT:0
  int:SIZE:0
  double:POSITIVE_INFINITY:0
  String:_sfdcAdditionalCodeLocations:0
  double:MIN_NORMAL:0
  int:BYTES:0

10:09:02.46 (46646237)|CUMULATIVE_LIMIT_USAGE_END

10:09:02.0 (46786916)|CODE_UNIT_FINISHED|ApprovalController.getOpportunityRecord
10:09:02.219 (219779592)|CUMULATIVE_PROFILING_BEGIN
10:09:02.219 (219779592)|CUMULATIVE_PROFILING|SOQL operations|
Class.ApprovalController.getOpportunityRecord: line 18, column 1: [SELECT   Id,name,
                                                           			Gate_Status__c,
                                                           			TSF_Gate_Status__c,
                                                           			CRA_Gate_Status__c,
                                                           			StageName,
                                    								Competitor_Analysis_General_Comments__c,
                                    								Are_there_any_critical_risks__c,
                                    								Has_CRA_changed_since_last_approval__c,
                                    								Has_TSF_changed_since_last_approval__c,
                                    								Apply_Default_Bonding__c,
                                    								Conversion_Budget_Comments__c,
                                    								Is_Gate_1_To_3__c, Is_Gate_4_To_5__c,
                                    								Net_Budget_EOI_PQ__c, Net_Budget_Post_Tender__c, 
                                    								Net_Budget_Tender__c, Net_Budget_Amount__c,
                                    								Total_Budget_EOI_PQ__c, Total_Budget_Tender__c, 
                                    								Total_Budget_AUD__c, Total_Budget_Post_Tender__c, 
                                    								JH_Bid_Cost_of_JH_Revenue__c
                                 							FROM     Opportunity
                                 							WHERE    Id = :opportunityId]: executed 1 time in 43 ms

10:09:02.219 (219779592)|CUMULATIVE_PROFILING|No profiling information for SOSL operations
10:09:02.219 (219779592)|CUMULATIVE_PROFILING|No profiling information for DML operations
10:09:02.219 (219779592)|CUMULATIVE_PROFILING|method invocations|
External entry point: public static List<Opportunity> getOpportunityRecord(String): executed 1 time in 44 ms

10:09:02.219 (219779592)|CUMULATIVE_PROFILING_END
