39.0 APEX_CODE,FINEST;APEX_PROFILING,FINEST;CALLOUT,NONE;DB,FINEST;SYSTEM,FINE;VALIDATION,INFO;VISUALFORCE,INFO;WAVE,INFO;WORKFLOW,FINER
16:17:53.0 (514887)|USER_INFO|[EXTERNAL]|005O0000003t7an|ricky.lowe@jhg.com.au.pcphase2|Australian Eastern Standard Time|GMT+10:00
16:17:53.0 (541443)|EXECUTION_STARTED
16:17:53.0 (547375)|CODE_UNIT_STARTED|[EXTERNAL]|01pO00000003MVy|ApprovalController.getAssignedApprovers
16:17:53.0 (886150)|HEAP_ALLOCATE|[72]|Bytes:3
16:17:53.0 (935384)|HEAP_ALLOCATE|[77]|Bytes:152
16:17:53.0 (954787)|HEAP_ALLOCATE|[342]|Bytes:408
16:17:53.0 (975111)|HEAP_ALLOCATE|[355]|Bytes:408
16:17:53.0 (993349)|HEAP_ALLOCATE|[467]|Bytes:48
16:17:53.0 (1024870)|HEAP_ALLOCATE|[139]|Bytes:6
16:17:53.0 (1045055)|HEAP_ALLOCATE|[EXTERNAL]|Bytes:8
16:17:53.0 (1049779)|HEAP_ALLOCATE|[EXTERNAL]|Bytes:8
16:17:53.0 (1058878)|METHOD_ENTRY|[1]|01pO00000003MVy|ApprovalController.ApprovalController()
16:17:53.0 (1062552)|STATEMENT_EXECUTE|[1]
16:17:53.0 (1067695)|STATEMENT_EXECUTE|[1]
16:17:53.0 (1073740)|METHOD_EXIT|[1]|ApprovalController
16:17:53.0 (1088101)|HEAP_ALLOCATE|[EXTERNAL]|Bytes:76
16:17:53.0 (1099195)|SYSTEM_MODE_ENTER|false
16:17:53.0 (1110865)|VARIABLE_SCOPE_BEGIN|[67]|opp|Opportunity|true|false
16:17:53.0 (1161594)|VARIABLE_ASSIGNMENT|[67]|opp|{"Total_Budget_EOI_PQ_ (2 more) ...":0,"Total_Budget_AUD__c":0,"TSF_Gate_Status__c":"Not Applicable","StageName":"Gate 3","Net_Budget_Post_Tend (5 more) ...":0,"Net_Budget_EOI_PQ__c":0,"Apply_Default_Bondin (4 more) ...":false,"Gate_Status__c":"In Progress","Is_Gate_4_To_5__c":false,"Name":"RL Test Opp 2017-04- (11 more) ...","Is_Gate_1_To_3__c":true,"Net_Budget_Amount__c":0,"Total_Budget_Tender_ (2 more) ...":0,"Conversion_Budget_Co (9 more) ...":"conv bud","Total_Budget_Post_Te (7 more) ...":0,"Net_Budget_Tender__c":0,"CRA_Gate_Status__c":"Not Applicable","Id":"006O0000008lbw2IAA"}|0x18c4c943
16:17:53.0 (1176111)|STATEMENT_EXECUTE|[67]
16:17:53.0 (1177940)|STATEMENT_EXECUTE|[68]
16:17:53.0 (1181759)|HEAP_ALLOCATE|[68]|Bytes:132
16:17:53.0 (1195480)|HEAP_ALLOCATE|[68]|Bytes:4
16:17:53.0 (1209574)|HEAP_ALLOCATE|[68]|Bytes:7
16:17:53.0 (1274357)|HEAP_ALLOCATE|[68]|Bytes:7
16:17:53.0 (5044792)|VARIABLE_SCOPE_BEGIN|[3]|OpportunityService.KCRARecordTypeID|String|false|true
16:17:53.0 (5053246)|VARIABLE_SCOPE_BEGIN|[2]|OpportunityService.KCRATemplateRecordTypeID|String|false|true
16:17:53.0 (5064123)|HEAP_ALLOCATE|[70]|Bytes:39
16:17:53.0 (5100648)|METHOD_ENTRY|[1]|01pO00000003HOS|OpportunityService.OpportunityService()
16:17:53.0 (5105724)|STATEMENT_EXECUTE|[1]
16:17:53.0 (5111087)|STATEMENT_EXECUTE|[1]
16:17:53.0 (5151738)|HEAP_ALLOCATE|[50]|Bytes:5
16:17:53.0 (5178973)|HEAP_ALLOCATE|[56]|Bytes:5
16:17:53.0 (5188108)|HEAP_ALLOCATE|[64]|Bytes:7
16:17:53.0 (5213531)|HEAP_ALLOCATE|[2]|Bytes:5
16:17:53.0 (5218630)|STATEMENT_EXECUTE|[2]
16:17:53.0 (5221241)|HEAP_ALLOCATE|[2]|Bytes:33
16:17:53.0 (5302102)|SYSTEM_METHOD_ENTRY|[2]|Schema.SObjectType.getDescribe()
16:17:53.0 (5791806)|HEAP_ALLOCATE|[2]|Bytes:4
16:17:53.0 (5802102)|SYSTEM_METHOD_EXIT|[2]|Schema.SObjectType.getDescribe()
16:17:53.0 (5838322)|LIMIT_USAGE|[2]|RECORD_TYPE_DESCRIBES|1|100
16:17:53.0 (7998145)|HEAP_ALLOCATE|[2]|Bytes:16
16:17:53.0 (8007098)|HEAP_ALLOCATE|[2]|Bytes:13
16:17:53.0 (8057794)|SYSTEM_METHOD_ENTRY|[2]|Map<String,Schema.RecordTypeInfo>.get(Object)
16:17:53.0 (8112517)|SYSTEM_METHOD_EXIT|[2]|Map<String,Schema.RecordTypeInfo>.get(Object)
16:17:53.0 (8146637)|HEAP_ALLOCATE|[2]|Bytes:4
16:17:53.0 (8168288)|HEAP_ALLOCATE|[2]|Bytes:18
16:17:53.0 (8183359)|VARIABLE_ASSIGNMENT|[2]|OpportunityService.KCRATemplateRecordTypeID|"012O0000000DCgLIAW"
16:17:53.0 (8186380)|STATEMENT_EXECUTE|[3]
16:17:53.0 (8220310)|SYSTEM_METHOD_ENTRY|[3]|Schema.SObjectType.getDescribe()
16:17:53.0 (8242571)|HEAP_ALLOCATE|[3]|Bytes:4
16:17:53.0 (8248272)|SYSTEM_METHOD_EXIT|[3]|Schema.SObjectType.getDescribe()
16:17:53.0 (8260872)|LIMIT_USAGE|[3]|RECORD_TYPE_DESCRIBES|2|100
16:17:53.0 (8278946)|HEAP_ALLOCATE|[3]|Bytes:16
16:17:53.0 (8287572)|HEAP_ALLOCATE|[3]|Bytes:4
16:17:53.0 (8309901)|SYSTEM_METHOD_ENTRY|[3]|Map<String,Schema.RecordTypeInfo>.get(Object)
16:17:53.0 (8330833)|SYSTEM_METHOD_EXIT|[3]|Map<String,Schema.RecordTypeInfo>.get(Object)
16:17:53.0 (8350616)|HEAP_ALLOCATE|[3]|Bytes:4
16:17:53.0 (8358183)|HEAP_ALLOCATE|[3]|Bytes:18
16:17:53.0 (8369259)|VARIABLE_ASSIGNMENT|[3]|OpportunityService.KCRARecordTypeID|"012O0000000DCgGIAW"
16:17:53.0 (8381446)|METHOD_EXIT|[1]|OpportunityService
16:17:53.0 (8403253)|METHOD_ENTRY|[70]|01pO00000003HOS|OpportunityService.getGateNumber(String)
16:17:53.0 (8421846)|VARIABLE_SCOPE_BEGIN|[183]|stage|String|false|false
16:17:53.0 (8427954)|VARIABLE_ASSIGNMENT|[183]|stage|"Gate 3"
16:17:53.0 (8437044)|HEAP_ALLOCATE|[184]|Bytes:5
16:17:53.0 (8440907)|STATEMENT_EXECUTE|[183]
16:17:53.0 (8444393)|HEAP_ALLOCATE|[184]|Bytes:6
16:17:53.0 (8470697)|HEAP_ALLOCATE|[185]|Bytes:6
16:17:53.0 (8479024)|HEAP_ALLOCATE|[186]|Bytes:6
16:17:53.0 (8486550)|STATEMENT_EXECUTE|[186]
16:17:53.0 (8489273)|HEAP_ALLOCATE|[186]|Bytes:1
16:17:53.0 (8498224)|METHOD_EXIT|[70]|01pO00000003HOS|OpportunityService.getGateNumber(String)
16:17:53.0 (9162053)|SOQL_EXECUTE_BEGIN|[68]|Aggregations:0|SELECT id FROM Gate__c WHERE (Opportunity__c = :tmpVar1 AND Gate_Number__c = :tmpVar2) ORDER BY CreatedDate DESC NULLS FIRST LIMIT 1
16:17:53.0 (9172347)|LIMIT_USAGE|[68]|SOQL|1|100
16:17:53.0 (9179799)|LIMIT_USAGE|[68]|AGGS|0|300
16:17:53.0 (17931399)|SOQL_EXECUTE_END|[68]|Rows:1
16:17:53.0 (17939724)|LIMIT_USAGE|[68]|SOQL_ROWS|1|50000
16:17:53.0 (17957728)|HEAP_ALLOCATE|[68]|Bytes:8
16:17:53.0 (17975668)|HEAP_ALLOCATE|[68]|Bytes:29
16:17:53.0 (18053537)|HEAP_ALLOCATE|[68]|Bytes:8
16:17:53.0 (18068906)|HEAP_ALLOCATE|[68]|Bytes:33
16:17:53.0 (18129708)|HEAP_ALLOCATE|[68]|Bytes:8
16:17:53.0 (18137870)|VARIABLE_SCOPE_BEGIN|[68]|latestGateId|Gate__c|true|false
16:17:53.0 (18156980)|VARIABLE_ASSIGNMENT|[68]|latestGateId|{"Id":"a0nO0000003xe14IAA"}|0x176dcb0d
16:17:53.0 (18160779)|STATEMENT_EXECUTE|[75]
16:17:53.0 (18164667)|HEAP_ALLOCATE|[75]|Bytes:240
16:17:53.0 (18173910)|HEAP_ALLOCATE|[75]|Bytes:4
16:17:53.0 (19630895)|SOQL_EXECUTE_BEGIN|[75]|Aggregations:0|SELECT Approver__r.Name, Approval_Level__c, Gate__c, Approval_Status__c, Wet_Signature_Received__c, Wet_Signature_Date__c, Approval_Comments__c, CreatedDate FROM Assigned_Approver__c WHERE Gate__c = :tmpVar1 ORDER BY Gate__c ASC NULLS FIRST
16:17:53.0 (19640068)|LIMIT_USAGE|[75]|SOQL|2|100
16:17:53.0 (19647921)|LIMIT_USAGE|[75]|AGGS|0|300
16:17:53.0 (28939969)|SOQL_EXECUTE_END|[75]|Rows:3
16:17:53.0 (28951528)|LIMIT_USAGE|[75]|SOQL_ROWS|4|50000
16:17:53.0 (28975531)|HEAP_ALLOCATE|[75]|Bytes:16
16:17:53.0 (29005009)|HEAP_ALLOCATE|[75]|Bytes:756
16:17:53.0 (29050056)|HEAP_ALLOCATE|[75]|Bytes:16
16:17:53.0 (29068116)|VARIABLE_SCOPE_BEGIN|[75]|allApprovers|List<Assigned_Approver__c>|true|false
16:17:53.0 (29177933)|VARIABLE_ASSIGNMENT|[75]|allApprovers|[{"Approver__c":"005O0000003t7anIAA","Approval_Level__c":"3","Gate__c":"a0nO0000003xe14IAA","Approval_Status__c":"Assigned Pending App (5 more) ...","Wet_Signature_Receiv (5 more) ...":false,"CreatedDate":"2017-04-05T05:12:31.000Z","Id":"a0oO0000002tf8pIAA","Approver__r":{"Name":"Ricky Lowe","Id":"005O0000003t7anIAA"}},{"Approver__c":"005O0000003t7anIAA","Approval_Level__c":"1","Gate__c":"a0nO0000003xe14IAA","Approval_Status__c":"Rejected","Wet_Signature_Receiv (5 more) ...":false,"CreatedDate":"2017-04-05T05:12:31.000Z","Id":"a0oO0000002tf8qIAA","Approver__r":{"Name":"Ricky Lowe","Id":"005O0000003t7anIAA"}},{"Approver__c":"005O0000003uaVKIAY","Approval_Level__c":"2","Gate__c":"a0nO0000003xe14IAA","Approval_Status__c":"Assigned Pending App (5 more) ...","Wet_Signature_Receiv (5 more) ...":false,"CreatedDate":"2017-04-05T05:12:31.000Z","Id":"a0oO0000002tf8rIAA","Approver__r":{"Name":"Ricky Test","Id":"005O0000003uaVKIAY"}}]|0x4cd4058b
16:17:53.0 (29190409)|STATEMENT_EXECUTE|[83]
16:17:53.0 (29208458)|SYSTEM_MODE_EXIT|false
16:17:53.29 (29241032)|CUMULATIVE_LIMIT_USAGE
16:17:53.29 (29241032)|LIMIT_USAGE_FOR_NS|(default)|
  Number of SOQL queries: 2 out of 100
  Number of query rows: 4 out of 50000
  Number of SOSL queries: 0 out of 20
  Number of DML statements: 0 out of 150
  Number of DML rows: 0 out of 10000
  Maximum CPU time: 0 out of 10000
  Maximum heap size: 0 out of 6000000
  Number of callouts: 0 out of 100
  Number of Email Invocations: 0 out of 10
  Number of future calls: 0 out of 50
  Number of queueable jobs added to the queue: 0 out of 50
  Number of Mobile Apex push calls: 0 out of 10

16:17:53.29 (29241032)|TOTAL_EMAIL_RECIPIENTS_QUEUED|0
16:17:53.29 (29241032)|STATIC_VARIABLE_LIST|
  char[]:DigitTens:0
  long:serialVersionUID:0
  String:_static_KCRATemplateRecordTypeID:0
  long:serialVersionUID:0
  double:MAX_VALUE:0
  Boolean:FALSE:0
  long:serialVersionUID:0
  double:MIN_VALUE:0
  int:SIZE:0
  double:NEGATIVE_INFINITY:0
  int:MAX_VALUE:0
  String:_sfdcSuppressedCodeLocations:0
  char[]:digits:0
  double:NaN:0
  Boolean:TRUE:0
  int:MIN_VALUE:0
  String:_static_KCRARecordTypeID:0
  char[]:DigitOnes:0
  String:_sfdcAdditionalCodeLocations:0
  int:BYTES:0
  int:MIN_EXPONENT:0
  int[]:sizeTable:0
  int:MAX_EXPONENT:0
  int:SIZE:0
  double:POSITIVE_INFINITY:0
  String:_sfdcAdditionalCodeLocations:0
  double:MIN_NORMAL:0
  int:BYTES:0

16:17:53.29 (29241032)|CUMULATIVE_LIMIT_USAGE_END

16:17:53.0 (29432739)|CODE_UNIT_FINISHED|ApprovalController.getAssignedApprovers
16:17:53.0 (31617985)|EXECUTION_FINISHED
16:17:53.37 (37893474)|CUMULATIVE_PROFILING_BEGIN
16:17:53.37 (37893474)|CUMULATIVE_PROFILING|SOQL operations|
Class.ApprovalController.getAssignedApprovers: line 75, column 1: [SELECT Approver__r.Name, Approval_Level__c,Gate__c,Approval_Status__c,
                                                            Wet_Signature_Received__c, Wet_Signature_Date__c,
                                                            Approval_Comments__c,CreatedDate
                                                    from Assigned_Approver__c
                                                    where Gate__c = :latestGateID.id
                                                    order by Gate__c]: executed 1 time in 11 ms
Class.ApprovalController.getAssignedApprovers: line 68, column 1: [SELECT id FROM Gate__c 
                              where Opportunity__c = : opp.Id 
                              and Gate_Number__c = :OpportunityService.getGateNumber(opp.StageName)
                              ORDER BY CreatedDate DESC
                              LIMIT 1]: executed 1 time in 9 ms

16:17:53.37 (37893474)|CUMULATIVE_PROFILING|No profiling information for SOSL operations
16:17:53.37 (37893474)|CUMULATIVE_PROFILING|No profiling information for DML operations
16:17:53.37 (37893474)|CUMULATIVE_PROFILING|method invocations|
External entry point: public static List<Assigned_Approver__c> getAssignedApprovers(Opportunity): executed 1 time in 28 ms
Class.ApprovalController.getAssignedApprovers: line 70, column 1: public static String getGateNumber(String): executed 1 time in 0 ms
Class.OpportunityService: line 2, column 1: global Schema.DescribeSObjectResult getDescribe(): executed 2 times in 0 ms
Class.OpportunityService: line 3, column 1: global Schema.DescribeSObjectResult getDescribe(): executed 2 times in 0 ms

16:17:53.37 (37893474)|CUMULATIVE_PROFILING_END
