39.0 APEX_CODE,FINEST;APEX_PROFILING,FINEST;CALLOUT,NONE;DB,FINEST;SYSTEM,FINE;VALIDATION,INFO;VISUALFORCE,INFO;WAVE,INFO;WORKFLOW,FINER
16:11:57.0 (925931)|USER_INFO|[EXTERNAL]|00528000006B07F|dev@systempartners.com.prod.pcphase2|Australian Eastern Standard Time|GMT+11:00
16:11:57.0 (957069)|EXECUTION_STARTED
16:11:57.0 (960499)|CODE_UNIT_STARTED|[EXTERNAL]|aura
16:11:57.0 (1188226)|HEAP_ALLOCATE|[72]|Bytes:3
16:11:57.0 (1228427)|HEAP_ALLOCATE|[77]|Bytes:152
16:11:57.0 (1244086)|HEAP_ALLOCATE|[342]|Bytes:408
16:11:57.0 (1262682)|HEAP_ALLOCATE|[355]|Bytes:408
16:11:57.0 (1279737)|HEAP_ALLOCATE|[467]|Bytes:48
16:11:57.0 (1308214)|HEAP_ALLOCATE|[139]|Bytes:6
16:11:57.0 (1331548)|HEAP_ALLOCATE|[EXTERNAL]|Bytes:18
16:11:57.0 (1348513)|HEAP_ALLOCATE|[EXTERNAL]|Bytes:18
16:11:57.0 (3066852)|CODE_UNIT_STARTED|[EXTERNAL]|01pO00000003MVy|ApprovalController.getOpportunityRecord
16:11:57.0 (3181899)|HEAP_ALLOCATE|[EXTERNAL]|Bytes:8
16:11:57.0 (3187420)|HEAP_ALLOCATE|[EXTERNAL]|Bytes:8
16:11:57.0 (3197111)|METHOD_ENTRY|[1]|01pO00000003MVy|ApprovalController.ApprovalController()
16:11:57.0 (3200901)|STATEMENT_EXECUTE|[1]
16:11:57.0 (3204440)|STATEMENT_EXECUTE|[1]
16:11:57.0 (3209807)|METHOD_EXIT|[1]|ApprovalController
16:11:57.0 (3213300)|HEAP_ALLOCATE|[EXTERNAL]|Bytes:18
16:11:57.0 (3222969)|SYSTEM_MODE_ENTER|false
16:11:57.0 (3230318)|VARIABLE_SCOPE_BEGIN|[15]|opportunityId|String|false|false
16:11:57.0 (3254055)|VARIABLE_ASSIGNMENT|[15]|opportunityId|"006O0000008kRsJIAU"
16:11:57.0 (3261006)|STATEMENT_EXECUTE|[15]
16:11:57.0 (3262366)|STATEMENT_EXECUTE|[18]
16:11:57.0 (3265553)|HEAP_ALLOCATE|[18]|Bytes:589
16:11:57.0 (3276229)|HEAP_ALLOCATE|[18]|Bytes:4
16:11:57.0 (3291239)|HEAP_ALLOCATE|[18]|Bytes:7
16:11:57.0 (3333360)|HEAP_ALLOCATE|[50]|Bytes:5
16:11:57.0 (3354437)|HEAP_ALLOCATE|[56]|Bytes:5
16:11:57.0 (3362638)|HEAP_ALLOCATE|[64]|Bytes:7
16:11:57.0 (4130725)|SOQL_EXECUTE_BEGIN|[18]|Aggregations:0|SELECT Id, name, Gate_Status__c, TSF_Gate_Status__c, CRA_Gate_Status__c, StageName, Competitor_Analysis_General_Comments__c, Are_there_any_critical_risks__c, Has_CRA_changed_since_last_approval__c, Has_TSF_changed_since_last_approval__c, Apply_Default_Bonding__c, Conversion_Budget_Comments__c, Is_Gate_1_To_3__c, Is_Gate_4_To_5__c, Net_Budget_EOI_PQ__c, Net_Budget_Post_Tender__c, Net_Budget_Tender__c, Net_Budget_Amount__c, Total_Budget_EOI_PQ__c, Total_Budget_Tender__c, Total_Budget_AUD__c, Total_Budget_Post_Tender__c, JH_Bid_Cost_of_JH_Revenue__c FROM Opportunity WHERE Id = :tmpVar1
16:11:57.0 (4144454)|LIMIT_USAGE|[18]|SOQL|1|100
16:11:57.0 (4155292)|LIMIT_USAGE|[18]|AGGS|0|300
16:11:57.0 (33251353)|SOQL_EXECUTE_END|[18]|Rows:1
16:11:57.0 (33265620)|LIMIT_USAGE|[18]|SOQL_ROWS|1|50000
16:11:57.0 (33282333)|HEAP_ALLOCATE|[18]|Bytes:8
16:11:57.0 (33295264)|HEAP_ALLOCATE|[18]|Bytes:847
16:11:57.0 (33420558)|HEAP_ALLOCATE|[18]|Bytes:8
16:11:57.0 (33441842)|VARIABLE_SCOPE_BEGIN|[18]|allOpps|List<Opportunity>|true|false
16:11:57.0 (33493013)|VARIABLE_ASSIGNMENT|[18]|allOpps|[{"Id":"006O0000008kRsJIAU","Name":"Test Alex 15 Mar 124 (3 more) ...","Gate_Status__c":"Reviewing Approvers","TSF_Gate_Status__c":"Not Applicable","CRA_Gate_Status__c":"Not Applicable","StageName":"Gate 1","Are_there_any_critic (11 more) ...":"No","Has_CRA_changed_sinc (18 more) ...":"Yes","Apply_Default_Bondin (4 more) ...":true,"Is_Gate_1_To_3__c":true,"Is_Gate_4_To_5__c":false,"Net_Budget_EOI_PQ__c":0,"Net_Budget_Post_Tend (5 more) ...":0,"Net_Budget_Tender__c":0,"Net_Budget_Amount__c":0,"Total_Budget_EOI_PQ_ (2 more) ...":0,"Total_Budget_Tender_ (2 more) ...":0,"Total_Budget_AUD__c":0,"Total_Budget_Post_Te (7 more) ...":0}]|0x68dc499
16:11:57.0 (33501788)|STATEMENT_EXECUTE|[38]
16:11:57.0 (33511531)|SYSTEM_MODE_EXIT|false
16:11:57.33 (33539327)|CUMULATIVE_LIMIT_USAGE
16:11:57.33 (33539327)|LIMIT_USAGE_FOR_NS|(default)|
  Number of SOQL queries: 1 out of 100
  Number of query rows: 1 out of 50000
  Number of SOSL queries: 0 out of 20
  Number of DML statements: 0 out of 150
  Number of DML rows: 0 out of 10000
  Maximum CPU time: 0 out of 10000
  Maximum heap size: 0 out of 6000000
  Number of callouts: 0 out of 100
  Number of Email Invocations: 0 out of 10
  Number of future calls: 0 out of 50
  Number of queueable jobs added to the queue: 0 out of 50
  Number of Mobile Apex push calls: 0 out of 10

16:11:57.33 (33539327)|TOTAL_EMAIL_RECIPIENTS_QUEUED|0
16:11:57.33 (33539327)|STATIC_VARIABLE_LIST|
  char[]:DigitTens:0
  long:serialVersionUID:0
  long:serialVersionUID:0
  double:MAX_VALUE:0
  Boolean:FALSE:0
  long:serialVersionUID:0
  double:MIN_VALUE:0
  int:SIZE:0
  double:NEGATIVE_INFINITY:0
  int:MAX_VALUE:0
  String:_sfdcSuppressedCodeLocations:0
  char[]:digits:0
  double:NaN:0
  Boolean:TRUE:0
  int:MIN_VALUE:0
  char[]:DigitOnes:0
  int:BYTES:0
  int:MIN_EXPONENT:0
  int[]:sizeTable:0
  int:MAX_EXPONENT:0
  int:SIZE:0
  double:POSITIVE_INFINITY:0
  String:_sfdcAdditionalCodeLocations:0
  double:MIN_NORMAL:0
  int:BYTES:0

16:11:57.33 (33539327)|CUMULATIVE_LIMIT_USAGE_END

16:11:57.0 (33667401)|CODE_UNIT_FINISHED|ApprovalController.getOpportunityRecord
16:11:57.0 (53356454)|HEAP_ALLOCATE|[EXTERNAL]|Bytes:18
16:11:57.0 (53381696)|HEAP_ALLOCATE|[EXTERNAL]|Bytes:18
16:11:57.0 (54749189)|CODE_UNIT_STARTED|[EXTERNAL]|01pO00000003MVy|ApprovalController.getOpportunityRecord
16:11:57.0 (54792000)|HEAP_ALLOCATE|[EXTERNAL]|Bytes:18
16:11:57.0 (54802320)|SYSTEM_MODE_ENTER|false
16:11:57.0 (54809247)|VARIABLE_SCOPE_BEGIN|[15]|opportunityId|String|false|false
16:11:57.0 (54823774)|VARIABLE_ASSIGNMENT|[15]|opportunityId|"006O0000008kRsJIAU"
16:11:57.0 (54831409)|STATEMENT_EXECUTE|[15]
16:11:57.0 (54833456)|STATEMENT_EXECUTE|[18]
16:11:57.0 (54839469)|HEAP_ALLOCATE|[18]|Bytes:4
16:11:57.0 (55358948)|SOQL_EXECUTE_BEGIN|[18]|Aggregations:0|SELECT Id, name, Gate_Status__c, TSF_Gate_Status__c, CRA_Gate_Status__c, StageName, Competitor_Analysis_General_Comments__c, Are_there_any_critical_risks__c, Has_CRA_changed_since_last_approval__c, Has_TSF_changed_since_last_approval__c, Apply_Default_Bonding__c, Conversion_Budget_Comments__c, Is_Gate_1_To_3__c, Is_Gate_4_To_5__c, Net_Budget_EOI_PQ__c, Net_Budget_Post_Tender__c, Net_Budget_Tender__c, Net_Budget_Amount__c, Total_Budget_EOI_PQ__c, Total_Budget_Tender__c, Total_Budget_AUD__c, Total_Budget_Post_Tender__c, JH_Bid_Cost_of_JH_Revenue__c FROM Opportunity WHERE Id = :tmpVar1
16:11:57.0 (55374066)|LIMIT_USAGE|[18]|SOQL|2|100
16:11:57.0 (55389754)|LIMIT_USAGE|[18]|AGGS|0|300
16:11:57.0 (64799115)|SOQL_EXECUTE_END|[18]|Rows:1
16:11:57.0 (64810413)|LIMIT_USAGE|[18]|SOQL_ROWS|2|50000
16:11:57.0 (64828417)|HEAP_ALLOCATE|[18]|Bytes:8
16:11:57.0 (64843102)|HEAP_ALLOCATE|[18]|Bytes:847
16:11:57.0 (64858176)|HEAP_ALLOCATE|[18]|Bytes:8
16:11:57.0 (64870891)|VARIABLE_SCOPE_BEGIN|[18]|allOpps|List<Opportunity>|true|false
16:11:57.0 (64915277)|VARIABLE_ASSIGNMENT|[18]|allOpps|[{"Id":"006O0000008kRsJIAU","Name":"Test Alex 15 Mar 124 (3 more) ...","Gate_Status__c":"Reviewing Approvers","TSF_Gate_Status__c":"Not Applicable","CRA_Gate_Status__c":"Not Applicable","StageName":"Gate 1","Are_there_any_critic (11 more) ...":"No","Has_CRA_changed_sinc (18 more) ...":"Yes","Apply_Default_Bondin (4 more) ...":true,"Is_Gate_1_To_3__c":true,"Is_Gate_4_To_5__c":false,"Net_Budget_EOI_PQ__c":0,"Net_Budget_Post_Tend (5 more) ...":0,"Net_Budget_Tender__c":0,"Net_Budget_Amount__c":0,"Total_Budget_EOI_PQ_ (2 more) ...":0,"Total_Budget_Tender_ (2 more) ...":0,"Total_Budget_AUD__c":0,"Total_Budget_Post_Te (7 more) ...":0}]|0x4da3e718
16:11:57.0 (64922224)|STATEMENT_EXECUTE|[38]
16:11:57.0 (64931684)|SYSTEM_MODE_EXIT|false
16:11:57.64 (64954777)|CUMULATIVE_LIMIT_USAGE
16:11:57.64 (64954777)|LIMIT_USAGE_FOR_NS|(default)|
  Number of SOQL queries: 2 out of 100
  Number of query rows: 2 out of 50000
  Number of SOSL queries: 0 out of 20
  Number of DML statements: 0 out of 150
  Number of DML rows: 0 out of 10000
  Maximum CPU time: 0 out of 10000
  Maximum heap size: 0 out of 6000000
  Number of callouts: 0 out of 100
  Number of Email Invocations: 0 out of 10
  Number of future calls: 0 out of 50
  Number of queueable jobs added to the queue: 0 out of 50
  Number of Mobile Apex push calls: 0 out of 10

16:11:57.64 (64954777)|TOTAL_EMAIL_RECIPIENTS_QUEUED|0
16:11:57.64 (64954777)|STATIC_VARIABLE_LIST|
  char[]:DigitTens:0
  long:serialVersionUID:0
  long:serialVersionUID:0
  double:MAX_VALUE:0
  Boolean:FALSE:0
  long:serialVersionUID:0
  double:MIN_VALUE:0
  int:SIZE:0
  double:NEGATIVE_INFINITY:0
  int:MAX_VALUE:0
  String:_sfdcSuppressedCodeLocations:0
  char[]:digits:0
  double:NaN:0
  Boolean:TRUE:0
  int:MIN_VALUE:0
  char[]:DigitOnes:0
  int:BYTES:0
  int:MIN_EXPONENT:0
  int[]:sizeTable:0
  int:MAX_EXPONENT:0
  int:SIZE:0
  double:POSITIVE_INFINITY:0
  String:_sfdcAdditionalCodeLocations:0
  double:MIN_NORMAL:0
  int:BYTES:0

16:11:57.64 (64954777)|CUMULATIVE_LIMIT_USAGE_END

16:11:57.0 (65057025)|CODE_UNIT_FINISHED|ApprovalController.getOpportunityRecord
16:11:57.0 (89029018)|HEAP_ALLOCATE|[EXTERNAL]|Bytes:18
16:11:57.0 (89055463)|HEAP_ALLOCATE|[EXTERNAL]|Bytes:18
16:11:57.0 (90431207)|CODE_UNIT_STARTED|[EXTERNAL]|01pO00000003MVy|ApprovalController.getOpportunityRecord
16:11:57.0 (90474881)|HEAP_ALLOCATE|[EXTERNAL]|Bytes:18
16:11:57.0 (90484427)|SYSTEM_MODE_ENTER|false
16:11:57.0 (90491960)|VARIABLE_SCOPE_BEGIN|[15]|opportunityId|String|false|false
16:11:57.0 (90508238)|VARIABLE_ASSIGNMENT|[15]|opportunityId|"006O0000008kRsJIAU"
16:11:57.0 (90515696)|STATEMENT_EXECUTE|[15]
16:11:57.0 (90517362)|STATEMENT_EXECUTE|[18]
16:11:57.0 (90522696)|HEAP_ALLOCATE|[18]|Bytes:4
16:11:57.0 (91043514)|SOQL_EXECUTE_BEGIN|[18]|Aggregations:0|SELECT Id, name, Gate_Status__c, TSF_Gate_Status__c, CRA_Gate_Status__c, StageName, Competitor_Analysis_General_Comments__c, Are_there_any_critical_risks__c, Has_CRA_changed_since_last_approval__c, Has_TSF_changed_since_last_approval__c, Apply_Default_Bonding__c, Conversion_Budget_Comments__c, Is_Gate_1_To_3__c, Is_Gate_4_To_5__c, Net_Budget_EOI_PQ__c, Net_Budget_Post_Tender__c, Net_Budget_Tender__c, Net_Budget_Amount__c, Total_Budget_EOI_PQ__c, Total_Budget_Tender__c, Total_Budget_AUD__c, Total_Budget_Post_Tender__c, JH_Bid_Cost_of_JH_Revenue__c FROM Opportunity WHERE Id = :tmpVar1
16:11:57.0 (91055948)|LIMIT_USAGE|[18]|SOQL|3|100
16:11:57.0 (91066992)|LIMIT_USAGE|[18]|AGGS|0|300
16:11:57.0 (99958707)|SOQL_EXECUTE_END|[18]|Rows:1
16:11:57.0 (99969558)|LIMIT_USAGE|[18]|SOQL_ROWS|3|50000
16:11:57.0 (99983027)|HEAP_ALLOCATE|[18]|Bytes:8
16:11:57.0 (99996165)|HEAP_ALLOCATE|[18]|Bytes:847
16:11:57.0 (100011925)|HEAP_ALLOCATE|[18]|Bytes:8
16:11:57.0 (100026859)|VARIABLE_SCOPE_BEGIN|[18]|allOpps|List<Opportunity>|true|false
16:11:57.0 (100071879)|VARIABLE_ASSIGNMENT|[18]|allOpps|[{"Id":"006O0000008kRsJIAU","Name":"Test Alex 15 Mar 124 (3 more) ...","Gate_Status__c":"Reviewing Approvers","TSF_Gate_Status__c":"Not Applicable","CRA_Gate_Status__c":"Not Applicable","StageName":"Gate 1","Are_there_any_critic (11 more) ...":"No","Has_CRA_changed_sinc (18 more) ...":"Yes","Apply_Default_Bondin (4 more) ...":true,"Is_Gate_1_To_3__c":true,"Is_Gate_4_To_5__c":false,"Net_Budget_EOI_PQ__c":0,"Net_Budget_Post_Tend (5 more) ...":0,"Net_Budget_Tender__c":0,"Net_Budget_Amount__c":0,"Total_Budget_EOI_PQ_ (2 more) ...":0,"Total_Budget_Tender_ (2 more) ...":0,"Total_Budget_AUD__c":0,"Total_Budget_Post_Te (7 more) ...":0}]|0x7d5b8c00
16:11:57.0 (100079038)|STATEMENT_EXECUTE|[38]
16:11:57.0 (100088363)|SYSTEM_MODE_EXIT|false
16:11:57.100 (100108156)|CUMULATIVE_LIMIT_USAGE
16:11:57.100 (100108156)|LIMIT_USAGE_FOR_NS|(default)|
  Number of SOQL queries: 3 out of 100
  Number of query rows: 3 out of 50000
  Number of SOSL queries: 0 out of 20
  Number of DML statements: 0 out of 150
  Number of DML rows: 0 out of 10000
  Maximum CPU time: 0 out of 10000
  Maximum heap size: 0 out of 6000000
  Number of callouts: 0 out of 100
  Number of Email Invocations: 0 out of 10
  Number of future calls: 0 out of 50
  Number of queueable jobs added to the queue: 0 out of 50
  Number of Mobile Apex push calls: 0 out of 10

16:11:57.100 (100108156)|TOTAL_EMAIL_RECIPIENTS_QUEUED|0
16:11:57.100 (100108156)|STATIC_VARIABLE_LIST|
  char[]:DigitTens:0
  long:serialVersionUID:0
  long:serialVersionUID:0
  double:MAX_VALUE:0
  Boolean:FALSE:0
  long:serialVersionUID:0
  double:MIN_VALUE:0
  int:SIZE:0
  double:NEGATIVE_INFINITY:0
  int:MAX_VALUE:0
  String:_sfdcSuppressedCodeLocations:0
  char[]:digits:0
  double:NaN:0
  Boolean:TRUE:0
  int:MIN_VALUE:0
  char[]:DigitOnes:0
  int:BYTES:0
  int:MIN_EXPONENT:0
  int[]:sizeTable:0
  int:MAX_EXPONENT:0
  int:SIZE:0
  double:POSITIVE_INFINITY:0
  String:_sfdcAdditionalCodeLocations:0
  double:MIN_NORMAL:0
  int:BYTES:0

16:11:57.100 (100108156)|CUMULATIVE_LIMIT_USAGE_END

16:11:57.0 (100212505)|CODE_UNIT_FINISHED|ApprovalController.getOpportunityRecord
16:11:57.0 (157786625)|HEAP_ALLOCATE|[EXTERNAL]|Bytes:18
16:11:57.0 (157812801)|HEAP_ALLOCATE|[EXTERNAL]|Bytes:18
16:11:57.0 (159100722)|CODE_UNIT_STARTED|[EXTERNAL]|01pO00000003Dck|PRAController.getAllPRARecords
16:11:57.0 (159152232)|HEAP_ALLOCATE|[EXTERNAL]|Bytes:11
16:11:57.0 (159158454)|HEAP_ALLOCATE|[EXTERNAL]|Bytes:11
16:11:57.0 (159168053)|METHOD_ENTRY|[1]|01pO00000003Dck|PRAController.PRAController()
16:11:57.0 (159171980)|STATEMENT_EXECUTE|[1]
16:11:57.0 (159175908)|STATEMENT_EXECUTE|[1]
16:11:57.0 (159182607)|METHOD_EXIT|[1]|PRAController
16:11:57.0 (159185802)|HEAP_ALLOCATE|[EXTERNAL]|Bytes:18
16:11:57.0 (159193541)|SYSTEM_MODE_ENTER|false
16:11:57.0 (159201484)|VARIABLE_SCOPE_BEGIN|[15]|opportunityId|String|false|false
16:11:57.0 (159216845)|VARIABLE_ASSIGNMENT|[15]|opportunityId|"006O0000008kRsJIAU"
16:11:57.0 (159222522)|STATEMENT_EXECUTE|[15]
16:11:57.0 (159223866)|STATEMENT_EXECUTE|[18]
16:11:57.0 (159227187)|HEAP_ALLOCATE|[18]|Bytes:508
16:11:57.0 (159234347)|HEAP_ALLOCATE|[18]|Bytes:4
16:11:57.0 (159912652)|SOQL_EXECUTE_BEGIN|[18]|Aggregations:0|SELECT Id, name, Category__c, Is_Critical_Risk__c, ItemNo__c, Mitigation_Strategy__c, Rating__c, Risk_Item__c, description__c, Help_Text_0A__c, Help_Text_0B__c, Help_Text_0C__c, Help_Text_1A__c, Help_Text_1B__c, Help_Text_1C__c, Help_Text_2A__c, Help_Text_2B__c, Help_Text_2C__c, Help_Text_3A__c, Help_Text_3B__c, Help_Text_3C__c, Mitigation_Advice__c, Selected_Indicators__c, Selected_Indicators_With_Text__c FROM Project_Risk_Assessment__c WHERE Opportunity__c = :tmpVar1 ORDER BY ItemNo__c ASC NULLS FIRST
16:11:57.0 (159922304)|LIMIT_USAGE|[18]|SOQL|4|100
16:11:57.0 (159930282)|LIMIT_USAGE|[18]|AGGS|0|300
16:11:57.0 (175548847)|SOQL_EXECUTE_END|[18]|Rows:25
16:11:57.0 (175565027)|LIMIT_USAGE|[18]|SOQL_ROWS|28|50000
16:11:57.0 (175592193)|HEAP_ALLOCATE|[18]|Bytes:104
16:11:57.0 (175660680)|HEAP_ALLOCATE|[18]|Bytes:10753
16:11:57.0 (175760439)|HEAP_ALLOCATE|[18]|Bytes:104
16:11:57.0 (175787950)|VARIABLE_SCOPE_BEGIN|[18]|allPRAs|List<Project_Risk_Assessment__c>|true|false
16:11:57.0 (175814228)|VARIABLE_ASSIGNMENT|[18]|allPRAs|"List of size 25 too large to display"|0x56d5dd26
16:11:57.0 (175818425)|STATEMENT_EXECUTE|[26]
16:11:57.0 (175828785)|SYSTEM_MODE_EXIT|false
16:11:57.175 (175857946)|CUMULATIVE_LIMIT_USAGE
16:11:57.175 (175857946)|LIMIT_USAGE_FOR_NS|(default)|
  Number of SOQL queries: 4 out of 100
  Number of query rows: 28 out of 50000
  Number of SOSL queries: 0 out of 20
  Number of DML statements: 0 out of 150
  Number of DML rows: 0 out of 10000
  Maximum CPU time: 0 out of 10000
  Maximum heap size: 0 out of 6000000
  Number of callouts: 0 out of 100
  Number of Email Invocations: 0 out of 10
  Number of future calls: 0 out of 50
  Number of queueable jobs added to the queue: 0 out of 50
  Number of Mobile Apex push calls: 0 out of 10

16:11:57.175 (175857946)|TOTAL_EMAIL_RECIPIENTS_QUEUED|0
16:11:57.175 (175857946)|STATIC_VARIABLE_LIST|
  char[]:DigitTens:0
  long:serialVersionUID:0
  long:serialVersionUID:0
  double:MAX_VALUE:0
  Boolean:FALSE:0
  long:serialVersionUID:0
  double:MIN_VALUE:0
  int:SIZE:0
  double:NEGATIVE_INFINITY:0
  int:MAX_VALUE:0
  String:_sfdcSuppressedCodeLocations:0
  char[]:digits:0
  double:NaN:0
  Boolean:TRUE:0
  int:MIN_VALUE:0
  String:_sfdcSuppressedCodeLocations:0
  char[]:DigitOnes:0
  int:BYTES:0
  int:MIN_EXPONENT:0
  int[]:sizeTable:0
  int:MAX_EXPONENT:0
  String:_sfdcAdditionalCodeLocations:0
  int:SIZE:0
  double:POSITIVE_INFINITY:0
  String:_sfdcAdditionalCodeLocations:0
  double:MIN_NORMAL:0
  int:BYTES:0

16:11:57.175 (175857946)|CUMULATIVE_LIMIT_USAGE_END

16:11:57.0 (175982318)|CODE_UNIT_FINISHED|PRAController.getAllPRARecords
16:11:57.228 (228418307)|CUMULATIVE_PROFILING_BEGIN
16:11:57.228 (228418307)|CUMULATIVE_PROFILING|SOQL operations|
Class.ApprovalController.getOpportunityRecord: line 18, column 1: [SELECT   Id,name,
                                                           			Gate_Status__c,
                                                           			TSF_Gate_Status__c,
                                                           			CRA_Gate_Status__c,
                                                           			StageName,
                                    								Competitor_Analysis_General_Comments__c,
                                    								Are_there_any_critical_risks__c,
                                    								Has_CRA_changed_since_last_approval__c,
                                    								Has_TSF_changed_since_last_approval__c,
                                    								Apply_Default_Bonding__c,
                                    								Conversion_Budget_Comments__c,
                                    								Is_Gate_1_To_3__c, Is_Gate_4_To_5__c,
                                    								Net_Budget_EOI_PQ__c, Net_Budget_Post_Tender__c, 
                                    								Net_Budget_Tender__c, Net_Budget_Amount__c,
                                    								Total_Budget_EOI_PQ__c, Total_Budget_Tender__c, 
                                    								Total_Budget_AUD__c, Total_Budget_Post_Tender__c, 
                                    								JH_Bid_Cost_of_JH_Revenue__c
                                 							FROM     Opportunity
                                 							WHERE    Id = :opportunityId]: executed 3 times in 50 ms
Class.PRAController.getAllPRARecords: line 18, column 1: [SELECT Id,name,Category__c,Is_Critical_Risk__c,ItemNo__c,Mitigation_Strategy__c,Rating__c,Risk_Item__c,
                                                             		description__c,Help_Text_0A__c,Help_Text_0B__c,Help_Text_0C__c,Help_Text_1A__c,Help_Text_1B__c, 
                                                             		Help_Text_1C__c,Help_Text_2A__c,Help_Text_2B__c,Help_Text_2C__c,Help_Text_3A__c,Help_Text_3B__c,
                                                             		Help_Text_3C__c,Mitigation_Advice__c,Selected_Indicators__c,Selected_Indicators_With_Text__c
												   FROM Project_Risk_Assessment__c
                                                   WHERE Opportunity__c = :opportunityId
                                                   ORDER BY ItemNo__c]: executed 1 time in 17 ms

16:11:57.228 (228418307)|CUMULATIVE_PROFILING|No profiling information for SOSL operations
16:11:57.228 (228418307)|CUMULATIVE_PROFILING|No profiling information for DML operations
16:11:57.228 (228418307)|CUMULATIVE_PROFILING|method invocations|
External entry point: public static List<Project_Risk_Assessment__c> getAllPRARecords(String): executed 1 time in 17 ms
External entry point: public static List<Opportunity> getOpportunityRecord(String): executed 1 time in 9 ms

16:11:57.228 (228418307)|CUMULATIVE_PROFILING_END
