34.0 APEX_CODE,FINEST;APEX_PROFILING,INFO;CALLOUT,INFO;DB,INFO;SYSTEM,DEBUG;VALIDATION,INFO;VISUALFORCE,INFO;WAVE,INFO;WORKFLOW,INFO
Execute Anonymous: Email_Alert_Class EA = new Email_Alert_Class();
Execute Anonymous: EA.registerNewEmail(null, false, false, '006O0000008ju1Z', true, false, false, null);
Execute Anonymous: EA.registerNewEmail(null, false, false, '006O0000008jnef', true, false, false, null);
Execute Anonymous: EA.sendEmails();
05:03:00.1 (1453600)|USER_INFO|[EXTERNAL]|005O0000003t7an|ricky.lowe@jhg.com.au.pcphase2|Australian Eastern Standard Time|GMT+11:00
05:03:00.1 (1467353)|EXECUTION_STARTED
05:03:00.1 (1471975)|CODE_UNIT_STARTED|[EXTERNAL]|execute_anonymous_apex
05:03:00.1 (125201341)|VARIABLE_SCOPE_BEGIN|[1]|EA|Email_Alert_Class|true|false
05:03:00.1 (125342284)|HEAP_ALLOCATE|[72]|Bytes:3
05:03:00.1 (125383664)|HEAP_ALLOCATE|[77]|Bytes:152
05:03:00.1 (125398152)|HEAP_ALLOCATE|[342]|Bytes:408
05:03:00.1 (125416127)|HEAP_ALLOCATE|[355]|Bytes:408
05:03:00.1 (125434965)|HEAP_ALLOCATE|[467]|Bytes:48
05:03:00.1 (125463450)|HEAP_ALLOCATE|[139]|Bytes:6
05:03:00.1 (125487343)|HEAP_ALLOCATE|[EXTERNAL]|Bytes:7
05:03:00.1 (125539844)|STATEMENT_EXECUTE|[1]
05:03:00.1 (125542699)|STATEMENT_EXECUTE|[1]
05:03:00.1 (125547558)|HEAP_ALLOCATE|[1]|Bytes:12
05:03:00.1 (125552274)|HEAP_ALLOCATE|[1]|Bytes:20
05:03:00.1 (125555325)|HEAP_ALLOCATE|[1]|Bytes:9
05:03:00.1 (125582577)|METHOD_ENTRY|[1]|01pO00000003HJI|Email_Alert_Class.Email_Alert_Class()
05:03:00.1 (125586118)|STATEMENT_EXECUTE|[1]
05:03:00.1 (125590244)|STATEMENT_EXECUTE|[1]
05:03:00.1 (125621101)|HEAP_ALLOCATE|[50]|Bytes:5
05:03:00.1 (125643681)|HEAP_ALLOCATE|[56]|Bytes:5
05:03:00.1 (125652288)|HEAP_ALLOCATE|[64]|Bytes:7
05:03:00.1 (125672218)|SYSTEM_MODE_ENTER|false
05:03:00.1 (125686862)|HEAP_ALLOCATE|[1]|Bytes:5
05:03:00.1 (125690571)|STATEMENT_EXECUTE|[33]
05:03:00.1 (125695881)|SYSTEM_MODE_EXIT|false
05:03:00.1 (125702973)|METHOD_EXIT|[1]|Email_Alert_Class
05:03:00.1 (125929441)|HEAP_ALLOCATE|[1]|Bytes:20
05:03:00.1 (125957300)|SYSTEM_MODE_ENTER|false
05:03:00.1 (125970054)|HEAP_ALLOCATE|[1]|Bytes:5
05:03:00.1 (125984464)|CONSTRUCTOR_ENTRY|[1]|01pO00000003HJI|<init>()
05:03:00.1 (126014348)|VARIABLE_SCOPE_BEGIN|[10]|this|Email_Alert_Class|true|false
05:03:00.1 (126069731)|VARIABLE_ASSIGNMENT|[10]|this|{}|0x6cd95e77
05:03:00.1 (126079692)|HEAP_ALLOCATE|[4]|Bytes:5
05:03:00.1 (126083194)|STATEMENT_EXECUTE|[1]
05:03:00.1 (126085463)|HEAP_ALLOCATE|[4]|Bytes:5
05:03:00.1 (126087120)|STATEMENT_EXECUTE|[3]
05:03:00.1 (126088334)|STATEMENT_EXECUTE|[4]
05:03:00.1 (126090903)|HEAP_ALLOCATE|[4]|Bytes:22
05:03:00.1 (126108525)|VARIABLE_ASSIGNMENT|[4]|this.CentralEmailAddress|"ricky.lowe@yopmail.c (2 more) ..."|0x6cd95e77
05:03:00.1 (126111240)|STATEMENT_EXECUTE|[5]
05:03:00.1 (126112524)|STATEMENT_EXECUTE|[6]
05:03:00.1 (126121546)|HEAP_ALLOCATE|[4]|Bytes:6
05:03:00.1 (126141212)|STATEMENT_EXECUTE|[10]
05:03:00.1 (126143087)|STATEMENT_EXECUTE|[16]
05:03:00.1 (126149072)|HEAP_ALLOCATE|[16]|Bytes:4
05:03:00.1 (126270741)|HEAP_ALLOCATE|[EXTERNAL]|Bytes:4
05:03:00.1 (126283068)|VARIABLE_ASSIGNMENT|[16]|this.messages|[]|0x6cd95e77
05:03:00.1 (126290571)|STATEMENT_EXECUTE|[17]
05:03:00.1 (126295013)|HEAP_ALLOCATE|[17]|Bytes:4
05:03:00.1 (126346292)|HEAP_ALLOCATE|[EXTERNAL]|Bytes:4
05:03:00.1 (126354170)|VARIABLE_ASSIGNMENT|[17]|this.EmailMessages|[]|0x6cd95e77
05:03:00.1 (126362136)|CONSTRUCTOR_EXIT|[1]|01pO00000003HJI|<init>()
05:03:00.1 (126365830)|SYSTEM_MODE_EXIT|false
05:03:00.1 (126396424)|VARIABLE_ASSIGNMENT|[1]|EA|{"CentralEmailAddress":"ricky.lowe@yopmail.c (2 more) ...","EmailMessages":"0x35d2932a","messages":"0x5255097b"}|0x6cd95e77
05:03:00.1 (126400886)|STATEMENT_EXECUTE|[2]
05:03:00.1 (126410141)|HEAP_ALLOCATE|[2]|Bytes:15
05:03:00.1 (126427105)|HEAP_ALLOCATE|[2]|Bytes:4
05:03:00.1 (126454805)|SYSTEM_MODE_ENTER|false
05:03:00.1 (126464447)|HEAP_ALLOCATE|[2]|Bytes:5
05:03:00.1 (126497618)|METHOD_ENTRY|[2]|01pO00000003HJI|Email_Alert_Class.registerNewEmail(String, Boolean, Boolean, Id, Boolean, Boolean, Boolean, Id)
05:03:00.1 (126520744)|VARIABLE_SCOPE_BEGIN|[20]|this|Email_Alert_Class|true|false
05:03:00.1 (126542780)|VARIABLE_ASSIGNMENT|[20]|this|{"CentralEmailAddress":"ricky.lowe@yopmail.c (2 more) ...","EmailMessages":"0x35d2932a","messages":"0x5255097b"}|0x6cd95e77
05:03:00.1 (126547296)|VARIABLE_SCOPE_BEGIN|[20]|templateDevName|String|false|false
05:03:00.1 (126552331)|VARIABLE_ASSIGNMENT|[20]|templateDevName|null
05:03:00.1 (126556702)|VARIABLE_SCOPE_BEGIN|[20]|sendToPreContractGroup|Boolean|false|false
05:03:00.1 (126560295)|VARIABLE_ASSIGNMENT|[20]|sendToPreContractGroup|false
05:03:00.1 (126562808)|VARIABLE_SCOPE_BEGIN|[20]|sendToCentralEmailAddress|Boolean|false|false
05:03:00.1 (126565179)|VARIABLE_ASSIGNMENT|[20]|sendToCentralEmailAddress|false
05:03:00.1 (126567372)|VARIABLE_SCOPE_BEGIN|[20]|OppID|Id|false|false
05:03:00.1 (126665814)|VARIABLE_ASSIGNMENT|[20]|OppID|"006O0000008ju1ZIAQ"
05:03:00.1 (126674152)|VARIABLE_SCOPE_BEGIN|[20]|sendToPDM|Boolean|false|false
05:03:00.1 (126678620)|VARIABLE_ASSIGNMENT|[20]|sendToPDM|true
05:03:00.1 (126681170)|VARIABLE_SCOPE_BEGIN|[20]|sendToBDM|Boolean|false|false
05:03:00.1 (126683391)|VARIABLE_ASSIGNMENT|[20]|sendToBDM|false
05:03:00.1 (126685577)|VARIABLE_SCOPE_BEGIN|[20]|sendToAllApprovers|Boolean|false|false
05:03:00.1 (126688051)|VARIABLE_ASSIGNMENT|[20]|sendToAllApprovers|false
05:03:00.1 (126690332)|VARIABLE_SCOPE_BEGIN|[20]|currentApprover|Id|false|false
05:03:00.1 (126692992)|VARIABLE_ASSIGNMENT|[20]|currentApprover|null
05:03:00.1 (126701561)|HEAP_ALLOCATE|[21]|Bytes:5
05:03:00.1 (126705582)|STATEMENT_EXECUTE|[20]
05:03:00.1 (126706920)|STATEMENT_EXECUTE|[21]
05:03:00.1 (126722337)|HEAP_ALLOCATE|[21]|Bytes:36
05:03:00.1 (126736456)|CONSTRUCTOR_ENTRY|[21]|01pO00000003HJI|<init>()
05:03:00.1 (126756129)|VARIABLE_SCOPE_BEGIN|[33]|this|Email_Alert_Class.EmailMessage|true|false
05:03:00.1 (126812835)|VARIABLE_ASSIGNMENT|[33]|this|{}|0x55715e15
05:03:00.1 (126827591)|STATEMENT_EXECUTE|[33]
05:03:00.1 (126829299)|STATEMENT_EXECUTE|[34]
05:03:00.1 (126830554)|STATEMENT_EXECUTE|[35]
05:03:00.1 (126831597)|STATEMENT_EXECUTE|[36]
05:03:00.1 (126832620)|STATEMENT_EXECUTE|[37]
05:03:00.1 (126833634)|STATEMENT_EXECUTE|[38]
05:03:00.1 (126834674)|STATEMENT_EXECUTE|[39]
05:03:00.1 (126835672)|STATEMENT_EXECUTE|[40]
05:03:00.1 (126836744)|STATEMENT_EXECUTE|[41]
05:03:00.1 (126840147)|CONSTRUCTOR_EXIT|[21]|01pO00000003HJI|<init>()
05:03:00.1 (126843324)|VARIABLE_SCOPE_BEGIN|[21]|EM|Email_Alert_Class.EmailMessage|true|false
05:03:00.1 (126858321)|VARIABLE_ASSIGNMENT|[21]|EM|{}|0x55715e15
05:03:00.1 (126860658)|STATEMENT_EXECUTE|[22]
05:03:00.1 (126867803)|VARIABLE_ASSIGNMENT|[22]|this.templateDevName|null|0x55715e15
05:03:00.1 (126869858)|STATEMENT_EXECUTE|[23]
05:03:00.1 (126874307)|HEAP_ALLOCATE|[23]|Bytes:5
05:03:00.1 (126880231)|VARIABLE_ASSIGNMENT|[23]|this.sendToPreContractGroup|false|0x55715e15
05:03:00.1 (126882294)|STATEMENT_EXECUTE|[24]
05:03:00.1 (126884961)|HEAP_ALLOCATE|[24]|Bytes:5
05:03:00.1 (126889542)|VARIABLE_ASSIGNMENT|[24]|this.sendToCentralEmailAddress|false|0x55715e15
05:03:00.1 (126891502)|STATEMENT_EXECUTE|[25]
05:03:00.1 (126942784)|VARIABLE_ASSIGNMENT|[25]|this.OppID|"006O0000008ju1ZIAQ"|0x55715e15
05:03:00.1 (126946508)|STATEMENT_EXECUTE|[26]
05:03:00.1 (126951796)|HEAP_ALLOCATE|[26]|Bytes:5
05:03:00.1 (126960279)|VARIABLE_ASSIGNMENT|[26]|this.sendToPDM|true|0x55715e15
05:03:00.1 (126962122)|STATEMENT_EXECUTE|[27]
05:03:00.1 (126964972)|HEAP_ALLOCATE|[27]|Bytes:5
05:03:00.1 (126969324)|VARIABLE_ASSIGNMENT|[27]|this.sendToBDM|false|0x55715e15
05:03:00.1 (126971058)|STATEMENT_EXECUTE|[28]
05:03:00.1 (126973581)|HEAP_ALLOCATE|[28]|Bytes:5
05:03:00.1 (126977446)|VARIABLE_ASSIGNMENT|[28]|this.sendToAllApprovers|false|0x55715e15
05:03:00.1 (126979141)|STATEMENT_EXECUTE|[29]
05:03:00.1 (126983137)|VARIABLE_ASSIGNMENT|[29]|this.currentApprover|null|0x55715e15
05:03:00.1 (126984797)|STATEMENT_EXECUTE|[30]
05:03:00.1 (127027134)|HEAP_ALLOCATE|[EXTERNAL]|Bytes:4
05:03:00.1 (127044642)|METHOD_EXIT|[2]|01pO00000003HJI|Email_Alert_Class.registerNewEmail(String, Boolean, Boolean, Id, Boolean, Boolean, Boolean, Id)
05:03:00.1 (127049166)|SYSTEM_MODE_EXIT|false
05:03:00.1 (127054021)|STATEMENT_EXECUTE|[3]
05:03:00.1 (127061063)|HEAP_ALLOCATE|[3]|Bytes:15
05:03:00.1 (127068399)|HEAP_ALLOCATE|[3]|Bytes:4
05:03:00.1 (127093393)|SYSTEM_MODE_ENTER|false
05:03:00.1 (127102859)|HEAP_ALLOCATE|[3]|Bytes:5
05:03:00.1 (127114282)|METHOD_ENTRY|[3]|01pO00000003HJI|Email_Alert_Class.registerNewEmail(String, Boolean, Boolean, Id, Boolean, Boolean, Boolean, Id)
05:03:00.1 (127126137)|VARIABLE_SCOPE_BEGIN|[20]|this|Email_Alert_Class|true|false
05:03:00.1 (127147949)|VARIABLE_ASSIGNMENT|[20]|this|{"CentralEmailAddress":"ricky.lowe@yopmail.c (2 more) ...","EmailMessages":"0x35d2932a","messages":"0x5255097b"}|0x6cd95e77
05:03:00.1 (127151193)|VARIABLE_SCOPE_BEGIN|[20]|templateDevName|String|false|false
05:03:00.1 (127154318)|VARIABLE_ASSIGNMENT|[20]|templateDevName|null
05:03:00.1 (127157465)|VARIABLE_SCOPE_BEGIN|[20]|sendToPreContractGroup|Boolean|false|false
05:03:00.1 (127160107)|VARIABLE_ASSIGNMENT|[20]|sendToPreContractGroup|false
05:03:00.1 (127162020)|VARIABLE_SCOPE_BEGIN|[20]|sendToCentralEmailAddress|Boolean|false|false
05:03:00.1 (127164350)|VARIABLE_ASSIGNMENT|[20]|sendToCentralEmailAddress|false
05:03:00.1 (127165784)|VARIABLE_SCOPE_BEGIN|[20]|OppID|Id|false|false
05:03:00.1 (127212336)|VARIABLE_ASSIGNMENT|[20]|OppID|"006O0000008jnefIAA"
05:03:00.1 (127218107)|VARIABLE_SCOPE_BEGIN|[20]|sendToPDM|Boolean|false|false
05:03:00.1 (127222116)|VARIABLE_ASSIGNMENT|[20]|sendToPDM|true
05:03:00.1 (127224138)|VARIABLE_SCOPE_BEGIN|[20]|sendToBDM|Boolean|false|false
05:03:00.1 (127226297)|VARIABLE_ASSIGNMENT|[20]|sendToBDM|false
05:03:00.1 (127228088)|VARIABLE_SCOPE_BEGIN|[20]|sendToAllApprovers|Boolean|false|false
05:03:00.1 (127230257)|VARIABLE_ASSIGNMENT|[20]|sendToAllApprovers|false
05:03:00.1 (127231822)|VARIABLE_SCOPE_BEGIN|[20]|currentApprover|Id|false|false
05:03:00.1 (127234000)|VARIABLE_ASSIGNMENT|[20]|currentApprover|null
05:03:00.1 (127240798)|HEAP_ALLOCATE|[21]|Bytes:5
05:03:00.1 (127244719)|STATEMENT_EXECUTE|[20]
05:03:00.1 (127245915)|STATEMENT_EXECUTE|[21]
05:03:00.1 (127249649)|HEAP_ALLOCATE|[21]|Bytes:36
05:03:00.1 (127255239)|CONSTRUCTOR_ENTRY|[21]|01pO00000003HJI|<init>()
05:03:00.1 (127258758)|VARIABLE_SCOPE_BEGIN|[33]|this|Email_Alert_Class.EmailMessage|true|false
05:03:00.1 (127274911)|VARIABLE_ASSIGNMENT|[33]|this|{}|0x45aba8e6
05:03:00.1 (127291228)|STATEMENT_EXECUTE|[33]
05:03:00.1 (127293067)|STATEMENT_EXECUTE|[34]
05:03:00.1 (127294338)|STATEMENT_EXECUTE|[35]
05:03:00.1 (127295439)|STATEMENT_EXECUTE|[36]
05:03:00.1 (127296465)|STATEMENT_EXECUTE|[37]
05:03:00.1 (127297477)|STATEMENT_EXECUTE|[38]
05:03:00.1 (127298481)|STATEMENT_EXECUTE|[39]
05:03:00.1 (127299486)|STATEMENT_EXECUTE|[40]
05:03:00.1 (127300578)|STATEMENT_EXECUTE|[41]
05:03:00.1 (127303781)|CONSTRUCTOR_EXIT|[21]|01pO00000003HJI|<init>()
05:03:00.1 (127306731)|VARIABLE_SCOPE_BEGIN|[21]|EM|Email_Alert_Class.EmailMessage|true|false
05:03:00.1 (127319992)|VARIABLE_ASSIGNMENT|[21]|EM|{}|0x45aba8e6
05:03:00.1 (127322361)|STATEMENT_EXECUTE|[22]
05:03:00.1 (127328123)|VARIABLE_ASSIGNMENT|[22]|this.templateDevName|null|0x45aba8e6
05:03:00.1 (127329920)|STATEMENT_EXECUTE|[23]
05:03:00.1 (127333914)|HEAP_ALLOCATE|[23]|Bytes:5
05:03:00.1 (127338843)|VARIABLE_ASSIGNMENT|[23]|this.sendToPreContractGroup|false|0x45aba8e6
05:03:00.1 (127340564)|STATEMENT_EXECUTE|[24]
05:03:00.1 (127342846)|HEAP_ALLOCATE|[24]|Bytes:5
05:03:00.1 (127346520)|VARIABLE_ASSIGNMENT|[24]|this.sendToCentralEmailAddress|false|0x45aba8e6
05:03:00.1 (127348408)|STATEMENT_EXECUTE|[25]
05:03:00.1 (127395073)|VARIABLE_ASSIGNMENT|[25]|this.OppID|"006O0000008jnefIAA"|0x45aba8e6
05:03:00.1 (127398682)|STATEMENT_EXECUTE|[26]
05:03:00.1 (127403486)|HEAP_ALLOCATE|[26]|Bytes:5
05:03:00.1 (127411172)|VARIABLE_ASSIGNMENT|[26]|this.sendToPDM|true|0x45aba8e6
05:03:00.1 (127413127)|STATEMENT_EXECUTE|[27]
05:03:00.1 (127415571)|HEAP_ALLOCATE|[27]|Bytes:5
05:03:00.1 (127419351)|VARIABLE_ASSIGNMENT|[27]|this.sendToBDM|false|0x45aba8e6
05:03:00.1 (127421009)|STATEMENT_EXECUTE|[28]
05:03:00.1 (127423306)|HEAP_ALLOCATE|[28]|Bytes:5
05:03:00.1 (127426825)|VARIABLE_ASSIGNMENT|[28]|this.sendToAllApprovers|false|0x45aba8e6
05:03:00.1 (127428720)|STATEMENT_EXECUTE|[29]
05:03:00.1 (127432123)|VARIABLE_ASSIGNMENT|[29]|this.currentApprover|null|0x45aba8e6
05:03:00.1 (127433718)|STATEMENT_EXECUTE|[30]
05:03:00.1 (127443449)|HEAP_ALLOCATE|[EXTERNAL]|Bytes:4
05:03:00.1 (127455823)|METHOD_EXIT|[3]|01pO00000003HJI|Email_Alert_Class.registerNewEmail(String, Boolean, Boolean, Id, Boolean, Boolean, Boolean, Id)
05:03:00.1 (127460070)|SYSTEM_MODE_EXIT|false
05:03:00.1 (127464633)|STATEMENT_EXECUTE|[4]
05:03:00.1 (127488612)|SYSTEM_MODE_ENTER|false
05:03:00.1 (127497759)|HEAP_ALLOCATE|[4]|Bytes:5
05:03:00.1 (127508328)|METHOD_ENTRY|[4]|01pO00000003HJI|Email_Alert_Class.sendEmails()
05:03:00.1 (127527770)|VARIABLE_SCOPE_BEGIN|[44]|this|Email_Alert_Class|true|false
05:03:00.1 (127549204)|VARIABLE_ASSIGNMENT|[44]|this|{"CentralEmailAddress":"ricky.lowe@yopmail.c (2 more) ...","EmailMessages":"0x35d2932a","messages":"0x5255097b"}|0x6cd95e77
05:03:00.1 (127558628)|HEAP_ALLOCATE|[45]|Bytes:5
05:03:00.1 (127562354)|STATEMENT_EXECUTE|[44]
05:03:00.1 (127563520)|STATEMENT_EXECUTE|[45]
05:03:00.1 (127572153)|HEAP_ALLOCATE|[45]|Bytes:4
05:03:00.1 (127598962)|VARIABLE_SCOPE_BEGIN|[45]|OppIds|Set<Id>|true|false
05:03:00.1 (127633927)|VARIABLE_ASSIGNMENT|[45]|OppIds|[]|0x75cb4aed
05:03:00.1 (127637122)|STATEMENT_EXECUTE|[46]
05:03:00.1 (127641726)|HEAP_ALLOCATE|[46]|Bytes:4
05:03:00.1 (127664628)|VARIABLE_SCOPE_BEGIN|[46]|EmailTemplateDevNames|Set<String>|true|false
05:03:00.1 (127681427)|VARIABLE_ASSIGNMENT|[46]|EmailTemplateDevNames|[]|0x6dbf302a
05:03:00.1 (127824030)|HEAP_ALLOCATE|[48]|Bytes:5
05:03:00.1 (127839371)|HEAP_ALLOCATE|[48]|Bytes:36
05:03:00.1 (127846333)|VARIABLE_SCOPE_BEGIN|[48]|EM|Email_Alert_Class.EmailMessage|true|false
05:03:00.1 (127936770)|VARIABLE_ASSIGNMENT|[48]|EM|{"OppID":"006O0000008ju1ZIAQ","sendToAllApprovers":false,"sendToBDM":false,"sendToCentralEmailAddress":false,"sendToPDM":true,"sendToPreContractGroup":false}|0x55715e15
05:03:00.1 (127941759)|STATEMENT_EXECUTE|[48]
05:03:00.1 (127943171)|STATEMENT_EXECUTE|[49]
05:03:00.1 (127975469)|HEAP_ALLOCATE|[EXTERNAL]|Bytes:4
05:03:00.1 (127983995)|STATEMENT_EXECUTE|[50]
05:03:00.1 (128004137)|HEAP_ALLOCATE|[EXTERNAL]|Bytes:4
05:03:00.1 (128019037)|HEAP_ALLOCATE|[48]|Bytes:5
05:03:00.1 (128027759)|HEAP_ALLOCATE|[48]|Bytes:36
05:03:00.1 (128032958)|VARIABLE_SCOPE_BEGIN|[48]|EM|Email_Alert_Class.EmailMessage|true|false
05:03:00.1 (128109445)|VARIABLE_ASSIGNMENT|[48]|EM|{"OppID":"006O0000008jnefIAA","sendToAllApprovers":false,"sendToBDM":false,"sendToCentralEmailAddress":false,"sendToPDM":true,"sendToPreContractGroup":false}|0x45aba8e6
05:03:00.1 (128114205)|STATEMENT_EXECUTE|[48]
05:03:00.1 (128115443)|STATEMENT_EXECUTE|[49]
05:03:00.1 (128124655)|HEAP_ALLOCATE|[EXTERNAL]|Bytes:4
05:03:00.1 (128130294)|STATEMENT_EXECUTE|[50]
05:03:00.1 (128135074)|HEAP_ALLOCATE|[EXTERNAL]|Bytes:4
05:03:00.1 (128146141)|HEAP_ALLOCATE|[48]|Bytes:5
05:03:00.1 (128155739)|VARIABLE_ASSIGNMENT|[48]|EM|null|
05:03:00.1 (128158573)|STATEMENT_EXECUTE|[53]
05:03:00.1 (128170086)|METHOD_ENTRY|[53]|01pO00000003HJI|Email_Alert_Class.getTemplateIDs(Set<String>)
05:03:00.1 (128189272)|VARIABLE_SCOPE_BEGIN|[190]|this|Email_Alert_Class|true|false
05:03:00.1 (128209415)|VARIABLE_ASSIGNMENT|[190]|this|{"CentralEmailAddress":"ricky.lowe@yopmail.c (2 more) ...","EmailMessages":"0x35d2932a","messages":"0x5255097b"}|0x6cd95e77
05:03:00.1 (128213773)|VARIABLE_SCOPE_BEGIN|[190]|EmailTemplateDevNames|Set<String>|true|false
05:03:00.1 (128219472)|VARIABLE_ASSIGNMENT|[190]|EmailTemplateDevNames|[]|0x6dbf302a
05:03:00.1 (128227727)|HEAP_ALLOCATE|[191]|Bytes:5
05:03:00.1 (128231133)|STATEMENT_EXECUTE|[190]
05:03:00.1 (128232483)|STATEMENT_EXECUTE|[191]
05:03:00.1 (128239334)|HEAP_ALLOCATE|[191]|Bytes:4
05:03:00.1 (128250470)|VARIABLE_SCOPE_BEGIN|[191]|EmailTemplatesDevNameToID|Map<String,Id>|true|false
05:03:00.1 (128263004)|VARIABLE_ASSIGNMENT|[191]|EmailTemplatesDevNameToID|{}|0x7ad6be03
05:03:00.1 (128267077)|HEAP_ALLOCATE|[193]|Bytes:80
05:03:00.1 (128273217)|HEAP_ALLOCATE|[193]|Bytes:4
05:03:00.1 (128279562)|HEAP_ALLOCATE|[193]|Bytes:7
05:03:00.1 (128542964)|SOQL_EXECUTE_BEGIN|[193]|Aggregations:0|SELECT DeveloperName, Id, Name FROM EmailTemplate 
05:03:00.1 (145373373)|SOQL_EXECUTE_END|[193]|Rows:0
05:03:00.1 (145517867)|HEAP_ALLOCATE|[193]|Bytes:49
05:03:00.1 (145524446)|HEAP_ALLOCATE|[193]|Bytes:8
05:03:00.1 (145532292)|SYSTEM_METHOD_ENTRY|[7]|QueryLocatorIterator.QueryLocatorIterator()
05:03:00.1 (145534725)|STATEMENT_EXECUTE|[7]
05:03:00.1 (145541439)|SYSTEM_METHOD_EXIT|[7]|QueryLocatorIterator
05:03:00.1 (145547541)|HEAP_ALLOCATE|[193]|Bytes:28
05:03:00.1 (145567806)|HEAP_ALLOCATE|[193]|Bytes:8
05:03:00.1 (145570000)|HEAP_ALLOCATE|[193]|Bytes:8
05:03:00.1 (145574279)|VARIABLE_SCOPE_BEGIN|[15]|this|Database.QueryLocatorIterator|true|false
05:03:00.1 (145596413)|VARIABLE_ASSIGNMENT|[15]|this|{}|0x74d87303
05:03:00.1 (145599612)|VARIABLE_SCOPE_BEGIN|[15]|values|List<SObject>|true|false
05:03:00.1 (145603533)|VARIABLE_ASSIGNMENT|[15]|values|null|
05:03:00.1 (145605267)|VARIABLE_SCOPE_BEGIN|[15]|ql|Database.QueryLocator|true|false
05:03:00.1 (145615815)|VARIABLE_ASSIGNMENT|[15]|ql|{"query":"SELECT DeveloperName (60 more) ..."}|0x61708918
05:03:00.1 (145618437)|VARIABLE_SCOPE_BEGIN|[15]|totalNumRecords|Integer|false|false
05:03:00.1 (145621721)|VARIABLE_ASSIGNMENT|[15]|totalNumRecords|0
05:03:00.1 (145623476)|VARIABLE_SCOPE_BEGIN|[15]|queryMoreSize|Integer|false|false
05:03:00.1 (145625666)|VARIABLE_ASSIGNMENT|[15]|queryMoreSize|50000
05:03:00.1 (145667408)|HEAP_ALLOCATE|[193]|Bytes:28
05:03:00.1 (145683044)|METHOD_ENTRY|[193]||Database.QueryLocatorIterator.hasNext()
05:03:00.1 (145701133)|METHOD_EXIT|[193]||Database.QueryLocatorIterator.hasNext()
05:03:00.1 (145741706)|VARIABLE_ASSIGNMENT|[193]|ET|null|
05:03:00.1 (145745730)|STATEMENT_EXECUTE|[193]
05:03:00.1 (145760991)|STATEMENT_EXECUTE|[196]
05:03:00.1 (145768578)|METHOD_EXIT|[53]|01pO00000003HJI|Email_Alert_Class.getTemplateIDs(Set<String>)
05:03:00.1 (145773729)|VARIABLE_SCOPE_BEGIN|[53]|EmailTemplatesDevNameToID|Map<String,Id>|true|false
05:03:00.1 (145783003)|VARIABLE_ASSIGNMENT|[53]|EmailTemplatesDevNameToID|{}|0x7ad6be03
05:03:00.1 (145785271)|STATEMENT_EXECUTE|[54]
05:03:00.1 (145794808)|METHOD_ENTRY|[54]|01pO00000003HJI|Email_Alert_Class.getPreContractGroupMembers()
05:03:00.1 (145813099)|VARIABLE_SCOPE_BEGIN|[200]|this|Email_Alert_Class|true|false
05:03:00.1 (145834792)|VARIABLE_ASSIGNMENT|[200]|this|{"CentralEmailAddress":"ricky.lowe@yopmail.c (2 more) ...","EmailMessages":"0x35d2932a","messages":"0x5255097b"}|0x6cd95e77
05:03:00.1 (145844981)|HEAP_ALLOCATE|[201]|Bytes:5
05:03:00.1 (145848616)|STATEMENT_EXECUTE|[200]
05:03:00.1 (145850007)|STATEMENT_EXECUTE|[201]
05:03:00.1 (145852813)|HEAP_ALLOCATE|[201]|Bytes:87
05:03:00.1 (145858296)|HEAP_ALLOCATE|[201]|Bytes:4
05:03:00.1 (146064097)|SOQL_EXECUTE_BEGIN|[201]|Aggregations:0|SELECT DeveloperName, Id FROM Group WHERE DeveloperName = 'Pre_Contracts_Group' LIMIT 1
05:03:00.1 (182251538)|SOQL_EXECUTE_END|[201]|Rows:1
05:03:00.1 (182286518)|HEAP_ALLOCATE|[201]|Bytes:8
05:03:00.1 (182306366)|HEAP_ALLOCATE|[201]|Bytes:65
05:03:00.1 (182425663)|HEAP_ALLOCATE|[201]|Bytes:8
05:03:00.1 (182454486)|VARIABLE_SCOPE_BEGIN|[201]|PreContract|List<Group>|true|false
05:03:00.1 (182496070)|VARIABLE_ASSIGNMENT|[201]|PreContract|[{"DeveloperName":"Pre_Contracts_Group","Id":"00GO00000025mIMMAY"}]|0x56048888
05:03:00.1 (182502302)|STATEMENT_EXECUTE|[202]
05:03:00.1 (182514475)|HEAP_ALLOCATE|[202]|Bytes:4
05:03:00.1 (182566890)|VARIABLE_SCOPE_BEGIN|[202]|PreContractUserIDs|Set<String>|true|false
05:03:00.1 (182585572)|VARIABLE_ASSIGNMENT|[202]|PreContractUserIDs|[]|0x640d9828
05:03:00.1 (182669669)|STATEMENT_EXECUTE|[203]
05:03:00.1 (182672349)|STATEMENT_EXECUTE|[210]
05:03:00.1 (182686996)|METHOD_EXIT|[54]|01pO00000003HJI|Email_Alert_Class.getPreContractGroupMembers()
05:03:00.1 (182692170)|VARIABLE_SCOPE_BEGIN|[54]|PreContract|Set<String>|true|false
05:03:00.1 (182699148)|VARIABLE_ASSIGNMENT|[54]|PreContract|[]|0x640d9828
05:03:00.1 (182701484)|STATEMENT_EXECUTE|[55]
05:03:00.1 (182721411)|METHOD_ENTRY|[55]|01pO00000003HJI|Email_Alert_Class.getOppTeamMembers(Set<Id>)
05:03:00.1 (182753154)|VARIABLE_SCOPE_BEGIN|[153]|this|Email_Alert_Class|true|false
05:03:00.1 (182795470)|VARIABLE_ASSIGNMENT|[153]|this|{"CentralEmailAddress":"ricky.lowe@yopmail.c (2 more) ...","EmailMessages":"0x35d2932a","messages":"0x5255097b"}|0x6cd95e77
05:03:00.1 (182804018)|VARIABLE_SCOPE_BEGIN|[153]|OppIds|Set<Id>|true|false
05:03:00.1 (182811655)|VARIABLE_ASSIGNMENT|[153]|OppIds|["006O0000008ju1ZIAQ","006O0000008jnefIAA"]|0x75cb4aed
05:03:00.1 (182830950)|HEAP_ALLOCATE|[154]|Bytes:5
05:03:00.1 (182835127)|STATEMENT_EXECUTE|[153]
05:03:00.1 (182836729)|STATEMENT_EXECUTE|[154]
05:03:00.1 (182843859)|HEAP_ALLOCATE|[154]|Bytes:4
05:03:00.1 (182855399)|VARIABLE_SCOPE_BEGIN|[154]|MapOppToOppTeamMemberGroupedByRole|Map<Id,Map<String,Set<String>>>|true|false
05:03:00.1 (182868041)|VARIABLE_ASSIGNMENT|[154]|MapOppToOppTeamMemberGroupedByRole|{}|0x2d869703
05:03:00.1 (182875497)|HEAP_ALLOCATE|[156]|Bytes:130
05:03:00.1 (182881570)|HEAP_ALLOCATE|[156]|Bytes:4
05:03:00.1 (183225717)|SOQL_EXECUTE_BEGIN|[156]|Aggregations:0|SELECT Id, OpportunityAccessLevel, OpportunityId, TeamMemberRole, UserId FROM OpportunityTeamMember 
05:03:00.1 (226322352)|SOQL_EXECUTE_END|[156]|Rows:5
05:03:00.1 (226344074)|HEAP_ALLOCATE|[EXTERNAL]|Bytes:24
05:03:00.1 (226503834)|HEAP_ALLOCATE|[156]|Bytes:28
05:03:00.1 (226592315)|HEAP_ALLOCATE|[156]|Bytes:24
05:03:00.1 (226617571)|HEAP_ALLOCATE|[156]|Bytes:8
05:03:00.1 (226623069)|HEAP_ALLOCATE|[156]|Bytes:8
05:03:00.1 (226631059)|VARIABLE_SCOPE_BEGIN|[15]|this|Database.QueryLocatorIterator|true|false
05:03:00.1 (226683177)|VARIABLE_ASSIGNMENT|[15]|this|{}|0x66275a11
05:03:00.1 (226689695)|VARIABLE_SCOPE_BEGIN|[15]|values|List<SObject>|true|false
05:03:00.1 (226746979)|VARIABLE_ASSIGNMENT|[15]|values|[{"Id":"00qO0000000CHxOIAW","OpportunityAccessLev (2 more) ...":"Read","OpportunityId":"006O0000008jnefIAA","TeamMemberRole":"Account Manager","UserId":"00528000004d3msAAA"},{"Id":"00qO0000000CHxJIAW","OpportunityAccessLev (2 more) ...":"Read","OpportunityId":"006O0000008ju1ZIAQ","TeamMemberRole":"Executive Sponsor","UserId":"00528000004d3msAAA"},{"Id":"00qO0000000CHxEIAW","OpportunityAccessLev (2 more) ...":"Read","OpportunityId":"006O0000008ju1ZIAQ","TeamMemberRole":"Account Manager","UserId":"00528000006B07FAAS"},{"Id":"00qO0000000CHxKIAW","OpportunityAccessLev (2 more) ...":"Read","OpportunityId":"006O0000008ju1ZIAQ","TeamMemberRole":"Channel Manager","UserId":"00528000006BYTIAA4"},{"Id":"00qO0000000CHxAIAW","OpportunityAccessLev (2 more) ...":"Edit","OpportunityId":"006O0000008ju1ZIAQ","TeamMemberRole":"Channel Manager","UserId":"005O0000003t7anIAA"}]|0x2acc848f
05:03:00.1 (226759137)|VARIABLE_SCOPE_BEGIN|[15]|ql|Database.QueryLocator|true|false
05:03:00.1 (226774495)|VARIABLE_ASSIGNMENT|[15]|ql|{"query":"SELECT Id, Opportuni (110 more) ..."}|0x6a02acf5
05:03:00.1 (226779462)|VARIABLE_SCOPE_BEGIN|[15]|totalNumRecords|Integer|false|false
05:03:00.1 (226786861)|VARIABLE_ASSIGNMENT|[15]|totalNumRecords|5
05:03:00.1 (226790315)|VARIABLE_SCOPE_BEGIN|[15]|queryMoreSize|Integer|false|false
05:03:00.1 (226795023)|VARIABLE_ASSIGNMENT|[15]|queryMoreSize|49994
05:03:00.1 (226868082)|HEAP_ALLOCATE|[156]|Bytes:28
05:03:00.1 (226892540)|METHOD_ENTRY|[156]||Database.QueryLocatorIterator.hasNext()
05:03:00.1 (227003728)|METHOD_EXIT|[156]||Database.QueryLocatorIterator.hasNext()
05:03:00.1 (227020027)|METHOD_ENTRY|[156]||Database.QueryLocatorIterator.next()
05:03:00.1 (227166922)|METHOD_EXIT|[156]||Database.QueryLocatorIterator.next()
05:03:00.1 (227179584)|VARIABLE_SCOPE_BEGIN|[156]|OTM|OpportunityTeamMember|true|false
05:03:00.1 (227202389)|VARIABLE_ASSIGNMENT|[156]|OTM|{"Id":"00qO0000000CHxOIAW","OpportunityAccessLev (2 more) ...":"Read","OpportunityId":"006O0000008jnefIAA","TeamMemberRole":"Account Manager","UserId":"00528000004d3msAAA"}|0xa1e9449
05:03:00.1 (227210006)|STATEMENT_EXECUTE|[156]
05:03:00.1 (227213133)|STATEMENT_EXECUTE|[157]
05:03:00.1 (227220439)|HEAP_ALLOCATE|[157]|Bytes:4
05:03:00.1 (227267601)|VARIABLE_SCOPE_BEGIN|[157]|UserIds|Set<String>|true|false
05:03:00.1 (227296170)|VARIABLE_ASSIGNMENT|[157]|UserIds|[]|0x44388179
05:03:00.1 (227301188)|STATEMENT_EXECUTE|[158]
05:03:00.1 (227311702)|HEAP_ALLOCATE|[158]|Bytes:4
05:03:00.1 (227327583)|VARIABLE_SCOPE_BEGIN|[158]|groupedByRole|Map<String,Set<String>>|true|false
05:03:00.1 (227343870)|VARIABLE_ASSIGNMENT|[158]|groupedByRole|{}|0x3b22f80f
05:03:00.1 (227436494)|STATEMENT_EXECUTE|[177]
05:03:00.1 (227440265)|STATEMENT_EXECUTE|[178]
05:03:00.1 (227446745)|HEAP_ALLOCATE|[178]|Bytes:4
05:03:00.1 (227458204)|VARIABLE_SCOPE_BEGIN|[178]|groupedByRoleNew|Map<String,Set<String>>|true|false
05:03:00.1 (227472283)|VARIABLE_ASSIGNMENT|[178]|groupedByRoleNew|{}|0x40b6db6c
05:03:00.1 (227476577)|STATEMENT_EXECUTE|[179]
05:03:00.1 (227482925)|HEAP_ALLOCATE|[179]|Bytes:4
05:03:00.1 (227514323)|VARIABLE_SCOPE_BEGIN|[179]|UserIdsNew2|Set<String>|true|false
05:03:00.1 (227532282)|VARIABLE_ASSIGNMENT|[179]|UserIdsNew2|[]|0x3ef4b3ef
05:03:00.1 (227537012)|STATEMENT_EXECUTE|[180]
05:03:00.1 (227615467)|HEAP_ALLOCATE|[EXTERNAL]|Bytes:4
05:03:00.1 (227630079)|STATEMENT_EXECUTE|[181]
05:03:00.1 (227703356)|HEAP_ALLOCATE|[EXTERNAL]|Bytes:-4
05:03:00.1 (227716147)|STATEMENT_EXECUTE|[183]
05:03:00.1 (227763993)|HEAP_ALLOCATE|[EXTERNAL]|Bytes:-4
05:03:00.1 (227781029)|METHOD_ENTRY|[156]||Database.QueryLocatorIterator.hasNext()
05:03:00.1 (227818434)|METHOD_EXIT|[156]||Database.QueryLocatorIterator.hasNext()
05:03:00.1 (227828422)|METHOD_ENTRY|[156]||Database.QueryLocatorIterator.next()
05:03:00.1 (227934198)|METHOD_EXIT|[156]||Database.QueryLocatorIterator.next()
05:03:00.1 (227944649)|VARIABLE_SCOPE_BEGIN|[156]|OTM|OpportunityTeamMember|true|false
05:03:00.1 (227967556)|VARIABLE_ASSIGNMENT|[156]|OTM|{"Id":"00qO0000000CHxJIAW","OpportunityAccessLev (2 more) ...":"Read","OpportunityId":"006O0000008ju1ZIAQ","TeamMemberRole":"Executive Sponsor","UserId":"00528000004d3msAAA"}|0x3ec7de01
05:03:00.1 (227973670)|STATEMENT_EXECUTE|[156]
05:03:00.1 (227976102)|STATEMENT_EXECUTE|[157]
05:03:00.1 (227982280)|HEAP_ALLOCATE|[157]|Bytes:4
05:03:00.1 (227999664)|VARIABLE_SCOPE_BEGIN|[157]|UserIds|Set<String>|true|false
05:03:00.1 (228016832)|VARIABLE_ASSIGNMENT|[157]|UserIds|[]|0x1289ab56
05:03:00.1 (228021665)|STATEMENT_EXECUTE|[158]
05:03:00.1 (228027375)|HEAP_ALLOCATE|[158]|Bytes:4
05:03:00.1 (228036754)|VARIABLE_SCOPE_BEGIN|[158]|groupedByRole|Map<String,Set<String>>|true|false
05:03:00.1 (228049645)|VARIABLE_ASSIGNMENT|[158]|groupedByRole|{}|0x64127fd0
05:03:00.1 (228078581)|STATEMENT_EXECUTE|[177]
05:03:00.1 (228082226)|STATEMENT_EXECUTE|[178]
05:03:00.1 (228087210)|HEAP_ALLOCATE|[178]|Bytes:4
05:03:00.1 (228096243)|VARIABLE_SCOPE_BEGIN|[178]|groupedByRoleNew|Map<String,Set<String>>|true|false
05:03:00.1 (228109262)|VARIABLE_ASSIGNMENT|[178]|groupedByRoleNew|{}|0x7f62c376
05:03:00.1 (228113400)|STATEMENT_EXECUTE|[179]
05:03:00.1 (228118835)|HEAP_ALLOCATE|[179]|Bytes:4
05:03:00.1 (228133440)|VARIABLE_SCOPE_BEGIN|[179]|UserIdsNew2|Set<String>|true|false
05:03:00.1 (228149328)|VARIABLE_ASSIGNMENT|[179]|UserIdsNew2|[]|0x7fd53d4d
05:03:00.1 (228153247)|STATEMENT_EXECUTE|[180]
05:03:00.1 (228179995)|HEAP_ALLOCATE|[EXTERNAL]|Bytes:4
05:03:00.1 (228191347)|STATEMENT_EXECUTE|[181]
05:03:00.1 (228209700)|HEAP_ALLOCATE|[EXTERNAL]|Bytes:-4
05:03:00.1 (228218703)|STATEMENT_EXECUTE|[183]
05:03:00.1 (228236819)|HEAP_ALLOCATE|[EXTERNAL]|Bytes:-4
05:03:00.1 (228251382)|METHOD_ENTRY|[156]||Database.QueryLocatorIterator.hasNext()
05:03:00.1 (228291136)|METHOD_EXIT|[156]||Database.QueryLocatorIterator.hasNext()
05:03:00.1 (228306179)|METHOD_ENTRY|[156]||Database.QueryLocatorIterator.next()
05:03:00.1 (228410889)|METHOD_EXIT|[156]||Database.QueryLocatorIterator.next()
05:03:00.1 (228421329)|VARIABLE_SCOPE_BEGIN|[156]|OTM|OpportunityTeamMember|true|false
05:03:00.1 (228443220)|VARIABLE_ASSIGNMENT|[156]|OTM|{"Id":"00qO0000000CHxEIAW","OpportunityAccessLev (2 more) ...":"Read","OpportunityId":"006O0000008ju1ZIAQ","TeamMemberRole":"Account Manager","UserId":"00528000006B07FAAS"}|0x2059fafa
05:03:00.1 (228449438)|STATEMENT_EXECUTE|[156]
05:03:00.1 (228451816)|STATEMENT_EXECUTE|[157]
05:03:00.1 (228457438)|HEAP_ALLOCATE|[157]|Bytes:4
05:03:00.1 (228473824)|VARIABLE_SCOPE_BEGIN|[157]|UserIds|Set<String>|true|false
05:03:00.1 (228490450)|VARIABLE_ASSIGNMENT|[157]|UserIds|[]|0x57c2edde
05:03:00.1 (228494623)|STATEMENT_EXECUTE|[158]
05:03:00.1 (228500125)|HEAP_ALLOCATE|[158]|Bytes:4
05:03:00.1 (228508729)|VARIABLE_SCOPE_BEGIN|[158]|groupedByRole|Map<String,Set<String>>|true|false
05:03:00.1 (228521415)|VARIABLE_ASSIGNMENT|[158]|groupedByRole|{}|0x3e52ed23
05:03:00.1 (228550620)|STATEMENT_EXECUTE|[161]
05:03:00.1 (228553820)|STATEMENT_EXECUTE|[162]
05:03:00.1 (228627607)|VARIABLE_ASSIGNMENT|[162]|groupedByRole|{"Executive Sponsor":["00528000004d3msAAA"]}|0x7f62c376
05:03:00.1 (228679890)|STATEMENT_EXECUTE|[170]
05:03:00.1 (228683377)|STATEMENT_EXECUTE|[171]
05:03:00.1 (228690103)|HEAP_ALLOCATE|[171]|Bytes:4
05:03:00.1 (228722106)|VARIABLE_SCOPE_BEGIN|[171]|UserIdsNew|Set<String>|true|false
05:03:00.1 (228740271)|VARIABLE_ASSIGNMENT|[171]|UserIdsNew|[]|0x68bb90f1
05:03:00.1 (228744684)|STATEMENT_EXECUTE|[172]
05:03:00.1 (228792648)|HEAP_ALLOCATE|[EXTERNAL]|Bytes:4
05:03:00.1 (228805340)|STATEMENT_EXECUTE|[173]
05:03:00.1 (228853388)|HEAP_ALLOCATE|[EXTERNAL]|Bytes:-4
05:03:00.1 (228870274)|METHOD_ENTRY|[156]||Database.QueryLocatorIterator.hasNext()
05:03:00.1 (228906861)|METHOD_EXIT|[156]||Database.QueryLocatorIterator.hasNext()
05:03:00.1 (228916498)|METHOD_ENTRY|[156]||Database.QueryLocatorIterator.next()
05:03:00.1 (229024424)|METHOD_EXIT|[156]||Database.QueryLocatorIterator.next()
05:03:00.1 (229035866)|VARIABLE_SCOPE_BEGIN|[156]|OTM|OpportunityTeamMember|true|false
05:03:00.1 (229058512)|VARIABLE_ASSIGNMENT|[156]|OTM|{"Id":"00qO0000000CHxKIAW","OpportunityAccessLev (2 more) ...":"Read","OpportunityId":"006O0000008ju1ZIAQ","TeamMemberRole":"Channel Manager","UserId":"00528000006BYTIAA4"}|0x7da3936
05:03:00.1 (229064105)|STATEMENT_EXECUTE|[156]
05:03:00.1 (229066316)|STATEMENT_EXECUTE|[157]
05:03:00.1 (229071855)|HEAP_ALLOCATE|[157]|Bytes:4
05:03:00.1 (229088140)|VARIABLE_SCOPE_BEGIN|[157]|UserIds|Set<String>|true|false
05:03:00.1 (229104757)|VARIABLE_ASSIGNMENT|[157]|UserIds|[]|0x4736980e
05:03:00.1 (229109366)|STATEMENT_EXECUTE|[158]
05:03:00.1 (229114907)|HEAP_ALLOCATE|[158]|Bytes:4
05:03:00.1 (229123798)|VARIABLE_SCOPE_BEGIN|[158]|groupedByRole|Map<String,Set<String>>|true|false
05:03:00.1 (229136462)|VARIABLE_ASSIGNMENT|[158]|groupedByRole|{}|0x6e244e3e
05:03:00.1 (229165498)|STATEMENT_EXECUTE|[161]
05:03:00.1 (229168800)|STATEMENT_EXECUTE|[162]
05:03:00.1 (229213987)|VARIABLE_ASSIGNMENT|[162]|groupedByRole|{"Executive Sponsor":["00528000004d3msAAA"],"Account Manager":["00528000006B07FAAS"]}|0x7f62c376
05:03:00.1 (229240052)|STATEMENT_EXECUTE|[170]
05:03:00.1 (229243316)|STATEMENT_EXECUTE|[171]
05:03:00.1 (229248952)|HEAP_ALLOCATE|[171]|Bytes:4
05:03:00.1 (229263623)|VARIABLE_SCOPE_BEGIN|[171]|UserIdsNew|Set<String>|true|false
05:03:00.1 (229279691)|VARIABLE_ASSIGNMENT|[171]|UserIdsNew|[]|0x5aac7713
05:03:00.1 (229284262)|STATEMENT_EXECUTE|[172]
05:03:00.1 (229316482)|HEAP_ALLOCATE|[EXTERNAL]|Bytes:4
05:03:00.1 (229327546)|STATEMENT_EXECUTE|[173]
05:03:00.1 (229346492)|HEAP_ALLOCATE|[EXTERNAL]|Bytes:-4
05:03:00.1 (229361301)|METHOD_ENTRY|[156]||Database.QueryLocatorIterator.hasNext()
05:03:00.1 (229396596)|METHOD_EXIT|[156]||Database.QueryLocatorIterator.hasNext()
05:03:00.1 (229406068)|METHOD_ENTRY|[156]||Database.QueryLocatorIterator.next()
05:03:00.1 (229509256)|METHOD_EXIT|[156]||Database.QueryLocatorIterator.next()
05:03:00.1 (229520056)|VARIABLE_SCOPE_BEGIN|[156]|OTM|OpportunityTeamMember|true|false
05:03:00.1 (229541776)|VARIABLE_ASSIGNMENT|[156]|OTM|{"Id":"00qO0000000CHxAIAW","OpportunityAccessLev (2 more) ...":"Edit","OpportunityId":"006O0000008ju1ZIAQ","TeamMemberRole":"Channel Manager","UserId":"005O0000003t7anIAA"}|0xce9e6f9
05:03:00.1 (229547044)|STATEMENT_EXECUTE|[156]
05:03:00.1 (229549214)|STATEMENT_EXECUTE|[157]
05:03:00.1 (229554657)|HEAP_ALLOCATE|[157]|Bytes:4
05:03:00.1 (229570914)|VARIABLE_SCOPE_BEGIN|[157]|UserIds|Set<String>|true|false
05:03:00.1 (229587282)|VARIABLE_ASSIGNMENT|[157]|UserIds|[]|0x7f6cf982
05:03:00.1 (229591573)|STATEMENT_EXECUTE|[158]
05:03:00.1 (229597277)|HEAP_ALLOCATE|[158]|Bytes:4
05:03:00.1 (229606138)|VARIABLE_SCOPE_BEGIN|[158]|groupedByRole|Map<String,Set<String>>|true|false
05:03:00.1 (229618697)|VARIABLE_ASSIGNMENT|[158]|groupedByRole|{}|0x33f51def
05:03:00.1 (229647302)|STATEMENT_EXECUTE|[161]
05:03:00.1 (229650823)|STATEMENT_EXECUTE|[162]
05:03:00.1 (229698827)|VARIABLE_ASSIGNMENT|[162]|groupedByRole|{"Executive Sponsor":["00528000004d3msAAA"],"Account Manager":["00528000006B07FAAS"],"Channel Manager":["00528000006BYTIAA4"]}|0x7f62c376
05:03:00.1 (229725343)|STATEMENT_EXECUTE|[165]
05:03:00.1 (229728686)|STATEMENT_EXECUTE|[166]
05:03:00.1 (229791634)|VARIABLE_ASSIGNMENT|[166]|UserIds|["00528000006BYTIAA4"]|0x5aac7713
05:03:00.1 (229796660)|STATEMENT_EXECUTE|[167]
05:03:00.1 (229843519)|HEAP_ALLOCATE|[EXTERNAL]|Bytes:4
05:03:00.1 (229861761)|METHOD_ENTRY|[156]||Database.QueryLocatorIterator.hasNext()
05:03:00.1 (229884590)|METHOD_EXIT|[156]||Database.QueryLocatorIterator.hasNext()
05:03:00.1 (229897884)|VARIABLE_ASSIGNMENT|[156]|OTM|null|
05:03:00.1 (229913722)|STATEMENT_EXECUTE|[186]
05:03:00.1 (229927032)|METHOD_EXIT|[55]|01pO00000003HJI|Email_Alert_Class.getOppTeamMembers(Set<Id>)
05:03:00.1 (229934790)|VARIABLE_SCOPE_BEGIN|[55]|MapOppToOppTeamMemberGroupedByRole|Map<Id,Map<String,Set<String>>>|true|false
05:03:00.1 (229964433)|VARIABLE_ASSIGNMENT|[55]|MapOppToOppTeamMemberGroupedByRole|{"006O0000008jnefIAA":{"Account Manager":["00528000004d3msAAA"]},"006O0000008ju1ZIAQ":{"Executive Sponsor":["00528000004d3msAAA"],"Account Manager":["00528000006B07FAAS"],"Channel Manager":["00528000006BYTIAA4","005O0000003t7anIAA"]}}|0x2d869703
05:03:00.1 (229970872)|STATEMENT_EXECUTE|[56]
05:03:00.1 (230222866)|HEAP_ALLOCATE|[56]|Bytes:40
05:03:00.1 (230319556)|HEAP_ALLOCATE|[56]|Bytes:216
05:03:00.1 (230349200)|HEAP_ALLOCATE|[56]|Bytes:256
05:03:00.1 (230387528)|USER_DEBUG|[56]|ERROR|*** MapOppToOppTeamMemberGroupedByRole: {006O0000008jnefIAA={Account Manager={00528000004d3msAAA}}, 006O0000008ju1ZIAQ={Account Manager={00528000006B07FAAS}, Channel Manager={00528000006BYTIAA4, 005O0000003t7anIAA}, Executive Sponsor={00528000004d3msAAA}}}
05:03:00.1 (230455244)|HEAP_ALLOCATE|[58]|Bytes:5
05:03:00.1 (230475679)|HEAP_ALLOCATE|[58]|Bytes:36
05:03:00.1 (230486287)|VARIABLE_SCOPE_BEGIN|[58]|EM|Email_Alert_Class.EmailMessage|true|false
05:03:00.1 (230695255)|VARIABLE_ASSIGNMENT|[58]|EM|{"OppID":"006O0000008ju1ZIAQ","sendToAllApprovers":false,"sendToBDM":false,"sendToCentralEmailAddress":false,"sendToPDM":true,"sendToPreContractGroup":false}|0x55715e15
05:03:00.1 (230702843)|STATEMENT_EXECUTE|[58]
05:03:00.1 (230705529)|STATEMENT_EXECUTE|[59]
05:03:00.1 (230789090)|VARIABLE_SCOPE_BEGIN|[59]|message|Messaging.SingleEmailMessage|true|false
05:03:00.1 (230872871)|VARIABLE_ASSIGNMENT|[59]|message|"common.api.soap.wsdl.SingleEmailMessage@51fd41a2"|0x4afc2417
05:03:00.1 (230878820)|STATEMENT_EXECUTE|[60]
05:03:00.1 (230886658)|HEAP_ALLOCATE|[60]|Bytes:4
05:03:00.1 (230922159)|VARIABLE_SCOPE_BEGIN|[60]|toAddresses|Set<String>|true|false
05:03:00.1 (230940970)|VARIABLE_ASSIGNMENT|[60]|toAddresses|[]|0x7eafebd
05:03:00.1 (230950490)|STATEMENT_EXECUTE|[63]
05:03:00.1 (230955740)|STATEMENT_EXECUTE|[68]
05:03:00.1 (230958542)|STATEMENT_EXECUTE|[73]
05:03:00.1 (231015074)|VARIABLE_SCOPE_BEGIN|[73]|groupedByRole|Map<String,Set<String>>|true|false
05:03:00.1 (231040473)|VARIABLE_ASSIGNMENT|[73]|groupedByRole|{"Executive Sponsor":["00528000004d3msAAA"],"Account Manager":["00528000006B07FAAS"],"Channel Manager":["00528000006BYTIAA4","005O0000003t7anIAA"]}|0x7f62c376
05:03:00.1 (231045740)|STATEMENT_EXECUTE|[74]
05:03:00.1 (231054653)|HEAP_ALLOCATE|[74]|Bytes:19
05:03:00.1 (231110197)|HEAP_ALLOCATE|[74]|Bytes:136
05:03:00.1 (231135378)|HEAP_ALLOCATE|[74]|Bytes:155
05:03:00.1 (231160103)|USER_DEBUG|[74]|ERROR|*** groupedByRole: {Account Manager={00528000006B07FAAS}, Channel Manager={00528000006BYTIAA4, 005O0000003t7anIAA}, Executive Sponsor={00528000004d3msAAA}}
05:03:00.1 (231175148)|STATEMENT_EXECUTE|[77]
05:03:00.1 (231181483)|HEAP_ALLOCATE|[78]|Bytes:3
05:03:00.1 (231225740)|STATEMENT_EXECUTE|[78]
05:03:00.1 (231233298)|STATEMENT_EXECUTE|[83]
05:03:00.1 (231237933)|STATEMENT_EXECUTE|[90]
05:03:00.1 (231241807)|STATEMENT_EXECUTE|[96]
05:03:00.1 (231244095)|STATEMENT_EXECUTE|[103]
05:03:00.1 (231251506)|HEAP_ALLOCATE|[103]|Bytes:17
05:03:00.1 (231300580)|HEAP_ALLOCATE|[103]|Bytes:2
05:03:00.1 (231323677)|HEAP_ALLOCATE|[103]|Bytes:19
05:03:00.1 (231346897)|USER_DEBUG|[103]|ERROR|*** toAddresses: {}
05:03:00.1 (231357040)|STATEMENT_EXECUTE|[105]
05:03:00.1 (231368602)|HEAP_ALLOCATE|[105]|Bytes:4
05:03:00.1 (231412791)|HEAP_ALLOCATE|[105]|Bytes:0
05:03:00.1 (231464084)|HEAP_ALLOCATE|[EXTERNAL]|Bytes:4
05:03:00.1 (231565991)|STATEMENT_EXECUTE|[106]
05:03:00.1 (231570028)|STATEMENT_EXECUTE|[110]
05:03:00.1 (231609527)|STATEMENT_EXECUTE|[111]
05:03:00.1 (231615874)|HEAP_ALLOCATE|[111]|Bytes:6
05:03:00.1 (231665432)|STATEMENT_EXECUTE|[112]
05:03:00.1 (231671104)|HEAP_ALLOCATE|[112]|Bytes:25
05:03:00.1 (231702233)|STATEMENT_EXECUTE|[115]
05:03:00.1 (231751612)|HEAP_ALLOCATE|[EXTERNAL]|Bytes:4
05:03:00.1 (231776194)|HEAP_ALLOCATE|[58]|Bytes:5
05:03:00.1 (231794100)|HEAP_ALLOCATE|[58]|Bytes:36
05:03:00.1 (231803990)|VARIABLE_SCOPE_BEGIN|[58]|EM|Email_Alert_Class.EmailMessage|true|false
05:03:00.1 (231977559)|VARIABLE_ASSIGNMENT|[58]|EM|{"OppID":"006O0000008jnefIAA","sendToAllApprovers":false,"sendToBDM":false,"sendToCentralEmailAddress":false,"sendToPDM":true,"sendToPreContractGroup":false}|0x45aba8e6
05:03:00.1 (231984614)|STATEMENT_EXECUTE|[58]
05:03:00.1 (231987119)|STATEMENT_EXECUTE|[59]
05:03:00.1 (232005347)|VARIABLE_SCOPE_BEGIN|[59]|message|Messaging.SingleEmailMessage|true|false
05:03:00.1 (232082960)|VARIABLE_ASSIGNMENT|[59]|message|"common.api.soap.wsdl.SingleEmailMessage@76fddbb9"|0x2632dccd
05:03:00.1 (232088833)|STATEMENT_EXECUTE|[60]
05:03:00.1 (232095041)|HEAP_ALLOCATE|[60]|Bytes:4
05:03:00.1 (232114551)|VARIABLE_SCOPE_BEGIN|[60]|toAddresses|Set<String>|true|false
05:03:00.1 (232133270)|VARIABLE_ASSIGNMENT|[60]|toAddresses|[]|0x4971194e
05:03:00.1 (232140344)|STATEMENT_EXECUTE|[63]
05:03:00.1 (232144067)|STATEMENT_EXECUTE|[68]
05:03:00.1 (232146134)|STATEMENT_EXECUTE|[73]
05:03:00.1 (232175150)|VARIABLE_SCOPE_BEGIN|[73]|groupedByRole|Map<String,Set<String>>|true|false
05:03:00.1 (232194180)|VARIABLE_ASSIGNMENT|[73]|groupedByRole|{"Account Manager":["00528000004d3msAAA"]}|0x40b6db6c
05:03:00.1 (232198992)|STATEMENT_EXECUTE|[74]
05:03:00.1 (232230072)|HEAP_ALLOCATE|[74]|Bytes:38
05:03:00.1 (232250828)|HEAP_ALLOCATE|[74]|Bytes:57
05:03:00.1 (232271837)|USER_DEBUG|[74]|ERROR|*** groupedByRole: {Account Manager={00528000004d3msAAA}}
05:03:00.1 (232284025)|STATEMENT_EXECUTE|[77]
05:03:00.1 (232308421)|STATEMENT_EXECUTE|[78]
05:03:00.1 (232313634)|STATEMENT_EXECUTE|[83]
05:03:00.1 (232316922)|STATEMENT_EXECUTE|[90]
05:03:00.1 (232319877)|STATEMENT_EXECUTE|[96]
05:03:00.1 (232322022)|STATEMENT_EXECUTE|[103]
05:03:00.1 (232344735)|HEAP_ALLOCATE|[103]|Bytes:2
05:03:00.1 (232363963)|HEAP_ALLOCATE|[103]|Bytes:19
05:03:00.1 (232383997)|USER_DEBUG|[103]|ERROR|*** toAddresses: {}
05:03:00.1 (232393707)|STATEMENT_EXECUTE|[105]
05:03:00.1 (232399514)|HEAP_ALLOCATE|[105]|Bytes:4
05:03:00.1 (232420184)|HEAP_ALLOCATE|[105]|Bytes:0
05:03:00.1 (232458173)|HEAP_ALLOCATE|[EXTERNAL]|Bytes:4
05:03:00.1 (232488001)|STATEMENT_EXECUTE|[106]
05:03:00.1 (232491687)|STATEMENT_EXECUTE|[110]
05:03:00.1 (232506578)|STATEMENT_EXECUTE|[111]
05:03:00.1 (232521558)|STATEMENT_EXECUTE|[112]
05:03:00.1 (232535400)|STATEMENT_EXECUTE|[115]
05:03:00.1 (232549255)|HEAP_ALLOCATE|[EXTERNAL]|Bytes:4
05:03:00.1 (232571128)|HEAP_ALLOCATE|[58]|Bytes:5
05:03:00.1 (232589680)|VARIABLE_ASSIGNMENT|[58]|EM|null|
05:03:00.1 (232604836)|METHOD_EXIT|[4]|01pO00000003HJI|Email_Alert_Class.sendEmails()
05:03:00.1 (232614088)|SYSTEM_MODE_EXIT|false
05:03:00.232 (232657610)|CUMULATIVE_LIMIT_USAGE
05:03:00.232 (232657610)|LIMIT_USAGE_FOR_NS|(default)|
  Number of SOQL queries: 3 out of 100
  Number of query rows: 6 out of 50000
  Number of SOSL queries: 0 out of 20
  Number of DML statements: 0 out of 150
  Number of DML rows: 0 out of 10000
  Maximum CPU time: 0 out of 10000
  Maximum heap size: 0 out of 6000000
  Number of callouts: 0 out of 100
  Number of Email Invocations: 0 out of 10
  Number of future calls: 0 out of 50
  Number of queueable jobs added to the queue: 0 out of 50
  Number of Mobile Apex push calls: 0 out of 10

05:03:00.232 (232657610)|CUMULATIVE_LIMIT_USAGE_END

05:03:00.1 (232728870)|CODE_UNIT_FINISHED|execute_anonymous_apex
05:03:00.1 (240151078)|EXECUTION_FINISHED
