39.0 APEX_CODE,FINEST;APEX_PROFILING,FINEST;CALLOUT,NONE;DB,FINEST;SYSTEM,FINE;VALIDATION,INFO;VISUALFORCE,INFO;WAVE,INFO;WORKFLOW,FINER
10:57:00.0 (355089)|USER_INFO|[EXTERNAL]|00528000006B07F|dev@systempartners.com.prod.pcphase2|Australian Eastern Standard Time|GMT+10:00
10:57:00.0 (402403)|EXECUTION_STARTED
10:57:00.0 (410878)|CODE_UNIT_STARTED|[EXTERNAL]|01pO00000003MVy|ApprovalController.getAssignedApprovers
10:57:00.0 (670346)|HEAP_ALLOCATE|[72]|Bytes:3
10:57:00.0 (706937)|HEAP_ALLOCATE|[77]|Bytes:152
10:57:00.0 (722828)|HEAP_ALLOCATE|[342]|Bytes:408
10:57:00.0 (742884)|HEAP_ALLOCATE|[355]|Bytes:408
10:57:00.0 (762544)|HEAP_ALLOCATE|[467]|Bytes:48
10:57:00.0 (797769)|HEAP_ALLOCATE|[139]|Bytes:6
10:57:00.0 (816645)|HEAP_ALLOCATE|[EXTERNAL]|Bytes:11
10:57:00.0 (820861)|HEAP_ALLOCATE|[EXTERNAL]|Bytes:27
10:57:00.0 (834131)|METHOD_ENTRY|[1]|01pO00000003MVy|ApprovalController.ApprovalController()
10:57:00.0 (838281)|STATEMENT_EXECUTE|[1]
10:57:00.0 (841866)|STATEMENT_EXECUTE|[1]
10:57:00.0 (851936)|METHOD_EXIT|[1]|ApprovalController
10:57:00.0 (863288)|HEAP_ALLOCATE|[EXTERNAL]|Bytes:72
10:57:00.0 (874622)|SYSTEM_MODE_ENTER|false
10:57:00.0 (886618)|VARIABLE_SCOPE_BEGIN|[68]|opp|Opportunity|true|false
10:57:00.0 (935039)|VARIABLE_ASSIGNMENT|[68]|opp|{"Total_Budget_EOI_PQ_ (2 more) ...":0,"Total_Budget_AUD__c":0,"TSF_Gate_Status__c":"Not Applicable","StageName":"Gate 3","Net_Budget_Post_Tend (5 more) ...":0,"Net_Budget_EOI_PQ__c":0,"Apply_Default_Bondin (4 more) ...":false,"Gate_Status__c":"Initiated","Is_Gate_4_To_5__c":false,"Name":"TL Test - 1200","Is_Gate_1_To_3__c":true,"Net_Budget_Amount__c":0,"Total_Budget_Tender_ (2 more) ...":0,"Total_Budget_Post_Te (7 more) ...":0,"Net_Budget_Tender__c":0,"CRA_Gate_Status__c":"Not Applicable","Id":"006O0000009GUsjIAG"}|0x302ea75f
10:57:00.0 (947540)|STATEMENT_EXECUTE|[68]
10:57:00.0 (948936)|STATEMENT_EXECUTE|[69]
10:57:00.0 (952785)|HEAP_ALLOCATE|[69]|Bytes:132
10:57:00.0 (960972)|HEAP_ALLOCATE|[69]|Bytes:4
10:57:00.0 (970592)|HEAP_ALLOCATE|[69]|Bytes:7
10:57:00.0 (1013367)|HEAP_ALLOCATE|[69]|Bytes:7
10:57:00.0 (4415388)|VARIABLE_SCOPE_BEGIN|[3]|OpportunityService.KCRARecordTypeID|String|false|true
10:57:00.0 (4423179)|VARIABLE_SCOPE_BEGIN|[2]|OpportunityService.KCRATemplateRecordTypeID|String|false|true
10:57:00.0 (4433122)|HEAP_ALLOCATE|[71]|Bytes:43
10:57:00.0 (4461415)|METHOD_ENTRY|[1]|01pO00000003HOS|OpportunityService.OpportunityService()
10:57:00.0 (4464681)|STATEMENT_EXECUTE|[1]
10:57:00.0 (4468146)|STATEMENT_EXECUTE|[1]
10:57:00.0 (4498708)|HEAP_ALLOCATE|[50]|Bytes:5
10:57:00.0 (4519758)|HEAP_ALLOCATE|[56]|Bytes:5
10:57:00.0 (4528451)|HEAP_ALLOCATE|[64]|Bytes:7
10:57:00.0 (4557538)|HEAP_ALLOCATE|[2]|Bytes:5
10:57:00.0 (4562554)|STATEMENT_EXECUTE|[2]
10:57:00.0 (4565189)|HEAP_ALLOCATE|[2]|Bytes:33
10:57:00.0 (4639349)|SYSTEM_METHOD_ENTRY|[2]|Schema.SObjectType.getDescribe()
10:57:00.0 (4917702)|HEAP_ALLOCATE|[2]|Bytes:4
10:57:00.0 (4930479)|SYSTEM_METHOD_EXIT|[2]|Schema.SObjectType.getDescribe()
10:57:00.0 (4993445)|LIMIT_USAGE|[2]|RECORD_TYPE_DESCRIBES|1|100
10:57:00.0 (7425723)|HEAP_ALLOCATE|[2]|Bytes:16
10:57:00.0 (7437173)|HEAP_ALLOCATE|[2]|Bytes:13
10:57:00.0 (7506883)|SYSTEM_METHOD_ENTRY|[2]|Map<String,Schema.RecordTypeInfo>.get(Object)
10:57:00.0 (7578261)|SYSTEM_METHOD_EXIT|[2]|Map<String,Schema.RecordTypeInfo>.get(Object)
10:57:00.0 (7611830)|HEAP_ALLOCATE|[2]|Bytes:4
10:57:00.0 (7631108)|HEAP_ALLOCATE|[2]|Bytes:18
10:57:00.0 (7649854)|VARIABLE_ASSIGNMENT|[2]|OpportunityService.KCRATemplateRecordTypeID|"012O0000000DCgLIAW"
10:57:00.0 (7653366)|STATEMENT_EXECUTE|[3]
10:57:00.0 (7688201)|SYSTEM_METHOD_ENTRY|[3]|Schema.SObjectType.getDescribe()
10:57:00.0 (7710821)|HEAP_ALLOCATE|[3]|Bytes:4
10:57:00.0 (7720377)|SYSTEM_METHOD_EXIT|[3]|Schema.SObjectType.getDescribe()
10:57:00.0 (7739898)|LIMIT_USAGE|[3]|RECORD_TYPE_DESCRIBES|2|100
10:57:00.0 (7761568)|HEAP_ALLOCATE|[3]|Bytes:16
10:57:00.0 (7772791)|HEAP_ALLOCATE|[3]|Bytes:4
10:57:00.0 (7794241)|SYSTEM_METHOD_ENTRY|[3]|Map<String,Schema.RecordTypeInfo>.get(Object)
10:57:00.0 (7818156)|SYSTEM_METHOD_EXIT|[3]|Map<String,Schema.RecordTypeInfo>.get(Object)
10:57:00.0 (7845481)|HEAP_ALLOCATE|[3]|Bytes:4
10:57:00.0 (7860030)|HEAP_ALLOCATE|[3]|Bytes:18
10:57:00.0 (7880057)|VARIABLE_ASSIGNMENT|[3]|OpportunityService.KCRARecordTypeID|"012O0000000DCgGIAW"
10:57:00.0 (7902268)|METHOD_EXIT|[1]|OpportunityService
10:57:00.0 (7933788)|METHOD_ENTRY|[71]|01pO00000003HOS|OpportunityService.getGateNumber(String)
10:57:00.0 (7969726)|VARIABLE_SCOPE_BEGIN|[196]|stage|String|false|false
10:57:00.0 (7980666)|VARIABLE_ASSIGNMENT|[196]|stage|"Gate 3"
10:57:00.0 (7993191)|HEAP_ALLOCATE|[197]|Bytes:5
10:57:00.0 (7998366)|STATEMENT_EXECUTE|[196]
10:57:00.0 (10078598)|VARIABLE_SCOPE_BEGIN|[75]|Constants.ApprovalOutcomeNotificationEmail|String|false|true
10:57:00.0 (10089943)|VARIABLE_SCOPE_BEGIN|[77]|Constants.ApprovalSubmissionEmail|String|false|true
10:57:00.0 (10097339)|VARIABLE_SCOPE_BEGIN|[49]|Constants.ApprovedStatus|String|false|true
10:57:00.0 (10154737)|VARIABLE_SCOPE_BEGIN|[6]|Constants.Approvers|Approvers__c|true|true
10:57:00.0 (10163678)|VARIABLE_SCOPE_BEGIN|[81]|Constants.CRA_ApprovalOutcomeNotificationEmail|String|false|true
10:57:00.0 (10167916)|VARIABLE_SCOPE_BEGIN|[83]|Constants.CRA_ApprovalSubmissionEmail|String|false|true
10:57:00.0 (10171838)|VARIABLE_SCOPE_BEGIN|[82]|Constants.CRA_DecisionRequiredEmail|String|false|true
10:57:00.0 (10175230)|VARIABLE_SCOPE_BEGIN|[71]|Constants.ClosedWonStage|String|false|true
10:57:00.0 (10178572)|VARIABLE_SCOPE_BEGIN|[50]|Constants.ConditionallyApprovedStatus|String|false|true
10:57:00.0 (10182066)|VARIABLE_SCOPE_BEGIN|[76]|Constants.DecisionRequiredEmail|String|false|true
10:57:00.0 (10185698)|VARIABLE_SCOPE_BEGIN|[51]|Constants.DeclinedStatus|String|false|true
10:57:00.0 (10189214)|VARIABLE_SCOPE_BEGIN|[66]|Constants.Gate1Stage|String|false|true
10:57:00.0 (10192991)|VARIABLE_SCOPE_BEGIN|[67]|Constants.Gate2Stage|String|false|true
10:57:00.0 (10196680)|VARIABLE_SCOPE_BEGIN|[68]|Constants.Gate3Stage|String|false|true
10:57:00.0 (10200122)|VARIABLE_SCOPE_BEGIN|[69]|Constants.Gate4Stage|String|false|true
10:57:00.0 (10203453)|VARIABLE_SCOPE_BEGIN|[70]|Constants.Gate5Stage|String|false|true
10:57:00.0 (10207107)|VARIABLE_SCOPE_BEGIN|[48]|Constants.InProgressStatus|String|false|true
10:57:00.0 (10210824)|VARIABLE_SCOPE_BEGIN|[47]|Constants.InitiatedStatus|String|false|true
10:57:00.0 (10214578)|VARIABLE_SCOPE_BEGIN|[65]|Constants.NewDandCStage|String|false|true
10:57:00.0 (10218532)|VARIABLE_SCOPE_BEGIN|[54]|Constants.NotApplicableStatus|String|false|true
10:57:00.0 (10222508)|VARIABLE_SCOPE_BEGIN|[46]|Constants.NotStartedStatus|String|false|true
10:57:00.0 (10234834)|VARIABLE_SCOPE_BEGIN|[24]|Constants.OppRecordTypeMap|Map<String,Id>|true|true
10:57:00.0 (10240574)|VARIABLE_SCOPE_BEGIN|[57]|Constants.PendingApprovalStatus|String|false|true
10:57:00.0 (10244960)|VARIABLE_SCOPE_BEGIN|[53]|Constants.RestartedStatus|String|false|true
10:57:00.0 (10249461)|VARIABLE_SCOPE_BEGIN|[52]|Constants.ResubmittedStatus|String|false|true
10:57:00.0 (10254456)|VARIABLE_SCOPE_BEGIN|[78]|Constants.TSF_ApprovalOutcomeNotificationEmail|String|false|true
10:57:00.0 (10259149)|VARIABLE_SCOPE_BEGIN|[80]|Constants.TSF_ApprovalSubmissionEmail|String|false|true
10:57:00.0 (10263883)|VARIABLE_SCOPE_BEGIN|[79]|Constants.TSF_DecisionRequiredEmail|String|false|true
10:57:00.0 (10268061)|VARIABLE_SCOPE_BEGIN|[61]|Constants.TenderInPreperationStatus|String|false|true
10:57:00.0 (10272244)|VARIABLE_SCOPE_BEGIN|[62]|Constants.TenderSubmittedStatus|String|false|true
10:57:00.0 (10276498)|VARIABLE_SCOPE_BEGIN|[84]|Constants.TenderWonEmail|String|false|true
10:57:00.0 (10280709)|VARIABLE_SCOPE_BEGIN|[60]|Constants.TenderWonStatus|String|false|true
10:57:00.0 (10288667)|HEAP_ALLOCATE|[197]|Bytes:28
10:57:00.0 (10296821)|HEAP_ALLOCATE|[197]|Bytes:136
10:57:00.0 (10301264)|HEAP_ALLOCATE|[197]|Bytes:7
10:57:00.0 (10305685)|HEAP_ALLOCATE|[197]|Bytes:34
10:57:00.0 (10317404)|VARIABLE_ASSIGNMENT|[197]|Constants.ApprovalOutcomeNotificationEmail|"Gate_Approval_Outcom (14 more) ..."
10:57:00.0 (10320774)|HEAP_ALLOCATE|[197]|Bytes:32
10:57:00.0 (10327297)|VARIABLE_ASSIGNMENT|[197]|Constants.ApprovalSubmissionEmail|"Approval_Submission_ (12 more) ..."
10:57:00.0 (10329665)|HEAP_ALLOCATE|[197]|Bytes:8
10:57:00.0 (10334826)|VARIABLE_ASSIGNMENT|[197]|Constants.ApprovedStatus|"Approved"
10:57:00.0 (10337898)|HEAP_ALLOCATE|[197]|Bytes:33
10:57:00.0 (10343918)|VARIABLE_ASSIGNMENT|[197]|Constants.CRA_ApprovalOutcomeNotificationEmail|"CRA_Approval_Outcome (13 more) ..."
10:57:00.0 (10346193)|HEAP_ALLOCATE|[197]|Bytes:36
10:57:00.0 (10352124)|VARIABLE_ASSIGNMENT|[197]|Constants.CRA_ApprovalSubmissionEmail|"CRA_Approval_Submiss (16 more) ..."
10:57:00.0 (10354693)|HEAP_ALLOCATE|[197]|Bytes:29
10:57:00.0 (10360939)|VARIABLE_ASSIGNMENT|[197]|Constants.CRA_DecisionRequiredEmail|"CRA_Approval_Decsion (9 more) ..."
10:57:00.0 (10363226)|HEAP_ALLOCATE|[197]|Bytes:10
10:57:00.0 (10368454)|VARIABLE_ASSIGNMENT|[197]|Constants.ClosedWonStage|"Closed Won"
10:57:00.0 (10370595)|HEAP_ALLOCATE|[197]|Bytes:22
10:57:00.0 (10376337)|VARIABLE_ASSIGNMENT|[197]|Constants.ConditionallyApprovedStatus|"Conditionally Approv (2 more) ..."
10:57:00.0 (10378661)|HEAP_ALLOCATE|[197]|Bytes:38
10:57:00.0 (10384875)|VARIABLE_ASSIGNMENT|[197]|Constants.DecisionRequiredEmail|"Approval_Decsion_Req (18 more) ..."
10:57:00.0 (10387156)|HEAP_ALLOCATE|[197]|Bytes:8
10:57:00.0 (10392792)|VARIABLE_ASSIGNMENT|[197]|Constants.DeclinedStatus|"Declined"
10:57:00.0 (10394914)|HEAP_ALLOCATE|[197]|Bytes:6
10:57:00.0 (10400455)|VARIABLE_ASSIGNMENT|[197]|Constants.Gate1Stage|"Gate 1"
10:57:00.0 (10402564)|HEAP_ALLOCATE|[197]|Bytes:6
10:57:00.0 (10407854)|VARIABLE_ASSIGNMENT|[197]|Constants.Gate2Stage|"Gate 2"
10:57:00.0 (10409816)|HEAP_ALLOCATE|[197]|Bytes:6
10:57:00.0 (10415181)|VARIABLE_ASSIGNMENT|[197]|Constants.Gate3Stage|"Gate 3"
10:57:00.0 (10417070)|HEAP_ALLOCATE|[197]|Bytes:6
10:57:00.0 (10422632)|VARIABLE_ASSIGNMENT|[197]|Constants.Gate4Stage|"Gate 4"
10:57:00.0 (10424920)|HEAP_ALLOCATE|[197]|Bytes:6
10:57:00.0 (10432038)|VARIABLE_ASSIGNMENT|[197]|Constants.Gate5Stage|"Gate 5"
10:57:00.0 (10434084)|HEAP_ALLOCATE|[197]|Bytes:11
10:57:00.0 (10440203)|VARIABLE_ASSIGNMENT|[197]|Constants.InProgressStatus|"In Progress"
10:57:00.0 (10442404)|HEAP_ALLOCATE|[197]|Bytes:9
10:57:00.0 (10448166)|VARIABLE_ASSIGNMENT|[197]|Constants.InitiatedStatus|"Initiated"
10:57:00.0 (10450446)|HEAP_ALLOCATE|[197]|Bytes:3
10:57:00.0 (10456241)|VARIABLE_ASSIGNMENT|[197]|Constants.NewDandCStage|"New"
10:57:00.0 (10458309)|HEAP_ALLOCATE|[197]|Bytes:14
10:57:00.0 (10464579)|VARIABLE_ASSIGNMENT|[197]|Constants.NotApplicableStatus|"Not Applicable"
10:57:00.0 (10466879)|HEAP_ALLOCATE|[197]|Bytes:11
10:57:00.0 (10473000)|VARIABLE_ASSIGNMENT|[197]|Constants.NotStartedStatus|"Not Started"
10:57:00.0 (10475756)|HEAP_ALLOCATE|[197]|Bytes:16
10:57:00.0 (10482236)|VARIABLE_ASSIGNMENT|[197]|Constants.PendingApprovalStatus|"Pending Approval"
10:57:00.0 (10484436)|HEAP_ALLOCATE|[197]|Bytes:9
10:57:00.0 (10505714)|VARIABLE_ASSIGNMENT|[197]|Constants.RestartedStatus|"Restarted"
10:57:00.0 (10511129)|HEAP_ALLOCATE|[197]|Bytes:11
10:57:00.0 (10527425)|VARIABLE_ASSIGNMENT|[197]|Constants.ResubmittedStatus|"Resubmitted"
10:57:00.0 (10532728)|HEAP_ALLOCATE|[197]|Bytes:33
10:57:00.0 (10549351)|VARIABLE_ASSIGNMENT|[197]|Constants.TSF_ApprovalOutcomeNotificationEmail|"TSF_Approval_Outcome (13 more) ..."
10:57:00.0 (10555199)|HEAP_ALLOCATE|[197]|Bytes:36
10:57:00.0 (10572860)|VARIABLE_ASSIGNMENT|[197]|Constants.TSF_ApprovalSubmissionEmail|"TSF_Approval_Submiss (16 more) ..."
10:57:00.0 (10577867)|HEAP_ALLOCATE|[197]|Bytes:29
10:57:00.0 (10594850)|VARIABLE_ASSIGNMENT|[197]|Constants.TSF_DecisionRequiredEmail|"TSF_Approval_Decsion (9 more) ..."
10:57:00.0 (10600234)|HEAP_ALLOCATE|[197]|Bytes:21
10:57:00.0 (10616410)|VARIABLE_ASSIGNMENT|[197]|Constants.TenderInPreperationStatus|"Tender in Preparatio (1 more) ..."
10:57:00.0 (10621503)|HEAP_ALLOCATE|[197]|Bytes:16
10:57:00.0 (10636627)|VARIABLE_ASSIGNMENT|[197]|Constants.TenderSubmittedStatus|"Tender Submitted"
10:57:00.0 (10641339)|HEAP_ALLOCATE|[197]|Bytes:23
10:57:00.0 (10656687)|VARIABLE_ASSIGNMENT|[197]|Constants.TenderWonEmail|"Tender_Won_Notificat (3 more) ..."
10:57:00.0 (10661207)|HEAP_ALLOCATE|[197]|Bytes:10
10:57:00.0 (10673610)|VARIABLE_ASSIGNMENT|[197]|Constants.TenderWonStatus|"Tender Won"
10:57:00.0 (10688745)|METHOD_ENTRY|[1]|01pO00000003RXf|Constants.Constants()
10:57:00.0 (10692786)|STATEMENT_EXECUTE|[1]
10:57:00.0 (10696884)|STATEMENT_EXECUTE|[1]
10:57:00.0 (10706803)|HEAP_ALLOCATE|[197]|Bytes:5
10:57:00.0 (10711400)|STATEMENT_EXECUTE|[3]
10:57:00.0 (10726568)|METHOD_EXIT|[1]|Constants
10:57:00.0 (10765800)|STATEMENT_EXECUTE|[199]
10:57:00.0 (10769877)|HEAP_ALLOCATE|[199]|Bytes:1
10:57:00.0 (10782167)|METHOD_EXIT|[71]|01pO00000003HOS|OpportunityService.getGateNumber(String)
10:57:00.0 (26338308)|SOQL_EXECUTE_BEGIN|[69]|Aggregations:0|SELECT id FROM Gate__c WHERE (Opportunity__c = :tmpVar1 AND Gate_Number__c = :tmpVar2) ORDER BY CreatedDate DESC NULLS FIRST LIMIT 1
10:57:00.0 (26348546)|LIMIT_USAGE|[69]|SOQL|1|100
10:57:00.0 (26356759)|LIMIT_USAGE|[69]|AGGS|0|300
10:57:00.0 (33901039)|SOQL_EXECUTE_END|[69]|Rows:1
10:57:00.0 (33909176)|LIMIT_USAGE|[69]|SOQL_ROWS|1|50000
10:57:00.0 (33925764)|HEAP_ALLOCATE|[69]|Bytes:8
10:57:00.0 (33941952)|HEAP_ALLOCATE|[69]|Bytes:29
10:57:00.0 (34039093)|HEAP_ALLOCATE|[69]|Bytes:8
10:57:00.0 (34055612)|HEAP_ALLOCATE|[69]|Bytes:33
10:57:00.0 (34127373)|HEAP_ALLOCATE|[69]|Bytes:8
10:57:00.0 (34137691)|VARIABLE_SCOPE_BEGIN|[69]|latestGateId|Gate__c|true|false
10:57:00.0 (34161719)|VARIABLE_ASSIGNMENT|[69]|latestGateId|{"Id":"a0nO0000003xqtKIAQ"}|0x18c815b6
10:57:00.0 (34165600)|STATEMENT_EXECUTE|[76]
10:57:00.0 (34169507)|HEAP_ALLOCATE|[76]|Bytes:295
10:57:00.0 (34178428)|HEAP_ALLOCATE|[76]|Bytes:4
10:57:00.0 (35768713)|SOQL_EXECUTE_BEGIN|[76]|Aggregations:0|SELECT Approver__r.Name, Approval_Level__c, Gate__c, Approval_Status__c, Proxy_Approver__r.Name, Current_Approver__c, Wet_Signature_Received__c, Wet_Signature_Date__c, Approval_Comments__c, CreatedDate FROM Assigned_Approver__c WHERE Gate__c = :tmpVar1 ORDER BY Approval_Level__c ASC NULLS FIRST
10:57:00.0 (35777546)|LIMIT_USAGE|[76]|SOQL|2|100
10:57:00.0 (35785600)|LIMIT_USAGE|[76]|AGGS|0|300
10:57:00.0 (46419826)|SOQL_EXECUTE_END|[76]|Rows:2
10:57:00.0 (46432495)|LIMIT_USAGE|[76]|SOQL_ROWS|3|50000
10:57:00.0 (46452154)|HEAP_ALLOCATE|[76]|Bytes:12
10:57:00.0 (46472378)|HEAP_ALLOCATE|[76]|Bytes:587
10:57:00.0 (46523911)|HEAP_ALLOCATE|[76]|Bytes:12
10:57:00.0 (46542956)|VARIABLE_SCOPE_BEGIN|[76]|allApprovers|List<Assigned_Approver__c>|true|false
10:57:00.0 (46615466)|VARIABLE_ASSIGNMENT|[76]|allApprovers|[{"Approver__c":"00528000006B07FAAS","Approval_Level__c":"1","Gate__c":"a0nO0000003xqtKIAQ","Approval_Status__c":"Pending Approval","Current_Approver__c":false,"Wet_Signature_Receiv (5 more) ...":false,"CreatedDate":"2017-04-12T00:23:53.000Z","Id":"a0oO0000002tpYIIAY","Approver__r":{"Name":"System Partners","Id":"00528000006B07FAAS"}},{"Approver__c":"005O0000003t7anIAA","Approval_Level__c":"2","Gate__c":"a0nO0000003xqtKIAQ","Approval_Status__c":"Pending Approval","Current_Approver__c":false,"Wet_Signature_Receiv (5 more) ...":false,"CreatedDate":"2017-04-12T00:23:53.000Z","Id":"a0oO0000002tpYJIAY","Approver__r":{"Name":"Ricky Lowe","Id":"005O0000003t7anIAA"}}]|0x1aab8f6e
10:57:00.0 (46624447)|STATEMENT_EXECUTE|[85]
10:57:00.0 (46644098)|SYSTEM_MODE_EXIT|false
10:57:00.46 (46687015)|CUMULATIVE_LIMIT_USAGE
10:57:00.46 (46687015)|LIMIT_USAGE_FOR_NS|(default)|
  Number of SOQL queries: 2 out of 100
  Number of query rows: 3 out of 50000
  Number of SOSL queries: 0 out of 20
  Number of DML statements: 0 out of 150
  Number of DML rows: 0 out of 10000
  Maximum CPU time: 0 out of 10000
  Maximum heap size: 0 out of 6000000
  Number of callouts: 0 out of 100
  Number of Email Invocations: 0 out of 10
  Number of future calls: 0 out of 50
  Number of queueable jobs added to the queue: 0 out of 50
  Number of Mobile Apex push calls: 0 out of 10

10:57:00.46 (46687015)|TOTAL_EMAIL_RECIPIENTS_QUEUED|0
10:57:00.46 (46687015)|STATIC_VARIABLE_LIST|
  String:_static_KCRATemplateRecordTypeID:0
  long:serialVersionUID:0
  double:MAX_VALUE:0
  long:serialVersionUID:0
  String:_static_InProgressStatus:0
  int:SIZE:0
  String:_static_TenderWonEmail:0
  String:_static_ApprovedStatus:0
  int:MAX_VALUE:0
  String:_static_InitiatedStatus:0
  String:_static_ClosedWonStage:0
  String:_static_Gate5Stage:0
  String:_static_Gate4Stage:0
  int:MIN_VALUE:0
  String:_static_Gate1Stage:0
  String:_static_Gate3Stage:0
  String:_static_NotStartedStatus:0
  char[]:DigitOnes:0
  String:_static_NotApplicableStatus:0
  String:_sfdcAdditionalCodeLocations:0
  String:__sfdcProperties:0
  String:_static_CRA_DecisionRequiredEmail:0
  int:MIN_EXPONENT:0
  String:_static_DecisionRequiredEmail:0
  String:_static_ApprovalOutcomeNotificationEmail:0
  String:_static_PendingApprovalStatus:0
  String:_static_RestartedStatus:0
  int:MAX_EXPONENT:0
  String:_static_ApprovalSubmissionEmail:0
  String:_static_TenderWonStatus:0
  String:_sfdcAdditionalCodeLocations:0
  int:BYTES:0
  char[]:DigitTens:0
  long:serialVersionUID:0
  Boolean:FALSE:0
  String:_static_DeclinedStatus:0
  String:_static_TSF_ApprovalSubmissionEmail:0
  double:MIN_VALUE:0
  double:NEGATIVE_INFINITY:0
  String:_static_ResubmittedStatus:0
  String:_sfdcSuppressedCodeLocations:0
  char[]:digits:0
  double:NaN:0
  Boolean:TRUE:0
  String:__sfdcInnerTypes:0
  String:_static_CRA_ApprovalOutcomeNotificationEmail:0
  String:_static_Gate2Stage:0
  String:_static_TenderSubmittedStatus:0
  String:_static_NewDandCStage:0
  String:_sfdcAdditionalCodeLocations:0
  String:_static_KCRARecordTypeID:0
  String:_static_TSF_DecisionRequiredEmail:0
  String:_static_ConditionallyApprovedStatus:0
  String:_static_TSF_ApprovalOutcomeNotificationEmail:0
  int:BYTES:0
  int[]:sizeTable:0
  String:_static_TenderInPreperationStatus:0
  int:SIZE:0
  double:POSITIVE_INFINITY:0
  double:MIN_NORMAL:0
  String:_static_CRA_ApprovalSubmissionEmail:0

10:57:00.46 (46687015)|CUMULATIVE_LIMIT_USAGE_END

10:57:00.0 (47408958)|CODE_UNIT_FINISHED|ApprovalController.getAssignedApprovers
10:57:00.0 (49646739)|EXECUTION_FINISHED
10:57:00.54 (54181859)|CUMULATIVE_PROFILING_BEGIN
10:57:00.54 (54181859)|CUMULATIVE_PROFILING|SOQL operations|
Class.ApprovalController.getAssignedApprovers: line 69, column 1: [SELECT id FROM Gate__c 
                              where Opportunity__c = : opp.Id 
                              and Gate_Number__c = :OpportunityService.getGateNumber(opp.StageName)
                              ORDER BY CreatedDate DESC
                              LIMIT 1]: executed 1 time in 23 ms
Class.ApprovalController.getAssignedApprovers: line 76, column 1: [SELECT Approver__r.Name, Approval_Level__c,Gate__c,Approval_Status__c,
                                                            Proxy_Approver__r.Name,Current_Approver__c,
                                                            Wet_Signature_Received__c, Wet_Signature_Date__c,
                                                            Approval_Comments__c,CreatedDate
                                                    from Assigned_Approver__c
                                                    where Gate__c = :latestGateID.id
                                                    order by Approval_Level__c asc]: executed 1 time in 12 ms

10:57:00.54 (54181859)|CUMULATIVE_PROFILING|No profiling information for SOSL operations
10:57:00.54 (54181859)|CUMULATIVE_PROFILING|No profiling information for DML operations
10:57:00.54 (54181859)|CUMULATIVE_PROFILING|method invocations|
External entry point: public static List<Assigned_Approver__c> getAssignedApprovers(Opportunity): executed 1 time in 46 ms
Class.ApprovalController.getAssignedApprovers: line 71, column 1: public static String getGateNumber(String): executed 1 time in 3 ms
Class.OpportunityService: line 2, column 1: global Schema.DescribeSObjectResult getDescribe(): executed 2 times in 0 ms
Class.OpportunityService: line 3, column 1: global Schema.DescribeSObjectResult getDescribe(): executed 2 times in 0 ms

10:57:00.54 (54181859)|CUMULATIVE_PROFILING_END
