39.0 APEX_CODE,FINEST;APEX_PROFILING,FINEST;CALLOUT,INFO;DB,INFO;SYSTEM,DEBUG;VALIDATION,INFO;VISUALFORCE,INFO;WAVE,INFO;WORKFLOW,INFO
15:07:32.0 (543259)|USER_INFO|[EXTERNAL]|00528000006B07F|dev@systempartners.com.prod.pcphase2|Australian Eastern Standard Time|GMT+11:00
15:07:32.0 (568286)|EXECUTION_STARTED
15:07:32.0 (572662)|CODE_UNIT_STARTED|[EXTERNAL]|VisualForce View State
15:07:32.0 (507421391)|HEAP_ALLOCATE|[72]|Bytes:3
15:07:32.0 (507469396)|HEAP_ALLOCATE|[77]|Bytes:152
15:07:32.0 (507488374)|HEAP_ALLOCATE|[342]|Bytes:408
15:07:32.0 (507509591)|HEAP_ALLOCATE|[355]|Bytes:408
15:07:32.0 (507528550)|HEAP_ALLOCATE|[467]|Bytes:48
15:07:32.0 (507572345)|HEAP_ALLOCATE|[139]|Bytes:6
15:07:32.0 (507600099)|HEAP_ALLOCATE|[50]|Bytes:5
15:07:32.0 (507619493)|HEAP_ALLOCATE|[56]|Bytes:5
15:07:32.0 (507629159)|HEAP_ALLOCATE|[64]|Bytes:7
15:07:32.0 (509255886)|CODE_UNIT_FINISHED|VisualForce View State
15:07:32.0 (511606380)|EXECUTION_FINISHED
15:07:32.513 (513334513)|USER_INFO|[EXTERNAL]|00528000006B07F|dev@systempartners.com.prod.pcphase2|Australian Eastern Standard Time|GMT+11:00
15:07:32.513 (513369423)|SYSTEM_MODE_ENTER|true
15:07:32.513 (513421731)|HEAP_ALLOCATE|[EXTERNAL]|Bytes:38
15:07:32.513 (513430449)|HEAP_ALLOCATE|[EXTERNAL]|Bytes:7
15:07:32.513 (513439831)|SYSTEM_METHOD_ENTRY|[1]|PageMessagesComponentController.PageMessagesComponentController()
15:07:32.513 (513442522)|STATEMENT_EXECUTE|[1]
15:07:33.737 (1737155393)|CUMULATIVE_LIMIT_USAGE
15:07:33.737 (1737155393)|LIMIT_USAGE_FOR_NS|(default)|
  Number of SOQL queries: 0 out of 100
  Number of query rows: 0 out of 50000
  Number of SOSL queries: 0 out of 20
  Number of DML statements: 0 out of 150
  Number of DML rows: 0 out of 10000
  Maximum CPU time: 0 out of 10000
  Maximum heap size: 0 out of 6000000
  Number of callouts: 0 out of 100
  Number of Email Invocations: 0 out of 10
  Number of future calls: 0 out of 50
  Number of queueable jobs added to the queue: 0 out of 50
  Number of Mobile Apex push calls: 0 out of 10

15:07:33.737 (1737155393)|CUMULATIVE_LIMIT_USAGE_END

