39.0 APEX_CODE,FINEST;APEX_PROFILING,FINEST;CALLOUT,INFO;DB,INFO;SYSTEM,DEBUG;VALIDATION,INFO;VISUALFORCE,INFO;WAVE,INFO;WORKFLOW,INFO
14:48:42.0 (507741)|USER_INFO|[EXTERNAL]|00528000006B07F|dev@systempartners.com.prod.pcphase2|Australian Eastern Standard Time|GMT+11:00
14:48:42.0 (535567)|EXECUTION_STARTED
14:48:42.0 (539572)|CODE_UNIT_STARTED|[EXTERNAL]|VisualForce View State
14:48:42.0 (306039859)|HEAP_ALLOCATE|[72]|Bytes:3
14:48:42.0 (306069525)|HEAP_ALLOCATE|[77]|Bytes:152
14:48:42.0 (306081482)|HEAP_ALLOCATE|[342]|Bytes:408
14:48:42.0 (306099715)|HEAP_ALLOCATE|[355]|Bytes:408
14:48:42.0 (306117607)|HEAP_ALLOCATE|[467]|Bytes:48
14:48:42.0 (306141327)|HEAP_ALLOCATE|[139]|Bytes:6
14:48:42.0 (306162241)|HEAP_ALLOCATE|[50]|Bytes:5
14:48:42.0 (306177713)|HEAP_ALLOCATE|[56]|Bytes:5
14:48:42.0 (306186129)|HEAP_ALLOCATE|[64]|Bytes:7
14:48:42.0 (307727873)|CODE_UNIT_FINISHED|VisualForce View State
14:48:42.0 (307943158)|EXECUTION_FINISHED
14:48:42.313 (313691832)|USER_INFO|[EXTERNAL]|00528000006B07F|dev@systempartners.com.prod.pcphase2|Australian Eastern Standard Time|GMT+11:00
14:48:42.313 (313732551)|SYSTEM_MODE_ENTER|true
14:48:42.313 (313800652)|HEAP_ALLOCATE|[EXTERNAL]|Bytes:38
14:48:42.313 (313808718)|HEAP_ALLOCATE|[EXTERNAL]|Bytes:7
14:48:42.313 (313820159)|SYSTEM_METHOD_ENTRY|[1]|PageMessagesComponentController.PageMessagesComponentController()
14:48:42.313 (313828121)|STATEMENT_EXECUTE|[1]
14:48:42.495 (495855020)|CUMULATIVE_LIMIT_USAGE
14:48:42.495 (495855020)|LIMIT_USAGE_FOR_NS|(default)|
  Number of SOQL queries: 0 out of 100
  Number of query rows: 0 out of 50000
  Number of SOSL queries: 0 out of 20
  Number of DML statements: 0 out of 150
  Number of DML rows: 0 out of 10000
  Maximum CPU time: 0 out of 10000
  Maximum heap size: 0 out of 6000000
  Number of callouts: 0 out of 100
  Number of Email Invocations: 0 out of 10
  Number of future calls: 0 out of 50
  Number of queueable jobs added to the queue: 0 out of 50
  Number of Mobile Apex push calls: 0 out of 10

14:48:42.495 (495855020)|CUMULATIVE_LIMIT_USAGE_END

