39.0 APEX_CODE,FINEST;APEX_PROFILING,FINEST;CALLOUT,NONE;DB,FINEST;SYSTEM,FINE;VALIDATION,INFO;VISUALFORCE,INFO;WAVE,INFO;WORKFLOW,FINER
16:01:59.0 (496546)|USER_INFO|[EXTERNAL]|005O0000003t7an|ricky.lowe@jhg.com.au.pcphase2|Australian Eastern Standard Time|GMT+11:00
16:01:59.0 (522207)|EXECUTION_STARTED
16:01:59.0 (526372)|CODE_UNIT_STARTED|[EXTERNAL]|TRIGGERS
16:01:59.0 (555016)|CODE_UNIT_STARTED|[EXTERNAL]|01qO00000000SDP|opportunityTrigger on Opportunity trigger event BeforeUpdate for [006O0000008l3bO]
16:01:59.0 (594412)|HEAP_ALLOCATE|[EXTERNAL]|Bytes:8
16:01:59.0 (812023)|HEAP_ALLOCATE|[EXTERNAL]|Bytes:8
16:01:59.0 (1808872)|HEAP_ALLOCATE|[72]|Bytes:3
16:01:59.0 (1846581)|HEAP_ALLOCATE|[77]|Bytes:152
16:01:59.0 (1875386)|HEAP_ALLOCATE|[342]|Bytes:408
16:01:59.0 (1897412)|HEAP_ALLOCATE|[355]|Bytes:408
16:01:59.0 (1916615)|HEAP_ALLOCATE|[467]|Bytes:48
16:01:59.0 (1948216)|HEAP_ALLOCATE|[139]|Bytes:6
16:01:59.0 (1976388)|HEAP_ALLOCATE|[EXTERNAL]|Bytes:4
16:01:59.0 (1985351)|VARIABLE_SCOPE_BEGIN|[1]|this|opportunityTrigger|true|false
16:01:59.0 (2025076)|VARIABLE_ASSIGNMENT|[1]|this|{}|0x2c4a731a
16:01:59.0 (2069575)|HEAP_ALLOCATE|[EXTERNAL]|Bytes:4
16:01:59.0 (2076782)|VARIABLE_SCOPE_BEGIN|[1]|this|opportunityTrigger|true|false
16:01:59.0 (2090512)|VARIABLE_ASSIGNMENT|[1]|this|{}|0x2c4a731a
16:01:59.0 (2099345)|STATEMENT_EXECUTE|[1]
16:01:59.0 (2102637)|STATEMENT_EXECUTE|[4]
16:01:59.0 (6620404)|VARIABLE_SCOPE_BEGIN|[16]|opportunityTriggerHandler.KCRARecordTypeID|String|false|true
16:01:59.0 (6628578)|VARIABLE_SCOPE_BEGIN|[15]|opportunityTriggerHandler.KCRATemplateRecordTypeID|String|false|true
16:01:59.0 (6633468)|VARIABLE_SCOPE_BEGIN|[18]|opportunityTriggerHandler.PRARecordTypeID|String|false|true
16:01:59.0 (6637448)|VARIABLE_SCOPE_BEGIN|[17]|opportunityTriggerHandler.PRATemplateRecordTypeID|String|false|true
16:01:59.0 (6645838)|VARIABLE_SCOPE_BEGIN|[20]|opportunityTriggerHandler.isTest|Boolean|false|true
16:01:59.0 (6650511)|VARIABLE_SCOPE_BEGIN|[19]|opportunityTriggerHandler.recursion|Boolean|false|true
16:01:59.0 (6654615)|VARIABLE_SCOPE_BEGIN|[14]|opportunityTriggerHandler.runOnce|Boolean|false|true
16:01:59.0 (9159118)|VARIABLE_SCOPE_BEGIN|[5]|TriggerHandler.bypassedHandlers|Set<String>|true|true
16:01:59.0 (9395365)|VARIABLE_SCOPE_BEGIN|[4]|TriggerHandler.loopCountMap|Map<String,TriggerHandler.LoopCount>|true|true
16:01:59.0 (9428093)|HEAP_ALLOCATE|[4]|Bytes:40
16:01:59.0 (9441128)|HEAP_ALLOCATE|[4]|Bytes:67
16:01:59.0 (9478289)|METHOD_ENTRY|[13]|01pO0000000371i|opportunityTriggerHandler.opportunityTriggerHandler()
16:01:59.0 (9482065)|STATEMENT_EXECUTE|[13]
16:01:59.0 (9486033)|STATEMENT_EXECUTE|[13]
16:01:59.0 (9487418)|STATEMENT_EXECUTE|[14]
16:01:59.0 (9514214)|HEAP_ALLOCATE|[50]|Bytes:5
16:01:59.0 (9531812)|HEAP_ALLOCATE|[56]|Bytes:5
16:01:59.0 (9541636)|HEAP_ALLOCATE|[64]|Bytes:7
16:01:59.0 (9567840)|HEAP_ALLOCATE|[14]|Bytes:5
16:01:59.0 (9583307)|VARIABLE_ASSIGNMENT|[14]|opportunityTriggerHandler.runOnce|true
16:01:59.0 (9586357)|STATEMENT_EXECUTE|[15]
16:01:59.0 (9589443)|HEAP_ALLOCATE|[15]|Bytes:33
16:01:59.0 (9713330)|SYSTEM_METHOD_ENTRY|[15]|Schema.SObjectType.getDescribe()
16:01:59.0 (9931419)|HEAP_ALLOCATE|[15]|Bytes:4
16:01:59.0 (9942731)|SYSTEM_METHOD_EXIT|[15]|Schema.SObjectType.getDescribe()
16:01:59.0 (9970463)|LIMIT_USAGE|[15]|RECORD_TYPE_DESCRIBES|1|100
16:01:59.0 (12330550)|HEAP_ALLOCATE|[15]|Bytes:16
16:01:59.0 (12344942)|HEAP_ALLOCATE|[15]|Bytes:13
16:01:59.0 (12389878)|SYSTEM_METHOD_ENTRY|[15]|Map<String,Schema.RecordTypeInfo>.get(Object)
16:01:59.0 (12465621)|SYSTEM_METHOD_EXIT|[15]|Map<String,Schema.RecordTypeInfo>.get(Object)
16:01:59.0 (12497209)|HEAP_ALLOCATE|[15]|Bytes:4
16:01:59.0 (12514575)|HEAP_ALLOCATE|[15]|Bytes:18
16:01:59.0 (12529711)|VARIABLE_ASSIGNMENT|[15]|opportunityTriggerHandler.KCRATemplateRecordTypeID|"012O0000000DCgLIAW"
16:01:59.0 (12532899)|STATEMENT_EXECUTE|[16]
16:01:59.0 (12570096)|SYSTEM_METHOD_ENTRY|[16]|Schema.SObjectType.getDescribe()
16:01:59.0 (12593425)|HEAP_ALLOCATE|[16]|Bytes:4
16:01:59.0 (12599941)|SYSTEM_METHOD_EXIT|[16]|Schema.SObjectType.getDescribe()
16:01:59.0 (12612757)|LIMIT_USAGE|[16]|RECORD_TYPE_DESCRIBES|2|100
16:01:59.0 (12627136)|HEAP_ALLOCATE|[16]|Bytes:16
16:01:59.0 (12633139)|HEAP_ALLOCATE|[16]|Bytes:4
16:01:59.0 (12650458)|SYSTEM_METHOD_ENTRY|[16]|Map<String,Schema.RecordTypeInfo>.get(Object)
16:01:59.0 (12669366)|SYSTEM_METHOD_EXIT|[16]|Map<String,Schema.RecordTypeInfo>.get(Object)
16:01:59.0 (12690728)|HEAP_ALLOCATE|[16]|Bytes:4
16:01:59.0 (12698927)|HEAP_ALLOCATE|[16]|Bytes:18
16:01:59.0 (12712051)|VARIABLE_ASSIGNMENT|[16]|opportunityTriggerHandler.KCRARecordTypeID|"012O0000000DCgGIAW"
16:01:59.0 (12714988)|STATEMENT_EXECUTE|[17]
16:01:59.0 (12718049)|HEAP_ALLOCATE|[17]|Bytes:26
16:01:59.0 (12757389)|SYSTEM_METHOD_ENTRY|[17]|Schema.SObjectType.getDescribe()
16:01:59.0 (12886833)|HEAP_ALLOCATE|[17]|Bytes:4
16:01:59.0 (12895527)|SYSTEM_METHOD_EXIT|[17]|Schema.SObjectType.getDescribe()
16:01:59.0 (12909311)|LIMIT_USAGE|[17]|RECORD_TYPE_DESCRIBES|3|100
16:01:59.0 (14077416)|HEAP_ALLOCATE|[17]|Bytes:16
16:01:59.0 (14091389)|HEAP_ALLOCATE|[17]|Bytes:12
16:01:59.0 (14115220)|SYSTEM_METHOD_ENTRY|[17]|Map<String,Schema.RecordTypeInfo>.get(Object)
16:01:59.0 (14134232)|SYSTEM_METHOD_EXIT|[17]|Map<String,Schema.RecordTypeInfo>.get(Object)
16:01:59.0 (14157000)|HEAP_ALLOCATE|[17]|Bytes:4
16:01:59.0 (14175824)|HEAP_ALLOCATE|[17]|Bytes:18
16:01:59.0 (14191061)|VARIABLE_ASSIGNMENT|[17]|opportunityTriggerHandler.PRATemplateRecordTypeID|"012O0000000DDVTIA4"
16:01:59.0 (14194187)|STATEMENT_EXECUTE|[18]
16:01:59.0 (14229216)|SYSTEM_METHOD_ENTRY|[18]|Schema.SObjectType.getDescribe()
16:01:59.0 (14252445)|HEAP_ALLOCATE|[18]|Bytes:4
16:01:59.0 (14258953)|SYSTEM_METHOD_EXIT|[18]|Schema.SObjectType.getDescribe()
16:01:59.0 (14271964)|LIMIT_USAGE|[18]|RECORD_TYPE_DESCRIBES|4|100
16:01:59.0 (14286549)|HEAP_ALLOCATE|[18]|Bytes:16
16:01:59.0 (14303386)|HEAP_ALLOCATE|[18]|Bytes:3
16:01:59.0 (14325111)|SYSTEM_METHOD_ENTRY|[18]|Map<String,Schema.RecordTypeInfo>.get(Object)
16:01:59.0 (14342894)|SYSTEM_METHOD_EXIT|[18]|Map<String,Schema.RecordTypeInfo>.get(Object)
16:01:59.0 (14363791)|HEAP_ALLOCATE|[18]|Bytes:4
16:01:59.0 (14372427)|HEAP_ALLOCATE|[18]|Bytes:18
16:01:59.0 (14399511)|VARIABLE_ASSIGNMENT|[18]|opportunityTriggerHandler.PRARecordTypeID|"012O0000000DDVOIA4"
16:01:59.0 (14404914)|STATEMENT_EXECUTE|[19]
16:01:59.0 (14416190)|HEAP_ALLOCATE|[19]|Bytes:5
16:01:59.0 (14430492)|VARIABLE_ASSIGNMENT|[19]|opportunityTriggerHandler.recursion|false
16:01:59.0 (14433183)|STATEMENT_EXECUTE|[20]
16:01:59.0 (14438464)|HEAP_ALLOCATE|[20]|Bytes:5
16:01:59.0 (14444309)|VARIABLE_ASSIGNMENT|[20]|opportunityTriggerHandler.isTest|false
16:01:59.0 (14451517)|METHOD_EXIT|[13]|opportunityTriggerHandler
16:01:59.0 (14677065)|HEAP_ALLOCATE|[4]|Bytes:12
16:01:59.0 (14693317)|CONSTRUCTOR_ENTRY|[4]|01pO0000000371i|<init>()
16:01:59.0 (14738675)|VARIABLE_SCOPE_BEGIN|[22]|this|opportunityTriggerHandler|true|false
16:01:59.0 (14781342)|VARIABLE_ASSIGNMENT|[22]|this|{}|0x7f0ae11
16:01:59.0 (14786907)|STATEMENT_EXECUTE|[13]
16:01:59.0 (14796433)|HEAP_ALLOCATE|[22]|Bytes:48
16:01:59.0 (14802824)|HEAP_ALLOCATE|[22]|Bytes:69
16:01:59.0 (14814942)|METHOD_ENTRY|[1]|01pO00000003AAn|TriggerHandler.TriggerHandler()
16:01:59.0 (14817587)|STATEMENT_EXECUTE|[1]
16:01:59.0 (14820637)|STATEMENT_EXECUTE|[1]
16:01:59.0 (14821791)|STATEMENT_EXECUTE|[16]
16:01:59.0 (14822877)|STATEMENT_EXECUTE|[17]
16:01:59.0 (14827836)|HEAP_ALLOCATE|[17]|Bytes:4
16:01:59.0 (14863265)|VARIABLE_ASSIGNMENT|[17]|TriggerHandler.loopCountMap|{}|0x53ba529b
16:01:59.0 (14866678)|STATEMENT_EXECUTE|[18]
16:01:59.0 (14874593)|HEAP_ALLOCATE|[18]|Bytes:4
16:01:59.0 (14890359)|SYSTEM_CONSTRUCTOR_ENTRY|[18]|<init>(Integer)
16:01:59.0 (14908488)|SYSTEM_CONSTRUCTOR_EXIT|[18]|<init>(Integer)
16:01:59.0 (14940430)|VARIABLE_ASSIGNMENT|[18]|TriggerHandler.bypassedHandlers|[]|0x10f84a3b
16:01:59.0 (14943743)|STATEMENT_EXECUTE|[187]
16:01:59.0 (14945041)|STATEMENT_EXECUTE|[236]
16:01:59.0 (14951045)|METHOD_EXIT|[1]|TriggerHandler
16:01:59.0 (14957884)|CONSTRUCTOR_ENTRY|[22]|01pO00000003AAn|<init>()
16:01:59.0 (15145968)|VARIABLE_SCOPE_BEGIN|[22]|this|TriggerHandler|true|false
16:01:59.0 (15171181)|VARIABLE_ASSIGNMENT|[22]|this|{}|0x7f0ae11
16:01:59.0 (15177919)|STATEMENT_EXECUTE|[1]
16:01:59.0 (15179861)|STATEMENT_EXECUTE|[9]
16:01:59.0 (15181852)|STATEMENT_EXECUTE|[13]
16:01:59.0 (15193438)|HEAP_ALLOCATE|[23]|Bytes:6
16:01:59.0 (15232339)|STATEMENT_EXECUTE|[22]
16:01:59.0 (15235533)|STATEMENT_EXECUTE|[23]
16:01:59.0 (15272953)|METHOD_ENTRY|[23]|01pO00000003AAn|TriggerHandler.setTriggerContext()
16:01:59.0 (15308944)|VARIABLE_SCOPE_BEGIN|[94]|this|TriggerHandler|true|false
16:01:59.0 (15331404)|VARIABLE_ASSIGNMENT|[94]|this|{}|0x7f0ae11
16:01:59.0 (15339119)|STATEMENT_EXECUTE|[94]
16:01:59.0 (15341104)|STATEMENT_EXECUTE|[95]
16:01:59.0 (15365022)|METHOD_ENTRY|[95]|01pO00000003AAn|TriggerHandler.setTriggerContext(String, Boolean)
16:01:59.0 (15389485)|VARIABLE_SCOPE_BEGIN|[99]|this|TriggerHandler|true|false
16:01:59.0 (15404747)|VARIABLE_ASSIGNMENT|[99]|this|{}|0x7f0ae11
16:01:59.0 (15408492)|VARIABLE_SCOPE_BEGIN|[99]|ctx|String|false|false
16:01:59.0 (15411944)|VARIABLE_ASSIGNMENT|[99]|ctx|null
16:01:59.0 (15416985)|VARIABLE_SCOPE_BEGIN|[99]|testMode|Boolean|false|false
16:01:59.0 (15420736)|VARIABLE_ASSIGNMENT|[99]|testMode|false
16:01:59.0 (15425046)|STATEMENT_EXECUTE|[99]
16:01:59.0 (15442741)|STATEMENT_EXECUTE|[103]
16:01:59.0 (15444463)|STATEMENT_EXECUTE|[104]
16:01:59.0 (15450225)|HEAP_ALLOCATE|[104]|Bytes:5
16:01:59.0 (15479483)|STATEMENT_EXECUTE|[111]
16:01:59.0 (15481172)|STATEMENT_EXECUTE|[112]
16:01:59.0 (15504520)|HEAP_ALLOCATE|[112]|Bytes:12
16:01:59.0 (15510302)|HEAP_ALLOCATE|[112]|Bytes:13
16:01:59.0 (15565547)|HEAP_ALLOCATE|[112]|Bytes:12
16:01:59.0 (15570327)|HEAP_ALLOCATE|[112]|Bytes:13
16:01:59.0 (15583783)|HEAP_ALLOCATE|[112]|Bytes:12
16:01:59.0 (15587243)|HEAP_ALLOCATE|[112]|Bytes:13
16:01:59.0 (15598328)|HEAP_ALLOCATE|[112]|Bytes:12
16:01:59.0 (15601698)|HEAP_ALLOCATE|[112]|Bytes:12
16:01:59.0 (15612357)|HEAP_ALLOCATE|[112]|Bytes:12
16:01:59.0 (15615728)|HEAP_ALLOCATE|[112]|Bytes:12
16:01:59.0 (15626584)|HEAP_ALLOCATE|[112]|Bytes:12
16:01:59.0 (15629822)|HEAP_ALLOCATE|[112]|Bytes:12
16:01:59.0 (15640447)|HEAP_ALLOCATE|[112]|Bytes:12
16:01:59.0 (15643650)|HEAP_ALLOCATE|[112]|Bytes:14
16:01:59.0 (15666508)|METHOD_EXIT|[95]|01pO00000003AAn|TriggerHandler.setTriggerContext(String, Boolean)
16:01:59.0 (15672473)|METHOD_EXIT|[23]|01pO00000003AAn|TriggerHandler.setTriggerContext()
16:01:59.0 (15677197)|CONSTRUCTOR_EXIT|[22]|01pO00000003AAn|<init>()
16:01:59.0 (15680145)|STATEMENT_EXECUTE|[22]
16:01:59.0 (15683306)|CONSTRUCTOR_EXIT|[4]|01pO0000000371i|<init>()
16:01:59.0 (15692638)|METHOD_ENTRY|[4]|01pO00000003AAn|TriggerHandler.run()
16:01:59.0 (15698211)|VARIABLE_SCOPE_BEGIN|[31]|this|TriggerHandler|true|false
16:01:59.0 (15724694)|VARIABLE_ASSIGNMENT|[31]|this|{"context":"0x503c103f","isTriggerExecuting":true}|0x7f0ae11
16:01:59.0 (15729550)|STATEMENT_EXECUTE|[31]
16:01:59.0 (15739259)|METHOD_ENTRY|[33]|01pO00000003AAn|TriggerHandler.validateRun()
16:01:59.0 (15755873)|VARIABLE_SCOPE_BEGIN|[146]|this|TriggerHandler|true|false
16:01:59.0 (15772375)|VARIABLE_ASSIGNMENT|[146]|this|{"context":"0x503c103f","isTriggerExecuting":true}|0x7f0ae11
16:01:59.0 (15776782)|STATEMENT_EXECUTE|[146]
16:01:59.0 (15784794)|STATEMENT_EXECUTE|[147]
16:01:59.0 (15795594)|METHOD_ENTRY|[150]|01pO00000003AAn|TriggerHandler.getHandlerName()
16:01:59.0 (15810781)|VARIABLE_SCOPE_BEGIN|[157]|this|TriggerHandler|true|false
16:01:59.0 (15826473)|VARIABLE_ASSIGNMENT|[157]|this|{"context":"0x503c103f","isTriggerExecuting":true}|0x7f0ae11
16:01:59.0 (15830697)|STATEMENT_EXECUTE|[157]
16:01:59.0 (15831912)|STATEMENT_EXECUTE|[158]
16:01:59.0 (15858820)|SYSTEM_METHOD_ENTRY|[158]|String.valueOf(Object)
16:01:59.0 (15931653)|HEAP_ALLOCATE|[158]|Bytes:379
16:01:59.0 (15949973)|SYSTEM_METHOD_EXIT|[158]|String.valueOf(Object)
16:01:59.0 (15968157)|SYSTEM_METHOD_ENTRY|[158]|String.valueOf(Object)
16:01:59.0 (16006919)|HEAP_ALLOCATE|[158]|Bytes:379
16:01:59.0 (16023127)|SYSTEM_METHOD_EXIT|[158]|String.valueOf(Object)
16:01:59.0 (16027862)|HEAP_ALLOCATE|[158]|Bytes:1
16:01:59.0 (16043994)|SYSTEM_METHOD_ENTRY|[158]|String.indexOf(String)
16:01:59.0 (16054867)|SYSTEM_METHOD_EXIT|[158]|String.indexOf(String)
16:01:59.0 (16069072)|SYSTEM_METHOD_ENTRY|[158]|String.substring(Integer, Integer)
16:01:59.0 (16075382)|HEAP_ALLOCATE|[158]|Bytes:25
16:01:59.0 (16084434)|SYSTEM_METHOD_EXIT|[158]|String.substring(Integer, Integer)
16:01:59.0 (16090662)|METHOD_EXIT|[150]|01pO00000003AAn|TriggerHandler.getHandlerName()
16:01:59.0 (16105122)|SYSTEM_METHOD_ENTRY|[150]|Set<String>.contains(Object)
16:01:59.0 (16116612)|SYSTEM_METHOD_EXIT|[150]|Set<String>.contains(Object)
16:01:59.0 (16121076)|STATEMENT_EXECUTE|[150]
16:01:59.0 (16122640)|STATEMENT_EXECUTE|[153]
16:01:59.0 (16126995)|METHOD_EXIT|[33]|01pO00000003AAn|TriggerHandler.validateRun()
16:01:59.0 (16129963)|STATEMENT_EXECUTE|[33]
16:01:59.0 (16131272)|STATEMENT_EXECUTE|[35]
16:01:59.0 (16139075)|METHOD_ENTRY|[35]|01pO00000003AAn|TriggerHandler.addToLoopCount()
16:01:59.0 (16157787)|VARIABLE_SCOPE_BEGIN|[133]|this|TriggerHandler|true|false
16:01:59.0 (16176848)|VARIABLE_ASSIGNMENT|[133]|this|{"context":"0x503c103f","isTriggerExecuting":true}|0x7f0ae11
16:01:59.0 (16187124)|STATEMENT_EXECUTE|[133]
16:01:59.0 (16188724)|STATEMENT_EXECUTE|[134]
16:01:59.0 (16197973)|METHOD_ENTRY|[134]|01pO00000003AAn|TriggerHandler.getHandlerName()
16:01:59.0 (16209161)|VARIABLE_SCOPE_BEGIN|[157]|this|TriggerHandler|true|false
16:01:59.0 (16225651)|VARIABLE_ASSIGNMENT|[157]|this|{"context":"0x503c103f","isTriggerExecuting":true}|0x7f0ae11
16:01:59.0 (16229561)|STATEMENT_EXECUTE|[157]
16:01:59.0 (16230683)|STATEMENT_EXECUTE|[158]
16:01:59.0 (16248127)|SYSTEM_METHOD_ENTRY|[158]|String.valueOf(Object)
16:01:59.0 (16289838)|HEAP_ALLOCATE|[158]|Bytes:379
16:01:59.0 (16305729)|SYSTEM_METHOD_EXIT|[158]|String.valueOf(Object)
16:01:59.0 (16320987)|SYSTEM_METHOD_ENTRY|[158]|String.valueOf(Object)
16:01:59.0 (16357613)|HEAP_ALLOCATE|[158]|Bytes:379
16:01:59.0 (16372658)|SYSTEM_METHOD_EXIT|[158]|String.valueOf(Object)
16:01:59.0 (16384118)|SYSTEM_METHOD_ENTRY|[158]|String.indexOf(String)
16:01:59.0 (16393475)|SYSTEM_METHOD_EXIT|[158]|String.indexOf(String)
16:01:59.0 (16404333)|SYSTEM_METHOD_ENTRY|[158]|String.substring(Integer, Integer)
16:01:59.0 (16408651)|HEAP_ALLOCATE|[158]|Bytes:25
16:01:59.0 (16417561)|SYSTEM_METHOD_EXIT|[158]|String.substring(Integer, Integer)
16:01:59.0 (16423099)|METHOD_EXIT|[134]|01pO00000003AAn|TriggerHandler.getHandlerName()
16:01:59.0 (16427351)|VARIABLE_SCOPE_BEGIN|[134]|handlerName|String|false|false
16:01:59.0 (16438607)|VARIABLE_ASSIGNMENT|[134]|handlerName|"opportunityTriggerHa (5 more) ..."
16:01:59.0 (16456938)|SYSTEM_METHOD_ENTRY|[135]|Map<String,TriggerHandler.LoopCount>.containsKey(Object)
16:01:59.0 (16479195)|SYSTEM_METHOD_EXIT|[135]|Map<String,TriggerHandler.LoopCount>.containsKey(Object)
16:01:59.0 (16484756)|STATEMENT_EXECUTE|[135]
16:01:59.0 (16505684)|METHOD_EXIT|[35]|01pO00000003AAn|TriggerHandler.addToLoopCount()
16:01:59.0 (16563687)|SYSTEM_METHOD_ENTRY|[38]|com.salesforce.api.fast.System.compareObjects(Object, Object)
16:01:59.0 (16640283)|SYSTEM_METHOD_EXIT|[38]|com.salesforce.api.fast.System.compareObjects(Object, Object)
16:01:59.0 (16663582)|SYSTEM_METHOD_ENTRY|[40]|com.salesforce.api.fast.System.compareObjects(Object, Object)
16:01:59.0 (16691630)|SYSTEM_METHOD_EXIT|[40]|com.salesforce.api.fast.System.compareObjects(Object, Object)
16:01:59.0 (16696801)|STATEMENT_EXECUTE|[40]
16:01:59.0 (16698220)|STATEMENT_EXECUTE|[41]
16:01:59.0 (16724748)|METHOD_ENTRY|[41]|01pO0000000371i|opportunityTriggerHandler.beforeUpdate()
16:01:59.0 (16746174)|VARIABLE_SCOPE_BEGIN|[37]|this|opportunityTriggerHandler|true|false
16:01:59.0 (16766170)|VARIABLE_ASSIGNMENT|[37]|this|{"context":"0x503c103f","isTriggerExecuting":true}|0x7f0ae11
16:01:59.0 (16771299)|STATEMENT_EXECUTE|[37]
16:01:59.0 (16772456)|STATEMENT_EXECUTE|[38]
16:01:59.0 (16976298)|HEAP_ALLOCATE|[38]|Bytes:20
16:01:59.0 (17000335)|SYSTEM_METHOD_ENTRY|[38]|System.debug(APEX_OBJECT, ANY)
16:01:59.0 (17024781)|USER_DEBUG|[38]|ERROR|*** BEFORE UPDATE **
16:01:59.0 (17043755)|SYSTEM_METHOD_EXIT|[38]|System.debug(APEX_OBJECT, ANY)
16:01:59.0 (17048450)|STATEMENT_EXECUTE|[39]
16:01:59.0 (17060064)|METHOD_ENTRY|[39]|01pO0000000371i|opportunityTriggerHandler.determineGate()
16:01:59.0 (17082050)|VARIABLE_SCOPE_BEGIN|[146]|this|opportunityTriggerHandler|true|false
16:01:59.0 (17101734)|VARIABLE_ASSIGNMENT|[146]|this|{"context":"0x503c103f","isTriggerExecuting":true}|0x7f0ae11
16:01:59.0 (17106595)|STATEMENT_EXECUTE|[146]
16:01:59.0 (17112268)|STATEMENT_EXECUTE|[147]
16:01:59.0 (17230653)|SYSTEM_METHOD_ENTRY|[148]|List<Opportunity>.iterator()
16:01:59.0 (17382750)|SYSTEM_METHOD_EXIT|[148]|List<Opportunity>.iterator()
16:01:59.0 (17405081)|SYSTEM_METHOD_ENTRY|[148]|system.ListIterator.hasNext()
16:01:59.0 (17414789)|HEAP_ALLOCATE|[148]|Bytes:5
16:01:59.0 (17422839)|SYSTEM_METHOD_EXIT|[148]|system.ListIterator.hasNext()
16:01:59.0 (17460320)|HEAP_ALLOCATE|[148]|Bytes:4
16:01:59.0 (17472191)|VARIABLE_SCOPE_BEGIN|[148]|opp|Opportunity|true|false
16:01:59.0 (44740204)|VARIABLE_ASSIGNMENT|[148]|opp|{"LastModifiedDate":"2017-03-28T05:00:44.000Z","Regional_Business__c":"a0BO000000F4DiNMAV","TSF_Gate_Status__c":"Not Started","Contract_Risk__c":"Client-side risk: Co (21 more) ...","CloseDate":"2017-03-28T00:00:00.000Z","HasOpenActivity":false,"Budget_Confirmed__c":false,"Overall_Prospect_Val (5 more) ...":100000,"Less_Cost_Recoveries (10 more) ...":0,"District__c":"Northern Melbourne","Value_of_Managed_Wor (5 more) ...":1000000,"State__c":"Victoria","D_I_Involvement__c":false,"IsDeleted":false,"Non_Binding_Proposal (12 more) ...":false,"Net_Budget_Post_Tend (5 more) ...":0,"Parent_Company_Guara (11 more) ...":" ","Detailed_Description (3 more) ...":"test","ROI_Analysis_Complet (5 more) ...":false,"PPP_or_Third_Party_F (16 more) ...":false,"Executive_Summary__c":"Test","CRA_Gate_Status__c":"Not Started","Tender_Dates_Header_ (2 more) ...":" ","Less_Cost_Recoveries (10 more) ...":0,"Is_internal_BG_colla (11 more) ...":false,"Prospect_Status__c":"Tender in Preparatio (1 more) ...","Id":"006O0000008l3bOIAQ","Proposed_Margin_on_R (9 more) ...":10,"Client_Drivers__c":"test","IsClosed":false,"Delivery_End_Date__c":"2019-03-28T00:00:00.000Z","OwnerId":"005O0000003t7anIAA","Prospect_Duration_Yr (4 more) ...":2.0,"Reason_For_Performin (9 more) ...":"test","RecordTypeId":"012O0000000DD8PIAW","Key_Account_Manager_ (2 more) ...":"System Partners","Country__c":"Australia","Total_Budget_AUD__c":0,"StageName":"Gate 3","Amount":100000.00,"Probability":60,"Sponsor_Details_Head (5 more) ...":" ","Independent_Credit_C (16 more) ...":false,"SystemModstamp":"2017-03-28T05:00:44.000Z","Total_Less_Recoverie (4 more) ...":0,"AccountId":"001O0000017RQomIAG","HasOpportunityLineIt (2 more) ...":false,"Prospect_Number__c":"PRS-0000053","ForecastCategory":"Pipeline","Net_Budget_EOI_PQ__c":0,"Client_Relationship_ (13 more) ...":"test","Number_of_PRA_Critic (19 more) ...":1,"Name":"RL Test Opp 2017-03- (11 more) ...","Prospect_Priority__c":"1","CreatedById":"005O0000003t7anIAA","Winning_Strategy_Hea (6 more) ...":" ","Tender_Close_Date__c":"2017-03-28T00:00:00.000Z","JH_Margin_Value__c":0,"Defect_Liability_Dur (15 more) ...":12,"Sync_Date_Fields__c":false,"Is_this_project_a_JV (15 more) ...":false,"Project_Duration_Mon (6 more) ...":24,"Delivery_End_Defect_ (21 more) ...":"2020-03-27T00:00:00.000Z","Is_Gate_1_To_3__c":true,"Bonding_Security_Hea (6 more) ...":" ","Net_Budget_Tender__c":0,"CreatedDate":"2017-03-28T04:46:37.000Z","HasOverdueTask":false,"Discovery_Completed_ (2 more) ...":false,"Data_Quality_Score__ (1 more) ...":40,"Project_Probability_ (2 more) ...":10,"ForecastCategoryName":"Pipeline","Client_Probity__c":false,"Total_Budget_EOI_PQ_ (2 more) ...":0,"Managing_Contractor_ (12 more) ...":false,"Business_Group__c":"a0BO000000F4Di8MAF","Prospect_Location_He (8 more) ...":" ","Anticipated_Revenue_ (13 more) ...":"2017-03-28T00:00:00.000Z","Is_Gate_4_To_5__c":false,"Data_Quality_Descrip (7 more) ...":"Missing: Type, Lead  (18 more) ...","ExpectedRevenue":60000.00,"Net_Budget_Amount__c":0,"IsWon":false,"Location__c":", Victoria, Australi (1 more) ...","D_I_Involvement_Text (3 more) ...":"No","Less_Cost_Recoveries (15 more) ...":0,"Request_For_Special_ (22 more) ...":false,"Conga_Other_Heading_ (8 more) ...":"Other:","Apply_Default_Bondin (4 more) ...":false,"Gate_Status__c":"Not Applicable","Win_Probability__c":10,"D_I_Involvement_Guid (12 more) ...":"This box should be c (183 more) ...","Total_Budget_Tender_ (2 more) ...":0,"Total_Budget_Post_Te (7 more) ...":0,"Restrict_Access__c":false,"Tender_Start_Date__c":"2017-03-28T00:00:00.000Z","IsPrivate":false,"LastModifiedById":"005O0000003t7anIAA","Is_internal_Regional (21 more) ...":false}|0xe1f4a60
16:01:59.0 (44769001)|STATEMENT_EXECUTE|[148]
16:01:59.0 (44771237)|STATEMENT_EXECUTE|[149]
16:01:59.0 (44933002)|SYSTEM_METHOD_ENTRY|[149]|Map<Id,Opportunity>.get(Object)
16:01:59.0 (44969769)|SYSTEM_METHOD_EXIT|[149]|Map<Id,Opportunity>.get(Object)
16:01:59.0 (44991840)|VARIABLE_SCOPE_BEGIN|[149]|oldOpp|Opportunity|true|false
16:01:59.0 (48631149)|VARIABLE_ASSIGNMENT|[149]|oldOpp|{"LastModifiedDate":"2017-03-28T05:00:44.000Z","Regional_Business__c":"a0BO000000F4DiNMAV","TSF_Gate_Status__c":"Not Started","Contract_Risk__c":"Client-side risk: Co (21 more) ...","CloseDate":"2017-03-28T00:00:00.000Z","HasOpenActivity":false,"Budget_Confirmed__c":false,"Overall_Prospect_Val (5 more) ...":100000,"Less_Cost_Recoveries (10 more) ...":0,"District__c":"Northern Melbourne","Value_of_Managed_Wor (5 more) ...":1000000,"State__c":"Victoria","D_I_Involvement__c":false,"IsDeleted":false,"Non_Binding_Proposal (12 more) ...":false,"Net_Budget_Post_Tend (5 more) ...":0,"Parent_Company_Guara (11 more) ...":" ","Detailed_Description (3 more) ...":"test","ROI_Analysis_Complet (5 more) ...":false,"PPP_or_Third_Party_F (16 more) ...":false,"Executive_Summary__c":"Test","CRA_Gate_Status__c":"Not Started","Tender_Dates_Header_ (2 more) ...":" ","Less_Cost_Recoveries (10 more) ...":0,"Is_internal_BG_colla (11 more) ...":false,"Prospect_Status__c":"Tender in Preparatio (1 more) ...","Id":"006O0000008l3bOIAQ","Proposed_Margin_on_R (9 more) ...":10,"Client_Drivers__c":"test","IsClosed":false,"Delivery_End_Date__c":"2019-03-28T00:00:00.000Z","OwnerId":"005O0000003t7anIAA","Prospect_Duration_Yr (4 more) ...":2.0,"Reason_For_Performin (9 more) ...":"test","RecordTypeId":"012O0000000DD8PIAW","Key_Account_Manager_ (2 more) ...":"System Partners","Country__c":"Australia","Total_Budget_AUD__c":0,"StageName":"Gate 4","Amount":100000.00,"Probability":80,"Sponsor_Details_Head (5 more) ...":" ","Independent_Credit_C (16 more) ...":false,"SystemModstamp":"2017-03-28T05:00:44.000Z","Total_Less_Recoverie (4 more) ...":0,"AccountId":"001O0000017RQomIAG","HasOpportunityLineIt (2 more) ...":false,"Prospect_Number__c":"PRS-0000053","ForecastCategory":"Pipeline","Net_Budget_EOI_PQ__c":0,"Client_Relationship_ (13 more) ...":"test","Number_of_PRA_Critic (19 more) ...":1,"Name":"RL Test Opp 2017-03- (11 more) ...","Prospect_Priority__c":"1","CreatedById":"005O0000003t7anIAA","Winning_Strategy_Hea (6 more) ...":" ","Tender_Close_Date__c":"2017-03-28T00:00:00.000Z","JH_Margin_Value__c":0,"Defect_Liability_Dur (15 more) ...":12,"Sync_Date_Fields__c":false,"Is_this_project_a_JV (15 more) ...":false,"Project_Duration_Mon (6 more) ...":24,"Delivery_End_Defect_ (21 more) ...":"2020-03-27T00:00:00.000Z","Is_Gate_1_To_3__c":false,"Bonding_Security_Hea (6 more) ...":" ","Net_Budget_Tender__c":0,"CreatedDate":"2017-03-28T04:46:37.000Z","HasOverdueTask":false,"Discovery_Completed_ (2 more) ...":false,"Data_Quality_Score__ (1 more) ...":40,"Project_Probability_ (2 more) ...":10,"ForecastCategoryName":"Pipeline","Client_Probity__c":false,"Total_Budget_EOI_PQ_ (2 more) ...":0,"Managing_Contractor_ (12 more) ...":false,"Business_Group__c":"a0BO000000F4Di8MAF","Prospect_Location_He (8 more) ...":" ","Anticipated_Revenue_ (13 more) ...":"2017-03-28T00:00:00.000Z","Is_Gate_4_To_5__c":true,"Data_Quality_Descrip (7 more) ...":"Missing: Type, Lead  (18 more) ...","ExpectedRevenue":60000.00,"Net_Budget_Amount__c":0,"IsWon":false,"Location__c":", Victoria, Australi (1 more) ...","D_I_Involvement_Text (3 more) ...":"No","Less_Cost_Recoveries (15 more) ...":0,"Request_For_Special_ (22 more) ...":false,"Conga_Other_Heading_ (8 more) ...":"Other:","Apply_Default_Bondin (4 more) ...":false,"Gate_Status__c":"Not Applicable","Win_Probability__c":10,"D_I_Involvement_Guid (12 more) ...":"This box should be c (183 more) ...","Total_Budget_Tender_ (2 more) ...":0,"Total_Budget_Post_Te (7 more) ...":0,"Restrict_Access__c":false,"Tender_Start_Date__c":"2017-03-28T00:00:00.000Z","IsPrivate":false,"LastModifiedById":"005O0000003t7anIAA","Is_internal_Regional (21 more) ...":false}|0x23d4bf86
16:01:59.0 (48649253)|STATEMENT_EXECUTE|[151]
16:01:59.0 (48663913)|HEAP_ALLOCATE|[151]|Bytes:29
16:01:59.0 (48696363)|SYSTEM_METHOD_ENTRY|[151]|String.valueOf(Object)
16:01:59.0 (50805192)|HEAP_ALLOCATE|[151]|Bytes:5972
16:01:59.0 (50828709)|SYSTEM_METHOD_EXIT|[151]|String.valueOf(Object)
16:01:59.0 (50848641)|HEAP_ALLOCATE|[151]|Bytes:6001
16:01:59.0 (50870495)|SYSTEM_METHOD_ENTRY|[151]|System.debug(APEX_OBJECT, ANY)
16:01:59.0 (50887998)|USER_DEBUG|[151]|ERROR|*** TEST Determine Gate opp: Opportunity:{Id=006O0000008l3bOIAQ, IsDeleted=false, AccountId=001O0000017RQomIAG, RecordTypeId=012O0000000DD8PIAW, IsPrivate=false, Name=RL Test Opp 2017-03-28 15:46:37, Description=null, StageName=Gate 3, Amount=100000.00, Probability=60, ExpectedRevenue=60000.00, TotalOpportunityQuantity=null, CloseDate=2017-03-28 00:00:00, Type=null, NextStep=null, LeadSource=null, IsClosed=false, IsWon=false, ForecastCategory=Pipeline, ForecastCategoryName=Pipeline, CampaignId=null, HasOpportunityLineItem=false, Pricebook2Id=null, OwnerId=005O0000003t7anIAA, CreatedDate=2017-03-28 04:46:37, CreatedById=005O0000003t7anIAA, LastModifiedDate=2017-03-28 05:00:44, LastModifiedById=005O0000003t7anIAA, SystemModstamp=2017-03-28 05:00:44, LastActivityDate=null, FiscalYear=null, FiscalQuarter=null, LastViewedDate=null, LastReferencedDate=null, SyncedQuoteId=null, ContractId=null, HasOpenActivity=false, HasOverdueTask=false, Budget_Confirmed__c=false, Discovery_Completed__c=false, ROI_Analysis_Completed__c=false, Loss_Reason__c=null, Business_Group__c=a0BO000000F4Di8MAF, Data_Quality_Description__c=Missing: Type, Lead Source, Next Steps, Data_Quality_Score__c=40, EOI_Tender_Date__c=null, Prospect_Code__c=null, Prospect_Manager__c=null, Regional_Business__c=a0BO000000F4DiNMAV, CANDY_Tender_Number__c=null, Also_Known_As__c=null, Prospect_Priority__c=1, Prospect_Number__c=PRS-0000053, Win_Probability__c=10, Project_Probability__c=10, Project_Duration_Months__c=24, Scope__c=null, Payment_Mechanism__c=null, Discipline__c=null, D_I_Involvement__c=false, D_I_Involvement_Guidance_Note__c=This box should be checked if JH D&I are directly involved in providing financial advice, direction or lead of SPV for the prospect. It should not be checked if there is no D&I requirement to be involved, Client_Probity__c=false, Restrict_Access__c=false, Prospect_Status__c=Tender in Preparation, Industry_Sector_GM__c=null, Project_Development_Manager__c=null, Detailed_Description__c=test, Non_Binding_Proposal_Required__c=false, EOI_PQ_Start_Date__c=null, EOI_PQ_Close_Date__c=null, Announcement_of_Pre_Qualified_Bidders__c=null, Strategy_Bid_Development_Meeting_Date__c=null, Tender_Start_Date__c=2017-03-28 00:00:00, Tender_Close_Date__c=2017-03-28 00:00:00, Anticipated_Revenue_Start_Date__c=2017-03-28 00:00:00, Interim_Review__c=null, Preliminary_Final_Review__c=null, Final_Tender_Review__c=null, Tender_Collaboration_Pack_Aconex_DB_URL__c=null, Country__c=Australia, State__c=Victoria, Nearest_City__c=null, District__c=Northern Melbourne, Reason_For_Performing_Work__c=test, Client_Drivers__c=test, Relationship__c=null, Client_Relationship_Management__c=test, Financial_Viability_Exposure__c=null, Independent_Credit_Check_Required__c=false, Client_Supplied_Materials__c=null, Value_of_Managed_Works__c=1000000, Overall_Prospect_Value__c=100000, Managing_Contractor_Time_Risk__c=false, Proposed_Margin_on_Revenue__c=10, PPP_or_Third_Party_Funded_Project__c=false, Payment_Variation_Terms__c=null, Finance_Prospect_Comments__c=null, Defect_Liability_Duration_Months__c=12, Minimum_Credit_Rating_Required__c=null, Request_For_Special_Wording_In_The_Bond__c=false, A_PCG_Is_Required_From__c=null, PCG_Comments__c=null, Proposed_FA__c=null, Funding_Strategy__c=null, Target_Gearing_Ratio__c=null, Total_Indicative__c=null, JH_Target_Equity__c=null, JH_Target_Equity_Amount__c=null, Timing_for_Contribution__c=null, Equity_Residual_Risk__c=null, Target_IRR_and_or_D_I_Revenues__c=null, Intended_Exit_Strategy__c=null, JH_Accounting_Tax_Considerations__c=null, Relationship_Agreements__c=null, Is_this_project_a_JV_or_Alliance__c=false, Proposed_form_of_Relationship__c=null, Is_internal_BG_collaboration__c=false, Major_Risks__c=null, Nature_of_technology_design_proposed__c=null, Intentions_to_Resource_Project_Team__c=null, Is_internal_Regional_Bus_collaboration__c=false, Contract_Risk__c=Client-side risk: Construction Management, Client_Relationship_Manager__c=null, Other_Custom_Heading__c=null, Business_Development_Manager__c=null, Procurement_Process__c=null, Alignment_with_Business_Plan__c=null, Competitor_Analysis_General_Comments__c=null, Intentions_to_Resource_Bid_Team__c=null, Conversion_Budget_Comments__c=null, Specific_KCRA_Approvals_Comments__c=null, Design__c=null, Cost__c=null, Time__c=null, Relationships__c=null, People__c=null, Technology__c=null, Methodology__c=null, Innovation__c=null, Other__c=null, Key_Points__c=null, Alignment_with_Core_Competencies__c=null, Executive_Summary__c=Test, Prospect_Location_Heading__c= , Parent_Company_Guarantee_PCG__c= , Winning_Strategy_Header__c= , Bonding_Security_Header__c= , Sponsor_Details_Header__c= , Tender_Dates_Header__c= , JH_Revenue_Share__c=null, JH_Margin_Value__c=0, Total_Budget_EOI_PQ__c=0, Total_Budget_Tender__c=0, Total_Budget_Post_Tender__c=0, Less_Cost_Recoveries_EOI_PQ__c=0, Less_Cost_Recoveries_Tender__c=0, Less_Cost_Recoveries_Post_Tender__c=0, Total_Budget_AUD__c=0, Total_Less_Recoveries__c=0, Net_Budget_Amount__c=0, Net_Budget_EOI_PQ__c=0, Net_Budget_Tender__c=0, Net_Budget_Post_Tender__c=0, JH_Bid_Cost_of_JH_Revenue__c=null, Location__c=, Victoria, Australia, Delivery_End_Date__c=2019-03-28 00:00:00, Prospect_Duration_Yrs__c=2.0, Conga_Other_Heading_Field__c=Other:, Apply_Default_Bonding__c=false, Notes_Doc_ID__c=null, Delivery_End_Defect_Liability_Duration__c=2020-03-27 00:00:00, EOI_PQ_Submitted_Date__c=null, Tender_Submitted_Date__c=null, Count_of_EOI_Lessons_Learnt_Reports__c=null, Count_of_Tender_Lessons_Learnt_Reports__c=null, Gate_Status__c=Not Applicable, TSF_Gate_Status__c=Not Started, CRA_Gate_Status__c=Not Started, Number_of_PRA_Critical_Items_Rated_3__c=1, Are_there_any_critical_risks__c=null, Has_TSF_changed_since_last_approval__c=null, Has_CRA_changed_since_last_approval__c=null, Sync_Date_Fields__c=false, Is_Gate_1_To_3__c=true, Is_Gate_4_To_5__c=false, D_I_Involvement_Text__c=No, Reason_for_Status__c=null, Key_Account_Manager__c=System Partners}
16:01:59.0 (50916228)|SYSTEM_METHOD_EXIT|[151]|System.debug(APEX_OBJECT, ANY)
16:01:59.0 (50920227)|STATEMENT_EXECUTE|[152]
16:01:59.0 (50927433)|HEAP_ALLOCATE|[152]|Bytes:39
16:01:59.0 (50958764)|HEAP_ALLOCATE|[152]|Bytes:45
16:01:59.0 (50972236)|SYSTEM_METHOD_ENTRY|[152]|System.debug(APEX_OBJECT, ANY)
16:01:59.0 (50990419)|USER_DEBUG|[152]|ERROR|*** TEST Determine Gate OLD opp Stage: Gate 4
16:01:59.0 (50996336)|SYSTEM_METHOD_EXIT|[152]|System.debug(APEX_OBJECT, ANY)
16:01:59.0 (51000103)|STATEMENT_EXECUTE|[153]
16:01:59.0 (51006816)|HEAP_ALLOCATE|[153]|Bytes:35
16:01:59.0 (51018066)|HEAP_ALLOCATE|[153]|Bytes:41
16:01:59.0 (51027871)|SYSTEM_METHOD_ENTRY|[153]|System.debug(APEX_OBJECT, ANY)
16:01:59.0 (51040631)|USER_DEBUG|[153]|ERROR|*** TEST Determine Gate opp Stage: Gate 3
16:01:59.0 (51045741)|SYSTEM_METHOD_EXIT|[153]|System.debug(APEX_OBJECT, ANY)
16:01:59.0 (51048912)|STATEMENT_EXECUTE|[154]
16:01:59.0 (51054248)|HEAP_ALLOCATE|[154]|Bytes:44
16:01:59.0 (51080267)|HEAP_ALLOCATE|[154]|Bytes:58
16:01:59.0 (51091707)|SYSTEM_METHOD_ENTRY|[154]|System.debug(APEX_OBJECT, ANY)
16:01:59.0 (51106450)|USER_DEBUG|[154]|ERROR|*** TEST Determine Gate OLD oppGate Status: Not Applicable
16:01:59.0 (51111623)|SYSTEM_METHOD_EXIT|[154]|System.debug(APEX_OBJECT, ANY)
16:01:59.0 (51114908)|STATEMENT_EXECUTE|[155]
16:01:59.0 (51120160)|HEAP_ALLOCATE|[155]|Bytes:40
16:01:59.0 (51130242)|HEAP_ALLOCATE|[155]|Bytes:54
16:01:59.0 (51139282)|SYSTEM_METHOD_ENTRY|[155]|System.debug(APEX_OBJECT, ANY)
16:01:59.0 (51151031)|USER_DEBUG|[155]|ERROR|*** TEST Determine Gate oppGate Status: Not Applicable
16:01:59.0 (51156005)|SYSTEM_METHOD_EXIT|[155]|System.debug(APEX_OBJECT, ANY)
16:01:59.0 (51199042)|HEAP_ALLOCATE|[160]|Bytes:6
16:01:59.0 (51217198)|STATEMENT_EXECUTE|[160]
16:01:59.0 (51218902)|STATEMENT_EXECUTE|[161]
16:01:59.0 (51222133)|HEAP_ALLOCATE|[161]|Bytes:86
16:01:59.0 (51252041)|SYSTEM_METHOD_ENTRY|[161]|SObject.addError(String, String)
16:01:59.0 (51282881)|SYSTEM_METHOD_EXIT|[161]|SObject.addError(String, String)
16:01:59.0 (51287144)|STATEMENT_EXECUTE|[162]
16:01:59.0 (51299513)|SYSTEM_METHOD_ENTRY|[148]|system.ListIterator.hasNext()
16:01:59.0 (51311282)|HEAP_ALLOCATE|[148]|Bytes:5
16:01:59.0 (51318733)|SYSTEM_METHOD_EXIT|[148]|system.ListIterator.hasNext()
16:01:59.0 (51330127)|VARIABLE_ASSIGNMENT|[148]|opp|null|
16:01:59.0 (51333711)|STATEMENT_EXECUTE|[241]
16:01:59.0 (51340493)|HEAP_ALLOCATE|[241]|Bytes:5
16:01:59.0 (51357589)|VARIABLE_ASSIGNMENT|[241]|opportunityTriggerHandler.recursion|true
16:01:59.0 (51366278)|METHOD_EXIT|[39]|01pO0000000371i|opportunityTriggerHandler.determineGate()
16:01:59.0 (51373493)|METHOD_EXIT|[41]|01pO0000000371i|opportunityTriggerHandler.beforeUpdate()
16:01:59.0 (51379011)|METHOD_EXIT|[4]|01pO00000003AAn|TriggerHandler.run()
16:01:59.51 (51388697)|CUMULATIVE_LIMIT_USAGE
16:01:59.51 (51388697)|LIMIT_USAGE_FOR_NS|(default)|
  Number of SOQL queries: 0 out of 100
  Number of query rows: 0 out of 50000
  Number of SOSL queries: 0 out of 20
  Number of DML statements: 0 out of 150
  Number of DML rows: 0 out of 10000
  Maximum CPU time: 0 out of 10000
  Maximum heap size: 0 out of 6000000
  Number of callouts: 0 out of 100
  Number of Email Invocations: 0 out of 10
  Number of future calls: 0 out of 50
  Number of queueable jobs added to the queue: 0 out of 50
  Number of Mobile Apex push calls: 0 out of 10

16:01:59.51 (51388697)|TOTAL_EMAIL_RECIPIENTS_QUEUED|0
16:01:59.51 (51388697)|STATIC_VARIABLE_LIST|
  long:serialVersionUID:0
  String:_sfdcAdditionalCodeLocations:0
  double:MAX_VALUE:0
  long:serialVersionUID:0
  String:_sfdcAdditionalCodeLocations:0
  String:_static_PRATemplateRecordTypeID:0
  Boolean:_static_runOnce:0
  int:SIZE:0
  TriggerHandler.TriggerContext:BEFORE_INSERT:0
  int:MAX_VALUE:0
  TriggerHandler.TriggerContext:AFTER_UNDELETE:0
  Boolean:_static_recursion:0
  int:MIN_VALUE:0
  char[]:DigitOnes:0
  String:_static_KCRATemplateRecordTypeID:0
  int:MIN_EXPONENT:0
  String:_sfdcSuppressedCodeLocations:0
  int:MAX_EXPONENT:0
  String:_static_PRARecordTypeID:0
  int:BYTES:0
  char[]:DigitTens:0
  long:serialVersionUID:0
  String:_sfdcAdditionalCodeLocations:0
  Boolean:FALSE:0
  double:MIN_VALUE:0
  double:NEGATIVE_INFINITY:0
  char[]:digits:0
  double:NaN:0
  Boolean:TRUE:0
  TriggerHandler.TriggerContext:AFTER_INSERT:0
  Boolean:_static_isTest:0
  TriggerHandler.TriggerContext:AFTER_DELETE:0
  TriggerHandler.TriggerContext:AFTER_UPDATE:0
  String:__sfdcInnerTypes:0
  int:BYTES:0
  Map<String,TriggerHandler.LoopCount>:_static_loopCountMap:0
  Set<String>:_static_bypassedHandlers:0
  int[]:sizeTable:0
  TriggerHandler.TriggerContext:BEFORE_DELETE:0
  TriggerHandler.TriggerContext:BEFORE_UPDATE:0
  int:SIZE:0
  double:POSITIVE_INFINITY:0
  double:MIN_NORMAL:0
  String:_static_KCRARecordTypeID:0

16:01:59.51 (51388697)|CUMULATIVE_LIMIT_USAGE_END

16:01:59.0 (52878570)|CODE_UNIT_FINISHED|opportunityTrigger on Opportunity trigger event BeforeUpdate for [006O0000008l3bO]
16:01:59.0 (63997112)|CODE_UNIT_FINISHED|TRIGGERS
16:01:59.0 (64003771)|EXECUTION_FINISHED
16:01:59.67 (67955658)|CUMULATIVE_PROFILING_BEGIN
16:01:59.67 (67955658)|CUMULATIVE_PROFILING|No profiling information for SOQL operations
16:01:59.67 (67955658)|CUMULATIVE_PROFILING|No profiling information for SOSL operations
16:01:59.67 (67955658)|CUMULATIVE_PROFILING|No profiling information for DML operations
16:01:59.67 (67955658)|CUMULATIVE_PROFILING|method invocations|
External entry point: public void invoke(): executed 1 time in 49 ms
Trigger.opportunityTrigger: line 4, column 1: public opportunityTriggerHandler(): executed 2 times in 37 ms
Class.TriggerHandler.run: line 41, column 1: public void beforeUpdate(): executed 1 time in 35 ms
Class.opportunityTriggerHandler.beforeUpdate: line 39, column 1: private void determineGate(): executed 1 time in 34 ms
Class.opportunityTriggerHandler.determineGate: line 151, column 1: public static String valueOf(Object): executed 2 times in 3 ms
Class.TriggerHandler.run: line 33, column 1: private Boolean validateRun(): executed 1 time in 1 ms
Class.opportunityTriggerHandler: line 15, column 1: global Schema.DescribeSObjectResult getDescribe(): executed 2 times in 1 ms
Class.opportunityTriggerHandler: line 17, column 1: global Schema.DescribeSObjectResult getDescribe(): executed 2 times in 1 ms
Class.TriggerHandler: line 18, column 1: public Set<String>(Integer): executed 1 time in 0 ms
Class.TriggerHandler.run: line 35, column 1: private void addToLoopCount(): executed 1 time in 0 ms
Class.TriggerHandler.validateRun: line 150, column 1: private String getHandlerName(): executed 2 times in 0 ms

16:01:59.67 (67955658)|CUMULATIVE_PROFILING_END
