37.0 APEX_CODE,FINEST;APEX_PROFILING,FINEST;CALLOUT,INFO;DB,INFO;SYSTEM,DEBUG;VALIDATION,INFO;VISUALFORCE,INFO;WAVE,INFO;WORKFLOW,INFO
14:48:49.18 (18505678)|ENTERING_MANAGED_PKG|dlrs
14:48:49.18 (30749805)|ENTERING_MANAGED_PKG|dlrs
14:48:49.18 (30807695)|ENTERING_MANAGED_PKG|dlrs
14:48:49.18 (30836265)|ENTERING_MANAGED_PKG|dlrs
14:48:49.18 (30873776)|ENTERING_MANAGED_PKG|dlrs
14:48:49.18 (30919145)|ENTERING_MANAGED_PKG|dlrs
14:48:49.18 (30970091)|ENTERING_MANAGED_PKG|dlrs
14:48:49.18 (31129772)|ENTERING_MANAGED_PKG|dlrs
14:48:49.18 (31161396)|ENTERING_MANAGED_PKG|dlrs
14:48:49.18 (34638377)|ENTERING_MANAGED_PKG|dlrs
14:48:49.18 (34702997)|ENTERING_MANAGED_PKG|dlrs
14:48:49.18 (35502667)|ENTERING_MANAGED_PKG|dlrs
14:48:49.18 (35554862)|ENTERING_MANAGED_PKG|dlrs
14:48:49.18 (35655154)|ENTERING_MANAGED_PKG|dlrs
14:48:49.18 (35712538)|ENTERING_MANAGED_PKG|dlrs
14:48:49.18 (35909954)|ENTERING_MANAGED_PKG|dlrs
14:48:49.18 (35987273)|ENTERING_MANAGED_PKG|dlrs
14:48:49.18 (36022733)|ENTERING_MANAGED_PKG|dlrs
14:48:49.18 (38177280)|ENTERING_MANAGED_PKG|dlrs
14:48:49.18 (38218272)|ENTERING_MANAGED_PKG|dlrs
14:48:49.18 (38863896)|ENTERING_MANAGED_PKG|dlrs
14:48:49.18 (38922010)|ENTERING_MANAGED_PKG|dlrs
14:48:49.18 (39946303)|ENTERING_MANAGED_PKG|dlrs
14:48:49.18 (40156709)|ENTERING_MANAGED_PKG|dlrs
14:48:49.18 (40330064)|ENTERING_MANAGED_PKG|dlrs
14:48:49.18 (40443736)|ENTERING_MANAGED_PKG|dlrs
14:48:49.18 (40697417)|ENTERING_MANAGED_PKG|dlrs
14:48:49.18 (40772949)|ENTERING_MANAGED_PKG|dlrs
14:48:49.18 (40874743)|ENTERING_MANAGED_PKG|dlrs
14:48:49.18 (41002021)|ENTERING_MANAGED_PKG|dlrs
14:48:49.18 (41070699)|ENTERING_MANAGED_PKG|dlrs
14:48:49.18 (41171079)|ENTERING_MANAGED_PKG|dlrs
14:48:49.18 (41265904)|ENTERING_MANAGED_PKG|dlrs
14:48:49.18 (41389387)|ENTERING_MANAGED_PKG|dlrs
14:48:49.18 (41462143)|ENTERING_MANAGED_PKG|dlrs
14:48:49.18 (41558962)|ENTERING_MANAGED_PKG|dlrs
14:48:49.18 (41656961)|ENTERING_MANAGED_PKG|dlrs
14:48:49.18 (41748863)|ENTERING_MANAGED_PKG|dlrs
14:48:49.18 (41871262)|ENTERING_MANAGED_PKG|dlrs
14:48:49.18 (41937373)|ENTERING_MANAGED_PKG|dlrs
14:48:49.18 (42037024)|ENTERING_MANAGED_PKG|dlrs
14:48:49.18 (42130727)|ENTERING_MANAGED_PKG|dlrs
14:48:49.18 (42228374)|ENTERING_MANAGED_PKG|dlrs
14:48:49.18 (42320591)|ENTERING_MANAGED_PKG|dlrs
14:48:49.18 (42447075)|ENTERING_MANAGED_PKG|dlrs
14:48:49.18 (42513852)|ENTERING_MANAGED_PKG|dlrs
14:48:49.18 (42610231)|ENTERING_MANAGED_PKG|dlrs
14:48:49.18 (42701646)|ENTERING_MANAGED_PKG|dlrs
14:48:49.18 (42793294)|ENTERING_MANAGED_PKG|dlrs
14:48:49.18 (42885507)|ENTERING_MANAGED_PKG|dlrs
14:48:49.18 (42977503)|ENTERING_MANAGED_PKG|dlrs
14:48:49.18 (43095731)|ENTERING_MANAGED_PKG|dlrs
14:48:49.18 (43165687)|ENTERING_MANAGED_PKG|dlrs
14:48:49.18 (43262025)|ENTERING_MANAGED_PKG|dlrs
14:48:49.18 (43354415)|ENTERING_MANAGED_PKG|dlrs
14:48:49.18 (43456688)|ENTERING_MANAGED_PKG|dlrs
14:48:49.18 (43549644)|ENTERING_MANAGED_PKG|dlrs
14:48:49.18 (43641919)|ENTERING_MANAGED_PKG|dlrs
14:48:49.18 (43733525)|ENTERING_MANAGED_PKG|dlrs
14:48:49.18 (43850643)|ENTERING_MANAGED_PKG|dlrs
14:48:49.18 (43916602)|ENTERING_MANAGED_PKG|dlrs
14:48:49.18 (44017083)|ENTERING_MANAGED_PKG|dlrs
14:48:49.18 (44109928)|ENTERING_MANAGED_PKG|dlrs
14:48:49.18 (44202942)|ENTERING_MANAGED_PKG|dlrs
14:48:49.18 (44297099)|ENTERING_MANAGED_PKG|dlrs
14:48:49.18 (44390961)|ENTERING_MANAGED_PKG|dlrs
14:48:49.18 (44493023)|ENTERING_MANAGED_PKG|dlrs
14:48:49.18 (44590324)|ENTERING_MANAGED_PKG|dlrs
14:48:49.18 (44709013)|ENTERING_MANAGED_PKG|dlrs
14:48:49.18 (44779814)|ENTERING_MANAGED_PKG|dlrs
14:48:49.18 (44875508)|ENTERING_MANAGED_PKG|dlrs
14:48:49.18 (44973099)|ENTERING_MANAGED_PKG|dlrs
14:48:49.18 (45064944)|ENTERING_MANAGED_PKG|dlrs
14:48:49.18 (45161917)|ENTERING_MANAGED_PKG|dlrs
14:48:49.18 (45253522)|ENTERING_MANAGED_PKG|dlrs
14:48:49.18 (45344496)|ENTERING_MANAGED_PKG|dlrs
14:48:49.18 (45443359)|ENTERING_MANAGED_PKG|dlrs
14:48:49.18 (45536578)|ENTERING_MANAGED_PKG|dlrs
14:48:49.18 (45655119)|ENTERING_MANAGED_PKG|dlrs
14:48:49.18 (45720889)|ENTERING_MANAGED_PKG|dlrs
14:48:49.18 (45816033)|ENTERING_MANAGED_PKG|dlrs
14:48:49.18 (45908094)|ENTERING_MANAGED_PKG|dlrs
14:48:49.18 (45999520)|ENTERING_MANAGED_PKG|dlrs
14:48:49.18 (46091416)|ENTERING_MANAGED_PKG|dlrs
14:48:49.18 (46184338)|ENTERING_MANAGED_PKG|dlrs
14:48:49.18 (46275819)|ENTERING_MANAGED_PKG|dlrs
14:48:49.18 (46367180)|ENTERING_MANAGED_PKG|dlrs
14:48:49.18 (46463537)|ENTERING_MANAGED_PKG|dlrs
14:48:49.18 (46555062)|ENTERING_MANAGED_PKG|dlrs
14:48:49.18 (46672855)|ENTERING_MANAGED_PKG|dlrs
14:48:49.18 (46738601)|ENTERING_MANAGED_PKG|dlrs
14:48:49.18 (46834327)|ENTERING_MANAGED_PKG|dlrs
14:48:49.18 (46925648)|ENTERING_MANAGED_PKG|dlrs
14:48:49.18 (47015914)|ENTERING_MANAGED_PKG|dlrs
14:48:49.18 (47112913)|ENTERING_MANAGED_PKG|dlrs
14:48:49.18 (47206453)|ENTERING_MANAGED_PKG|dlrs
14:48:49.18 (47298078)|ENTERING_MANAGED_PKG|dlrs
14:48:49.18 (47389005)|ENTERING_MANAGED_PKG|dlrs
14:48:49.18 (47489296)|ENTERING_MANAGED_PKG|dlrs
14:48:49.18 (47581564)|ENTERING_MANAGED_PKG|dlrs
14:48:49.18 (47672544)|ENTERING_MANAGED_PKG|dlrs
14:48:49.18 (47790251)|ENTERING_MANAGED_PKG|dlrs
14:48:49.18 (47855621)|ENTERING_MANAGED_PKG|dlrs
14:48:49.18 (47955383)|ENTERING_MANAGED_PKG|dlrs
14:48:49.18 (48047448)|ENTERING_MANAGED_PKG|dlrs
14:48:49.18 (48143803)|ENTERING_MANAGED_PKG|dlrs
14:48:49.18 (48236835)|ENTERING_MANAGED_PKG|dlrs
14:48:49.18 (48329049)|ENTERING_MANAGED_PKG|dlrs
14:48:49.18 (48428773)|ENTERING_MANAGED_PKG|dlrs
14:48:49.18 (48524998)|ENTERING_MANAGED_PKG|dlrs
14:48:49.18 (48617896)|ENTERING_MANAGED_PKG|dlrs
14:48:49.18 (48717852)|ENTERING_MANAGED_PKG|dlrs
14:48:49.18 (48819210)|ENTERING_MANAGED_PKG|dlrs
14:48:49.18 (48910819)|ENTERING_MANAGED_PKG|dlrs
14:48:49.18 (49030388)|ENTERING_MANAGED_PKG|dlrs
14:48:49.18 (49096238)|ENTERING_MANAGED_PKG|dlrs
14:48:49.18 (49191536)|ENTERING_MANAGED_PKG|dlrs
14:48:49.18 (49288467)|ENTERING_MANAGED_PKG|dlrs
14:48:49.18 (49380529)|ENTERING_MANAGED_PKG|dlrs
14:48:49.18 (49479886)|ENTERING_MANAGED_PKG|dlrs
14:48:49.18 (49574784)|ENTERING_MANAGED_PKG|dlrs
14:48:49.18 (49666047)|ENTERING_MANAGED_PKG|dlrs
14:48:49.18 (49761978)|ENTERING_MANAGED_PKG|dlrs
14:48:49.18 (49853956)|ENTERING_MANAGED_PKG|dlrs
14:48:49.18 (49945238)|ENTERING_MANAGED_PKG|dlrs
14:48:49.18 (50042053)|ENTERING_MANAGED_PKG|dlrs
14:48:49.18 (50134578)|ENTERING_MANAGED_PKG|dlrs
14:48:49.18 (50230866)|ENTERING_MANAGED_PKG|dlrs
14:48:49.18 (50349235)|ENTERING_MANAGED_PKG|dlrs
14:48:49.18 (50421709)|ENTERING_MANAGED_PKG|dlrs
14:48:49.18 (50518013)|ENTERING_MANAGED_PKG|dlrs
14:48:49.18 (50615498)|ENTERING_MANAGED_PKG|dlrs
14:48:49.18 (50708460)|ENTERING_MANAGED_PKG|dlrs
14:48:49.18 (50799282)|ENTERING_MANAGED_PKG|dlrs
14:48:49.18 (50895372)|ENTERING_MANAGED_PKG|dlrs
14:48:49.18 (50987111)|ENTERING_MANAGED_PKG|dlrs
14:48:49.18 (51078573)|ENTERING_MANAGED_PKG|dlrs
14:48:49.18 (51173991)|ENTERING_MANAGED_PKG|dlrs
14:48:49.18 (51267177)|ENTERING_MANAGED_PKG|dlrs
14:48:49.18 (51358893)|ENTERING_MANAGED_PKG|dlrs
14:48:49.18 (51460314)|ENTERING_MANAGED_PKG|dlrs
14:48:49.18 (51553121)|ENTERING_MANAGED_PKG|dlrs
14:48:49.18 (51649520)|ENTERING_MANAGED_PKG|dlrs
14:48:49.18 (51768365)|ENTERING_MANAGED_PKG|dlrs
14:48:49.18 (51834451)|ENTERING_MANAGED_PKG|dlrs
14:48:49.18 (51935172)|ENTERING_MANAGED_PKG|dlrs
14:48:49.18 (52027304)|ENTERING_MANAGED_PKG|dlrs
14:48:49.18 (52120195)|ENTERING_MANAGED_PKG|dlrs
14:48:49.18 (52216135)|ENTERING_MANAGED_PKG|dlrs
14:48:49.18 (52309579)|ENTERING_MANAGED_PKG|dlrs
14:48:49.18 (52401717)|ENTERING_MANAGED_PKG|dlrs
14:48:49.18 (52502304)|ENTERING_MANAGED_PKG|dlrs
14:48:49.18 (52594810)|ENTERING_MANAGED_PKG|dlrs
14:48:49.18 (52686652)|ENTERING_MANAGED_PKG|dlrs
14:48:49.18 (52783468)|ENTERING_MANAGED_PKG|dlrs
14:48:49.18 (52875388)|ENTERING_MANAGED_PKG|dlrs
14:48:49.18 (52970469)|ENTERING_MANAGED_PKG|dlrs
14:48:49.18 (53068700)|ENTERING_MANAGED_PKG|dlrs
14:48:49.18 (53166695)|ENTERING_MANAGED_PKG|dlrs
14:48:49.18 (53285662)|ENTERING_MANAGED_PKG|dlrs
14:48:49.18 (53350805)|ENTERING_MANAGED_PKG|dlrs
14:48:49.18 (53454239)|ENTERING_MANAGED_PKG|dlrs
14:48:49.18 (53546929)|ENTERING_MANAGED_PKG|dlrs
14:48:49.18 (53643176)|ENTERING_MANAGED_PKG|dlrs
14:48:49.18 (53734918)|ENTERING_MANAGED_PKG|dlrs
14:48:49.18 (53826364)|ENTERING_MANAGED_PKG|dlrs
14:48:49.18 (53922985)|ENTERING_MANAGED_PKG|dlrs
14:48:49.18 (54014722)|ENTERING_MANAGED_PKG|dlrs
14:48:49.18 (54108131)|ENTERING_MANAGED_PKG|dlrs
14:48:49.18 (54204389)|ENTERING_MANAGED_PKG|dlrs
14:48:49.18 (54306476)|ENTERING_MANAGED_PKG|dlrs
14:48:49.18 (54406038)|ENTERING_MANAGED_PKG|dlrs
14:48:49.18 (54503242)|ENTERING_MANAGED_PKG|dlrs
14:48:49.18 (54595432)|ENTERING_MANAGED_PKG|dlrs
14:48:49.18 (54694600)|ENTERING_MANAGED_PKG|dlrs
14:48:49.18 (54787668)|ENTERING_MANAGED_PKG|dlrs
14:48:49.18 (54915406)|ENTERING_MANAGED_PKG|dlrs
14:48:49.18 (54982899)|ENTERING_MANAGED_PKG|dlrs
14:48:49.18 (55078840)|ENTERING_MANAGED_PKG|dlrs
14:48:49.18 (55172589)|ENTERING_MANAGED_PKG|dlrs
14:48:49.18 (55268669)|ENTERING_MANAGED_PKG|dlrs
14:48:49.18 (55361648)|ENTERING_MANAGED_PKG|dlrs
14:48:49.18 (55458716)|ENTERING_MANAGED_PKG|dlrs
14:48:49.18 (55550908)|ENTERING_MANAGED_PKG|dlrs
14:48:49.18 (55642581)|ENTERING_MANAGED_PKG|dlrs
14:48:49.18 (55733805)|ENTERING_MANAGED_PKG|dlrs
14:48:49.18 (55825323)|ENTERING_MANAGED_PKG|dlrs
14:48:49.18 (55916693)|ENTERING_MANAGED_PKG|dlrs
14:48:49.18 (56013327)|ENTERING_MANAGED_PKG|dlrs
14:48:49.18 (56107317)|ENTERING_MANAGED_PKG|dlrs
14:48:49.18 (56200603)|ENTERING_MANAGED_PKG|dlrs
14:48:49.18 (56294531)|ENTERING_MANAGED_PKG|dlrs
14:48:49.18 (56386071)|ENTERING_MANAGED_PKG|dlrs
14:48:49.18 (56482889)|ENTERING_MANAGED_PKG|dlrs
14:48:49.18 (56607001)|ENTERING_MANAGED_PKG|dlrs
14:48:49.18 (56673266)|ENTERING_MANAGED_PKG|dlrs
14:48:49.18 (56768559)|ENTERING_MANAGED_PKG|dlrs
14:48:49.18 (56860549)|ENTERING_MANAGED_PKG|dlrs
14:48:49.18 (56952117)|ENTERING_MANAGED_PKG|dlrs
14:48:49.18 (57048244)|ENTERING_MANAGED_PKG|dlrs
14:48:49.18 (57141091)|ENTERING_MANAGED_PKG|dlrs
14:48:49.18 (57232539)|ENTERING_MANAGED_PKG|dlrs
14:48:49.18 (57324085)|ENTERING_MANAGED_PKG|dlrs
14:48:49.18 (57422377)|ENTERING_MANAGED_PKG|dlrs
14:48:49.18 (57525157)|ENTERING_MANAGED_PKG|dlrs
14:48:49.18 (57617322)|ENTERING_MANAGED_PKG|dlrs
14:48:49.18 (57708960)|ENTERING_MANAGED_PKG|dlrs
14:48:49.18 (57801407)|ENTERING_MANAGED_PKG|dlrs
14:48:49.18 (57898710)|ENTERING_MANAGED_PKG|dlrs
14:48:49.18 (57990875)|ENTERING_MANAGED_PKG|dlrs
14:48:49.18 (58082156)|ENTERING_MANAGED_PKG|dlrs
14:48:49.18 (58174371)|ENTERING_MANAGED_PKG|dlrs
14:48:49.18 (58265154)|ENTERING_MANAGED_PKG|dlrs
14:48:49.18 (58387882)|ENTERING_MANAGED_PKG|dlrs
14:48:49.18 (58459187)|ENTERING_MANAGED_PKG|dlrs
14:48:49.18 (58554901)|ENTERING_MANAGED_PKG|dlrs
14:48:49.18 (58646866)|ENTERING_MANAGED_PKG|dlrs
14:48:49.18 (58741101)|ENTERING_MANAGED_PKG|dlrs
14:48:49.18 (58833881)|ENTERING_MANAGED_PKG|dlrs
14:48:49.18 (58925392)|ENTERING_MANAGED_PKG|dlrs
14:48:49.18 (59017081)|ENTERING_MANAGED_PKG|dlrs
14:48:49.18 (59108926)|ENTERING_MANAGED_PKG|dlrs
14:48:49.18 (59199729)|ENTERING_MANAGED_PKG|dlrs
14:48:49.18 (59296320)|ENTERING_MANAGED_PKG|dlrs
14:48:49.18 (59387484)|ENTERING_MANAGED_PKG|dlrs
14:48:49.18 (59484681)|ENTERING_MANAGED_PKG|dlrs
14:48:49.18 (59575902)|ENTERING_MANAGED_PKG|dlrs
14:48:49.18 (59672513)|ENTERING_MANAGED_PKG|dlrs
14:48:49.18 (59764650)|ENTERING_MANAGED_PKG|dlrs
14:48:49.18 (59856267)|ENTERING_MANAGED_PKG|dlrs
14:48:49.18 (59948246)|ENTERING_MANAGED_PKG|dlrs
14:48:49.18 (60038960)|ENTERING_MANAGED_PKG|dlrs
14:48:49.18 (60137228)|ENTERING_MANAGED_PKG|dlrs
14:48:49.18 (60255682)|ENTERING_MANAGED_PKG|dlrs
14:48:49.18 (60321500)|ENTERING_MANAGED_PKG|dlrs
14:48:49.18 (60420340)|ENTERING_MANAGED_PKG|dlrs
14:48:49.18 (60517664)|ENTERING_MANAGED_PKG|dlrs
14:48:49.18 (60611028)|ENTERING_MANAGED_PKG|dlrs
14:48:49.18 (60702137)|ENTERING_MANAGED_PKG|dlrs
14:48:49.18 (60793246)|ENTERING_MANAGED_PKG|dlrs
14:48:49.18 (60883958)|ENTERING_MANAGED_PKG|dlrs
14:48:49.18 (60974912)|ENTERING_MANAGED_PKG|dlrs
14:48:49.18 (61070519)|ENTERING_MANAGED_PKG|dlrs
14:48:49.18 (61188113)|ENTERING_MANAGED_PKG|dlrs
14:48:49.18 (61282184)|ENTERING_MANAGED_PKG|dlrs
14:48:49.18 (61379328)|ENTERING_MANAGED_PKG|dlrs
14:48:49.18 (61476363)|ENTERING_MANAGED_PKG|dlrs
14:48:49.18 (61569160)|ENTERING_MANAGED_PKG|dlrs
14:48:49.18 (61665631)|ENTERING_MANAGED_PKG|dlrs
14:48:49.18 (61758103)|ENTERING_MANAGED_PKG|dlrs
14:48:49.18 (61854385)|ENTERING_MANAGED_PKG|dlrs
14:48:49.18 (61947425)|ENTERING_MANAGED_PKG|dlrs
14:48:49.18 (62045281)|ENTERING_MANAGED_PKG|dlrs
14:48:49.18 (62138748)|ENTERING_MANAGED_PKG|dlrs
14:48:49.18 (62263353)|ENTERING_MANAGED_PKG|dlrs
14:48:49.18 (62461019)|ENTERING_MANAGED_PKG|dlrs
14:48:49.18 (62513135)|ENTERING_MANAGED_PKG|dlrs
14:48:49.18 (62551202)|ENTERING_MANAGED_PKG|dlrs
14:48:49.18 (62637475)|ENTERING_MANAGED_PKG|dlrs
14:48:49.18 (62660384)|ENTERING_MANAGED_PKG|dlrs
14:48:49.18 (62677240)|ENTERING_MANAGED_PKG|dlrs
14:48:49.18 (63083582)|ENTERING_MANAGED_PKG|dlrs
14:48:49.18 (63140351)|ENTERING_MANAGED_PKG|dlrs
14:48:49.18 (63200263)|ENTERING_MANAGED_PKG|dlrs
14:48:49.18 (63299161)|ENTERING_MANAGED_PKG|dlrs
14:48:49.18 (63325827)|ENTERING_MANAGED_PKG|dlrs
14:48:49.18 (63380948)|ENTERING_MANAGED_PKG|dlrs
14:48:49.18 (63418190)|ENTERING_MANAGED_PKG|dlrs
14:48:49.18 (64620844)|ENTERING_MANAGED_PKG|dlrs
14:48:49.18 (64662853)|ENTERING_MANAGED_PKG|dlrs
14:48:49.18 (64998818)|ENTERING_MANAGED_PKG|dlrs
14:48:49.18 (65839170)|ENTERING_MANAGED_PKG|dlrs
14:48:49.18 (65877133)|ENTERING_MANAGED_PKG|dlrs
14:48:49.18 (66426251)|ENTERING_MANAGED_PKG|dlrs
14:48:49.18 (66528723)|ENTERING_MANAGED_PKG|dlrs
14:48:49.18 (66606711)|ENTERING_MANAGED_PKG|dlrs
14:48:49.18 (66631391)|ENTERING_MANAGED_PKG|dlrs
14:48:49.18 (66642161)|ENTERING_MANAGED_PKG|dlrs
14:48:49.18 (66730305)|ENTERING_MANAGED_PKG|dlrs
14:48:49.18 (66753530)|ENTERING_MANAGED_PKG|dlrs
14:48:49.18 (66791693)|ENTERING_MANAGED_PKG|dlrs
14:48:49.18 (66854308)|ENTERING_MANAGED_PKG|dlrs
14:48:49.18 (66884628)|ENTERING_MANAGED_PKG|dlrs
14:48:49.18 (67079799)|ENTERING_MANAGED_PKG|dlrs
14:48:49.18 (67165524)|ENTERING_MANAGED_PKG|dlrs
14:48:49.18 (67192601)|ENTERING_MANAGED_PKG|dlrs
14:48:49.18 (67336355)|ENTERING_MANAGED_PKG|dlrs
14:48:49.18 (67448824)|ENTERING_MANAGED_PKG|dlrs
14:48:49.18 (67498598)|ENTERING_MANAGED_PKG|dlrs
14:48:49.18 (67570422)|ENTERING_MANAGED_PKG|dlrs
14:48:49.18 (67583814)|ENTERING_MANAGED_PKG|dlrs
14:48:49.18 (67670169)|ENTERING_MANAGED_PKG|dlrs
14:48:49.18 (67961891)|ENTERING_MANAGED_PKG|dlrs
14:48:49.18 (68123050)|ENTERING_MANAGED_PKG|dlrs
14:48:49.18 (68416486)|ENTERING_MANAGED_PKG|dlrs
14:48:49.18 (68515117)|ENTERING_MANAGED_PKG|dlrs
14:48:49.18 (68698700)|ENTERING_MANAGED_PKG|dlrs
14:48:49.18 (68797428)|ENTERING_MANAGED_PKG|dlrs
14:48:49.18 (68970735)|ENTERING_MANAGED_PKG|dlrs
14:48:49.18 (69063059)|ENTERING_MANAGED_PKG|dlrs
14:48:49.18 (69341471)|ENTERING_MANAGED_PKG|dlrs
14:48:49.18 (69444915)|ENTERING_MANAGED_PKG|dlrs
14:48:49.18 (69707442)|ENTERING_MANAGED_PKG|dlrs
14:48:49.18 (69885785)|ENTERING_MANAGED_PKG|dlrs
14:48:49.18 (70138653)|ENTERING_MANAGED_PKG|dlrs
14:48:49.18 (70234357)|ENTERING_MANAGED_PKG|dlrs
14:48:49.18 (70489471)|ENTERING_MANAGED_PKG|dlrs
14:48:49.18 (70580871)|ENTERING_MANAGED_PKG|dlrs
14:48:49.18 (70835080)|ENTERING_MANAGED_PKG|dlrs
14:48:49.18 (70929730)|ENTERING_MANAGED_PKG|dlrs
14:48:49.18 (71179932)|ENTERING_MANAGED_PKG|dlrs
14:48:49.18 (71272091)|ENTERING_MANAGED_PKG|dlrs
14:48:49.18 (71444159)|ENTERING_MANAGED_PKG|dlrs
14:48:49.18 (71620953)|ENTERING_MANAGED_PKG|dlrs
14:48:49.18 (71874652)|ENTERING_MANAGED_PKG|dlrs
14:48:49.18 (71965954)|ENTERING_MANAGED_PKG|dlrs
14:48:49.18 (72214118)|ENTERING_MANAGED_PKG|dlrs
14:48:49.18 (72309325)|ENTERING_MANAGED_PKG|dlrs
14:48:49.18 (72565076)|ENTERING_MANAGED_PKG|dlrs
14:48:49.18 (72660408)|ENTERING_MANAGED_PKG|dlrs
14:48:49.18 (72827717)|ENTERING_MANAGED_PKG|dlrs
14:48:49.18 (72917854)|ENTERING_MANAGED_PKG|dlrs
14:48:49.18 (73173963)|ENTERING_MANAGED_PKG|dlrs
14:48:49.18 (73366349)|ENTERING_MANAGED_PKG|dlrs
14:48:49.18 (73622731)|ENTERING_MANAGED_PKG|dlrs
14:48:49.18 (73717337)|ENTERING_MANAGED_PKG|dlrs
14:48:49.18 (73968305)|ENTERING_MANAGED_PKG|dlrs
14:48:49.18 (74059756)|ENTERING_MANAGED_PKG|dlrs
14:48:49.18 (74225073)|ENTERING_MANAGED_PKG|dlrs
14:48:49.18 (74315526)|ENTERING_MANAGED_PKG|dlrs
14:48:49.18 (74598580)|ENTERING_MANAGED_PKG|dlrs
14:48:49.18 (74699928)|ENTERING_MANAGED_PKG|dlrs
14:48:49.18 (74898466)|ENTERING_MANAGED_PKG|dlrs
14:48:49.18 (74990175)|ENTERING_MANAGED_PKG|dlrs
14:48:49.18 (75158659)|ENTERING_MANAGED_PKG|dlrs
14:48:49.18 (75250526)|ENTERING_MANAGED_PKG|dlrs
14:48:49.18 (75509006)|ENTERING_MANAGED_PKG|dlrs
14:48:49.18 (75600881)|ENTERING_MANAGED_PKG|dlrs
14:48:49.18 (75771859)|ENTERING_MANAGED_PKG|dlrs
14:48:49.18 (75861767)|ENTERING_MANAGED_PKG|dlrs
14:48:49.18 (76022661)|ENTERING_MANAGED_PKG|dlrs
14:48:49.18 (76113584)|ENTERING_MANAGED_PKG|dlrs
14:48:49.18 (76274893)|ENTERING_MANAGED_PKG|dlrs
14:48:49.18 (76365352)|ENTERING_MANAGED_PKG|dlrs
14:48:49.18 (76618829)|ENTERING_MANAGED_PKG|dlrs
14:48:49.18 (76716747)|ENTERING_MANAGED_PKG|dlrs
14:48:49.18 (76878617)|ENTERING_MANAGED_PKG|dlrs
14:48:49.18 (76968859)|ENTERING_MANAGED_PKG|dlrs
14:48:49.18 (77130162)|ENTERING_MANAGED_PKG|dlrs
14:48:49.18 (77220653)|ENTERING_MANAGED_PKG|dlrs
14:48:49.18 (77381739)|ENTERING_MANAGED_PKG|dlrs
14:48:49.18 (77480933)|ENTERING_MANAGED_PKG|dlrs
14:48:49.18 (77647345)|ENTERING_MANAGED_PKG|dlrs
14:48:49.18 (77738078)|ENTERING_MANAGED_PKG|dlrs
14:48:49.18 (77898992)|ENTERING_MANAGED_PKG|dlrs
14:48:49.18 (77988633)|ENTERING_MANAGED_PKG|dlrs
14:48:49.18 (78156970)|ENTERING_MANAGED_PKG|dlrs
14:48:49.18 (78248043)|ENTERING_MANAGED_PKG|dlrs
14:48:49.18 (78415091)|ENTERING_MANAGED_PKG|dlrs
14:48:49.18 (78508500)|ENTERING_MANAGED_PKG|dlrs
14:48:49.18 (78674322)|ENTERING_MANAGED_PKG|dlrs
14:48:49.18 (78764961)|ENTERING_MANAGED_PKG|dlrs
14:48:49.18 (78925550)|ENTERING_MANAGED_PKG|dlrs
14:48:49.18 (79020915)|ENTERING_MANAGED_PKG|dlrs
14:48:49.18 (79181915)|ENTERING_MANAGED_PKG|dlrs
14:48:49.18 (79272108)|ENTERING_MANAGED_PKG|dlrs
14:48:49.18 (79441291)|ENTERING_MANAGED_PKG|dlrs
14:48:49.18 (79532159)|ENTERING_MANAGED_PKG|dlrs
14:48:49.18 (79697502)|ENTERING_MANAGED_PKG|dlrs
14:48:49.18 (79798445)|ENTERING_MANAGED_PKG|dlrs
14:48:49.18 (79961193)|ENTERING_MANAGED_PKG|dlrs
14:48:49.18 (80057515)|ENTERING_MANAGED_PKG|dlrs
14:48:49.18 (80219127)|ENTERING_MANAGED_PKG|dlrs
14:48:49.18 (80312849)|ENTERING_MANAGED_PKG|dlrs
14:48:49.18 (80478179)|ENTERING_MANAGED_PKG|dlrs
14:48:49.18 (80568706)|ENTERING_MANAGED_PKG|dlrs
14:48:49.18 (80737475)|ENTERING_MANAGED_PKG|dlrs
14:48:49.18 (80828586)|ENTERING_MANAGED_PKG|dlrs
14:48:49.18 (80989001)|ENTERING_MANAGED_PKG|dlrs
14:48:49.18 (81084466)|ENTERING_MANAGED_PKG|dlrs
14:48:49.18 (81249209)|ENTERING_MANAGED_PKG|dlrs
14:48:49.18 (81340345)|ENTERING_MANAGED_PKG|dlrs
14:48:49.18 (81505856)|ENTERING_MANAGED_PKG|dlrs
14:48:49.18 (81598485)|ENTERING_MANAGED_PKG|dlrs
14:48:49.18 (81765382)|ENTERING_MANAGED_PKG|dlrs
14:48:49.18 (81855182)|ENTERING_MANAGED_PKG|dlrs
14:48:49.18 (82014714)|ENTERING_MANAGED_PKG|dlrs
14:48:49.18 (82105317)|ENTERING_MANAGED_PKG|dlrs
14:48:49.18 (82270284)|ENTERING_MANAGED_PKG|dlrs
14:48:49.18 (82360483)|ENTERING_MANAGED_PKG|dlrs
14:48:49.18 (82531534)|ENTERING_MANAGED_PKG|dlrs
14:48:49.18 (82625365)|ENTERING_MANAGED_PKG|dlrs
14:48:49.18 (82789613)|ENTERING_MANAGED_PKG|dlrs
14:48:49.18 (82884113)|ENTERING_MANAGED_PKG|dlrs
14:48:49.18 (86559923)|ENTERING_MANAGED_PKG|dlrs
14:48:49.18 (86818942)|ENTERING_MANAGED_PKG|dlrs
14:48:49.18 (87097054)|ENTERING_MANAGED_PKG|dlrs
14:48:49.18 (88291641)|SOQL_EXECUTE_BEGIN|[302]|Aggregations:0|SELECT DeveloperName, Id, Label, dlrs__Active__c, dlrs__AggregateAllRows__c, dlrs__AggregateOperation__c, dlrs__AggregateResultField__c, dlrs__CalculationMode__c, dlrs__CalculationSharingMode__c, dlrs__ChildObject__c, dlrs__ConcatenateDelimiter__c, dlrs__Description__c, dlrs__FieldToAggregate__c, dlrs__FieldToOrderBy__c, dlrs__ParentObject__c, dlrs__RelationshipCriteriaFields__c, dlrs__RelationshipCriteria__c, dlrs__RelationshipField__c, dlrs__RowLimit__c, dlrs__TestCodeSeeAllData__c, dlrs__TestCode__c FROM dlrs__LookupRollupSummary2__mdt ORDER BY DeveloperName ASC NULLS FIRST , Label ASC NULLS FIRST 
14:48:49.18 (92020866)|SOQL_EXECUTE_END|[302]|Rows:9
14:48:49.18 (96752242)|ENTERING_MANAGED_PKG|dlrs
14:48:49.18 (96812969)|ENTERING_MANAGED_PKG|dlrs
14:48:49.18 (97838894)|ENTERING_MANAGED_PKG|dlrs
14:48:49.18 (97947649)|ENTERING_MANAGED_PKG|dlrs
14:48:49.18 (99307481)|ENTERING_MANAGED_PKG|dlrs
14:48:49.18 (99390786)|ENTERING_MANAGED_PKG|dlrs
14:48:49.18 (99477245)|ENTERING_MANAGED_PKG|dlrs
14:48:49.18 (99558285)|ENTERING_MANAGED_PKG|dlrs
14:48:49.18 (99608903)|ENTERING_MANAGED_PKG|dlrs
14:48:49.18 (99654664)|ENTERING_MANAGED_PKG|dlrs
14:48:49.18 (99702960)|ENTERING_MANAGED_PKG|dlrs
14:48:49.18 (99742316)|ENTERING_MANAGED_PKG|dlrs
14:48:49.18 (99788857)|ENTERING_MANAGED_PKG|dlrs
14:48:49.18 (99829240)|ENTERING_MANAGED_PKG|dlrs
14:48:49.18 (99876085)|ENTERING_MANAGED_PKG|dlrs
14:48:49.18 (99916800)|ENTERING_MANAGED_PKG|dlrs
14:48:49.18 (99967124)|ENTERING_MANAGED_PKG|dlrs
14:48:49.18 (100007114)|ENTERING_MANAGED_PKG|dlrs
14:48:49.18 (100054133)|ENTERING_MANAGED_PKG|dlrs
14:48:49.18 (100093246)|ENTERING_MANAGED_PKG|dlrs
14:48:49.18 (100140912)|ENTERING_MANAGED_PKG|dlrs
14:48:49.18 (100181833)|ENTERING_MANAGED_PKG|dlrs
14:48:49.18 (100231332)|ENTERING_MANAGED_PKG|dlrs
14:48:49.18 (100273146)|ENTERING_MANAGED_PKG|dlrs
14:48:49.18 (100316728)|ENTERING_MANAGED_PKG|dlrs
14:48:49.18 (100341849)|ENTERING_MANAGED_PKG|dlrs
14:48:49.18 (100372154)|ENTERING_MANAGED_PKG|dlrs
14:48:49.18 (100396618)|ENTERING_MANAGED_PKG|dlrs
14:48:49.18 (100430268)|ENTERING_MANAGED_PKG|dlrs
14:48:49.18 (100454293)|ENTERING_MANAGED_PKG|dlrs
14:48:49.18 (100484229)|ENTERING_MANAGED_PKG|dlrs
14:48:49.18 (100508264)|ENTERING_MANAGED_PKG|dlrs
14:48:49.18 (100537176)|ENTERING_MANAGED_PKG|dlrs
14:48:49.18 (100560504)|ENTERING_MANAGED_PKG|dlrs
14:48:49.18 (100588790)|ENTERING_MANAGED_PKG|dlrs
14:48:49.18 (100612345)|ENTERING_MANAGED_PKG|dlrs
14:48:49.18 (100640605)|ENTERING_MANAGED_PKG|dlrs
14:48:49.18 (100664018)|ENTERING_MANAGED_PKG|dlrs
14:48:49.18 (100692302)|ENTERING_MANAGED_PKG|dlrs
14:48:49.18 (100715921)|ENTERING_MANAGED_PKG|dlrs
14:48:49.18 (100744386)|ENTERING_MANAGED_PKG|dlrs
14:48:49.18 (100772576)|ENTERING_MANAGED_PKG|dlrs
14:48:49.18 (100802946)|ENTERING_MANAGED_PKG|dlrs
14:48:49.18 (100839178)|ENTERING_MANAGED_PKG|dlrs
14:48:49.18 (100920161)|ENTERING_MANAGED_PKG|dlrs
14:48:49.18 (100967927)|ENTERING_MANAGED_PKG|dlrs
14:48:49.18 (101074405)|ENTERING_MANAGED_PKG|dlrs
14:48:49.18 (101107021)|ENTERING_MANAGED_PKG|dlrs
14:48:49.18 (101125609)|ENTERING_MANAGED_PKG|dlrs
14:48:49.18 (101138037)|ENTERING_MANAGED_PKG|dlrs
14:48:49.18 (101154105)|ENTERING_MANAGED_PKG|dlrs
14:48:49.18 (101174144)|ENTERING_MANAGED_PKG|dlrs
14:48:49.18 (101195288)|ENTERING_MANAGED_PKG|dlrs
14:48:49.18 (101215574)|ENTERING_MANAGED_PKG|dlrs
14:48:49.18 (101231721)|ENTERING_MANAGED_PKG|dlrs
14:48:49.18 (101251214)|ENTERING_MANAGED_PKG|dlrs
14:48:49.18 (101266967)|ENTERING_MANAGED_PKG|dlrs
14:48:49.18 (101286687)|ENTERING_MANAGED_PKG|dlrs
14:48:49.18 (101302242)|ENTERING_MANAGED_PKG|dlrs
14:48:49.18 (101321470)|ENTERING_MANAGED_PKG|dlrs
14:48:49.18 (101337095)|ENTERING_MANAGED_PKG|dlrs
14:48:49.18 (101356582)|ENTERING_MANAGED_PKG|dlrs
14:48:49.18 (101373183)|ENTERING_MANAGED_PKG|dlrs
14:48:49.18 (101392538)|ENTERING_MANAGED_PKG|dlrs
14:48:49.18 (101412039)|ENTERING_MANAGED_PKG|dlrs
14:48:49.18 (101433103)|ENTERING_MANAGED_PKG|dlrs
14:48:49.18 (101449416)|ENTERING_MANAGED_PKG|dlrs
14:48:49.18 (101468900)|ENTERING_MANAGED_PKG|dlrs
14:48:49.18 (101484534)|ENTERING_MANAGED_PKG|dlrs
14:48:49.18 (101504195)|ENTERING_MANAGED_PKG|dlrs
14:48:49.18 (101519722)|ENTERING_MANAGED_PKG|dlrs
14:48:49.18 (101539940)|ENTERING_MANAGED_PKG|dlrs
14:48:49.18 (101555731)|ENTERING_MANAGED_PKG|dlrs
14:48:49.18 (101574973)|ENTERING_MANAGED_PKG|dlrs
14:48:49.18 (101590515)|ENTERING_MANAGED_PKG|dlrs
14:48:49.18 (101610273)|ENTERING_MANAGED_PKG|dlrs
14:48:49.18 (101626031)|ENTERING_MANAGED_PKG|dlrs
14:48:49.18 (101645430)|ENTERING_MANAGED_PKG|dlrs
14:48:49.18 (101661153)|ENTERING_MANAGED_PKG|dlrs
14:48:49.18 (101685020)|ENTERING_MANAGED_PKG|dlrs
14:48:49.18 (101702307)|ENTERING_MANAGED_PKG|dlrs
14:48:49.18 (101722470)|ENTERING_MANAGED_PKG|dlrs
14:48:49.18 (101738323)|ENTERING_MANAGED_PKG|dlrs
14:48:49.18 (101758635)|ENTERING_MANAGED_PKG|dlrs
14:48:49.18 (101774610)|ENTERING_MANAGED_PKG|dlrs
14:48:49.18 (101793704)|ENTERING_MANAGED_PKG|dlrs
14:48:49.18 (101809340)|ENTERING_MANAGED_PKG|dlrs
14:48:49.18 (101832272)|ENTERING_MANAGED_PKG|dlrs
14:48:49.18 (101854037)|ENTERING_MANAGED_PKG|dlrs
14:48:49.18 (101887149)|ENTERING_MANAGED_PKG|dlrs
14:48:49.18 (101972695)|ENTERING_MANAGED_PKG|dlrs
14:48:49.18 (102003498)|ENTERING_MANAGED_PKG|dlrs
14:48:49.18 (102022518)|ENTERING_MANAGED_PKG|dlrs
14:48:49.18 (102034899)|ENTERING_MANAGED_PKG|dlrs
14:48:49.18 (102051282)|ENTERING_MANAGED_PKG|dlrs
14:48:49.18 (102070961)|ENTERING_MANAGED_PKG|dlrs
14:48:49.18 (102090612)|ENTERING_MANAGED_PKG|dlrs
14:48:49.18 (102111752)|ENTERING_MANAGED_PKG|dlrs
14:48:49.18 (102128138)|ENTERING_MANAGED_PKG|dlrs
14:48:49.18 (102147035)|ENTERING_MANAGED_PKG|dlrs
14:48:49.18 (102162535)|ENTERING_MANAGED_PKG|dlrs
14:48:49.18 (102181413)|ENTERING_MANAGED_PKG|dlrs
14:48:49.18 (102197146)|ENTERING_MANAGED_PKG|dlrs
14:48:49.18 (102217019)|ENTERING_MANAGED_PKG|dlrs
14:48:49.18 (102232852)|ENTERING_MANAGED_PKG|dlrs
14:48:49.18 (102252208)|ENTERING_MANAGED_PKG|dlrs
14:48:49.18 (102267845)|ENTERING_MANAGED_PKG|dlrs
14:48:49.18 (102287477)|ENTERING_MANAGED_PKG|dlrs
14:48:49.18 (102303267)|ENTERING_MANAGED_PKG|dlrs
14:48:49.18 (102322330)|ENTERING_MANAGED_PKG|dlrs
14:48:49.18 (102337902)|ENTERING_MANAGED_PKG|dlrs
14:48:49.18 (102357226)|ENTERING_MANAGED_PKG|dlrs
14:48:49.18 (102372909)|ENTERING_MANAGED_PKG|dlrs
14:48:49.18 (102392211)|ENTERING_MANAGED_PKG|dlrs
14:48:49.18 (102407963)|ENTERING_MANAGED_PKG|dlrs
14:48:49.18 (102432971)|ENTERING_MANAGED_PKG|dlrs
14:48:49.18 (102453866)|ENTERING_MANAGED_PKG|dlrs
14:48:49.18 (102474583)|ENTERING_MANAGED_PKG|dlrs
14:48:49.18 (102490798)|ENTERING_MANAGED_PKG|dlrs
14:48:49.18 (102510333)|ENTERING_MANAGED_PKG|dlrs
14:48:49.18 (102526439)|ENTERING_MANAGED_PKG|dlrs
14:48:49.18 (102545890)|ENTERING_MANAGED_PKG|dlrs
14:48:49.18 (102561980)|ENTERING_MANAGED_PKG|dlrs
14:48:49.18 (102581675)|ENTERING_MANAGED_PKG|dlrs
14:48:49.18 (102598386)|ENTERING_MANAGED_PKG|dlrs
14:48:49.18 (102617855)|ENTERING_MANAGED_PKG|dlrs
14:48:49.18 (102633550)|ENTERING_MANAGED_PKG|dlrs
14:48:49.18 (102652798)|ENTERING_MANAGED_PKG|dlrs
14:48:49.18 (102668713)|ENTERING_MANAGED_PKG|dlrs
14:48:49.18 (102687639)|ENTERING_MANAGED_PKG|dlrs
14:48:49.18 (102702961)|ENTERING_MANAGED_PKG|dlrs
14:48:49.18 (102725589)|ENTERING_MANAGED_PKG|dlrs
14:48:49.18 (102746800)|ENTERING_MANAGED_PKG|dlrs
14:48:49.18 (102775248)|ENTERING_MANAGED_PKG|dlrs
14:48:49.18 (102856709)|ENTERING_MANAGED_PKG|dlrs
14:48:49.18 (102890195)|ENTERING_MANAGED_PKG|dlrs
14:48:49.18 (102910037)|ENTERING_MANAGED_PKG|dlrs
14:48:49.18 (102922271)|ENTERING_MANAGED_PKG|dlrs
14:48:49.18 (102938732)|ENTERING_MANAGED_PKG|dlrs
14:48:49.18 (102958604)|ENTERING_MANAGED_PKG|dlrs
14:48:49.18 (102974425)|ENTERING_MANAGED_PKG|dlrs
14:48:49.18 (102993884)|ENTERING_MANAGED_PKG|dlrs
14:48:49.18 (103009905)|ENTERING_MANAGED_PKG|dlrs
14:48:49.18 (103030111)|ENTERING_MANAGED_PKG|dlrs
14:48:49.18 (103046868)|ENTERING_MANAGED_PKG|dlrs
14:48:49.18 (103066213)|ENTERING_MANAGED_PKG|dlrs
14:48:49.18 (103081810)|ENTERING_MANAGED_PKG|dlrs
14:48:49.18 (103100962)|ENTERING_MANAGED_PKG|dlrs
14:48:49.18 (103116711)|ENTERING_MANAGED_PKG|dlrs
14:48:49.18 (103135894)|ENTERING_MANAGED_PKG|dlrs
14:48:49.18 (103151631)|ENTERING_MANAGED_PKG|dlrs
14:48:49.18 (103170850)|ENTERING_MANAGED_PKG|dlrs
14:48:49.18 (103186515)|ENTERING_MANAGED_PKG|dlrs
14:48:49.18 (103205718)|ENTERING_MANAGED_PKG|dlrs
14:48:49.18 (103221411)|ENTERING_MANAGED_PKG|dlrs
14:48:49.18 (103240647)|ENTERING_MANAGED_PKG|dlrs
14:48:49.18 (103256446)|ENTERING_MANAGED_PKG|dlrs
14:48:49.18 (103275723)|ENTERING_MANAGED_PKG|dlrs
14:48:49.18 (103291502)|ENTERING_MANAGED_PKG|dlrs
14:48:49.18 (103311603)|ENTERING_MANAGED_PKG|dlrs
14:48:49.18 (103327516)|ENTERING_MANAGED_PKG|dlrs
14:48:49.18 (103346578)|ENTERING_MANAGED_PKG|dlrs
14:48:49.18 (103362504)|ENTERING_MANAGED_PKG|dlrs
14:48:49.18 (103386859)|ENTERING_MANAGED_PKG|dlrs
14:48:49.18 (103403841)|ENTERING_MANAGED_PKG|dlrs
14:48:49.18 (103428738)|ENTERING_MANAGED_PKG|dlrs
14:48:49.18 (103445024)|ENTERING_MANAGED_PKG|dlrs
14:48:49.18 (103464703)|ENTERING_MANAGED_PKG|dlrs
14:48:49.18 (103480602)|ENTERING_MANAGED_PKG|dlrs
14:48:49.18 (103499858)|ENTERING_MANAGED_PKG|dlrs
14:48:49.18 (103515747)|ENTERING_MANAGED_PKG|dlrs
14:48:49.18 (103535451)|ENTERING_MANAGED_PKG|dlrs
14:48:49.18 (103551133)|ENTERING_MANAGED_PKG|dlrs
14:48:49.18 (103570005)|ENTERING_MANAGED_PKG|dlrs
14:48:49.18 (103585634)|ENTERING_MANAGED_PKG|dlrs
14:48:49.18 (103607903)|ENTERING_MANAGED_PKG|dlrs
14:48:49.18 (103629418)|ENTERING_MANAGED_PKG|dlrs
14:48:49.18 (103657438)|ENTERING_MANAGED_PKG|dlrs
14:48:49.18 (103737417)|ENTERING_MANAGED_PKG|dlrs
14:48:49.18 (103768156)|ENTERING_MANAGED_PKG|dlrs
14:48:49.18 (103788582)|ENTERING_MANAGED_PKG|dlrs
14:48:49.18 (103802618)|ENTERING_MANAGED_PKG|dlrs
14:48:49.18 (103819325)|ENTERING_MANAGED_PKG|dlrs
14:48:49.18 (103839573)|ENTERING_MANAGED_PKG|dlrs
14:48:49.18 (103855416)|ENTERING_MANAGED_PKG|dlrs
14:48:49.18 (103875358)|ENTERING_MANAGED_PKG|dlrs
14:48:49.18 (103891082)|ENTERING_MANAGED_PKG|dlrs
14:48:49.18 (103910006)|ENTERING_MANAGED_PKG|dlrs
14:48:49.18 (103925623)|ENTERING_MANAGED_PKG|dlrs
14:48:49.18 (103944478)|ENTERING_MANAGED_PKG|dlrs
14:48:49.18 (103960060)|ENTERING_MANAGED_PKG|dlrs
14:48:49.18 (103979231)|ENTERING_MANAGED_PKG|dlrs
14:48:49.18 (103995438)|ENTERING_MANAGED_PKG|dlrs
14:48:49.18 (104017000)|ENTERING_MANAGED_PKG|dlrs
14:48:49.18 (104035397)|ENTERING_MANAGED_PKG|dlrs
14:48:49.18 (104055245)|ENTERING_MANAGED_PKG|dlrs
14:48:49.18 (104071184)|ENTERING_MANAGED_PKG|dlrs
14:48:49.18 (104090150)|ENTERING_MANAGED_PKG|dlrs
14:48:49.18 (104105913)|ENTERING_MANAGED_PKG|dlrs
14:48:49.18 (104124975)|ENTERING_MANAGED_PKG|dlrs
14:48:49.18 (104140667)|ENTERING_MANAGED_PKG|dlrs
14:48:49.18 (104160456)|ENTERING_MANAGED_PKG|dlrs
14:48:49.18 (104175974)|ENTERING_MANAGED_PKG|dlrs
14:48:49.18 (104195750)|ENTERING_MANAGED_PKG|dlrs
14:48:49.18 (104211696)|ENTERING_MANAGED_PKG|dlrs
14:48:49.18 (104230819)|ENTERING_MANAGED_PKG|dlrs
14:48:49.18 (104247125)|ENTERING_MANAGED_PKG|dlrs
14:48:49.18 (104269397)|ENTERING_MANAGED_PKG|dlrs
14:48:49.18 (104287645)|ENTERING_MANAGED_PKG|dlrs
14:48:49.18 (104307965)|ENTERING_MANAGED_PKG|dlrs
14:48:49.18 (104324088)|ENTERING_MANAGED_PKG|dlrs
14:48:49.18 (104343778)|ENTERING_MANAGED_PKG|dlrs
14:48:49.18 (104359817)|ENTERING_MANAGED_PKG|dlrs
14:48:49.18 (104379236)|ENTERING_MANAGED_PKG|dlrs
14:48:49.18 (104394976)|ENTERING_MANAGED_PKG|dlrs
14:48:49.18 (104418927)|ENTERING_MANAGED_PKG|dlrs
14:48:49.18 (104435490)|ENTERING_MANAGED_PKG|dlrs
14:48:49.18 (104454963)|ENTERING_MANAGED_PKG|dlrs
14:48:49.18 (104470806)|ENTERING_MANAGED_PKG|dlrs
14:48:49.18 (104496511)|ENTERING_MANAGED_PKG|dlrs
14:48:49.18 (104519727)|ENTERING_MANAGED_PKG|dlrs
14:48:49.18 (104547601)|ENTERING_MANAGED_PKG|dlrs
14:48:49.18 (104628767)|ENTERING_MANAGED_PKG|dlrs
14:48:49.18 (104659305)|ENTERING_MANAGED_PKG|dlrs
14:48:49.18 (104677437)|ENTERING_MANAGED_PKG|dlrs
14:48:49.18 (104689789)|ENTERING_MANAGED_PKG|dlrs
14:48:49.18 (104706614)|ENTERING_MANAGED_PKG|dlrs
14:48:49.18 (104726568)|ENTERING_MANAGED_PKG|dlrs
14:48:49.18 (104742494)|ENTERING_MANAGED_PKG|dlrs
14:48:49.18 (104761640)|ENTERING_MANAGED_PKG|dlrs
14:48:49.18 (104777402)|ENTERING_MANAGED_PKG|dlrs
14:48:49.18 (104796702)|ENTERING_MANAGED_PKG|dlrs
14:48:49.18 (104812457)|ENTERING_MANAGED_PKG|dlrs
14:48:49.18 (104835019)|ENTERING_MANAGED_PKG|dlrs
14:48:49.18 (104851942)|ENTERING_MANAGED_PKG|dlrs
14:48:49.18 (104871473)|ENTERING_MANAGED_PKG|dlrs
14:48:49.18 (104887725)|ENTERING_MANAGED_PKG|dlrs
14:48:49.18 (104907024)|ENTERING_MANAGED_PKG|dlrs
14:48:49.18 (104923025)|ENTERING_MANAGED_PKG|dlrs
14:48:49.18 (104942537)|ENTERING_MANAGED_PKG|dlrs
14:48:49.18 (104958508)|ENTERING_MANAGED_PKG|dlrs
14:48:49.18 (104977808)|ENTERING_MANAGED_PKG|dlrs
14:48:49.18 (104993757)|ENTERING_MANAGED_PKG|dlrs
14:48:49.18 (105013067)|ENTERING_MANAGED_PKG|dlrs
14:48:49.18 (105029259)|ENTERING_MANAGED_PKG|dlrs
14:48:49.18 (105048931)|ENTERING_MANAGED_PKG|dlrs
14:48:49.18 (105064965)|ENTERING_MANAGED_PKG|dlrs
14:48:49.18 (105085160)|ENTERING_MANAGED_PKG|dlrs
14:48:49.18 (105101125)|ENTERING_MANAGED_PKG|dlrs
14:48:49.18 (105120597)|ENTERING_MANAGED_PKG|dlrs
14:48:49.18 (105138762)|ENTERING_MANAGED_PKG|dlrs
14:48:49.18 (105160798)|ENTERING_MANAGED_PKG|dlrs
14:48:49.18 (105177224)|ENTERING_MANAGED_PKG|dlrs
14:48:49.18 (105196624)|ENTERING_MANAGED_PKG|dlrs
14:48:49.18 (105212571)|ENTERING_MANAGED_PKG|dlrs
14:48:49.18 (105231773)|ENTERING_MANAGED_PKG|dlrs
14:48:49.18 (105247558)|ENTERING_MANAGED_PKG|dlrs
14:48:49.18 (105267197)|ENTERING_MANAGED_PKG|dlrs
14:48:49.18 (105282910)|ENTERING_MANAGED_PKG|dlrs
14:48:49.18 (105302912)|ENTERING_MANAGED_PKG|dlrs
14:48:49.18 (105318660)|ENTERING_MANAGED_PKG|dlrs
14:48:49.18 (105337473)|ENTERING_MANAGED_PKG|dlrs
14:48:49.18 (105353359)|ENTERING_MANAGED_PKG|dlrs
14:48:49.18 (105381373)|ENTERING_MANAGED_PKG|dlrs
14:48:49.18 (105403140)|ENTERING_MANAGED_PKG|dlrs
14:48:49.18 (105435586)|ENTERING_MANAGED_PKG|dlrs
14:48:49.18 (105516979)|ENTERING_MANAGED_PKG|dlrs
14:48:49.18 (105548387)|ENTERING_MANAGED_PKG|dlrs
14:48:49.18 (105566269)|ENTERING_MANAGED_PKG|dlrs
14:48:49.18 (105578615)|ENTERING_MANAGED_PKG|dlrs
14:48:49.18 (105598862)|ENTERING_MANAGED_PKG|dlrs
14:48:49.18 (105619949)|ENTERING_MANAGED_PKG|dlrs
14:48:49.18 (105635969)|ENTERING_MANAGED_PKG|dlrs
14:48:49.18 (105654955)|ENTERING_MANAGED_PKG|dlrs
14:48:49.18 (105670525)|ENTERING_MANAGED_PKG|dlrs
14:48:49.18 (105689714)|ENTERING_MANAGED_PKG|dlrs
14:48:49.18 (105705383)|ENTERING_MANAGED_PKG|dlrs
14:48:49.18 (105724232)|ENTERING_MANAGED_PKG|dlrs
14:48:49.18 (105740143)|ENTERING_MANAGED_PKG|dlrs
14:48:49.18 (105759236)|ENTERING_MANAGED_PKG|dlrs
14:48:49.18 (105774734)|ENTERING_MANAGED_PKG|dlrs
14:48:49.18 (105793892)|ENTERING_MANAGED_PKG|dlrs
14:48:49.18 (105809449)|ENTERING_MANAGED_PKG|dlrs
14:48:49.18 (105828538)|ENTERING_MANAGED_PKG|dlrs
14:48:49.18 (105848659)|ENTERING_MANAGED_PKG|dlrs
14:48:49.18 (105868580)|ENTERING_MANAGED_PKG|dlrs
14:48:49.18 (105884437)|ENTERING_MANAGED_PKG|dlrs
14:48:49.18 (105903874)|ENTERING_MANAGED_PKG|dlrs
14:48:49.18 (105920358)|ENTERING_MANAGED_PKG|dlrs
14:48:49.18 (105939666)|ENTERING_MANAGED_PKG|dlrs
14:48:49.18 (105955706)|ENTERING_MANAGED_PKG|dlrs
14:48:49.18 (105975477)|ENTERING_MANAGED_PKG|dlrs
14:48:49.18 (105991217)|ENTERING_MANAGED_PKG|dlrs
14:48:49.18 (106010598)|ENTERING_MANAGED_PKG|dlrs
14:48:49.18 (106026997)|ENTERING_MANAGED_PKG|dlrs
14:48:49.18 (106046318)|ENTERING_MANAGED_PKG|dlrs
14:48:49.18 (106062040)|ENTERING_MANAGED_PKG|dlrs
14:48:49.18 (106085487)|ENTERING_MANAGED_PKG|dlrs
14:48:49.18 (106102611)|ENTERING_MANAGED_PKG|dlrs
14:48:49.18 (106122192)|ENTERING_MANAGED_PKG|dlrs
14:48:49.18 (106137858)|ENTERING_MANAGED_PKG|dlrs
14:48:49.18 (106157478)|ENTERING_MANAGED_PKG|dlrs
14:48:49.18 (106173159)|ENTERING_MANAGED_PKG|dlrs
14:48:49.18 (106192514)|ENTERING_MANAGED_PKG|dlrs
14:48:49.18 (106208439)|ENTERING_MANAGED_PKG|dlrs
14:48:49.18 (106227291)|ENTERING_MANAGED_PKG|dlrs
14:48:49.18 (106242689)|ENTERING_MANAGED_PKG|dlrs
14:48:49.18 (106265587)|ENTERING_MANAGED_PKG|dlrs
14:48:49.18 (106287469)|ENTERING_MANAGED_PKG|dlrs
14:48:49.18 (106315295)|ENTERING_MANAGED_PKG|dlrs
14:48:49.18 (106399539)|ENTERING_MANAGED_PKG|dlrs
14:48:49.18 (106434533)|ENTERING_MANAGED_PKG|dlrs
14:48:49.18 (106452778)|ENTERING_MANAGED_PKG|dlrs
14:48:49.18 (106464964)|ENTERING_MANAGED_PKG|dlrs
14:48:49.18 (106481183)|ENTERING_MANAGED_PKG|dlrs
14:48:49.18 (106500644)|ENTERING_MANAGED_PKG|dlrs
14:48:49.18 (106516473)|ENTERING_MANAGED_PKG|dlrs
14:48:49.18 (106535699)|ENTERING_MANAGED_PKG|dlrs
14:48:49.18 (106551580)|ENTERING_MANAGED_PKG|dlrs
14:48:49.18 (106570647)|ENTERING_MANAGED_PKG|dlrs
14:48:49.18 (106586528)|ENTERING_MANAGED_PKG|dlrs
14:48:49.18 (106609987)|ENTERING_MANAGED_PKG|dlrs
14:48:49.18 (106626808)|ENTERING_MANAGED_PKG|dlrs
14:48:49.18 (106646182)|ENTERING_MANAGED_PKG|dlrs
14:48:49.18 (106661847)|ENTERING_MANAGED_PKG|dlrs
14:48:49.18 (106680931)|ENTERING_MANAGED_PKG|dlrs
14:48:49.18 (106697325)|ENTERING_MANAGED_PKG|dlrs
14:48:49.18 (106716214)|ENTERING_MANAGED_PKG|dlrs
14:48:49.18 (106732087)|ENTERING_MANAGED_PKG|dlrs
14:48:49.18 (106751906)|ENTERING_MANAGED_PKG|dlrs
14:48:49.18 (106767853)|ENTERING_MANAGED_PKG|dlrs
14:48:49.18 (106791114)|ENTERING_MANAGED_PKG|dlrs
14:48:49.18 (106808106)|ENTERING_MANAGED_PKG|dlrs
14:48:49.18 (106827669)|ENTERING_MANAGED_PKG|dlrs
14:48:49.18 (106843787)|ENTERING_MANAGED_PKG|dlrs
14:48:49.18 (106863852)|ENTERING_MANAGED_PKG|dlrs
14:48:49.18 (106879823)|ENTERING_MANAGED_PKG|dlrs
14:48:49.18 (106899103)|ENTERING_MANAGED_PKG|dlrs
14:48:49.18 (106915035)|ENTERING_MANAGED_PKG|dlrs
14:48:49.18 (106934756)|ENTERING_MANAGED_PKG|dlrs
14:48:49.18 (106957049)|ENTERING_MANAGED_PKG|dlrs
14:48:49.18 (106978170)|ENTERING_MANAGED_PKG|dlrs
14:48:49.18 (106994498)|ENTERING_MANAGED_PKG|dlrs
14:48:49.18 (107014343)|ENTERING_MANAGED_PKG|dlrs
14:48:49.18 (107030900)|ENTERING_MANAGED_PKG|dlrs
14:48:49.18 (107050343)|ENTERING_MANAGED_PKG|dlrs
14:48:49.18 (107066332)|ENTERING_MANAGED_PKG|dlrs
14:48:49.18 (107085774)|ENTERING_MANAGED_PKG|dlrs
14:48:49.18 (107103922)|ENTERING_MANAGED_PKG|dlrs
14:48:49.18 (107126018)|ENTERING_MANAGED_PKG|dlrs
14:48:49.18 (107142621)|ENTERING_MANAGED_PKG|dlrs
14:48:49.18 (107165696)|ENTERING_MANAGED_PKG|dlrs
14:48:49.18 (107186834)|ENTERING_MANAGED_PKG|dlrs
14:48:49.18 (107214999)|ENTERING_MANAGED_PKG|dlrs
14:48:49.18 (107295902)|ENTERING_MANAGED_PKG|dlrs
14:48:49.18 (107326883)|ENTERING_MANAGED_PKG|dlrs
14:48:49.18 (107344413)|ENTERING_MANAGED_PKG|dlrs
14:48:49.18 (107356535)|ENTERING_MANAGED_PKG|dlrs
14:48:49.18 (107372487)|ENTERING_MANAGED_PKG|dlrs
14:48:49.18 (107392363)|ENTERING_MANAGED_PKG|dlrs
14:48:49.18 (107411363)|ENTERING_MANAGED_PKG|dlrs
14:48:49.18 (107431846)|ENTERING_MANAGED_PKG|dlrs
14:48:49.18 (107451729)|ENTERING_MANAGED_PKG|dlrs
14:48:49.18 (107472731)|ENTERING_MANAGED_PKG|dlrs
14:48:49.18 (107488975)|ENTERING_MANAGED_PKG|dlrs
14:48:49.18 (107508072)|ENTERING_MANAGED_PKG|dlrs
14:48:49.18 (107523610)|ENTERING_MANAGED_PKG|dlrs
14:48:49.18 (107542821)|ENTERING_MANAGED_PKG|dlrs
14:48:49.18 (107558421)|ENTERING_MANAGED_PKG|dlrs
14:48:49.18 (107577884)|ENTERING_MANAGED_PKG|dlrs
14:48:49.18 (107594488)|ENTERING_MANAGED_PKG|dlrs
14:48:49.18 (107613570)|ENTERING_MANAGED_PKG|dlrs
14:48:49.18 (107629084)|ENTERING_MANAGED_PKG|dlrs
14:48:49.18 (107648501)|ENTERING_MANAGED_PKG|dlrs
14:48:49.18 (107664067)|ENTERING_MANAGED_PKG|dlrs
14:48:49.18 (107682962)|ENTERING_MANAGED_PKG|dlrs
14:48:49.18 (107702586)|ENTERING_MANAGED_PKG|dlrs
14:48:49.18 (107723341)|ENTERING_MANAGED_PKG|dlrs
14:48:49.18 (107739739)|ENTERING_MANAGED_PKG|dlrs
14:48:49.18 (107759798)|ENTERING_MANAGED_PKG|dlrs
14:48:49.18 (107775844)|ENTERING_MANAGED_PKG|dlrs
14:48:49.18 (107794966)|ENTERING_MANAGED_PKG|dlrs
14:48:49.18 (107810851)|ENTERING_MANAGED_PKG|dlrs
14:48:49.18 (107830264)|ENTERING_MANAGED_PKG|dlrs
14:48:49.18 (107846269)|ENTERING_MANAGED_PKG|dlrs
14:48:49.18 (107865412)|ENTERING_MANAGED_PKG|dlrs
14:48:49.18 (107881150)|ENTERING_MANAGED_PKG|dlrs
14:48:49.18 (107900505)|ENTERING_MANAGED_PKG|dlrs
14:48:49.18 (107916875)|ENTERING_MANAGED_PKG|dlrs
14:48:49.18 (107940508)|ENTERING_MANAGED_PKG|dlrs
14:48:49.18 (107958592)|ENTERING_MANAGED_PKG|dlrs
14:48:49.18 (107978628)|ENTERING_MANAGED_PKG|dlrs
14:48:49.18 (107994461)|ENTERING_MANAGED_PKG|dlrs
14:48:49.18 (108013476)|ENTERING_MANAGED_PKG|dlrs
14:48:49.18 (108029822)|ENTERING_MANAGED_PKG|dlrs
14:48:49.18 (108052416)|ENTERING_MANAGED_PKG|dlrs
14:48:49.18 (108073628)|ENTERING_MANAGED_PKG|dlrs
14:48:49.18 (108101882)|ENTERING_MANAGED_PKG|dlrs
14:48:49.18 (108283724)|ENTERING_MANAGED_PKG|dlrs
14:48:49.18 (108325196)|ENTERING_MANAGED_PKG|dlrs
14:48:49.18 (108499484)|ENTERING_MANAGED_PKG|dlrs
14:48:49.18 (108514911)|ENTERING_MANAGED_PKG|dlrs
14:48:49.18 (108532641)|ENTERING_MANAGED_PKG|dlrs
14:48:49.18 (108750896)|ENTERING_MANAGED_PKG|dlrs
14:48:49.18 (108760801)|ENTERING_MANAGED_PKG|dlrs
14:48:49.18 (108831779)|ENTERING_MANAGED_PKG|dlrs
14:48:49.18 (108842326)|ENTERING_MANAGED_PKG|dlrs
14:48:49.18 (108851122)|ENTERING_MANAGED_PKG|dlrs
14:48:49.18 (108965108)|ENTERING_MANAGED_PKG|dlrs
14:48:49.18 (108974974)|ENTERING_MANAGED_PKG|dlrs
14:48:49.18 (109042105)|ENTERING_MANAGED_PKG|dlrs
14:48:49.18 (109053946)|ENTERING_MANAGED_PKG|dlrs
14:48:49.18 (109062901)|ENTERING_MANAGED_PKG|dlrs
14:48:49.18 (109174699)|ENTERING_MANAGED_PKG|dlrs
14:48:49.18 (109184190)|ENTERING_MANAGED_PKG|dlrs
14:48:49.18 (109251233)|ENTERING_MANAGED_PKG|dlrs
14:48:49.18 (109261558)|ENTERING_MANAGED_PKG|dlrs
14:48:49.18 (109270294)|ENTERING_MANAGED_PKG|dlrs
14:48:49.18 (109377707)|ENTERING_MANAGED_PKG|dlrs
14:48:49.18 (109389717)|ENTERING_MANAGED_PKG|dlrs
14:48:49.18 (109463437)|ENTERING_MANAGED_PKG|dlrs
14:48:49.18 (109474129)|ENTERING_MANAGED_PKG|dlrs
14:48:49.18 (109483032)|ENTERING_MANAGED_PKG|dlrs
14:48:49.18 (109589914)|ENTERING_MANAGED_PKG|dlrs
14:48:49.18 (109599374)|ENTERING_MANAGED_PKG|dlrs
14:48:49.18 (109666044)|ENTERING_MANAGED_PKG|dlrs
14:48:49.18 (109679574)|ENTERING_MANAGED_PKG|dlrs
14:48:49.18 (109689479)|ENTERING_MANAGED_PKG|dlrs
14:48:49.18 (109797285)|ENTERING_MANAGED_PKG|dlrs
14:48:49.18 (109806772)|ENTERING_MANAGED_PKG|dlrs
14:48:49.18 (109872488)|ENTERING_MANAGED_PKG|dlrs
14:48:49.18 (109886567)|ENTERING_MANAGED_PKG|dlrs
14:48:49.18 (109896343)|ENTERING_MANAGED_PKG|dlrs
14:48:49.18 (110002928)|ENTERING_MANAGED_PKG|dlrs
14:48:49.18 (110013017)|ENTERING_MANAGED_PKG|dlrs
14:48:49.18 (110079048)|ENTERING_MANAGED_PKG|dlrs
14:48:49.18 (110089468)|ENTERING_MANAGED_PKG|dlrs
14:48:49.18 (110098234)|ENTERING_MANAGED_PKG|dlrs
14:48:49.18 (110207306)|ENTERING_MANAGED_PKG|dlrs
14:48:49.18 (110216819)|ENTERING_MANAGED_PKG|dlrs
14:48:49.18 (110282868)|ENTERING_MANAGED_PKG|dlrs
14:48:49.18 (110293231)|ENTERING_MANAGED_PKG|dlrs
14:48:49.18 (110301883)|ENTERING_MANAGED_PKG|dlrs
14:48:49.18 (128532879)|ENTERING_MANAGED_PKG|dlrs
14:48:49.18 (128674405)|ENTERING_MANAGED_PKG|dlrs
14:48:49.130 (130737613)|CUMULATIVE_LIMIT_USAGE
14:48:49.130 (130737613)|LIMIT_USAGE_FOR_NS|(default)|
  Number of SOQL queries: 0 out of 100
  Number of query rows: 0 out of 50000
  Number of SOSL queries: 0 out of 20
  Number of DML statements: 0 out of 150
  Number of DML rows: 0 out of 10000
  Maximum CPU time: 0 out of 10000
  Maximum heap size: 0 out of 6000000
  Number of callouts: 0 out of 100
  Number of Email Invocations: 0 out of 10
  Number of future calls: 0 out of 50
  Number of queueable jobs added to the queue: 0 out of 50
  Number of Mobile Apex push calls: 0 out of 10

14:48:49.130 (130737613)|LIMIT_USAGE_FOR_NS|dlrs|
  Number of SOQL queries: 0 out of 100
  Number of query rows: 9 out of 50000
  Number of SOSL queries: 0 out of 20
  Number of DML statements: 0 out of 150
  Number of DML rows: 0 out of 10000
  Maximum CPU time: 0 out of 10000
  Maximum heap size: 0 out of 6000000
  Number of callouts: 0 out of 100
  Number of Email Invocations: 0 out of 10
  Number of future calls: 0 out of 50
  Number of queueable jobs added to the queue: 0 out of 50
  Number of Mobile Apex push calls: 0 out of 10

14:48:49.130 (130737613)|CUMULATIVE_LIMIT_USAGE_END

