39.0 APEX_CODE,FINEST;APEX_PROFILING,FINEST;CALLOUT,NONE;DB,FINEST;SYSTEM,FINE;VALIDATION,INFO;VISUALFORCE,INFO;WAVE,INFO;WORKFLOW,FINER
11:33:53.0 (83111)|USER_INFO|[EXTERNAL]|005O0000003t7an|ricky.lowe@jhg.com.au.pcphase2|Australian Eastern Standard Time|GMT+10:00
11:33:53.0 (119575)|EXECUTION_STARTED
11:33:53.0 (125840)|CODE_UNIT_STARTED|[EXTERNAL]|aura
11:33:53.0 (609805)|HEAP_ALLOCATE|[72]|Bytes:3
11:33:53.0 (663686)|HEAP_ALLOCATE|[77]|Bytes:152
11:33:53.0 (689110)|HEAP_ALLOCATE|[342]|Bytes:408
11:33:53.0 (718917)|HEAP_ALLOCATE|[355]|Bytes:408
11:33:53.0 (748335)|HEAP_ALLOCATE|[467]|Bytes:48
11:33:53.0 (790625)|HEAP_ALLOCATE|[139]|Bytes:6
11:33:53.0 (829996)|HEAP_ALLOCATE|[EXTERNAL]|Bytes:18
11:33:53.0 (840233)|HEAP_ALLOCATE|[EXTERNAL]|Bytes:18
11:33:53.0 (2082376)|CODE_UNIT_STARTED|[EXTERNAL]|01pO0000000372v|KCRAController.getAllKCRARecords
11:33:53.0 (2247875)|HEAP_ALLOCATE|[EXTERNAL]|Bytes:5
11:33:53.0 (2254145)|HEAP_ALLOCATE|[EXTERNAL]|Bytes:14
11:33:53.0 (2264629)|METHOD_ENTRY|[11]|01pO0000000372v|KCRAController.KCRAController()
11:33:53.0 (2267372)|STATEMENT_EXECUTE|[11]
11:33:53.0 (2272190)|STATEMENT_EXECUTE|[11]
11:33:53.0 (2276307)|METHOD_EXIT|[11]|KCRAController
11:33:53.0 (2280032)|HEAP_ALLOCATE|[EXTERNAL]|Bytes:18
11:33:53.0 (2288388)|SYSTEM_MODE_ENTER|false
11:33:53.0 (2297002)|VARIABLE_SCOPE_BEGIN|[14]|opportunityId|String|false|false
11:33:53.0 (2316382)|VARIABLE_ASSIGNMENT|[14]|opportunityId|"006O0000008lbEOIAY"
11:33:53.0 (2327720)|STATEMENT_EXECUTE|[14]
11:33:53.0 (2329108)|STATEMENT_EXECUTE|[17]
11:33:53.0 (2332273)|HEAP_ALLOCATE|[17]|Bytes:204
11:33:53.0 (2344956)|HEAP_ALLOCATE|[17]|Bytes:4
11:33:53.0 (2358773)|HEAP_ALLOCATE|[17]|Bytes:7
11:33:53.0 (2405394)|HEAP_ALLOCATE|[50]|Bytes:5
11:33:53.0 (2427167)|HEAP_ALLOCATE|[56]|Bytes:5
11:33:53.0 (2434887)|HEAP_ALLOCATE|[64]|Bytes:7
11:33:53.0 (2879077)|SOQL_EXECUTE_BEGIN|[17]|Aggregations:0|SELECT Id, name, recordtypeId, applicable__c, approved__c, itemno__c, KCRA_Item__c, Opportunity__c FROM Key_Commercial_Risks_Approvals__c WHERE Opportunity__c = :tmpVar1 ORDER BY itemno__c ASC NULLS FIRST
11:33:53.0 (2889698)|LIMIT_USAGE|[17]|SOQL|1|100
11:33:53.0 (2898278)|LIMIT_USAGE|[17]|AGGS|0|300
11:33:53.0 (9085111)|SOQL_EXECUTE_END|[17]|Rows:25
11:33:53.0 (9092244)|LIMIT_USAGE|[17]|SOQL_ROWS|25|50000
11:33:53.0 (9108326)|HEAP_ALLOCATE|[17]|Bytes:104
11:33:53.0 (9186481)|HEAP_ALLOCATE|[17]|Bytes:7121
11:33:53.0 (9224164)|HEAP_ALLOCATE|[17]|Bytes:104
11:33:53.0 (9234880)|VARIABLE_SCOPE_BEGIN|[17]|allKCRAs|List<Key_Commercial_Risks_Approvals__c>|true|false
11:33:53.0 (9257479)|VARIABLE_ASSIGNMENT|[17]|allKCRAs|"List of size 25 too large to display"|0x13239d59
11:33:53.0 (9261202)|STATEMENT_EXECUTE|[27]
11:33:53.0 (9270748)|SYSTEM_MODE_EXIT|false
11:33:53.9 (9295684)|CUMULATIVE_LIMIT_USAGE
11:33:53.9 (9295684)|LIMIT_USAGE_FOR_NS|(default)|
  Number of SOQL queries: 1 out of 100
  Number of query rows: 25 out of 50000
  Number of SOSL queries: 0 out of 20
  Number of DML statements: 0 out of 150
  Number of DML rows: 0 out of 10000
  Maximum CPU time: 0 out of 10000
  Maximum heap size: 0 out of 6000000
  Number of callouts: 0 out of 100
  Number of Email Invocations: 0 out of 10
  Number of future calls: 0 out of 50
  Number of queueable jobs added to the queue: 0 out of 50
  Number of Mobile Apex push calls: 0 out of 10

11:33:53.9 (9295684)|TOTAL_EMAIL_RECIPIENTS_QUEUED|0
11:33:53.9 (9295684)|STATIC_VARIABLE_LIST|
  char[]:DigitTens:0
  long:serialVersionUID:0
  long:serialVersionUID:0
  double:MAX_VALUE:0
  Boolean:FALSE:0
  long:serialVersionUID:0
  String:_sfdcAdditionalCodeLocations:0
  double:MIN_VALUE:0
  int:SIZE:0
  double:NEGATIVE_INFINITY:0
  int:MAX_VALUE:0
  char[]:digits:0
  double:NaN:0
  Boolean:TRUE:0
  int:MIN_VALUE:0
  char[]:DigitOnes:0
  int:BYTES:0
  int:MIN_EXPONENT:0
  int[]:sizeTable:0
  int:MAX_EXPONENT:0
  String:_sfdcSuppressedCodeLocations:0
  int:SIZE:0
  double:POSITIVE_INFINITY:0
  double:MIN_NORMAL:0
  int:BYTES:0

11:33:53.9 (9295684)|CUMULATIVE_LIMIT_USAGE_END

11:33:53.0 (9402683)|CODE_UNIT_FINISHED|KCRAController.getAllKCRARecords
11:33:53.0 (9777172)|HEAP_ALLOCATE|[EXTERNAL]|Bytes:18
11:33:53.0 (9786741)|HEAP_ALLOCATE|[EXTERNAL]|Bytes:18
11:33:53.0 (12731514)|CODE_UNIT_STARTED|[EXTERNAL]|01pO00000003Dck|PRAController.getAllPRARecords
11:33:53.0 (12797322)|HEAP_ALLOCATE|[EXTERNAL]|Bytes:11
11:33:53.0 (12803620)|HEAP_ALLOCATE|[EXTERNAL]|Bytes:11
11:33:53.0 (12813703)|METHOD_ENTRY|[1]|01pO00000003Dck|PRAController.PRAController()
11:33:53.0 (12816221)|STATEMENT_EXECUTE|[1]
11:33:53.0 (12819599)|STATEMENT_EXECUTE|[1]
11:33:53.0 (12824300)|METHOD_EXIT|[1]|PRAController
11:33:53.0 (12827869)|HEAP_ALLOCATE|[EXTERNAL]|Bytes:18
11:33:53.0 (12834433)|SYSTEM_MODE_ENTER|false
11:33:53.0 (12840205)|VARIABLE_SCOPE_BEGIN|[15]|opportunityId|String|false|false
11:33:53.0 (12847246)|VARIABLE_ASSIGNMENT|[15]|opportunityId|"006O0000008lbEOIAY"
11:33:53.0 (12853040)|STATEMENT_EXECUTE|[15]
11:33:53.0 (12854322)|STATEMENT_EXECUTE|[18]
11:33:53.0 (12857218)|HEAP_ALLOCATE|[18]|Bytes:508
11:33:53.0 (12864657)|HEAP_ALLOCATE|[18]|Bytes:4
11:33:53.0 (13489960)|SOQL_EXECUTE_BEGIN|[18]|Aggregations:0|SELECT Id, name, Category__c, Is_Critical_Risk__c, ItemNo__c, Mitigation_Strategy__c, Rating__c, Risk_Item__c, description__c, Help_Text_0A__c, Help_Text_0B__c, Help_Text_0C__c, Help_Text_1A__c, Help_Text_1B__c, Help_Text_1C__c, Help_Text_2A__c, Help_Text_2B__c, Help_Text_2C__c, Help_Text_3A__c, Help_Text_3B__c, Help_Text_3C__c, Mitigation_Advice__c, Selected_Indicators__c, Selected_Indicators_With_Text__c FROM Project_Risk_Assessment__c WHERE Opportunity__c = :tmpVar1 ORDER BY ItemNo__c ASC NULLS FIRST
11:33:53.0 (13500206)|LIMIT_USAGE|[18]|SOQL|2|100
11:33:53.0 (13506994)|LIMIT_USAGE|[18]|AGGS|0|300
11:33:53.0 (41755926)|SOQL_EXECUTE_END|[18]|Rows:25
11:33:53.0 (41770323)|LIMIT_USAGE|[18]|SOQL_ROWS|50|50000
11:33:53.0 (41792259)|HEAP_ALLOCATE|[18]|Bytes:104
11:33:53.0 (41854730)|HEAP_ALLOCATE|[18]|Bytes:8886
11:33:53.0 (41903818)|HEAP_ALLOCATE|[18]|Bytes:104
11:33:53.0 (41922964)|VARIABLE_SCOPE_BEGIN|[18]|allPRAs|List<Project_Risk_Assessment__c>|true|false
11:33:53.0 (41949762)|VARIABLE_ASSIGNMENT|[18]|allPRAs|"List of size 25 too large to display"|0xf20522b
11:33:53.0 (41954079)|STATEMENT_EXECUTE|[26]
11:33:53.0 (41969407)|SYSTEM_MODE_EXIT|false
11:33:53.41 (41994476)|CUMULATIVE_LIMIT_USAGE
11:33:53.41 (41994476)|LIMIT_USAGE_FOR_NS|(default)|
  Number of SOQL queries: 2 out of 100
  Number of query rows: 50 out of 50000
  Number of SOSL queries: 0 out of 20
  Number of DML statements: 0 out of 150
  Number of DML rows: 0 out of 10000
  Maximum CPU time: 0 out of 10000
  Maximum heap size: 0 out of 6000000
  Number of callouts: 0 out of 100
  Number of Email Invocations: 0 out of 10
  Number of future calls: 0 out of 50
  Number of queueable jobs added to the queue: 0 out of 50
  Number of Mobile Apex push calls: 0 out of 10

11:33:53.41 (41994476)|TOTAL_EMAIL_RECIPIENTS_QUEUED|0
11:33:53.41 (41994476)|STATIC_VARIABLE_LIST|
  char[]:DigitTens:0
  long:serialVersionUID:0
  long:serialVersionUID:0
  double:MAX_VALUE:0
  Boolean:FALSE:0
  long:serialVersionUID:0
  String:_sfdcAdditionalCodeLocations:0
  double:MIN_VALUE:0
  int:SIZE:0
  double:NEGATIVE_INFINITY:0
  int:MAX_VALUE:0
  char[]:digits:0
  double:NaN:0
  Boolean:TRUE:0
  int:MIN_VALUE:0
  String:_sfdcSuppressedCodeLocations:0
  char[]:DigitOnes:0
  int:BYTES:0
  int:MIN_EXPONENT:0
  int[]:sizeTable:0
  int:MAX_EXPONENT:0
  String:_sfdcSuppressedCodeLocations:0
  String:_sfdcAdditionalCodeLocations:0
  int:SIZE:0
  double:POSITIVE_INFINITY:0
  double:MIN_NORMAL:0
  int:BYTES:0

11:33:53.41 (41994476)|CUMULATIVE_LIMIT_USAGE_END

11:33:53.0 (42112767)|CODE_UNIT_FINISHED|PRAController.getAllPRARecords
11:33:53.552 (552518478)|CUMULATIVE_PROFILING_BEGIN
11:33:53.552 (552518478)|CUMULATIVE_PROFILING|SOQL operations|
Class.PRAController.getAllPRARecords: line 18, column 1: [SELECT Id,name,Category__c,Is_Critical_Risk__c,ItemNo__c,Mitigation_Strategy__c,Rating__c,Risk_Item__c,
                                                             		description__c,Help_Text_0A__c,Help_Text_0B__c,Help_Text_0C__c,Help_Text_1A__c,Help_Text_1B__c, 
                                                             		Help_Text_1C__c,Help_Text_2A__c,Help_Text_2B__c,Help_Text_2C__c,Help_Text_3A__c,Help_Text_3B__c,
                                                             		Help_Text_3C__c,Mitigation_Advice__c,Selected_Indicators__c,Selected_Indicators_With_Text__c
												   FROM Project_Risk_Assessment__c
                                                   WHERE Opportunity__c = :opportunityId
                                                   ORDER BY ItemNo__c]: executed 1 time in 29 ms
Class.KCRAController.getAllKCRARecords: line 17, column 1: [SELECT   Id,name,
                                                           			recordtypeId,
                                                           			applicable__c,
                                                           			approved__c,
                                                           			itemno__c,
                                                           			KCRA_Item__c,Opportunity__c 
                                 							FROM     Key_Commercial_Risks_Approvals__c 
                                 							WHERE    Opportunity__c = :opportunityId
                                                           	ORDER BY itemno__c]: executed 1 time in 7 ms

11:33:53.552 (552518478)|CUMULATIVE_PROFILING|No profiling information for SOSL operations
11:33:53.552 (552518478)|CUMULATIVE_PROFILING|No profiling information for DML operations
11:33:53.552 (552518478)|CUMULATIVE_PROFILING|method invocations|
External entry point: public static List<Project_Risk_Assessment__c> getAllPRARecords(String): executed 1 time in 29 ms
External entry point: public static List<Key_Commercial_Risks_Approvals__c> getAllKCRARecords(String): executed 1 time in 7 ms

11:33:53.552 (552518478)|CUMULATIVE_PROFILING_END
