39.0 APEX_CODE,FINEST;APEX_PROFILING,FINEST;CALLOUT,INFO;DB,INFO;SYSTEM,DEBUG;VALIDATION,INFO;VISUALFORCE,INFO;WAVE,INFO;WORKFLOW,INFO
14:20:51.0 (366972)|USER_INFO|[EXTERNAL]|00528000006B07F|dev@systempartners.com.prod.pcphase2|Australian Eastern Standard Time|GMT+11:00
14:20:51.0 (395151)|EXECUTION_STARTED
14:20:51.0 (399814)|CODE_UNIT_STARTED|[EXTERNAL]|aura
14:20:51.0 (856745)|HEAP_ALLOCATE|[72]|Bytes:3
14:20:51.0 (897665)|HEAP_ALLOCATE|[77]|Bytes:152
14:20:51.0 (911856)|HEAP_ALLOCATE|[342]|Bytes:408
14:20:51.0 (930882)|HEAP_ALLOCATE|[355]|Bytes:408
14:20:51.0 (948909)|HEAP_ALLOCATE|[467]|Bytes:48
14:20:51.0 (973072)|HEAP_ALLOCATE|[139]|Bytes:6
14:20:51.0 (995314)|HEAP_ALLOCATE|[EXTERNAL]|Bytes:18
14:20:51.0 (1007118)|HEAP_ALLOCATE|[EXTERNAL]|Bytes:18
14:20:51.0 (2892478)|CODE_UNIT_STARTED|[EXTERNAL]|01pO0000000372v|KCRAController.getAllKCRARecords
14:20:51.0 (2965534)|HEAP_ALLOCATE|[EXTERNAL]|Bytes:5
14:20:51.0 (2970898)|HEAP_ALLOCATE|[EXTERNAL]|Bytes:14
14:20:51.0 (2979550)|METHOD_ENTRY|[11]|01pO0000000372v|KCRAController.KCRAController()
14:20:51.0 (2982958)|STATEMENT_EXECUTE|[11]
14:20:51.0 (2988302)|STATEMENT_EXECUTE|[11]
14:20:51.0 (2993824)|METHOD_EXIT|[11]|KCRAController
14:20:51.0 (2997720)|HEAP_ALLOCATE|[EXTERNAL]|Bytes:18
14:20:51.0 (3006977)|SYSTEM_MODE_ENTER|false
14:20:51.0 (3015302)|VARIABLE_SCOPE_BEGIN|[14]|opportunityId|String|false|false
14:20:51.0 (3035775)|VARIABLE_ASSIGNMENT|[14]|opportunityId|"006O0000008kRsJIAU"
14:20:51.0 (3044158)|STATEMENT_EXECUTE|[14]
14:20:51.0 (3045579)|STATEMENT_EXECUTE|[17]
14:20:51.0 (3048516)|HEAP_ALLOCATE|[17]|Bytes:204
14:20:51.0 (3059655)|HEAP_ALLOCATE|[17]|Bytes:4
14:20:51.0 (3070908)|HEAP_ALLOCATE|[17]|Bytes:7
14:20:51.0 (3114188)|HEAP_ALLOCATE|[50]|Bytes:5
14:20:51.0 (3135006)|HEAP_ALLOCATE|[56]|Bytes:5
14:20:51.0 (3142663)|HEAP_ALLOCATE|[64]|Bytes:7
14:20:51.0 (3542252)|SOQL_EXECUTE_BEGIN|[17]|Aggregations:0|SELECT Id, name, recordtypeId, applicable__c, approved__c, itemno__c, KCRA_Item__c, Opportunity__c FROM Key_Commercial_Risks_Approvals__c WHERE Opportunity__c = :tmpVar1 ORDER BY itemno__c ASC NULLS FIRST
14:20:51.0 (3550955)|LIMIT_USAGE|[17]|SOQL|1|100
14:20:51.0 (3558287)|LIMIT_USAGE|[17]|AGGS|0|300
14:20:51.0 (7999780)|SOQL_EXECUTE_END|[17]|Rows:12
14:20:51.0 (8008417)|LIMIT_USAGE|[17]|SOQL_ROWS|12|50000
14:20:51.0 (8025052)|HEAP_ALLOCATE|[17]|Bytes:52
14:20:51.0 (8079491)|HEAP_ALLOCATE|[17]|Bytes:3578
14:20:51.0 (8170338)|HEAP_ALLOCATE|[17]|Bytes:52
14:20:51.0 (8186273)|VARIABLE_SCOPE_BEGIN|[17]|allKCRAs|List<Key_Commercial_Risks_Approvals__c>|true|false
14:20:51.0 (8205594)|VARIABLE_ASSIGNMENT|[17]|allKCRAs|"List of size 12 too large to display"|0x5a8c73a7
14:20:51.0 (8209046)|STATEMENT_EXECUTE|[27]
14:20:51.0 (8220305)|SYSTEM_MODE_EXIT|false
14:20:51.8 (8245711)|CUMULATIVE_LIMIT_USAGE
14:20:51.8 (8245711)|LIMIT_USAGE_FOR_NS|(default)|
  Number of SOQL queries: 1 out of 100
  Number of query rows: 12 out of 50000
  Number of SOSL queries: 0 out of 20
  Number of DML statements: 0 out of 150
  Number of DML rows: 0 out of 10000
  Maximum CPU time: 0 out of 10000
  Maximum heap size: 0 out of 6000000
  Number of callouts: 0 out of 100
  Number of Email Invocations: 0 out of 10
  Number of future calls: 0 out of 50
  Number of queueable jobs added to the queue: 0 out of 50
  Number of Mobile Apex push calls: 0 out of 10

14:20:51.8 (8245711)|TOTAL_EMAIL_RECIPIENTS_QUEUED|0
14:20:51.8 (8245711)|STATIC_VARIABLE_LIST|
  char[]:DigitTens:0
  long:serialVersionUID:0
  long:serialVersionUID:0
  double:MAX_VALUE:0
  Boolean:FALSE:0
  long:serialVersionUID:0
  String:_sfdcAdditionalCodeLocations:0
  double:MIN_VALUE:0
  int:SIZE:0
  double:NEGATIVE_INFINITY:0
  int:MAX_VALUE:0
  char[]:digits:0
  double:NaN:0
  Boolean:TRUE:0
  int:MIN_VALUE:0
  char[]:DigitOnes:0
  int:BYTES:0
  int:MIN_EXPONENT:0
  int[]:sizeTable:0
  int:MAX_EXPONENT:0
  String:_sfdcSuppressedCodeLocations:0
  int:SIZE:0
  double:POSITIVE_INFINITY:0
  double:MIN_NORMAL:0
  int:BYTES:0

14:20:51.8 (8245711)|CUMULATIVE_LIMIT_USAGE_END

14:20:51.0 (8355787)|CODE_UNIT_FINISHED|KCRAController.getAllKCRARecords
14:20:51.0 (8667569)|HEAP_ALLOCATE|[EXTERNAL]|Bytes:18
14:20:51.0 (8684821)|HEAP_ALLOCATE|[EXTERNAL]|Bytes:18
14:20:51.0 (10710136)|CODE_UNIT_STARTED|[EXTERNAL]|01pO00000003Dck|PRAController.getAllPRARecords
14:20:51.0 (10775309)|HEAP_ALLOCATE|[EXTERNAL]|Bytes:8
14:20:51.0 (10781957)|HEAP_ALLOCATE|[EXTERNAL]|Bytes:2
14:20:51.0 (10796265)|METHOD_ENTRY|[1]|01pO00000003Dck|PRAController.PRAController()
14:20:51.0 (10799023)|STATEMENT_EXECUTE|[1]
14:20:51.0 (10802909)|STATEMENT_EXECUTE|[1]
14:20:51.0 (10808548)|METHOD_EXIT|[1]|PRAController
14:20:51.0 (10812283)|HEAP_ALLOCATE|[EXTERNAL]|Bytes:18
14:20:51.0 (10819458)|SYSTEM_MODE_ENTER|false
14:20:51.0 (10825552)|VARIABLE_SCOPE_BEGIN|[15]|opportunityId|String|false|false
14:20:51.0 (10833468)|VARIABLE_ASSIGNMENT|[15]|opportunityId|"006O0000008kRsJIAU"
14:20:51.0 (10840058)|STATEMENT_EXECUTE|[15]
14:20:51.0 (10841499)|STATEMENT_EXECUTE|[18]
14:20:51.0 (10844980)|HEAP_ALLOCATE|[18]|Bytes:508
14:20:51.0 (10852979)|HEAP_ALLOCATE|[18]|Bytes:4
14:20:51.0 (11457085)|SOQL_EXECUTE_BEGIN|[18]|Aggregations:0|SELECT Id, name, Category__c, Is_Critical_Risk__c, ItemNo__c, Mitigation_Strategy__c, Rating__c, Risk_Item__c, description__c, Help_Text_0A__c, Help_Text_0B__c, Help_Text_0C__c, Help_Text_1A__c, Help_Text_1B__c, Help_Text_1C__c, Help_Text_2A__c, Help_Text_2B__c, Help_Text_2C__c, Help_Text_3A__c, Help_Text_3B__c, Help_Text_3C__c, Mitigation_Advice__c, Selected_Indicators__c, Selected_Indicators_With_Text__c FROM Project_Risk_Assessment__c WHERE Opportunity__c = :tmpVar1 ORDER BY ItemNo__c ASC NULLS FIRST
14:20:51.0 (11466148)|LIMIT_USAGE|[18]|SOQL|2|100
14:20:51.0 (11475226)|LIMIT_USAGE|[18]|AGGS|0|300
14:20:51.0 (26771799)|SOQL_EXECUTE_END|[18]|Rows:25
14:20:51.0 (26783824)|LIMIT_USAGE|[18]|SOQL_ROWS|37|50000
14:20:51.0 (26802775)|HEAP_ALLOCATE|[18]|Bytes:104
14:20:51.0 (26870463)|HEAP_ALLOCATE|[18]|Bytes:10109
14:20:51.0 (26907218)|HEAP_ALLOCATE|[18]|Bytes:104
14:20:51.0 (26923265)|VARIABLE_SCOPE_BEGIN|[18]|allPRAs|List<Project_Risk_Assessment__c>|true|false
14:20:51.0 (26947131)|VARIABLE_ASSIGNMENT|[18]|allPRAs|"List of size 25 too large to display"|0x664d04c
14:20:51.0 (26951045)|STATEMENT_EXECUTE|[26]
14:20:51.0 (26965224)|SYSTEM_MODE_EXIT|false
14:20:51.26 (26992181)|CUMULATIVE_LIMIT_USAGE
14:20:51.26 (26992181)|LIMIT_USAGE_FOR_NS|(default)|
  Number of SOQL queries: 2 out of 100
  Number of query rows: 37 out of 50000
  Number of SOSL queries: 0 out of 20
  Number of DML statements: 0 out of 150
  Number of DML rows: 0 out of 10000
  Maximum CPU time: 0 out of 10000
  Maximum heap size: 0 out of 6000000
  Number of callouts: 0 out of 100
  Number of Email Invocations: 0 out of 10
  Number of future calls: 0 out of 50
  Number of queueable jobs added to the queue: 0 out of 50
  Number of Mobile Apex push calls: 0 out of 10

14:20:51.26 (26992181)|TOTAL_EMAIL_RECIPIENTS_QUEUED|0
14:20:51.26 (26992181)|STATIC_VARIABLE_LIST|
  char[]:DigitTens:0
  long:serialVersionUID:0
  long:serialVersionUID:0
  double:MAX_VALUE:0
  Boolean:FALSE:0
  long:serialVersionUID:0
  String:_sfdcAdditionalCodeLocations:0
  double:MIN_VALUE:0
  int:SIZE:0
  double:NEGATIVE_INFINITY:0
  int:MAX_VALUE:0
  char[]:digits:0
  double:NaN:0
  Boolean:TRUE:0
  int:MIN_VALUE:0
  String:_sfdcSuppressedCodeLocations:0
  char[]:DigitOnes:0
  int:BYTES:0
  int:MIN_EXPONENT:0
  int[]:sizeTable:0
  int:MAX_EXPONENT:0
  String:_sfdcSuppressedCodeLocations:0
  String:_sfdcAdditionalCodeLocations:0
  int:SIZE:0
  double:POSITIVE_INFINITY:0
  double:MIN_NORMAL:0
  int:BYTES:0

14:20:51.26 (26992181)|CUMULATIVE_LIMIT_USAGE_END

14:20:51.0 (27095106)|CODE_UNIT_FINISHED|PRAController.getAllPRARecords
14:20:51.111 (111959375)|CUMULATIVE_PROFILING_BEGIN
14:20:51.111 (111959375)|CUMULATIVE_PROFILING|SOQL operations|
Class.PRAController.getAllPRARecords: line 18, column 1: [SELECT Id,name,Category__c,Is_Critical_Risk__c,ItemNo__c,Mitigation_Strategy__c,Rating__c,Risk_Item__c,
                                                             		description__c,Help_Text_0A__c,Help_Text_0B__c,Help_Text_0C__c,Help_Text_1A__c,Help_Text_1B__c, 
                                                             		Help_Text_1C__c,Help_Text_2A__c,Help_Text_2B__c,Help_Text_2C__c,Help_Text_3A__c,Help_Text_3B__c,
                                                             		Help_Text_3C__c,Mitigation_Advice__c,Selected_Indicators__c,Selected_Indicators_With_Text__c
												   FROM Project_Risk_Assessment__c
                                                   WHERE Opportunity__c = :opportunityId
                                                   ORDER BY ItemNo__c]: executed 1 time in 16 ms
Class.KCRAController.getAllKCRARecords: line 17, column 1: [SELECT   Id,name,
                                                           			recordtypeId,
                                                           			applicable__c,
                                                           			approved__c,
                                                           			itemno__c,
                                                           			KCRA_Item__c,Opportunity__c 
                                 							FROM     Key_Commercial_Risks_Approvals__c 
                                 							WHERE    Opportunity__c = :opportunityId
                                                           	ORDER BY itemno__c]: executed 1 time in 5 ms

14:20:51.111 (111959375)|CUMULATIVE_PROFILING|No profiling information for SOSL operations
14:20:51.111 (111959375)|CUMULATIVE_PROFILING|No profiling information for DML operations
14:20:51.111 (111959375)|CUMULATIVE_PROFILING|method invocations|
External entry point: public static List<Project_Risk_Assessment__c> getAllPRARecords(String): executed 1 time in 16 ms
External entry point: public static List<Key_Commercial_Risks_Approvals__c> getAllKCRARecords(String): executed 1 time in 5 ms

14:20:51.111 (111959375)|CUMULATIVE_PROFILING_END
