39.0 APEX_CODE,FINEST;APEX_PROFILING,FINEST;CALLOUT,NONE;DB,FINEST;SYSTEM,FINE;VALIDATION,INFO;VISUALFORCE,INFO;WAVE,INFO;WORKFLOW,FINER
14:33:42.0 (545381)|USER_INFO|[EXTERNAL]|00528000006B07F|dev@systempartners.com.prod.pcphase2|Australian Eastern Standard Time|GMT+11:00
14:33:42.0 (579821)|EXECUTION_STARTED
14:33:42.0 (584603)|CODE_UNIT_STARTED|[EXTERNAL]|aura
14:33:42.0 (1018844)|HEAP_ALLOCATE|[72]|Bytes:3
14:33:42.0 (1065744)|HEAP_ALLOCATE|[77]|Bytes:152
14:33:42.0 (1088271)|HEAP_ALLOCATE|[342]|Bytes:408
14:33:42.0 (1115118)|HEAP_ALLOCATE|[355]|Bytes:408
14:33:42.0 (1138890)|HEAP_ALLOCATE|[467]|Bytes:48
14:33:42.0 (1167974)|HEAP_ALLOCATE|[139]|Bytes:6
14:33:42.0 (1198548)|HEAP_ALLOCATE|[EXTERNAL]|Bytes:18
14:33:42.0 (1207051)|HEAP_ALLOCATE|[EXTERNAL]|Bytes:18
14:33:42.0 (2865376)|CODE_UNIT_STARTED|[EXTERNAL]|01pO00000003MVy|ApprovalController.getOpportunityRecord
14:33:42.0 (2996644)|HEAP_ALLOCATE|[EXTERNAL]|Bytes:5
14:33:42.0 (3005052)|HEAP_ALLOCATE|[EXTERNAL]|Bytes:8
14:33:42.0 (3018907)|METHOD_ENTRY|[1]|01pO00000003MVy|ApprovalController.ApprovalController()
14:33:42.0 (3023286)|STATEMENT_EXECUTE|[1]
14:33:42.0 (3029321)|STATEMENT_EXECUTE|[1]
14:33:42.0 (3036736)|METHOD_EXIT|[1]|ApprovalController
14:33:42.0 (3041269)|HEAP_ALLOCATE|[EXTERNAL]|Bytes:18
14:33:42.0 (3052368)|SYSTEM_MODE_ENTER|false
14:33:42.0 (3062849)|VARIABLE_SCOPE_BEGIN|[15]|opportunityId|String|false|false
14:33:42.0 (3084243)|VARIABLE_ASSIGNMENT|[15]|opportunityId|"006O0000008kRsJIAU"
14:33:42.0 (3093123)|STATEMENT_EXECUTE|[15]
14:33:42.0 (3099816)|STATEMENT_EXECUTE|[18]
14:33:42.0 (3104160)|HEAP_ALLOCATE|[18]|Bytes:589
14:33:42.0 (3118581)|HEAP_ALLOCATE|[18]|Bytes:4
14:33:42.0 (3134613)|HEAP_ALLOCATE|[18]|Bytes:7
14:33:42.0 (3184452)|HEAP_ALLOCATE|[50]|Bytes:5
14:33:42.0 (3210053)|HEAP_ALLOCATE|[56]|Bytes:5
14:33:42.0 (3218792)|HEAP_ALLOCATE|[64]|Bytes:7
14:33:42.0 (4074229)|SOQL_EXECUTE_BEGIN|[18]|Aggregations:0|SELECT Id, name, Gate_Status__c, TSF_Gate_Status__c, CRA_Gate_Status__c, StageName, Competitor_Analysis_General_Comments__c, Are_there_any_critical_risks__c, Has_CRA_changed_since_last_approval__c, Has_TSF_changed_since_last_approval__c, Apply_Default_Bonding__c, Conversion_Budget_Comments__c, Is_Gate_1_To_3__c, Is_Gate_4_To_5__c, Net_Budget_EOI_PQ__c, Net_Budget_Post_Tender__c, Net_Budget_Tender__c, Net_Budget_Amount__c, Total_Budget_EOI_PQ__c, Total_Budget_Tender__c, Total_Budget_AUD__c, Total_Budget_Post_Tender__c, JH_Bid_Cost_of_JH_Revenue__c FROM Opportunity WHERE Id = :tmpVar1
14:33:42.0 (4091402)|LIMIT_USAGE|[18]|SOQL|1|100
14:33:42.0 (4105997)|LIMIT_USAGE|[18]|AGGS|0|300
14:33:42.0 (37524039)|SOQL_EXECUTE_END|[18]|Rows:1
14:33:42.0 (37539669)|LIMIT_USAGE|[18]|SOQL_ROWS|1|50000
14:33:42.0 (37559879)|HEAP_ALLOCATE|[18]|Bytes:8
14:33:42.0 (37572362)|HEAP_ALLOCATE|[18]|Bytes:847
14:33:42.0 (37627992)|HEAP_ALLOCATE|[18]|Bytes:8
14:33:42.0 (37650235)|VARIABLE_SCOPE_BEGIN|[18]|allOpps|List<Opportunity>|true|false
14:33:42.0 (37702347)|VARIABLE_ASSIGNMENT|[18]|allOpps|[{"Id":"006O0000008kRsJIAU","Name":"Test Alex 15 Mar 124 (3 more) ...","Gate_Status__c":"Reviewing Approvers","TSF_Gate_Status__c":"Not Applicable","CRA_Gate_Status__c":"Not Applicable","StageName":"Gate 1","Are_there_any_critic (11 more) ...":"No","Has_CRA_changed_sinc (18 more) ...":"Yes","Apply_Default_Bondin (4 more) ...":true,"Is_Gate_1_To_3__c":true,"Is_Gate_4_To_5__c":false,"Net_Budget_EOI_PQ__c":0,"Net_Budget_Post_Tend (5 more) ...":0,"Net_Budget_Tender__c":0,"Net_Budget_Amount__c":0,"Total_Budget_EOI_PQ_ (2 more) ...":0,"Total_Budget_Tender_ (2 more) ...":0,"Total_Budget_AUD__c":0,"Total_Budget_Post_Te (7 more) ...":0}]|0x299ac8e6
14:33:42.0 (37712257)|STATEMENT_EXECUTE|[38]
14:33:42.0 (37727514)|SYSTEM_MODE_EXIT|false
14:33:42.37 (37754059)|CUMULATIVE_LIMIT_USAGE
14:33:42.37 (37754059)|LIMIT_USAGE_FOR_NS|(default)|
  Number of SOQL queries: 1 out of 100
  Number of query rows: 1 out of 50000
  Number of SOSL queries: 0 out of 20
  Number of DML statements: 0 out of 150
  Number of DML rows: 0 out of 10000
  Maximum CPU time: 0 out of 10000
  Maximum heap size: 0 out of 6000000
  Number of callouts: 0 out of 100
  Number of Email Invocations: 0 out of 10
  Number of future calls: 0 out of 50
  Number of queueable jobs added to the queue: 0 out of 50
  Number of Mobile Apex push calls: 0 out of 10

14:33:42.37 (37754059)|TOTAL_EMAIL_RECIPIENTS_QUEUED|0
14:33:42.37 (37754059)|STATIC_VARIABLE_LIST|
  char[]:DigitTens:0
  long:serialVersionUID:0
  long:serialVersionUID:0
  double:MAX_VALUE:0
  Boolean:FALSE:0
  long:serialVersionUID:0
  double:MIN_VALUE:0
  int:SIZE:0
  double:NEGATIVE_INFINITY:0
  int:MAX_VALUE:0
  String:_sfdcSuppressedCodeLocations:0
  char[]:digits:0
  double:NaN:0
  Boolean:TRUE:0
  int:MIN_VALUE:0
  char[]:DigitOnes:0
  int:BYTES:0
  int:MIN_EXPONENT:0
  int[]:sizeTable:0
  int:MAX_EXPONENT:0
  int:SIZE:0
  double:POSITIVE_INFINITY:0
  String:_sfdcAdditionalCodeLocations:0
  double:MIN_NORMAL:0
  int:BYTES:0

14:33:42.37 (37754059)|CUMULATIVE_LIMIT_USAGE_END

14:33:42.0 (37870404)|CODE_UNIT_FINISHED|ApprovalController.getOpportunityRecord
14:33:42.0 (57788893)|HEAP_ALLOCATE|[EXTERNAL]|Bytes:18
14:33:42.0 (57805209)|HEAP_ALLOCATE|[EXTERNAL]|Bytes:18
14:33:42.0 (58948044)|CODE_UNIT_STARTED|[EXTERNAL]|01pO00000003MVy|ApprovalController.getOpportunityRecord
14:33:42.0 (58982609)|HEAP_ALLOCATE|[EXTERNAL]|Bytes:18
14:33:42.0 (58991933)|SYSTEM_MODE_ENTER|false
14:33:42.0 (59000385)|VARIABLE_SCOPE_BEGIN|[15]|opportunityId|String|false|false
14:33:42.0 (59014386)|VARIABLE_ASSIGNMENT|[15]|opportunityId|"006O0000008kRsJIAU"
14:33:42.0 (59024288)|STATEMENT_EXECUTE|[15]
14:33:42.0 (59026783)|STATEMENT_EXECUTE|[18]
14:33:42.0 (59034152)|HEAP_ALLOCATE|[18]|Bytes:4
14:33:42.0 (59588379)|SOQL_EXECUTE_BEGIN|[18]|Aggregations:0|SELECT Id, name, Gate_Status__c, TSF_Gate_Status__c, CRA_Gate_Status__c, StageName, Competitor_Analysis_General_Comments__c, Are_there_any_critical_risks__c, Has_CRA_changed_since_last_approval__c, Has_TSF_changed_since_last_approval__c, Apply_Default_Bonding__c, Conversion_Budget_Comments__c, Is_Gate_1_To_3__c, Is_Gate_4_To_5__c, Net_Budget_EOI_PQ__c, Net_Budget_Post_Tender__c, Net_Budget_Tender__c, Net_Budget_Amount__c, Total_Budget_EOI_PQ__c, Total_Budget_Tender__c, Total_Budget_AUD__c, Total_Budget_Post_Tender__c, JH_Bid_Cost_of_JH_Revenue__c FROM Opportunity WHERE Id = :tmpVar1
14:33:42.0 (59599063)|LIMIT_USAGE|[18]|SOQL|2|100
14:33:42.0 (59607688)|LIMIT_USAGE|[18]|AGGS|0|300
14:33:42.0 (70140436)|SOQL_EXECUTE_END|[18]|Rows:1
14:33:42.0 (70150608)|LIMIT_USAGE|[18]|SOQL_ROWS|2|50000
14:33:42.0 (70165332)|HEAP_ALLOCATE|[18]|Bytes:8
14:33:42.0 (70177512)|HEAP_ALLOCATE|[18]|Bytes:847
14:33:42.0 (70198184)|HEAP_ALLOCATE|[18]|Bytes:8
14:33:42.0 (70215610)|VARIABLE_SCOPE_BEGIN|[18]|allOpps|List<Opportunity>|true|false
14:33:42.0 (70264187)|VARIABLE_ASSIGNMENT|[18]|allOpps|[{"Id":"006O0000008kRsJIAU","Name":"Test Alex 15 Mar 124 (3 more) ...","Gate_Status__c":"Reviewing Approvers","TSF_Gate_Status__c":"Not Applicable","CRA_Gate_Status__c":"Not Applicable","StageName":"Gate 1","Are_there_any_critic (11 more) ...":"No","Has_CRA_changed_sinc (18 more) ...":"Yes","Apply_Default_Bondin (4 more) ...":true,"Is_Gate_1_To_3__c":true,"Is_Gate_4_To_5__c":false,"Net_Budget_EOI_PQ__c":0,"Net_Budget_Post_Tend (5 more) ...":0,"Net_Budget_Tender__c":0,"Net_Budget_Amount__c":0,"Total_Budget_EOI_PQ_ (2 more) ...":0,"Total_Budget_Tender_ (2 more) ...":0,"Total_Budget_AUD__c":0,"Total_Budget_Post_Te (7 more) ...":0}]|0xa157b1d
14:33:42.0 (70271587)|STATEMENT_EXECUTE|[38]
14:33:42.0 (70284378)|SYSTEM_MODE_EXIT|false
14:33:42.70 (70306297)|CUMULATIVE_LIMIT_USAGE
14:33:42.70 (70306297)|LIMIT_USAGE_FOR_NS|(default)|
  Number of SOQL queries: 2 out of 100
  Number of query rows: 2 out of 50000
  Number of SOSL queries: 0 out of 20
  Number of DML statements: 0 out of 150
  Number of DML rows: 0 out of 10000
  Maximum CPU time: 0 out of 10000
  Maximum heap size: 0 out of 6000000
  Number of callouts: 0 out of 100
  Number of Email Invocations: 0 out of 10
  Number of future calls: 0 out of 50
  Number of queueable jobs added to the queue: 0 out of 50
  Number of Mobile Apex push calls: 0 out of 10

14:33:42.70 (70306297)|TOTAL_EMAIL_RECIPIENTS_QUEUED|0
14:33:42.70 (70306297)|STATIC_VARIABLE_LIST|
  char[]:DigitTens:0
  long:serialVersionUID:0
  long:serialVersionUID:0
  double:MAX_VALUE:0
  Boolean:FALSE:0
  long:serialVersionUID:0
  double:MIN_VALUE:0
  int:SIZE:0
  double:NEGATIVE_INFINITY:0
  int:MAX_VALUE:0
  String:_sfdcSuppressedCodeLocations:0
  char[]:digits:0
  double:NaN:0
  Boolean:TRUE:0
  int:MIN_VALUE:0
  char[]:DigitOnes:0
  int:BYTES:0
  int:MIN_EXPONENT:0
  int[]:sizeTable:0
  int:MAX_EXPONENT:0
  int:SIZE:0
  double:POSITIVE_INFINITY:0
  String:_sfdcAdditionalCodeLocations:0
  double:MIN_NORMAL:0
  int:BYTES:0

14:33:42.70 (70306297)|CUMULATIVE_LIMIT_USAGE_END

14:33:42.0 (70401487)|CODE_UNIT_FINISHED|ApprovalController.getOpportunityRecord
14:33:42.187 (187047150)|CUMULATIVE_PROFILING_BEGIN
14:33:42.187 (187047150)|CUMULATIVE_PROFILING|SOQL operations|
Class.ApprovalController.getOpportunityRecord: line 18, column 1: [SELECT   Id,name,
                                                           			Gate_Status__c,
                                                           			TSF_Gate_Status__c,
                                                           			CRA_Gate_Status__c,
                                                           			StageName,
                                    								Competitor_Analysis_General_Comments__c,
                                    								Are_there_any_critical_risks__c,
                                    								Has_CRA_changed_since_last_approval__c,
                                    								Has_TSF_changed_since_last_approval__c,
                                    								Apply_Default_Bonding__c,
                                    								Conversion_Budget_Comments__c,
                                    								Is_Gate_1_To_3__c, Is_Gate_4_To_5__c,
                                    								Net_Budget_EOI_PQ__c, Net_Budget_Post_Tender__c, 
                                    								Net_Budget_Tender__c, Net_Budget_Amount__c,
                                    								Total_Budget_EOI_PQ__c, Total_Budget_Tender__c, 
                                    								Total_Budget_AUD__c, Total_Budget_Post_Tender__c, 
                                    								JH_Bid_Cost_of_JH_Revenue__c
                                 							FROM     Opportunity
                                 							WHERE    Id = :opportunityId]: executed 2 times in 46 ms

14:33:42.187 (187047150)|CUMULATIVE_PROFILING|No profiling information for SOSL operations
14:33:42.187 (187047150)|CUMULATIVE_PROFILING|No profiling information for DML operations
14:33:42.187 (187047150)|CUMULATIVE_PROFILING|method invocations|
External entry point: public static List<Opportunity> getOpportunityRecord(String): executed 1 time in 12 ms

14:33:42.187 (187047150)|CUMULATIVE_PROFILING_END
