39.0 APEX_CODE,FINEST;APEX_PROFILING,FINEST;CALLOUT,INFO;DB,INFO;SYSTEM,DEBUG;VALIDATION,INFO;VISUALFORCE,INFO;WAVE,INFO;WORKFLOW,INFO
12:34:21.0 (463959)|USER_INFO|[EXTERNAL]|00528000006B07F|dev@systempartners.com.prod.pcphase2|Australian Eastern Standard Time|GMT+11:00
12:34:21.0 (493876)|EXECUTION_STARTED
12:34:21.0 (498288)|CODE_UNIT_STARTED|[EXTERNAL]|VisualForce View State
12:34:21.0 (8344419)|CODE_UNIT_FINISHED|VisualForce View State
12:34:21.0 (9817513)|EXECUTION_FINISHED
12:34:21.40 (40980415)|USER_INFO|[EXTERNAL]|00528000006B07F|dev@systempartners.com.prod.pcphase2|Australian Eastern Standard Time|GMT+11:00
12:34:21.40 (40994579)|EXECUTION_STARTED
12:34:21.40 (40998875)|CODE_UNIT_STARTED|[EXTERNAL]|VF: /apex/editVFEmailTemplate.apexp
12:34:21.40 (44305467)|CODE_UNIT_STARTED|[EXTERNAL]|VF Controller Save
12:34:21.40 (44321055)|SYSTEM_MODE_ENTER|false
12:34:21.40 (356331767)|CODE_UNIT_FINISHED|VF Controller Save
12:34:21.389 (389255382)|CUMULATIVE_LIMIT_USAGE
12:34:21.389 (389255382)|LIMIT_USAGE_FOR_NS|(default)|
  Number of SOQL queries: 0 out of 100
  Number of query rows: 0 out of 50000
  Number of SOSL queries: 0 out of 20
  Number of DML statements: 0 out of 150
  Number of DML rows: 0 out of 10000
  Maximum CPU time: 0 out of 10000
  Maximum heap size: 0 out of 6000000
  Number of callouts: 0 out of 100
  Number of Email Invocations: 0 out of 10
  Number of future calls: 0 out of 50
  Number of queueable jobs added to the queue: 0 out of 50
  Number of Mobile Apex push calls: 0 out of 10

12:34:21.389 (389255382)|TOTAL_EMAIL_RECIPIENTS_QUEUED|0
12:34:21.389 (389255382)|CUMULATIVE_LIMIT_USAGE_END

12:34:21.40 (389304924)|CODE_UNIT_FINISHED|VF: /apex/editVFEmailTemplate.apexp
12:34:21.40 (390531690)|EXECUTION_FINISHED
12:34:21.393 (393452858)|CUMULATIVE_PROFILING_BEGIN
12:34:21.393 (393452858)|CUMULATIVE_PROFILING|No profiling information for SOQL operations
12:34:21.393 (393452858)|CUMULATIVE_PROFILING|No profiling information for SOSL operations
12:34:21.393 (393452858)|CUMULATIVE_PROFILING|No profiling information for DML operations
12:34:21.393 (393452858)|CUMULATIVE_PROFILING|No profiling information for method invocations
12:34:21.393 (393452858)|CUMULATIVE_PROFILING_END
