39.0 APEX_CODE,FINEST;APEX_PROFILING,FINEST;CALLOUT,INFO;DB,INFO;SYSTEM,DEBUG;VALIDATION,INFO;VISUALFORCE,INFO;WAVE,INFO;WORKFLOW,INFO
16:24:06.0 (519848)|USER_INFO|[EXTERNAL]|00528000006B07F|dev@systempartners.com.prod.pcphase2|Australian Eastern Standard Time|GMT+11:00
16:24:06.0 (556974)|EXECUTION_STARTED
16:24:06.0 (562208)|CODE_UNIT_STARTED|[EXTERNAL]|aura
16:24:06.0 (1064998)|HEAP_ALLOCATE|[72]|Bytes:3
16:24:06.0 (1126415)|HEAP_ALLOCATE|[77]|Bytes:152
16:24:06.0 (1154345)|HEAP_ALLOCATE|[342]|Bytes:408
16:24:06.0 (1175444)|HEAP_ALLOCATE|[355]|Bytes:408
16:24:06.0 (1198680)|HEAP_ALLOCATE|[467]|Bytes:48
16:24:06.0 (1233283)|HEAP_ALLOCATE|[139]|Bytes:6
16:24:06.0 (1261973)|HEAP_ALLOCATE|[EXTERNAL]|Bytes:18
16:24:06.0 (1278633)|HEAP_ALLOCATE|[EXTERNAL]|Bytes:18
16:24:06.0 (2896268)|CODE_UNIT_STARTED|[EXTERNAL]|01pO00000003MVy|ApprovalController.getOpportunityRecord
16:24:06.0 (3031028)|HEAP_ALLOCATE|[EXTERNAL]|Bytes:5
16:24:06.0 (3037033)|HEAP_ALLOCATE|[EXTERNAL]|Bytes:8
16:24:06.0 (3049619)|METHOD_ENTRY|[1]|01pO00000003MVy|ApprovalController.ApprovalController()
16:24:06.0 (3054281)|STATEMENT_EXECUTE|[1]
16:24:06.0 (3062930)|STATEMENT_EXECUTE|[1]
16:24:06.0 (3072114)|METHOD_EXIT|[1]|ApprovalController
16:24:06.0 (3076948)|HEAP_ALLOCATE|[EXTERNAL]|Bytes:18
16:24:06.0 (3089030)|SYSTEM_MODE_ENTER|false
16:24:06.0 (3100138)|VARIABLE_SCOPE_BEGIN|[15]|opportunityId|String|false|false
16:24:06.0 (3126763)|VARIABLE_ASSIGNMENT|[15]|opportunityId|"006O0000008kRsJIAU"
16:24:06.0 (3139040)|STATEMENT_EXECUTE|[15]
16:24:06.0 (3140592)|STATEMENT_EXECUTE|[18]
16:24:06.0 (3143959)|HEAP_ALLOCATE|[18]|Bytes:589
16:24:06.0 (3159691)|HEAP_ALLOCATE|[18]|Bytes:4
16:24:06.0 (3177051)|HEAP_ALLOCATE|[18]|Bytes:7
16:24:06.0 (3240107)|HEAP_ALLOCATE|[50]|Bytes:5
16:24:06.0 (3271947)|HEAP_ALLOCATE|[56]|Bytes:5
16:24:06.0 (3281015)|HEAP_ALLOCATE|[64]|Bytes:7
16:24:06.0 (4115440)|SOQL_EXECUTE_BEGIN|[18]|Aggregations:0|SELECT Id, name, Gate_Status__c, TSF_Gate_Status__c, CRA_Gate_Status__c, StageName, Competitor_Analysis_General_Comments__c, Are_there_any_critical_risks__c, Has_CRA_changed_since_last_approval__c, Has_TSF_changed_since_last_approval__c, Apply_Default_Bonding__c, Conversion_Budget_Comments__c, Is_Gate_1_To_3__c, Is_Gate_4_To_5__c, Net_Budget_EOI_PQ__c, Net_Budget_Post_Tender__c, Net_Budget_Tender__c, Net_Budget_Amount__c, Total_Budget_EOI_PQ__c, Total_Budget_Tender__c, Total_Budget_AUD__c, Total_Budget_Post_Tender__c, JH_Bid_Cost_of_JH_Revenue__c FROM Opportunity WHERE Id = :tmpVar1
16:24:06.0 (4129663)|LIMIT_USAGE|[18]|SOQL|1|100
16:24:06.0 (4139164)|LIMIT_USAGE|[18]|AGGS|0|300
16:24:06.0 (23863705)|SOQL_EXECUTE_END|[18]|Rows:1
16:24:06.0 (23875223)|LIMIT_USAGE|[18]|SOQL_ROWS|1|50000
16:24:06.0 (23897256)|HEAP_ALLOCATE|[18]|Bytes:8
16:24:06.0 (23911113)|HEAP_ALLOCATE|[18]|Bytes:847
16:24:06.0 (23958643)|HEAP_ALLOCATE|[18]|Bytes:8
16:24:06.0 (23980946)|VARIABLE_SCOPE_BEGIN|[18]|allOpps|List<Opportunity>|true|false
16:24:06.0 (24035187)|VARIABLE_ASSIGNMENT|[18]|allOpps|[{"Id":"006O0000008kRsJIAU","Name":"Test Alex 15 Mar 124 (3 more) ...","Gate_Status__c":"Reviewing Approvers","TSF_Gate_Status__c":"Not Applicable","CRA_Gate_Status__c":"Not Applicable","StageName":"Gate 1","Are_there_any_critic (11 more) ...":"No","Has_CRA_changed_sinc (18 more) ...":"Yes","Apply_Default_Bondin (4 more) ...":true,"Is_Gate_1_To_3__c":true,"Is_Gate_4_To_5__c":false,"Net_Budget_EOI_PQ__c":0,"Net_Budget_Post_Tend (5 more) ...":0,"Net_Budget_Tender__c":0,"Net_Budget_Amount__c":0,"Total_Budget_EOI_PQ_ (2 more) ...":0,"Total_Budget_Tender_ (2 more) ...":0,"Total_Budget_AUD__c":0,"Total_Budget_Post_Te (7 more) ...":0}]|0x5c32e005
16:24:06.0 (24044327)|STATEMENT_EXECUTE|[38]
16:24:06.0 (24060208)|SYSTEM_MODE_EXIT|false
16:24:06.24 (24095442)|CUMULATIVE_LIMIT_USAGE
16:24:06.24 (24095442)|LIMIT_USAGE_FOR_NS|(default)|
  Number of SOQL queries: 1 out of 100
  Number of query rows: 1 out of 50000
  Number of SOSL queries: 0 out of 20
  Number of DML statements: 0 out of 150
  Number of DML rows: 0 out of 10000
  Maximum CPU time: 0 out of 10000
  Maximum heap size: 0 out of 6000000
  Number of callouts: 0 out of 100
  Number of Email Invocations: 0 out of 10
  Number of future calls: 0 out of 50
  Number of queueable jobs added to the queue: 0 out of 50
  Number of Mobile Apex push calls: 0 out of 10

16:24:06.24 (24095442)|TOTAL_EMAIL_RECIPIENTS_QUEUED|0
16:24:06.24 (24095442)|STATIC_VARIABLE_LIST|
  char[]:DigitTens:0
  long:serialVersionUID:0
  long:serialVersionUID:0
  double:MAX_VALUE:0
  Boolean:FALSE:0
  long:serialVersionUID:0
  double:MIN_VALUE:0
  int:SIZE:0
  double:NEGATIVE_INFINITY:0
  int:MAX_VALUE:0
  String:_sfdcSuppressedCodeLocations:0
  char[]:digits:0
  double:NaN:0
  Boolean:TRUE:0
  int:MIN_VALUE:0
  char[]:DigitOnes:0
  int:BYTES:0
  int:MIN_EXPONENT:0
  int[]:sizeTable:0
  int:MAX_EXPONENT:0
  int:SIZE:0
  double:POSITIVE_INFINITY:0
  String:_sfdcAdditionalCodeLocations:0
  double:MIN_NORMAL:0
  int:BYTES:0

16:24:06.24 (24095442)|CUMULATIVE_LIMIT_USAGE_END

16:24:06.0 (24268976)|CODE_UNIT_FINISHED|ApprovalController.getOpportunityRecord
16:24:06.93 (93635790)|CUMULATIVE_PROFILING_BEGIN
16:24:06.93 (93635790)|CUMULATIVE_PROFILING|SOQL operations|
Class.ApprovalController.getOpportunityRecord: line 18, column 1: [SELECT   Id,name,
                                                           			Gate_Status__c,
                                                           			TSF_Gate_Status__c,
                                                           			CRA_Gate_Status__c,
                                                           			StageName,
                                    								Competitor_Analysis_General_Comments__c,
                                    								Are_there_any_critical_risks__c,
                                    								Has_CRA_changed_since_last_approval__c,
                                    								Has_TSF_changed_since_last_approval__c,
                                    								Apply_Default_Bonding__c,
                                    								Conversion_Budget_Comments__c,
                                    								Is_Gate_1_To_3__c, Is_Gate_4_To_5__c,
                                    								Net_Budget_EOI_PQ__c, Net_Budget_Post_Tender__c, 
                                    								Net_Budget_Tender__c, Net_Budget_Amount__c,
                                    								Total_Budget_EOI_PQ__c, Total_Budget_Tender__c, 
                                    								Total_Budget_AUD__c, Total_Budget_Post_Tender__c, 
                                    								JH_Bid_Cost_of_JH_Revenue__c
                                 							FROM     Opportunity
                                 							WHERE    Id = :opportunityId]: executed 1 time in 21 ms

16:24:06.93 (93635790)|CUMULATIVE_PROFILING|No profiling information for SOSL operations
16:24:06.93 (93635790)|CUMULATIVE_PROFILING|No profiling information for DML operations
16:24:06.93 (93635790)|CUMULATIVE_PROFILING|method invocations|
External entry point: public static List<Opportunity> getOpportunityRecord(String): executed 1 time in 21 ms

16:24:06.93 (93635790)|CUMULATIVE_PROFILING_END
