39.0 APEX_CODE,FINEST;APEX_PROFILING,FINEST;CALLOUT,NONE;DB,FINEST;SYSTEM,FINE;VALIDATION,INFO;VISUALFORCE,INFO;WAVE,INFO;WORKFLOW,FINER
16:43:35.0 (632342)|USER_INFO|[EXTERNAL]|00528000006BYTI|vlum@jhg.com.au.pcphase2|Australian Eastern Standard Time|GMT+10:00
16:43:35.0 (660937)|EXECUTION_STARTED
16:43:35.0 (664314)|CODE_UNIT_STARTED|[EXTERNAL]|VisualForce View State
16:43:35.0 (10790055)|CODE_UNIT_FINISHED|VisualForce View State
16:43:35.0 (12354678)|EXECUTION_FINISHED
16:43:35.30 (30059067)|USER_INFO|[EXTERNAL]|00528000006BYTI|vlum@jhg.com.au.pcphase2|Australian Eastern Standard Time|GMT+10:00
16:43:35.30 (30072622)|EXECUTION_STARTED
16:43:35.30 (30076862)|CODE_UNIT_STARTED|[EXTERNAL]|VF: /apex/editVFEmailTemplate.apexp
16:43:35.30 (32587506)|CODE_UNIT_STARTED|[EXTERNAL]|VF Controller Save
16:43:35.30 (32597690)|SYSTEM_MODE_ENTER|false
16:43:35.30 (629595981)|CODE_UNIT_FINISHED|VF Controller Save
16:43:35.650 (650299167)|CUMULATIVE_LIMIT_USAGE
16:43:35.650 (650299167)|LIMIT_USAGE_FOR_NS|(default)|
  Number of SOQL queries: 0 out of 100
  Number of query rows: 0 out of 50000
  Number of SOSL queries: 0 out of 20
  Number of DML statements: 0 out of 150
  Number of DML rows: 0 out of 10000
  Maximum CPU time: 0 out of 10000
  Maximum heap size: 0 out of 6000000
  Number of callouts: 0 out of 100
  Number of Email Invocations: 0 out of 10
  Number of future calls: 0 out of 50
  Number of queueable jobs added to the queue: 0 out of 50
  Number of Mobile Apex push calls: 0 out of 10

16:43:35.650 (650299167)|TOTAL_EMAIL_RECIPIENTS_QUEUED|0
16:43:35.650 (650299167)|CUMULATIVE_LIMIT_USAGE_END

16:43:35.30 (650358066)|CODE_UNIT_FINISHED|VF: /apex/editVFEmailTemplate.apexp
16:43:35.30 (651843715)|EXECUTION_FINISHED
16:43:35.654 (654314879)|CUMULATIVE_PROFILING_BEGIN
16:43:35.654 (654314879)|CUMULATIVE_PROFILING|No profiling information for SOQL operations
16:43:35.654 (654314879)|CUMULATIVE_PROFILING|No profiling information for SOSL operations
16:43:35.654 (654314879)|CUMULATIVE_PROFILING|No profiling information for DML operations
16:43:35.654 (654314879)|CUMULATIVE_PROFILING|No profiling information for method invocations
16:43:35.654 (654314879)|CUMULATIVE_PROFILING_END
