39.0 APEX_CODE,FINEST;APEX_PROFILING,FINEST;CALLOUT,INFO;DB,INFO;SYSTEM,DEBUG;VALIDATION,INFO;VISUALFORCE,INFO;WAVE,INFO;WORKFLOW,INFO
11:25:17.0 (319810)|USER_INFO|[EXTERNAL]|00528000006B07F|dev@systempartners.com.prod.pcphase2|Australian Eastern Standard Time|GMT+11:00
11:25:17.0 (345838)|EXECUTION_STARTED
11:25:17.0 (354237)|CODE_UNIT_STARTED|[EXTERNAL]|Workflow:01I28000001nkgq
11:25:17.0 (15598490)|WF_RULE_EVAL_BEGIN|Workflow
11:25:17.0 (15622752)|WF_CRITERIA_BEGIN|[Business Unit: VL TEST - Area 51 a0BO000000FmKxu]|Outbound Message - Business Unit|01QO00000009Lj4|ON_ALL_CHANGES|0
11:25:17.0 (17265844)|WF_RULE_FILTER|[Business Unit : Business Unit Name not equal to ]
11:25:17.0 (17280624)|WF_RULE_EVAL_VALUE|VL TEST - Area 51
11:25:17.0 (17284128)|WF_CRITERIA_END|true
11:25:17.0 (17837425)|WF_SPOOL_ACTION_BEGIN|Workflow
11:25:17.0 (17869922)|WF_RULE_INVOCATION|[Business Unit: VL TEST - Area 51 a0BO000000FmKxu]
11:25:17.0 (17880809)|WF_OUTBOUND_MSG|[Business Unit: VL TEST - Area 51 a0BO000000FmKxu]|Id=04kO00000004D78|CurrentRule:Outbound Message - Business Unit (Id=01QO00000009Lj4)
11:25:17.0 (17894885)|WF_ACTION| Outbound Message: 1;
11:25:17.0 (17896851)|WF_RULE_EVAL_END
11:25:17.0 (33319534)|WF_ACTIONS_END| Outbound Message: 1;
11:25:17.0 (33328911)|CODE_UNIT_FINISHED|Workflow:01I28000001nkgq
11:25:17.0 (33333916)|EXECUTION_FINISHED
11:25:17.81 (81365660)|CUMULATIVE_PROFILING_BEGIN
11:25:17.81 (81365660)|CUMULATIVE_PROFILING|No profiling information for SOQL operations
11:25:17.81 (81365660)|CUMULATIVE_PROFILING|No profiling information for SOSL operations
11:25:17.81 (81365660)|CUMULATIVE_PROFILING|No profiling information for DML operations
11:25:17.81 (81365660)|CUMULATIVE_PROFILING|No profiling information for method invocations
11:25:17.81 (81365660)|CUMULATIVE_PROFILING_END
