39.0 APEX_CODE,FINEST;APEX_PROFILING,FINEST;CALLOUT,INFO;DB,INFO;SYSTEM,DEBUG;VALIDATION,INFO;VISUALFORCE,INFO;WAVE,INFO;WORKFLOW,INFO
14:08:14.0 (68389)|USER_INFO|[EXTERNAL]|00528000006B07F|dev@systempartners.com.prod.pcphase2|Australian Eastern Standard Time|GMT+11:00
14:08:14.0 (97756)|EXECUTION_STARTED
14:08:14.0 (101767)|CODE_UNIT_STARTED|[EXTERNAL]|aura
14:08:14.0 (538283)|HEAP_ALLOCATE|[72]|Bytes:3
14:08:14.0 (585895)|HEAP_ALLOCATE|[77]|Bytes:152
14:08:14.0 (602734)|HEAP_ALLOCATE|[342]|Bytes:408
14:08:14.0 (625745)|HEAP_ALLOCATE|[355]|Bytes:408
14:08:14.0 (645674)|HEAP_ALLOCATE|[467]|Bytes:48
14:08:14.0 (672743)|HEAP_ALLOCATE|[139]|Bytes:6
14:08:14.0 (696450)|HEAP_ALLOCATE|[EXTERNAL]|Bytes:18
14:08:14.0 (706811)|HEAP_ALLOCATE|[EXTERNAL]|Bytes:18
14:08:14.0 (2122404)|CODE_UNIT_STARTED|[EXTERNAL]|01pO00000003MVy|ApprovalController.getOpportunityRecord
14:08:14.0 (2242784)|HEAP_ALLOCATE|[EXTERNAL]|Bytes:5
14:08:14.0 (2251215)|HEAP_ALLOCATE|[EXTERNAL]|Bytes:8
14:08:14.0 (2263333)|METHOD_ENTRY|[1]|01pO00000003MVy|ApprovalController.ApprovalController()
14:08:14.0 (2269129)|STATEMENT_EXECUTE|[1]
14:08:14.0 (2276047)|STATEMENT_EXECUTE|[1]
14:08:14.0 (2283390)|METHOD_EXIT|[1]|ApprovalController
14:08:14.0 (2290133)|HEAP_ALLOCATE|[EXTERNAL]|Bytes:18
14:08:14.0 (2304973)|SYSTEM_MODE_ENTER|false
14:08:14.0 (2315972)|VARIABLE_SCOPE_BEGIN|[15]|opportunityId|String|false|false
14:08:14.0 (2340547)|VARIABLE_ASSIGNMENT|[15]|opportunityId|"006O0000008kYYvIAM"
14:08:14.0 (2351623)|STATEMENT_EXECUTE|[15]
14:08:14.0 (2353345)|STATEMENT_EXECUTE|[18]
14:08:14.0 (2356858)|HEAP_ALLOCATE|[18]|Bytes:160
14:08:14.0 (2373460)|HEAP_ALLOCATE|[18]|Bytes:4
14:08:14.0 (2388115)|HEAP_ALLOCATE|[18]|Bytes:7
14:08:14.0 (2440378)|HEAP_ALLOCATE|[50]|Bytes:5
14:08:14.0 (2464040)|HEAP_ALLOCATE|[56]|Bytes:5
14:08:14.0 (2472023)|HEAP_ALLOCATE|[64]|Bytes:7
14:08:14.0 (3140232)|SOQL_EXECUTE_BEGIN|[18]|Aggregations:0|SELECT Id, name, Gate_Status__c, TSF_Gate_Status__c, CRA_Gate_Status__c, StageName, Competitor_Analysis_General_Comments__c FROM Opportunity WHERE Id = :tmpVar1
14:08:14.0 (3151524)|LIMIT_USAGE|[18]|SOQL|1|100
14:08:14.0 (3160801)|LIMIT_USAGE|[18]|AGGS|0|300
14:08:14.0 (12144493)|SOQL_EXECUTE_END|[18]|Rows:1
14:08:14.0 (12154745)|LIMIT_USAGE|[18]|SOQL_ROWS|1|50000
14:08:14.0 (12173413)|HEAP_ALLOCATE|[18]|Bytes:8
14:08:14.0 (12184306)|HEAP_ALLOCATE|[18]|Bytes:178
14:08:14.0 (12296423)|HEAP_ALLOCATE|[18]|Bytes:8
14:08:14.0 (12315421)|VARIABLE_SCOPE_BEGIN|[18]|allOpps|List<Opportunity>|true|false
14:08:14.0 (12347082)|VARIABLE_ASSIGNMENT|[18]|allOpps|[{"Id":"006O0000008kYYvIAM","Name":"Lismore Base Hospita (73 more) ...","Gate_Status__c":"Not Started","StageName":"Gate 1"}]|0x796a1c87
14:08:14.0 (12352041)|STATEMENT_EXECUTE|[27]
14:08:14.0 (12363703)|SYSTEM_MODE_EXIT|false
14:08:14.12 (12392430)|CUMULATIVE_LIMIT_USAGE
14:08:14.12 (12392430)|LIMIT_USAGE_FOR_NS|(default)|
  Number of SOQL queries: 1 out of 100
  Number of query rows: 1 out of 50000
  Number of SOSL queries: 0 out of 20
  Number of DML statements: 0 out of 150
  Number of DML rows: 0 out of 10000
  Maximum CPU time: 0 out of 10000
  Maximum heap size: 0 out of 6000000
  Number of callouts: 0 out of 100
  Number of Email Invocations: 0 out of 10
  Number of future calls: 0 out of 50
  Number of queueable jobs added to the queue: 0 out of 50
  Number of Mobile Apex push calls: 0 out of 10

14:08:14.12 (12392430)|TOTAL_EMAIL_RECIPIENTS_QUEUED|0
14:08:14.12 (12392430)|STATIC_VARIABLE_LIST|
  char[]:DigitTens:0
  long:serialVersionUID:0
  long:serialVersionUID:0
  double:MAX_VALUE:0
  Boolean:FALSE:0
  long:serialVersionUID:0
  double:MIN_VALUE:0
  int:SIZE:0
  double:NEGATIVE_INFINITY:0
  int:MAX_VALUE:0
  String:_sfdcSuppressedCodeLocations:0
  char[]:digits:0
  double:NaN:0
  Boolean:TRUE:0
  int:MIN_VALUE:0
  char[]:DigitOnes:0
  int:BYTES:0
  int:MIN_EXPONENT:0
  int[]:sizeTable:0
  int:MAX_EXPONENT:0
  int:SIZE:0
  double:POSITIVE_INFINITY:0
  String:_sfdcAdditionalCodeLocations:0
  double:MIN_NORMAL:0
  int:BYTES:0

14:08:14.12 (12392430)|CUMULATIVE_LIMIT_USAGE_END

14:08:14.0 (12516985)|CODE_UNIT_FINISHED|ApprovalController.getOpportunityRecord
14:08:14.18 (18317859)|CUMULATIVE_PROFILING_BEGIN
14:08:14.18 (18317859)|CUMULATIVE_PROFILING|SOQL operations|
Class.ApprovalController.getOpportunityRecord: line 18, column 1: [SELECT   Id,name,
                                                           			Gate_Status__c,
                                                           			TSF_Gate_Status__c,
                                                           			CRA_Gate_Status__c,
                                                           			StageName,
                                    								Competitor_Analysis_General_Comments__c
                                 							FROM     Opportunity
                                 							WHERE    Id = :opportunityId]: executed 1 time in 10 ms

14:08:14.18 (18317859)|CUMULATIVE_PROFILING|No profiling information for SOSL operations
14:08:14.18 (18317859)|CUMULATIVE_PROFILING|No profiling information for DML operations
14:08:14.18 (18317859)|CUMULATIVE_PROFILING|method invocations|
External entry point: public static List<Opportunity> getOpportunityRecord(String): executed 1 time in 11 ms

14:08:14.18 (18317859)|CUMULATIVE_PROFILING_END
