39.0 APEX_CODE,FINEST;APEX_PROFILING,FINEST;CALLOUT,INFO;DB,INFO;SYSTEM,DEBUG;VALIDATION,INFO;VISUALFORCE,INFO;WAVE,INFO;WORKFLOW,INFO
11:47:16.0 (626842)|USER_INFO|[EXTERNAL]|00528000006B07F|dev@systempartners.com.prod.pcphase2|Australian Eastern Standard Time|GMT+11:00
11:47:16.0 (664502)|EXECUTION_STARTED
11:47:16.0 (670337)|CODE_UNIT_STARTED|[EXTERNAL]|aura
11:47:16.0 (1092496)|HEAP_ALLOCATE|[72]|Bytes:3
11:47:16.0 (1148641)|HEAP_ALLOCATE|[77]|Bytes:152
11:47:16.0 (1171093)|HEAP_ALLOCATE|[342]|Bytes:408
11:47:16.0 (1192509)|HEAP_ALLOCATE|[355]|Bytes:408
11:47:16.0 (1211326)|HEAP_ALLOCATE|[467]|Bytes:48
11:47:16.0 (1241687)|HEAP_ALLOCATE|[139]|Bytes:6
11:47:16.0 (1267225)|HEAP_ALLOCATE|[EXTERNAL]|Bytes:18
11:47:16.0 (1282864)|HEAP_ALLOCATE|[EXTERNAL]|Bytes:18
11:47:16.0 (2983894)|CODE_UNIT_STARTED|[EXTERNAL]|01pO00000003MVy|ApprovalController.getOpportunityRecord
11:47:16.0 (3155468)|HEAP_ALLOCATE|[EXTERNAL]|Bytes:5
11:47:16.0 (3162069)|HEAP_ALLOCATE|[EXTERNAL]|Bytes:8
11:47:16.0 (3171287)|METHOD_ENTRY|[1]|01pO00000003MVy|ApprovalController.ApprovalController()
11:47:16.0 (3175328)|STATEMENT_EXECUTE|[1]
11:47:16.0 (3182244)|STATEMENT_EXECUTE|[1]
11:47:16.0 (3188028)|METHOD_EXIT|[1]|ApprovalController
11:47:16.0 (3191798)|HEAP_ALLOCATE|[EXTERNAL]|Bytes:18
11:47:16.0 (3203563)|SYSTEM_MODE_ENTER|false
11:47:16.0 (3212993)|VARIABLE_SCOPE_BEGIN|[15]|opportunityId|String|false|false
11:47:16.0 (3235576)|VARIABLE_ASSIGNMENT|[15]|opportunityId|"006O0000008kRsJIAU"
11:47:16.0 (3244334)|STATEMENT_EXECUTE|[15]
11:47:16.0 (3245956)|STATEMENT_EXECUTE|[18]
11:47:16.0 (3250089)|HEAP_ALLOCATE|[18]|Bytes:589
11:47:16.0 (3262728)|HEAP_ALLOCATE|[18]|Bytes:4
11:47:16.0 (3277158)|HEAP_ALLOCATE|[18]|Bytes:7
11:47:16.0 (3325486)|HEAP_ALLOCATE|[50]|Bytes:5
11:47:16.0 (3351497)|HEAP_ALLOCATE|[56]|Bytes:5
11:47:16.0 (3360309)|HEAP_ALLOCATE|[64]|Bytes:7
11:47:16.0 (4257740)|SOQL_EXECUTE_BEGIN|[18]|Aggregations:0|SELECT Id, name, Gate_Status__c, TSF_Gate_Status__c, CRA_Gate_Status__c, StageName, Competitor_Analysis_General_Comments__c, Are_there_any_critical_risks__c, Has_CRA_changed_since_last_approval__c, Has_TSF_changed_since_last_approval__c, Apply_Default_Bonding__c, Conversion_Budget_Comments__c, Is_Gate_1_To_3__c, Is_Gate_4_To_5__c, Net_Budget_EOI_PQ__c, Net_Budget_Post_Tender__c, Net_Budget_Tender__c, Net_Budget_Amount__c, Total_Budget_EOI_PQ__c, Total_Budget_Tender__c, Total_Budget_AUD__c, Total_Budget_Post_Tender__c, JH_Bid_Cost_of_JH_Revenue__c FROM Opportunity WHERE Id = :tmpVar1
11:47:16.0 (4272125)|LIMIT_USAGE|[18]|SOQL|1|100
11:47:16.0 (4282819)|LIMIT_USAGE|[18]|AGGS|0|300
11:47:16.0 (64761194)|SOQL_EXECUTE_END|[18]|Rows:1
11:47:16.0 (64777312)|LIMIT_USAGE|[18]|SOQL_ROWS|1|50000
11:47:16.0 (64804139)|HEAP_ALLOCATE|[18]|Bytes:8
11:47:16.0 (64819059)|HEAP_ALLOCATE|[18]|Bytes:775
11:47:16.0 (64874296)|HEAP_ALLOCATE|[18]|Bytes:8
11:47:16.0 (64897428)|VARIABLE_SCOPE_BEGIN|[18]|allOpps|List<Opportunity>|true|false
11:47:16.0 (64943670)|VARIABLE_ASSIGNMENT|[18]|allOpps|[{"Id":"006O0000008kRsJIAU","Name":"Test Alex 15 Mar 124 (3 more) ...","Gate_Status__c":"Reviewing Approvers","StageName":"Gate 1","Are_there_any_critic (11 more) ...":"No","Has_CRA_changed_sinc (18 more) ...":"Yes","Apply_Default_Bondin (4 more) ...":true,"Is_Gate_1_To_3__c":true,"Is_Gate_4_To_5__c":false,"Net_Budget_EOI_PQ__c":0,"Net_Budget_Post_Tend (5 more) ...":0,"Net_Budget_Tender__c":0,"Net_Budget_Amount__c":0,"Total_Budget_EOI_PQ_ (2 more) ...":0,"Total_Budget_Tender_ (2 more) ...":0,"Total_Budget_AUD__c":0,"Total_Budget_Post_Te (7 more) ...":0}]|0x63937660
11:47:16.0 (64952706)|STATEMENT_EXECUTE|[38]
11:47:16.0 (64971192)|SYSTEM_MODE_EXIT|false
11:47:16.64 (64998929)|CUMULATIVE_LIMIT_USAGE
11:47:16.64 (64998929)|LIMIT_USAGE_FOR_NS|(default)|
  Number of SOQL queries: 1 out of 100
  Number of query rows: 1 out of 50000
  Number of SOSL queries: 0 out of 20
  Number of DML statements: 0 out of 150
  Number of DML rows: 0 out of 10000
  Maximum CPU time: 0 out of 10000
  Maximum heap size: 0 out of 6000000
  Number of callouts: 0 out of 100
  Number of Email Invocations: 0 out of 10
  Number of future calls: 0 out of 50
  Number of queueable jobs added to the queue: 0 out of 50
  Number of Mobile Apex push calls: 0 out of 10

11:47:16.64 (64998929)|TOTAL_EMAIL_RECIPIENTS_QUEUED|0
11:47:16.64 (64998929)|STATIC_VARIABLE_LIST|
  char[]:DigitTens:0
  long:serialVersionUID:0
  long:serialVersionUID:0
  double:MAX_VALUE:0
  Boolean:FALSE:0
  long:serialVersionUID:0
  double:MIN_VALUE:0
  int:SIZE:0
  double:NEGATIVE_INFINITY:0
  int:MAX_VALUE:0
  String:_sfdcSuppressedCodeLocations:0
  char[]:digits:0
  double:NaN:0
  Boolean:TRUE:0
  int:MIN_VALUE:0
  char[]:DigitOnes:0
  int:BYTES:0
  int:MIN_EXPONENT:0
  int[]:sizeTable:0
  int:MAX_EXPONENT:0
  int:SIZE:0
  double:POSITIVE_INFINITY:0
  String:_sfdcAdditionalCodeLocations:0
  double:MIN_NORMAL:0
  int:BYTES:0

11:47:16.64 (64998929)|CUMULATIVE_LIMIT_USAGE_END

11:47:16.0 (65147632)|CODE_UNIT_FINISHED|ApprovalController.getOpportunityRecord
11:47:16.152 (152257504)|CUMULATIVE_PROFILING_BEGIN
11:47:16.152 (152257504)|CUMULATIVE_PROFILING|SOQL operations|
Class.ApprovalController.getOpportunityRecord: line 18, column 1: [SELECT   Id,name,
                                                           			Gate_Status__c,
                                                           			TSF_Gate_Status__c,
                                                           			CRA_Gate_Status__c,
                                                           			StageName,
                                    								Competitor_Analysis_General_Comments__c,
                                    								Are_there_any_critical_risks__c,
                                    								Has_CRA_changed_since_last_approval__c,
                                    								Has_TSF_changed_since_last_approval__c,
                                    								Apply_Default_Bonding__c,
                                    								Conversion_Budget_Comments__c,
                                    								Is_Gate_1_To_3__c, Is_Gate_4_To_5__c,
                                    								Net_Budget_EOI_PQ__c, Net_Budget_Post_Tender__c, 
                                    								Net_Budget_Tender__c, Net_Budget_Amount__c,
                                    								Total_Budget_EOI_PQ__c, Total_Budget_Tender__c, 
                                    								Total_Budget_AUD__c, Total_Budget_Post_Tender__c, 
                                    								JH_Bid_Cost_of_JH_Revenue__c
                                 							FROM     Opportunity
                                 							WHERE    Id = :opportunityId]: executed 1 time in 61 ms

11:47:16.152 (152257504)|CUMULATIVE_PROFILING|No profiling information for SOSL operations
11:47:16.152 (152257504)|CUMULATIVE_PROFILING|No profiling information for DML operations
11:47:16.152 (152257504)|CUMULATIVE_PROFILING|method invocations|
External entry point: public static List<Opportunity> getOpportunityRecord(String): executed 1 time in 62 ms

11:47:16.152 (152257504)|CUMULATIVE_PROFILING_END
