34.0 APEX_CODE,FINEST;APEX_PROFILING,FINEST;CALLOUT,INFO;DB,INFO;SYSTEM,DEBUG;VALIDATION,INFO;VISUALFORCE,INFO;WAVE,INFO;WORKFLOW,INFO
Execute Anonymous: Gate__c G = new gate__c(name = 'test' + string.valueOf(dateTime.now()), gate_number__c = '1', opportunity__c = '006O0000008k8iY');
Execute Anonymous: insert G;
10:03:43.1 (1622538)|USER_INFO|[EXTERNAL]|005O0000003t7an|ricky.lowe@jhg.com.au.pcphase2|Australian Eastern Standard Time|GMT+11:00
10:03:43.1 (1635775)|EXECUTION_STARTED
10:03:43.1 (1640383)|CODE_UNIT_STARTED|[EXTERNAL]|execute_anonymous_apex
10:03:43.1 (1793568)|VARIABLE_SCOPE_BEGIN|[1]|G|Gate__c|true|false
10:03:43.1 (1924378)|HEAP_ALLOCATE|[72]|Bytes:3
10:03:43.1 (1970048)|HEAP_ALLOCATE|[77]|Bytes:152
10:03:43.1 (1989018)|HEAP_ALLOCATE|[342]|Bytes:408
10:03:43.1 (2007190)|HEAP_ALLOCATE|[355]|Bytes:408
10:03:43.1 (2024296)|HEAP_ALLOCATE|[467]|Bytes:48
10:03:43.1 (2057009)|HEAP_ALLOCATE|[139]|Bytes:6
10:03:43.1 (2081546)|HEAP_ALLOCATE|[EXTERNAL]|Bytes:3
10:03:43.1 (2228256)|STATEMENT_EXECUTE|[1]
10:03:43.1 (2231387)|STATEMENT_EXECUTE|[1]
10:03:43.1 (2258693)|HEAP_ALLOCATE|[1]|Bytes:4
10:03:43.1 (2358903)|HEAP_ALLOCATE|[1]|Bytes:4
10:03:43.1 (2435353)|HEAP_ALLOCATE|[1]|Bytes:56
10:03:43.1 (2483169)|HEAP_ALLOCATE|[1]|Bytes:19
10:03:43.1 (2501755)|HEAP_ALLOCATE|[1]|Bytes:23
10:03:43.1 (2571455)|VARIABLE_ASSIGNMENT|[1]|this.Name|"test2017-03-27 10:03 (3 more) ..."|0x11a1786e
10:03:43.1 (2577114)|HEAP_ALLOCATE|[1]|Bytes:1
10:03:43.1 (2656104)|VARIABLE_ASSIGNMENT|[1]|this.Gate_Number__c|"1"|0x11a1786e
10:03:43.1 (2661882)|HEAP_ALLOCATE|[1]|Bytes:15
10:03:43.1 (2675756)|HEAP_ALLOCATE|[1]|Bytes:4
10:03:43.1 (2718957)|VARIABLE_ASSIGNMENT|[1]|this.Opportunity__c|"006O0000008k8iYIAQ"|0x11a1786e
10:03:43.1 (2766554)|VARIABLE_ASSIGNMENT|[1]|G|{"Name":"test2017-03-27 10:03 (3 more) ...","Gate_Number__c":"1","Opportunity__c":"006O0000008k8iYIAQ"}|0x11a1786e
10:03:43.1 (2770241)|STATEMENT_EXECUTE|[2]
10:03:43.1 (2806068)|HEAP_ALLOCATE|[50]|Bytes:5
10:03:43.1 (2827912)|HEAP_ALLOCATE|[56]|Bytes:5
10:03:43.1 (2836301)|HEAP_ALLOCATE|[64]|Bytes:7
10:03:43.1 (2872690)|HEAP_ALLOCATE|[2]|Bytes:8
10:03:43.1 (2881140)|DML_BEGIN|[2]|Op:Insert|Type:Gate__c|Rows:1
10:03:43.1 (2893039)|LIMIT_USAGE|[2]|DML|1|150
10:03:43.1 (2904401)|LIMIT_USAGE|[2]|DML_ROWS|1|10000
10:03:43.1 (2916552)|HEAP_ALLOCATE|[EXTERNAL]|Bytes:8
10:03:43.1 (120268235)|CODE_UNIT_STARTED|[EXTERNAL]|01qO00000000TOT|gateTrigger on Gate trigger event BeforeInsert for [new]
10:03:43.1 (120336196)|HEAP_ALLOCATE|[EXTERNAL]|Bytes:8
10:03:43.1 (120455254)|HEAP_ALLOCATE|[EXTERNAL]|Bytes:4
10:03:43.1 (120468816)|VARIABLE_SCOPE_BEGIN|[1]|this|gateTrigger|true|false
10:03:43.1 (120511090)|VARIABLE_ASSIGNMENT|[1]|this|{}|0x6d87f791
10:03:43.1 (120560842)|HEAP_ALLOCATE|[EXTERNAL]|Bytes:4
10:03:43.1 (120568269)|VARIABLE_SCOPE_BEGIN|[1]|this|gateTrigger|true|false
10:03:43.1 (120578299)|VARIABLE_ASSIGNMENT|[1]|this|{}|0x6d87f791
10:03:43.1 (120584057)|STATEMENT_EXECUTE|[1]
10:03:43.1 (120585721)|STATEMENT_EXECUTE|[2]
10:03:43.1 (176647936)|VARIABLE_SCOPE_BEGIN|[5]|TriggerHandler.bypassedHandlers|Set<String>|true|true
10:03:43.1 (176900388)|VARIABLE_SCOPE_BEGIN|[4]|TriggerHandler.loopCountMap|Map<String,TriggerHandler.LoopCount>|true|true
10:03:43.1 (176944497)|HEAP_ALLOCATE|[2]|Bytes:30
10:03:43.1 (176955180)|HEAP_ALLOCATE|[2]|Bytes:33
10:03:43.1 (176988177)|METHOD_ENTRY|[14]|01pO00000003IBZ|gateTriggerHandler.gateTriggerHandler()
10:03:43.1 (176993532)|STATEMENT_EXECUTE|[14]
10:03:43.1 (177001241)|STATEMENT_EXECUTE|[14]
10:03:43.1 (177846925)|SYSTEM_MODE_ENTER|false
10:03:43.1 (177866792)|HEAP_ALLOCATE|[2]|Bytes:5
10:03:43.1 (177875395)|SYSTEM_MODE_EXIT|false
10:03:43.1 (177888476)|METHOD_EXIT|[14]|gateTriggerHandler
10:03:43.1 (178099796)|HEAP_ALLOCATE|[2]|Bytes:12
10:03:43.1 (178123291)|CONSTRUCTOR_ENTRY|[2]|01pO00000003IBZ|<init>()
10:03:43.1 (178173714)|VARIABLE_SCOPE_BEGIN|[15]|this|gateTriggerHandler|true|false
10:03:43.1 (178226617)|VARIABLE_ASSIGNMENT|[15]|this|{}|0x67927258
10:03:43.1 (178236796)|SYSTEM_MODE_ENTER|false
10:03:43.1 (178242675)|HEAP_ALLOCATE|[15]|Bytes:5
10:03:43.1 (178255482)|STATEMENT_EXECUTE|[14]
10:03:43.1 (178258982)|HEAP_ALLOCATE|[15]|Bytes:5
10:03:43.1 (178268581)|HEAP_ALLOCATE|[15]|Bytes:48
10:03:43.1 (178272969)|HEAP_ALLOCATE|[15]|Bytes:69
10:03:43.1 (178283995)|METHOD_ENTRY|[1]|01pO00000003AAn|TriggerHandler.TriggerHandler()
10:03:43.1 (178286450)|STATEMENT_EXECUTE|[1]
10:03:43.1 (178289333)|STATEMENT_EXECUTE|[1]
10:03:43.1 (178290441)|STATEMENT_EXECUTE|[16]
10:03:43.1 (178291469)|STATEMENT_EXECUTE|[17]
10:03:43.1 (178303037)|HEAP_ALLOCATE|[17]|Bytes:4
10:03:43.1 (178359065)|VARIABLE_ASSIGNMENT|[17]|TriggerHandler.loopCountMap|{}|0x4de196d4
10:03:43.1 (178362310)|STATEMENT_EXECUTE|[18]
10:03:43.1 (178369745)|HEAP_ALLOCATE|[18]|Bytes:4
10:03:43.1 (178439494)|VARIABLE_ASSIGNMENT|[18]|TriggerHandler.bypassedHandlers|[]|0x3f4fff30
10:03:43.1 (178443111)|STATEMENT_EXECUTE|[187]
10:03:43.1 (178444269)|STATEMENT_EXECUTE|[236]
10:03:43.1 (178450426)|METHOD_EXIT|[1]|TriggerHandler
10:03:43.1 (178456619)|CONSTRUCTOR_ENTRY|[15]|01pO00000003AAn|<init>()
10:03:43.1 (178618827)|VARIABLE_SCOPE_BEGIN|[22]|this|TriggerHandler|true|false
10:03:43.1 (178645570)|VARIABLE_ASSIGNMENT|[22]|this|{}|0x67927258
10:03:43.1 (178649816)|STATEMENT_EXECUTE|[1]
10:03:43.1 (178650872)|STATEMENT_EXECUTE|[9]
10:03:43.1 (178651966)|STATEMENT_EXECUTE|[13]
10:03:43.1 (178659112)|HEAP_ALLOCATE|[23]|Bytes:6
10:03:43.1 (178689543)|STATEMENT_EXECUTE|[22]
10:03:43.1 (178691351)|STATEMENT_EXECUTE|[23]
10:03:43.1 (178724309)|METHOD_ENTRY|[23]|01pO00000003AAn|TriggerHandler.setTriggerContext()
10:03:43.1 (178751703)|VARIABLE_SCOPE_BEGIN|[94]|this|TriggerHandler|true|false
10:03:43.1 (178766616)|VARIABLE_ASSIGNMENT|[94]|this|{}|0x67927258
10:03:43.1 (178772541)|STATEMENT_EXECUTE|[94]
10:03:43.1 (178773827)|STATEMENT_EXECUTE|[95]
10:03:43.1 (178788077)|METHOD_ENTRY|[95]|01pO00000003AAn|TriggerHandler.setTriggerContext(String, Boolean)
10:03:43.1 (178806264)|VARIABLE_SCOPE_BEGIN|[99]|this|TriggerHandler|true|false
10:03:43.1 (178819469)|VARIABLE_ASSIGNMENT|[99]|this|{}|0x67927258
10:03:43.1 (178822481)|VARIABLE_SCOPE_BEGIN|[99]|ctx|String|false|false
10:03:43.1 (178827004)|VARIABLE_ASSIGNMENT|[99]|ctx|null
10:03:43.1 (178831617)|VARIABLE_SCOPE_BEGIN|[99]|testMode|Boolean|false|false
10:03:43.1 (178835895)|VARIABLE_ASSIGNMENT|[99]|testMode|false
10:03:43.1 (178839630)|STATEMENT_EXECUTE|[99]
10:03:43.1 (178862940)|STATEMENT_EXECUTE|[103]
10:03:43.1 (178864421)|STATEMENT_EXECUTE|[104]
10:03:43.1 (178870784)|HEAP_ALLOCATE|[104]|Bytes:5
10:03:43.1 (178886182)|STATEMENT_EXECUTE|[108]
10:03:43.1 (178887475)|STATEMENT_EXECUTE|[109]
10:03:43.1 (178911747)|HEAP_ALLOCATE|[109]|Bytes:12
10:03:43.1 (178918295)|HEAP_ALLOCATE|[109]|Bytes:13
10:03:43.1 (178972825)|HEAP_ALLOCATE|[109]|Bytes:12
10:03:43.1 (178977183)|HEAP_ALLOCATE|[109]|Bytes:13
10:03:43.1 (178988586)|HEAP_ALLOCATE|[109]|Bytes:12
10:03:43.1 (178991472)|HEAP_ALLOCATE|[109]|Bytes:13
10:03:43.1 (179001100)|HEAP_ALLOCATE|[109]|Bytes:12
10:03:43.1 (179004746)|HEAP_ALLOCATE|[109]|Bytes:12
10:03:43.1 (179014260)|HEAP_ALLOCATE|[109]|Bytes:12
10:03:43.1 (179016954)|HEAP_ALLOCATE|[109]|Bytes:12
10:03:43.1 (179025681)|HEAP_ALLOCATE|[109]|Bytes:12
10:03:43.1 (179028349)|HEAP_ALLOCATE|[109]|Bytes:12
10:03:43.1 (179037347)|HEAP_ALLOCATE|[109]|Bytes:12
10:03:43.1 (179040030)|HEAP_ALLOCATE|[109]|Bytes:14
10:03:43.1 (179058824)|METHOD_EXIT|[95]|01pO00000003AAn|TriggerHandler.setTriggerContext(String, Boolean)
10:03:43.1 (179064089)|METHOD_EXIT|[23]|01pO00000003AAn|TriggerHandler.setTriggerContext()
10:03:43.1 (179068967)|CONSTRUCTOR_EXIT|[15]|01pO00000003AAn|<init>()
10:03:43.1 (179071440)|STATEMENT_EXECUTE|[15]
10:03:43.1 (179075189)|SYSTEM_MODE_EXIT|false
10:03:43.1 (179079518)|CONSTRUCTOR_EXIT|[2]|01pO00000003IBZ|<init>()
10:03:43.1 (179087556)|METHOD_ENTRY|[2]|01pO00000003AAn|TriggerHandler.run()
10:03:43.1 (179092118)|VARIABLE_SCOPE_BEGIN|[31]|this|TriggerHandler|true|false
10:03:43.1 (179116888)|VARIABLE_ASSIGNMENT|[31]|this|{"context":"0x6366d202","isTriggerExecuting":true}|0x67927258
10:03:43.1 (179121447)|STATEMENT_EXECUTE|[31]
10:03:43.1 (179129154)|METHOD_ENTRY|[33]|01pO00000003AAn|TriggerHandler.validateRun()
10:03:43.1 (179144563)|VARIABLE_SCOPE_BEGIN|[146]|this|TriggerHandler|true|false
10:03:43.1 (179160383)|VARIABLE_ASSIGNMENT|[146]|this|{"context":"0x6366d202","isTriggerExecuting":true}|0x67927258
10:03:43.1 (179164471)|STATEMENT_EXECUTE|[146]
10:03:43.1 (179171405)|STATEMENT_EXECUTE|[147]
10:03:43.1 (179180173)|METHOD_ENTRY|[150]|01pO00000003AAn|TriggerHandler.getHandlerName()
10:03:43.1 (179194254)|VARIABLE_SCOPE_BEGIN|[157]|this|TriggerHandler|true|false
10:03:43.1 (179209609)|VARIABLE_ASSIGNMENT|[157]|this|{"context":"0x6366d202","isTriggerExecuting":true}|0x67927258
10:03:43.1 (179213464)|STATEMENT_EXECUTE|[157]
10:03:43.1 (179214430)|STATEMENT_EXECUTE|[158]
10:03:43.1 (179305995)|HEAP_ALLOCATE|[158]|Bytes:165
10:03:43.1 (179349281)|HEAP_ALLOCATE|[158]|Bytes:165
10:03:43.1 (179360322)|HEAP_ALLOCATE|[158]|Bytes:1
10:03:43.1 (179386968)|HEAP_ALLOCATE|[158]|Bytes:18
10:03:43.1 (179395806)|METHOD_EXIT|[150]|01pO00000003AAn|TriggerHandler.getHandlerName()
10:03:43.1 (179414110)|STATEMENT_EXECUTE|[150]
10:03:43.1 (179415831)|STATEMENT_EXECUTE|[153]
10:03:43.1 (179418956)|METHOD_EXIT|[33]|01pO00000003AAn|TriggerHandler.validateRun()
10:03:43.1 (179421813)|STATEMENT_EXECUTE|[33]
10:03:43.1 (179422853)|STATEMENT_EXECUTE|[35]
10:03:43.1 (179429168)|METHOD_ENTRY|[35]|01pO00000003AAn|TriggerHandler.addToLoopCount()
10:03:43.1 (179448815)|VARIABLE_SCOPE_BEGIN|[133]|this|TriggerHandler|true|false
10:03:43.1 (179466566)|VARIABLE_ASSIGNMENT|[133]|this|{"context":"0x6366d202","isTriggerExecuting":true}|0x67927258
10:03:43.1 (179470692)|STATEMENT_EXECUTE|[133]
10:03:43.1 (179471821)|STATEMENT_EXECUTE|[134]
10:03:43.1 (179479082)|METHOD_ENTRY|[134]|01pO00000003AAn|TriggerHandler.getHandlerName()
10:03:43.1 (179489365)|VARIABLE_SCOPE_BEGIN|[157]|this|TriggerHandler|true|false
10:03:43.1 (179503800)|VARIABLE_ASSIGNMENT|[157]|this|{"context":"0x6366d202","isTriggerExecuting":true}|0x67927258
10:03:43.1 (179507315)|STATEMENT_EXECUTE|[157]
10:03:43.1 (179508215)|STATEMENT_EXECUTE|[158]
10:03:43.1 (179542272)|HEAP_ALLOCATE|[158]|Bytes:165
10:03:43.1 (179578129)|HEAP_ALLOCATE|[158]|Bytes:165
10:03:43.1 (179601089)|HEAP_ALLOCATE|[158]|Bytes:18
10:03:43.1 (179609276)|METHOD_EXIT|[134]|01pO00000003AAn|TriggerHandler.getHandlerName()
10:03:43.1 (179612779)|VARIABLE_SCOPE_BEGIN|[134]|handlerName|String|false|false
10:03:43.1 (179620724)|VARIABLE_ASSIGNMENT|[134]|handlerName|"gateTriggerHandler"
10:03:43.1 (179655215)|STATEMENT_EXECUTE|[135]
10:03:43.1 (179659477)|METHOD_EXIT|[35]|01pO00000003AAn|TriggerHandler.addToLoopCount()
10:03:43.1 (179725742)|STATEMENT_EXECUTE|[38]
10:03:43.1 (179728065)|STATEMENT_EXECUTE|[39]
10:03:43.1 (179735406)|METHOD_ENTRY|[39]|01pO00000003AAn|TriggerHandler.beforeInsert()
10:03:43.1 (179752856)|VARIABLE_SCOPE_BEGIN|[167]|this|TriggerHandler|true|false
10:03:43.1 (179770609)|VARIABLE_ASSIGNMENT|[167]|this|{"context":"0x6366d202","isTriggerExecuting":true}|0x67927258
10:03:43.1 (179774661)|STATEMENT_EXECUTE|[167]
10:03:43.1 (179779374)|METHOD_EXIT|[39]|01pO00000003AAn|TriggerHandler.beforeInsert()
10:03:43.1 (179783407)|METHOD_EXIT|[2]|01pO00000003AAn|TriggerHandler.run()
10:03:43.179 (179791558)|CUMULATIVE_LIMIT_USAGE
10:03:43.179 (179791558)|LIMIT_USAGE_FOR_NS|(default)|
  Number of SOQL queries: 0 out of 100
  Number of query rows: 0 out of 50000
  Number of SOSL queries: 0 out of 20
  Number of DML statements: 1 out of 150
  Number of DML rows: 1 out of 10000
  Maximum CPU time: 0 out of 10000
  Maximum heap size: 0 out of 6000000
  Number of callouts: 0 out of 100
  Number of Email Invocations: 0 out of 10
  Number of future calls: 0 out of 50
  Number of queueable jobs added to the queue: 0 out of 50
  Number of Mobile Apex push calls: 0 out of 10

10:03:43.179 (179791558)|TOTAL_EMAIL_RECIPIENTS_QUEUED|0
10:03:43.179 (179791558)|STATIC_VARIABLE_LIST|
  char[]:DigitTens:0
  long:serialVersionUID:0
  String:_sfdcSuppressedCodeLocations:0
  String:_sfdcAdditionalCodeLocations:0
  long:serialVersionUID:0
  String:_sfdcAdditionalCodeLocations:0
  String:_sfdcAdditionalCodeLocations:0
  double:MAX_VALUE:0
  Boolean:FALSE:0
  long:serialVersionUID:0
  Gate__c:_static_G:0
  double:MIN_VALUE:0
  int:SIZE:0
  TriggerHandler.TriggerContext:BEFORE_INSERT:0
  double:NEGATIVE_INFINITY:0
  int:MAX_VALUE:0
  TriggerHandler.TriggerContext:AFTER_UNDELETE:0
  char[]:digits:0
  double:NaN:0
  Boolean:TRUE:0
  TriggerHandler.TriggerContext:AFTER_INSERT:0
  TriggerHandler.TriggerContext:AFTER_DELETE:0
  int:MIN_VALUE:0
  char[]:DigitOnes:0
  TriggerHandler.TriggerContext:AFTER_UPDATE:0
  String:__sfdcInnerTypes:0
  int:BYTES:0
  Map<String,TriggerHandler.LoopCount>:_static_loopCountMap:0
  Set<String>:_static_bypassedHandlers:0
  int:MIN_EXPONENT:0
  String:_sfdcSuppressedCodeLocations:0
  int[]:sizeTable:0
  TriggerHandler.TriggerContext:BEFORE_DELETE:0
  int:MAX_EXPONENT:0
  TriggerHandler.TriggerContext:BEFORE_UPDATE:0
  int:SIZE:0
  double:POSITIVE_INFINITY:0
  double:MIN_NORMAL:0
  int:BYTES:0

10:03:43.179 (179791558)|CUMULATIVE_LIMIT_USAGE_END

10:03:43.1 (182900668)|CODE_UNIT_FINISHED|gateTrigger on Gate trigger event BeforeInsert for [new]
10:03:43.1 (232957102)|CODE_UNIT_STARTED|[EXTERNAL]|01qO00000000TOT|gateTrigger on Gate trigger event AfterInsert for [a0nO0000003xMJv]
10:03:43.1 (232983946)|HEAP_ALLOCATE|[EXTERNAL]|Bytes:8
10:03:43.1 (233053453)|HEAP_ALLOCATE|[EXTERNAL]|Bytes:4
10:03:43.1 (233060608)|VARIABLE_SCOPE_BEGIN|[1]|this|gateTrigger|true|false
10:03:43.1 (233079133)|VARIABLE_ASSIGNMENT|[1]|this|{}|0x2d65c139
10:03:43.1 (233105034)|HEAP_ALLOCATE|[EXTERNAL]|Bytes:4
10:03:43.1 (233110194)|VARIABLE_SCOPE_BEGIN|[1]|this|gateTrigger|true|false
10:03:43.1 (233118356)|VARIABLE_ASSIGNMENT|[1]|this|{}|0x2d65c139
10:03:43.1 (233122938)|STATEMENT_EXECUTE|[1]
10:03:43.1 (233124579)|STATEMENT_EXECUTE|[2]
10:03:43.1 (233128989)|HEAP_ALLOCATE|[2]|Bytes:12
10:03:43.1 (233137363)|CONSTRUCTOR_ENTRY|[2]|01pO00000003IBZ|<init>()
10:03:43.1 (233142019)|VARIABLE_SCOPE_BEGIN|[15]|this|gateTriggerHandler|true|false
10:03:43.1 (233157443)|VARIABLE_ASSIGNMENT|[15]|this|{}|0x346dedf3
10:03:43.1 (233700520)|SYSTEM_MODE_ENTER|false
10:03:43.1 (233710435)|HEAP_ALLOCATE|[15]|Bytes:5
10:03:43.1 (233714796)|STATEMENT_EXECUTE|[14]
10:03:43.1 (233717956)|HEAP_ALLOCATE|[15]|Bytes:5
10:03:43.1 (233726545)|CONSTRUCTOR_ENTRY|[15]|01pO00000003AAn|<init>()
10:03:43.1 (233731348)|VARIABLE_SCOPE_BEGIN|[22]|this|TriggerHandler|true|false
10:03:43.1 (233748280)|VARIABLE_ASSIGNMENT|[22]|this|{}|0x346dedf3
10:03:43.1 (233751529)|STATEMENT_EXECUTE|[1]
10:03:43.1 (233752705)|STATEMENT_EXECUTE|[9]
10:03:43.1 (233753871)|STATEMENT_EXECUTE|[13]
10:03:43.1 (233768685)|STATEMENT_EXECUTE|[22]
10:03:43.1 (233770043)|STATEMENT_EXECUTE|[23]
10:03:43.1 (233777920)|METHOD_ENTRY|[23]|01pO00000003AAn|TriggerHandler.setTriggerContext()
10:03:43.1 (233781520)|VARIABLE_SCOPE_BEGIN|[94]|this|TriggerHandler|true|false
10:03:43.1 (233795667)|VARIABLE_ASSIGNMENT|[94]|this|{}|0x346dedf3
10:03:43.1 (233798987)|STATEMENT_EXECUTE|[94]
10:03:43.1 (233799982)|STATEMENT_EXECUTE|[95]
10:03:43.1 (233806712)|METHOD_ENTRY|[95]|01pO00000003AAn|TriggerHandler.setTriggerContext(String, Boolean)
10:03:43.1 (233810294)|VARIABLE_SCOPE_BEGIN|[99]|this|TriggerHandler|true|false
10:03:43.1 (233819795)|VARIABLE_ASSIGNMENT|[99]|this|{}|0x346dedf3
10:03:43.1 (233821671)|VARIABLE_SCOPE_BEGIN|[99]|ctx|String|false|false
10:03:43.1 (233825125)|VARIABLE_ASSIGNMENT|[99]|ctx|null
10:03:43.1 (233828606)|VARIABLE_SCOPE_BEGIN|[99]|testMode|Boolean|false|false
10:03:43.1 (233831755)|VARIABLE_ASSIGNMENT|[99]|testMode|false
10:03:43.1 (233834376)|STATEMENT_EXECUTE|[99]
10:03:43.1 (233843394)|STATEMENT_EXECUTE|[103]
10:03:43.1 (233844960)|STATEMENT_EXECUTE|[104]
10:03:43.1 (233848745)|HEAP_ALLOCATE|[104]|Bytes:5
10:03:43.1 (233874006)|STATEMENT_EXECUTE|[117]
10:03:43.1 (233875562)|STATEMENT_EXECUTE|[118]
10:03:43.1 (233884479)|METHOD_EXIT|[95]|01pO00000003AAn|TriggerHandler.setTriggerContext(String, Boolean)
10:03:43.1 (233889271)|METHOD_EXIT|[23]|01pO00000003AAn|TriggerHandler.setTriggerContext()
10:03:43.1 (233893305)|CONSTRUCTOR_EXIT|[15]|01pO00000003AAn|<init>()
10:03:43.1 (233895147)|STATEMENT_EXECUTE|[15]
10:03:43.1 (233899515)|SYSTEM_MODE_EXIT|false
10:03:43.1 (233903690)|CONSTRUCTOR_EXIT|[2]|01pO00000003IBZ|<init>()
10:03:43.1 (233908818)|METHOD_ENTRY|[2]|01pO00000003AAn|TriggerHandler.run()
10:03:43.1 (233911891)|VARIABLE_SCOPE_BEGIN|[31]|this|TriggerHandler|true|false
10:03:43.1 (233930075)|VARIABLE_ASSIGNMENT|[31]|this|{"context":"0x3ab795ee","isTriggerExecuting":true}|0x346dedf3
10:03:43.1 (233934203)|STATEMENT_EXECUTE|[31]
10:03:43.1 (233939713)|METHOD_ENTRY|[33]|01pO00000003AAn|TriggerHandler.validateRun()
10:03:43.1 (233943199)|VARIABLE_SCOPE_BEGIN|[146]|this|TriggerHandler|true|false
10:03:43.1 (233955639)|VARIABLE_ASSIGNMENT|[146]|this|{"context":"0x3ab795ee","isTriggerExecuting":true}|0x346dedf3
10:03:43.1 (233958851)|STATEMENT_EXECUTE|[146]
10:03:43.1 (233962688)|STATEMENT_EXECUTE|[147]
10:03:43.1 (233968253)|METHOD_ENTRY|[150]|01pO00000003AAn|TriggerHandler.getHandlerName()
10:03:43.1 (233971747)|VARIABLE_SCOPE_BEGIN|[157]|this|TriggerHandler|true|false
10:03:43.1 (233984150)|VARIABLE_ASSIGNMENT|[157]|this|{"context":"0x3ab795ee","isTriggerExecuting":true}|0x346dedf3
10:03:43.1 (233990963)|STATEMENT_EXECUTE|[157]
10:03:43.1 (233992130)|STATEMENT_EXECUTE|[158]
10:03:43.1 (234042321)|HEAP_ALLOCATE|[158]|Bytes:164
10:03:43.1 (234083318)|HEAP_ALLOCATE|[158]|Bytes:164
10:03:43.1 (234108332)|HEAP_ALLOCATE|[158]|Bytes:18
10:03:43.1 (234116761)|METHOD_EXIT|[150]|01pO00000003AAn|TriggerHandler.getHandlerName()
10:03:43.1 (234128883)|STATEMENT_EXECUTE|[150]
10:03:43.1 (234130477)|STATEMENT_EXECUTE|[153]
10:03:43.1 (234133207)|METHOD_EXIT|[33]|01pO00000003AAn|TriggerHandler.validateRun()
10:03:43.1 (234135965)|STATEMENT_EXECUTE|[33]
10:03:43.1 (234137047)|STATEMENT_EXECUTE|[35]
10:03:43.1 (234141353)|METHOD_ENTRY|[35]|01pO00000003AAn|TriggerHandler.addToLoopCount()
10:03:43.1 (234144577)|VARIABLE_SCOPE_BEGIN|[133]|this|TriggerHandler|true|false
10:03:43.1 (234161048)|VARIABLE_ASSIGNMENT|[133]|this|{"context":"0x3ab795ee","isTriggerExecuting":true}|0x346dedf3
10:03:43.1 (234164967)|STATEMENT_EXECUTE|[133]
10:03:43.1 (234166040)|STATEMENT_EXECUTE|[134]
10:03:43.1 (234170847)|METHOD_ENTRY|[134]|01pO00000003AAn|TriggerHandler.getHandlerName()
10:03:43.1 (234174077)|VARIABLE_SCOPE_BEGIN|[157]|this|TriggerHandler|true|false
10:03:43.1 (234185600)|VARIABLE_ASSIGNMENT|[157]|this|{"context":"0x3ab795ee","isTriggerExecuting":true}|0x346dedf3
10:03:43.1 (234188696)|STATEMENT_EXECUTE|[157]
10:03:43.1 (234189650)|STATEMENT_EXECUTE|[158]
10:03:43.1 (234223064)|HEAP_ALLOCATE|[158]|Bytes:164
10:03:43.1 (234259618)|HEAP_ALLOCATE|[158]|Bytes:164
10:03:43.1 (234282302)|HEAP_ALLOCATE|[158]|Bytes:18
10:03:43.1 (234290403)|METHOD_EXIT|[134]|01pO00000003AAn|TriggerHandler.getHandlerName()
10:03:43.1 (234299946)|VARIABLE_SCOPE_BEGIN|[134]|handlerName|String|false|false
10:03:43.1 (234307407)|VARIABLE_ASSIGNMENT|[134]|handlerName|"gateTriggerHandler"
10:03:43.1 (234319282)|STATEMENT_EXECUTE|[135]
10:03:43.1 (234322701)|METHOD_EXIT|[35]|01pO00000003AAn|TriggerHandler.addToLoopCount()
10:03:43.1 (234480489)|STATEMENT_EXECUTE|[44]
10:03:43.1 (234482987)|STATEMENT_EXECUTE|[45]
10:03:43.1 (234493914)|METHOD_ENTRY|[45]|01pO00000003IBZ|gateTriggerHandler.afterInsert()
10:03:43.1 (234515034)|VARIABLE_SCOPE_BEGIN|[19]|this|gateTriggerHandler|true|false
10:03:43.1 (234533975)|VARIABLE_ASSIGNMENT|[19]|this|{"context":"0x3ab795ee","isTriggerExecuting":true}|0x346dedf3
10:03:43.1 (234542580)|SYSTEM_MODE_ENTER|false
10:03:43.1 (234547574)|HEAP_ALLOCATE|[20]|Bytes:5
10:03:43.1 (234550953)|STATEMENT_EXECUTE|[19]
10:03:43.1 (234551985)|STATEMENT_EXECUTE|[20]
10:03:43.1 (234561324)|METHOD_ENTRY|[20]|01pO00000003IBZ|gateTriggerHandler.getApprovers()
10:03:43.1 (234580672)|VARIABLE_SCOPE_BEGIN|[161]|this|gateTriggerHandler|true|false
10:03:43.1 (234596952)|VARIABLE_ASSIGNMENT|[161]|this|{"context":"0x3ab795ee","isTriggerExecuting":true}|0x346dedf3
10:03:43.1 (234605894)|HEAP_ALLOCATE|[162]|Bytes:5
10:03:43.1 (234609459)|STATEMENT_EXECUTE|[161]
10:03:43.1 (234610661)|STATEMENT_EXECUTE|[162]
10:03:43.1 (234619891)|HEAP_ALLOCATE|[162]|Bytes:4
10:03:43.1 (234647465)|VARIABLE_SCOPE_BEGIN|[162]|Business_Unit_Ids|Set<Id>|true|false
10:03:43.1 (234670694)|VARIABLE_ASSIGNMENT|[162]|Business_Unit_Ids|[]|0x374cde6d
10:03:43.1 (234673736)|STATEMENT_EXECUTE|[163]
10:03:43.1 (234713439)|HEAP_ALLOCATE|[163]|Bytes:4
10:03:43.1 (234792074)|HEAP_ALLOCATE|[163]|Bytes:26
10:03:43.1 (234813432)|METHOD_ENTRY|[163]|01pO00000003IBZ|gateTriggerHandler.getOppFields(Set<Id>)
10:03:43.1 (234819138)|VARIABLE_SCOPE_BEGIN|[276]|gateIds|Set<Id>|true|false
10:03:43.1 (234828293)|VARIABLE_ASSIGNMENT|[276]|gateIds|["a0nO0000003xMJvIAM"]|0x6fc34491
10:03:43.1 (234836636)|HEAP_ALLOCATE|[277]|Bytes:5
10:03:43.1 (234839922)|STATEMENT_EXECUTE|[276]
10:03:43.1 (234841280)|STATEMENT_EXECUTE|[277]
10:03:43.1 (234844255)|HEAP_ALLOCATE|[277]|Bytes:246
10:03:43.1 (234851450)|HEAP_ALLOCATE|[277]|Bytes:4
10:03:43.1 (234860173)|HEAP_ALLOCATE|[277]|Bytes:7
10:03:43.1 (234897662)|HEAP_ALLOCATE|[277]|Bytes:8
10:03:43.1 (234905001)|HEAP_ALLOCATE|[277]|Bytes:8
10:03:43.1 (235429647)|SOQL_EXECUTE_BEGIN|[277]|Aggregations:0|SELECT ID, Opportunity__r.Business_Group__c, Opportunity__r.Regional_Business__c, Opportunity__r.Overall_Prospect_Value__c, Opportunity__r.Number_of_PRA_Critical_Items_Rated_3__c, Opportunity__r.D_I_Involvement__c FROM gate__c WHERE ID = :tmpVar1
10:03:43.1 (235442011)|LIMIT_USAGE|[277]|SOQL|1|100
10:03:43.1 (235452574)|LIMIT_USAGE|[277]|AGGS|0|300
10:03:43.1 (252043064)|SOQL_EXECUTE_END|[277]|Rows:1
10:03:43.1 (252056878)|LIMIT_USAGE|[277]|SOQL_ROWS|1|50000
10:03:43.1 (252078133)|HEAP_ALLOCATE|[277]|Bytes:8
10:03:43.1 (252110191)|HEAP_ALLOCATE|[277]|Bytes:396
10:03:43.1 (252173785)|HEAP_ALLOCATE|[277]|Bytes:8
10:03:43.1 (252206482)|METHOD_EXIT|[163]|01pO00000003IBZ|gateTriggerHandler.getOppFields(Set<Id>)
10:03:43.1 (252249696)|HEAP_ALLOCATE|[163]|Bytes:16
10:03:43.1 (252264058)|HEAP_ALLOCATE|[163]|Bytes:4
10:03:43.1 (252280356)|VARIABLE_SCOPE_BEGIN|[163]|gateToOppfields|Map<Id,Gate__c>|true|false
10:03:43.1 (252334778)|VARIABLE_ASSIGNMENT|[163]|gateToOppfields|{"a0nO0000003xMJvIAM":{"Id":"a0nO0000003xMJvIAM","Opportunity__c":"006O0000008k8iYIAQ","Opportunity__r":{"Id":"006O0000008k8iYIAQ","Business_Group__c":"a0BO000000F4Di8MAF","Regional_Business__c":"a0BO000000F4DiNMAV","Overall_Prospect_Val (5 more) ...":1000000,"Number_of_PRA_Critic (19 more) ...":0,"D_I_Involvement__c":true,"RecordTypeId":"012O0000000DD8FIAW"}}}|0x2649103
10:03:43.1 (252391290)|HEAP_ALLOCATE|[EXTERNAL]|Bytes:8
10:03:43.1 (252406172)|HEAP_ALLOCATE|[166]|Bytes:403
10:03:43.1 (252704809)|HEAP_ALLOCATE|[166]|Bytes:5
10:03:43.1 (252734315)|HEAP_ALLOCATE|[166]|Bytes:16
10:03:43.1 (252750482)|VARIABLE_SCOPE_BEGIN|[166]|gate|Gate__c|true|false
10:03:43.1 (252783010)|VARIABLE_ASSIGNMENT|[166]|gate|{"Id":"a0nO0000003xMJvIAM","Opportunity__c":"006O0000008k8iYIAQ","Opportunity__r":{"Id":"006O0000008k8iYIAQ","Business_Group__c":"a0BO000000F4Di8MAF","Regional_Business__c":"a0BO000000F4DiNMAV","Overall_Prospect_Val (5 more) ...":1000000,"Number_of_PRA_Critic (19 more) ...":0,"D_I_Involvement__c":true,"RecordTypeId":"012O0000000DD8FIAW"}}|0x52455dd
10:03:43.1 (252791718)|STATEMENT_EXECUTE|[166]
10:03:43.1 (252969828)|STATEMENT_EXECUTE|[167]
10:03:43.1 (252973732)|STATEMENT_EXECUTE|[168]
10:03:43.1 (253028958)|HEAP_ALLOCATE|[EXTERNAL]|Bytes:4
10:03:43.1 (253079521)|STATEMENT_EXECUTE|[171]
10:03:43.1 (253082871)|STATEMENT_EXECUTE|[172]
10:03:43.1 (253120859)|HEAP_ALLOCATE|[EXTERNAL]|Bytes:4
10:03:43.1 (253141709)|HEAP_ALLOCATE|[166]|Bytes:5
10:03:43.1 (253159134)|VARIABLE_ASSIGNMENT|[166]|gate|null|
10:03:43.1 (253164566)|STATEMENT_EXECUTE|[177]
10:03:43.1 (253184029)|METHOD_ENTRY|[177]|01pO00000003IBZ|gateTriggerHandler.getBusinessUnitToApproverMap(Set<Id>)
10:03:43.1 (253291071)|VARIABLE_SCOPE_BEGIN|[286]|BusinessUnitIDs|Set<Id>|true|false
10:03:43.1 (253308897)|VARIABLE_ASSIGNMENT|[286]|BusinessUnitIDs|["a0BO000000F4Di8MAF","a0BO000000F4DiNMAV"]|0x374cde6d
10:03:43.1 (253323017)|HEAP_ALLOCATE|[287]|Bytes:5
10:03:43.1 (253328584)|STATEMENT_EXECUTE|[286]
10:03:43.1 (253330832)|STATEMENT_EXECUTE|[287]
10:03:43.1 (253338873)|HEAP_ALLOCATE|[287]|Bytes:4
10:03:43.1 (253373729)|VARIABLE_SCOPE_BEGIN|[287]|BusinessUnitToApproverMap|Map<Id,List<Assigned_Approver__c>>|true|false
10:03:43.1 (253388120)|VARIABLE_ASSIGNMENT|[287]|BusinessUnitToApproverMap|{}|0x776a507f
10:03:43.1 (253396339)|HEAP_ALLOCATE|[289]|Bytes:149
10:03:43.1 (253404257)|HEAP_ALLOCATE|[289]|Bytes:4
10:03:43.1 (253947028)|SOQL_EXECUTE_BEGIN|[289]|Aggregations:0|SELECT Approval_Level__c, Approver_Role__c, Approver__c, Business_Unit__c, Id, Name FROM Business_Unit_Approvers__c 
10:03:43.1 (253957082)|LIMIT_USAGE|[289]|SOQL|2|100
10:03:43.1 (253966446)|LIMIT_USAGE|[289]|AGGS|0|300
10:03:43.1 (259065434)|SOQL_EXECUTE_END|[289]|Rows:4
10:03:43.1 (259073278)|LIMIT_USAGE|[289]|SOQL_ROWS|5|50000
10:03:43.1 (259081991)|HEAP_ALLOCATE|[EXTERNAL]|Bytes:20
10:03:43.1 (259232200)|HEAP_ALLOCATE|[289]|Bytes:49
10:03:43.1 (259239597)|HEAP_ALLOCATE|[289]|Bytes:8
10:03:43.1 (259256149)|SYSTEM_METHOD_ENTRY|[7]|QueryLocatorIterator.QueryLocatorIterator()
10:03:43.1 (259259361)|STATEMENT_EXECUTE|[7]
10:03:43.1 (259271525)|SYSTEM_METHOD_EXIT|[7]|QueryLocatorIterator
10:03:43.1 (259279104)|HEAP_ALLOCATE|[289]|Bytes:28
10:03:43.1 (259349822)|HEAP_ALLOCATE|[289]|Bytes:20
10:03:43.1 (259367487)|HEAP_ALLOCATE|[289]|Bytes:8
10:03:43.1 (259369831)|HEAP_ALLOCATE|[289]|Bytes:8
10:03:43.1 (259373429)|VARIABLE_SCOPE_BEGIN|[15]|this|Database.QueryLocatorIterator|true|false
10:03:43.1 (259401700)|VARIABLE_ASSIGNMENT|[15]|this|{}|0x1b32d932
10:03:43.1 (259404845)|VARIABLE_SCOPE_BEGIN|[15]|values|List<SObject>|true|false
10:03:43.1 (259437629)|VARIABLE_ASSIGNMENT|[15]|values|[{"Approval_Level__c":"1","Approver_Role__c":"Regional Pre Contrac (10 more) ...","Approver__c":"00528000004d3msAAA","Business_Unit__c":"a0BO000000F4DiNMAV","Id":"a0kO000000467kNIAQ","Name":"BUA-00000001"},{"Approval_Level__c":"2","Approver_Role__c":"Executive General Ma (11 more) ...","Approver__c":"00528000006BVWuAAO","Business_Unit__c":"a0BO000000F4DiNMAV","Id":"a0kO000000467kSIAQ","Name":"BUA-00000002"},{"Approval_Level__c":"1","Approver_Role__c":"Regional Pre Contrac (10 more) ...","Approver__c":"00528000004d3msAAA","Business_Unit__c":"a0BO000000F4Di8MAF","Id":"a0kO00000046BxGIAU","Name":"BUA-00000003"},{"Approval_Level__c":"2","Approver_Role__c":"Executive General Ma (11 more) ...","Approver__c":"005O0000003t7anIAA","Business_Unit__c":"a0BO000000F4Di8MAF","Id":"a0kO0000006EUpIIAW","Name":"BUA-00000004"}]|0x526374e6
10:03:43.1 (259443982)|VARIABLE_SCOPE_BEGIN|[15]|ql|Database.QueryLocator|true|false
10:03:43.1 (259456527)|VARIABLE_ASSIGNMENT|[15]|ql|{"query":"SELECT Approval_Leve (129 more) ..."}|0x159d318
10:03:43.1 (259459579)|VARIABLE_SCOPE_BEGIN|[15]|totalNumRecords|Integer|false|false
10:03:43.1 (259465598)|VARIABLE_ASSIGNMENT|[15]|totalNumRecords|4
10:03:43.1 (259468514)|VARIABLE_SCOPE_BEGIN|[15]|queryMoreSize|Integer|false|false
10:03:43.1 (259471397)|VARIABLE_ASSIGNMENT|[15]|queryMoreSize|49995
10:03:43.1 (259524888)|HEAP_ALLOCATE|[289]|Bytes:28
10:03:43.1 (259542359)|METHOD_ENTRY|[289]||Database.QueryLocatorIterator.hasNext()
10:03:43.1 (259605835)|METHOD_EXIT|[289]||Database.QueryLocatorIterator.hasNext()
10:03:43.1 (259614041)|METHOD_ENTRY|[289]||Database.QueryLocatorIterator.next()
10:03:43.1 (259701639)|METHOD_EXIT|[289]||Database.QueryLocatorIterator.next()
10:03:43.1 (259708376)|VARIABLE_SCOPE_BEGIN|[289]|BUA|Business_Unit_Approvers__c|true|false
10:03:43.1 (259724512)|VARIABLE_ASSIGNMENT|[289]|BUA|{"Approval_Level__c":"1","Approver_Role__c":"Regional Pre Contrac (10 more) ...","Approver__c":"00528000004d3msAAA","Business_Unit__c":"a0BO000000F4DiNMAV","Id":"a0kO000000467kNIAQ","Name":"BUA-00000001"}|0xf1f211b
10:03:43.1 (259728560)|STATEMENT_EXECUTE|[289]
10:03:43.1 (259729961)|STATEMENT_EXECUTE|[292]
10:03:43.1 (259747674)|HEAP_ALLOCATE|[292]|Bytes:4
10:03:43.1 (259866235)|VARIABLE_ASSIGNMENT|[292]|this.Approval_Level__c|"1"|0x4612b05a
10:03:43.1 (259871931)|HEAP_ALLOCATE|[293]|Bytes:25
10:03:43.1 (259902138)|VARIABLE_ASSIGNMENT|[292]|this.Approval_Status__c|"Assigned Pending App (5 more) ..."|0x4612b05a
10:03:43.1 (259952233)|VARIABLE_ASSIGNMENT|[292]|this.Approver__c|"00528000004d3msAAA"|0x4612b05a
10:03:43.1 (260002132)|VARIABLE_ASSIGNMENT|[292]|this.Gate__c|null|0x4612b05a
10:03:43.1 (260040972)|VARIABLE_ASSIGNMENT|[292]|this.Approver_Role__c|"Regional Pre Contrac (10 more) ..."|0x4612b05a
10:03:43.1 (260066315)|VARIABLE_SCOPE_BEGIN|[292]|AA|Assigned_Approver__c|true|false
10:03:43.1 (260081683)|VARIABLE_ASSIGNMENT|[292]|AA|{"Approval_Level__c":"1","Approval_Status__c":"Assigned Pending App (5 more) ...","Approver__c":"00528000004d3msAAA","Approver_Role__c":"Regional Pre Contrac (10 more) ..."}|0x4612b05a
10:03:43.1 (260142211)|STATEMENT_EXECUTE|[302]
10:03:43.1 (260144889)|STATEMENT_EXECUTE|[303]
10:03:43.1 (260152705)|HEAP_ALLOCATE|[303]|Bytes:4
10:03:43.1 (260195305)|VARIABLE_SCOPE_BEGIN|[303]|AAlistNew|List<Assigned_Approver__c>|true|false
10:03:43.1 (260203004)|HEAP_ALLOCATE|[EXTERNAL]|Bytes:4
10:03:43.1 (260209966)|VARIABLE_ASSIGNMENT|[303]|AAlistNew|[]|0x47a2f0f6
10:03:43.1 (260212621)|STATEMENT_EXECUTE|[304]
10:03:43.1 (260240374)|HEAP_ALLOCATE|[EXTERNAL]|Bytes:4
10:03:43.1 (260247907)|STATEMENT_EXECUTE|[305]
10:03:43.1 (260284826)|HEAP_ALLOCATE|[EXTERNAL]|Bytes:-4
10:03:43.1 (260295860)|METHOD_ENTRY|[289]||Database.QueryLocatorIterator.hasNext()
10:03:43.1 (260317135)|METHOD_EXIT|[289]||Database.QueryLocatorIterator.hasNext()
10:03:43.1 (260321950)|METHOD_ENTRY|[289]||Database.QueryLocatorIterator.next()
10:03:43.1 (260382183)|METHOD_EXIT|[289]||Database.QueryLocatorIterator.next()
10:03:43.1 (260388112)|VARIABLE_SCOPE_BEGIN|[289]|BUA|Business_Unit_Approvers__c|true|false
10:03:43.1 (260403613)|VARIABLE_ASSIGNMENT|[289]|BUA|{"Approval_Level__c":"2","Approver_Role__c":"Executive General Ma (11 more) ...","Approver__c":"00528000006BVWuAAO","Business_Unit__c":"a0BO000000F4DiNMAV","Id":"a0kO000000467kSIAQ","Name":"BUA-00000002"}|0x6280e0e2
10:03:43.1 (260407101)|STATEMENT_EXECUTE|[289]
10:03:43.1 (260408125)|STATEMENT_EXECUTE|[292]
10:03:43.1 (260419951)|HEAP_ALLOCATE|[292]|Bytes:4
10:03:43.1 (260460177)|VARIABLE_ASSIGNMENT|[292]|this.Approval_Level__c|"2"|0x8a2d6d3
10:03:43.1 (260489144)|VARIABLE_ASSIGNMENT|[292]|this.Approval_Status__c|"Assigned Pending App (5 more) ..."|0x8a2d6d3
10:03:43.1 (260519633)|VARIABLE_ASSIGNMENT|[292]|this.Approver__c|"00528000006BVWuAAO"|0x8a2d6d3
10:03:43.1 (260549742)|VARIABLE_ASSIGNMENT|[292]|this.Gate__c|null|0x8a2d6d3
10:03:43.1 (260577914)|VARIABLE_ASSIGNMENT|[292]|this.Approver_Role__c|"Executive General Ma (11 more) ..."|0x8a2d6d3
10:03:43.1 (260588191)|VARIABLE_SCOPE_BEGIN|[292]|AA|Assigned_Approver__c|true|false
10:03:43.1 (260600553)|VARIABLE_ASSIGNMENT|[292]|AA|{"Approval_Level__c":"2","Approval_Status__c":"Assigned Pending App (5 more) ...","Approver__c":"00528000006BVWuAAO","Approver_Role__c":"Executive General Ma (11 more) ..."}|0x8a2d6d3
10:03:43.1 (260618148)|STATEMENT_EXECUTE|[298]
10:03:43.1 (260619889)|STATEMENT_EXECUTE|[299]
10:03:43.1 (260665252)|VARIABLE_SCOPE_BEGIN|[299]|AAlist|List<Assigned_Approver__c>|true|false
10:03:43.1 (260683240)|VARIABLE_ASSIGNMENT|[299]|AAlist|[{"Approval_Level__c":"1","Approval_Status__c":"Assigned Pending App (5 more) ...","Approver__c":"00528000004d3msAAA","Approver_Role__c":"Regional Pre Contrac (10 more) ..."}]|0x47a2f0f6
10:03:43.1 (260686482)|STATEMENT_EXECUTE|[300]
10:03:43.1 (260709148)|HEAP_ALLOCATE|[EXTERNAL]|Bytes:4
10:03:43.1 (260719594)|METHOD_ENTRY|[289]||Database.QueryLocatorIterator.hasNext()
10:03:43.1 (260739602)|METHOD_EXIT|[289]||Database.QueryLocatorIterator.hasNext()
10:03:43.1 (260744397)|METHOD_ENTRY|[289]||Database.QueryLocatorIterator.next()
10:03:43.1 (260803338)|METHOD_EXIT|[289]||Database.QueryLocatorIterator.next()
10:03:43.1 (260809349)|VARIABLE_SCOPE_BEGIN|[289]|BUA|Business_Unit_Approvers__c|true|false
10:03:43.1 (260824185)|VARIABLE_ASSIGNMENT|[289]|BUA|{"Approval_Level__c":"1","Approver_Role__c":"Regional Pre Contrac (10 more) ...","Approver__c":"00528000004d3msAAA","Business_Unit__c":"a0BO000000F4Di8MAF","Id":"a0kO00000046BxGIAU","Name":"BUA-00000003"}|0x5857a271
10:03:43.1 (260827707)|STATEMENT_EXECUTE|[289]
10:03:43.1 (260828755)|STATEMENT_EXECUTE|[292]
10:03:43.1 (260840424)|HEAP_ALLOCATE|[292]|Bytes:4
10:03:43.1 (260879940)|VARIABLE_ASSIGNMENT|[292]|this.Approval_Level__c|"1"|0x710a5b9d
10:03:43.1 (260904606)|VARIABLE_ASSIGNMENT|[292]|this.Approval_Status__c|"Assigned Pending App (5 more) ..."|0x710a5b9d
10:03:43.1 (260933690)|VARIABLE_ASSIGNMENT|[292]|this.Approver__c|"00528000004d3msAAA"|0x710a5b9d
10:03:43.1 (260963252)|VARIABLE_ASSIGNMENT|[292]|this.Gate__c|null|0x710a5b9d
10:03:43.1 (260990147)|VARIABLE_ASSIGNMENT|[292]|this.Approver_Role__c|"Regional Pre Contrac (10 more) ..."|0x710a5b9d
10:03:43.1 (260999638)|VARIABLE_SCOPE_BEGIN|[292]|AA|Assigned_Approver__c|true|false
10:03:43.1 (261011425)|VARIABLE_ASSIGNMENT|[292]|AA|{"Approval_Level__c":"1","Approval_Status__c":"Assigned Pending App (5 more) ...","Approver__c":"00528000004d3msAAA","Approver_Role__c":"Regional Pre Contrac (10 more) ..."}|0x710a5b9d
10:03:43.1 (261028780)|STATEMENT_EXECUTE|[302]
10:03:43.1 (261030358)|STATEMENT_EXECUTE|[303]
10:03:43.1 (261034073)|HEAP_ALLOCATE|[303]|Bytes:4
10:03:43.1 (261042694)|VARIABLE_SCOPE_BEGIN|[303]|AAlistNew|List<Assigned_Approver__c>|true|false
10:03:43.1 (261047433)|HEAP_ALLOCATE|[EXTERNAL]|Bytes:4
10:03:43.1 (261053408)|VARIABLE_ASSIGNMENT|[303]|AAlistNew|[]|0x14e832ae
10:03:43.1 (261055654)|STATEMENT_EXECUTE|[304]
10:03:43.1 (261061288)|HEAP_ALLOCATE|[EXTERNAL]|Bytes:4
10:03:43.1 (261065242)|STATEMENT_EXECUTE|[305]
10:03:43.1 (261075514)|HEAP_ALLOCATE|[EXTERNAL]|Bytes:-4
10:03:43.1 (261083451)|METHOD_ENTRY|[289]||Database.QueryLocatorIterator.hasNext()
10:03:43.1 (261102173)|METHOD_EXIT|[289]||Database.QueryLocatorIterator.hasNext()
10:03:43.1 (261106447)|METHOD_ENTRY|[289]||Database.QueryLocatorIterator.next()
10:03:43.1 (261161761)|METHOD_EXIT|[289]||Database.QueryLocatorIterator.next()
10:03:43.1 (261167354)|VARIABLE_SCOPE_BEGIN|[289]|BUA|Business_Unit_Approvers__c|true|false
10:03:43.1 (261181672)|VARIABLE_ASSIGNMENT|[289]|BUA|{"Approval_Level__c":"2","Approver_Role__c":"Executive General Ma (11 more) ...","Approver__c":"005O0000003t7anIAA","Business_Unit__c":"a0BO000000F4Di8MAF","Id":"a0kO0000006EUpIIAW","Name":"BUA-00000004"}|0xa627aae
10:03:43.1 (261185315)|STATEMENT_EXECUTE|[289]
10:03:43.1 (261186352)|STATEMENT_EXECUTE|[292]
10:03:43.1 (261197558)|HEAP_ALLOCATE|[292]|Bytes:4
10:03:43.1 (261235148)|VARIABLE_ASSIGNMENT|[292]|this.Approval_Level__c|"2"|0x6fc315b9
10:03:43.1 (261270971)|VARIABLE_ASSIGNMENT|[292]|this.Approval_Status__c|"Assigned Pending App (5 more) ..."|0x6fc315b9
10:03:43.1 (261302177)|VARIABLE_ASSIGNMENT|[292]|this.Approver__c|"005O0000003t7anIAA"|0x6fc315b9
10:03:43.1 (261331615)|VARIABLE_ASSIGNMENT|[292]|this.Gate__c|null|0x6fc315b9
10:03:43.1 (261358542)|VARIABLE_ASSIGNMENT|[292]|this.Approver_Role__c|"Executive General Ma (11 more) ..."|0x6fc315b9
10:03:43.1 (261368095)|VARIABLE_SCOPE_BEGIN|[292]|AA|Assigned_Approver__c|true|false
10:03:43.1 (261379422)|VARIABLE_ASSIGNMENT|[292]|AA|{"Approval_Level__c":"2","Approval_Status__c":"Assigned Pending App (5 more) ...","Approver__c":"005O0000003t7anIAA","Approver_Role__c":"Executive General Ma (11 more) ..."}|0x6fc315b9
10:03:43.1 (261396487)|STATEMENT_EXECUTE|[298]
10:03:43.1 (261398170)|STATEMENT_EXECUTE|[299]
10:03:43.1 (261415488)|VARIABLE_SCOPE_BEGIN|[299]|AAlist|List<Assigned_Approver__c>|true|false
10:03:43.1 (261429883)|VARIABLE_ASSIGNMENT|[299]|AAlist|[{"Approval_Level__c":"1","Approval_Status__c":"Assigned Pending App (5 more) ...","Approver__c":"00528000004d3msAAA","Approver_Role__c":"Regional Pre Contrac (10 more) ..."}]|0x14e832ae
10:03:43.1 (261432872)|STATEMENT_EXECUTE|[300]
10:03:43.1 (261442195)|HEAP_ALLOCATE|[EXTERNAL]|Bytes:4
10:03:43.1 (261450681)|METHOD_ENTRY|[289]||Database.QueryLocatorIterator.hasNext()
10:03:43.1 (261467346)|METHOD_EXIT|[289]||Database.QueryLocatorIterator.hasNext()
10:03:43.1 (261475384)|VARIABLE_ASSIGNMENT|[289]|BUA|null|
10:03:43.1 (261495801)|STATEMENT_EXECUTE|[309]
10:03:43.1 (261503624)|METHOD_EXIT|[177]|01pO00000003IBZ|gateTriggerHandler.getBusinessUnitToApproverMap(Set<Id>)
10:03:43.1 (261507641)|VARIABLE_SCOPE_BEGIN|[177]|BusinessUnitToApproverMap|Map<Id,List<Assigned_Approver__c>>|true|false
10:03:43.1 (261537944)|VARIABLE_ASSIGNMENT|[177]|BusinessUnitToApproverMap|{"a0BO000000F4DiNMAV":[{"Approval_Level__c":"1","Approval_Status__c":"Assigned Pending App (5 more) ...","Approver__c":"00528000004d3msAAA","Approver_Role__c":"Regional Pre Contrac (10 more) ..."},{"Approval_Level__c":"2","Approval_Status__c":"Assigned Pending App (5 more) ...","Approver__c":"00528000006BVWuAAO","Approver_Role__c":"Executive General Ma (11 more) ..."}],"a0BO000000F4Di8MAF":[{"Approval_Level__c":"1","Approval_Status__c":"Assigned Pending App (5 more) ...","Approver__c":"00528000004d3msAAA","Approver_Role__c":"Regional Pre Contrac (10 more) ..."},{"Approval_Level__c":"2","Approval_Status__c":"Assigned Pending App (5 more) ...","Approver__c":"005O0000003t7anIAA","Approver_Role__c":"Executive General Ma (11 more) ..."}]}|0x776a507f
10:03:43.1 (261543532)|STATEMENT_EXECUTE|[178]
10:03:43.1 (261548307)|HEAP_ALLOCATE|[178]|Bytes:4
10:03:43.1 (261568276)|VARIABLE_SCOPE_BEGIN|[178]|Assigned_Approvers_ToInsert|List<Assigned_Approver__c>|true|false
10:03:43.1 (261573708)|HEAP_ALLOCATE|[EXTERNAL]|Bytes:4
10:03:43.1 (261579196)|VARIABLE_ASSIGNMENT|[178]|Assigned_Approvers_ToInsert|[]|0x4cb66d6f
10:03:43.1 (261631926)|HEAP_ALLOCATE|[180]|Bytes:5
10:03:43.1 (261649729)|VARIABLE_SCOPE_BEGIN|[180]|gate|Gate__c|true|false
10:03:43.1 (261915739)|VARIABLE_ASSIGNMENT|[180]|gate|{"LastModifiedDate":"2017-03-26T23:03:44.000Z","IsDeleted":false,"CreatedById":"005O0000003t7anIAA","CreatedDate":"2017-03-26T23:03:44.000Z","Gate_Number__c":"1","Opportunity__c":"006O0000008k8iYIAQ","Id":"a0nO0000003xMJvIAM","Status__c":"Not Started","LastModifiedById":"005O0000003t7anIAA","Name":"test2017-03-27 10:03 (3 more) ...","SystemModstamp":"2017-03-26T23:03:44.000Z"}|0x191e5b15
10:03:43.1 (261921855)|STATEMENT_EXECUTE|[180]
10:03:43.1 (261922916)|STATEMENT_EXECUTE|[181]
10:03:43.1 (261978853)|VARIABLE_SCOPE_BEGIN|[181]|gateWithOppFields|Gate__c|true|false
10:03:43.1 (262000887)|VARIABLE_ASSIGNMENT|[181]|gateWithOppFields|{"Id":"a0nO0000003xMJvIAM","Opportunity__c":"006O0000008k8iYIAQ","Opportunity__r":{"Id":"006O0000008k8iYIAQ","Business_Group__c":"a0BO000000F4Di8MAF","Regional_Business__c":"a0BO000000F4DiNMAV","Overall_Prospect_Val (5 more) ...":1000000,"Number_of_PRA_Critic (19 more) ...":0,"D_I_Involvement__c":true,"RecordTypeId":"012O0000000DD8FIAW"}}|0x52455dd
10:03:43.1 (262006210)|STATEMENT_EXECUTE|[182]
10:03:43.1 (262013719)|VARIABLE_SCOPE_BEGIN|[182]|theBusinessUnit|Id|false|false
10:03:43.1 (262018377)|VARIABLE_ASSIGNMENT|[182]|theBusinessUnit|null
10:03:43.1 (262065217)|STATEMENT_EXECUTE|[185]
10:03:43.1 (262077080)|STATEMENT_EXECUTE|[187]
10:03:43.1 (262078664)|STATEMENT_EXECUTE|[188]
10:03:43.1 (262285073)|VARIABLE_ASSIGNMENT|[188]|theBusinessUnit|"a0BO000000F4Di8MAF"
10:03:43.1 (275988297)|VARIABLE_SCOPE_BEGIN|[5]|Custom_Settings.Approvers|Approvers__c|true|true
10:03:43.1 (276000423)|HEAP_ALLOCATE|[196]|Bytes:28
10:03:43.1 (276007060)|HEAP_ALLOCATE|[196]|Bytes:92
10:03:43.1 (276010026)|HEAP_ALLOCATE|[196]|Bytes:1
10:03:43.1 (276022317)|METHOD_ENTRY|[1]|01pO00000003RXf|Custom_Settings.Custom_Settings()
10:03:43.1 (276025056)|STATEMENT_EXECUTE|[1]
10:03:43.1 (276028789)|STATEMENT_EXECUTE|[1]
10:03:43.1 (276036590)|HEAP_ALLOCATE|[196]|Bytes:5
10:03:43.1 (276039518)|STATEMENT_EXECUTE|[3]
10:03:43.1 (276046888)|METHOD_EXIT|[1]|Custom_Settings
10:03:43.1 (276079460)|HEAP_ALLOCATE|[7]|Bytes:5
10:03:43.1 (276085289)|STATEMENT_EXECUTE|[6]
10:03:43.1 (276086492)|STATEMENT_EXECUTE|[7]
10:03:43.1 (277176858)|HEAP_ALLOCATE|[7]|Bytes:32
10:03:43.1 (277190513)|VARIABLE_SCOPE_BEGIN|[7]|App|Approvers__c|true|false
10:03:43.1 (277211816)|VARIABLE_ASSIGNMENT|[7]|App|{"IsDeleted":false,"Name":"a0qO0000007lg39","SetupOwnerId":"005O0000003t7anIAA","COO_User_ID__c":"005O0000003t7an","CEO_User_ID__c":"005O0000003t7an","Lower_Threshold__c":2.0E8,"Higher_Threshold__c":5.0E8}|0x5385e25f
10:03:43.1 (277247680)|STATEMENT_EXECUTE|[8]
10:03:43.1 (277286423)|STATEMENT_EXECUTE|[12]
10:03:43.1 (277288658)|STATEMENT_EXECUTE|[15]
10:03:43.1 (277422164)|HEAP_ALLOCATE|[196]|Bytes:28
10:03:43.1 (277437651)|HEAP_ALLOCATE|[196]|Bytes:28
10:03:43.1 (277439682)|HEAP_ALLOCATE|[196]|Bytes:28
10:03:43.1 (277511347)|STATEMENT_EXECUTE|[196]
10:03:43.1 (277514047)|STATEMENT_EXECUTE|[197]
10:03:43.1 (277517528)|HEAP_ALLOCATE|[197]|Bytes:3
10:03:43.1 (277540904)|METHOD_ENTRY|[197]|01pO00000003IBZ|gateTriggerHandler.addApprovers(String, List<Assigned_Approver__c>, Id)
10:03:43.1 (277565481)|VARIABLE_SCOPE_BEGIN|[320]|CEO_or_COO|String|false|false
10:03:43.1 (277572691)|VARIABLE_ASSIGNMENT|[320]|CEO_or_COO|"COO"
10:03:43.1 (277575541)|VARIABLE_SCOPE_BEGIN|[320]|Assigned_Approvers_ToInsert|List<Assigned_Approver__c>|true|false
10:03:43.1 (277581731)|VARIABLE_ASSIGNMENT|[320]|Assigned_Approvers_ToInsert|[]|0x4cb66d6f
10:03:43.1 (277584126)|VARIABLE_SCOPE_BEGIN|[320]|gateID|Id|false|false
10:03:43.1 (277672771)|VARIABLE_ASSIGNMENT|[320]|gateID|"a0nO0000003xMJvIAM"
10:03:43.1 (277683428)|HEAP_ALLOCATE|[321]|Bytes:5
10:03:43.1 (277687590)|STATEMENT_EXECUTE|[320]
10:03:43.1 (277688916)|STATEMENT_EXECUTE|[321]
10:03:43.1 (277692433)|VARIABLE_SCOPE_BEGIN|[321]|AA|Assigned_Approver__c|true|false
10:03:43.1 (277697942)|VARIABLE_ASSIGNMENT|[321]|AA|null|
10:03:43.1 (277716376)|STATEMENT_EXECUTE|[323]
10:03:43.1 (277718047)|STATEMENT_EXECUTE|[324]
10:03:43.1 (277732454)|HEAP_ALLOCATE|[324]|Bytes:4
10:03:43.1 (277759667)|HEAP_ALLOCATE|[7]|Bytes:5
10:03:43.1 (277763277)|STATEMENT_EXECUTE|[6]
10:03:43.1 (277764528)|STATEMENT_EXECUTE|[7]
10:03:43.1 (277942601)|HEAP_ALLOCATE|[7]|Bytes:32
10:03:43.1 (277953361)|VARIABLE_SCOPE_BEGIN|[7]|App|Approvers__c|true|false
10:03:43.1 (277970629)|VARIABLE_ASSIGNMENT|[7]|App|{"IsDeleted":false,"Name":"a0qO0000007lg39","SetupOwnerId":"005O0000003t7anIAA","COO_User_ID__c":"005O0000003t7an","CEO_User_ID__c":"005O0000003t7an","Lower_Threshold__c":2.0E8,"Higher_Threshold__c":5.0E8}|0x1bcbdc64
10:03:43.1 (277979720)|STATEMENT_EXECUTE|[8]
10:03:43.1 (277990826)|STATEMENT_EXECUTE|[12]
10:03:43.1 (277992333)|STATEMENT_EXECUTE|[15]
10:03:43.1 (278008511)|HEAP_ALLOCATE|[324]|Bytes:4
10:03:43.1 (278048326)|VARIABLE_ASSIGNMENT|[324]|this.Approver__c|"005O0000003t7anIAA"|0x67205258
10:03:43.1 (278072846)|VARIABLE_ASSIGNMENT|[324]|this.Approver_Role__c|"COO"|0x67205258
10:03:43.1 (278097567)|VARIABLE_ASSIGNMENT|[324]|this.Gate__c|"a0nO0000003xMJvIAM"|0x67205258
10:03:43.1 (278102086)|HEAP_ALLOCATE|[324]|Bytes:1
10:03:43.1 (278124152)|VARIABLE_ASSIGNMENT|[324]|this.Approval_Level__c|"3"|0x67205258
10:03:43.1 (278151344)|VARIABLE_ASSIGNMENT|[324]|AA|{"Approver__c":"005O0000003t7anIAA","Approver_Role__c":"COO","Gate__c":"a0nO0000003xMJvIAM","Approval_Level__c":"3"}|0x67205258
10:03:43.1 (278154839)|STATEMENT_EXECUTE|[330]
10:03:43.1 (278183357)|HEAP_ALLOCATE|[EXTERNAL]|Bytes:4
10:03:43.1 (278196881)|METHOD_EXIT|[197]|01pO00000003IBZ|gateTriggerHandler.addApprovers(String, List<Assigned_Approver__c>, Id)
10:03:43.1 (278229621)|HEAP_ALLOCATE|[7]|Bytes:5
10:03:43.1 (278233771)|STATEMENT_EXECUTE|[6]
10:03:43.1 (278235170)|STATEMENT_EXECUTE|[7]
10:03:43.1 (278334923)|HEAP_ALLOCATE|[7]|Bytes:32
10:03:43.1 (278345484)|VARIABLE_SCOPE_BEGIN|[7]|App|Approvers__c|true|false
10:03:43.1 (278361665)|VARIABLE_ASSIGNMENT|[7]|App|{"IsDeleted":false,"Name":"a0qO0000007lg39","SetupOwnerId":"005O0000003t7anIAA","COO_User_ID__c":"005O0000003t7an","CEO_User_ID__c":"005O0000003t7an","Lower_Threshold__c":2.0E8,"Higher_Threshold__c":5.0E8}|0x3133edfc
10:03:43.1 (278370558)|STATEMENT_EXECUTE|[8]
10:03:43.1 (278381214)|STATEMENT_EXECUTE|[12]
10:03:43.1 (278382773)|STATEMENT_EXECUTE|[15]
10:03:43.1 (278427726)|STATEMENT_EXECUTE|[201]
10:03:43.1 (278430243)|STATEMENT_EXECUTE|[202]
10:03:43.1 (278433847)|HEAP_ALLOCATE|[202]|Bytes:3
10:03:43.1 (278446432)|METHOD_ENTRY|[202]|01pO00000003IBZ|gateTriggerHandler.addApprovers(String, List<Assigned_Approver__c>, Id)
10:03:43.1 (278461352)|VARIABLE_SCOPE_BEGIN|[320]|CEO_or_COO|String|false|false
10:03:43.1 (278467150)|VARIABLE_ASSIGNMENT|[320]|CEO_or_COO|"CEO"
10:03:43.1 (278468918)|VARIABLE_SCOPE_BEGIN|[320]|Assigned_Approvers_ToInsert|List<Assigned_Approver__c>|true|false
10:03:43.1 (278480675)|VARIABLE_ASSIGNMENT|[320]|Assigned_Approvers_ToInsert|[{"Approver__c":"005O0000003t7anIAA","Approver_Role__c":"COO","Gate__c":"a0nO0000003xMJvIAM","Approval_Level__c":"3"}]|0x4cb66d6f
10:03:43.1 (278483040)|VARIABLE_SCOPE_BEGIN|[320]|gateID|Id|false|false
10:03:43.1 (278540469)|VARIABLE_ASSIGNMENT|[320]|gateID|"a0nO0000003xMJvIAM"
10:03:43.1 (278549987)|HEAP_ALLOCATE|[321]|Bytes:5
10:03:43.1 (278553860)|STATEMENT_EXECUTE|[320]
10:03:43.1 (278554937)|STATEMENT_EXECUTE|[321]
10:03:43.1 (278558255)|VARIABLE_SCOPE_BEGIN|[321]|AA|Assigned_Approver__c|true|false
10:03:43.1 (278563312)|VARIABLE_ASSIGNMENT|[321]|AA|null|
10:03:43.1 (278581553)|STATEMENT_EXECUTE|[326]
10:03:43.1 (278583059)|STATEMENT_EXECUTE|[327]
10:03:43.1 (278611454)|HEAP_ALLOCATE|[327]|Bytes:4
10:03:43.1 (278638730)|HEAP_ALLOCATE|[7]|Bytes:5
10:03:43.1 (278642409)|STATEMENT_EXECUTE|[6]
10:03:43.1 (278643980)|STATEMENT_EXECUTE|[7]
10:03:43.1 (278737174)|HEAP_ALLOCATE|[7]|Bytes:32
10:03:43.1 (278747796)|VARIABLE_SCOPE_BEGIN|[7]|App|Approvers__c|true|false
10:03:43.1 (278763960)|VARIABLE_ASSIGNMENT|[7]|App|{"IsDeleted":false,"Name":"a0qO0000007lg39","SetupOwnerId":"005O0000003t7anIAA","COO_User_ID__c":"005O0000003t7an","CEO_User_ID__c":"005O0000003t7an","Lower_Threshold__c":2.0E8,"Higher_Threshold__c":5.0E8}|0x265a7e50
10:03:43.1 (278772943)|STATEMENT_EXECUTE|[8]
10:03:43.1 (278784007)|STATEMENT_EXECUTE|[12]
10:03:43.1 (278785522)|STATEMENT_EXECUTE|[15]
10:03:43.1 (278799969)|HEAP_ALLOCATE|[327]|Bytes:4
10:03:43.1 (278865161)|VARIABLE_ASSIGNMENT|[327]|this.Approver__c|"005O0000003t7anIAA"|0x6337be03
10:03:43.1 (278917520)|VARIABLE_ASSIGNMENT|[327]|this.Approver_Role__c|"CEO"|0x6337be03
10:03:43.1 (278970471)|VARIABLE_ASSIGNMENT|[327]|this.Gate__c|"a0nO0000003xMJvIAM"|0x6337be03
10:03:43.1 (278975925)|HEAP_ALLOCATE|[327]|Bytes:1
10:03:43.1 (279026624)|VARIABLE_ASSIGNMENT|[327]|this.Approval_Level__c|"4"|0x6337be03
10:03:43.1 (279050825)|VARIABLE_ASSIGNMENT|[327]|AA|{"Approver__c":"005O0000003t7anIAA","Approver_Role__c":"CEO","Gate__c":"a0nO0000003xMJvIAM","Approval_Level__c":"4"}|0x6337be03
10:03:43.1 (279054074)|STATEMENT_EXECUTE|[330]
10:03:43.1 (279062404)|HEAP_ALLOCATE|[EXTERNAL]|Bytes:4
10:03:43.1 (279073034)|METHOD_EXIT|[202]|01pO00000003IBZ|gateTriggerHandler.addApprovers(String, List<Assigned_Approver__c>, Id)
10:03:43.1 (279222420)|HEAP_ALLOCATE|[206]|Bytes:5
10:03:43.1 (279236813)|HEAP_ALLOCATE|[206]|Bytes:24
10:03:43.1 (279243021)|VARIABLE_SCOPE_BEGIN|[206]|AA|Assigned_Approver__c|true|false
10:03:43.1 (279264650)|VARIABLE_ASSIGNMENT|[206]|AA|{"Approval_Level__c":"1","Approval_Status__c":"Assigned Pending App (5 more) ...","Approver__c":"00528000004d3msAAA","Approver_Role__c":"Regional Pre Contrac (10 more) ..."}|0x710a5b9d
10:03:43.1 (279268549)|STATEMENT_EXECUTE|[206]
10:03:43.1 (279306157)|STATEMENT_EXECUTE|[207]
10:03:43.1 (279308571)|STATEMENT_EXECUTE|[208]
10:03:43.1 (279425903)|VARIABLE_ASSIGNMENT|[208]|this.Gate__c|"a0nO0000003xMJvIAM"|0x710a5b9d
10:03:43.1 (279430870)|STATEMENT_EXECUTE|[209]
10:03:43.1 (279466873)|HEAP_ALLOCATE|[EXTERNAL]|Bytes:4
10:03:43.1 (279487589)|HEAP_ALLOCATE|[206]|Bytes:5
10:03:43.1 (279504163)|HEAP_ALLOCATE|[206]|Bytes:24
10:03:43.1 (279512903)|VARIABLE_SCOPE_BEGIN|[206]|AA|Assigned_Approver__c|true|false
10:03:43.1 (279533800)|VARIABLE_ASSIGNMENT|[206]|AA|{"Approval_Level__c":"2","Approval_Status__c":"Assigned Pending App (5 more) ...","Approver__c":"005O0000003t7anIAA","Approver_Role__c":"Executive General Ma (11 more) ..."}|0x6fc315b9
10:03:43.1 (279538946)|STATEMENT_EXECUTE|[206]
10:03:43.1 (279560995)|HEAP_ALLOCATE|[207]|Bytes:1
10:03:43.1 (279574951)|STATEMENT_EXECUTE|[207]
10:03:43.1 (279577585)|STATEMENT_EXECUTE|[208]
10:03:43.1 (279645251)|VARIABLE_ASSIGNMENT|[208]|this.Gate__c|"a0nO0000003xMJvIAM"|0x6fc315b9
10:03:43.1 (279649642)|STATEMENT_EXECUTE|[209]
10:03:43.1 (279662687)|HEAP_ALLOCATE|[EXTERNAL]|Bytes:4
10:03:43.1 (279684582)|HEAP_ALLOCATE|[206]|Bytes:5
10:03:43.1 (279701637)|VARIABLE_ASSIGNMENT|[206]|AA|null|
10:03:43.1 (279706387)|STATEMENT_EXECUTE|[261]
10:03:43.1 (279708185)|STATEMENT_EXECUTE|[261]
10:03:43.1 (279710101)|STATEMENT_EXECUTE|[262]
10:03:43.1 (279766251)|DML_BEGIN|[262]|Op:Insert|Type:Assigned_Approver__c|Rows:4
10:03:43.1 (279780716)|LIMIT_USAGE|[262]|DML|2|150
10:03:43.1 (279792799)|LIMIT_USAGE|[262]|DML_ROWS|5|10000
10:03:43.1 (279811231)|HEAP_ALLOCATE|[EXTERNAL]|Bytes:20
10:03:43.1 (532182004)|CODE_UNIT_STARTED|[EXTERNAL]|01qO00000000Ue8|AssignedApproverTrigger on Assigned_Approver trigger event BeforeInsert for [new, new, new, new]
10:03:43.1 (532254582)|HEAP_ALLOCATE|[EXTERNAL]|Bytes:20
10:03:43.1 (532369144)|HEAP_ALLOCATE|[EXTERNAL]|Bytes:1
10:03:43.1 (532397466)|HEAP_ALLOCATE|[EXTERNAL]|Bytes:4
10:03:43.1 (532408279)|VARIABLE_SCOPE_BEGIN|[1]|this|AssignedApproverTrigger|true|false
10:03:43.1 (532443032)|VARIABLE_ASSIGNMENT|[1]|this|{}|0x13607ab
10:03:43.1 (532495953)|HEAP_ALLOCATE|[EXTERNAL]|Bytes:4
10:03:43.1 (532503644)|VARIABLE_SCOPE_BEGIN|[1]|this|AssignedApproverTrigger|true|false
10:03:43.1 (532514001)|VARIABLE_ASSIGNMENT|[1]|this|{}|0x13607ab
10:03:43.1 (532519861)|STATEMENT_EXECUTE|[1]
10:03:43.1 (532521472)|STATEMENT_EXECUTE|[2]
10:03:43.1 (532770561)|HEAP_ALLOCATE|[2]|Bytes:36
10:03:43.1 (532831873)|USER_DEBUG|[2]|ERROR|*** Assigned Approver Trigger Firing
10:03:43.1 (532840122)|STATEMENT_EXECUTE|[3]
10:03:43.1 (634177222)|HEAP_ALLOCATE|[3]|Bytes:11
10:03:43.1 (634200066)|HEAP_ALLOCATE|[3]|Bytes:17
10:03:43.1 (634229899)|METHOD_ENTRY|[12]|01pO00000003Sem|Assigned_Approver_TriggerHandler.Assigned_Approver_TriggerHandler()
10:03:43.1 (634237487)|STATEMENT_EXECUTE|[12]
10:03:43.1 (634249440)|STATEMENT_EXECUTE|[12]
10:03:43.1 (634268328)|HEAP_ALLOCATE|[3]|Bytes:5
10:03:43.1 (634291420)|METHOD_EXIT|[12]|Assigned_Approver_TriggerHandler
10:03:43.1 (634319151)|HEAP_ALLOCATE|[3]|Bytes:12
10:03:43.1 (634347673)|CONSTRUCTOR_ENTRY|[3]|01pO00000003Sem|<init>()
10:03:43.1 (634404820)|VARIABLE_SCOPE_BEGIN|[13]|this|Assigned_Approver_TriggerHandler|true|false
10:03:43.1 (634462691)|VARIABLE_ASSIGNMENT|[13]|this|{}|0x3fbb75b4
10:03:43.1 (634477508)|HEAP_ALLOCATE|[13]|Bytes:5
10:03:43.1 (634483083)|STATEMENT_EXECUTE|[12]
10:03:43.1 (634488341)|HEAP_ALLOCATE|[13]|Bytes:5
10:03:43.1 (634506995)|CONSTRUCTOR_ENTRY|[13]|01pO00000003AAn|<init>()
10:03:43.1 (634565964)|VARIABLE_SCOPE_BEGIN|[22]|this|TriggerHandler|true|false
10:03:43.1 (634589864)|VARIABLE_ASSIGNMENT|[22]|this|{}|0x3fbb75b4
10:03:43.1 (634595654)|STATEMENT_EXECUTE|[1]
10:03:43.1 (634598039)|STATEMENT_EXECUTE|[9]
10:03:43.1 (634600663)|STATEMENT_EXECUTE|[13]
10:03:43.1 (634632548)|STATEMENT_EXECUTE|[22]
10:03:43.1 (634635693)|STATEMENT_EXECUTE|[23]
10:03:43.1 (634664429)|METHOD_ENTRY|[23]|01pO00000003AAn|TriggerHandler.setTriggerContext()
10:03:43.1 (634672632)|VARIABLE_SCOPE_BEGIN|[94]|this|TriggerHandler|true|false
10:03:43.1 (634694884)|VARIABLE_ASSIGNMENT|[94]|this|{}|0x3fbb75b4
10:03:43.1 (634702034)|STATEMENT_EXECUTE|[94]
10:03:43.1 (634704159)|STATEMENT_EXECUTE|[95]
10:03:43.1 (634719378)|METHOD_ENTRY|[95]|01pO00000003AAn|TriggerHandler.setTriggerContext(String, Boolean)
10:03:43.1 (634726526)|VARIABLE_SCOPE_BEGIN|[99]|this|TriggerHandler|true|false
10:03:43.1 (634743234)|VARIABLE_ASSIGNMENT|[99]|this|{}|0x3fbb75b4
10:03:43.1 (634745688)|VARIABLE_SCOPE_BEGIN|[99]|ctx|String|false|false
10:03:43.1 (634750204)|VARIABLE_ASSIGNMENT|[99]|ctx|null
10:03:43.1 (634754284)|VARIABLE_SCOPE_BEGIN|[99]|testMode|Boolean|false|false
10:03:43.1 (634758568)|VARIABLE_ASSIGNMENT|[99]|testMode|false
10:03:43.1 (634762157)|STATEMENT_EXECUTE|[99]
10:03:43.1 (634776100)|STATEMENT_EXECUTE|[103]
10:03:43.1 (634777842)|STATEMENT_EXECUTE|[104]
10:03:43.1 (634783801)|HEAP_ALLOCATE|[104]|Bytes:5
10:03:43.1 (634796153)|STATEMENT_EXECUTE|[108]
10:03:43.1 (634797728)|STATEMENT_EXECUTE|[109]
10:03:43.1 (634807326)|METHOD_EXIT|[95]|01pO00000003AAn|TriggerHandler.setTriggerContext(String, Boolean)
10:03:43.1 (634812285)|METHOD_EXIT|[23]|01pO00000003AAn|TriggerHandler.setTriggerContext()
10:03:43.1 (634817761)|CONSTRUCTOR_EXIT|[13]|01pO00000003AAn|<init>()
10:03:43.1 (634819940)|STATEMENT_EXECUTE|[13]
10:03:43.1 (634825514)|CONSTRUCTOR_EXIT|[3]|01pO00000003Sem|<init>()
10:03:43.1 (634835162)|METHOD_ENTRY|[3]|01pO00000003AAn|TriggerHandler.run()
10:03:43.1 (634838553)|VARIABLE_SCOPE_BEGIN|[31]|this|TriggerHandler|true|false
10:03:43.1 (634860120)|VARIABLE_ASSIGNMENT|[31]|this|{"context":"0x6366d202","isTriggerExecuting":true}|0x3fbb75b4
10:03:43.1 (634864416)|STATEMENT_EXECUTE|[31]
10:03:43.1 (634871013)|METHOD_ENTRY|[33]|01pO00000003AAn|TriggerHandler.validateRun()
10:03:43.1 (634874476)|VARIABLE_SCOPE_BEGIN|[146]|this|TriggerHandler|true|false
10:03:43.1 (634887072)|VARIABLE_ASSIGNMENT|[146]|this|{"context":"0x6366d202","isTriggerExecuting":true}|0x3fbb75b4
10:03:43.1 (634891118)|STATEMENT_EXECUTE|[146]
10:03:43.1 (634896501)|STATEMENT_EXECUTE|[147]
10:03:43.1 (634903596)|METHOD_ENTRY|[150]|01pO00000003AAn|TriggerHandler.getHandlerName()
10:03:43.1 (634907242)|VARIABLE_SCOPE_BEGIN|[157]|this|TriggerHandler|true|false
10:03:43.1 (634919753)|VARIABLE_ASSIGNMENT|[157]|this|{"context":"0x6366d202","isTriggerExecuting":true}|0x3fbb75b4
10:03:43.1 (634923423)|STATEMENT_EXECUTE|[157]
10:03:43.1 (634924399)|STATEMENT_EXECUTE|[158]
10:03:43.1 (635000617)|HEAP_ALLOCATE|[158]|Bytes:179
10:03:43.1 (635048344)|HEAP_ALLOCATE|[158]|Bytes:179
10:03:43.1 (635078866)|HEAP_ALLOCATE|[158]|Bytes:32
10:03:43.1 (635087545)|METHOD_EXIT|[150]|01pO00000003AAn|TriggerHandler.getHandlerName()
10:03:43.1 (635105525)|STATEMENT_EXECUTE|[150]
10:03:43.1 (635107306)|STATEMENT_EXECUTE|[153]
10:03:43.1 (635110181)|METHOD_EXIT|[33]|01pO00000003AAn|TriggerHandler.validateRun()
10:03:43.1 (635113047)|STATEMENT_EXECUTE|[33]
10:03:43.1 (635114094)|STATEMENT_EXECUTE|[35]
10:03:43.1 (635119200)|METHOD_ENTRY|[35]|01pO00000003AAn|TriggerHandler.addToLoopCount()
10:03:43.1 (635123088)|VARIABLE_SCOPE_BEGIN|[133]|this|TriggerHandler|true|false
10:03:43.1 (635139537)|VARIABLE_ASSIGNMENT|[133]|this|{"context":"0x6366d202","isTriggerExecuting":true}|0x3fbb75b4
10:03:43.1 (635143508)|STATEMENT_EXECUTE|[133]
10:03:43.1 (635144620)|STATEMENT_EXECUTE|[134]
10:03:43.1 (635150050)|METHOD_ENTRY|[134]|01pO00000003AAn|TriggerHandler.getHandlerName()
10:03:43.1 (635153326)|VARIABLE_SCOPE_BEGIN|[157]|this|TriggerHandler|true|false
10:03:43.1 (635166856)|VARIABLE_ASSIGNMENT|[157]|this|{"context":"0x6366d202","isTriggerExecuting":true}|0x3fbb75b4
10:03:43.1 (635171910)|STATEMENT_EXECUTE|[157]
10:03:43.1 (635174089)|STATEMENT_EXECUTE|[158]
10:03:43.1 (635230044)|HEAP_ALLOCATE|[158]|Bytes:179
10:03:43.1 (635272790)|HEAP_ALLOCATE|[158]|Bytes:179
10:03:43.1 (635299666)|HEAP_ALLOCATE|[158]|Bytes:32
10:03:43.1 (635309623)|METHOD_EXIT|[134]|01pO00000003AAn|TriggerHandler.getHandlerName()
10:03:43.1 (635314618)|VARIABLE_SCOPE_BEGIN|[134]|handlerName|String|false|false
10:03:43.1 (635326350)|VARIABLE_ASSIGNMENT|[134]|handlerName|"Assigned_Approver_Tr (12 more) ..."
10:03:43.1 (635341371)|STATEMENT_EXECUTE|[135]
10:03:43.1 (635344569)|METHOD_EXIT|[35]|01pO00000003AAn|TriggerHandler.addToLoopCount()
10:03:43.1 (635371425)|STATEMENT_EXECUTE|[38]
10:03:43.1 (635372958)|STATEMENT_EXECUTE|[39]
10:03:43.1 (635378352)|METHOD_ENTRY|[39]|01pO00000003AAn|TriggerHandler.beforeInsert()
10:03:43.1 (635381897)|VARIABLE_SCOPE_BEGIN|[167]|this|TriggerHandler|true|false
10:03:43.1 (635398393)|VARIABLE_ASSIGNMENT|[167]|this|{"context":"0x6366d202","isTriggerExecuting":true}|0x3fbb75b4
10:03:43.1 (635402219)|STATEMENT_EXECUTE|[167]
10:03:43.1 (635406301)|METHOD_EXIT|[39]|01pO00000003AAn|TriggerHandler.beforeInsert()
10:03:43.1 (635410353)|METHOD_EXIT|[3]|01pO00000003AAn|TriggerHandler.run()
10:03:43.635 (635418859)|CUMULATIVE_LIMIT_USAGE
10:03:43.635 (635418859)|LIMIT_USAGE_FOR_NS|(default)|
  Number of SOQL queries: 2 out of 100
  Number of query rows: 5 out of 50000
  Number of SOSL queries: 0 out of 20
  Number of DML statements: 2 out of 150
  Number of DML rows: 5 out of 10000
  Maximum CPU time: 25 out of 10000
  Maximum heap size: 0 out of 6000000
  Number of callouts: 0 out of 100
  Number of Email Invocations: 0 out of 10
  Number of future calls: 0 out of 50
  Number of queueable jobs added to the queue: 0 out of 50
  Number of Mobile Apex push calls: 0 out of 10

10:03:43.635 (635418859)|TOTAL_EMAIL_RECIPIENTS_QUEUED|0
10:03:43.635 (635418859)|STATIC_VARIABLE_LIST|
  String:_sfdcSuppressedCodeLocations:0
  String:_sfdcAdditionalCodeLocations:0
  String:_sfdcAdditionalCodeLocations:0
  long:serialVersionUID:0
  String:_sfdcAdditionalCodeLocations:0
  double:MAX_VALUE:0
  long:serialVersionUID:0
  String:_sfdcAdditionalCodeLocations:0
  int:SIZE:0
  TriggerHandler.TriggerContext:BEFORE_INSERT:0
  int:MAX_VALUE:0
  TriggerHandler.TriggerContext:AFTER_UNDELETE:0
  String:_sfdcSuppressedCodeLocations:0
  int:MIN_VALUE:0
  String:__sfdcInnerTypes:0
  char[]:DigitOnes:0
  String:_sfdcSuppressedCodeLocations:0
  int:MIN_EXPONENT:0
  String:_sfdcSuppressedCodeLocations:0
  int:MAX_EXPONENT:0
  int:BYTES:0
  char[]:DigitTens:0
  long:serialVersionUID:0
  String:_sfdcAdditionalCodeLocations:0
  Boolean:FALSE:0
  Gate__c:_static_G:0
  String:__sfdcProperties:0
  double:MIN_VALUE:0
  String:_sfdcAdditionalCodeLocations:0
  double:NEGATIVE_INFINITY:0
  char[]:digits:0
  double:NaN:0
  Boolean:TRUE:0
  TriggerHandler.TriggerContext:AFTER_INSERT:0
  String:__sfdcParameterizedTypes:0
  TriggerHandler.TriggerContext:AFTER_DELETE:0
  TriggerHandler.TriggerContext:AFTER_UPDATE:0
  String:__sfdcInnerTypes:0
  int:BYTES:0
  Map<String,TriggerHandler.LoopCount>:_static_loopCountMap:0
  Set<String>:_static_bypassedHandlers:0
  int[]:sizeTable:0
  TriggerHandler.TriggerContext:BEFORE_DELETE:0
  TriggerHandler.TriggerContext:BEFORE_UPDATE:0
  int:SIZE:0
  double:POSITIVE_INFINITY:0
  double:MIN_NORMAL:0

10:03:43.635 (635418859)|CUMULATIVE_LIMIT_USAGE_END

10:03:43.1 (636996182)|CODE_UNIT_FINISHED|AssignedApproverTrigger on Assigned_Approver trigger event BeforeInsert for [new, new, new, new]
10:03:43.1 (649689863)|CODE_UNIT_STARTED|[EXTERNAL]|Validation:Assigned_Approver:new
10:03:43.1 (649707373)|VALIDATION_RULE|03dO00000001173|Enter_comments_after_status
10:03:43.1 (650083869)|VALIDATION_FORMULA|AND(
ISPICKVAL( Approval_Status__c, "Approved"), 
ISBLANK(Approval_Comments__c))

&#124;&#124;

AND( 
ISPICKVAL( Approval_Status__c, "Resubmit"),
ISBLANK(Approval_Comments__c))

&#124;&#124;

AND( 
ISPICKVAL( Approval_Status__c, "Rejected"),
ISBLANK(Approval_Comments__c))|Approval_Status__c=Assigned Pending Approval , Approval_Comments__c=null
10:03:43.1 (650100066)|VALIDATION_PASS
10:03:43.1 (650103176)|VALIDATION_RULE|03dO00000000z89|Wet_Signature_Date_Mandatory
10:03:43.1 (650293872)|VALIDATION_FORMULA|AND(Wet_Signature_Received__c = TRUE,  ISBLANK(Wet_Signature_Date__c))|Wet_Signature_Date__c=null , Wet_Signature_Received__c=0
10:03:43.1 (650301461)|VALIDATION_PASS
10:03:43.1 (650345717)|CODE_UNIT_FINISHED|Validation:Assigned_Approver:new
10:03:43.1 (650384160)|CODE_UNIT_STARTED|[EXTERNAL]|Validation:Assigned_Approver:new
10:03:43.1 (650389726)|VALIDATION_RULE|03dO00000001173|Enter_comments_after_status
10:03:43.1 (650640569)|VALIDATION_FORMULA|AND(
ISPICKVAL( Approval_Status__c, "Approved"), 
ISBLANK(Approval_Comments__c))

&#124;&#124;

AND( 
ISPICKVAL( Approval_Status__c, "Resubmit"),
ISBLANK(Approval_Comments__c))

&#124;&#124;

AND( 
ISPICKVAL( Approval_Status__c, "Rejected"),
ISBLANK(Approval_Comments__c))|Approval_Status__c=Assigned Pending Approval , Approval_Comments__c=null
10:03:43.1 (650650640)|VALIDATION_PASS
10:03:43.1 (650652286)|VALIDATION_RULE|03dO00000000z89|Wet_Signature_Date_Mandatory
10:03:43.1 (650791187)|VALIDATION_FORMULA|AND(Wet_Signature_Received__c = TRUE,  ISBLANK(Wet_Signature_Date__c))|Wet_Signature_Date__c=null , Wet_Signature_Received__c=0
10:03:43.1 (650796816)|VALIDATION_PASS
10:03:43.1 (650819663)|CODE_UNIT_FINISHED|Validation:Assigned_Approver:new
10:03:43.1 (650841587)|CODE_UNIT_STARTED|[EXTERNAL]|Validation:Assigned_Approver:new
10:03:43.1 (650845969)|VALIDATION_RULE|03dO00000001173|Enter_comments_after_status
10:03:43.1 (651046423)|VALIDATION_FORMULA|AND(
ISPICKVAL( Approval_Status__c, "Approved"), 
ISBLANK(Approval_Comments__c))

&#124;&#124;

AND( 
ISPICKVAL( Approval_Status__c, "Resubmit"),
ISBLANK(Approval_Comments__c))

&#124;&#124;

AND( 
ISPICKVAL( Approval_Status__c, "Rejected"),
ISBLANK(Approval_Comments__c))|Approval_Status__c=Assigned Pending Approval , Approval_Comments__c=null
10:03:43.1 (651056187)|VALIDATION_PASS
10:03:43.1 (651057714)|VALIDATION_RULE|03dO00000000z89|Wet_Signature_Date_Mandatory
10:03:43.1 (651169553)|VALIDATION_FORMULA|AND(Wet_Signature_Received__c = TRUE,  ISBLANK(Wet_Signature_Date__c))|Wet_Signature_Date__c=null , Wet_Signature_Received__c=0
10:03:43.1 (651174525)|VALIDATION_PASS
10:03:43.1 (651196115)|CODE_UNIT_FINISHED|Validation:Assigned_Approver:new
10:03:43.1 (651216749)|CODE_UNIT_STARTED|[EXTERNAL]|Validation:Assigned_Approver:new
10:03:43.1 (651220453)|VALIDATION_RULE|03dO00000001173|Enter_comments_after_status
10:03:43.1 (651524620)|VALIDATION_FORMULA|AND(
ISPICKVAL( Approval_Status__c, "Approved"), 
ISBLANK(Approval_Comments__c))

&#124;&#124;

AND( 
ISPICKVAL( Approval_Status__c, "Resubmit"),
ISBLANK(Approval_Comments__c))

&#124;&#124;

AND( 
ISPICKVAL( Approval_Status__c, "Rejected"),
ISBLANK(Approval_Comments__c))|Approval_Status__c=Assigned Pending Approval , Approval_Comments__c=null
10:03:43.1 (651533358)|VALIDATION_PASS
10:03:43.1 (651534940)|VALIDATION_RULE|03dO00000000z89|Wet_Signature_Date_Mandatory
10:03:43.1 (651651666)|VALIDATION_FORMULA|AND(Wet_Signature_Received__c = TRUE,  ISBLANK(Wet_Signature_Date__c))|Wet_Signature_Date__c=null , Wet_Signature_Received__c=0
10:03:43.1 (651657108)|VALIDATION_PASS
10:03:43.1 (651679585)|CODE_UNIT_FINISHED|Validation:Assigned_Approver:new
10:03:43.1 (686443828)|CODE_UNIT_STARTED|[EXTERNAL]|01qO00000000Ue8|AssignedApproverTrigger on Assigned_Approver trigger event AfterInsert for [a0oO0000002tV8r, a0oO0000002tV8s, a0oO0000002tV8t, a0oO0000002tV8u]
10:03:43.1 (686485569)|HEAP_ALLOCATE|[EXTERNAL]|Bytes:20
10:03:43.1 (686593689)|HEAP_ALLOCATE|[EXTERNAL]|Bytes:4
10:03:43.1 (686607042)|VARIABLE_SCOPE_BEGIN|[1]|this|AssignedApproverTrigger|true|false
10:03:43.1 (686642688)|VARIABLE_ASSIGNMENT|[1]|this|{}|0x7d30c672
10:03:43.1 (686675504)|HEAP_ALLOCATE|[EXTERNAL]|Bytes:4
10:03:43.1 (686681347)|VARIABLE_SCOPE_BEGIN|[1]|this|AssignedApproverTrigger|true|false
10:03:43.1 (686689457)|VARIABLE_ASSIGNMENT|[1]|this|{}|0x7d30c672
10:03:43.1 (686694726)|STATEMENT_EXECUTE|[1]
10:03:43.1 (686696421)|STATEMENT_EXECUTE|[2]
10:03:43.1 (686742984)|USER_DEBUG|[2]|ERROR|*** Assigned Approver Trigger Firing
10:03:43.1 (686750976)|STATEMENT_EXECUTE|[3]
10:03:43.1 (686757005)|HEAP_ALLOCATE|[3]|Bytes:12
10:03:43.1 (686768858)|CONSTRUCTOR_ENTRY|[3]|01pO00000003Sem|<init>()
10:03:43.1 (686776147)|VARIABLE_SCOPE_BEGIN|[13]|this|Assigned_Approver_TriggerHandler|true|false
10:03:43.1 (686799983)|VARIABLE_ASSIGNMENT|[13]|this|{}|0x9d73309
10:03:43.1 (686818369)|HEAP_ALLOCATE|[13]|Bytes:5
10:03:43.1 (686821724)|STATEMENT_EXECUTE|[12]
10:03:43.1 (686824523)|HEAP_ALLOCATE|[13]|Bytes:5
10:03:43.1 (686835819)|CONSTRUCTOR_ENTRY|[13]|01pO00000003AAn|<init>()
10:03:43.1 (686840244)|VARIABLE_SCOPE_BEGIN|[22]|this|TriggerHandler|true|false
10:03:43.1 (686852027)|VARIABLE_ASSIGNMENT|[22]|this|{}|0x9d73309
10:03:43.1 (686855023)|STATEMENT_EXECUTE|[1]
10:03:43.1 (686856027)|STATEMENT_EXECUTE|[9]
10:03:43.1 (686856938)|STATEMENT_EXECUTE|[13]
10:03:43.1 (686877098)|STATEMENT_EXECUTE|[22]
10:03:43.1 (686878510)|STATEMENT_EXECUTE|[23]
10:03:43.1 (686889149)|METHOD_ENTRY|[23]|01pO00000003AAn|TriggerHandler.setTriggerContext()
10:03:43.1 (686893203)|VARIABLE_SCOPE_BEGIN|[94]|this|TriggerHandler|true|false
10:03:43.1 (686903199)|VARIABLE_ASSIGNMENT|[94]|this|{}|0x9d73309
10:03:43.1 (686907376)|STATEMENT_EXECUTE|[94]
10:03:43.1 (686908426)|STATEMENT_EXECUTE|[95]
10:03:43.1 (686917661)|METHOD_ENTRY|[95]|01pO00000003AAn|TriggerHandler.setTriggerContext(String, Boolean)
10:03:43.1 (686921003)|VARIABLE_SCOPE_BEGIN|[99]|this|TriggerHandler|true|false
10:03:43.1 (686930464)|VARIABLE_ASSIGNMENT|[99]|this|{}|0x9d73309
10:03:43.1 (686932634)|VARIABLE_SCOPE_BEGIN|[99]|ctx|String|false|false
10:03:43.1 (686937571)|VARIABLE_ASSIGNMENT|[99]|ctx|null
10:03:43.1 (686941054)|VARIABLE_SCOPE_BEGIN|[99]|testMode|Boolean|false|false
10:03:43.1 (686945703)|VARIABLE_ASSIGNMENT|[99]|testMode|false
10:03:43.1 (686948534)|STATEMENT_EXECUTE|[99]
10:03:43.1 (686959535)|STATEMENT_EXECUTE|[103]
10:03:43.1 (686961221)|STATEMENT_EXECUTE|[104]
10:03:43.1 (686966385)|HEAP_ALLOCATE|[104]|Bytes:5
10:03:43.1 (686988067)|STATEMENT_EXECUTE|[117]
10:03:43.1 (686989522)|STATEMENT_EXECUTE|[118]
10:03:43.1 (686997602)|METHOD_EXIT|[95]|01pO00000003AAn|TriggerHandler.setTriggerContext(String, Boolean)
10:03:43.1 (687002312)|METHOD_EXIT|[23]|01pO00000003AAn|TriggerHandler.setTriggerContext()
10:03:43.1 (687008595)|CONSTRUCTOR_EXIT|[13]|01pO00000003AAn|<init>()
10:03:43.1 (687010671)|STATEMENT_EXECUTE|[13]
10:03:43.1 (687016180)|CONSTRUCTOR_EXIT|[3]|01pO00000003Sem|<init>()
10:03:43.1 (687022234)|METHOD_ENTRY|[3]|01pO00000003AAn|TriggerHandler.run()
10:03:43.1 (687025483)|VARIABLE_SCOPE_BEGIN|[31]|this|TriggerHandler|true|false
10:03:43.1 (687045967)|VARIABLE_ASSIGNMENT|[31]|this|{"context":"0x3ab795ee","isTriggerExecuting":true}|0x9d73309
10:03:43.1 (687050066)|STATEMENT_EXECUTE|[31]
10:03:43.1 (687055874)|METHOD_ENTRY|[33]|01pO00000003AAn|TriggerHandler.validateRun()
10:03:43.1 (687059525)|VARIABLE_SCOPE_BEGIN|[146]|this|TriggerHandler|true|false
10:03:43.1 (687071977)|VARIABLE_ASSIGNMENT|[146]|this|{"context":"0x3ab795ee","isTriggerExecuting":true}|0x9d73309
10:03:43.1 (687075663)|STATEMENT_EXECUTE|[146]
10:03:43.1 (687081594)|STATEMENT_EXECUTE|[147]
10:03:43.1 (687088455)|METHOD_ENTRY|[150]|01pO00000003AAn|TriggerHandler.getHandlerName()
10:03:43.1 (687092309)|VARIABLE_SCOPE_BEGIN|[157]|this|TriggerHandler|true|false
10:03:43.1 (687104711)|VARIABLE_ASSIGNMENT|[157]|this|{"context":"0x3ab795ee","isTriggerExecuting":true}|0x9d73309
10:03:43.1 (687108216)|STATEMENT_EXECUTE|[157]
10:03:43.1 (687109170)|STATEMENT_EXECUTE|[158]
10:03:43.1 (687187696)|HEAP_ALLOCATE|[158]|Bytes:178
10:03:43.1 (687228538)|HEAP_ALLOCATE|[158]|Bytes:178
10:03:43.1 (687258093)|HEAP_ALLOCATE|[158]|Bytes:32
10:03:43.1 (687266908)|METHOD_EXIT|[150]|01pO00000003AAn|TriggerHandler.getHandlerName()
10:03:43.1 (687285795)|STATEMENT_EXECUTE|[150]
10:03:43.1 (687287503)|STATEMENT_EXECUTE|[153]
10:03:43.1 (687290226)|METHOD_EXIT|[33]|01pO00000003AAn|TriggerHandler.validateRun()
10:03:43.1 (687297346)|STATEMENT_EXECUTE|[33]
10:03:43.1 (687298582)|STATEMENT_EXECUTE|[35]
10:03:43.1 (687303904)|METHOD_ENTRY|[35]|01pO00000003AAn|TriggerHandler.addToLoopCount()
10:03:43.1 (687307444)|VARIABLE_SCOPE_BEGIN|[133]|this|TriggerHandler|true|false
10:03:43.1 (687324864)|VARIABLE_ASSIGNMENT|[133]|this|{"context":"0x3ab795ee","isTriggerExecuting":true}|0x9d73309
10:03:43.1 (687328972)|STATEMENT_EXECUTE|[133]
10:03:43.1 (687330108)|STATEMENT_EXECUTE|[134]
10:03:43.1 (687335391)|METHOD_ENTRY|[134]|01pO00000003AAn|TriggerHandler.getHandlerName()
10:03:43.1 (687338643)|VARIABLE_SCOPE_BEGIN|[157]|this|TriggerHandler|true|false
10:03:43.1 (687350826)|VARIABLE_ASSIGNMENT|[157]|this|{"context":"0x3ab795ee","isTriggerExecuting":true}|0x9d73309
10:03:43.1 (687354084)|STATEMENT_EXECUTE|[157]
10:03:43.1 (687355102)|STATEMENT_EXECUTE|[158]
10:03:43.1 (687389479)|HEAP_ALLOCATE|[158]|Bytes:178
10:03:43.1 (687425506)|HEAP_ALLOCATE|[158]|Bytes:178
10:03:43.1 (687448377)|HEAP_ALLOCATE|[158]|Bytes:32
10:03:43.1 (687456119)|METHOD_EXIT|[134]|01pO00000003AAn|TriggerHandler.getHandlerName()
10:03:43.1 (687460802)|VARIABLE_SCOPE_BEGIN|[134]|handlerName|String|false|false
10:03:43.1 (687471679)|VARIABLE_ASSIGNMENT|[134]|handlerName|"Assigned_Approver_Tr (12 more) ..."
10:03:43.1 (687486545)|STATEMENT_EXECUTE|[135]
10:03:43.1 (687489751)|METHOD_EXIT|[35]|01pO00000003AAn|TriggerHandler.addToLoopCount()
10:03:43.1 (687581469)|STATEMENT_EXECUTE|[44]
10:03:43.1 (687583824)|STATEMENT_EXECUTE|[45]
10:03:43.1 (687591943)|METHOD_ENTRY|[45]|01pO00000003AAn|TriggerHandler.afterInsert()
10:03:43.1 (687598425)|VARIABLE_SCOPE_BEGIN|[173]|this|TriggerHandler|true|false
10:03:43.1 (687615782)|VARIABLE_ASSIGNMENT|[173]|this|{"context":"0x3ab795ee","isTriggerExecuting":true}|0x9d73309
10:03:43.1 (687620676)|STATEMENT_EXECUTE|[173]
10:03:43.1 (687625080)|METHOD_EXIT|[45]|01pO00000003AAn|TriggerHandler.afterInsert()
10:03:43.1 (687629319)|METHOD_EXIT|[3]|01pO00000003AAn|TriggerHandler.run()
10:03:43.687 (687635651)|CUMULATIVE_LIMIT_USAGE
10:03:43.687 (687635651)|LIMIT_USAGE_FOR_NS|(default)|
  Number of SOQL queries: 2 out of 100
  Number of query rows: 5 out of 50000
  Number of SOSL queries: 0 out of 20
  Number of DML statements: 2 out of 150
  Number of DML rows: 5 out of 10000
  Maximum CPU time: 25 out of 10000
  Maximum heap size: 0 out of 6000000
  Number of callouts: 0 out of 100
  Number of Email Invocations: 0 out of 10
  Number of future calls: 0 out of 50
  Number of queueable jobs added to the queue: 0 out of 50
  Number of Mobile Apex push calls: 0 out of 10

10:03:43.687 (687635651)|TOTAL_EMAIL_RECIPIENTS_QUEUED|0
10:03:43.687 (687635651)|STATIC_VARIABLE_LIST|
  String:_sfdcSuppressedCodeLocations:0
  String:_sfdcAdditionalCodeLocations:0
  String:_sfdcAdditionalCodeLocations:0
  long:serialVersionUID:0
  String:_sfdcAdditionalCodeLocations:0
  double:MAX_VALUE:0
  long:serialVersionUID:0
  String:_sfdcAdditionalCodeLocations:0
  int:SIZE:0
  TriggerHandler.TriggerContext:BEFORE_INSERT:0
  int:MAX_VALUE:0
  TriggerHandler.TriggerContext:AFTER_UNDELETE:0
  String:_sfdcSuppressedCodeLocations:0
  int:MIN_VALUE:0
  String:__sfdcInnerTypes:0
  char[]:DigitOnes:0
  String:_sfdcSuppressedCodeLocations:0
  int:MIN_EXPONENT:0
  String:_sfdcSuppressedCodeLocations:0
  int:MAX_EXPONENT:0
  int:BYTES:0
  char[]:DigitTens:0
  long:serialVersionUID:0
  String:_sfdcAdditionalCodeLocations:0
  Boolean:FALSE:0
  Gate__c:_static_G:0
  String:__sfdcProperties:0
  double:MIN_VALUE:0
  String:_sfdcAdditionalCodeLocations:0
  double:NEGATIVE_INFINITY:0
  char[]:digits:0
  double:NaN:0
  Boolean:TRUE:0
  TriggerHandler.TriggerContext:AFTER_INSERT:0
  String:__sfdcParameterizedTypes:0
  TriggerHandler.TriggerContext:AFTER_DELETE:0
  TriggerHandler.TriggerContext:AFTER_UPDATE:0
  String:__sfdcInnerTypes:0
  int:BYTES:0
  Map<String,TriggerHandler.LoopCount>:_static_loopCountMap:0
  Set<String>:_static_bypassedHandlers:0
  int[]:sizeTable:0
  TriggerHandler.TriggerContext:BEFORE_DELETE:0
  TriggerHandler.TriggerContext:BEFORE_UPDATE:0
  int:SIZE:0
  double:POSITIVE_INFINITY:0
  double:MIN_NORMAL:0

10:03:43.687 (687635651)|CUMULATIVE_LIMIT_USAGE_END

10:03:43.1 (689494821)|CODE_UNIT_FINISHED|AssignedApproverTrigger on Assigned_Approver trigger event AfterInsert for [a0oO0000002tV8r, a0oO0000002tV8s, a0oO0000002tV8t, a0oO0000002tV8u]
10:03:43.1 (689563603)|CODE_UNIT_STARTED|[EXTERNAL]|Workflow:01IO0000000Dldu
10:03:43.1 (717009042)|WF_RULE_EVAL_BEGIN|Workflow
10:03:43.1 (717034614)|WF_CRITERIA_BEGIN|[Assigned Approver: Approver-000000082 a0oO0000002tV8r]|Outbound Message - Assigned Approver|01QO00000009PHY|ON_ALL_CHANGES|0
10:03:43.1 (718848957)|WF_RULE_FILTER|[Assigned Approver : Assigned Approver Id not equal to ]
10:03:43.1 (718864138)|WF_RULE_EVAL_VALUE|Approver-000000082
10:03:43.1 (718868535)|WF_CRITERIA_END|true
10:03:43.1 (719340504)|WF_CRITERIA_BEGIN|[Assigned Approver: Approver-000000083 a0oO0000002tV8s]|Outbound Message - Assigned Approver|01QO00000009PHY|ON_ALL_CHANGES|0
10:03:43.1 (719364965)|WF_RULE_FILTER|[Assigned Approver : Assigned Approver Id not equal to ]
10:03:43.1 (719372290)|WF_RULE_EVAL_VALUE|Approver-000000083
10:03:43.1 (719374517)|WF_CRITERIA_END|true
10:03:43.1 (719386376)|WF_CRITERIA_BEGIN|[Assigned Approver: Approver-000000084 a0oO0000002tV8t]|Outbound Message - Assigned Approver|01QO00000009PHY|ON_ALL_CHANGES|0
10:03:43.1 (719403154)|WF_RULE_FILTER|[Assigned Approver : Assigned Approver Id not equal to ]
10:03:43.1 (719408853)|WF_RULE_EVAL_VALUE|Approver-000000084
10:03:43.1 (719410808)|WF_CRITERIA_END|true
10:03:43.1 (719420648)|WF_CRITERIA_BEGIN|[Assigned Approver: Approver-000000085 a0oO0000002tV8u]|Outbound Message - Assigned Approver|01QO00000009PHY|ON_ALL_CHANGES|0
10:03:43.1 (719436291)|WF_RULE_FILTER|[Assigned Approver : Assigned Approver Id not equal to ]
10:03:43.1 (719441413)|WF_RULE_EVAL_VALUE|Approver-000000085
10:03:43.1 (719443229)|WF_CRITERIA_END|true
10:03:43.1 (719454939)|WF_SPOOL_ACTION_BEGIN|Workflow
10:03:43.1 (719484069)|WF_RULE_INVOCATION|[Assigned Approver: Approver-000000082 a0oO0000002tV8r]
10:03:43.1 (719494372)|WF_OUTBOUND_MSG|[Assigned Approver: Approver-000000082 a0oO0000002tV8r]|Id=04kO00000004DCD|CurrentRule:Outbound Message - Assigned Approver (Id=01QO00000009PHY)
10:03:43.1 (719504717)|WF_RULE_INVOCATION|[Assigned Approver: Approver-000000083 a0oO0000002tV8s]
10:03:43.1 (719510055)|WF_OUTBOUND_MSG|[Assigned Approver: Approver-000000083 a0oO0000002tV8s]|Id=04kO00000004DCD|CurrentRule:Outbound Message - Assigned Approver (Id=01QO00000009PHY)
10:03:43.1 (719518965)|WF_RULE_INVOCATION|[Assigned Approver: Approver-000000084 a0oO0000002tV8t]
10:03:43.1 (719523902)|WF_OUTBOUND_MSG|[Assigned Approver: Approver-000000084 a0oO0000002tV8t]|Id=04kO00000004DCD|CurrentRule:Outbound Message - Assigned Approver (Id=01QO00000009PHY)
10:03:43.1 (719532496)|WF_RULE_INVOCATION|[Assigned Approver: Approver-000000085 a0oO0000002tV8u]
10:03:43.1 (719537631)|WF_OUTBOUND_MSG|[Assigned Approver: Approver-000000085 a0oO0000002tV8u]|Id=04kO00000004DCD|CurrentRule:Outbound Message - Assigned Approver (Id=01QO00000009PHY)
10:03:43.1 (719551882)|WF_ACTION| Outbound Message: 4;
10:03:43.1 (719555214)|WF_RULE_EVAL_END
10:03:43.1 (736751554)|WF_ACTIONS_END| Outbound Message: 4;
10:03:43.1 (736762837)|CODE_UNIT_FINISHED|Workflow:01IO0000000Dldu
10:03:43.1 (743442143)|DML_END|[262]
10:03:43.1 (743527233)|HEAP_ALLOCATE|[EXTERNAL]|Bytes:20
10:03:43.1 (743564963)|HEAP_ALLOCATE|[180]|Bytes:5
10:03:43.1 (743593487)|VARIABLE_ASSIGNMENT|[180]|gate|null|
10:03:43.1 (743607926)|METHOD_EXIT|[20]|01pO00000003IBZ|gateTriggerHandler.getApprovers()
10:03:43.1 (743614463)|SYSTEM_MODE_EXIT|false
10:03:43.1 (743621313)|METHOD_EXIT|[45]|01pO00000003IBZ|gateTriggerHandler.afterInsert()
10:03:43.1 (743626485)|METHOD_EXIT|[2]|01pO00000003AAn|TriggerHandler.run()
10:03:43.743 (743636842)|CUMULATIVE_LIMIT_USAGE
10:03:43.743 (743636842)|LIMIT_USAGE_FOR_NS|(default)|
  Number of SOQL queries: 2 out of 100
  Number of query rows: 5 out of 50000
  Number of SOSL queries: 0 out of 20
  Number of DML statements: 2 out of 150
  Number of DML rows: 5 out of 10000
  Maximum CPU time: 25 out of 10000
  Maximum heap size: 0 out of 6000000
  Number of callouts: 0 out of 100
  Number of Email Invocations: 0 out of 10
  Number of future calls: 0 out of 50
  Number of queueable jobs added to the queue: 0 out of 50
  Number of Mobile Apex push calls: 0 out of 10

10:03:43.743 (743636842)|TOTAL_EMAIL_RECIPIENTS_QUEUED|0
10:03:43.743 (743636842)|STATIC_VARIABLE_LIST|
  String:_sfdcSuppressedCodeLocations:0
  String:_sfdcAdditionalCodeLocations:0
  String:_sfdcAdditionalCodeLocations:0
  long:serialVersionUID:0
  String:_sfdcAdditionalCodeLocations:0
  double:MAX_VALUE:0
  long:serialVersionUID:0
  String:_sfdcAdditionalCodeLocations:0
  int:SIZE:0
  TriggerHandler.TriggerContext:BEFORE_INSERT:0
  int:MAX_VALUE:0
  TriggerHandler.TriggerContext:AFTER_UNDELETE:0
  String:_sfdcSuppressedCodeLocations:0
  int:MIN_VALUE:0
  String:__sfdcInnerTypes:0
  char[]:DigitOnes:0
  String:_sfdcSuppressedCodeLocations:0
  int:MIN_EXPONENT:0
  String:_sfdcSuppressedCodeLocations:0
  int:MAX_EXPONENT:0
  int:BYTES:0
  char[]:DigitTens:0
  long:serialVersionUID:0
  String:_sfdcAdditionalCodeLocations:0
  Boolean:FALSE:0
  Gate__c:_static_G:0
  String:__sfdcProperties:0
  double:MIN_VALUE:0
  String:_sfdcAdditionalCodeLocations:0
  double:NEGATIVE_INFINITY:0
  char[]:digits:0
  double:NaN:0
  Boolean:TRUE:0
  TriggerHandler.TriggerContext:AFTER_INSERT:0
  String:__sfdcParameterizedTypes:0
  TriggerHandler.TriggerContext:AFTER_DELETE:0
  TriggerHandler.TriggerContext:AFTER_UPDATE:0
  String:__sfdcInnerTypes:0
  int:BYTES:0
  Map<String,TriggerHandler.LoopCount>:_static_loopCountMap:0
  Set<String>:_static_bypassedHandlers:0
  int[]:sizeTable:0
  TriggerHandler.TriggerContext:BEFORE_DELETE:0
  TriggerHandler.TriggerContext:BEFORE_UPDATE:0
  int:SIZE:0
  double:POSITIVE_INFINITY:0
  double:MIN_NORMAL:0

10:03:43.743 (743636842)|CUMULATIVE_LIMIT_USAGE_END

10:03:43.1 (746745569)|CODE_UNIT_FINISHED|gateTrigger on Gate trigger event AfterInsert for [a0nO0000003xMJv]
10:03:43.1 (749329518)|CODE_UNIT_STARTED|[EXTERNAL]|Workflow:01IO0000000DldG
10:03:43.1 (763902795)|WF_RULE_EVAL_BEGIN|Workflow
10:03:43.1 (763928777)|WF_CRITERIA_BEGIN|[Gate: test2017-03-27 10:03:43 a0nO0000003xMJv]|Outbound Message - Gate|01QO00000009PH9|ON_ALL_CHANGES|0
10:03:43.1 (767588510)|WF_RULE_FILTER|[Gate : Created Date not equal to ]
10:03:43.1 (767608223)|WF_RULE_EVAL_VALUE|2017-03-26 23:03:44
10:03:43.1 (767612660)|WF_CRITERIA_END|true
10:03:43.1 (768038225)|WF_SPOOL_ACTION_BEGIN|Workflow
10:03:43.1 (768070720)|WF_RULE_INVOCATION|[Gate: test2017-03-27 10:03:43 a0nO0000003xMJv]
10:03:43.1 (768080809)|WF_OUTBOUND_MSG|[Gate: test2017-03-27 10:03:43 a0nO0000003xMJv]|Id=04kO00000004DC3|CurrentRule:Outbound Message - Gate (Id=01QO00000009PH9)
10:03:43.1 (768096490)|WF_ACTION| Outbound Message: 1;
10:03:43.1 (768099068)|WF_RULE_EVAL_END
10:03:43.1 (770683623)|WF_ACTIONS_END| Outbound Message: 1;
10:03:43.1 (770693990)|CODE_UNIT_FINISHED|Workflow:01IO0000000DldG
10:03:43.1 (772273369)|DML_END|[2]
10:03:43.828 (828651009)|CUMULATIVE_LIMIT_USAGE
10:03:43.828 (828651009)|LIMIT_USAGE_FOR_NS|(default)|
  Number of SOQL queries: 2 out of 100
  Number of query rows: 5 out of 50000
  Number of SOSL queries: 0 out of 20
  Number of DML statements: 2 out of 150
  Number of DML rows: 5 out of 10000
  Maximum CPU time: 25 out of 10000
  Maximum heap size: 0 out of 6000000
  Number of callouts: 0 out of 100
  Number of Email Invocations: 0 out of 10
  Number of future calls: 0 out of 50
  Number of queueable jobs added to the queue: 0 out of 50
  Number of Mobile Apex push calls: 0 out of 10

10:03:43.828 (828651009)|TOTAL_EMAIL_RECIPIENTS_QUEUED|0
10:03:43.828 (828651009)|STATIC_VARIABLE_LIST|
  String:_sfdcSuppressedCodeLocations:0
  String:_sfdcAdditionalCodeLocations:0
  String:_sfdcAdditionalCodeLocations:0
  long:serialVersionUID:0
  String:_sfdcAdditionalCodeLocations:0
  double:MAX_VALUE:0
  long:serialVersionUID:0
  String:_sfdcAdditionalCodeLocations:0
  int:SIZE:0
  TriggerHandler.TriggerContext:BEFORE_INSERT:0
  int:MAX_VALUE:0
  TriggerHandler.TriggerContext:AFTER_UNDELETE:0
  String:_sfdcSuppressedCodeLocations:0
  int:MIN_VALUE:0
  String:__sfdcInnerTypes:0
  char[]:DigitOnes:0
  String:_sfdcSuppressedCodeLocations:0
  int:MIN_EXPONENT:0
  String:_sfdcSuppressedCodeLocations:0
  int:MAX_EXPONENT:0
  int:BYTES:0
  char[]:DigitTens:0
  long:serialVersionUID:0
  String:_sfdcAdditionalCodeLocations:0
  Boolean:FALSE:0
  Gate__c:_static_G:0
  String:__sfdcProperties:0
  double:MIN_VALUE:0
  String:_sfdcAdditionalCodeLocations:0
  double:NEGATIVE_INFINITY:0
  char[]:digits:0
  double:NaN:0
  Boolean:TRUE:0
  TriggerHandler.TriggerContext:AFTER_INSERT:0
  String:__sfdcParameterizedTypes:0
  TriggerHandler.TriggerContext:AFTER_DELETE:0
  TriggerHandler.TriggerContext:AFTER_UPDATE:0
  String:__sfdcInnerTypes:0
  int:BYTES:0
  Map<String,TriggerHandler.LoopCount>:_static_loopCountMap:0
  Set<String>:_static_bypassedHandlers:0
  int[]:sizeTable:0
  TriggerHandler.TriggerContext:BEFORE_DELETE:0
  TriggerHandler.TriggerContext:BEFORE_UPDATE:0
  int:SIZE:0
  double:POSITIVE_INFINITY:0
  double:MIN_NORMAL:0

10:03:43.828 (828651009)|CUMULATIVE_LIMIT_USAGE_END

10:03:43.1 (828817969)|CODE_UNIT_FINISHED|execute_anonymous_apex
10:03:43.1 (830945907)|EXECUTION_FINISHED
10:03:43.835 (835108739)|CUMULATIVE_PROFILING_BEGIN
10:03:43.835 (835108739)|CUMULATIVE_PROFILING|SOQL operations|
Class.gateTriggerHandler.getOppFields: line 277, column 1: [SELECT ID, Opportunity__r.Business_Group__c, Opportunity__r.Regional_Business__c, Opportunity__r.Overall_Prospect_Value__c, Opportunity__r.Number_of_PRA_Critical_Items_Rated_3__c, Opportunity__r.D_I_Involvement__c FROM gate__c WHERE ID IN : gateIds]: executed 1 time in 17 ms
Class.gateTriggerHandler.getBusinessUnitToApproverMap: line 289, column 1: [SELECT Approval_Level__c,Approver_Role__c,Approver__c,Business_Unit__c,Id,Name FROM Business_Unit_Approvers__c WHERE Business_Unit__c = :BusinessUnitIDs]: executed 11 times in 7 ms

10:03:43.835 (835108739)|CUMULATIVE_PROFILING|No profiling information for SOSL operations
10:03:43.835 (835108739)|CUMULATIVE_PROFILING|DML operations|
AnonymousBlock: line 2, column 1: Insert: Gate__c: executed 1 time in 769 ms
Class.gateTriggerHandler.getApprovers: line 262, column 1: Insert: List<Assigned_Approver__c>: executed 1 time in 463 ms

10:03:43.835 (835108739)|CUMULATIVE_PROFILING|method invocations|
External entry point: public static void execute(): executed 1 time in 770 ms
Trigger.gateTrigger: line 2, column 1: public gateTriggerHandler(): executed 4 times in 512 ms
External entry point: public void invoke(): executed 1 time in 510 ms
Class.TriggerHandler.run: line 45, column 1: public void afterInsert(): executed 2 times in 509 ms
Class.gateTriggerHandler.afterInsert: line 20, column 1: private void getApprovers(): executed 1 time in 509 ms
Class.gateTriggerHandler.getApprovers: line 163, column 1: global public Object keySet(): executed 2 times in 17 ms
Class.gateTriggerHandler.getApprovers: line 177, column 1: private static Map<Id,List<Assigned_Approver__c>> getBusinessUnitToApproverMap(Set<Id>): executed 1 time in 8 ms
Class.TriggerHandler.run: line 35, column 1: private void addToLoopCount(): executed 4 times in 1 ms
Class.gateTriggerHandler.getApprovers: line 196, column 1: public static Approvers__c __sfdc_Approvers(): executed 3 times in 1 ms
Class.gateTriggerHandler.getApprovers: line 197, column 1: private static void addApprovers(String, List<Assigned_Approver__c>, Id): executed 1 time in 1 ms
Class.gateTriggerHandler.addApprovers: line 327, column 1: public static Approvers__c __sfdc_Approvers(): executed 1 time in 1 ms

10:03:43.835 (835108739)|CUMULATIVE_PROFILING_END
