39.0 APEX_CODE,FINEST;APEX_PROFILING,FINEST;CALLOUT,NONE;DB,FINEST;SYSTEM,FINE;VALIDATION,INFO;VISUALFORCE,INFO;WAVE,INFO;WORKFLOW,FINER
16:44:17.0 (469513)|USER_INFO|[EXTERNAL]|00528000006BYTI|vlum@jhg.com.au.pcphase2|Australian Eastern Standard Time|GMT+10:00
16:44:17.0 (503364)|EXECUTION_STARTED
16:44:17.0 (508862)|CODE_UNIT_STARTED|[EXTERNAL]|VisualForce View State
16:44:17.0 (9239483)|CODE_UNIT_FINISHED|VisualForce View State
16:44:17.0 (11546265)|EXECUTION_FINISHED
16:44:17.31 (31229003)|USER_INFO|[EXTERNAL]|00528000006BYTI|vlum@jhg.com.au.pcphase2|Australian Eastern Standard Time|GMT+10:00
16:44:17.31 (31244264)|EXECUTION_STARTED
16:44:17.31 (31248405)|CODE_UNIT_STARTED|[EXTERNAL]|VF: /apex/editVFEmailTemplate.apexp
16:44:17.31 (34506233)|CODE_UNIT_STARTED|[EXTERNAL]|VF Controller Save
16:44:17.31 (34519631)|SYSTEM_MODE_ENTER|false
16:44:17.31 (447911623)|CODE_UNIT_FINISHED|VF Controller Save
16:44:17.470 (470648242)|CUMULATIVE_LIMIT_USAGE
16:44:17.470 (470648242)|LIMIT_USAGE_FOR_NS|(default)|
  Number of SOQL queries: 0 out of 100
  Number of query rows: 0 out of 50000
  Number of SOSL queries: 0 out of 20
  Number of DML statements: 0 out of 150
  Number of DML rows: 0 out of 10000
  Maximum CPU time: 0 out of 10000
  Maximum heap size: 0 out of 6000000
  Number of callouts: 0 out of 100
  Number of Email Invocations: 0 out of 10
  Number of future calls: 0 out of 50
  Number of queueable jobs added to the queue: 0 out of 50
  Number of Mobile Apex push calls: 0 out of 10

16:44:17.470 (470648242)|TOTAL_EMAIL_RECIPIENTS_QUEUED|0
16:44:17.470 (470648242)|CUMULATIVE_LIMIT_USAGE_END

16:44:17.31 (470709036)|CODE_UNIT_FINISHED|VF: /apex/editVFEmailTemplate.apexp
16:44:17.31 (472336230)|EXECUTION_FINISHED
16:44:17.475 (475541297)|CUMULATIVE_PROFILING_BEGIN
16:44:17.475 (475541297)|CUMULATIVE_PROFILING|No profiling information for SOQL operations
16:44:17.475 (475541297)|CUMULATIVE_PROFILING|No profiling information for SOSL operations
16:44:17.475 (475541297)|CUMULATIVE_PROFILING|No profiling information for DML operations
16:44:17.475 (475541297)|CUMULATIVE_PROFILING|No profiling information for method invocations
16:44:17.475 (475541297)|CUMULATIVE_PROFILING_END
