39.0 APEX_CODE,FINEST;APEX_PROFILING,FINEST;CALLOUT,INFO;DB,INFO;SYSTEM,DEBUG;VALIDATION,INFO;VISUALFORCE,INFO;WAVE,INFO;WORKFLOW,INFO
14:05:11.0 (573628)|USER_INFO|[EXTERNAL]|00528000006B07F|dev@systempartners.com.prod.pcphase2|Australian Eastern Standard Time|GMT+11:00
14:05:11.0 (603967)|EXECUTION_STARTED
14:05:11.0 (611929)|CODE_UNIT_STARTED|[EXTERNAL]|aura
14:05:11.0 (1277693)|HEAP_ALLOCATE|[72]|Bytes:3
14:05:11.0 (1308826)|HEAP_ALLOCATE|[77]|Bytes:152
14:05:11.0 (1324033)|HEAP_ALLOCATE|[342]|Bytes:408
14:05:11.0 (1346013)|HEAP_ALLOCATE|[355]|Bytes:408
14:05:11.0 (1367708)|HEAP_ALLOCATE|[467]|Bytes:48
14:05:11.0 (1391615)|HEAP_ALLOCATE|[139]|Bytes:6
14:05:11.0 (1411072)|HEAP_ALLOCATE|[EXTERNAL]|Bytes:18
14:05:11.0 (1423975)|HEAP_ALLOCATE|[EXTERNAL]|Bytes:18
14:05:11.0 (3319420)|CODE_UNIT_STARTED|[EXTERNAL]|01pO00000003MVy|ApprovalController.getOpportunityRecord
14:05:11.0 (3407274)|HEAP_ALLOCATE|[EXTERNAL]|Bytes:5
14:05:11.0 (3412860)|HEAP_ALLOCATE|[EXTERNAL]|Bytes:8
14:05:11.0 (3422324)|METHOD_ENTRY|[1]|01pO00000003MVy|ApprovalController.ApprovalController()
14:05:11.0 (3427099)|STATEMENT_EXECUTE|[1]
14:05:11.0 (3432662)|STATEMENT_EXECUTE|[1]
14:05:11.0 (3437625)|METHOD_EXIT|[1]|ApprovalController
14:05:11.0 (3441259)|HEAP_ALLOCATE|[EXTERNAL]|Bytes:18
14:05:11.0 (3450780)|SYSTEM_MODE_ENTER|false
14:05:11.0 (3458823)|VARIABLE_SCOPE_BEGIN|[15]|opportunityId|String|false|false
14:05:11.0 (3482366)|VARIABLE_ASSIGNMENT|[15]|opportunityId|"006O0000008kRsJIAU"
14:05:11.0 (3490701)|STATEMENT_EXECUTE|[15]
14:05:11.0 (3492159)|STATEMENT_EXECUTE|[18]
14:05:11.0 (3495982)|HEAP_ALLOCATE|[18]|Bytes:589
14:05:11.0 (3508186)|HEAP_ALLOCATE|[18]|Bytes:4
14:05:11.0 (3520698)|HEAP_ALLOCATE|[18]|Bytes:7
14:05:11.0 (3565993)|HEAP_ALLOCATE|[50]|Bytes:5
14:05:11.0 (3586802)|HEAP_ALLOCATE|[56]|Bytes:5
14:05:11.0 (3595065)|HEAP_ALLOCATE|[64]|Bytes:7
14:05:11.0 (4397526)|SOQL_EXECUTE_BEGIN|[18]|Aggregations:0|SELECT Id, name, Gate_Status__c, TSF_Gate_Status__c, CRA_Gate_Status__c, StageName, Competitor_Analysis_General_Comments__c, Are_there_any_critical_risks__c, Has_CRA_changed_since_last_approval__c, Has_TSF_changed_since_last_approval__c, Apply_Default_Bonding__c, Conversion_Budget_Comments__c, Is_Gate_1_To_3__c, Is_Gate_4_To_5__c, Net_Budget_EOI_PQ__c, Net_Budget_Post_Tender__c, Net_Budget_Tender__c, Net_Budget_Amount__c, Total_Budget_EOI_PQ__c, Total_Budget_Tender__c, Total_Budget_AUD__c, Total_Budget_Post_Tender__c, JH_Bid_Cost_of_JH_Revenue__c FROM Opportunity WHERE Id = :tmpVar1
14:05:11.0 (4411704)|LIMIT_USAGE|[18]|SOQL|1|100
14:05:11.0 (4421794)|LIMIT_USAGE|[18]|AGGS|0|300
14:05:11.0 (38530894)|SOQL_EXECUTE_END|[18]|Rows:1
14:05:11.0 (38540656)|LIMIT_USAGE|[18]|SOQL_ROWS|1|50000
14:05:11.0 (38557083)|HEAP_ALLOCATE|[18]|Bytes:8
14:05:11.0 (38568249)|HEAP_ALLOCATE|[18]|Bytes:775
14:05:11.0 (38603413)|HEAP_ALLOCATE|[18]|Bytes:8
14:05:11.0 (38617028)|VARIABLE_SCOPE_BEGIN|[18]|allOpps|List<Opportunity>|true|false
14:05:11.0 (38669900)|VARIABLE_ASSIGNMENT|[18]|allOpps|[{"Id":"006O0000008kRsJIAU","Name":"Test Alex 15 Mar 124 (3 more) ...","Gate_Status__c":"Reviewing Approvers","StageName":"Gate 1","Are_there_any_critic (11 more) ...":"No","Has_CRA_changed_sinc (18 more) ...":"Yes","Apply_Default_Bondin (4 more) ...":true,"Is_Gate_1_To_3__c":true,"Is_Gate_4_To_5__c":false,"Net_Budget_EOI_PQ__c":0,"Net_Budget_Post_Tend (5 more) ...":0,"Net_Budget_Tender__c":0,"Net_Budget_Amount__c":0,"Total_Budget_EOI_PQ_ (2 more) ...":0,"Total_Budget_Tender_ (2 more) ...":0,"Total_Budget_AUD__c":0,"Total_Budget_Post_Te (7 more) ...":0}]|0x2b619253
14:05:11.0 (38678429)|STATEMENT_EXECUTE|[38]
14:05:11.0 (38691330)|SYSTEM_MODE_EXIT|false
14:05:11.38 (38715714)|CUMULATIVE_LIMIT_USAGE
14:05:11.38 (38715714)|LIMIT_USAGE_FOR_NS|(default)|
  Number of SOQL queries: 1 out of 100
  Number of query rows: 1 out of 50000
  Number of SOSL queries: 0 out of 20
  Number of DML statements: 0 out of 150
  Number of DML rows: 0 out of 10000
  Maximum CPU time: 0 out of 10000
  Maximum heap size: 0 out of 6000000
  Number of callouts: 0 out of 100
  Number of Email Invocations: 0 out of 10
  Number of future calls: 0 out of 50
  Number of queueable jobs added to the queue: 0 out of 50
  Number of Mobile Apex push calls: 0 out of 10

14:05:11.38 (38715714)|TOTAL_EMAIL_RECIPIENTS_QUEUED|0
14:05:11.38 (38715714)|STATIC_VARIABLE_LIST|
  char[]:DigitTens:0
  long:serialVersionUID:0
  long:serialVersionUID:0
  double:MAX_VALUE:0
  Boolean:FALSE:0
  long:serialVersionUID:0
  double:MIN_VALUE:0
  int:SIZE:0
  double:NEGATIVE_INFINITY:0
  int:MAX_VALUE:0
  String:_sfdcSuppressedCodeLocations:0
  char[]:digits:0
  double:NaN:0
  Boolean:TRUE:0
  int:MIN_VALUE:0
  char[]:DigitOnes:0
  int:BYTES:0
  int:MIN_EXPONENT:0
  int[]:sizeTable:0
  int:MAX_EXPONENT:0
  int:SIZE:0
  double:POSITIVE_INFINITY:0
  String:_sfdcAdditionalCodeLocations:0
  double:MIN_NORMAL:0
  int:BYTES:0

14:05:11.38 (38715714)|CUMULATIVE_LIMIT_USAGE_END

14:05:11.0 (38835773)|CODE_UNIT_FINISHED|ApprovalController.getOpportunityRecord
14:05:11.143 (143630917)|CUMULATIVE_PROFILING_BEGIN
14:05:11.143 (143630917)|CUMULATIVE_PROFILING|SOQL operations|
Class.ApprovalController.getOpportunityRecord: line 18, column 1: [SELECT   Id,name,
                                                           			Gate_Status__c,
                                                           			TSF_Gate_Status__c,
                                                           			CRA_Gate_Status__c,
                                                           			StageName,
                                    								Competitor_Analysis_General_Comments__c,
                                    								Are_there_any_critical_risks__c,
                                    								Has_CRA_changed_since_last_approval__c,
                                    								Has_TSF_changed_since_last_approval__c,
                                    								Apply_Default_Bonding__c,
                                    								Conversion_Budget_Comments__c,
                                    								Is_Gate_1_To_3__c, Is_Gate_4_To_5__c,
                                    								Net_Budget_EOI_PQ__c, Net_Budget_Post_Tender__c, 
                                    								Net_Budget_Tender__c, Net_Budget_Amount__c,
                                    								Total_Budget_EOI_PQ__c, Total_Budget_Tender__c, 
                                    								Total_Budget_AUD__c, Total_Budget_Post_Tender__c, 
                                    								JH_Bid_Cost_of_JH_Revenue__c
                                 							FROM     Opportunity
                                 							WHERE    Id = :opportunityId]: executed 1 time in 35 ms

14:05:11.143 (143630917)|CUMULATIVE_PROFILING|No profiling information for SOSL operations
14:05:11.143 (143630917)|CUMULATIVE_PROFILING|No profiling information for DML operations
14:05:11.143 (143630917)|CUMULATIVE_PROFILING|method invocations|
External entry point: public static List<Opportunity> getOpportunityRecord(String): executed 1 time in 35 ms

14:05:11.143 (143630917)|CUMULATIVE_PROFILING_END
