39.0 APEX_CODE,FINEST;APEX_PROFILING,FINEST;CALLOUT,NONE;DB,FINEST;SYSTEM,FINE;VALIDATION,INFO;VISUALFORCE,INFO;WAVE,INFO;WORKFLOW,FINER
10:14:16.0 (617231)|USER_INFO|[EXTERNAL]|00528000006B07F|dev@systempartners.com.prod.pcphase2|Australian Eastern Standard Time|GMT+11:00
10:14:16.0 (649054)|EXECUTION_STARTED
10:14:16.0 (652903)|CODE_UNIT_STARTED|[EXTERNAL]|aura
10:14:16.0 (1060381)|HEAP_ALLOCATE|[72]|Bytes:3
10:14:16.0 (1085846)|HEAP_ALLOCATE|[77]|Bytes:152
10:14:16.0 (1107848)|HEAP_ALLOCATE|[342]|Bytes:408
10:14:16.0 (1135541)|HEAP_ALLOCATE|[355]|Bytes:408
10:14:16.0 (1162778)|HEAP_ALLOCATE|[467]|Bytes:48
10:14:16.0 (1207641)|HEAP_ALLOCATE|[139]|Bytes:6
10:14:16.0 (1233478)|HEAP_ALLOCATE|[EXTERNAL]|Bytes:18
10:14:16.0 (1244487)|HEAP_ALLOCATE|[EXTERNAL]|Bytes:18
10:14:16.0 (3354392)|CODE_UNIT_STARTED|[EXTERNAL]|01pO00000003MVy|ApprovalController.getOpportunityRecord
10:14:16.0 (3485858)|HEAP_ALLOCATE|[EXTERNAL]|Bytes:8
10:14:16.0 (3493152)|HEAP_ALLOCATE|[EXTERNAL]|Bytes:8
10:14:16.0 (3505932)|METHOD_ENTRY|[1]|01pO00000003MVy|ApprovalController.ApprovalController()
10:14:16.0 (3509114)|STATEMENT_EXECUTE|[1]
10:14:16.0 (3513929)|STATEMENT_EXECUTE|[1]
10:14:16.0 (3520060)|METHOD_EXIT|[1]|ApprovalController
10:14:16.0 (3525169)|HEAP_ALLOCATE|[EXTERNAL]|Bytes:18
10:14:16.0 (3533312)|SYSTEM_MODE_ENTER|false
10:14:16.0 (3541204)|VARIABLE_SCOPE_BEGIN|[15]|opportunityId|String|false|false
10:14:16.0 (3558288)|VARIABLE_ASSIGNMENT|[15]|opportunityId|"006O0000008kYYvIAM"
10:14:16.0 (3566835)|STATEMENT_EXECUTE|[15]
10:14:16.0 (3568734)|STATEMENT_EXECUTE|[18]
10:14:16.0 (3572516)|HEAP_ALLOCATE|[18]|Bytes:589
10:14:16.0 (3581874)|HEAP_ALLOCATE|[18]|Bytes:4
10:14:16.0 (3639677)|HEAP_ALLOCATE|[18]|Bytes:7
10:14:16.0 (3689817)|HEAP_ALLOCATE|[50]|Bytes:5
10:14:16.0 (3710978)|HEAP_ALLOCATE|[56]|Bytes:5
10:14:16.0 (3721974)|HEAP_ALLOCATE|[64]|Bytes:7
10:14:16.0 (4911515)|SOQL_EXECUTE_BEGIN|[18]|Aggregations:0|SELECT Id, name, Gate_Status__c, TSF_Gate_Status__c, CRA_Gate_Status__c, StageName, Competitor_Analysis_General_Comments__c, Are_there_any_critical_risks__c, Has_CRA_changed_since_last_approval__c, Has_TSF_changed_since_last_approval__c, Apply_Default_Bonding__c, Conversion_Budget_Comments__c, Is_Gate_1_To_3__c, Is_Gate_4_To_5__c, Net_Budget_EOI_PQ__c, Net_Budget_Post_Tender__c, Net_Budget_Tender__c, Net_Budget_Amount__c, Total_Budget_EOI_PQ__c, Total_Budget_Tender__c, Total_Budget_AUD__c, Total_Budget_Post_Tender__c, JH_Bid_Cost_of_JH_Revenue__c FROM Opportunity WHERE Id = :tmpVar1
10:14:16.0 (4925438)|LIMIT_USAGE|[18]|SOQL|1|100
10:14:16.0 (4934973)|LIMIT_USAGE|[18]|AGGS|0|300
10:14:16.0 (39164229)|SOQL_EXECUTE_END|[18]|Rows:1
10:14:16.0 (39176966)|LIMIT_USAGE|[18]|SOQL_ROWS|1|50000
10:14:16.0 (39197384)|HEAP_ALLOCATE|[18]|Bytes:8
10:14:16.0 (39214548)|HEAP_ALLOCATE|[18]|Bytes:906
10:14:16.0 (39254405)|HEAP_ALLOCATE|[18]|Bytes:8
10:14:16.0 (39274991)|VARIABLE_SCOPE_BEGIN|[18]|allOpps|List<Opportunity>|true|false
10:14:16.0 (39392031)|VARIABLE_ASSIGNMENT|[18]|allOpps|[{"Id":"006O0000008kYYvIAM","Name":"Lismore Base Hospita (73 more) ...","Gate_Status__c":"Submitted For Approv (2 more) ...","TSF_Gate_Status__c":"Not Applicable","CRA_Gate_Status__c":"Not Applicable","StageName":"Gate 2","Apply_Default_Bondin (4 more) ...":true,"Is_Gate_1_To_3__c":true,"Is_Gate_4_To_5__c":false,"Net_Budget_EOI_PQ__c":0,"Net_Budget_Post_Tend (5 more) ...":0,"Net_Budget_Tender__c":0,"Net_Budget_Amount__c":0,"Total_Budget_EOI_PQ_ (2 more) ...":0,"Total_Budget_Tender_ (2 more) ...":0,"Total_Budget_AUD__c":0,"Total_Budget_Post_Te (7 more) ...":0,"JH_Bid_Cost_of_JH_Re (8 more) ...":0.0}]|0x28e2b446
10:14:16.0 (39402782)|STATEMENT_EXECUTE|[38]
10:14:16.0 (39415021)|SYSTEM_MODE_EXIT|false
10:14:16.39 (39441723)|CUMULATIVE_LIMIT_USAGE
10:14:16.39 (39441723)|LIMIT_USAGE_FOR_NS|(default)|
  Number of SOQL queries: 1 out of 100
  Number of query rows: 1 out of 50000
  Number of SOSL queries: 0 out of 20
  Number of DML statements: 0 out of 150
  Number of DML rows: 0 out of 10000
  Maximum CPU time: 0 out of 10000
  Maximum heap size: 0 out of 6000000
  Number of callouts: 0 out of 100
  Number of Email Invocations: 0 out of 10
  Number of future calls: 0 out of 50
  Number of queueable jobs added to the queue: 0 out of 50
  Number of Mobile Apex push calls: 0 out of 10

10:14:16.39 (39441723)|TOTAL_EMAIL_RECIPIENTS_QUEUED|0
10:14:16.39 (39441723)|STATIC_VARIABLE_LIST|
  char[]:DigitTens:0
  long:serialVersionUID:0
  long:serialVersionUID:0
  double:MAX_VALUE:0
  Boolean:FALSE:0
  long:serialVersionUID:0
  double:MIN_VALUE:0
  int:SIZE:0
  double:NEGATIVE_INFINITY:0
  int:MAX_VALUE:0
  String:_sfdcSuppressedCodeLocations:0
  char[]:digits:0
  double:NaN:0
  Boolean:TRUE:0
  int:MIN_VALUE:0
  char[]:DigitOnes:0
  int:BYTES:0
  int:MIN_EXPONENT:0
  int[]:sizeTable:0
  int:MAX_EXPONENT:0
  int:SIZE:0
  double:POSITIVE_INFINITY:0
  String:_sfdcAdditionalCodeLocations:0
  double:MIN_NORMAL:0
  int:BYTES:0

10:14:16.39 (39441723)|CUMULATIVE_LIMIT_USAGE_END

10:14:16.0 (39592478)|CODE_UNIT_FINISHED|ApprovalController.getOpportunityRecord
10:14:16.162 (162617976)|CUMULATIVE_PROFILING_BEGIN
10:14:16.162 (162617976)|CUMULATIVE_PROFILING|SOQL operations|
Class.ApprovalController.getOpportunityRecord: line 18, column 1: [SELECT   Id,name,
                                                           			Gate_Status__c,
                                                           			TSF_Gate_Status__c,
                                                           			CRA_Gate_Status__c,
                                                           			StageName,
                                    								Competitor_Analysis_General_Comments__c,
                                    								Are_there_any_critical_risks__c,
                                    								Has_CRA_changed_since_last_approval__c,
                                    								Has_TSF_changed_since_last_approval__c,
                                    								Apply_Default_Bonding__c,
                                    								Conversion_Budget_Comments__c,
                                    								Is_Gate_1_To_3__c, Is_Gate_4_To_5__c,
                                    								Net_Budget_EOI_PQ__c, Net_Budget_Post_Tender__c, 
                                    								Net_Budget_Tender__c, Net_Budget_Amount__c,
                                    								Total_Budget_EOI_PQ__c, Total_Budget_Tender__c, 
                                    								Total_Budget_AUD__c, Total_Budget_Post_Tender__c, 
                                    								JH_Bid_Cost_of_JH_Revenue__c
                                 							FROM     Opportunity
                                 							WHERE    Id = :opportunityId]: executed 1 time in 35 ms

10:14:16.162 (162617976)|CUMULATIVE_PROFILING|No profiling information for SOSL operations
10:14:16.162 (162617976)|CUMULATIVE_PROFILING|No profiling information for DML operations
10:14:16.162 (162617976)|CUMULATIVE_PROFILING|method invocations|
External entry point: public static List<Opportunity> getOpportunityRecord(String): executed 1 time in 36 ms

10:14:16.162 (162617976)|CUMULATIVE_PROFILING_END
