39.0 APEX_CODE,FINEST;APEX_PROFILING,FINEST;CALLOUT,NONE;DB,FINEST;SYSTEM,FINE;VALIDATION,INFO;VISUALFORCE,INFO;WAVE,INFO;WORKFLOW,FINER
11:00:38.0 (92454)|USER_INFO|[EXTERNAL]|00528000006B07F|dev@systempartners.com.prod.pcphase2|Australian Eastern Standard Time|GMT+10:00
11:00:38.0 (137920)|EXECUTION_STARTED
11:00:38.0 (143559)|CODE_UNIT_STARTED|[EXTERNAL]|01pO00000003MVy|ApprovalController.getAssignedApprovers
11:00:38.0 (311234)|HEAP_ALLOCATE|[72]|Bytes:3
11:00:38.0 (358610)|HEAP_ALLOCATE|[77]|Bytes:152
11:00:38.0 (396552)|HEAP_ALLOCATE|[342]|Bytes:408
11:00:38.0 (430189)|HEAP_ALLOCATE|[355]|Bytes:408
11:00:38.0 (462688)|HEAP_ALLOCATE|[467]|Bytes:48
11:00:38.0 (501935)|HEAP_ALLOCATE|[139]|Bytes:6
11:00:38.0 (595883)|HEAP_ALLOCATE|[EXTERNAL]|Bytes:11
11:00:38.0 (619970)|HEAP_ALLOCATE|[EXTERNAL]|Bytes:27
11:00:38.0 (632967)|METHOD_ENTRY|[1]|01pO00000003MVy|ApprovalController.ApprovalController()
11:00:38.0 (638130)|STATEMENT_EXECUTE|[1]
11:00:38.0 (644533)|STATEMENT_EXECUTE|[1]
11:00:38.0 (654925)|METHOD_EXIT|[1]|ApprovalController
11:00:38.0 (723125)|HEAP_ALLOCATE|[EXTERNAL]|Bytes:72
11:00:38.0 (732582)|SYSTEM_MODE_ENTER|false
11:00:38.0 (739647)|VARIABLE_SCOPE_BEGIN|[68]|opp|Opportunity|true|false
11:00:38.0 (799599)|VARIABLE_ASSIGNMENT|[68]|opp|{"Total_Budget_EOI_PQ_ (2 more) ...":0,"Total_Budget_AUD__c":0,"TSF_Gate_Status__c":"Not Applicable","StageName":"Gate 3","Net_Budget_Post_Tend (5 more) ...":0,"Net_Budget_EOI_PQ__c":0,"Apply_Default_Bondin (4 more) ...":false,"Gate_Status__c":"Initiated","Is_Gate_4_To_5__c":false,"Name":"TL Test - 1200","Is_Gate_1_To_3__c":true,"Net_Budget_Amount__c":0,"Total_Budget_Tender_ (2 more) ...":0,"Total_Budget_Post_Te (7 more) ...":0,"Net_Budget_Tender__c":0,"CRA_Gate_Status__c":"Not Applicable","Id":"006O0000009GUsjIAG"}|0x13568cd3
11:00:38.0 (815789)|STATEMENT_EXECUTE|[68]
11:00:38.0 (818242)|STATEMENT_EXECUTE|[69]
11:00:38.0 (823293)|HEAP_ALLOCATE|[69]|Bytes:132
11:00:38.0 (839491)|HEAP_ALLOCATE|[69]|Bytes:4
11:00:38.0 (854854)|HEAP_ALLOCATE|[69]|Bytes:7
11:00:38.0 (913681)|HEAP_ALLOCATE|[69]|Bytes:7
11:00:38.0 (2033935)|VARIABLE_SCOPE_BEGIN|[3]|OpportunityService.KCRARecordTypeID|String|false|true
11:00:38.0 (2042610)|VARIABLE_SCOPE_BEGIN|[2]|OpportunityService.KCRATemplateRecordTypeID|String|false|true
11:00:38.0 (2056688)|HEAP_ALLOCATE|[71]|Bytes:43
11:00:38.0 (2101868)|METHOD_ENTRY|[1]|01pO00000003HOS|OpportunityService.OpportunityService()
11:00:38.0 (2106285)|STATEMENT_EXECUTE|[1]
11:00:38.0 (2111205)|STATEMENT_EXECUTE|[1]
11:00:38.0 (2152324)|HEAP_ALLOCATE|[50]|Bytes:5
11:00:38.0 (2185210)|HEAP_ALLOCATE|[56]|Bytes:5
11:00:38.0 (2202007)|HEAP_ALLOCATE|[64]|Bytes:7
11:00:38.0 (2234988)|HEAP_ALLOCATE|[2]|Bytes:5
11:00:38.0 (2241880)|STATEMENT_EXECUTE|[2]
11:00:38.0 (2247033)|HEAP_ALLOCATE|[2]|Bytes:33
11:00:38.0 (2333871)|SYSTEM_METHOD_ENTRY|[2]|Schema.SObjectType.getDescribe()
11:00:38.0 (2994011)|HEAP_ALLOCATE|[2]|Bytes:4
11:00:38.0 (3007415)|SYSTEM_METHOD_EXIT|[2]|Schema.SObjectType.getDescribe()
11:00:38.0 (3040416)|LIMIT_USAGE|[2]|RECORD_TYPE_DESCRIBES|1|100
11:00:38.0 (5758372)|HEAP_ALLOCATE|[2]|Bytes:16
11:00:38.0 (5768097)|HEAP_ALLOCATE|[2]|Bytes:13
11:00:38.0 (5828636)|SYSTEM_METHOD_ENTRY|[2]|Map<String,Schema.RecordTypeInfo>.get(Object)
11:00:38.0 (5879764)|SYSTEM_METHOD_EXIT|[2]|Map<String,Schema.RecordTypeInfo>.get(Object)
11:00:38.0 (5908965)|HEAP_ALLOCATE|[2]|Bytes:4
11:00:38.0 (5927684)|HEAP_ALLOCATE|[2]|Bytes:18
11:00:38.0 (5948645)|VARIABLE_ASSIGNMENT|[2]|OpportunityService.KCRATemplateRecordTypeID|"012O0000000DCgLIAW"
11:00:38.0 (5952399)|STATEMENT_EXECUTE|[3]
11:00:38.0 (5986206)|SYSTEM_METHOD_ENTRY|[3]|Schema.SObjectType.getDescribe()
11:00:38.0 (6008961)|HEAP_ALLOCATE|[3]|Bytes:4
11:00:38.0 (6015488)|SYSTEM_METHOD_EXIT|[3]|Schema.SObjectType.getDescribe()
11:00:38.0 (6028463)|LIMIT_USAGE|[3]|RECORD_TYPE_DESCRIBES|2|100
11:00:38.0 (6042606)|HEAP_ALLOCATE|[3]|Bytes:16
11:00:38.0 (6047956)|HEAP_ALLOCATE|[3]|Bytes:4
11:00:38.0 (6063379)|SYSTEM_METHOD_ENTRY|[3]|Map<String,Schema.RecordTypeInfo>.get(Object)
11:00:38.0 (6077942)|SYSTEM_METHOD_EXIT|[3]|Map<String,Schema.RecordTypeInfo>.get(Object)
11:00:38.0 (6096622)|HEAP_ALLOCATE|[3]|Bytes:4
11:00:38.0 (6103945)|HEAP_ALLOCATE|[3]|Bytes:18
11:00:38.0 (6114519)|VARIABLE_ASSIGNMENT|[3]|OpportunityService.KCRARecordTypeID|"012O0000000DCgGIAW"
11:00:38.0 (6126500)|METHOD_EXIT|[1]|OpportunityService
11:00:38.0 (6137879)|METHOD_ENTRY|[71]|01pO00000003HOS|OpportunityService.getGateNumber(String)
11:00:38.0 (6155748)|VARIABLE_SCOPE_BEGIN|[196]|stage|String|false|false
11:00:38.0 (6162809)|VARIABLE_ASSIGNMENT|[196]|stage|"Gate 3"
11:00:38.0 (6172517)|HEAP_ALLOCATE|[197]|Bytes:5
11:00:38.0 (6176506)|STATEMENT_EXECUTE|[196]
11:00:38.0 (6840113)|VARIABLE_SCOPE_BEGIN|[75]|Constants.ApprovalOutcomeNotificationEmail|String|false|true
11:00:38.0 (6846569)|VARIABLE_SCOPE_BEGIN|[77]|Constants.ApprovalSubmissionEmail|String|false|true
11:00:38.0 (6850496)|VARIABLE_SCOPE_BEGIN|[49]|Constants.ApprovedStatus|String|false|true
11:00:38.0 (6857447)|VARIABLE_SCOPE_BEGIN|[6]|Constants.Approvers|Approvers__c|true|true
11:00:38.0 (6862321)|VARIABLE_SCOPE_BEGIN|[81]|Constants.CRA_ApprovalOutcomeNotificationEmail|String|false|true
11:00:38.0 (6866725)|VARIABLE_SCOPE_BEGIN|[83]|Constants.CRA_ApprovalSubmissionEmail|String|false|true
11:00:38.0 (6870503)|VARIABLE_SCOPE_BEGIN|[82]|Constants.CRA_DecisionRequiredEmail|String|false|true
11:00:38.0 (6874339)|VARIABLE_SCOPE_BEGIN|[71]|Constants.ClosedWonStage|String|false|true
11:00:38.0 (6877922)|VARIABLE_SCOPE_BEGIN|[50]|Constants.ConditionallyApprovedStatus|String|false|true
11:00:38.0 (6882513)|VARIABLE_SCOPE_BEGIN|[76]|Constants.DecisionRequiredEmail|String|false|true
11:00:38.0 (6886275)|VARIABLE_SCOPE_BEGIN|[51]|Constants.DeclinedStatus|String|false|true
11:00:38.0 (6890160)|VARIABLE_SCOPE_BEGIN|[66]|Constants.Gate1Stage|String|false|true
11:00:38.0 (6894258)|VARIABLE_SCOPE_BEGIN|[67]|Constants.Gate2Stage|String|false|true
11:00:38.0 (6898720)|VARIABLE_SCOPE_BEGIN|[68]|Constants.Gate3Stage|String|false|true
11:00:38.0 (6902606)|VARIABLE_SCOPE_BEGIN|[69]|Constants.Gate4Stage|String|false|true
11:00:38.0 (6907239)|VARIABLE_SCOPE_BEGIN|[70]|Constants.Gate5Stage|String|false|true
11:00:38.0 (6911850)|VARIABLE_SCOPE_BEGIN|[48]|Constants.InProgressStatus|String|false|true
11:00:38.0 (6915966)|VARIABLE_SCOPE_BEGIN|[47]|Constants.InitiatedStatus|String|false|true
11:00:38.0 (6919924)|VARIABLE_SCOPE_BEGIN|[65]|Constants.NewDandCStage|String|false|true
11:00:38.0 (6924393)|VARIABLE_SCOPE_BEGIN|[54]|Constants.NotApplicableStatus|String|false|true
11:00:38.0 (6929066)|VARIABLE_SCOPE_BEGIN|[46]|Constants.NotStartedStatus|String|false|true
11:00:38.0 (6934649)|VARIABLE_SCOPE_BEGIN|[24]|Constants.OppRecordTypeMap|Map<String,Id>|true|true
11:00:38.0 (6944826)|VARIABLE_SCOPE_BEGIN|[57]|Constants.PendingApprovalStatus|String|false|true
11:00:38.0 (6951399)|VARIABLE_SCOPE_BEGIN|[53]|Constants.RestartedStatus|String|false|true
11:00:38.0 (6956851)|VARIABLE_SCOPE_BEGIN|[52]|Constants.ResubmittedStatus|String|false|true
11:00:38.0 (6962193)|VARIABLE_SCOPE_BEGIN|[78]|Constants.TSF_ApprovalOutcomeNotificationEmail|String|false|true
11:00:38.0 (6967526)|VARIABLE_SCOPE_BEGIN|[80]|Constants.TSF_ApprovalSubmissionEmail|String|false|true
11:00:38.0 (6972264)|VARIABLE_SCOPE_BEGIN|[79]|Constants.TSF_DecisionRequiredEmail|String|false|true
11:00:38.0 (6976451)|VARIABLE_SCOPE_BEGIN|[61]|Constants.TenderInPreperationStatus|String|false|true
11:00:38.0 (6981101)|VARIABLE_SCOPE_BEGIN|[62]|Constants.TenderSubmittedStatus|String|false|true
11:00:38.0 (6986423)|VARIABLE_SCOPE_BEGIN|[84]|Constants.TenderWonEmail|String|false|true
11:00:38.0 (6991581)|VARIABLE_SCOPE_BEGIN|[60]|Constants.TenderWonStatus|String|false|true
11:00:38.0 (7001586)|HEAP_ALLOCATE|[197]|Bytes:28
11:00:38.0 (7014694)|HEAP_ALLOCATE|[197]|Bytes:136
11:00:38.0 (7022880)|HEAP_ALLOCATE|[197]|Bytes:7
11:00:38.0 (7030271)|HEAP_ALLOCATE|[197]|Bytes:34
11:00:38.0 (7044010)|VARIABLE_ASSIGNMENT|[197]|Constants.ApprovalOutcomeNotificationEmail|"Gate_Approval_Outcom (14 more) ..."
11:00:38.0 (7050924)|HEAP_ALLOCATE|[197]|Bytes:32
11:00:38.0 (7062982)|VARIABLE_ASSIGNMENT|[197]|Constants.ApprovalSubmissionEmail|"Approval_Submission_ (12 more) ..."
11:00:38.0 (7068108)|HEAP_ALLOCATE|[197]|Bytes:8
11:00:38.0 (7078083)|VARIABLE_ASSIGNMENT|[197]|Constants.ApprovedStatus|"Approved"
11:00:38.0 (7126516)|HEAP_ALLOCATE|[197]|Bytes:33
11:00:38.0 (7141527)|VARIABLE_ASSIGNMENT|[197]|Constants.CRA_ApprovalOutcomeNotificationEmail|"CRA_Approval_Outcome (13 more) ..."
11:00:38.0 (7146159)|HEAP_ALLOCATE|[197]|Bytes:36
11:00:38.0 (7156371)|VARIABLE_ASSIGNMENT|[197]|Constants.CRA_ApprovalSubmissionEmail|"CRA_Approval_Submiss (16 more) ..."
11:00:38.0 (7161324)|HEAP_ALLOCATE|[197]|Bytes:29
11:00:38.0 (7171654)|VARIABLE_ASSIGNMENT|[197]|Constants.CRA_DecisionRequiredEmail|"CRA_Approval_Decsion (9 more) ..."
11:00:38.0 (7176135)|HEAP_ALLOCATE|[197]|Bytes:10
11:00:38.0 (7184291)|VARIABLE_ASSIGNMENT|[197]|Constants.ClosedWonStage|"Closed Won"
11:00:38.0 (7188633)|HEAP_ALLOCATE|[197]|Bytes:22
11:00:38.0 (7198352)|VARIABLE_ASSIGNMENT|[197]|Constants.ConditionallyApprovedStatus|"Conditionally Approv (2 more) ..."
11:00:38.0 (7202886)|HEAP_ALLOCATE|[197]|Bytes:38
11:00:38.0 (7228257)|VARIABLE_ASSIGNMENT|[197]|Constants.DecisionRequiredEmail|"Approval_Decsion_Req (18 more) ..."
11:00:38.0 (7235056)|HEAP_ALLOCATE|[197]|Bytes:8
11:00:38.0 (7249718)|VARIABLE_ASSIGNMENT|[197]|Constants.DeclinedStatus|"Declined"
11:00:38.0 (7255034)|HEAP_ALLOCATE|[197]|Bytes:6
11:00:38.0 (7265728)|VARIABLE_ASSIGNMENT|[197]|Constants.Gate1Stage|"Gate 1"
11:00:38.0 (7269601)|HEAP_ALLOCATE|[197]|Bytes:6
11:00:38.0 (7278979)|VARIABLE_ASSIGNMENT|[197]|Constants.Gate2Stage|"Gate 2"
11:00:38.0 (7283633)|HEAP_ALLOCATE|[197]|Bytes:6
11:00:38.0 (7292403)|VARIABLE_ASSIGNMENT|[197]|Constants.Gate3Stage|"Gate 3"
11:00:38.0 (7294658)|HEAP_ALLOCATE|[197]|Bytes:6
11:00:38.0 (7299210)|VARIABLE_ASSIGNMENT|[197]|Constants.Gate4Stage|"Gate 4"
11:00:38.0 (7301271)|HEAP_ALLOCATE|[197]|Bytes:6
11:00:38.0 (7307731)|VARIABLE_ASSIGNMENT|[197]|Constants.Gate5Stage|"Gate 5"
11:00:38.0 (7309896)|HEAP_ALLOCATE|[197]|Bytes:11
11:00:38.0 (7315176)|VARIABLE_ASSIGNMENT|[197]|Constants.InProgressStatus|"In Progress"
11:00:38.0 (7317615)|HEAP_ALLOCATE|[197]|Bytes:9
11:00:38.0 (7322482)|VARIABLE_ASSIGNMENT|[197]|Constants.InitiatedStatus|"Initiated"
11:00:38.0 (7324742)|HEAP_ALLOCATE|[197]|Bytes:3
11:00:38.0 (7329499)|VARIABLE_ASSIGNMENT|[197]|Constants.NewDandCStage|"New"
11:00:38.0 (7331496)|HEAP_ALLOCATE|[197]|Bytes:14
11:00:38.0 (7336856)|VARIABLE_ASSIGNMENT|[197]|Constants.NotApplicableStatus|"Not Applicable"
11:00:38.0 (7339072)|HEAP_ALLOCATE|[197]|Bytes:11
11:00:38.0 (7344001)|VARIABLE_ASSIGNMENT|[197]|Constants.NotStartedStatus|"Not Started"
11:00:38.0 (7349880)|HEAP_ALLOCATE|[197]|Bytes:16
11:00:38.0 (7355931)|VARIABLE_ASSIGNMENT|[197]|Constants.PendingApprovalStatus|"Pending Approval"
11:00:38.0 (7358566)|HEAP_ALLOCATE|[197]|Bytes:9
11:00:38.0 (7363524)|VARIABLE_ASSIGNMENT|[197]|Constants.RestartedStatus|"Restarted"
11:00:38.0 (7365972)|HEAP_ALLOCATE|[197]|Bytes:11
11:00:38.0 (7370937)|VARIABLE_ASSIGNMENT|[197]|Constants.ResubmittedStatus|"Resubmitted"
11:00:38.0 (7373279)|HEAP_ALLOCATE|[197]|Bytes:33
11:00:38.0 (7379895)|VARIABLE_ASSIGNMENT|[197]|Constants.TSF_ApprovalOutcomeNotificationEmail|"TSF_Approval_Outcome (13 more) ..."
11:00:38.0 (7382741)|HEAP_ALLOCATE|[197]|Bytes:36
11:00:38.0 (7389023)|VARIABLE_ASSIGNMENT|[197]|Constants.TSF_ApprovalSubmissionEmail|"TSF_Approval_Submiss (16 more) ..."
11:00:38.0 (7391294)|HEAP_ALLOCATE|[197]|Bytes:29
11:00:38.0 (7397926)|VARIABLE_ASSIGNMENT|[197]|Constants.TSF_DecisionRequiredEmail|"TSF_Approval_Decsion (9 more) ..."
11:00:38.0 (7400239)|HEAP_ALLOCATE|[197]|Bytes:21
11:00:38.0 (7406106)|VARIABLE_ASSIGNMENT|[197]|Constants.TenderInPreperationStatus|"Tender in Preparatio (1 more) ..."
11:00:38.0 (7408245)|HEAP_ALLOCATE|[197]|Bytes:16
11:00:38.0 (7413851)|VARIABLE_ASSIGNMENT|[197]|Constants.TenderSubmittedStatus|"Tender Submitted"
11:00:38.0 (7416370)|HEAP_ALLOCATE|[197]|Bytes:23
11:00:38.0 (7422694)|VARIABLE_ASSIGNMENT|[197]|Constants.TenderWonEmail|"Tender_Won_Notificat (3 more) ..."
11:00:38.0 (7424889)|HEAP_ALLOCATE|[197]|Bytes:10
11:00:38.0 (7429974)|VARIABLE_ASSIGNMENT|[197]|Constants.TenderWonStatus|"Tender Won"
11:00:38.0 (7436097)|METHOD_ENTRY|[1]|01pO00000003RXf|Constants.Constants()
11:00:38.0 (7438594)|STATEMENT_EXECUTE|[1]
11:00:38.0 (7441960)|STATEMENT_EXECUTE|[1]
11:00:38.0 (7448958)|HEAP_ALLOCATE|[197]|Bytes:5
11:00:38.0 (7451679)|STATEMENT_EXECUTE|[3]
11:00:38.0 (7458187)|METHOD_EXIT|[1]|Constants
11:00:38.0 (7490640)|STATEMENT_EXECUTE|[199]
11:00:38.0 (7494376)|HEAP_ALLOCATE|[199]|Bytes:1
11:00:38.0 (7505201)|METHOD_EXIT|[71]|01pO00000003HOS|OpportunityService.getGateNumber(String)
11:00:38.0 (9387881)|SOQL_EXECUTE_BEGIN|[69]|Aggregations:0|SELECT id FROM Gate__c WHERE (Opportunity__c = :tmpVar1 AND Gate_Number__c = :tmpVar2) ORDER BY CreatedDate DESC NULLS FIRST LIMIT 1
11:00:38.0 (9399604)|LIMIT_USAGE|[69]|SOQL|1|100
11:00:38.0 (9408560)|LIMIT_USAGE|[69]|AGGS|0|300
11:00:38.0 (18224956)|SOQL_EXECUTE_END|[69]|Rows:1
11:00:38.0 (18234736)|LIMIT_USAGE|[69]|SOQL_ROWS|1|50000
11:00:38.0 (18249979)|HEAP_ALLOCATE|[69]|Bytes:8
11:00:38.0 (18266428)|HEAP_ALLOCATE|[69]|Bytes:29
11:00:38.0 (18410933)|HEAP_ALLOCATE|[69]|Bytes:8
11:00:38.0 (18427703)|HEAP_ALLOCATE|[69]|Bytes:33
11:00:38.0 (18498575)|HEAP_ALLOCATE|[69]|Bytes:8
11:00:38.0 (18508104)|VARIABLE_SCOPE_BEGIN|[69]|latestGateId|Gate__c|true|false
11:00:38.0 (18532187)|VARIABLE_ASSIGNMENT|[69]|latestGateId|{"Id":"a0nO0000003xqtKIAQ"}|0x1aff25e4
11:00:38.0 (18536139)|STATEMENT_EXECUTE|[76]
11:00:38.0 (18539917)|HEAP_ALLOCATE|[76]|Bytes:295
11:00:38.0 (18549743)|HEAP_ALLOCATE|[76]|Bytes:4
11:00:38.0 (21371931)|SOQL_EXECUTE_BEGIN|[76]|Aggregations:0|SELECT Approver__r.Name, Approval_Level__c, Gate__c, Approval_Status__c, Proxy_Approver__r.Name, Current_Approver__c, Wet_Signature_Received__c, Wet_Signature_Date__c, Approval_Comments__c, CreatedDate FROM Assigned_Approver__c WHERE Gate__c = :tmpVar1 ORDER BY Approval_Level__c ASC NULLS FIRST
11:00:38.0 (21383554)|LIMIT_USAGE|[76]|SOQL|2|100
11:00:38.0 (21392049)|LIMIT_USAGE|[76]|AGGS|0|300
11:00:38.0 (36505835)|SOQL_EXECUTE_END|[76]|Rows:2
11:00:38.0 (36515846)|LIMIT_USAGE|[76]|SOQL_ROWS|3|50000
11:00:38.0 (36531030)|HEAP_ALLOCATE|[76]|Bytes:12
11:00:38.0 (36548403)|HEAP_ALLOCATE|[76]|Bytes:587
11:00:38.0 (36621574)|HEAP_ALLOCATE|[76]|Bytes:12
11:00:38.0 (36640433)|VARIABLE_SCOPE_BEGIN|[76]|allApprovers|List<Assigned_Approver__c>|true|false
11:00:38.0 (36718674)|VARIABLE_ASSIGNMENT|[76]|allApprovers|[{"Approver__c":"00528000006B07FAAS","Approval_Level__c":"1","Gate__c":"a0nO0000003xqtKIAQ","Approval_Status__c":"Pending Approval","Current_Approver__c":false,"Wet_Signature_Receiv (5 more) ...":false,"CreatedDate":"2017-04-12T00:23:53.000Z","Id":"a0oO0000002tpYIIAY","Approver__r":{"Name":"System Partners","Id":"00528000006B07FAAS"}},{"Approver__c":"005O0000003t7anIAA","Approval_Level__c":"2","Gate__c":"a0nO0000003xqtKIAQ","Approval_Status__c":"Pending Approval","Current_Approver__c":false,"Wet_Signature_Receiv (5 more) ...":false,"CreatedDate":"2017-04-12T00:23:53.000Z","Id":"a0oO0000002tpYJIAY","Approver__r":{"Name":"Ricky Lowe","Id":"005O0000003t7anIAA"}}]|0xf7f0fcb
11:00:38.0 (36728534)|STATEMENT_EXECUTE|[85]
11:00:38.0 (36741814)|SYSTEM_MODE_EXIT|false
11:00:38.36 (36779080)|CUMULATIVE_LIMIT_USAGE
11:00:38.36 (36779080)|LIMIT_USAGE_FOR_NS|(default)|
  Number of SOQL queries: 2 out of 100
  Number of query rows: 3 out of 50000
  Number of SOSL queries: 0 out of 20
  Number of DML statements: 0 out of 150
  Number of DML rows: 0 out of 10000
  Maximum CPU time: 0 out of 10000
  Maximum heap size: 0 out of 6000000
  Number of callouts: 0 out of 100
  Number of Email Invocations: 0 out of 10
  Number of future calls: 0 out of 50
  Number of queueable jobs added to the queue: 0 out of 50
  Number of Mobile Apex push calls: 0 out of 10

11:00:38.36 (36779080)|TOTAL_EMAIL_RECIPIENTS_QUEUED|0
11:00:38.36 (36779080)|STATIC_VARIABLE_LIST|
  String:_static_KCRATemplateRecordTypeID:0
  long:serialVersionUID:0
  double:MAX_VALUE:0
  long:serialVersionUID:0
  String:_static_InProgressStatus:0
  int:SIZE:0
  String:_static_TenderWonEmail:0
  String:_static_ApprovedStatus:0
  int:MAX_VALUE:0
  String:_static_InitiatedStatus:0
  String:_static_ClosedWonStage:0
  String:_static_Gate5Stage:0
  String:_static_Gate4Stage:0
  int:MIN_VALUE:0
  String:_static_Gate1Stage:0
  String:_static_Gate3Stage:0
  String:_static_NotStartedStatus:0
  char[]:DigitOnes:0
  String:_static_NotApplicableStatus:0
  String:_sfdcAdditionalCodeLocations:0
  String:__sfdcProperties:0
  String:_static_CRA_DecisionRequiredEmail:0
  int:MIN_EXPONENT:0
  String:_static_DecisionRequiredEmail:0
  String:_static_ApprovalOutcomeNotificationEmail:0
  String:_static_PendingApprovalStatus:0
  String:_static_RestartedStatus:0
  int:MAX_EXPONENT:0
  String:_static_ApprovalSubmissionEmail:0
  String:_static_TenderWonStatus:0
  String:_sfdcAdditionalCodeLocations:0
  int:BYTES:0
  char[]:DigitTens:0
  long:serialVersionUID:0
  Boolean:FALSE:0
  String:_static_DeclinedStatus:0
  String:_static_TSF_ApprovalSubmissionEmail:0
  double:MIN_VALUE:0
  double:NEGATIVE_INFINITY:0
  String:_static_ResubmittedStatus:0
  String:_sfdcSuppressedCodeLocations:0
  char[]:digits:0
  double:NaN:0
  Boolean:TRUE:0
  String:__sfdcInnerTypes:0
  String:_static_CRA_ApprovalOutcomeNotificationEmail:0
  String:_static_Gate2Stage:0
  String:_static_TenderSubmittedStatus:0
  String:_static_NewDandCStage:0
  String:_sfdcAdditionalCodeLocations:0
  String:_static_KCRARecordTypeID:0
  String:_static_TSF_DecisionRequiredEmail:0
  String:_static_ConditionallyApprovedStatus:0
  String:_static_TSF_ApprovalOutcomeNotificationEmail:0
  int:BYTES:0
  int[]:sizeTable:0
  String:_static_TenderInPreperationStatus:0
  int:SIZE:0
  double:POSITIVE_INFINITY:0
  double:MIN_NORMAL:0
  String:_static_CRA_ApprovalSubmissionEmail:0

11:00:38.36 (36779080)|CUMULATIVE_LIMIT_USAGE_END

11:00:38.0 (37038107)|CODE_UNIT_FINISHED|ApprovalController.getAssignedApprovers
11:00:38.0 (39120486)|EXECUTION_FINISHED
11:00:38.45 (45222205)|CUMULATIVE_PROFILING_BEGIN
11:00:38.45 (45222205)|CUMULATIVE_PROFILING|SOQL operations|
Class.ApprovalController.getAssignedApprovers: line 76, column 1: [SELECT Approver__r.Name, Approval_Level__c,Gate__c,Approval_Status__c,
                                                            Proxy_Approver__r.Name,Current_Approver__c,
                                                            Wet_Signature_Received__c, Wet_Signature_Date__c,
                                                            Approval_Comments__c,CreatedDate
                                                    from Assigned_Approver__c
                                                    where Gate__c = :latestGateID.id
                                                    order by Approval_Level__c asc]: executed 1 time in 18 ms
Class.ApprovalController.getAssignedApprovers: line 69, column 1: [SELECT id FROM Gate__c 
                              where Opportunity__c = : opp.Id 
                              and Gate_Number__c = :OpportunityService.getGateNumber(opp.StageName)
                              ORDER BY CreatedDate DESC
                              LIMIT 1]: executed 1 time in 10 ms

11:00:38.45 (45222205)|CUMULATIVE_PROFILING|No profiling information for SOSL operations
11:00:38.45 (45222205)|CUMULATIVE_PROFILING|No profiling information for DML operations
11:00:38.45 (45222205)|CUMULATIVE_PROFILING|method invocations|
External entry point: public static List<Assigned_Approver__c> getAssignedApprovers(Opportunity): executed 1 time in 37 ms
Class.ApprovalController.getAssignedApprovers: line 71, column 1: public static String getGateNumber(String): executed 1 time in 1 ms
Class.OpportunityService: line 2, column 1: global Schema.DescribeSObjectResult getDescribe(): executed 2 times in 1 ms
Class.OpportunityService: line 3, column 1: global Schema.DescribeSObjectResult getDescribe(): executed 2 times in 0 ms

11:00:38.45 (45222205)|CUMULATIVE_PROFILING_END
