39.0 APEX_CODE,FINEST;APEX_PROFILING,FINEST;CALLOUT,NONE;DB,FINEST;SYSTEM,FINE;VALIDATION,INFO;VISUALFORCE,INFO;WAVE,INFO;WORKFLOW,FINER
14:35:47.0 (70011)|USER_INFO|[EXTERNAL]|00528000006B07F|dev@systempartners.com.prod.pcphase2|Australian Eastern Standard Time|GMT+11:00
14:35:47.0 (101885)|EXECUTION_STARTED
14:35:47.0 (106034)|CODE_UNIT_STARTED|[EXTERNAL]|aura
14:35:47.0 (607661)|HEAP_ALLOCATE|[72]|Bytes:3
14:35:47.0 (645158)|HEAP_ALLOCATE|[77]|Bytes:152
14:35:47.0 (665861)|HEAP_ALLOCATE|[342]|Bytes:408
14:35:47.0 (713312)|HEAP_ALLOCATE|[355]|Bytes:408
14:35:47.0 (758120)|HEAP_ALLOCATE|[467]|Bytes:48
14:35:47.0 (807819)|HEAP_ALLOCATE|[139]|Bytes:6
14:35:47.0 (847672)|HEAP_ALLOCATE|[EXTERNAL]|Bytes:18
14:35:47.0 (858122)|HEAP_ALLOCATE|[EXTERNAL]|Bytes:18
14:35:47.0 (2598959)|CODE_UNIT_STARTED|[EXTERNAL]|01pO00000003MVy|ApprovalController.getOpportunityRecord
14:35:47.0 (2716436)|HEAP_ALLOCATE|[EXTERNAL]|Bytes:5
14:35:47.0 (2722090)|HEAP_ALLOCATE|[EXTERNAL]|Bytes:8
14:35:47.0 (2730092)|METHOD_ENTRY|[1]|01pO00000003MVy|ApprovalController.ApprovalController()
14:35:47.0 (2733716)|STATEMENT_EXECUTE|[1]
14:35:47.0 (2739345)|STATEMENT_EXECUTE|[1]
14:35:47.0 (2744670)|METHOD_EXIT|[1]|ApprovalController
14:35:47.0 (2748723)|HEAP_ALLOCATE|[EXTERNAL]|Bytes:18
14:35:47.0 (2758096)|SYSTEM_MODE_ENTER|false
14:35:47.0 (2769407)|VARIABLE_SCOPE_BEGIN|[15]|opportunityId|String|false|false
14:35:47.0 (2792133)|VARIABLE_ASSIGNMENT|[15]|opportunityId|"006O0000008kRsJIAU"
14:35:47.0 (2800417)|STATEMENT_EXECUTE|[15]
14:35:47.0 (2802031)|STATEMENT_EXECUTE|[18]
14:35:47.0 (2805176)|HEAP_ALLOCATE|[18]|Bytes:589
14:35:47.0 (2817030)|HEAP_ALLOCATE|[18]|Bytes:4
14:35:47.0 (2828535)|HEAP_ALLOCATE|[18]|Bytes:7
14:35:47.0 (2875515)|HEAP_ALLOCATE|[50]|Bytes:5
14:35:47.0 (2898409)|HEAP_ALLOCATE|[56]|Bytes:5
14:35:47.0 (2906530)|HEAP_ALLOCATE|[64]|Bytes:7
14:35:47.0 (3713224)|SOQL_EXECUTE_BEGIN|[18]|Aggregations:0|SELECT Id, name, Gate_Status__c, TSF_Gate_Status__c, CRA_Gate_Status__c, StageName, Competitor_Analysis_General_Comments__c, Are_there_any_critical_risks__c, Has_CRA_changed_since_last_approval__c, Has_TSF_changed_since_last_approval__c, Apply_Default_Bonding__c, Conversion_Budget_Comments__c, Is_Gate_1_To_3__c, Is_Gate_4_To_5__c, Net_Budget_EOI_PQ__c, Net_Budget_Post_Tender__c, Net_Budget_Tender__c, Net_Budget_Amount__c, Total_Budget_EOI_PQ__c, Total_Budget_Tender__c, Total_Budget_AUD__c, Total_Budget_Post_Tender__c, JH_Bid_Cost_of_JH_Revenue__c FROM Opportunity WHERE Id = :tmpVar1
14:35:47.0 (3725904)|LIMIT_USAGE|[18]|SOQL|1|100
14:35:47.0 (3734831)|LIMIT_USAGE|[18]|AGGS|0|300
14:35:47.0 (52209705)|SOQL_EXECUTE_END|[18]|Rows:1
14:35:47.0 (52225829)|LIMIT_USAGE|[18]|SOQL_ROWS|1|50000
14:35:47.0 (52248012)|HEAP_ALLOCATE|[18]|Bytes:8
14:35:47.0 (52265870)|HEAP_ALLOCATE|[18]|Bytes:847
14:35:47.0 (52401867)|HEAP_ALLOCATE|[18]|Bytes:8
14:35:47.0 (52424491)|VARIABLE_SCOPE_BEGIN|[18]|allOpps|List<Opportunity>|true|false
14:35:47.0 (52491399)|VARIABLE_ASSIGNMENT|[18]|allOpps|[{"Id":"006O0000008kRsJIAU","Name":"Test Alex 15 Mar 124 (3 more) ...","Gate_Status__c":"Reviewing Approvers","TSF_Gate_Status__c":"Not Applicable","CRA_Gate_Status__c":"Not Applicable","StageName":"Gate 1","Are_there_any_critic (11 more) ...":"No","Has_CRA_changed_sinc (18 more) ...":"Yes","Apply_Default_Bondin (4 more) ...":true,"Is_Gate_1_To_3__c":true,"Is_Gate_4_To_5__c":false,"Net_Budget_EOI_PQ__c":0,"Net_Budget_Post_Tend (5 more) ...":0,"Net_Budget_Tender__c":0,"Net_Budget_Amount__c":0,"Total_Budget_EOI_PQ_ (2 more) ...":0,"Total_Budget_Tender_ (2 more) ...":0,"Total_Budget_AUD__c":0,"Total_Budget_Post_Te (7 more) ...":0}]|0x105f24e1
14:35:47.0 (52502326)|STATEMENT_EXECUTE|[38]
14:35:47.0 (52518062)|SYSTEM_MODE_EXIT|false
14:35:47.52 (52551856)|CUMULATIVE_LIMIT_USAGE
14:35:47.52 (52551856)|LIMIT_USAGE_FOR_NS|(default)|
  Number of SOQL queries: 1 out of 100
  Number of query rows: 1 out of 50000
  Number of SOSL queries: 0 out of 20
  Number of DML statements: 0 out of 150
  Number of DML rows: 0 out of 10000
  Maximum CPU time: 0 out of 10000
  Maximum heap size: 0 out of 6000000
  Number of callouts: 0 out of 100
  Number of Email Invocations: 0 out of 10
  Number of future calls: 0 out of 50
  Number of queueable jobs added to the queue: 0 out of 50
  Number of Mobile Apex push calls: 0 out of 10

14:35:47.52 (52551856)|TOTAL_EMAIL_RECIPIENTS_QUEUED|0
14:35:47.52 (52551856)|STATIC_VARIABLE_LIST|
  char[]:DigitTens:0
  long:serialVersionUID:0
  long:serialVersionUID:0
  double:MAX_VALUE:0
  Boolean:FALSE:0
  long:serialVersionUID:0
  double:MIN_VALUE:0
  int:SIZE:0
  double:NEGATIVE_INFINITY:0
  int:MAX_VALUE:0
  String:_sfdcSuppressedCodeLocations:0
  char[]:digits:0
  double:NaN:0
  Boolean:TRUE:0
  int:MIN_VALUE:0
  char[]:DigitOnes:0
  int:BYTES:0
  int:MIN_EXPONENT:0
  int[]:sizeTable:0
  int:MAX_EXPONENT:0
  int:SIZE:0
  double:POSITIVE_INFINITY:0
  String:_sfdcAdditionalCodeLocations:0
  double:MIN_NORMAL:0
  int:BYTES:0

14:35:47.52 (52551856)|CUMULATIVE_LIMIT_USAGE_END

14:35:47.0 (52714481)|CODE_UNIT_FINISHED|ApprovalController.getOpportunityRecord
14:35:47.0 (76782058)|HEAP_ALLOCATE|[EXTERNAL]|Bytes:18
14:35:47.0 (76803121)|HEAP_ALLOCATE|[EXTERNAL]|Bytes:18
14:35:47.0 (78169027)|CODE_UNIT_STARTED|[EXTERNAL]|01pO00000003MVy|ApprovalController.getOpportunityRecord
14:35:47.0 (78213602)|HEAP_ALLOCATE|[EXTERNAL]|Bytes:18
14:35:47.0 (78227384)|SYSTEM_MODE_ENTER|false
14:35:47.0 (78237426)|VARIABLE_SCOPE_BEGIN|[15]|opportunityId|String|false|false
14:35:47.0 (78256433)|VARIABLE_ASSIGNMENT|[15]|opportunityId|"006O0000008kRsJIAU"
14:35:47.0 (78267729)|STATEMENT_EXECUTE|[15]
14:35:47.0 (78270940)|STATEMENT_EXECUTE|[18]
14:35:47.0 (78278227)|HEAP_ALLOCATE|[18]|Bytes:4
14:35:47.0 (79120207)|SOQL_EXECUTE_BEGIN|[18]|Aggregations:0|SELECT Id, name, Gate_Status__c, TSF_Gate_Status__c, CRA_Gate_Status__c, StageName, Competitor_Analysis_General_Comments__c, Are_there_any_critical_risks__c, Has_CRA_changed_since_last_approval__c, Has_TSF_changed_since_last_approval__c, Apply_Default_Bonding__c, Conversion_Budget_Comments__c, Is_Gate_1_To_3__c, Is_Gate_4_To_5__c, Net_Budget_EOI_PQ__c, Net_Budget_Post_Tender__c, Net_Budget_Tender__c, Net_Budget_Amount__c, Total_Budget_EOI_PQ__c, Total_Budget_Tender__c, Total_Budget_AUD__c, Total_Budget_Post_Tender__c, JH_Bid_Cost_of_JH_Revenue__c FROM Opportunity WHERE Id = :tmpVar1
14:35:47.0 (79134443)|LIMIT_USAGE|[18]|SOQL|2|100
14:35:47.0 (79144757)|LIMIT_USAGE|[18]|AGGS|0|300
14:35:47.0 (92088016)|SOQL_EXECUTE_END|[18]|Rows:1
14:35:47.0 (92103508)|LIMIT_USAGE|[18]|SOQL_ROWS|2|50000
14:35:47.0 (92122298)|HEAP_ALLOCATE|[18]|Bytes:8
14:35:47.0 (92140754)|HEAP_ALLOCATE|[18]|Bytes:847
14:35:47.0 (92162032)|HEAP_ALLOCATE|[18]|Bytes:8
14:35:47.0 (92180043)|VARIABLE_SCOPE_BEGIN|[18]|allOpps|List<Opportunity>|true|false
14:35:47.0 (92246882)|VARIABLE_ASSIGNMENT|[18]|allOpps|[{"Id":"006O0000008kRsJIAU","Name":"Test Alex 15 Mar 124 (3 more) ...","Gate_Status__c":"Reviewing Approvers","TSF_Gate_Status__c":"Not Applicable","CRA_Gate_Status__c":"Not Applicable","StageName":"Gate 1","Are_there_any_critic (11 more) ...":"No","Has_CRA_changed_sinc (18 more) ...":"Yes","Apply_Default_Bondin (4 more) ...":true,"Is_Gate_1_To_3__c":true,"Is_Gate_4_To_5__c":false,"Net_Budget_EOI_PQ__c":0,"Net_Budget_Post_Tend (5 more) ...":0,"Net_Budget_Tender__c":0,"Net_Budget_Amount__c":0,"Total_Budget_EOI_PQ_ (2 more) ...":0,"Total_Budget_Tender_ (2 more) ...":0,"Total_Budget_AUD__c":0,"Total_Budget_Post_Te (7 more) ...":0}]|0x41c18f42
14:35:47.0 (92257658)|STATEMENT_EXECUTE|[38]
14:35:47.0 (92271281)|SYSTEM_MODE_EXIT|false
14:35:47.92 (92300195)|CUMULATIVE_LIMIT_USAGE
14:35:47.92 (92300195)|LIMIT_USAGE_FOR_NS|(default)|
  Number of SOQL queries: 2 out of 100
  Number of query rows: 2 out of 50000
  Number of SOSL queries: 0 out of 20
  Number of DML statements: 0 out of 150
  Number of DML rows: 0 out of 10000
  Maximum CPU time: 0 out of 10000
  Maximum heap size: 0 out of 6000000
  Number of callouts: 0 out of 100
  Number of Email Invocations: 0 out of 10
  Number of future calls: 0 out of 50
  Number of queueable jobs added to the queue: 0 out of 50
  Number of Mobile Apex push calls: 0 out of 10

14:35:47.92 (92300195)|TOTAL_EMAIL_RECIPIENTS_QUEUED|0
14:35:47.92 (92300195)|STATIC_VARIABLE_LIST|
  char[]:DigitTens:0
  long:serialVersionUID:0
  long:serialVersionUID:0
  double:MAX_VALUE:0
  Boolean:FALSE:0
  long:serialVersionUID:0
  double:MIN_VALUE:0
  int:SIZE:0
  double:NEGATIVE_INFINITY:0
  int:MAX_VALUE:0
  String:_sfdcSuppressedCodeLocations:0
  char[]:digits:0
  double:NaN:0
  Boolean:TRUE:0
  int:MIN_VALUE:0
  char[]:DigitOnes:0
  int:BYTES:0
  int:MIN_EXPONENT:0
  int[]:sizeTable:0
  int:MAX_EXPONENT:0
  int:SIZE:0
  double:POSITIVE_INFINITY:0
  String:_sfdcAdditionalCodeLocations:0
  double:MIN_NORMAL:0
  int:BYTES:0

14:35:47.92 (92300195)|CUMULATIVE_LIMIT_USAGE_END

14:35:47.0 (92430863)|CODE_UNIT_FINISHED|ApprovalController.getOpportunityRecord
14:35:47.256 (256516059)|CUMULATIVE_PROFILING_BEGIN
14:35:47.256 (256516059)|CUMULATIVE_PROFILING|SOQL operations|
Class.ApprovalController.getOpportunityRecord: line 18, column 1: [SELECT   Id,name,
                                                           			Gate_Status__c,
                                                           			TSF_Gate_Status__c,
                                                           			CRA_Gate_Status__c,
                                                           			StageName,
                                    								Competitor_Analysis_General_Comments__c,
                                    								Are_there_any_critical_risks__c,
                                    								Has_CRA_changed_since_last_approval__c,
                                    								Has_TSF_changed_since_last_approval__c,
                                    								Apply_Default_Bonding__c,
                                    								Conversion_Budget_Comments__c,
                                    								Is_Gate_1_To_3__c, Is_Gate_4_To_5__c,
                                    								Net_Budget_EOI_PQ__c, Net_Budget_Post_Tender__c, 
                                    								Net_Budget_Tender__c, Net_Budget_Amount__c,
                                    								Total_Budget_EOI_PQ__c, Total_Budget_Tender__c, 
                                    								Total_Budget_AUD__c, Total_Budget_Post_Tender__c, 
                                    								JH_Bid_Cost_of_JH_Revenue__c
                                 							FROM     Opportunity
                                 							WHERE    Id = :opportunityId]: executed 2 times in 63 ms

14:35:47.256 (256516059)|CUMULATIVE_PROFILING|No profiling information for SOSL operations
14:35:47.256 (256516059)|CUMULATIVE_PROFILING|No profiling information for DML operations
14:35:47.256 (256516059)|CUMULATIVE_PROFILING|method invocations|
External entry point: public static List<Opportunity> getOpportunityRecord(String): executed 1 time in 14 ms

14:35:47.256 (256516059)|CUMULATIVE_PROFILING_END
