39.0 APEX_CODE,FINEST;APEX_PROFILING,FINEST;CALLOUT,INFO;DB,INFO;SYSTEM,DEBUG;VALIDATION,INFO;VISUALFORCE,INFO;WAVE,INFO;WORKFLOW,INFO
15:06:13.0 (784982)|USER_INFO|[EXTERNAL]|00528000006B07F|dev@systempartners.com.prod.pcphase2|Australian Eastern Standard Time|GMT+11:00
15:06:13.0 (820869)|EXECUTION_STARTED
15:06:13.0 (826046)|CODE_UNIT_STARTED|[EXTERNAL]|VisualForce View State
15:06:13.0 (567420433)|HEAP_ALLOCATE|[72]|Bytes:3
15:06:13.0 (567461991)|HEAP_ALLOCATE|[77]|Bytes:152
15:06:13.0 (567478936)|HEAP_ALLOCATE|[342]|Bytes:408
15:06:13.0 (567502502)|HEAP_ALLOCATE|[355]|Bytes:408
15:06:13.0 (567520370)|HEAP_ALLOCATE|[467]|Bytes:48
15:06:13.0 (567548955)|HEAP_ALLOCATE|[139]|Bytes:6
15:06:13.0 (567576034)|HEAP_ALLOCATE|[50]|Bytes:5
15:06:13.0 (567595460)|HEAP_ALLOCATE|[56]|Bytes:5
15:06:13.0 (567604299)|HEAP_ALLOCATE|[64]|Bytes:7
15:06:13.0 (569468768)|CODE_UNIT_FINISHED|VisualForce View State
15:06:13.0 (572281200)|EXECUTION_FINISHED
15:06:13.574 (574023488)|USER_INFO|[EXTERNAL]|00528000006B07F|dev@systempartners.com.prod.pcphase2|Australian Eastern Standard Time|GMT+11:00
15:06:13.574 (574055255)|SYSTEM_MODE_ENTER|true
15:06:13.574 (574119947)|HEAP_ALLOCATE|[EXTERNAL]|Bytes:38
15:06:13.574 (574128594)|HEAP_ALLOCATE|[EXTERNAL]|Bytes:7
15:06:13.574 (574138520)|SYSTEM_METHOD_ENTRY|[1]|PageMessagesComponentController.PageMessagesComponentController()
15:06:13.574 (574141753)|STATEMENT_EXECUTE|[1]
15:06:14.877 (1877968830)|CUMULATIVE_LIMIT_USAGE
15:06:14.877 (1877968830)|LIMIT_USAGE_FOR_NS|(default)|
  Number of SOQL queries: 0 out of 100
  Number of query rows: 0 out of 50000
  Number of SOSL queries: 0 out of 20
  Number of DML statements: 0 out of 150
  Number of DML rows: 0 out of 10000
  Maximum CPU time: 0 out of 10000
  Maximum heap size: 0 out of 6000000
  Number of callouts: 0 out of 100
  Number of Email Invocations: 0 out of 10
  Number of future calls: 0 out of 50
  Number of queueable jobs added to the queue: 0 out of 50
  Number of Mobile Apex push calls: 0 out of 10

15:06:14.877 (1877968830)|CUMULATIVE_LIMIT_USAGE_END

