39.0 APEX_CODE,FINEST;APEX_PROFILING,FINEST;CALLOUT,INFO;DB,INFO;SYSTEM,DEBUG;VALIDATION,INFO;VISUALFORCE,INFO;WAVE,INFO;WORKFLOW,INFO
15:57:38.0 (455378)|USER_INFO|[EXTERNAL]|00528000006B07F|dev@systempartners.com.prod.pcphase2|Australian Eastern Standard Time|GMT+11:00
15:57:38.0 (479359)|EXECUTION_STARTED
15:57:38.0 (483900)|CODE_UNIT_STARTED|[EXTERNAL]|aura
15:57:38.0 (928158)|HEAP_ALLOCATE|[72]|Bytes:3
15:57:38.0 (972350)|HEAP_ALLOCATE|[77]|Bytes:152
15:57:38.0 (990594)|HEAP_ALLOCATE|[342]|Bytes:408
15:57:38.0 (1014884)|HEAP_ALLOCATE|[355]|Bytes:408
15:57:38.0 (1034469)|HEAP_ALLOCATE|[467]|Bytes:48
15:57:38.0 (1061297)|HEAP_ALLOCATE|[139]|Bytes:6
15:57:38.0 (1085044)|HEAP_ALLOCATE|[EXTERNAL]|Bytes:18
15:57:38.0 (1098055)|HEAP_ALLOCATE|[EXTERNAL]|Bytes:18
15:57:38.0 (2460716)|CODE_UNIT_STARTED|[EXTERNAL]|01pO00000003MVy|ApprovalController.getOpportunityRecord
15:57:38.0 (2542991)|HEAP_ALLOCATE|[EXTERNAL]|Bytes:5
15:57:38.0 (2548497)|HEAP_ALLOCATE|[EXTERNAL]|Bytes:8
15:57:38.0 (2558017)|METHOD_ENTRY|[1]|01pO00000003MVy|ApprovalController.ApprovalController()
15:57:38.0 (2561463)|STATEMENT_EXECUTE|[1]
15:57:38.0 (2567342)|STATEMENT_EXECUTE|[1]
15:57:38.0 (2572366)|METHOD_EXIT|[1]|ApprovalController
15:57:38.0 (2576108)|HEAP_ALLOCATE|[EXTERNAL]|Bytes:18
15:57:38.0 (2586762)|SYSTEM_MODE_ENTER|false
15:57:38.0 (2593861)|VARIABLE_SCOPE_BEGIN|[15]|opportunityId|String|false|false
15:57:38.0 (2612841)|VARIABLE_ASSIGNMENT|[15]|opportunityId|"006O0000008kYYvIAM"
15:57:38.0 (2620530)|STATEMENT_EXECUTE|[15]
15:57:38.0 (2622119)|STATEMENT_EXECUTE|[18]
15:57:38.0 (2625678)|HEAP_ALLOCATE|[18]|Bytes:589
15:57:38.0 (2638313)|HEAP_ALLOCATE|[18]|Bytes:4
15:57:38.0 (2650423)|HEAP_ALLOCATE|[18]|Bytes:7
15:57:38.0 (2699428)|HEAP_ALLOCATE|[50]|Bytes:5
15:57:38.0 (2726864)|HEAP_ALLOCATE|[56]|Bytes:5
15:57:38.0 (2735692)|HEAP_ALLOCATE|[64]|Bytes:7
15:57:38.0 (3575313)|SOQL_EXECUTE_BEGIN|[18]|Aggregations:0|SELECT Id, name, Gate_Status__c, TSF_Gate_Status__c, CRA_Gate_Status__c, StageName, Competitor_Analysis_General_Comments__c, Are_there_any_critical_risks__c, Has_CRA_changed_since_last_approval__c, Has_TSF_changed_since_last_approval__c, Apply_Default_Bonding__c, Conversion_Budget_Comments__c, Is_Gate_1_To_3__c, Is_Gate_4_To_5__c, Net_Budget_EOI_PQ__c, Net_Budget_Post_Tender__c, Net_Budget_Tender__c, Net_Budget_Amount__c, Total_Budget_EOI_PQ__c, Total_Budget_Tender__c, Total_Budget_AUD__c, Total_Budget_Post_Tender__c, JH_Bid_Cost_of_JH_Revenue__c FROM Opportunity WHERE Id = :tmpVar1
15:57:38.0 (3589066)|LIMIT_USAGE|[18]|SOQL|1|100
15:57:38.0 (3598736)|LIMIT_USAGE|[18]|AGGS|0|300
15:57:38.0 (30509716)|SOQL_EXECUTE_END|[18]|Rows:1
15:57:38.0 (30524355)|LIMIT_USAGE|[18]|SOQL_ROWS|1|50000
15:57:38.0 (30544399)|HEAP_ALLOCATE|[18]|Bytes:8
15:57:38.0 (30558733)|HEAP_ALLOCATE|[18]|Bytes:906
15:57:38.0 (30691658)|HEAP_ALLOCATE|[18]|Bytes:8
15:57:38.0 (30714789)|VARIABLE_SCOPE_BEGIN|[18]|allOpps|List<Opportunity>|true|false
15:57:38.0 (30765760)|VARIABLE_ASSIGNMENT|[18]|allOpps|[{"Id":"006O0000008kYYvIAM","Name":"Lismore Base Hospita (73 more) ...","Gate_Status__c":"Submitted For Approv (2 more) ...","TSF_Gate_Status__c":"Not Applicable","CRA_Gate_Status__c":"Not Applicable","StageName":"Gate 2","Apply_Default_Bondin (4 more) ...":true,"Is_Gate_1_To_3__c":true,"Is_Gate_4_To_5__c":false,"Net_Budget_EOI_PQ__c":0,"Net_Budget_Post_Tend (5 more) ...":0,"Net_Budget_Tender__c":0,"Net_Budget_Amount__c":0,"Total_Budget_EOI_PQ_ (2 more) ...":0,"Total_Budget_Tender_ (2 more) ...":0,"Total_Budget_AUD__c":0,"Total_Budget_Post_Te (7 more) ...":0,"JH_Bid_Cost_of_JH_Re (8 more) ...":0.0}]|0x66a05233
15:57:38.0 (30775269)|STATEMENT_EXECUTE|[38]
15:57:38.0 (30789046)|SYSTEM_MODE_EXIT|false
15:57:38.30 (30813542)|CUMULATIVE_LIMIT_USAGE
15:57:38.30 (30813542)|LIMIT_USAGE_FOR_NS|(default)|
  Number of SOQL queries: 1 out of 100
  Number of query rows: 1 out of 50000
  Number of SOSL queries: 0 out of 20
  Number of DML statements: 0 out of 150
  Number of DML rows: 0 out of 10000
  Maximum CPU time: 0 out of 10000
  Maximum heap size: 0 out of 6000000
  Number of callouts: 0 out of 100
  Number of Email Invocations: 0 out of 10
  Number of future calls: 0 out of 50
  Number of queueable jobs added to the queue: 0 out of 50
  Number of Mobile Apex push calls: 0 out of 10

15:57:38.30 (30813542)|TOTAL_EMAIL_RECIPIENTS_QUEUED|0
15:57:38.30 (30813542)|STATIC_VARIABLE_LIST|
  char[]:DigitTens:0
  long:serialVersionUID:0
  long:serialVersionUID:0
  double:MAX_VALUE:0
  Boolean:FALSE:0
  long:serialVersionUID:0
  double:MIN_VALUE:0
  int:SIZE:0
  double:NEGATIVE_INFINITY:0
  int:MAX_VALUE:0
  String:_sfdcSuppressedCodeLocations:0
  char[]:digits:0
  double:NaN:0
  Boolean:TRUE:0
  int:MIN_VALUE:0
  char[]:DigitOnes:0
  int:BYTES:0
  int:MIN_EXPONENT:0
  int[]:sizeTable:0
  int:MAX_EXPONENT:0
  int:SIZE:0
  double:POSITIVE_INFINITY:0
  String:_sfdcAdditionalCodeLocations:0
  double:MIN_NORMAL:0
  int:BYTES:0

15:57:38.30 (30813542)|CUMULATIVE_LIMIT_USAGE_END

15:57:38.0 (30924789)|CODE_UNIT_FINISHED|ApprovalController.getOpportunityRecord
15:57:38.124 (124314263)|CUMULATIVE_PROFILING_BEGIN
15:57:38.124 (124314263)|CUMULATIVE_PROFILING|SOQL operations|
Class.ApprovalController.getOpportunityRecord: line 18, column 1: [SELECT   Id,name,
                                                           			Gate_Status__c,
                                                           			TSF_Gate_Status__c,
                                                           			CRA_Gate_Status__c,
                                                           			StageName,
                                    								Competitor_Analysis_General_Comments__c,
                                    								Are_there_any_critical_risks__c,
                                    								Has_CRA_changed_since_last_approval__c,
                                    								Has_TSF_changed_since_last_approval__c,
                                    								Apply_Default_Bonding__c,
                                    								Conversion_Budget_Comments__c,
                                    								Is_Gate_1_To_3__c, Is_Gate_4_To_5__c,
                                    								Net_Budget_EOI_PQ__c, Net_Budget_Post_Tender__c, 
                                    								Net_Budget_Tender__c, Net_Budget_Amount__c,
                                    								Total_Budget_EOI_PQ__c, Total_Budget_Tender__c, 
                                    								Total_Budget_AUD__c, Total_Budget_Post_Tender__c, 
                                    								JH_Bid_Cost_of_JH_Revenue__c
                                 							FROM     Opportunity
                                 							WHERE    Id = :opportunityId]: executed 1 time in 28 ms

15:57:38.124 (124314263)|CUMULATIVE_PROFILING|No profiling information for SOSL operations
15:57:38.124 (124314263)|CUMULATIVE_PROFILING|No profiling information for DML operations
15:57:38.124 (124314263)|CUMULATIVE_PROFILING|method invocations|
External entry point: public static List<Opportunity> getOpportunityRecord(String): executed 1 time in 29 ms

15:57:38.124 (124314263)|CUMULATIVE_PROFILING_END
