39.0 APEX_CODE,FINEST;APEX_PROFILING,FINEST;CALLOUT,NONE;DB,FINEST;SYSTEM,FINE;VALIDATION,INFO;VISUALFORCE,INFO;WAVE,INFO;WORKFLOW,FINER
11:40:32.0 (72827)|USER_INFO|[EXTERNAL]|005O0000003t7an|ricky.lowe@jhg.com.au.pcphase2|Australian Eastern Standard Time|GMT+10:00
11:40:32.0 (106347)|EXECUTION_STARTED
11:40:32.0 (112572)|CODE_UNIT_STARTED|[EXTERNAL]|aura
11:40:32.0 (436132)|HEAP_ALLOCATE|[72]|Bytes:3
11:40:32.0 (502167)|HEAP_ALLOCATE|[77]|Bytes:152
11:40:32.0 (531336)|HEAP_ALLOCATE|[342]|Bytes:408
11:40:32.0 (551578)|HEAP_ALLOCATE|[355]|Bytes:408
11:40:32.0 (569934)|HEAP_ALLOCATE|[467]|Bytes:48
11:40:32.0 (601050)|HEAP_ALLOCATE|[139]|Bytes:6
11:40:32.0 (625526)|HEAP_ALLOCATE|[EXTERNAL]|Bytes:18
11:40:32.0 (634944)|HEAP_ALLOCATE|[EXTERNAL]|Bytes:18
11:40:32.0 (2578658)|CODE_UNIT_STARTED|[EXTERNAL]|01pO00000003Dck|PRAController.getAllPRARecords
11:40:32.0 (2736738)|HEAP_ALLOCATE|[EXTERNAL]|Bytes:11
11:40:32.0 (2742702)|HEAP_ALLOCATE|[EXTERNAL]|Bytes:11
11:40:32.0 (2751516)|METHOD_ENTRY|[1]|01pO00000003Dck|PRAController.PRAController()
11:40:32.0 (2755678)|STATEMENT_EXECUTE|[1]
11:40:32.0 (2761697)|STATEMENT_EXECUTE|[1]
11:40:32.0 (2767448)|METHOD_EXIT|[1]|PRAController
11:40:32.0 (2771224)|HEAP_ALLOCATE|[EXTERNAL]|Bytes:18
11:40:32.0 (2780490)|SYSTEM_MODE_ENTER|false
11:40:32.0 (2790328)|VARIABLE_SCOPE_BEGIN|[15]|opportunityId|String|false|false
11:40:32.0 (2810919)|VARIABLE_ASSIGNMENT|[15]|opportunityId|"006O0000008lbG0IAI"
11:40:32.0 (2820902)|STATEMENT_EXECUTE|[15]
11:40:32.0 (2822461)|STATEMENT_EXECUTE|[18]
11:40:32.0 (2825619)|HEAP_ALLOCATE|[18]|Bytes:508
11:40:32.0 (2838892)|HEAP_ALLOCATE|[18]|Bytes:4
11:40:32.0 (2853555)|HEAP_ALLOCATE|[18]|Bytes:7
11:40:32.0 (2910721)|HEAP_ALLOCATE|[50]|Bytes:5
11:40:32.0 (2936349)|HEAP_ALLOCATE|[56]|Bytes:5
11:40:32.0 (2944202)|HEAP_ALLOCATE|[64]|Bytes:7
11:40:32.0 (3730143)|SOQL_EXECUTE_BEGIN|[18]|Aggregations:0|SELECT Id, name, Category__c, Is_Critical_Risk__c, ItemNo__c, Mitigation_Strategy__c, Rating__c, Risk_Item__c, description__c, Help_Text_0A__c, Help_Text_0B__c, Help_Text_0C__c, Help_Text_1A__c, Help_Text_1B__c, Help_Text_1C__c, Help_Text_2A__c, Help_Text_2B__c, Help_Text_2C__c, Help_Text_3A__c, Help_Text_3B__c, Help_Text_3C__c, Mitigation_Advice__c, Selected_Indicators__c, Selected_Indicators_With_Text__c FROM Project_Risk_Assessment__c WHERE Opportunity__c = :tmpVar1 ORDER BY ItemNo__c ASC NULLS FIRST
11:40:32.0 (3744626)|LIMIT_USAGE|[18]|SOQL|1|100
11:40:32.0 (3754637)|LIMIT_USAGE|[18]|AGGS|0|300
11:40:32.0 (27212533)|SOQL_EXECUTE_END|[18]|Rows:25
11:40:32.0 (27230947)|LIMIT_USAGE|[18]|SOQL_ROWS|25|50000
11:40:32.0 (27259886)|HEAP_ALLOCATE|[18]|Bytes:104
11:40:32.0 (27322780)|HEAP_ALLOCATE|[18]|Bytes:8886
11:40:32.0 (27390965)|HEAP_ALLOCATE|[18]|Bytes:104
11:40:32.0 (27416457)|VARIABLE_SCOPE_BEGIN|[18]|allPRAs|List<Project_Risk_Assessment__c>|true|false
11:40:32.0 (27443589)|VARIABLE_ASSIGNMENT|[18]|allPRAs|"List of size 25 too large to display"|0x65601a44
11:40:32.0 (27450149)|STATEMENT_EXECUTE|[26]
11:40:32.0 (27464981)|SYSTEM_MODE_EXIT|false
11:40:32.27 (27492415)|CUMULATIVE_LIMIT_USAGE
11:40:32.27 (27492415)|LIMIT_USAGE_FOR_NS|(default)|
  Number of SOQL queries: 1 out of 100
  Number of query rows: 25 out of 50000
  Number of SOSL queries: 0 out of 20
  Number of DML statements: 0 out of 150
  Number of DML rows: 0 out of 10000
  Maximum CPU time: 0 out of 10000
  Maximum heap size: 0 out of 6000000
  Number of callouts: 0 out of 100
  Number of Email Invocations: 0 out of 10
  Number of future calls: 0 out of 50
  Number of queueable jobs added to the queue: 0 out of 50
  Number of Mobile Apex push calls: 0 out of 10

11:40:32.27 (27492415)|TOTAL_EMAIL_RECIPIENTS_QUEUED|0
11:40:32.27 (27492415)|STATIC_VARIABLE_LIST|
  char[]:DigitTens:0
  long:serialVersionUID:0
  long:serialVersionUID:0
  double:MAX_VALUE:0
  Boolean:FALSE:0
  long:serialVersionUID:0
  double:MIN_VALUE:0
  int:SIZE:0
  double:NEGATIVE_INFINITY:0
  int:MAX_VALUE:0
  char[]:digits:0
  double:NaN:0
  Boolean:TRUE:0
  int:MIN_VALUE:0
  String:_sfdcSuppressedCodeLocations:0
  char[]:DigitOnes:0
  int:BYTES:0
  int:MIN_EXPONENT:0
  int[]:sizeTable:0
  int:MAX_EXPONENT:0
  String:_sfdcAdditionalCodeLocations:0
  int:SIZE:0
  double:POSITIVE_INFINITY:0
  double:MIN_NORMAL:0
  int:BYTES:0

11:40:32.27 (27492415)|CUMULATIVE_LIMIT_USAGE_END

11:40:32.0 (27660814)|CODE_UNIT_FINISHED|PRAController.getAllPRARecords
11:40:32.0 (106801878)|HEAP_ALLOCATE|[EXTERNAL]|Bytes:18
11:40:32.0 (106824764)|HEAP_ALLOCATE|[EXTERNAL]|Bytes:18
11:40:32.0 (108512480)|CODE_UNIT_STARTED|[EXTERNAL]|01pO0000000372v|KCRAController.getAllKCRARecords
11:40:32.0 (108624671)|HEAP_ALLOCATE|[EXTERNAL]|Bytes:5
11:40:32.0 (108633066)|HEAP_ALLOCATE|[EXTERNAL]|Bytes:14
11:40:32.0 (108647977)|METHOD_ENTRY|[11]|01pO0000000372v|KCRAController.KCRAController()
11:40:32.0 (108652010)|STATEMENT_EXECUTE|[11]
11:40:32.0 (108660052)|STATEMENT_EXECUTE|[11]
11:40:32.0 (108668387)|METHOD_EXIT|[11]|KCRAController
11:40:32.0 (108672753)|HEAP_ALLOCATE|[EXTERNAL]|Bytes:18
11:40:32.0 (108681178)|SYSTEM_MODE_ENTER|false
11:40:32.0 (108690971)|VARIABLE_SCOPE_BEGIN|[14]|opportunityId|String|false|false
11:40:32.0 (108705529)|VARIABLE_ASSIGNMENT|[14]|opportunityId|"006O0000008lbG0IAI"
11:40:32.0 (108715197)|STATEMENT_EXECUTE|[14]
11:40:32.0 (108716351)|STATEMENT_EXECUTE|[17]
11:40:32.0 (108720573)|HEAP_ALLOCATE|[17]|Bytes:204
11:40:32.0 (108735186)|HEAP_ALLOCATE|[17]|Bytes:4
11:40:32.0 (109276382)|SOQL_EXECUTE_BEGIN|[17]|Aggregations:0|SELECT Id, name, recordtypeId, applicable__c, approved__c, itemno__c, KCRA_Item__c, Opportunity__c FROM Key_Commercial_Risks_Approvals__c WHERE Opportunity__c = :tmpVar1 ORDER BY itemno__c ASC NULLS FIRST
11:40:32.0 (109288048)|LIMIT_USAGE|[17]|SOQL|2|100
11:40:32.0 (109302478)|LIMIT_USAGE|[17]|AGGS|0|300
11:40:32.0 (114905532)|SOQL_EXECUTE_END|[17]|Rows:25
11:40:32.0 (114913213)|LIMIT_USAGE|[17]|SOQL_ROWS|50|50000
11:40:32.0 (114927982)|HEAP_ALLOCATE|[17]|Bytes:104
11:40:32.0 (115012190)|HEAP_ALLOCATE|[17]|Bytes:7121
11:40:32.0 (115053985)|HEAP_ALLOCATE|[17]|Bytes:104
11:40:32.0 (115066434)|VARIABLE_SCOPE_BEGIN|[17]|allKCRAs|List<Key_Commercial_Risks_Approvals__c>|true|false
11:40:32.0 (115085428)|VARIABLE_ASSIGNMENT|[17]|allKCRAs|"List of size 25 too large to display"|0xcfac509
11:40:32.0 (115089601)|STATEMENT_EXECUTE|[27]
11:40:32.0 (115099944)|SYSTEM_MODE_EXIT|false
11:40:32.115 (115121239)|CUMULATIVE_LIMIT_USAGE
11:40:32.115 (115121239)|LIMIT_USAGE_FOR_NS|(default)|
  Number of SOQL queries: 2 out of 100
  Number of query rows: 50 out of 50000
  Number of SOSL queries: 0 out of 20
  Number of DML statements: 0 out of 150
  Number of DML rows: 0 out of 10000
  Maximum CPU time: 0 out of 10000
  Maximum heap size: 0 out of 6000000
  Number of callouts: 0 out of 100
  Number of Email Invocations: 0 out of 10
  Number of future calls: 0 out of 50
  Number of queueable jobs added to the queue: 0 out of 50
  Number of Mobile Apex push calls: 0 out of 10

11:40:32.115 (115121239)|TOTAL_EMAIL_RECIPIENTS_QUEUED|0
11:40:32.115 (115121239)|STATIC_VARIABLE_LIST|
  char[]:DigitTens:0
  long:serialVersionUID:0
  long:serialVersionUID:0
  double:MAX_VALUE:0
  Boolean:FALSE:0
  long:serialVersionUID:0
  String:_sfdcAdditionalCodeLocations:0
  double:MIN_VALUE:0
  int:SIZE:0
  double:NEGATIVE_INFINITY:0
  int:MAX_VALUE:0
  char[]:digits:0
  double:NaN:0
  Boolean:TRUE:0
  int:MIN_VALUE:0
  String:_sfdcSuppressedCodeLocations:0
  char[]:DigitOnes:0
  int:BYTES:0
  int:MIN_EXPONENT:0
  int[]:sizeTable:0
  int:MAX_EXPONENT:0
  String:_sfdcSuppressedCodeLocations:0
  String:_sfdcAdditionalCodeLocations:0
  int:SIZE:0
  double:POSITIVE_INFINITY:0
  double:MIN_NORMAL:0
  int:BYTES:0

11:40:32.115 (115121239)|CUMULATIVE_LIMIT_USAGE_END

11:40:32.0 (115238244)|CODE_UNIT_FINISHED|KCRAController.getAllKCRARecords
11:40:32.156 (156011542)|CUMULATIVE_PROFILING_BEGIN
11:40:32.156 (156011542)|CUMULATIVE_PROFILING|SOQL operations|
Class.PRAController.getAllPRARecords: line 18, column 1: [SELECT Id,name,Category__c,Is_Critical_Risk__c,ItemNo__c,Mitigation_Strategy__c,Rating__c,Risk_Item__c,
                                                             		description__c,Help_Text_0A__c,Help_Text_0B__c,Help_Text_0C__c,Help_Text_1A__c,Help_Text_1B__c, 
                                                             		Help_Text_1C__c,Help_Text_2A__c,Help_Text_2B__c,Help_Text_2C__c,Help_Text_3A__c,Help_Text_3B__c,
                                                             		Help_Text_3C__c,Mitigation_Advice__c,Selected_Indicators__c,Selected_Indicators_With_Text__c
												   FROM Project_Risk_Assessment__c
                                                   WHERE Opportunity__c = :opportunityId
                                                   ORDER BY ItemNo__c]: executed 1 time in 24 ms
Class.KCRAController.getAllKCRARecords: line 17, column 1: [SELECT   Id,name,
                                                           			recordtypeId,
                                                           			applicable__c,
                                                           			approved__c,
                                                           			itemno__c,
                                                           			KCRA_Item__c,Opportunity__c 
                                 							FROM     Key_Commercial_Risks_Approvals__c 
                                 							WHERE    Opportunity__c = :opportunityId
                                                           	ORDER BY itemno__c]: executed 1 time in 7 ms

11:40:32.156 (156011542)|CUMULATIVE_PROFILING|No profiling information for SOSL operations
11:40:32.156 (156011542)|CUMULATIVE_PROFILING|No profiling information for DML operations
11:40:32.156 (156011542)|CUMULATIVE_PROFILING|method invocations|
External entry point: public static List<Project_Risk_Assessment__c> getAllPRARecords(String): executed 1 time in 25 ms
External entry point: public static List<Key_Commercial_Risks_Approvals__c> getAllKCRARecords(String): executed 1 time in 7 ms

11:40:32.156 (156011542)|CUMULATIVE_PROFILING_END
