39.0 APEX_CODE,FINEST;APEX_PROFILING,FINEST;CALLOUT,NONE;DB,FINEST;SYSTEM,FINE;VALIDATION,INFO;VISUALFORCE,INFO;WAVE,INFO;WORKFLOW,FINER
13:52:56.0 (509747)|USER_INFO|[EXTERNAL]|00528000006B07F|dev@systempartners.com.prod.pcphase2|Australian Eastern Standard Time|GMT+10:00
13:52:56.0 (536754)|EXECUTION_STARTED
13:52:56.0 (541984)|CODE_UNIT_STARTED|[EXTERNAL]|aura
13:52:56.0 (853937)|HEAP_ALLOCATE|[72]|Bytes:3
13:52:56.0 (903958)|HEAP_ALLOCATE|[77]|Bytes:152
13:52:56.0 (920631)|HEAP_ALLOCATE|[342]|Bytes:408
13:52:56.0 (939521)|HEAP_ALLOCATE|[355]|Bytes:408
13:52:56.0 (958266)|HEAP_ALLOCATE|[467]|Bytes:48
13:52:56.0 (987638)|HEAP_ALLOCATE|[139]|Bytes:6
13:52:56.0 (1011606)|HEAP_ALLOCATE|[EXTERNAL]|Bytes:18
13:52:56.0 (1026730)|HEAP_ALLOCATE|[EXTERNAL]|Bytes:18
13:52:56.0 (2201544)|CODE_UNIT_STARTED|[EXTERNAL]|01pO00000003MVy|ApprovalController.getOpportunityRecord
13:52:56.0 (2414092)|HEAP_ALLOCATE|[EXTERNAL]|Bytes:11
13:52:56.0 (2422713)|HEAP_ALLOCATE|[EXTERNAL]|Bytes:27
13:52:56.0 (2433239)|METHOD_ENTRY|[1]|01pO00000003MVy|ApprovalController.ApprovalController()
13:52:56.0 (2438160)|STATEMENT_EXECUTE|[1]
13:52:56.0 (2445672)|STATEMENT_EXECUTE|[1]
13:52:56.0 (2452219)|METHOD_EXIT|[1]|ApprovalController
13:52:56.0 (2459119)|HEAP_ALLOCATE|[EXTERNAL]|Bytes:18
13:52:56.0 (2477254)|SYSTEM_MODE_ENTER|false
13:52:56.0 (2491700)|VARIABLE_SCOPE_BEGIN|[15]|opportunityId|String|false|false
13:52:56.0 (2525116)|VARIABLE_ASSIGNMENT|[15]|opportunityId|"006O0000009HEr7IAG"
13:52:56.0 (2539585)|STATEMENT_EXECUTE|[15]
13:52:56.0 (2541914)|STATEMENT_EXECUTE|[18]
13:52:56.0 (2547583)|HEAP_ALLOCATE|[18]|Bytes:589
13:52:56.0 (2563804)|HEAP_ALLOCATE|[18]|Bytes:4
13:52:56.0 (2624453)|HEAP_ALLOCATE|[18]|Bytes:7
13:52:56.0 (2693409)|HEAP_ALLOCATE|[50]|Bytes:5
13:52:56.0 (2728298)|HEAP_ALLOCATE|[56]|Bytes:5
13:52:56.0 (2745159)|HEAP_ALLOCATE|[64]|Bytes:7
13:52:56.0 (3884281)|SOQL_EXECUTE_BEGIN|[18]|Aggregations:0|SELECT Id, name, Gate_Status__c, TSF_Gate_Status__c, CRA_Gate_Status__c, StageName, Competitor_Analysis_General_Comments__c, Are_there_any_critical_risks__c, Has_CRA_changed_since_last_approval__c, Has_TSF_changed_since_last_approval__c, Apply_Default_Bonding__c, Conversion_Budget_Comments__c, Is_Gate_1_To_3__c, Is_Gate_4_To_5__c, Net_Budget_EOI_PQ__c, Net_Budget_Post_Tender__c, Net_Budget_Tender__c, Net_Budget_Amount__c, Total_Budget_EOI_PQ__c, Total_Budget_Tender__c, Total_Budget_AUD__c, Total_Budget_Post_Tender__c, JH_Bid_Cost_of_JH_Revenue__c FROM Opportunity WHERE Id = :tmpVar1
13:52:56.0 (3903020)|LIMIT_USAGE|[18]|SOQL|1|100
13:52:56.0 (3913759)|LIMIT_USAGE|[18]|AGGS|0|300
13:52:56.0 (30916429)|SOQL_EXECUTE_END|[18]|Rows:1
13:52:56.0 (30930787)|LIMIT_USAGE|[18]|SOQL_ROWS|1|50000
13:52:56.0 (30954728)|HEAP_ALLOCATE|[18]|Bytes:8
13:52:56.0 (30973252)|HEAP_ALLOCATE|[18]|Bytes:836
13:52:56.0 (31020264)|HEAP_ALLOCATE|[18]|Bytes:8
13:52:56.0 (31044003)|VARIABLE_SCOPE_BEGIN|[18]|allOpps|List<Opportunity>|true|false
13:52:56.0 (31095355)|VARIABLE_ASSIGNMENT|[18]|allOpps|[{"Id":"006O0000009HEr7IAG","Name":"Lismore Base Hospita (14 more) ...","Gate_Status__c":"Not Started","TSF_Gate_Status__c":"Not Applicable","CRA_Gate_Status__c":"Not Applicable","StageName":"Gate 3","Apply_Default_Bondin (4 more) ...":true,"Is_Gate_1_To_3__c":true,"Is_Gate_4_To_5__c":false,"Net_Budget_EOI_PQ__c":5500,"Net_Budget_Post_Tend (5 more) ...":5500,"Net_Budget_Tender__c":5500,"Net_Budget_Amount__c":16500,"Total_Budget_EOI_PQ_ (2 more) ...":6000,"Total_Budget_Tender_ (2 more) ...":6000,"Total_Budget_AUD__c":18000,"Total_Budget_Post_Te (7 more) ...":6000,"JH_Bid_Cost_of_JH_Re (8 more) ...":0.2}]|0x4544faea
13:52:56.0 (31105790)|STATEMENT_EXECUTE|[38]
13:52:56.0 (31124958)|SYSTEM_MODE_EXIT|false
13:52:56.31 (31156857)|CUMULATIVE_LIMIT_USAGE
13:52:56.31 (31156857)|LIMIT_USAGE_FOR_NS|(default)|
  Number of SOQL queries: 1 out of 100
  Number of query rows: 1 out of 50000
  Number of SOSL queries: 0 out of 20
  Number of DML statements: 0 out of 150
  Number of DML rows: 0 out of 10000
  Maximum CPU time: 0 out of 10000
  Maximum heap size: 0 out of 6000000
  Number of callouts: 0 out of 100
  Number of Email Invocations: 0 out of 10
  Number of future calls: 0 out of 50
  Number of queueable jobs added to the queue: 0 out of 50
  Number of Mobile Apex push calls: 0 out of 10

13:52:56.31 (31156857)|TOTAL_EMAIL_RECIPIENTS_QUEUED|0
13:52:56.31 (31156857)|STATIC_VARIABLE_LIST|
  char[]:DigitTens:0
  long:serialVersionUID:0
  long:serialVersionUID:0
  double:MAX_VALUE:0
  Boolean:FALSE:0
  long:serialVersionUID:0
  double:MIN_VALUE:0
  int:SIZE:0
  double:NEGATIVE_INFINITY:0
  int:MAX_VALUE:0
  String:_sfdcSuppressedCodeLocations:0
  char[]:digits:0
  double:NaN:0
  Boolean:TRUE:0
  int:MIN_VALUE:0
  char[]:DigitOnes:0
  int:BYTES:0
  int:MIN_EXPONENT:0
  int[]:sizeTable:0
  int:MAX_EXPONENT:0
  int:SIZE:0
  double:POSITIVE_INFINITY:0
  String:_sfdcAdditionalCodeLocations:0
  double:MIN_NORMAL:0
  int:BYTES:0

13:52:56.31 (31156857)|CUMULATIVE_LIMIT_USAGE_END

13:52:56.0 (31286565)|CODE_UNIT_FINISHED|ApprovalController.getOpportunityRecord
13:52:56.111 (111526808)|CUMULATIVE_PROFILING_BEGIN
13:52:56.111 (111526808)|CUMULATIVE_PROFILING|SOQL operations|
Class.ApprovalController.getOpportunityRecord: line 18, column 1: [SELECT   Id,name,
                                                           			Gate_Status__c,
                                                           			TSF_Gate_Status__c,
                                                           			CRA_Gate_Status__c,
                                                           			StageName,
                                    								Competitor_Analysis_General_Comments__c,
                                    								Are_there_any_critical_risks__c,
                                    								Has_CRA_changed_since_last_approval__c,
                                    								Has_TSF_changed_since_last_approval__c,
                                    								Apply_Default_Bonding__c,
                                    								Conversion_Budget_Comments__c,
                                    								Is_Gate_1_To_3__c, Is_Gate_4_To_5__c,
                                    								Net_Budget_EOI_PQ__c, Net_Budget_Post_Tender__c, 
                                    								Net_Budget_Tender__c, Net_Budget_Amount__c,
                                    								Total_Budget_EOI_PQ__c, Total_Budget_Tender__c, 
                                    								Total_Budget_AUD__c, Total_Budget_Post_Tender__c, 
                                    								JH_Bid_Cost_of_JH_Revenue__c
                                 							FROM     Opportunity
                                 							WHERE    Id = :opportunityId]: executed 1 time in 28 ms

13:52:56.111 (111526808)|CUMULATIVE_PROFILING|No profiling information for SOSL operations
13:52:56.111 (111526808)|CUMULATIVE_PROFILING|No profiling information for DML operations
13:52:56.111 (111526808)|CUMULATIVE_PROFILING|method invocations|
External entry point: public static List<Opportunity> getOpportunityRecord(String): executed 1 time in 29 ms

13:52:56.111 (111526808)|CUMULATIVE_PROFILING_END
