39.0 APEX_CODE,FINEST;APEX_PROFILING,FINEST;CALLOUT,NONE;DB,FINEST;SYSTEM,FINE;VALIDATION,INFO;VISUALFORCE,INFO;WAVE,INFO;WORKFLOW,FINER
11:26:35.0 (638498)|USER_INFO|[EXTERNAL]|005O0000003t7an|ricky.lowe@jhg.com.au.pcphase2|Australian Eastern Standard Time|GMT+10:00
11:26:35.0 (675247)|EXECUTION_STARTED
11:26:35.0 (681293)|CODE_UNIT_STARTED|[EXTERNAL]|aura
11:26:35.0 (1013053)|HEAP_ALLOCATE|[72]|Bytes:3
11:26:35.0 (1070340)|HEAP_ALLOCATE|[77]|Bytes:152
11:26:35.0 (1088888)|HEAP_ALLOCATE|[342]|Bytes:408
11:26:35.0 (1108183)|HEAP_ALLOCATE|[355]|Bytes:408
11:26:35.0 (1126225)|HEAP_ALLOCATE|[467]|Bytes:48
11:26:35.0 (1157019)|HEAP_ALLOCATE|[139]|Bytes:6
11:26:35.0 (1183767)|HEAP_ALLOCATE|[EXTERNAL]|Bytes:18
11:26:35.0 (1200237)|HEAP_ALLOCATE|[EXTERNAL]|Bytes:18
11:26:35.0 (2995788)|CODE_UNIT_STARTED|[EXTERNAL]|01pO00000003MVy|ApprovalController.getOpportunityRecord
11:26:35.0 (3103669)|HEAP_ALLOCATE|[EXTERNAL]|Bytes:8
11:26:35.0 (3110048)|HEAP_ALLOCATE|[EXTERNAL]|Bytes:8
11:26:35.0 (3119316)|METHOD_ENTRY|[1]|01pO00000003MVy|ApprovalController.ApprovalController()
11:26:35.0 (3123436)|STATEMENT_EXECUTE|[1]
11:26:35.0 (3129600)|STATEMENT_EXECUTE|[1]
11:26:35.0 (3135181)|METHOD_EXIT|[1]|ApprovalController
11:26:35.0 (3139179)|HEAP_ALLOCATE|[EXTERNAL]|Bytes:18
11:26:35.0 (3152375)|SYSTEM_MODE_ENTER|false
11:26:35.0 (3160774)|VARIABLE_SCOPE_BEGIN|[15]|opportunityId|String|false|false
11:26:35.0 (3183360)|VARIABLE_ASSIGNMENT|[15]|opportunityId|"006O0000008lbDfIAI"
11:26:35.0 (3193142)|STATEMENT_EXECUTE|[15]
11:26:35.0 (3194545)|STATEMENT_EXECUTE|[18]
11:26:35.0 (3197288)|HEAP_ALLOCATE|[18]|Bytes:589
11:26:35.0 (3211035)|HEAP_ALLOCATE|[18]|Bytes:4
11:26:35.0 (3226439)|HEAP_ALLOCATE|[18]|Bytes:7
11:26:35.0 (3290578)|HEAP_ALLOCATE|[50]|Bytes:5
11:26:35.0 (3326450)|HEAP_ALLOCATE|[56]|Bytes:5
11:26:35.0 (3341292)|HEAP_ALLOCATE|[64]|Bytes:7
11:26:35.0 (4534622)|SOQL_EXECUTE_BEGIN|[18]|Aggregations:0|SELECT Id, name, Gate_Status__c, TSF_Gate_Status__c, CRA_Gate_Status__c, StageName, Competitor_Analysis_General_Comments__c, Are_there_any_critical_risks__c, Has_CRA_changed_since_last_approval__c, Has_TSF_changed_since_last_approval__c, Apply_Default_Bonding__c, Conversion_Budget_Comments__c, Is_Gate_1_To_3__c, Is_Gate_4_To_5__c, Net_Budget_EOI_PQ__c, Net_Budget_Post_Tender__c, Net_Budget_Tender__c, Net_Budget_Amount__c, Total_Budget_EOI_PQ__c, Total_Budget_Tender__c, Total_Budget_AUD__c, Total_Budget_Post_Tender__c, JH_Bid_Cost_of_JH_Revenue__c FROM Opportunity WHERE Id = :tmpVar1
11:26:35.0 (4549996)|LIMIT_USAGE|[18]|SOQL|1|100
11:26:35.0 (4561130)|LIMIT_USAGE|[18]|AGGS|0|300
11:26:35.0 (35791812)|SOQL_EXECUTE_END|[18]|Rows:1
11:26:35.0 (35810884)|LIMIT_USAGE|[18]|SOQL_ROWS|1|50000
11:26:35.0 (35837422)|HEAP_ALLOCATE|[18]|Bytes:8
11:26:35.0 (35853890)|HEAP_ALLOCATE|[18]|Bytes:765
11:26:35.0 (36034455)|HEAP_ALLOCATE|[18]|Bytes:8
11:26:35.0 (36065816)|VARIABLE_SCOPE_BEGIN|[18]|allOpps|List<Opportunity>|true|false
11:26:35.0 (36120533)|VARIABLE_ASSIGNMENT|[18]|allOpps|[{"Id":"006O0000008lbDfIAI","Name":"RL Test Opp 2017-04- (11 more) ...","Gate_Status__c":"Not Started","TSF_Gate_Status__c":"Not Applicable","CRA_Gate_Status__c":"Not Applicable","StageName":"Gate 3","Apply_Default_Bondin (4 more) ...":false,"Is_Gate_1_To_3__c":true,"Is_Gate_4_To_5__c":false,"Net_Budget_EOI_PQ__c":0,"Net_Budget_Post_Tend (5 more) ...":0,"Net_Budget_Tender__c":0,"Net_Budget_Amount__c":0,"Total_Budget_EOI_PQ_ (2 more) ...":0,"Total_Budget_Tender_ (2 more) ...":0,"Total_Budget_AUD__c":0,"Total_Budget_Post_Te (7 more) ...":0}]|0x4dfbd419
11:26:35.0 (36133784)|STATEMENT_EXECUTE|[38]
11:26:35.0 (36151256)|SYSTEM_MODE_EXIT|false
11:26:35.36 (36180146)|CUMULATIVE_LIMIT_USAGE
11:26:35.36 (36180146)|LIMIT_USAGE_FOR_NS|(default)|
  Number of SOQL queries: 1 out of 100
  Number of query rows: 1 out of 50000
  Number of SOSL queries: 0 out of 20
  Number of DML statements: 0 out of 150
  Number of DML rows: 0 out of 10000
  Maximum CPU time: 0 out of 10000
  Maximum heap size: 0 out of 6000000
  Number of callouts: 0 out of 100
  Number of Email Invocations: 0 out of 10
  Number of future calls: 0 out of 50
  Number of queueable jobs added to the queue: 0 out of 50
  Number of Mobile Apex push calls: 0 out of 10

11:26:35.36 (36180146)|TOTAL_EMAIL_RECIPIENTS_QUEUED|0
11:26:35.36 (36180146)|STATIC_VARIABLE_LIST|
  char[]:DigitTens:0
  long:serialVersionUID:0
  long:serialVersionUID:0
  double:MAX_VALUE:0
  Boolean:FALSE:0
  long:serialVersionUID:0
  double:MIN_VALUE:0
  int:SIZE:0
  double:NEGATIVE_INFINITY:0
  int:MAX_VALUE:0
  String:_sfdcSuppressedCodeLocations:0
  char[]:digits:0
  double:NaN:0
  Boolean:TRUE:0
  int:MIN_VALUE:0
  char[]:DigitOnes:0
  int:BYTES:0
  int:MIN_EXPONENT:0
  int[]:sizeTable:0
  int:MAX_EXPONENT:0
  int:SIZE:0
  double:POSITIVE_INFINITY:0
  String:_sfdcAdditionalCodeLocations:0
  double:MIN_NORMAL:0
  int:BYTES:0

11:26:35.36 (36180146)|CUMULATIVE_LIMIT_USAGE_END

11:26:35.0 (36310638)|CODE_UNIT_FINISHED|ApprovalController.getOpportunityRecord
11:26:35.149 (149823301)|CUMULATIVE_PROFILING_BEGIN
11:26:35.149 (149823301)|CUMULATIVE_PROFILING|SOQL operations|
Class.ApprovalController.getOpportunityRecord: line 18, column 1: [SELECT   Id,name,
                                                           			Gate_Status__c,
                                                           			TSF_Gate_Status__c,
                                                           			CRA_Gate_Status__c,
                                                           			StageName,
                                    								Competitor_Analysis_General_Comments__c,
                                    								Are_there_any_critical_risks__c,
                                    								Has_CRA_changed_since_last_approval__c,
                                    								Has_TSF_changed_since_last_approval__c,
                                    								Apply_Default_Bonding__c,
                                    								Conversion_Budget_Comments__c,
                                    								Is_Gate_1_To_3__c, Is_Gate_4_To_5__c,
                                    								Net_Budget_EOI_PQ__c, Net_Budget_Post_Tender__c, 
                                    								Net_Budget_Tender__c, Net_Budget_Amount__c,
                                    								Total_Budget_EOI_PQ__c, Total_Budget_Tender__c, 
                                    								Total_Budget_AUD__c, Total_Budget_Post_Tender__c, 
                                    								JH_Bid_Cost_of_JH_Revenue__c
                                 							FROM     Opportunity
                                 							WHERE    Id = :opportunityId]: executed 1 time in 32 ms

11:26:35.149 (149823301)|CUMULATIVE_PROFILING|No profiling information for SOSL operations
11:26:35.149 (149823301)|CUMULATIVE_PROFILING|No profiling information for DML operations
11:26:35.149 (149823301)|CUMULATIVE_PROFILING|method invocations|
External entry point: public static List<Opportunity> getOpportunityRecord(String): executed 1 time in 33 ms

11:26:35.149 (149823301)|CUMULATIVE_PROFILING_END
