39.0 APEX_CODE,FINEST;APEX_PROFILING,FINEST;CALLOUT,NONE;DB,FINEST;SYSTEM,FINE;VALIDATION,INFO;VISUALFORCE,INFO;WAVE,INFO;WORKFLOW,FINER
10:41:07.0 (93464)|USER_INFO|[EXTERNAL]|00528000006B07F|dev@systempartners.com.prod.pcphase2|Australian Eastern Standard Time|GMT+10:00
10:41:07.0 (135255)|EXECUTION_STARTED
10:41:07.0 (140747)|CODE_UNIT_STARTED|[EXTERNAL]|01pO00000003MVy|ApprovalController.getAssignedApprovers
10:41:07.0 (500326)|HEAP_ALLOCATE|[72]|Bytes:3
10:41:07.0 (558712)|HEAP_ALLOCATE|[77]|Bytes:152
10:41:07.0 (578175)|HEAP_ALLOCATE|[342]|Bytes:408
10:41:07.0 (601483)|HEAP_ALLOCATE|[355]|Bytes:408
10:41:07.0 (619455)|HEAP_ALLOCATE|[467]|Bytes:48
10:41:07.0 (655976)|HEAP_ALLOCATE|[139]|Bytes:6
10:41:07.0 (674912)|HEAP_ALLOCATE|[EXTERNAL]|Bytes:11
10:41:07.0 (679129)|HEAP_ALLOCATE|[EXTERNAL]|Bytes:27
10:41:07.0 (693416)|METHOD_ENTRY|[1]|01pO00000003MVy|ApprovalController.ApprovalController()
10:41:07.0 (697317)|STATEMENT_EXECUTE|[1]
10:41:07.0 (704736)|STATEMENT_EXECUTE|[1]
10:41:07.0 (712739)|METHOD_EXIT|[1]|ApprovalController
10:41:07.0 (728887)|HEAP_ALLOCATE|[EXTERNAL]|Bytes:72
10:41:07.0 (739253)|SYSTEM_MODE_ENTER|false
10:41:07.0 (753370)|VARIABLE_SCOPE_BEGIN|[68]|opp|Opportunity|true|false
10:41:07.0 (817775)|VARIABLE_ASSIGNMENT|[68]|opp|{"Total_Budget_EOI_PQ_ (2 more) ...":0,"Total_Budget_AUD__c":0,"TSF_Gate_Status__c":"Not Applicable","StageName":"Gate 3","Net_Budget_Post_Tend (5 more) ...":0,"Net_Budget_EOI_PQ__c":0,"Apply_Default_Bondin (4 more) ...":false,"Gate_Status__c":"Initiated","Is_Gate_4_To_5__c":false,"Name":"TL Test - 1200","Is_Gate_1_To_3__c":true,"Net_Budget_Amount__c":0,"Total_Budget_Tender_ (2 more) ...":0,"Total_Budget_Post_Te (7 more) ...":0,"Net_Budget_Tender__c":0,"CRA_Gate_Status__c":"Not Applicable","Id":"006O0000009GUsjIAG"}|0x5619c8a4
10:41:07.0 (835699)|STATEMENT_EXECUTE|[68]
10:41:07.0 (837601)|STATEMENT_EXECUTE|[69]
10:41:07.0 (841783)|HEAP_ALLOCATE|[69]|Bytes:132
10:41:07.0 (857307)|HEAP_ALLOCATE|[69]|Bytes:4
10:41:07.0 (872014)|HEAP_ALLOCATE|[69]|Bytes:7
10:41:07.0 (966453)|HEAP_ALLOCATE|[69]|Bytes:7
10:41:07.0 (5694710)|VARIABLE_SCOPE_BEGIN|[3]|OpportunityService.KCRARecordTypeID|String|false|true
10:41:07.0 (5702654)|VARIABLE_SCOPE_BEGIN|[2]|OpportunityService.KCRATemplateRecordTypeID|String|false|true
10:41:07.0 (5714383)|HEAP_ALLOCATE|[71]|Bytes:43
10:41:07.0 (5755926)|METHOD_ENTRY|[1]|01pO00000003HOS|OpportunityService.OpportunityService()
10:41:07.0 (5759333)|STATEMENT_EXECUTE|[1]
10:41:07.0 (5763696)|STATEMENT_EXECUTE|[1]
10:41:07.0 (5802891)|HEAP_ALLOCATE|[50]|Bytes:5
10:41:07.0 (5831932)|HEAP_ALLOCATE|[56]|Bytes:5
10:41:07.0 (5840367)|HEAP_ALLOCATE|[64]|Bytes:7
10:41:07.0 (5866553)|HEAP_ALLOCATE|[2]|Bytes:5
10:41:07.0 (5870794)|STATEMENT_EXECUTE|[2]
10:41:07.0 (5874838)|HEAP_ALLOCATE|[2]|Bytes:33
10:41:07.0 (6190595)|SYSTEM_METHOD_ENTRY|[2]|Schema.SObjectType.getDescribe()
10:41:07.0 (6509330)|HEAP_ALLOCATE|[2]|Bytes:4
10:41:07.0 (6674062)|SYSTEM_METHOD_EXIT|[2]|Schema.SObjectType.getDescribe()
10:41:07.0 (6712728)|LIMIT_USAGE|[2]|RECORD_TYPE_DESCRIBES|1|100
10:41:07.0 (10992474)|HEAP_ALLOCATE|[2]|Bytes:16
10:41:07.0 (11008239)|HEAP_ALLOCATE|[2]|Bytes:13
10:41:07.0 (11116849)|SYSTEM_METHOD_ENTRY|[2]|Map<String,Schema.RecordTypeInfo>.get(Object)
10:41:07.0 (11190439)|SYSTEM_METHOD_EXIT|[2]|Map<String,Schema.RecordTypeInfo>.get(Object)
10:41:07.0 (11230250)|HEAP_ALLOCATE|[2]|Bytes:4
10:41:07.0 (11253104)|HEAP_ALLOCATE|[2]|Bytes:18
10:41:07.0 (11291553)|VARIABLE_ASSIGNMENT|[2]|OpportunityService.KCRATemplateRecordTypeID|"012O0000000DCgLIAW"
10:41:07.0 (11296965)|STATEMENT_EXECUTE|[3]
10:41:07.0 (11373966)|SYSTEM_METHOD_ENTRY|[3]|Schema.SObjectType.getDescribe()
10:41:07.0 (11414078)|HEAP_ALLOCATE|[3]|Bytes:4
10:41:07.0 (11440758)|SYSTEM_METHOD_EXIT|[3]|Schema.SObjectType.getDescribe()
10:41:07.0 (11459792)|LIMIT_USAGE|[3]|RECORD_TYPE_DESCRIBES|2|100
10:41:07.0 (11477891)|HEAP_ALLOCATE|[3]|Bytes:16
10:41:07.0 (11484329)|HEAP_ALLOCATE|[3]|Bytes:4
10:41:07.0 (11501770)|SYSTEM_METHOD_ENTRY|[3]|Map<String,Schema.RecordTypeInfo>.get(Object)
10:41:07.0 (11517948)|SYSTEM_METHOD_EXIT|[3]|Map<String,Schema.RecordTypeInfo>.get(Object)
10:41:07.0 (11537071)|HEAP_ALLOCATE|[3]|Bytes:4
10:41:07.0 (11544989)|HEAP_ALLOCATE|[3]|Bytes:18
10:41:07.0 (11556251)|VARIABLE_ASSIGNMENT|[3]|OpportunityService.KCRARecordTypeID|"012O0000000DCgGIAW"
10:41:07.0 (11576895)|METHOD_EXIT|[1]|OpportunityService
10:41:07.0 (11614297)|METHOD_ENTRY|[71]|01pO00000003HOS|OpportunityService.getGateNumber(String)
10:41:07.0 (11647218)|VARIABLE_SCOPE_BEGIN|[196]|stage|String|false|false
10:41:07.0 (11657873)|VARIABLE_ASSIGNMENT|[196]|stage|"Gate 3"
10:41:07.0 (11671990)|HEAP_ALLOCATE|[197]|Bytes:5
10:41:07.0 (11676234)|STATEMENT_EXECUTE|[196]
10:41:07.0 (14612278)|VARIABLE_SCOPE_BEGIN|[75]|Constants.ApprovalOutcomeNotificationEmail|String|false|true
10:41:07.0 (14619511)|VARIABLE_SCOPE_BEGIN|[77]|Constants.ApprovalSubmissionEmail|String|false|true
10:41:07.0 (14623765)|VARIABLE_SCOPE_BEGIN|[49]|Constants.ApprovedStatus|String|false|true
10:41:07.0 (14678191)|VARIABLE_SCOPE_BEGIN|[6]|Constants.Approvers|Approvers__c|true|true
10:41:07.0 (14686663)|VARIABLE_SCOPE_BEGIN|[81]|Constants.CRA_ApprovalOutcomeNotificationEmail|String|false|true
10:41:07.0 (14690192)|VARIABLE_SCOPE_BEGIN|[83]|Constants.CRA_ApprovalSubmissionEmail|String|false|true
10:41:07.0 (14693472)|VARIABLE_SCOPE_BEGIN|[82]|Constants.CRA_DecisionRequiredEmail|String|false|true
10:41:07.0 (14696201)|VARIABLE_SCOPE_BEGIN|[71]|Constants.ClosedWonStage|String|false|true
10:41:07.0 (14699066)|VARIABLE_SCOPE_BEGIN|[50]|Constants.ConditionallyApprovedStatus|String|false|true
10:41:07.0 (14702001)|VARIABLE_SCOPE_BEGIN|[76]|Constants.DecisionRequiredEmail|String|false|true
10:41:07.0 (14704940)|VARIABLE_SCOPE_BEGIN|[51]|Constants.DeclinedStatus|String|false|true
10:41:07.0 (14708005)|VARIABLE_SCOPE_BEGIN|[66]|Constants.Gate1Stage|String|false|true
10:41:07.0 (14711041)|VARIABLE_SCOPE_BEGIN|[67]|Constants.Gate2Stage|String|false|true
10:41:07.0 (14714230)|VARIABLE_SCOPE_BEGIN|[68]|Constants.Gate3Stage|String|false|true
10:41:07.0 (14717210)|VARIABLE_SCOPE_BEGIN|[69]|Constants.Gate4Stage|String|false|true
10:41:07.0 (14720053)|VARIABLE_SCOPE_BEGIN|[70]|Constants.Gate5Stage|String|false|true
10:41:07.0 (14723134)|VARIABLE_SCOPE_BEGIN|[48]|Constants.InProgressStatus|String|false|true
10:41:07.0 (14726502)|VARIABLE_SCOPE_BEGIN|[47]|Constants.InitiatedStatus|String|false|true
10:41:07.0 (14729688)|VARIABLE_SCOPE_BEGIN|[65]|Constants.NewDandCStage|String|false|true
10:41:07.0 (14732920)|VARIABLE_SCOPE_BEGIN|[54]|Constants.NotApplicableStatus|String|false|true
10:41:07.0 (14736369)|VARIABLE_SCOPE_BEGIN|[46]|Constants.NotStartedStatus|String|false|true
10:41:07.0 (14747819)|VARIABLE_SCOPE_BEGIN|[24]|Constants.OppRecordTypeMap|Map<String,Id>|true|true
10:41:07.0 (14752910)|VARIABLE_SCOPE_BEGIN|[57]|Constants.PendingApprovalStatus|String|false|true
10:41:07.0 (14756492)|VARIABLE_SCOPE_BEGIN|[53]|Constants.RestartedStatus|String|false|true
10:41:07.0 (14760530)|VARIABLE_SCOPE_BEGIN|[52]|Constants.ResubmittedStatus|String|false|true
10:41:07.0 (14764539)|VARIABLE_SCOPE_BEGIN|[78]|Constants.TSF_ApprovalOutcomeNotificationEmail|String|false|true
10:41:07.0 (14768703)|VARIABLE_SCOPE_BEGIN|[80]|Constants.TSF_ApprovalSubmissionEmail|String|false|true
10:41:07.0 (14772683)|VARIABLE_SCOPE_BEGIN|[79]|Constants.TSF_DecisionRequiredEmail|String|false|true
10:41:07.0 (14776293)|VARIABLE_SCOPE_BEGIN|[61]|Constants.TenderInPreperationStatus|String|false|true
10:41:07.0 (14780048)|VARIABLE_SCOPE_BEGIN|[62]|Constants.TenderSubmittedStatus|String|false|true
10:41:07.0 (14783706)|VARIABLE_SCOPE_BEGIN|[84]|Constants.TenderWonEmail|String|false|true
10:41:07.0 (14787306)|VARIABLE_SCOPE_BEGIN|[60]|Constants.TenderWonStatus|String|false|true
10:41:07.0 (14799853)|HEAP_ALLOCATE|[197]|Bytes:28
10:41:07.0 (14808021)|HEAP_ALLOCATE|[197]|Bytes:136
10:41:07.0 (14812454)|HEAP_ALLOCATE|[197]|Bytes:7
10:41:07.0 (14816353)|HEAP_ALLOCATE|[197]|Bytes:34
10:41:07.0 (14844421)|VARIABLE_ASSIGNMENT|[197]|Constants.ApprovalOutcomeNotificationEmail|"Gate_Approval_Outcom (14 more) ..."
10:41:07.0 (14848575)|HEAP_ALLOCATE|[197]|Bytes:32
10:41:07.0 (14855180)|VARIABLE_ASSIGNMENT|[197]|Constants.ApprovalSubmissionEmail|"Approval_Submission_ (12 more) ..."
10:41:07.0 (14857740)|HEAP_ALLOCATE|[197]|Bytes:8
10:41:07.0 (14861886)|VARIABLE_ASSIGNMENT|[197]|Constants.ApprovedStatus|"Approved"
10:41:07.0 (14864697)|HEAP_ALLOCATE|[197]|Bytes:33
10:41:07.0 (14869906)|VARIABLE_ASSIGNMENT|[197]|Constants.CRA_ApprovalOutcomeNotificationEmail|"CRA_Approval_Outcome (13 more) ..."
10:41:07.0 (14872464)|HEAP_ALLOCATE|[197]|Bytes:36
10:41:07.0 (14877576)|VARIABLE_ASSIGNMENT|[197]|Constants.CRA_ApprovalSubmissionEmail|"CRA_Approval_Submiss (16 more) ..."
10:41:07.0 (14879831)|HEAP_ALLOCATE|[197]|Bytes:29
10:41:07.0 (14884925)|VARIABLE_ASSIGNMENT|[197]|Constants.CRA_DecisionRequiredEmail|"CRA_Approval_Decsion (9 more) ..."
10:41:07.0 (14887233)|HEAP_ALLOCATE|[197]|Bytes:10
10:41:07.0 (14892323)|VARIABLE_ASSIGNMENT|[197]|Constants.ClosedWonStage|"Closed Won"
10:41:07.0 (14894381)|HEAP_ALLOCATE|[197]|Bytes:22
10:41:07.0 (14899103)|VARIABLE_ASSIGNMENT|[197]|Constants.ConditionallyApprovedStatus|"Conditionally Approv (2 more) ..."
10:41:07.0 (14901272)|HEAP_ALLOCATE|[197]|Bytes:38
10:41:07.0 (14906498)|VARIABLE_ASSIGNMENT|[197]|Constants.DecisionRequiredEmail|"Approval_Decsion_Req (18 more) ..."
10:41:07.0 (14908748)|HEAP_ALLOCATE|[197]|Bytes:8
10:41:07.0 (14913029)|VARIABLE_ASSIGNMENT|[197]|Constants.DeclinedStatus|"Declined"
10:41:07.0 (14915112)|HEAP_ALLOCATE|[197]|Bytes:6
10:41:07.0 (14919386)|VARIABLE_ASSIGNMENT|[197]|Constants.Gate1Stage|"Gate 1"
10:41:07.0 (14921523)|HEAP_ALLOCATE|[197]|Bytes:6
10:41:07.0 (14925611)|VARIABLE_ASSIGNMENT|[197]|Constants.Gate2Stage|"Gate 2"
10:41:07.0 (14927473)|HEAP_ALLOCATE|[197]|Bytes:6
10:41:07.0 (14931772)|VARIABLE_ASSIGNMENT|[197]|Constants.Gate3Stage|"Gate 3"
10:41:07.0 (14933607)|HEAP_ALLOCATE|[197]|Bytes:6
10:41:07.0 (14937684)|VARIABLE_ASSIGNMENT|[197]|Constants.Gate4Stage|"Gate 4"
10:41:07.0 (14939762)|HEAP_ALLOCATE|[197]|Bytes:6
10:41:07.0 (14946023)|VARIABLE_ASSIGNMENT|[197]|Constants.Gate5Stage|"Gate 5"
10:41:07.0 (14947979)|HEAP_ALLOCATE|[197]|Bytes:11
10:41:07.0 (14952929)|VARIABLE_ASSIGNMENT|[197]|Constants.InProgressStatus|"In Progress"
10:41:07.0 (14955009)|HEAP_ALLOCATE|[197]|Bytes:9
10:41:07.0 (14959413)|VARIABLE_ASSIGNMENT|[197]|Constants.InitiatedStatus|"Initiated"
10:41:07.0 (14961494)|HEAP_ALLOCATE|[197]|Bytes:3
10:41:07.0 (14965724)|VARIABLE_ASSIGNMENT|[197]|Constants.NewDandCStage|"New"
10:41:07.0 (14967696)|HEAP_ALLOCATE|[197]|Bytes:14
10:41:07.0 (14972404)|VARIABLE_ASSIGNMENT|[197]|Constants.NotApplicableStatus|"Not Applicable"
10:41:07.0 (14974565)|HEAP_ALLOCATE|[197]|Bytes:11
10:41:07.0 (14979459)|VARIABLE_ASSIGNMENT|[197]|Constants.NotStartedStatus|"Not Started"
10:41:07.0 (14982604)|HEAP_ALLOCATE|[197]|Bytes:16
10:41:07.0 (14987740)|VARIABLE_ASSIGNMENT|[197]|Constants.PendingApprovalStatus|"Pending Approval"
10:41:07.0 (14990300)|HEAP_ALLOCATE|[197]|Bytes:9
10:41:07.0 (14995152)|VARIABLE_ASSIGNMENT|[197]|Constants.RestartedStatus|"Restarted"
10:41:07.0 (14997174)|HEAP_ALLOCATE|[197]|Bytes:11
10:41:07.0 (15001779)|VARIABLE_ASSIGNMENT|[197]|Constants.ResubmittedStatus|"Resubmitted"
10:41:07.0 (15004626)|HEAP_ALLOCATE|[197]|Bytes:33
10:41:07.0 (15011308)|VARIABLE_ASSIGNMENT|[197]|Constants.TSF_ApprovalOutcomeNotificationEmail|"TSF_Approval_Outcome (13 more) ..."
10:41:07.0 (15013793)|HEAP_ALLOCATE|[197]|Bytes:36
10:41:07.0 (15020099)|VARIABLE_ASSIGNMENT|[197]|Constants.TSF_ApprovalSubmissionEmail|"TSF_Approval_Submiss (16 more) ..."
10:41:07.0 (15022243)|HEAP_ALLOCATE|[197]|Bytes:29
10:41:07.0 (15028450)|VARIABLE_ASSIGNMENT|[197]|Constants.TSF_DecisionRequiredEmail|"TSF_Approval_Decsion (9 more) ..."
10:41:07.0 (15030892)|HEAP_ALLOCATE|[197]|Bytes:21
10:41:07.0 (15036797)|VARIABLE_ASSIGNMENT|[197]|Constants.TenderInPreperationStatus|"Tender in Preparatio (1 more) ..."
10:41:07.0 (15038845)|HEAP_ALLOCATE|[197]|Bytes:16
10:41:07.0 (15044430)|VARIABLE_ASSIGNMENT|[197]|Constants.TenderSubmittedStatus|"Tender Submitted"
10:41:07.0 (15046465)|HEAP_ALLOCATE|[197]|Bytes:23
10:41:07.0 (15052217)|VARIABLE_ASSIGNMENT|[197]|Constants.TenderWonEmail|"Tender_Won_Notificat (3 more) ..."
10:41:07.0 (15054471)|HEAP_ALLOCATE|[197]|Bytes:10
10:41:07.0 (15059647)|VARIABLE_ASSIGNMENT|[197]|Constants.TenderWonStatus|"Tender Won"
10:41:07.0 (15083707)|METHOD_ENTRY|[1]|01pO00000003RXf|Constants.Constants()
10:41:07.0 (15086974)|STATEMENT_EXECUTE|[1]
10:41:07.0 (15091952)|STATEMENT_EXECUTE|[1]
10:41:07.0 (15099948)|HEAP_ALLOCATE|[197]|Bytes:5
10:41:07.0 (15102974)|STATEMENT_EXECUTE|[3]
10:41:07.0 (15111462)|METHOD_EXIT|[1]|Constants
10:41:07.0 (15162588)|STATEMENT_EXECUTE|[199]
10:41:07.0 (15166989)|HEAP_ALLOCATE|[199]|Bytes:1
10:41:07.0 (15193919)|METHOD_EXIT|[71]|01pO00000003HOS|OpportunityService.getGateNumber(String)
10:41:07.0 (15852222)|SOQL_EXECUTE_BEGIN|[69]|Aggregations:0|SELECT id FROM Gate__c WHERE (Opportunity__c = :tmpVar1 AND Gate_Number__c = :tmpVar2) ORDER BY CreatedDate DESC NULLS FIRST LIMIT 1
10:41:07.0 (15861004)|LIMIT_USAGE|[69]|SOQL|1|100
10:41:07.0 (15870123)|LIMIT_USAGE|[69]|AGGS|0|300
10:41:07.0 (41162768)|SOQL_EXECUTE_END|[69]|Rows:1
10:41:07.0 (41177250)|LIMIT_USAGE|[69]|SOQL_ROWS|1|50000
10:41:07.0 (41197295)|HEAP_ALLOCATE|[69]|Bytes:8
10:41:07.0 (41387864)|HEAP_ALLOCATE|[69]|Bytes:29
10:41:07.0 (41492879)|HEAP_ALLOCATE|[69]|Bytes:8
10:41:07.0 (41510853)|HEAP_ALLOCATE|[69]|Bytes:33
10:41:07.0 (41577954)|HEAP_ALLOCATE|[69]|Bytes:8
10:41:07.0 (41589106)|VARIABLE_SCOPE_BEGIN|[69]|latestGateId|Gate__c|true|false
10:41:07.0 (41620827)|VARIABLE_ASSIGNMENT|[69]|latestGateId|{"Id":"a0nO0000003xqtKIAQ"}|0x2b29b82c
10:41:07.0 (41626352)|STATEMENT_EXECUTE|[76]
10:41:07.0 (41632140)|HEAP_ALLOCATE|[76]|Bytes:295
10:41:07.0 (41638638)|HEAP_ALLOCATE|[76]|Bytes:4
10:41:07.0 (42908461)|SOQL_EXECUTE_BEGIN|[76]|Aggregations:0|SELECT Approver__r.Name, Approval_Level__c, Gate__c, Approval_Status__c, Proxy_Approver__r.Name, Current_Approver__c, Wet_Signature_Received__c, Wet_Signature_Date__c, Approval_Comments__c, CreatedDate FROM Assigned_Approver__c WHERE Gate__c = :tmpVar1 ORDER BY Approval_Level__c ASC NULLS FIRST
10:41:07.0 (42917137)|LIMIT_USAGE|[76]|SOQL|2|100
10:41:07.0 (42924271)|LIMIT_USAGE|[76]|AGGS|0|300
10:41:07.0 (75424594)|SOQL_EXECUTE_END|[76]|Rows:2
10:41:07.0 (75443502)|LIMIT_USAGE|[76]|SOQL_ROWS|3|50000
10:41:07.0 (75470654)|HEAP_ALLOCATE|[76]|Bytes:12
10:41:07.0 (75614948)|HEAP_ALLOCATE|[76]|Bytes:587
10:41:07.0 (75690388)|HEAP_ALLOCATE|[76]|Bytes:12
10:41:07.0 (75720686)|VARIABLE_SCOPE_BEGIN|[76]|allApprovers|List<Assigned_Approver__c>|true|false
10:41:07.0 (75808198)|VARIABLE_ASSIGNMENT|[76]|allApprovers|[{"Approver__c":"00528000006B07FAAS","Approval_Level__c":"1","Gate__c":"a0nO0000003xqtKIAQ","Approval_Status__c":"Pending Approval","Current_Approver__c":false,"Wet_Signature_Receiv (5 more) ...":false,"CreatedDate":"2017-04-12T00:23:53.000Z","Id":"a0oO0000002tpYIIAY","Approver__r":{"Name":"System Partners","Id":"00528000006B07FAAS"}},{"Approver__c":"005O0000003t7anIAA","Approval_Level__c":"2","Gate__c":"a0nO0000003xqtKIAQ","Approval_Status__c":"Pending Approval","Current_Approver__c":false,"Wet_Signature_Receiv (5 more) ...":false,"CreatedDate":"2017-04-12T00:23:53.000Z","Id":"a0oO0000002tpYJIAY","Approver__r":{"Name":"Ricky Lowe","Id":"005O0000003t7anIAA"}}]|0x4bcaedef
10:41:07.0 (75818924)|STATEMENT_EXECUTE|[85]
10:41:07.0 (75838141)|SYSTEM_MODE_EXIT|false
10:41:07.75 (75883608)|CUMULATIVE_LIMIT_USAGE
10:41:07.75 (75883608)|LIMIT_USAGE_FOR_NS|(default)|
  Number of SOQL queries: 2 out of 100
  Number of query rows: 3 out of 50000
  Number of SOSL queries: 0 out of 20
  Number of DML statements: 0 out of 150
  Number of DML rows: 0 out of 10000
  Maximum CPU time: 0 out of 10000
  Maximum heap size: 0 out of 6000000
  Number of callouts: 0 out of 100
  Number of Email Invocations: 0 out of 10
  Number of future calls: 0 out of 50
  Number of queueable jobs added to the queue: 0 out of 50
  Number of Mobile Apex push calls: 0 out of 10

10:41:07.75 (75883608)|TOTAL_EMAIL_RECIPIENTS_QUEUED|0
10:41:07.75 (75883608)|STATIC_VARIABLE_LIST|
  String:_static_KCRATemplateRecordTypeID:0
  long:serialVersionUID:0
  double:MAX_VALUE:0
  long:serialVersionUID:0
  String:_static_InProgressStatus:0
  int:SIZE:0
  String:_static_TenderWonEmail:0
  String:_static_ApprovedStatus:0
  int:MAX_VALUE:0
  String:_static_InitiatedStatus:0
  String:_static_ClosedWonStage:0
  String:_static_Gate5Stage:0
  String:_static_Gate4Stage:0
  int:MIN_VALUE:0
  String:_static_Gate1Stage:0
  String:_static_Gate3Stage:0
  String:_static_NotStartedStatus:0
  char[]:DigitOnes:0
  String:_static_NotApplicableStatus:0
  String:_sfdcAdditionalCodeLocations:0
  String:__sfdcProperties:0
  String:_static_CRA_DecisionRequiredEmail:0
  int:MIN_EXPONENT:0
  String:_static_DecisionRequiredEmail:0
  String:_static_ApprovalOutcomeNotificationEmail:0
  String:_static_PendingApprovalStatus:0
  String:_static_RestartedStatus:0
  int:MAX_EXPONENT:0
  String:_static_ApprovalSubmissionEmail:0
  String:_static_TenderWonStatus:0
  String:_sfdcAdditionalCodeLocations:0
  int:BYTES:0
  char[]:DigitTens:0
  long:serialVersionUID:0
  Boolean:FALSE:0
  String:_static_DeclinedStatus:0
  String:_static_TSF_ApprovalSubmissionEmail:0
  double:MIN_VALUE:0
  double:NEGATIVE_INFINITY:0
  String:_static_ResubmittedStatus:0
  String:_sfdcSuppressedCodeLocations:0
  char[]:digits:0
  double:NaN:0
  Boolean:TRUE:0
  String:__sfdcInnerTypes:0
  String:_static_CRA_ApprovalOutcomeNotificationEmail:0
  String:_static_Gate2Stage:0
  String:_static_TenderSubmittedStatus:0
  String:_static_NewDandCStage:0
  String:_sfdcAdditionalCodeLocations:0
  String:_static_KCRARecordTypeID:0
  String:_static_TSF_DecisionRequiredEmail:0
  String:_static_ConditionallyApprovedStatus:0
  String:_static_TSF_ApprovalOutcomeNotificationEmail:0
  int:BYTES:0
  int[]:sizeTable:0
  String:_static_TenderInPreperationStatus:0
  int:SIZE:0
  double:POSITIVE_INFINITY:0
  double:MIN_NORMAL:0
  String:_static_CRA_ApprovalSubmissionEmail:0

10:41:07.75 (75883608)|CUMULATIVE_LIMIT_USAGE_END

10:41:07.0 (76256013)|CODE_UNIT_FINISHED|ApprovalController.getAssignedApprovers
10:41:07.0 (79017983)|EXECUTION_FINISHED
10:41:07.83 (83369302)|CUMULATIVE_PROFILING_BEGIN
10:41:07.83 (83369302)|CUMULATIVE_PROFILING|SOQL operations|
Class.ApprovalController.getAssignedApprovers: line 76, column 1: [SELECT Approver__r.Name, Approval_Level__c,Gate__c,Approval_Status__c,
                                                            Proxy_Approver__r.Name,Current_Approver__c,
                                                            Wet_Signature_Received__c, Wet_Signature_Date__c,
                                                            Approval_Comments__c,CreatedDate
                                                    from Assigned_Approver__c
                                                    where Gate__c = :latestGateID.id
                                                    order by Approval_Level__c asc]: executed 1 time in 34 ms
Class.ApprovalController.getAssignedApprovers: line 69, column 1: [SELECT id FROM Gate__c 
                              where Opportunity__c = : opp.Id 
                              and Gate_Number__c = :OpportunityService.getGateNumber(opp.StageName)
                              ORDER BY CreatedDate DESC
                              LIMIT 1]: executed 1 time in 27 ms

10:41:07.83 (83369302)|CUMULATIVE_PROFILING|No profiling information for SOSL operations
10:41:07.83 (83369302)|CUMULATIVE_PROFILING|No profiling information for DML operations
10:41:07.83 (83369302)|CUMULATIVE_PROFILING|method invocations|
External entry point: public static List<Assigned_Approver__c> getAssignedApprovers(Opportunity): executed 1 time in 75 ms
Class.ApprovalController.getAssignedApprovers: line 71, column 1: public static String getGateNumber(String): executed 1 time in 3 ms
Class.OpportunityService: line 2, column 1: global Schema.DescribeSObjectResult getDescribe(): executed 2 times in 1 ms
Class.OpportunityService: line 3, column 1: global Schema.DescribeSObjectResult getDescribe(): executed 2 times in 0 ms

10:41:07.83 (83369302)|CUMULATIVE_PROFILING_END
