39.0 APEX_CODE,FINEST;APEX_PROFILING,FINEST;CALLOUT,NONE;DB,FINEST;SYSTEM,FINE;VALIDATION,INFO;VISUALFORCE,INFO;WAVE,INFO;WORKFLOW,FINER
16:11:45.0 (457828)|USER_INFO|[EXTERNAL]|00528000006B07F|dev@systempartners.com.prod.pcphase2|Australian Eastern Standard Time|GMT+11:00
16:11:45.0 (491937)|EXECUTION_STARTED
16:11:45.0 (495584)|CODE_UNIT_STARTED|[EXTERNAL]|aura
16:11:45.0 (751508)|HEAP_ALLOCATE|[72]|Bytes:3
16:11:45.0 (790176)|HEAP_ALLOCATE|[77]|Bytes:152
16:11:45.0 (803435)|HEAP_ALLOCATE|[342]|Bytes:408
16:11:45.0 (821860)|HEAP_ALLOCATE|[355]|Bytes:408
16:11:45.0 (836586)|HEAP_ALLOCATE|[467]|Bytes:48
16:11:45.0 (862146)|HEAP_ALLOCATE|[139]|Bytes:6
16:11:45.0 (881014)|HEAP_ALLOCATE|[EXTERNAL]|Bytes:18
16:11:45.0 (898505)|HEAP_ALLOCATE|[EXTERNAL]|Bytes:18
16:11:45.0 (2596338)|CODE_UNIT_STARTED|[EXTERNAL]|01pO00000003MVy|ApprovalController.getOpportunityRecord
16:11:45.0 (2691600)|HEAP_ALLOCATE|[EXTERNAL]|Bytes:8
16:11:45.0 (2696803)|HEAP_ALLOCATE|[EXTERNAL]|Bytes:8
16:11:45.0 (2706621)|METHOD_ENTRY|[1]|01pO00000003MVy|ApprovalController.ApprovalController()
16:11:45.0 (2710406)|STATEMENT_EXECUTE|[1]
16:11:45.0 (2714278)|STATEMENT_EXECUTE|[1]
16:11:45.0 (2718830)|METHOD_EXIT|[1]|ApprovalController
16:11:45.0 (2722552)|HEAP_ALLOCATE|[EXTERNAL]|Bytes:18
16:11:45.0 (2730880)|SYSTEM_MODE_ENTER|false
16:11:45.0 (2737489)|VARIABLE_SCOPE_BEGIN|[15]|opportunityId|String|false|false
16:11:45.0 (2754631)|VARIABLE_ASSIGNMENT|[15]|opportunityId|"006O0000008kRsJIAU"
16:11:45.0 (2761603)|STATEMENT_EXECUTE|[15]
16:11:45.0 (2762953)|STATEMENT_EXECUTE|[18]
16:11:45.0 (2765891)|HEAP_ALLOCATE|[18]|Bytes:589
16:11:45.0 (2774486)|HEAP_ALLOCATE|[18]|Bytes:4
16:11:45.0 (2785776)|HEAP_ALLOCATE|[18]|Bytes:7
16:11:45.0 (2825349)|HEAP_ALLOCATE|[50]|Bytes:5
16:11:45.0 (2845317)|HEAP_ALLOCATE|[56]|Bytes:5
16:11:45.0 (2853400)|HEAP_ALLOCATE|[64]|Bytes:7
16:11:45.0 (3670778)|SOQL_EXECUTE_BEGIN|[18]|Aggregations:0|SELECT Id, name, Gate_Status__c, TSF_Gate_Status__c, CRA_Gate_Status__c, StageName, Competitor_Analysis_General_Comments__c, Are_there_any_critical_risks__c, Has_CRA_changed_since_last_approval__c, Has_TSF_changed_since_last_approval__c, Apply_Default_Bonding__c, Conversion_Budget_Comments__c, Is_Gate_1_To_3__c, Is_Gate_4_To_5__c, Net_Budget_EOI_PQ__c, Net_Budget_Post_Tender__c, Net_Budget_Tender__c, Net_Budget_Amount__c, Total_Budget_EOI_PQ__c, Total_Budget_Tender__c, Total_Budget_AUD__c, Total_Budget_Post_Tender__c, JH_Bid_Cost_of_JH_Revenue__c FROM Opportunity WHERE Id = :tmpVar1
16:11:45.0 (3685962)|LIMIT_USAGE|[18]|SOQL|1|100
16:11:45.0 (3695774)|LIMIT_USAGE|[18]|AGGS|0|300
16:11:45.0 (31328060)|SOQL_EXECUTE_END|[18]|Rows:1
16:11:45.0 (31341799)|LIMIT_USAGE|[18]|SOQL_ROWS|1|50000
16:11:45.0 (31364173)|HEAP_ALLOCATE|[18]|Bytes:8
16:11:45.0 (31377635)|HEAP_ALLOCATE|[18]|Bytes:847
16:11:45.0 (31487985)|HEAP_ALLOCATE|[18]|Bytes:8
16:11:45.0 (31509908)|VARIABLE_SCOPE_BEGIN|[18]|allOpps|List<Opportunity>|true|false
16:11:45.0 (31558846)|VARIABLE_ASSIGNMENT|[18]|allOpps|[{"Id":"006O0000008kRsJIAU","Name":"Test Alex 15 Mar 124 (3 more) ...","Gate_Status__c":"Reviewing Approvers","TSF_Gate_Status__c":"Not Applicable","CRA_Gate_Status__c":"Not Applicable","StageName":"Gate 1","Are_there_any_critic (11 more) ...":"No","Has_CRA_changed_sinc (18 more) ...":"Yes","Apply_Default_Bondin (4 more) ...":true,"Is_Gate_1_To_3__c":true,"Is_Gate_4_To_5__c":false,"Net_Budget_EOI_PQ__c":0,"Net_Budget_Post_Tend (5 more) ...":0,"Net_Budget_Tender__c":0,"Net_Budget_Amount__c":0,"Total_Budget_EOI_PQ_ (2 more) ...":0,"Total_Budget_Tender_ (2 more) ...":0,"Total_Budget_AUD__c":0,"Total_Budget_Post_Te (7 more) ...":0}]|0x216970a2
16:11:45.0 (31567094)|STATEMENT_EXECUTE|[38]
16:11:45.0 (31581990)|SYSTEM_MODE_EXIT|false
16:11:45.31 (31609889)|CUMULATIVE_LIMIT_USAGE
16:11:45.31 (31609889)|LIMIT_USAGE_FOR_NS|(default)|
  Number of SOQL queries: 1 out of 100
  Number of query rows: 1 out of 50000
  Number of SOSL queries: 0 out of 20
  Number of DML statements: 0 out of 150
  Number of DML rows: 0 out of 10000
  Maximum CPU time: 0 out of 10000
  Maximum heap size: 0 out of 6000000
  Number of callouts: 0 out of 100
  Number of Email Invocations: 0 out of 10
  Number of future calls: 0 out of 50
  Number of queueable jobs added to the queue: 0 out of 50
  Number of Mobile Apex push calls: 0 out of 10

16:11:45.31 (31609889)|TOTAL_EMAIL_RECIPIENTS_QUEUED|0
16:11:45.31 (31609889)|STATIC_VARIABLE_LIST|
  char[]:DigitTens:0
  long:serialVersionUID:0
  long:serialVersionUID:0
  double:MAX_VALUE:0
  Boolean:FALSE:0
  long:serialVersionUID:0
  double:MIN_VALUE:0
  int:SIZE:0
  double:NEGATIVE_INFINITY:0
  int:MAX_VALUE:0
  String:_sfdcSuppressedCodeLocations:0
  char[]:digits:0
  double:NaN:0
  Boolean:TRUE:0
  int:MIN_VALUE:0
  char[]:DigitOnes:0
  int:BYTES:0
  int:MIN_EXPONENT:0
  int[]:sizeTable:0
  int:MAX_EXPONENT:0
  int:SIZE:0
  double:POSITIVE_INFINITY:0
  String:_sfdcAdditionalCodeLocations:0
  double:MIN_NORMAL:0
  int:BYTES:0

16:11:45.31 (31609889)|CUMULATIVE_LIMIT_USAGE_END

16:11:45.0 (31809467)|CODE_UNIT_FINISHED|ApprovalController.getOpportunityRecord
16:11:45.133 (133027501)|CUMULATIVE_PROFILING_BEGIN
16:11:45.133 (133027501)|CUMULATIVE_PROFILING|SOQL operations|
Class.ApprovalController.getOpportunityRecord: line 18, column 1: [SELECT   Id,name,
                                                           			Gate_Status__c,
                                                           			TSF_Gate_Status__c,
                                                           			CRA_Gate_Status__c,
                                                           			StageName,
                                    								Competitor_Analysis_General_Comments__c,
                                    								Are_there_any_critical_risks__c,
                                    								Has_CRA_changed_since_last_approval__c,
                                    								Has_TSF_changed_since_last_approval__c,
                                    								Apply_Default_Bonding__c,
                                    								Conversion_Budget_Comments__c,
                                    								Is_Gate_1_To_3__c, Is_Gate_4_To_5__c,
                                    								Net_Budget_EOI_PQ__c, Net_Budget_Post_Tender__c, 
                                    								Net_Budget_Tender__c, Net_Budget_Amount__c,
                                    								Total_Budget_EOI_PQ__c, Total_Budget_Tender__c, 
                                    								Total_Budget_AUD__c, Total_Budget_Post_Tender__c, 
                                    								JH_Bid_Cost_of_JH_Revenue__c
                                 							FROM     Opportunity
                                 							WHERE    Id = :opportunityId]: executed 1 time in 29 ms

16:11:45.133 (133027501)|CUMULATIVE_PROFILING|No profiling information for SOSL operations
16:11:45.133 (133027501)|CUMULATIVE_PROFILING|No profiling information for DML operations
16:11:45.133 (133027501)|CUMULATIVE_PROFILING|method invocations|
External entry point: public static List<Opportunity> getOpportunityRecord(String): executed 1 time in 29 ms

16:11:45.133 (133027501)|CUMULATIVE_PROFILING_END
