34.0 APEX_CODE,FINEST;APEX_PROFILING,FINEST;CALLOUT,NONE;DB,FINEST;SYSTEM,FINE;VALIDATION,INFO;VISUALFORCE,INFO;WAVE,INFO;WORKFLOW,FINER
15:19:47.0 (462711)|USER_INFO|[EXTERNAL]|005O0000003t7an|ricky.lowe@jhg.com.au.pcphase2|Australian Eastern Standard Time|GMT+10:00
15:19:47.0 (494041)|EXECUTION_STARTED
15:19:47.0 (497622)|CODE_UNIT_STARTED|[EXTERNAL]|01pO00000003mlO|Email_Reminder_Batch
15:19:47.0 (4825122)|HEAP_ALLOCATE|[72]|Bytes:3
15:19:47.0 (4858101)|HEAP_ALLOCATE|[77]|Bytes:152
15:19:47.0 (4874594)|HEAP_ALLOCATE|[342]|Bytes:408
15:19:47.0 (4895206)|HEAP_ALLOCATE|[355]|Bytes:408
15:19:47.0 (4914164)|HEAP_ALLOCATE|[467]|Bytes:48
15:19:47.0 (4944055)|HEAP_ALLOCATE|[139]|Bytes:6
15:19:47.0 (5823839)|HEAP_ALLOCATE|[EXTERNAL]|Bytes:444
15:19:47.0 (25740588)|HEAP_ALLOCATE|[EXTERNAL]|Bytes:11
15:19:47.0 (25771883)|SYSTEM_METHOD_ENTRY|[15]|BatchableContextImpl.BatchableContextImpl()
15:19:47.0 (25776541)|STATEMENT_EXECUTE|[15]
15:19:47.0 (25792872)|SYSTEM_METHOD_EXIT|[15]|BatchableContextImpl
15:19:47.0 (25802263)|HEAP_ALLOCATE|[EXTERNAL]|Bytes:12
15:19:47.0 (25807066)|HEAP_ALLOCATE|[EXTERNAL]|Bytes:4
15:19:47.0 (25822037)|VARIABLE_SCOPE_BEGIN|[31]|this|Database.BatchableContextImpl|true|false
15:19:47.0 (25869211)|VARIABLE_ASSIGNMENT|[31]|this|{}|0x6b5cec22
15:19:47.0 (25873767)|VARIABLE_SCOPE_BEGIN|[31]|jobId|Id|false|false
15:19:47.0 (25977682)|VARIABLE_ASSIGNMENT|[31]|jobId|"707O000000qyQwEIAU"
15:19:47.0 (25983389)|VARIABLE_SCOPE_BEGIN|[31]|childJobId|Id|false|false
15:19:47.0 (25988536)|VARIABLE_ASSIGNMENT|[31]|childJobId|null
15:19:47.0 (27108548)|HEAP_ALLOCATE|[EXTERNAL]|Bytes:52
15:19:47.0 (27119736)|HEAP_ALLOCATE|[EXTERNAL]|Bytes:10
15:19:47.0 (27122917)|HEAP_ALLOCATE|[EXTERNAL]|Bytes:2
15:19:47.0 (27130538)|METHOD_ENTRY|[1]|01pO00000003mlO|Email_Reminder_Batch.Email_Reminder_Batch()
15:19:47.0 (27133664)|STATEMENT_EXECUTE|[1]
15:19:47.0 (27138039)|STATEMENT_EXECUTE|[1]
15:19:47.0 (27141693)|METHOD_EXIT|[1]|Email_Reminder_Batch
15:19:47.0 (27146218)|HEAP_ALLOCATE|[EXTERNAL]|Bytes:12
15:19:47.0 (27148636)|HEAP_ALLOCATE|[EXTERNAL]|Bytes:12
15:19:47.0 (27153882)|VARIABLE_SCOPE_BEGIN|[13]|this|Email_Reminder_Batch|true|false
15:19:47.0 (27213440)|VARIABLE_ASSIGNMENT|[13]|this|{"query":"SELECT Approval_Leve (408 more) ...","theDate":"2017-04-08T00:00:00.000Z"}|0x659481ce
15:19:47.0 (27219014)|VARIABLE_SCOPE_BEGIN|[13]|BC|Database.BatchableContext|true|false
15:19:47.0 (27280475)|VARIABLE_ASSIGNMENT|[13]|BC|{"jobId":"707O000000qyQwEIAU"}|0x6b5cec22
15:19:47.0 (27290615)|STATEMENT_EXECUTE|[13]
15:19:47.0 (27292318)|STATEMENT_EXECUTE|[14]
15:19:47.0 (27320098)|HEAP_ALLOCATE|[50]|Bytes:5
15:19:47.0 (27342934)|HEAP_ALLOCATE|[56]|Bytes:5
15:19:47.0 (27352799)|HEAP_ALLOCATE|[64]|Bytes:7
15:19:47.0 (27393243)|SYSTEM_METHOD_ENTRY|[14]|Database.getQueryLocator(String)
15:19:47.0 (29897983)|EXCEPTION_THROWN|[14]|System.QueryException: Variable does not exist: Constants.Approvers.Number_of_Reminder_Emails_to_be_Sent__c
15:19:47.0 (29961673)|HEAP_ALLOCATE|[14]|Bytes:88
15:19:47.0 (29973731)|SYSTEM_METHOD_EXIT|[14]|Database.getQueryLocator(String)
15:19:47.0 (30018605)|FATAL_ERROR|System.QueryException: Variable does not exist: Constants.Approvers.Number_of_Reminder_Emails_to_be_Sent__c

Class.Email_Reminder_Batch.start: line 14, column 1
15:19:47.48 (48992599)|CUMULATIVE_PROFILING_BEGIN
15:19:47.48 (48992599)|CUMULATIVE_PROFILING|SOQL operations|
Class.Email_Reminder_Batch.start: line 14, column 1: com.salesforce.api.Database.getQueryLocator(String): executed 1 time in 3 ms

15:19:47.48 (48992599)|CUMULATIVE_PROFILING|No profiling information for SOSL operations
15:19:47.48 (48992599)|CUMULATIVE_PROFILING|No profiling information for DML operations
15:19:47.48 (48992599)|CUMULATIVE_PROFILING|method invocations|
External entry point: global Database.QueryLocator start(Database.BatchableContext): executed 1 time in 3 ms

15:19:47.48 (48992599)|CUMULATIVE_PROFILING_END
