39.0 APEX_CODE,FINEST;APEX_PROFILING,FINEST;CALLOUT,NONE;DB,FINEST;SYSTEM,FINE;VALIDATION,INFO;VISUALFORCE,INFO;WAVE,INFO;WORKFLOW,FINER
14:57:10.0 (367362)|USER_INFO|[EXTERNAL]|00528000006B07F|dev@systempartners.com.prod.pcphase2|Australian Eastern Standard Time|GMT+10:00
14:57:10.0 (399902)|EXECUTION_STARTED
14:57:10.0 (403982)|CODE_UNIT_STARTED|[EXTERNAL]|aura
14:57:10.0 (974482)|HEAP_ALLOCATE|[72]|Bytes:3
14:57:10.0 (1028384)|HEAP_ALLOCATE|[77]|Bytes:152
14:57:10.0 (1049148)|HEAP_ALLOCATE|[342]|Bytes:408
14:57:10.0 (1068597)|HEAP_ALLOCATE|[355]|Bytes:408
14:57:10.0 (1086197)|HEAP_ALLOCATE|[467]|Bytes:48
14:57:10.0 (1116624)|HEAP_ALLOCATE|[139]|Bytes:6
14:57:10.0 (1142114)|HEAP_ALLOCATE|[EXTERNAL]|Bytes:18
14:57:10.0 (1157120)|HEAP_ALLOCATE|[EXTERNAL]|Bytes:18
14:57:10.0 (2742464)|CODE_UNIT_STARTED|[EXTERNAL]|01pO00000003MVy|ApprovalController.getOpportunityRecord
14:57:10.0 (2832628)|HEAP_ALLOCATE|[EXTERNAL]|Bytes:11
14:57:10.0 (2841516)|HEAP_ALLOCATE|[EXTERNAL]|Bytes:27
14:57:10.0 (2854505)|METHOD_ENTRY|[1]|01pO00000003MVy|ApprovalController.ApprovalController()
14:57:10.0 (2859721)|STATEMENT_EXECUTE|[1]
14:57:10.0 (2867175)|STATEMENT_EXECUTE|[1]
14:57:10.0 (2876976)|METHOD_EXIT|[1]|ApprovalController
14:57:10.0 (2883603)|HEAP_ALLOCATE|[EXTERNAL]|Bytes:18
14:57:10.0 (2899100)|SYSTEM_MODE_ENTER|false
14:57:10.0 (2910516)|VARIABLE_SCOPE_BEGIN|[15]|opportunityId|String|false|false
14:57:10.0 (2937525)|VARIABLE_ASSIGNMENT|[15]|opportunityId|"006O0000009HErlIAG"
14:57:10.0 (2952246)|STATEMENT_EXECUTE|[15]
14:57:10.0 (2954943)|STATEMENT_EXECUTE|[18]
14:57:10.0 (2960611)|HEAP_ALLOCATE|[18]|Bytes:589
14:57:10.0 (2974935)|HEAP_ALLOCATE|[18]|Bytes:4
14:57:10.0 (2994506)|HEAP_ALLOCATE|[18]|Bytes:7
14:57:10.0 (3053899)|HEAP_ALLOCATE|[50]|Bytes:5
14:57:10.0 (3082903)|HEAP_ALLOCATE|[56]|Bytes:5
14:57:10.0 (3098128)|HEAP_ALLOCATE|[64]|Bytes:7
14:57:10.0 (4740930)|SOQL_EXECUTE_BEGIN|[18]|Aggregations:0|SELECT Id, name, Gate_Status__c, TSF_Gate_Status__c, CRA_Gate_Status__c, StageName, Competitor_Analysis_General_Comments__c, Are_there_any_critical_risks__c, Has_CRA_changed_since_last_approval__c, Has_TSF_changed_since_last_approval__c, Apply_Default_Bonding__c, Conversion_Budget_Comments__c, Is_Gate_1_To_3__c, Is_Gate_4_To_5__c, Net_Budget_EOI_PQ__c, Net_Budget_Post_Tender__c, Net_Budget_Tender__c, Net_Budget_Amount__c, Total_Budget_EOI_PQ__c, Total_Budget_Tender__c, Total_Budget_AUD__c, Total_Budget_Post_Tender__c, JH_Bid_Cost_of_JH_Revenue__c FROM Opportunity WHERE Id = :tmpVar1
14:57:10.0 (4757919)|LIMIT_USAGE|[18]|SOQL|1|100
14:57:10.0 (4770375)|LIMIT_USAGE|[18]|AGGS|0|300
14:57:10.0 (35319831)|SOQL_EXECUTE_END|[18]|Rows:1
14:57:10.0 (35335304)|LIMIT_USAGE|[18]|SOQL_ROWS|1|50000
14:57:10.0 (35359591)|HEAP_ALLOCATE|[18]|Bytes:8
14:57:10.0 (35374596)|HEAP_ALLOCATE|[18]|Bytes:972
14:57:10.0 (35539357)|HEAP_ALLOCATE|[18]|Bytes:8
14:57:10.0 (35568784)|VARIABLE_SCOPE_BEGIN|[18]|allOpps|List<Opportunity>|true|false
14:57:10.0 (35628777)|VARIABLE_ASSIGNMENT|[18]|allOpps|[{"Id":"006O0000009HErlIAG","Name":"Lismore Base Hospita (15 more) ...","Gate_Status__c":"Not Started","TSF_Gate_Status__c":"Not Applicable","CRA_Gate_Status__c":"Not Applicable","StageName":"Gate 3","Competitor_Analysis_ (19 more) ...":"Competitor analysis  (16 more) ...","Apply_Default_Bondin (4 more) ...":false,"Conversion_Budget_Co (9 more) ...":"Conversion Budget No (3 more) ...","Is_Gate_1_To_3__c":true,"Is_Gate_4_To_5__c":false,"Net_Budget_EOI_PQ__c":449000,"Net_Budget_Post_Tend (5 more) ...":449000,"Net_Budget_Tender__c":449000,"Net_Budget_Amount__c":1347000,"Total_Budget_EOI_PQ_ (2 more) ...":450000,"Total_Budget_Tender_ (2 more) ...":450000,"Total_Budget_AUD__c":1350000,"Total_Budget_Post_Te (7 more) ...":450000,"JH_Bid_Cost_of_JH_Re (8 more) ...":18.0}]|0x5e0ac912
14:57:10.0 (35638905)|STATEMENT_EXECUTE|[38]
14:57:10.0 (35656946)|SYSTEM_MODE_EXIT|false
14:57:10.35 (35684389)|CUMULATIVE_LIMIT_USAGE
14:57:10.35 (35684389)|LIMIT_USAGE_FOR_NS|(default)|
  Number of SOQL queries: 1 out of 100
  Number of query rows: 1 out of 50000
  Number of SOSL queries: 0 out of 20
  Number of DML statements: 0 out of 150
  Number of DML rows: 0 out of 10000
  Maximum CPU time: 0 out of 10000
  Maximum heap size: 0 out of 6000000
  Number of callouts: 0 out of 100
  Number of Email Invocations: 0 out of 10
  Number of future calls: 0 out of 50
  Number of queueable jobs added to the queue: 0 out of 50
  Number of Mobile Apex push calls: 0 out of 10

14:57:10.35 (35684389)|TOTAL_EMAIL_RECIPIENTS_QUEUED|0
14:57:10.35 (35684389)|STATIC_VARIABLE_LIST|
  char[]:DigitTens:0
  long:serialVersionUID:0
  long:serialVersionUID:0
  double:MAX_VALUE:0
  Boolean:FALSE:0
  long:serialVersionUID:0
  double:MIN_VALUE:0
  int:SIZE:0
  double:NEGATIVE_INFINITY:0
  int:MAX_VALUE:0
  String:_sfdcSuppressedCodeLocations:0
  char[]:digits:0
  double:NaN:0
  Boolean:TRUE:0
  int:MIN_VALUE:0
  char[]:DigitOnes:0
  int:BYTES:0
  int:MIN_EXPONENT:0
  int[]:sizeTable:0
  int:MAX_EXPONENT:0
  int:SIZE:0
  double:POSITIVE_INFINITY:0
  String:_sfdcAdditionalCodeLocations:0
  double:MIN_NORMAL:0
  int:BYTES:0

14:57:10.35 (35684389)|CUMULATIVE_LIMIT_USAGE_END

14:57:10.0 (35817826)|CODE_UNIT_FINISHED|ApprovalController.getOpportunityRecord
14:57:10.124 (124011836)|CUMULATIVE_PROFILING_BEGIN
14:57:10.124 (124011836)|CUMULATIVE_PROFILING|SOQL operations|
Class.ApprovalController.getOpportunityRecord: line 18, column 1: [SELECT   Id,name,
                                                           			Gate_Status__c,
                                                           			TSF_Gate_Status__c,
                                                           			CRA_Gate_Status__c,
                                                           			StageName,
                                    								Competitor_Analysis_General_Comments__c,
                                    								Are_there_any_critical_risks__c,
                                    								Has_CRA_changed_since_last_approval__c,
                                    								Has_TSF_changed_since_last_approval__c,
                                    								Apply_Default_Bonding__c,
                                    								Conversion_Budget_Comments__c,
                                    								Is_Gate_1_To_3__c, Is_Gate_4_To_5__c,
                                    								Net_Budget_EOI_PQ__c, Net_Budget_Post_Tender__c, 
                                    								Net_Budget_Tender__c, Net_Budget_Amount__c,
                                    								Total_Budget_EOI_PQ__c, Total_Budget_Tender__c, 
                                    								Total_Budget_AUD__c, Total_Budget_Post_Tender__c, 
                                    								JH_Bid_Cost_of_JH_Revenue__c
                                 							FROM     Opportunity
                                 							WHERE    Id = :opportunityId]: executed 1 time in 33 ms

14:57:10.124 (124011836)|CUMULATIVE_PROFILING|No profiling information for SOSL operations
14:57:10.124 (124011836)|CUMULATIVE_PROFILING|No profiling information for DML operations
14:57:10.124 (124011836)|CUMULATIVE_PROFILING|method invocations|
External entry point: public static List<Opportunity> getOpportunityRecord(String): executed 1 time in 33 ms

14:57:10.124 (124011836)|CUMULATIVE_PROFILING_END
