39.0 APEX_CODE,FINEST;APEX_PROFILING,FINEST;CALLOUT,NONE;DB,FINEST;SYSTEM,FINE;VALIDATION,INFO;VISUALFORCE,INFO;WAVE,INFO;WORKFLOW,FINER
14:54:14.4 (4119022)|USER_INFO|[EXTERNAL]|00528000006B07F|dev@systempartners.com.prod.pcphase2|Australian Eastern Standard Time|GMT+11:00
14:54:14.4 (4150874)|EXECUTION_STARTED
14:54:14.4 (4154688)|CODE_UNIT_STARTED|[EXTERNAL]|VisualForce View State
14:54:14.4 (557452379)|HEAP_ALLOCATE|[72]|Bytes:3
14:54:14.4 (557494895)|HEAP_ALLOCATE|[77]|Bytes:152
14:54:14.4 (557513648)|HEAP_ALLOCATE|[342]|Bytes:408
14:54:14.4 (557534833)|HEAP_ALLOCATE|[355]|Bytes:408
14:54:14.4 (557553712)|HEAP_ALLOCATE|[467]|Bytes:48
14:54:14.4 (557591960)|HEAP_ALLOCATE|[139]|Bytes:6
14:54:14.4 (557634267)|HEAP_ALLOCATE|[50]|Bytes:5
14:54:14.4 (557668079)|HEAP_ALLOCATE|[56]|Bytes:5
14:54:14.4 (557685259)|HEAP_ALLOCATE|[64]|Bytes:7
14:54:14.4 (560001634)|CODE_UNIT_FINISHED|VisualForce View State
14:54:14.4 (562056051)|EXECUTION_FINISHED
14:54:14.563 (563864881)|USER_INFO|[EXTERNAL]|00528000006B07F|dev@systempartners.com.prod.pcphase2|Australian Eastern Standard Time|GMT+11:00
14:54:14.563 (563903461)|SYSTEM_MODE_ENTER|true
14:54:14.563 (563969372)|HEAP_ALLOCATE|[EXTERNAL]|Bytes:38
14:54:14.563 (563977307)|HEAP_ALLOCATE|[EXTERNAL]|Bytes:7
14:54:14.563 (563987481)|SYSTEM_METHOD_ENTRY|[1]|PageMessagesComponentController.PageMessagesComponentController()
14:54:14.563 (563991354)|STATEMENT_EXECUTE|[1]
14:54:15.942 (1942974121)|CUMULATIVE_LIMIT_USAGE
14:54:15.942 (1942974121)|LIMIT_USAGE_FOR_NS|(default)|
  Number of SOQL queries: 0 out of 100
  Number of query rows: 0 out of 50000
  Number of SOSL queries: 0 out of 20
  Number of DML statements: 0 out of 150
  Number of DML rows: 0 out of 10000
  Maximum CPU time: 0 out of 10000
  Maximum heap size: 0 out of 6000000
  Number of callouts: 0 out of 100
  Number of Email Invocations: 0 out of 10
  Number of future calls: 0 out of 50
  Number of queueable jobs added to the queue: 0 out of 50
  Number of Mobile Apex push calls: 0 out of 10

14:54:15.942 (1942974121)|CUMULATIVE_LIMIT_USAGE_END

