39.0 APEX_CODE,FINEST;APEX_PROFILING,FINEST;CALLOUT,INFO;DB,INFO;SYSTEM,DEBUG;VALIDATION,INFO;VISUALFORCE,INFO;WAVE,INFO;WORKFLOW,INFO
11:44:32.0 (722696)|USER_INFO|[EXTERNAL]|00528000006B07F|dev@systempartners.com.prod.pcphase2|Australian Eastern Standard Time|GMT+11:00
11:44:32.0 (809192)|EXECUTION_STARTED
11:44:32.0 (815045)|CODE_UNIT_STARTED|[EXTERNAL]|Workflow:01I28000001nkgq
11:44:32.0 (14915356)|WF_RULE_EVAL_BEGIN|Workflow
11:44:32.0 (14954580)|WF_CRITERIA_BEGIN|[Business Unit: South East Asia (SEA) a0BO000000FmKyO]|Outbound Message - Business Unit|01QO00000009Lj4|ON_ALL_CHANGES|0
11:44:32.0 (16846987)|WF_RULE_FILTER|[Business Unit : Business Unit Name not equal to ]
11:44:32.0 (16866351)|WF_RULE_EVAL_VALUE|South East Asia (SEA)
11:44:32.0 (16870924)|WF_CRITERIA_END|true
11:44:32.0 (17375730)|WF_SPOOL_ACTION_BEGIN|Workflow
11:44:32.0 (17409646)|WF_RULE_INVOCATION|[Business Unit: South East Asia (SEA) a0BO000000FmKyO]
11:44:32.0 (17427116)|WF_OUTBOUND_MSG|[Business Unit: South East Asia (SEA) a0BO000000FmKyO]|Id=04kO00000004D78|CurrentRule:Outbound Message - Business Unit (Id=01QO00000009Lj4)
11:44:32.0 (17453293)|WF_ACTION| Outbound Message: 1;
11:44:32.0 (17457273)|WF_RULE_EVAL_END
11:44:32.0 (28543555)|WF_ACTIONS_END| Outbound Message: 1;
11:44:32.0 (28559654)|CODE_UNIT_FINISHED|Workflow:01I28000001nkgq
11:44:32.0 (28569072)|EXECUTION_FINISHED
11:44:32.108 (108730993)|CUMULATIVE_PROFILING_BEGIN
11:44:32.108 (108730993)|CUMULATIVE_PROFILING|No profiling information for SOQL operations
11:44:32.108 (108730993)|CUMULATIVE_PROFILING|No profiling information for SOSL operations
11:44:32.108 (108730993)|CUMULATIVE_PROFILING|No profiling information for DML operations
11:44:32.108 (108730993)|CUMULATIVE_PROFILING|No profiling information for method invocations
11:44:32.108 (108730993)|CUMULATIVE_PROFILING_END
