39.0 APEX_CODE,FINEST;APEX_PROFILING,FINEST;CALLOUT,INFO;DB,INFO;SYSTEM,DEBUG;VALIDATION,INFO;VISUALFORCE,INFO;WAVE,INFO;WORKFLOW,INFO
12:39:32.0 (473319)|USER_INFO|[EXTERNAL]|00528000006B07F|dev@systempartners.com.prod.pcphase2|Australian Eastern Standard Time|GMT+11:00
12:39:32.0 (510816)|EXECUTION_STARTED
12:39:32.0 (517217)|CODE_UNIT_STARTED|[EXTERNAL]|aura
12:39:32.0 (1025908)|HEAP_ALLOCATE|[72]|Bytes:3
12:39:32.0 (1078634)|HEAP_ALLOCATE|[77]|Bytes:152
12:39:32.0 (1109216)|HEAP_ALLOCATE|[342]|Bytes:408
12:39:32.0 (1143734)|HEAP_ALLOCATE|[355]|Bytes:408
12:39:32.0 (1174603)|HEAP_ALLOCATE|[467]|Bytes:48
12:39:32.0 (1222325)|HEAP_ALLOCATE|[139]|Bytes:6
12:39:32.0 (1263229)|HEAP_ALLOCATE|[EXTERNAL]|Bytes:18
12:39:32.0 (1274939)|HEAP_ALLOCATE|[EXTERNAL]|Bytes:18
12:39:32.0 (2996568)|CODE_UNIT_STARTED|[EXTERNAL]|01pO00000003MVy|ApprovalController.getOpportunityRecord
12:39:32.0 (3121264)|HEAP_ALLOCATE|[EXTERNAL]|Bytes:5
12:39:32.0 (3127751)|HEAP_ALLOCATE|[EXTERNAL]|Bytes:8
12:39:32.0 (3137934)|METHOD_ENTRY|[1]|01pO00000003MVy|ApprovalController.ApprovalController()
12:39:32.0 (3141285)|STATEMENT_EXECUTE|[1]
12:39:32.0 (3148493)|STATEMENT_EXECUTE|[1]
12:39:32.0 (3154736)|METHOD_EXIT|[1]|ApprovalController
12:39:32.0 (3158712)|HEAP_ALLOCATE|[EXTERNAL]|Bytes:18
12:39:32.0 (3167727)|SYSTEM_MODE_ENTER|false
12:39:32.0 (3178998)|VARIABLE_SCOPE_BEGIN|[15]|opportunityId|String|false|false
12:39:32.0 (3202931)|VARIABLE_ASSIGNMENT|[15]|opportunityId|"006O0000008kRsJIAU"
12:39:32.0 (3212979)|STATEMENT_EXECUTE|[15]
12:39:32.0 (3214441)|STATEMENT_EXECUTE|[18]
12:39:32.0 (3217435)|HEAP_ALLOCATE|[18]|Bytes:589
12:39:32.0 (3232953)|HEAP_ALLOCATE|[18]|Bytes:4
12:39:32.0 (3247984)|HEAP_ALLOCATE|[18]|Bytes:7
12:39:32.0 (3298979)|HEAP_ALLOCATE|[50]|Bytes:5
12:39:32.0 (3326091)|HEAP_ALLOCATE|[56]|Bytes:5
12:39:32.0 (3334200)|HEAP_ALLOCATE|[64]|Bytes:7
12:39:32.0 (4445833)|SOQL_EXECUTE_BEGIN|[18]|Aggregations:0|SELECT Id, name, Gate_Status__c, TSF_Gate_Status__c, CRA_Gate_Status__c, StageName, Competitor_Analysis_General_Comments__c, Are_there_any_critical_risks__c, Has_CRA_changed_since_last_approval__c, Has_TSF_changed_since_last_approval__c, Apply_Default_Bonding__c, Conversion_Budget_Comments__c, Is_Gate_1_To_3__c, Is_Gate_4_To_5__c, Net_Budget_EOI_PQ__c, Net_Budget_Post_Tender__c, Net_Budget_Tender__c, Net_Budget_Amount__c, Total_Budget_EOI_PQ__c, Total_Budget_Tender__c, Total_Budget_AUD__c, Total_Budget_Post_Tender__c, JH_Bid_Cost_of_JH_Revenue__c FROM Opportunity WHERE Id = :tmpVar1
12:39:32.0 (4466342)|LIMIT_USAGE|[18]|SOQL|1|100
12:39:32.0 (4481728)|LIMIT_USAGE|[18]|AGGS|0|300
12:39:32.0 (44649490)|SOQL_EXECUTE_END|[18]|Rows:1
12:39:32.0 (44667352)|LIMIT_USAGE|[18]|SOQL_ROWS|1|50000
12:39:32.0 (44692090)|HEAP_ALLOCATE|[18]|Bytes:8
12:39:32.0 (44712202)|HEAP_ALLOCATE|[18]|Bytes:847
12:39:32.0 (44766966)|HEAP_ALLOCATE|[18]|Bytes:8
12:39:32.0 (44790689)|VARIABLE_SCOPE_BEGIN|[18]|allOpps|List<Opportunity>|true|false
12:39:32.0 (44848068)|VARIABLE_ASSIGNMENT|[18]|allOpps|[{"Id":"006O0000008kRsJIAU","Name":"Test Alex 15 Mar 124 (3 more) ...","Gate_Status__c":"Reviewing Approvers","TSF_Gate_Status__c":"Not Applicable","CRA_Gate_Status__c":"Not Applicable","StageName":"Gate 1","Are_there_any_critic (11 more) ...":"No","Has_CRA_changed_sinc (18 more) ...":"Yes","Apply_Default_Bondin (4 more) ...":true,"Is_Gate_1_To_3__c":true,"Is_Gate_4_To_5__c":false,"Net_Budget_EOI_PQ__c":0,"Net_Budget_Post_Tend (5 more) ...":0,"Net_Budget_Tender__c":0,"Net_Budget_Amount__c":0,"Total_Budget_EOI_PQ_ (2 more) ...":0,"Total_Budget_Tender_ (2 more) ...":0,"Total_Budget_AUD__c":0,"Total_Budget_Post_Te (7 more) ...":0}]|0x482e662b
12:39:32.0 (44862564)|STATEMENT_EXECUTE|[38]
12:39:32.0 (44877543)|SYSTEM_MODE_EXIT|false
12:39:32.44 (44903233)|CUMULATIVE_LIMIT_USAGE
12:39:32.44 (44903233)|LIMIT_USAGE_FOR_NS|(default)|
  Number of SOQL queries: 1 out of 100
  Number of query rows: 1 out of 50000
  Number of SOSL queries: 0 out of 20
  Number of DML statements: 0 out of 150
  Number of DML rows: 0 out of 10000
  Maximum CPU time: 0 out of 10000
  Maximum heap size: 0 out of 6000000
  Number of callouts: 0 out of 100
  Number of Email Invocations: 0 out of 10
  Number of future calls: 0 out of 50
  Number of queueable jobs added to the queue: 0 out of 50
  Number of Mobile Apex push calls: 0 out of 10

12:39:32.44 (44903233)|TOTAL_EMAIL_RECIPIENTS_QUEUED|0
12:39:32.44 (44903233)|STATIC_VARIABLE_LIST|
  char[]:DigitTens:0
  long:serialVersionUID:0
  long:serialVersionUID:0
  double:MAX_VALUE:0
  Boolean:FALSE:0
  long:serialVersionUID:0
  double:MIN_VALUE:0
  int:SIZE:0
  double:NEGATIVE_INFINITY:0
  int:MAX_VALUE:0
  String:_sfdcSuppressedCodeLocations:0
  char[]:digits:0
  double:NaN:0
  Boolean:TRUE:0
  int:MIN_VALUE:0
  char[]:DigitOnes:0
  int:BYTES:0
  int:MIN_EXPONENT:0
  int[]:sizeTable:0
  int:MAX_EXPONENT:0
  int:SIZE:0
  double:POSITIVE_INFINITY:0
  String:_sfdcAdditionalCodeLocations:0
  double:MIN_NORMAL:0
  int:BYTES:0

12:39:32.44 (44903233)|CUMULATIVE_LIMIT_USAGE_END

12:39:32.0 (45041771)|CODE_UNIT_FINISHED|ApprovalController.getOpportunityRecord
12:39:32.146 (146894126)|CUMULATIVE_PROFILING_BEGIN
12:39:32.146 (146894126)|CUMULATIVE_PROFILING|SOQL operations|
Class.ApprovalController.getOpportunityRecord: line 18, column 1: [SELECT   Id,name,
                                                           			Gate_Status__c,
                                                           			TSF_Gate_Status__c,
                                                           			CRA_Gate_Status__c,
                                                           			StageName,
                                    								Competitor_Analysis_General_Comments__c,
                                    								Are_there_any_critical_risks__c,
                                    								Has_CRA_changed_since_last_approval__c,
                                    								Has_TSF_changed_since_last_approval__c,
                                    								Apply_Default_Bonding__c,
                                    								Conversion_Budget_Comments__c,
                                    								Is_Gate_1_To_3__c, Is_Gate_4_To_5__c,
                                    								Net_Budget_EOI_PQ__c, Net_Budget_Post_Tender__c, 
                                    								Net_Budget_Tender__c, Net_Budget_Amount__c,
                                    								Total_Budget_EOI_PQ__c, Total_Budget_Tender__c, 
                                    								Total_Budget_AUD__c, Total_Budget_Post_Tender__c, 
                                    								JH_Bid_Cost_of_JH_Revenue__c
                                 							FROM     Opportunity
                                 							WHERE    Id = :opportunityId]: executed 1 time in 42 ms

12:39:32.146 (146894126)|CUMULATIVE_PROFILING|No profiling information for SOSL operations
12:39:32.146 (146894126)|CUMULATIVE_PROFILING|No profiling information for DML operations
12:39:32.146 (146894126)|CUMULATIVE_PROFILING|method invocations|
External entry point: public static List<Opportunity> getOpportunityRecord(String): executed 1 time in 42 ms

12:39:32.146 (146894126)|CUMULATIVE_PROFILING_END
