39.0 APEX_CODE,FINEST;APEX_PROFILING,FINEST;CALLOUT,NONE;DB,FINEST;SYSTEM,FINE;VALIDATION,INFO;VISUALFORCE,INFO;WAVE,INFO;WORKFLOW,FINER
10:28:46.0 (273105)|USER_INFO|[EXTERNAL]|00528000006B07F|dev@systempartners.com.prod.pcphase2|Australian Eastern Standard Time|GMT+11:00
10:28:46.0 (298489)|EXECUTION_STARTED
10:28:46.0 (302420)|CODE_UNIT_STARTED|[EXTERNAL]|aura
10:28:46.0 (599111)|HEAP_ALLOCATE|[72]|Bytes:3
10:28:46.0 (638488)|HEAP_ALLOCATE|[77]|Bytes:152
10:28:46.0 (653994)|HEAP_ALLOCATE|[342]|Bytes:408
10:28:46.0 (674559)|HEAP_ALLOCATE|[355]|Bytes:408
10:28:46.0 (694419)|HEAP_ALLOCATE|[467]|Bytes:48
10:28:46.0 (720838)|HEAP_ALLOCATE|[139]|Bytes:6
10:28:46.0 (741420)|HEAP_ALLOCATE|[EXTERNAL]|Bytes:18
10:28:46.0 (750070)|HEAP_ALLOCATE|[EXTERNAL]|Bytes:18
10:28:46.0 (1865600)|CODE_UNIT_STARTED|[EXTERNAL]|01pO0000000372v|KCRAController.getAllKCRARecords
10:28:46.0 (2005064)|HEAP_ALLOCATE|[EXTERNAL]|Bytes:5
10:28:46.0 (2011281)|HEAP_ALLOCATE|[EXTERNAL]|Bytes:14
10:28:46.0 (2020710)|METHOD_ENTRY|[11]|01pO0000000372v|KCRAController.KCRAController()
10:28:46.0 (2023934)|STATEMENT_EXECUTE|[11]
10:28:46.0 (2028903)|STATEMENT_EXECUTE|[11]
10:28:46.0 (2033305)|METHOD_EXIT|[11]|KCRAController
10:28:46.0 (2036699)|HEAP_ALLOCATE|[EXTERNAL]|Bytes:18
10:28:46.0 (2044803)|SYSTEM_MODE_ENTER|false
10:28:46.0 (2052937)|VARIABLE_SCOPE_BEGIN|[14]|opportunityId|String|false|false
10:28:46.0 (2071581)|VARIABLE_ASSIGNMENT|[14]|opportunityId|"006O0000008kyoyIAA"
10:28:46.0 (2079345)|STATEMENT_EXECUTE|[14]
10:28:46.0 (2080674)|STATEMENT_EXECUTE|[17]
10:28:46.0 (2083868)|HEAP_ALLOCATE|[17]|Bytes:204
10:28:46.0 (2096466)|HEAP_ALLOCATE|[17]|Bytes:4
10:28:46.0 (2108103)|HEAP_ALLOCATE|[17]|Bytes:7
10:28:46.0 (2154216)|HEAP_ALLOCATE|[50]|Bytes:5
10:28:46.0 (2177184)|HEAP_ALLOCATE|[56]|Bytes:5
10:28:46.0 (2185681)|HEAP_ALLOCATE|[64]|Bytes:7
10:28:46.0 (2621285)|SOQL_EXECUTE_BEGIN|[17]|Aggregations:0|SELECT Id, name, recordtypeId, applicable__c, approved__c, itemno__c, KCRA_Item__c, Opportunity__c FROM Key_Commercial_Risks_Approvals__c WHERE Opportunity__c = :tmpVar1 ORDER BY itemno__c ASC NULLS FIRST
10:28:46.0 (2634405)|LIMIT_USAGE|[17]|SOQL|1|100
10:28:46.0 (2644776)|LIMIT_USAGE|[17]|AGGS|0|300
10:28:46.0 (7987220)|SOQL_EXECUTE_END|[17]|Rows:24
10:28:46.0 (7994027)|LIMIT_USAGE|[17]|SOQL_ROWS|24|50000
10:28:46.0 (8007260)|HEAP_ALLOCATE|[17]|Bytes:100
10:28:46.0 (8082280)|HEAP_ALLOCATE|[17]|Bytes:6911
10:28:46.0 (8112242)|HEAP_ALLOCATE|[17]|Bytes:100
10:28:46.0 (8122174)|VARIABLE_SCOPE_BEGIN|[17]|allKCRAs|List<Key_Commercial_Risks_Approvals__c>|true|false
10:28:46.0 (8137671)|VARIABLE_ASSIGNMENT|[17]|allKCRAs|"List of size 24 too large to display"|0xa3deba7
10:28:46.0 (8141097)|STATEMENT_EXECUTE|[27]
10:28:46.0 (8150652)|SYSTEM_MODE_EXIT|false
10:28:46.8 (8167939)|CUMULATIVE_LIMIT_USAGE
10:28:46.8 (8167939)|LIMIT_USAGE_FOR_NS|(default)|
  Number of SOQL queries: 1 out of 100
  Number of query rows: 24 out of 50000
  Number of SOSL queries: 0 out of 20
  Number of DML statements: 0 out of 150
  Number of DML rows: 0 out of 10000
  Maximum CPU time: 0 out of 10000
  Maximum heap size: 0 out of 6000000
  Number of callouts: 0 out of 100
  Number of Email Invocations: 0 out of 10
  Number of future calls: 0 out of 50
  Number of queueable jobs added to the queue: 0 out of 50
  Number of Mobile Apex push calls: 0 out of 10

10:28:46.8 (8167939)|TOTAL_EMAIL_RECIPIENTS_QUEUED|0
10:28:46.8 (8167939)|STATIC_VARIABLE_LIST|
  char[]:DigitTens:0
  long:serialVersionUID:0
  long:serialVersionUID:0
  double:MAX_VALUE:0
  Boolean:FALSE:0
  long:serialVersionUID:0
  String:_sfdcAdditionalCodeLocations:0
  double:MIN_VALUE:0
  int:SIZE:0
  double:NEGATIVE_INFINITY:0
  int:MAX_VALUE:0
  char[]:digits:0
  double:NaN:0
  Boolean:TRUE:0
  int:MIN_VALUE:0
  char[]:DigitOnes:0
  int:BYTES:0
  int:MIN_EXPONENT:0
  int[]:sizeTable:0
  int:MAX_EXPONENT:0
  String:_sfdcSuppressedCodeLocations:0
  int:SIZE:0
  double:POSITIVE_INFINITY:0
  double:MIN_NORMAL:0
  int:BYTES:0

10:28:46.8 (8167939)|CUMULATIVE_LIMIT_USAGE_END

10:28:46.0 (8263038)|CODE_UNIT_FINISHED|KCRAController.getAllKCRARecords
10:28:46.0 (8633811)|HEAP_ALLOCATE|[EXTERNAL]|Bytes:18
10:28:46.0 (8641212)|HEAP_ALLOCATE|[EXTERNAL]|Bytes:18
10:28:46.0 (10349923)|CODE_UNIT_STARTED|[EXTERNAL]|01pO00000003Dck|PRAController.getAllPRARecords
10:28:46.0 (10407492)|HEAP_ALLOCATE|[EXTERNAL]|Bytes:11
10:28:46.0 (10412979)|HEAP_ALLOCATE|[EXTERNAL]|Bytes:11
10:28:46.0 (10420128)|METHOD_ENTRY|[1]|01pO00000003Dck|PRAController.PRAController()
10:28:46.0 (10422701)|STATEMENT_EXECUTE|[1]
10:28:46.0 (10425941)|STATEMENT_EXECUTE|[1]
10:28:46.0 (10429620)|METHOD_EXIT|[1]|PRAController
10:28:46.0 (10432787)|HEAP_ALLOCATE|[EXTERNAL]|Bytes:18
10:28:46.0 (10439002)|SYSTEM_MODE_ENTER|false
10:28:46.0 (10443900)|VARIABLE_SCOPE_BEGIN|[15]|opportunityId|String|false|false
10:28:46.0 (10450611)|VARIABLE_ASSIGNMENT|[15]|opportunityId|"006O0000008kyoyIAA"
10:28:46.0 (10456053)|STATEMENT_EXECUTE|[15]
10:28:46.0 (10457495)|STATEMENT_EXECUTE|[18]
10:28:46.0 (10460815)|HEAP_ALLOCATE|[18]|Bytes:508
10:28:46.0 (10467210)|HEAP_ALLOCATE|[18]|Bytes:4
10:28:46.0 (11084118)|SOQL_EXECUTE_BEGIN|[18]|Aggregations:0|SELECT Id, name, Category__c, Is_Critical_Risk__c, ItemNo__c, Mitigation_Strategy__c, Rating__c, Risk_Item__c, description__c, Help_Text_0A__c, Help_Text_0B__c, Help_Text_0C__c, Help_Text_1A__c, Help_Text_1B__c, Help_Text_1C__c, Help_Text_2A__c, Help_Text_2B__c, Help_Text_2C__c, Help_Text_3A__c, Help_Text_3B__c, Help_Text_3C__c, Mitigation_Advice__c, Selected_Indicators__c, Selected_Indicators_With_Text__c FROM Project_Risk_Assessment__c WHERE Opportunity__c = :tmpVar1 ORDER BY ItemNo__c ASC NULLS FIRST
10:28:46.0 (11093561)|LIMIT_USAGE|[18]|SOQL|2|100
10:28:46.0 (11099829)|LIMIT_USAGE|[18]|AGGS|0|300
10:28:46.0 (34839534)|SOQL_EXECUTE_END|[18]|Rows:25
10:28:46.0 (34850324)|LIMIT_USAGE|[18]|SOQL_ROWS|49|50000
10:28:46.0 (34866970)|HEAP_ALLOCATE|[18]|Bytes:104
10:28:46.0 (34924752)|HEAP_ALLOCATE|[18]|Bytes:9056
10:28:46.0 (34960503)|HEAP_ALLOCATE|[18]|Bytes:104
10:28:46.0 (34977995)|VARIABLE_SCOPE_BEGIN|[18]|allPRAs|List<Project_Risk_Assessment__c>|true|false
10:28:46.0 (34997570)|VARIABLE_ASSIGNMENT|[18]|allPRAs|"List of size 25 too large to display"|0x273fd192
10:28:46.0 (35002066)|STATEMENT_EXECUTE|[26]
10:28:46.0 (35014780)|SYSTEM_MODE_EXIT|false
10:28:46.35 (35032539)|CUMULATIVE_LIMIT_USAGE
10:28:46.35 (35032539)|LIMIT_USAGE_FOR_NS|(default)|
  Number of SOQL queries: 2 out of 100
  Number of query rows: 49 out of 50000
  Number of SOSL queries: 0 out of 20
  Number of DML statements: 0 out of 150
  Number of DML rows: 0 out of 10000
  Maximum CPU time: 0 out of 10000
  Maximum heap size: 0 out of 6000000
  Number of callouts: 0 out of 100
  Number of Email Invocations: 0 out of 10
  Number of future calls: 0 out of 50
  Number of queueable jobs added to the queue: 0 out of 50
  Number of Mobile Apex push calls: 0 out of 10

10:28:46.35 (35032539)|TOTAL_EMAIL_RECIPIENTS_QUEUED|0
10:28:46.35 (35032539)|STATIC_VARIABLE_LIST|
  char[]:DigitTens:0
  long:serialVersionUID:0
  long:serialVersionUID:0
  double:MAX_VALUE:0
  Boolean:FALSE:0
  long:serialVersionUID:0
  String:_sfdcAdditionalCodeLocations:0
  double:MIN_VALUE:0
  int:SIZE:0
  double:NEGATIVE_INFINITY:0
  int:MAX_VALUE:0
  char[]:digits:0
  double:NaN:0
  Boolean:TRUE:0
  int:MIN_VALUE:0
  String:_sfdcSuppressedCodeLocations:0
  char[]:DigitOnes:0
  int:BYTES:0
  int:MIN_EXPONENT:0
  int[]:sizeTable:0
  int:MAX_EXPONENT:0
  String:_sfdcSuppressedCodeLocations:0
  String:_sfdcAdditionalCodeLocations:0
  int:SIZE:0
  double:POSITIVE_INFINITY:0
  double:MIN_NORMAL:0
  int:BYTES:0

10:28:46.35 (35032539)|CUMULATIVE_LIMIT_USAGE_END

10:28:46.0 (35156626)|CODE_UNIT_FINISHED|PRAController.getAllPRARecords
10:28:46.171 (171075145)|CUMULATIVE_PROFILING_BEGIN
10:28:46.171 (171075145)|CUMULATIVE_PROFILING|SOQL operations|
Class.PRAController.getAllPRARecords: line 18, column 1: [SELECT Id,name,Category__c,Is_Critical_Risk__c,ItemNo__c,Mitigation_Strategy__c,Rating__c,Risk_Item__c,
                                                             		description__c,Help_Text_0A__c,Help_Text_0B__c,Help_Text_0C__c,Help_Text_1A__c,Help_Text_1B__c, 
                                                             		Help_Text_1C__c,Help_Text_2A__c,Help_Text_2B__c,Help_Text_2C__c,Help_Text_3A__c,Help_Text_3B__c,
                                                             		Help_Text_3C__c,Mitigation_Advice__c,Selected_Indicators__c,Selected_Indicators_With_Text__c
												   FROM Project_Risk_Assessment__c
                                                   WHERE Opportunity__c = :opportunityId
                                                   ORDER BY ItemNo__c]: executed 1 time in 24 ms
Class.KCRAController.getAllKCRARecords: line 17, column 1: [SELECT   Id,name,
                                                           			recordtypeId,
                                                           			applicable__c,
                                                           			approved__c,
                                                           			itemno__c,
                                                           			KCRA_Item__c,Opportunity__c 
                                 							FROM     Key_Commercial_Risks_Approvals__c 
                                 							WHERE    Opportunity__c = :opportunityId
                                                           	ORDER BY itemno__c]: executed 1 time in 6 ms

10:28:46.171 (171075145)|CUMULATIVE_PROFILING|No profiling information for SOSL operations
10:28:46.171 (171075145)|CUMULATIVE_PROFILING|No profiling information for DML operations
10:28:46.171 (171075145)|CUMULATIVE_PROFILING|method invocations|
External entry point: public static List<Project_Risk_Assessment__c> getAllPRARecords(String): executed 1 time in 25 ms
External entry point: public static List<Key_Commercial_Risks_Approvals__c> getAllKCRARecords(String): executed 1 time in 6 ms

10:28:46.171 (171075145)|CUMULATIVE_PROFILING_END
