37.0 APEX_CODE,FINEST;APEX_PROFILING,FINEST;CALLOUT,INFO;DB,INFO;SYSTEM,DEBUG;VALIDATION,INFO;VISUALFORCE,INFO;WAVE,INFO;WORKFLOW,INFO
14:49:46.11 (11720702)|ENTERING_MANAGED_PKG|dlrs
14:49:46.11 (12265561)|ENTERING_MANAGED_PKG|dlrs
14:49:46.11 (13029936)|ENTERING_MANAGED_PKG|dlrs
14:49:46.11 (13076849)|ENTERING_MANAGED_PKG|dlrs
14:49:46.11 (14115215)|ENTERING_MANAGED_PKG|dlrs
14:49:46.11 (14615758)|ENTERING_MANAGED_PKG|dlrs
14:49:46.11 (24466787)|ENTERING_MANAGED_PKG|dlrs
14:49:46.11 (24737356)|ENTERING_MANAGED_PKG|dlrs
14:49:46.11 (24821692)|ENTERING_MANAGED_PKG|dlrs
14:49:46.11 (100053518)|ENTERING_MANAGED_PKG|dlrs
14:49:46.11 (100164203)|ENTERING_MANAGED_PKG|dlrs
14:49:46.11 (100193015)|ENTERING_MANAGED_PKG|dlrs
14:49:46.11 (100418274)|ENTERING_MANAGED_PKG|dlrs
14:49:46.11 (100438204)|ENTERING_MANAGED_PKG|dlrs
14:49:46.11 (103117096)|ENTERING_MANAGED_PKG|dlrs
14:49:46.11 (103201970)|ENTERING_MANAGED_PKG|dlrs
14:49:46.11 (103245163)|ENTERING_MANAGED_PKG|dlrs
14:49:46.11 (103289521)|ENTERING_MANAGED_PKG|dlrs
14:49:46.11 (103342805)|ENTERING_MANAGED_PKG|dlrs
14:49:46.11 (103406983)|ENTERING_MANAGED_PKG|dlrs
14:49:46.11 (103617213)|ENTERING_MANAGED_PKG|dlrs
14:49:46.11 (103699443)|ENTERING_MANAGED_PKG|dlrs
14:49:46.11 (103773760)|ENTERING_MANAGED_PKG|dlrs
14:49:46.11 (103823993)|ENTERING_MANAGED_PKG|dlrs
14:49:46.11 (104613120)|ENTERING_MANAGED_PKG|dlrs
14:49:46.11 (104647953)|ENTERING_MANAGED_PKG|dlrs
14:49:46.11 (104694016)|ENTERING_MANAGED_PKG|dlrs
14:49:46.11 (104818503)|ENTERING_MANAGED_PKG|dlrs
14:49:46.11 (104887914)|ENTERING_MANAGED_PKG|dlrs
14:49:46.11 (105266153)|ENTERING_MANAGED_PKG|dlrs
14:49:46.11 (105326013)|ENTERING_MANAGED_PKG|dlrs
14:49:46.11 (105356277)|ENTERING_MANAGED_PKG|dlrs
14:49:46.11 (106315555)|ENTERING_MANAGED_PKG|dlrs
14:49:46.11 (106358046)|ENTERING_MANAGED_PKG|dlrs
14:49:46.11 (107351784)|ENTERING_MANAGED_PKG|dlrs
14:49:46.11 (107404654)|ENTERING_MANAGED_PKG|dlrs
14:49:46.11 (108942306)|ENTERING_MANAGED_PKG|dlrs
14:49:46.11 (109204182)|ENTERING_MANAGED_PKG|dlrs
14:49:46.11 (109402067)|ENTERING_MANAGED_PKG|dlrs
14:49:46.11 (109515191)|ENTERING_MANAGED_PKG|dlrs
14:49:46.11 (109846836)|ENTERING_MANAGED_PKG|dlrs
14:49:46.11 (109954607)|ENTERING_MANAGED_PKG|dlrs
14:49:46.11 (110104855)|ENTERING_MANAGED_PKG|dlrs
14:49:46.11 (110304616)|ENTERING_MANAGED_PKG|dlrs
14:49:46.11 (110410360)|ENTERING_MANAGED_PKG|dlrs
14:49:46.11 (110568144)|ENTERING_MANAGED_PKG|dlrs
14:49:46.11 (110756030)|ENTERING_MANAGED_PKG|dlrs
14:49:46.11 (110967456)|ENTERING_MANAGED_PKG|dlrs
14:49:46.11 (111071248)|ENTERING_MANAGED_PKG|dlrs
14:49:46.11 (111204772)|ENTERING_MANAGED_PKG|dlrs
14:49:46.11 (111306450)|ENTERING_MANAGED_PKG|dlrs
14:49:46.11 (111406809)|ENTERING_MANAGED_PKG|dlrs
14:49:46.11 (111540576)|ENTERING_MANAGED_PKG|dlrs
14:49:46.11 (111613447)|ENTERING_MANAGED_PKG|dlrs
14:49:46.11 (111712874)|ENTERING_MANAGED_PKG|dlrs
14:49:46.11 (111812207)|ENTERING_MANAGED_PKG|dlrs
14:49:46.11 (111907093)|ENTERING_MANAGED_PKG|dlrs
14:49:46.11 (112000288)|ENTERING_MANAGED_PKG|dlrs
14:49:46.11 (112125344)|ENTERING_MANAGED_PKG|dlrs
14:49:46.11 (112195271)|ENTERING_MANAGED_PKG|dlrs
14:49:46.11 (112297228)|ENTERING_MANAGED_PKG|dlrs
14:49:46.11 (112391159)|ENTERING_MANAGED_PKG|dlrs
14:49:46.11 (112485174)|ENTERING_MANAGED_PKG|dlrs
14:49:46.11 (112578001)|ENTERING_MANAGED_PKG|dlrs
14:49:46.11 (112671433)|ENTERING_MANAGED_PKG|dlrs
14:49:46.11 (112801495)|ENTERING_MANAGED_PKG|dlrs
14:49:46.11 (112872998)|ENTERING_MANAGED_PKG|dlrs
14:49:46.11 (112971564)|ENTERING_MANAGED_PKG|dlrs
14:49:46.11 (113065034)|ENTERING_MANAGED_PKG|dlrs
14:49:46.11 (113159684)|ENTERING_MANAGED_PKG|dlrs
14:49:46.11 (113253782)|ENTERING_MANAGED_PKG|dlrs
14:49:46.11 (113346842)|ENTERING_MANAGED_PKG|dlrs
14:49:46.11 (113439615)|ENTERING_MANAGED_PKG|dlrs
14:49:46.11 (113561818)|ENTERING_MANAGED_PKG|dlrs
14:49:46.11 (113633517)|ENTERING_MANAGED_PKG|dlrs
14:49:46.11 (113731858)|ENTERING_MANAGED_PKG|dlrs
14:49:46.11 (113837134)|ENTERING_MANAGED_PKG|dlrs
14:49:46.11 (113931745)|ENTERING_MANAGED_PKG|dlrs
14:49:46.11 (114025472)|ENTERING_MANAGED_PKG|dlrs
14:49:46.11 (114123016)|ENTERING_MANAGED_PKG|dlrs
14:49:46.11 (114217950)|ENTERING_MANAGED_PKG|dlrs
14:49:46.11 (114311686)|ENTERING_MANAGED_PKG|dlrs
14:49:46.11 (114438091)|ENTERING_MANAGED_PKG|dlrs
14:49:46.11 (114506841)|ENTERING_MANAGED_PKG|dlrs
14:49:46.11 (114604478)|ENTERING_MANAGED_PKG|dlrs
14:49:46.11 (114699224)|ENTERING_MANAGED_PKG|dlrs
14:49:46.11 (114795538)|ENTERING_MANAGED_PKG|dlrs
14:49:46.11 (114890919)|ENTERING_MANAGED_PKG|dlrs
14:49:46.11 (114984978)|ENTERING_MANAGED_PKG|dlrs
14:49:46.11 (115078114)|ENTERING_MANAGED_PKG|dlrs
14:49:46.11 (115172707)|ENTERING_MANAGED_PKG|dlrs
14:49:46.11 (115265824)|ENTERING_MANAGED_PKG|dlrs
14:49:46.11 (115387748)|ENTERING_MANAGED_PKG|dlrs
14:49:46.11 (115456299)|ENTERING_MANAGED_PKG|dlrs
14:49:46.11 (115553640)|ENTERING_MANAGED_PKG|dlrs
14:49:46.11 (115647938)|ENTERING_MANAGED_PKG|dlrs
14:49:46.11 (115744110)|ENTERING_MANAGED_PKG|dlrs
14:49:46.11 (115843567)|ENTERING_MANAGED_PKG|dlrs
14:49:46.11 (115951038)|ENTERING_MANAGED_PKG|dlrs
14:49:46.11 (116066792)|ENTERING_MANAGED_PKG|dlrs
14:49:46.11 (116163275)|ENTERING_MANAGED_PKG|dlrs
14:49:46.11 (116257883)|ENTERING_MANAGED_PKG|dlrs
14:49:46.11 (116351371)|ENTERING_MANAGED_PKG|dlrs
14:49:46.11 (116474109)|ENTERING_MANAGED_PKG|dlrs
14:49:46.11 (116542825)|ENTERING_MANAGED_PKG|dlrs
14:49:46.11 (116640690)|ENTERING_MANAGED_PKG|dlrs
14:49:46.11 (116734259)|ENTERING_MANAGED_PKG|dlrs
14:49:46.11 (116857009)|ENTERING_MANAGED_PKG|dlrs
14:49:46.11 (116955707)|ENTERING_MANAGED_PKG|dlrs
14:49:46.11 (117049775)|ENTERING_MANAGED_PKG|dlrs
14:49:46.11 (117144602)|ENTERING_MANAGED_PKG|dlrs
14:49:46.11 (117237595)|ENTERING_MANAGED_PKG|dlrs
14:49:46.11 (117330509)|ENTERING_MANAGED_PKG|dlrs
14:49:46.11 (117423264)|ENTERING_MANAGED_PKG|dlrs
14:49:46.11 (117516077)|ENTERING_MANAGED_PKG|dlrs
14:49:46.11 (117638279)|ENTERING_MANAGED_PKG|dlrs
14:49:46.11 (117707082)|ENTERING_MANAGED_PKG|dlrs
14:49:46.11 (117809625)|ENTERING_MANAGED_PKG|dlrs
14:49:46.11 (117904099)|ENTERING_MANAGED_PKG|dlrs
14:49:46.11 (117996828)|ENTERING_MANAGED_PKG|dlrs
14:49:46.11 (118090271)|ENTERING_MANAGED_PKG|dlrs
14:49:46.11 (118184456)|ENTERING_MANAGED_PKG|dlrs
14:49:46.11 (118277258)|ENTERING_MANAGED_PKG|dlrs
14:49:46.11 (118373731)|ENTERING_MANAGED_PKG|dlrs
14:49:46.11 (118468698)|ENTERING_MANAGED_PKG|dlrs
14:49:46.11 (118565931)|ENTERING_MANAGED_PKG|dlrs
14:49:46.11 (118661004)|ENTERING_MANAGED_PKG|dlrs
14:49:46.11 (118758518)|ENTERING_MANAGED_PKG|dlrs
14:49:46.11 (118886733)|ENTERING_MANAGED_PKG|dlrs
14:49:46.11 (118954875)|ENTERING_MANAGED_PKG|dlrs
14:49:46.11 (119052916)|ENTERING_MANAGED_PKG|dlrs
14:49:46.11 (119151316)|ENTERING_MANAGED_PKG|dlrs
14:49:46.11 (119251269)|ENTERING_MANAGED_PKG|dlrs
14:49:46.11 (119345664)|ENTERING_MANAGED_PKG|dlrs
14:49:46.11 (119439123)|ENTERING_MANAGED_PKG|dlrs
14:49:46.11 (119532453)|ENTERING_MANAGED_PKG|dlrs
14:49:46.11 (119631335)|ENTERING_MANAGED_PKG|dlrs
14:49:46.11 (119725502)|ENTERING_MANAGED_PKG|dlrs
14:49:46.11 (119823396)|ENTERING_MANAGED_PKG|dlrs
14:49:46.11 (119917701)|ENTERING_MANAGED_PKG|dlrs
14:49:46.11 (120012505)|ENTERING_MANAGED_PKG|dlrs
14:49:46.11 (120106674)|ENTERING_MANAGED_PKG|dlrs
14:49:46.11 (120228339)|ENTERING_MANAGED_PKG|dlrs
14:49:46.11 (120296520)|ENTERING_MANAGED_PKG|dlrs
14:49:46.11 (120394234)|ENTERING_MANAGED_PKG|dlrs
14:49:46.11 (120488388)|ENTERING_MANAGED_PKG|dlrs
14:49:46.11 (120586677)|ENTERING_MANAGED_PKG|dlrs
14:49:46.11 (120680632)|ENTERING_MANAGED_PKG|dlrs
14:49:46.11 (120774403)|ENTERING_MANAGED_PKG|dlrs
14:49:46.11 (120873621)|ENTERING_MANAGED_PKG|dlrs
14:49:46.11 (120966475)|ENTERING_MANAGED_PKG|dlrs
14:49:46.11 (121059824)|ENTERING_MANAGED_PKG|dlrs
14:49:46.11 (121154058)|ENTERING_MANAGED_PKG|dlrs
14:49:46.11 (121247230)|ENTERING_MANAGED_PKG|dlrs
14:49:46.11 (121340580)|ENTERING_MANAGED_PKG|dlrs
14:49:46.11 (121433626)|ENTERING_MANAGED_PKG|dlrs
14:49:46.11 (121527161)|ENTERING_MANAGED_PKG|dlrs
14:49:46.11 (121649340)|ENTERING_MANAGED_PKG|dlrs
14:49:46.11 (121716933)|ENTERING_MANAGED_PKG|dlrs
14:49:46.11 (121818621)|ENTERING_MANAGED_PKG|dlrs
14:49:46.11 (121914400)|ENTERING_MANAGED_PKG|dlrs
14:49:46.11 (122008166)|ENTERING_MANAGED_PKG|dlrs
14:49:46.11 (122108217)|ENTERING_MANAGED_PKG|dlrs
14:49:46.11 (122202314)|ENTERING_MANAGED_PKG|dlrs
14:49:46.11 (122295752)|ENTERING_MANAGED_PKG|dlrs
14:49:46.11 (122392329)|ENTERING_MANAGED_PKG|dlrs
14:49:46.11 (122487583)|ENTERING_MANAGED_PKG|dlrs
14:49:46.11 (122581097)|ENTERING_MANAGED_PKG|dlrs
14:49:46.11 (122674496)|ENTERING_MANAGED_PKG|dlrs
14:49:46.11 (122767711)|ENTERING_MANAGED_PKG|dlrs
14:49:46.11 (122866329)|ENTERING_MANAGED_PKG|dlrs
14:49:46.11 (122983991)|ENTERING_MANAGED_PKG|dlrs
14:49:46.11 (123078749)|ENTERING_MANAGED_PKG|dlrs
14:49:46.11 (123202351)|ENTERING_MANAGED_PKG|dlrs
14:49:46.11 (123271309)|ENTERING_MANAGED_PKG|dlrs
14:49:46.11 (123400042)|ENTERING_MANAGED_PKG|dlrs
14:49:46.11 (123535959)|ENTERING_MANAGED_PKG|dlrs
14:49:46.11 (123631416)|ENTERING_MANAGED_PKG|dlrs
14:49:46.11 (123725639)|ENTERING_MANAGED_PKG|dlrs
14:49:46.11 (123823899)|ENTERING_MANAGED_PKG|dlrs
14:49:46.11 (123918047)|ENTERING_MANAGED_PKG|dlrs
14:49:46.11 (124010731)|ENTERING_MANAGED_PKG|dlrs
14:49:46.11 (124104479)|ENTERING_MANAGED_PKG|dlrs
14:49:46.11 (124198056)|ENTERING_MANAGED_PKG|dlrs
14:49:46.11 (124291071)|ENTERING_MANAGED_PKG|dlrs
14:49:46.11 (124384417)|ENTERING_MANAGED_PKG|dlrs
14:49:46.11 (124477216)|ENTERING_MANAGED_PKG|dlrs
14:49:46.11 (124576633)|ENTERING_MANAGED_PKG|dlrs
14:49:46.11 (124670582)|ENTERING_MANAGED_PKG|dlrs
14:49:46.11 (124775981)|ENTERING_MANAGED_PKG|dlrs
14:49:46.11 (124927943)|ENTERING_MANAGED_PKG|dlrs
14:49:46.11 (124999710)|ENTERING_MANAGED_PKG|dlrs
14:49:46.11 (125153432)|ENTERING_MANAGED_PKG|dlrs
14:49:46.11 (125267973)|ENTERING_MANAGED_PKG|dlrs
14:49:46.11 (125436209)|ENTERING_MANAGED_PKG|dlrs
14:49:46.11 (125579694)|ENTERING_MANAGED_PKG|dlrs
14:49:46.11 (125749459)|ENTERING_MANAGED_PKG|dlrs
14:49:46.11 (125918150)|ENTERING_MANAGED_PKG|dlrs
14:49:46.11 (126083949)|ENTERING_MANAGED_PKG|dlrs
14:49:46.11 (126267626)|ENTERING_MANAGED_PKG|dlrs
14:49:46.11 (126417167)|ENTERING_MANAGED_PKG|dlrs
14:49:46.11 (126513271)|ENTERING_MANAGED_PKG|dlrs
14:49:46.11 (126611172)|ENTERING_MANAGED_PKG|dlrs
14:49:46.11 (126711926)|ENTERING_MANAGED_PKG|dlrs
14:49:46.11 (126810032)|ENTERING_MANAGED_PKG|dlrs
14:49:46.11 (126938112)|ENTERING_MANAGED_PKG|dlrs
14:49:46.11 (127033705)|ENTERING_MANAGED_PKG|dlrs
14:49:46.11 (127170304)|ENTERING_MANAGED_PKG|dlrs
14:49:46.11 (127348329)|ENTERING_MANAGED_PKG|dlrs
14:49:46.11 (127423176)|ENTERING_MANAGED_PKG|dlrs
14:49:46.11 (127523770)|ENTERING_MANAGED_PKG|dlrs
14:49:46.11 (127621254)|ENTERING_MANAGED_PKG|dlrs
14:49:46.11 (127715741)|ENTERING_MANAGED_PKG|dlrs
14:49:46.11 (127817221)|ENTERING_MANAGED_PKG|dlrs
14:49:46.11 (127912876)|ENTERING_MANAGED_PKG|dlrs
14:49:46.11 (128005892)|ENTERING_MANAGED_PKG|dlrs
14:49:46.11 (128107199)|ENTERING_MANAGED_PKG|dlrs
14:49:46.11 (128201083)|ENTERING_MANAGED_PKG|dlrs
14:49:46.11 (128300030)|ENTERING_MANAGED_PKG|dlrs
14:49:46.11 (128394491)|ENTERING_MANAGED_PKG|dlrs
14:49:46.11 (128488359)|ENTERING_MANAGED_PKG|dlrs
14:49:46.11 (128581972)|ENTERING_MANAGED_PKG|dlrs
14:49:46.11 (128675535)|ENTERING_MANAGED_PKG|dlrs
14:49:46.11 (128769061)|ENTERING_MANAGED_PKG|dlrs
14:49:46.11 (128871031)|ENTERING_MANAGED_PKG|dlrs
14:49:46.11 (128966050)|ENTERING_MANAGED_PKG|dlrs
14:49:46.11 (129059783)|ENTERING_MANAGED_PKG|dlrs
14:49:46.11 (129187858)|ENTERING_MANAGED_PKG|dlrs
14:49:46.11 (129258420)|ENTERING_MANAGED_PKG|dlrs
14:49:46.11 (129359908)|ENTERING_MANAGED_PKG|dlrs
14:49:46.11 (129458705)|ENTERING_MANAGED_PKG|dlrs
14:49:46.11 (129552571)|ENTERING_MANAGED_PKG|dlrs
14:49:46.11 (129645773)|ENTERING_MANAGED_PKG|dlrs
14:49:46.11 (129739545)|ENTERING_MANAGED_PKG|dlrs
14:49:46.11 (129837845)|ENTERING_MANAGED_PKG|dlrs
14:49:46.11 (129931924)|ENTERING_MANAGED_PKG|dlrs
14:49:46.11 (130029911)|ENTERING_MANAGED_PKG|dlrs
14:49:46.11 (130129379)|ENTERING_MANAGED_PKG|dlrs
14:49:46.11 (130222640)|ENTERING_MANAGED_PKG|dlrs
14:49:46.11 (130319069)|ENTERING_MANAGED_PKG|dlrs
14:49:46.11 (130413898)|ENTERING_MANAGED_PKG|dlrs
14:49:46.11 (130507451)|ENTERING_MANAGED_PKG|dlrs
14:49:46.11 (130601033)|ENTERING_MANAGED_PKG|dlrs
14:49:46.11 (130700512)|ENTERING_MANAGED_PKG|dlrs
14:49:46.11 (130798172)|ENTERING_MANAGED_PKG|dlrs
14:49:46.11 (130894007)|ENTERING_MANAGED_PKG|dlrs
14:49:46.11 (130988527)|ENTERING_MANAGED_PKG|dlrs
14:49:46.11 (131110566)|ENTERING_MANAGED_PKG|dlrs
14:49:46.11 (131180479)|ENTERING_MANAGED_PKG|dlrs
14:49:46.11 (131279532)|ENTERING_MANAGED_PKG|dlrs
14:49:46.11 (131372970)|ENTERING_MANAGED_PKG|dlrs
14:49:46.11 (131466651)|ENTERING_MANAGED_PKG|dlrs
14:49:46.11 (131563042)|ENTERING_MANAGED_PKG|dlrs
14:49:46.11 (131657681)|ENTERING_MANAGED_PKG|dlrs
14:49:46.11 (131750770)|ENTERING_MANAGED_PKG|dlrs
14:49:46.11 (131849027)|ENTERING_MANAGED_PKG|dlrs
14:49:46.11 (131942773)|ENTERING_MANAGED_PKG|dlrs
14:49:46.11 (132036981)|ENTERING_MANAGED_PKG|dlrs
14:49:46.11 (132136978)|ENTERING_MANAGED_PKG|dlrs
14:49:46.11 (132230739)|ENTERING_MANAGED_PKG|dlrs
14:49:46.11 (132327173)|ENTERING_MANAGED_PKG|dlrs
14:49:46.11 (132421903)|ENTERING_MANAGED_PKG|dlrs
14:49:46.11 (132518802)|ENTERING_MANAGED_PKG|dlrs
14:49:46.11 (132615475)|ENTERING_MANAGED_PKG|dlrs
14:49:46.11 (132743031)|ENTERING_MANAGED_PKG|dlrs
14:49:46.11 (132861236)|ENTERING_MANAGED_PKG|dlrs
14:49:46.11 (132956135)|ENTERING_MANAGED_PKG|dlrs
14:49:46.11 (133056695)|ENTERING_MANAGED_PKG|dlrs
14:49:46.11 (133174529)|ENTERING_MANAGED_PKG|dlrs
14:49:46.11 (133304925)|ENTERING_MANAGED_PKG|dlrs
14:49:46.11 (133341647)|ENTERING_MANAGED_PKG|dlrs
14:49:46.11 (133370009)|ENTERING_MANAGED_PKG|dlrs
14:49:46.11 (134319394)|ENTERING_MANAGED_PKG|dlrs
14:49:46.11 (134343423)|ENTERING_MANAGED_PKG|dlrs
14:49:46.11 (134362057)|ENTERING_MANAGED_PKG|dlrs
14:49:46.11 (134525405)|ENTERING_MANAGED_PKG|dlrs
14:49:46.11 (134573389)|ENTERING_MANAGED_PKG|dlrs
14:49:46.11 (134664598)|ENTERING_MANAGED_PKG|dlrs
14:49:46.11 (134755268)|ENTERING_MANAGED_PKG|dlrs
14:49:46.11 (134775058)|ENTERING_MANAGED_PKG|dlrs
14:49:46.11 (134886191)|ENTERING_MANAGED_PKG|dlrs
14:49:46.11 (134922699)|ENTERING_MANAGED_PKG|dlrs
14:49:46.11 (135973090)|ENTERING_MANAGED_PKG|dlrs
14:49:46.11 (136001893)|ENTERING_MANAGED_PKG|dlrs
14:49:46.11 (136325949)|ENTERING_MANAGED_PKG|dlrs
14:49:46.11 (137199744)|ENTERING_MANAGED_PKG|dlrs
14:49:46.11 (137237962)|ENTERING_MANAGED_PKG|dlrs
14:49:46.11 (137646412)|ENTERING_MANAGED_PKG|dlrs
14:49:46.11 (137716583)|ENTERING_MANAGED_PKG|dlrs
14:49:46.11 (137787073)|ENTERING_MANAGED_PKG|dlrs
14:49:46.11 (137811059)|ENTERING_MANAGED_PKG|dlrs
14:49:46.11 (137821639)|ENTERING_MANAGED_PKG|dlrs
14:49:46.11 (137899858)|ENTERING_MANAGED_PKG|dlrs
14:49:46.11 (137916722)|ENTERING_MANAGED_PKG|dlrs
14:49:46.11 (137941282)|ENTERING_MANAGED_PKG|dlrs
14:49:46.11 (137997163)|ENTERING_MANAGED_PKG|dlrs
14:49:46.11 (138021540)|ENTERING_MANAGED_PKG|dlrs
14:49:46.11 (138208866)|ENTERING_MANAGED_PKG|dlrs
14:49:46.11 (138295450)|ENTERING_MANAGED_PKG|dlrs
14:49:46.11 (138312221)|ENTERING_MANAGED_PKG|dlrs
14:49:46.11 (138526950)|ENTERING_MANAGED_PKG|dlrs
14:49:46.11 (138590338)|ENTERING_MANAGED_PKG|dlrs
14:49:46.11 (138644524)|ENTERING_MANAGED_PKG|dlrs
14:49:46.11 (138920518)|ENTERING_MANAGED_PKG|dlrs
14:49:46.11 (139107765)|ENTERING_MANAGED_PKG|dlrs
14:49:46.11 (139423858)|ENTERING_MANAGED_PKG|dlrs
14:49:46.11 (139545108)|ENTERING_MANAGED_PKG|dlrs
14:49:46.11 (139732725)|ENTERING_MANAGED_PKG|dlrs
14:49:46.11 (139835348)|ENTERING_MANAGED_PKG|dlrs
14:49:46.11 (140047905)|ENTERING_MANAGED_PKG|dlrs
14:49:46.11 (140147559)|ENTERING_MANAGED_PKG|dlrs
14:49:46.11 (140437594)|ENTERING_MANAGED_PKG|dlrs
14:49:46.11 (140534696)|ENTERING_MANAGED_PKG|dlrs
14:49:46.11 (140824890)|ENTERING_MANAGED_PKG|dlrs
14:49:46.11 (141007180)|ENTERING_MANAGED_PKG|dlrs
14:49:46.11 (141262616)|ENTERING_MANAGED_PKG|dlrs
14:49:46.11 (141363549)|ENTERING_MANAGED_PKG|dlrs
14:49:46.11 (141650804)|ENTERING_MANAGED_PKG|dlrs
14:49:46.11 (141772242)|ENTERING_MANAGED_PKG|dlrs
14:49:46.11 (142031877)|ENTERING_MANAGED_PKG|dlrs
14:49:46.11 (142126279)|ENTERING_MANAGED_PKG|dlrs
14:49:46.11 (142397800)|ENTERING_MANAGED_PKG|dlrs
14:49:46.11 (142492507)|ENTERING_MANAGED_PKG|dlrs
14:49:46.11 (142677060)|ENTERING_MANAGED_PKG|dlrs
14:49:46.11 (142857816)|ENTERING_MANAGED_PKG|dlrs
14:49:46.11 (143106428)|ENTERING_MANAGED_PKG|dlrs
14:49:46.11 (143200747)|ENTERING_MANAGED_PKG|dlrs
14:49:46.11 (143452071)|ENTERING_MANAGED_PKG|dlrs
14:49:46.11 (143545412)|ENTERING_MANAGED_PKG|dlrs
14:49:46.11 (143802054)|ENTERING_MANAGED_PKG|dlrs
14:49:46.11 (143897450)|ENTERING_MANAGED_PKG|dlrs
14:49:46.11 (144094038)|ENTERING_MANAGED_PKG|dlrs
14:49:46.11 (144245864)|ENTERING_MANAGED_PKG|dlrs
14:49:46.11 (144702594)|ENTERING_MANAGED_PKG|dlrs
14:49:46.11 (145009102)|ENTERING_MANAGED_PKG|dlrs
14:49:46.11 (145284606)|ENTERING_MANAGED_PKG|dlrs
14:49:46.11 (145383919)|ENTERING_MANAGED_PKG|dlrs
14:49:46.11 (145739733)|ENTERING_MANAGED_PKG|dlrs
14:49:46.11 (145858670)|ENTERING_MANAGED_PKG|dlrs
14:49:46.11 (146032465)|ENTERING_MANAGED_PKG|dlrs
14:49:46.11 (146129756)|ENTERING_MANAGED_PKG|dlrs
14:49:46.11 (146398645)|ENTERING_MANAGED_PKG|dlrs
14:49:46.11 (146492053)|ENTERING_MANAGED_PKG|dlrs
14:49:46.11 (146681930)|ENTERING_MANAGED_PKG|dlrs
14:49:46.11 (146775119)|ENTERING_MANAGED_PKG|dlrs
14:49:46.11 (146953026)|ENTERING_MANAGED_PKG|dlrs
14:49:46.11 (147046091)|ENTERING_MANAGED_PKG|dlrs
14:49:46.11 (147344288)|ENTERING_MANAGED_PKG|dlrs
14:49:46.11 (147439209)|ENTERING_MANAGED_PKG|dlrs
14:49:46.11 (147613604)|ENTERING_MANAGED_PKG|dlrs
14:49:46.11 (147707196)|ENTERING_MANAGED_PKG|dlrs
14:49:46.11 (147879349)|ENTERING_MANAGED_PKG|dlrs
14:49:46.11 (147971423)|ENTERING_MANAGED_PKG|dlrs
14:49:46.11 (148135778)|ENTERING_MANAGED_PKG|dlrs
14:49:46.11 (148229109)|ENTERING_MANAGED_PKG|dlrs
14:49:46.11 (148488923)|ENTERING_MANAGED_PKG|dlrs
14:49:46.11 (148582503)|ENTERING_MANAGED_PKG|dlrs
14:49:46.11 (148756259)|ENTERING_MANAGED_PKG|dlrs
14:49:46.11 (148857270)|ENTERING_MANAGED_PKG|dlrs
14:49:46.11 (149022555)|ENTERING_MANAGED_PKG|dlrs
14:49:46.11 (149116601)|ENTERING_MANAGED_PKG|dlrs
14:49:46.11 (149285062)|ENTERING_MANAGED_PKG|dlrs
14:49:46.11 (149385859)|ENTERING_MANAGED_PKG|dlrs
14:49:46.11 (149606855)|ENTERING_MANAGED_PKG|dlrs
14:49:46.11 (149702465)|ENTERING_MANAGED_PKG|dlrs
14:49:46.11 (149873537)|ENTERING_MANAGED_PKG|dlrs
14:49:46.11 (149966700)|ENTERING_MANAGED_PKG|dlrs
14:49:46.11 (150142573)|ENTERING_MANAGED_PKG|dlrs
14:49:46.11 (150237227)|ENTERING_MANAGED_PKG|dlrs
14:49:46.11 (150405657)|ENTERING_MANAGED_PKG|dlrs
14:49:46.11 (150498827)|ENTERING_MANAGED_PKG|dlrs
14:49:46.11 (150669220)|ENTERING_MANAGED_PKG|dlrs
14:49:46.11 (150761742)|ENTERING_MANAGED_PKG|dlrs
14:49:46.11 (150934596)|ENTERING_MANAGED_PKG|dlrs
14:49:46.11 (151027874)|ENTERING_MANAGED_PKG|dlrs
14:49:46.11 (151193946)|ENTERING_MANAGED_PKG|dlrs
14:49:46.11 (151286906)|ENTERING_MANAGED_PKG|dlrs
14:49:46.11 (151452194)|ENTERING_MANAGED_PKG|dlrs
14:49:46.11 (151545243)|ENTERING_MANAGED_PKG|dlrs
14:49:46.11 (151716148)|ENTERING_MANAGED_PKG|dlrs
14:49:46.11 (151825764)|ENTERING_MANAGED_PKG|dlrs
14:49:46.11 (151996376)|ENTERING_MANAGED_PKG|dlrs
14:49:46.11 (152095481)|ENTERING_MANAGED_PKG|dlrs
14:49:46.11 (152265161)|ENTERING_MANAGED_PKG|dlrs
14:49:46.11 (152356641)|ENTERING_MANAGED_PKG|dlrs
14:49:46.11 (152520151)|ENTERING_MANAGED_PKG|dlrs
14:49:46.11 (152616343)|ENTERING_MANAGED_PKG|dlrs
14:49:46.11 (152781955)|ENTERING_MANAGED_PKG|dlrs
14:49:46.11 (152880175)|ENTERING_MANAGED_PKG|dlrs
14:49:46.11 (153070693)|ENTERING_MANAGED_PKG|dlrs
14:49:46.11 (153166923)|ENTERING_MANAGED_PKG|dlrs
14:49:46.11 (153365244)|ENTERING_MANAGED_PKG|dlrs
14:49:46.11 (153467129)|ENTERING_MANAGED_PKG|dlrs
14:49:46.11 (153721418)|ENTERING_MANAGED_PKG|dlrs
14:49:46.11 (153821751)|ENTERING_MANAGED_PKG|dlrs
14:49:46.11 (153988541)|ENTERING_MANAGED_PKG|dlrs
14:49:46.11 (154081756)|ENTERING_MANAGED_PKG|dlrs
14:49:46.11 (154247086)|ENTERING_MANAGED_PKG|dlrs
14:49:46.11 (154339887)|ENTERING_MANAGED_PKG|dlrs
14:49:46.11 (154504878)|ENTERING_MANAGED_PKG|dlrs
14:49:46.11 (154602744)|ENTERING_MANAGED_PKG|dlrs
14:49:46.11 (154768615)|ENTERING_MANAGED_PKG|dlrs
14:49:46.11 (154865744)|ENTERING_MANAGED_PKG|dlrs
14:49:46.11 (155029107)|ENTERING_MANAGED_PKG|dlrs
14:49:46.11 (155122198)|ENTERING_MANAGED_PKG|dlrs
14:49:46.11 (158830605)|ENTERING_MANAGED_PKG|dlrs
14:49:46.11 (159095756)|ENTERING_MANAGED_PKG|dlrs
14:49:46.11 (160339561)|SOQL_EXECUTE_BEGIN|[245]|Aggregations:0|SELECT DeveloperName, Id, Label, dlrs__Active__c, dlrs__AggregateAllRows__c, dlrs__AggregateOperation__c, dlrs__AggregateResultField__c, dlrs__CalculationMode__c, dlrs__CalculationSharingMode__c, dlrs__ChildObject__c, dlrs__ConcatenateDelimiter__c, dlrs__Description__c, dlrs__FieldToAggregate__c, dlrs__FieldToOrderBy__c, dlrs__ParentObject__c, dlrs__RelationshipCriteriaFields__c, dlrs__RelationshipCriteria__c, dlrs__RelationshipField__c, dlrs__RowLimit__c, dlrs__TestCodeSeeAllData__c, dlrs__TestCode__c FROM dlrs__LookupRollupSummary2__mdt WHERE id in :idSet ORDER BY DeveloperName ASC NULLS FIRST 
14:49:46.11 (163136556)|SOQL_EXECUTE_END|[245]|Rows:1
14:49:46.11 (164403572)|ENTERING_MANAGED_PKG|dlrs
14:49:46.11 (164430155)|ENTERING_MANAGED_PKG|dlrs
14:49:46.11 (164784759)|ENTERING_MANAGED_PKG|dlrs
14:49:46.11 (164856851)|ENTERING_MANAGED_PKG|dlrs
14:49:46.11 (164964107)|ENTERING_MANAGED_PKG|dlrs
14:49:46.11 (165051999)|ENTERING_MANAGED_PKG|dlrs
14:49:46.11 (165096763)|ENTERING_MANAGED_PKG|dlrs
14:49:46.11 (165132658)|ENTERING_MANAGED_PKG|dlrs
14:49:46.11 (165163088)|ENTERING_MANAGED_PKG|dlrs
14:49:46.11 (165187039)|ENTERING_MANAGED_PKG|dlrs
14:49:46.11 (165216296)|ENTERING_MANAGED_PKG|dlrs
14:49:46.11 (165239157)|ENTERING_MANAGED_PKG|dlrs
14:49:46.11 (165266702)|ENTERING_MANAGED_PKG|dlrs
14:49:46.11 (165289091)|ENTERING_MANAGED_PKG|dlrs
14:49:46.11 (165316487)|ENTERING_MANAGED_PKG|dlrs
14:49:46.11 (165338959)|ENTERING_MANAGED_PKG|dlrs
14:49:46.11 (165366360)|ENTERING_MANAGED_PKG|dlrs
14:49:46.11 (165388941)|ENTERING_MANAGED_PKG|dlrs
14:49:46.11 (165416019)|ENTERING_MANAGED_PKG|dlrs
14:49:46.11 (165438806)|ENTERING_MANAGED_PKG|dlrs
14:49:46.11 (165466133)|ENTERING_MANAGED_PKG|dlrs
14:49:46.11 (165488988)|ENTERING_MANAGED_PKG|dlrs
14:49:46.11 (165516030)|ENTERING_MANAGED_PKG|dlrs
14:49:46.11 (165542773)|ENTERING_MANAGED_PKG|dlrs
14:49:46.11 (165572294)|ENTERING_MANAGED_PKG|dlrs
14:49:46.11 (165600483)|ENTERING_MANAGED_PKG|dlrs
14:49:46.11 (165629503)|ENTERING_MANAGED_PKG|dlrs
14:49:46.11 (165653184)|ENTERING_MANAGED_PKG|dlrs
14:49:46.11 (165681424)|ENTERING_MANAGED_PKG|dlrs
14:49:46.11 (165704014)|ENTERING_MANAGED_PKG|dlrs
14:49:46.11 (165732490)|ENTERING_MANAGED_PKG|dlrs
14:49:46.11 (165755648)|ENTERING_MANAGED_PKG|dlrs
14:49:46.11 (165783332)|ENTERING_MANAGED_PKG|dlrs
14:49:46.11 (165812886)|ENTERING_MANAGED_PKG|dlrs
14:49:46.11 (165843090)|ENTERING_MANAGED_PKG|dlrs
14:49:46.11 (165866294)|ENTERING_MANAGED_PKG|dlrs
14:49:46.11 (165894209)|ENTERING_MANAGED_PKG|dlrs
14:49:46.11 (165917315)|ENTERING_MANAGED_PKG|dlrs
14:49:46.11 (165944827)|ENTERING_MANAGED_PKG|dlrs
14:49:46.11 (165967904)|ENTERING_MANAGED_PKG|dlrs
14:49:46.11 (165995242)|ENTERING_MANAGED_PKG|dlrs
14:49:46.11 (166017919)|ENTERING_MANAGED_PKG|dlrs
14:49:46.11 (166046104)|ENTERING_MANAGED_PKG|dlrs
14:49:46.11 (166078140)|ENTERING_MANAGED_PKG|dlrs
14:49:46.11 (166121476)|ENTERING_MANAGED_PKG|dlrs
14:49:46.11 (166162281)|ENTERING_MANAGED_PKG|dlrs
14:49:46.11 (166245327)|ENTERING_MANAGED_PKG|dlrs
14:49:46.11 (166266045)|ENTERING_MANAGED_PKG|dlrs
14:49:46.11 (186270218)|ENTERING_MANAGED_PKG|dlrs
14:49:46.11 (186319380)|ENTERING_MANAGED_PKG|dlrs
14:49:46.11 (186340069)|ENTERING_MANAGED_PKG|dlrs
14:49:46.11 (186359617)|ENTERING_MANAGED_PKG|dlrs
14:49:46.11 (186381299)|ENTERING_MANAGED_PKG|dlrs
14:49:46.11 (186473648)|ENTERING_MANAGED_PKG|dlrs
14:49:46.11 (186496075)|ENTERING_MANAGED_PKG|dlrs
14:49:46.11 (186523939)|ENTERING_MANAGED_PKG|dlrs
14:49:46.11 (186548758)|ENTERING_MANAGED_PKG|dlrs
14:49:46.11 (186564211)|ENTERING_MANAGED_PKG|dlrs
14:49:46.11 (186645351)|ENTERING_MANAGED_PKG|dlrs
14:49:46.11 (186687037)|ENTERING_MANAGED_PKG|dlrs
14:49:46.11 (186763673)|ENTERING_MANAGED_PKG|dlrs
14:49:46.11 (186791446)|ENTERING_MANAGED_PKG|dlrs
14:49:46.11 (186802547)|ENTERING_MANAGED_PKG|dlrs
14:49:46.11 (186817496)|ENTERING_MANAGED_PKG|dlrs
14:49:46.11 (186894713)|ENTERING_MANAGED_PKG|dlrs
14:49:46.11 (186917421)|ENTERING_MANAGED_PKG|dlrs
14:49:46.11 (187897884)|ENTERING_MANAGED_PKG|dlrs
14:49:46.11 (188032279)|ENTERING_MANAGED_PKG|dlrs
14:49:46.11 (188146060)|ENTERING_MANAGED_PKG|dlrs
14:49:46.11 (188220668)|ENTERING_MANAGED_PKG|dlrs
14:49:46.11 (188439436)|ENTERING_MANAGED_PKG|dlrs
14:49:46.11 (188511877)|ENTERING_MANAGED_PKG|dlrs
14:49:46.11 (188620070)|ENTERING_MANAGED_PKG|dlrs
14:49:46.11 (188829257)|ENTERING_MANAGED_PKG|dlrs
14:49:46.11 (188944092)|ENTERING_MANAGED_PKG|dlrs
14:49:46.11 (189127004)|ENTERING_MANAGED_PKG|dlrs
14:49:46.11 (189308168)|ENTERING_MANAGED_PKG|dlrs
14:49:46.11 (189489140)|ENTERING_MANAGED_PKG|dlrs
14:49:46.11 (189570420)|ENTERING_MANAGED_PKG|dlrs
14:49:46.11 (189678881)|ENTERING_MANAGED_PKG|dlrs
14:49:46.11 (189841834)|ENTERING_MANAGED_PKG|dlrs
14:49:46.11 (189939815)|ENTERING_MANAGED_PKG|dlrs
14:49:46.11 (190064850)|ENTERING_MANAGED_PKG|dlrs
14:49:46.11 (190164895)|ENTERING_MANAGED_PKG|dlrs
14:49:46.11 (190332484)|ENTERING_MANAGED_PKG|dlrs
14:49:46.11 (190496217)|ENTERING_MANAGED_PKG|dlrs
14:49:46.11 (190680486)|ENTERING_MANAGED_PKG|dlrs
14:49:46.11 (190781661)|ENTERING_MANAGED_PKG|dlrs
14:49:46.11 (190913586)|ENTERING_MANAGED_PKG|dlrs
14:49:46.11 (190985928)|ENTERING_MANAGED_PKG|dlrs
14:49:46.11 (191084172)|ENTERING_MANAGED_PKG|dlrs
14:49:46.11 (191179732)|ENTERING_MANAGED_PKG|dlrs
14:49:46.11 (191280332)|ENTERING_MANAGED_PKG|dlrs
14:49:46.11 (191375503)|ENTERING_MANAGED_PKG|dlrs
14:49:46.11 (191469127)|ENTERING_MANAGED_PKG|dlrs
14:49:46.11 (191592200)|ENTERING_MANAGED_PKG|dlrs
14:49:46.11 (191667678)|ENTERING_MANAGED_PKG|dlrs
14:49:46.11 (191765552)|ENTERING_MANAGED_PKG|dlrs
14:49:46.11 (191860027)|ENTERING_MANAGED_PKG|dlrs
14:49:46.11 (191954071)|ENTERING_MANAGED_PKG|dlrs
14:49:46.11 (192048374)|ENTERING_MANAGED_PKG|dlrs
14:49:46.11 (192144132)|ENTERING_MANAGED_PKG|dlrs
14:49:46.11 (192238860)|ENTERING_MANAGED_PKG|dlrs
14:49:46.11 (192361485)|ENTERING_MANAGED_PKG|dlrs
14:49:46.11 (192456225)|ENTERING_MANAGED_PKG|dlrs
14:49:46.11 (192583062)|ENTERING_MANAGED_PKG|dlrs
14:49:46.11 (192685746)|ENTERING_MANAGED_PKG|dlrs
14:49:46.11 (192780472)|ENTERING_MANAGED_PKG|dlrs
14:49:46.11 (192873827)|ENTERING_MANAGED_PKG|dlrs
14:49:46.11 (192967724)|ENTERING_MANAGED_PKG|dlrs
14:49:46.11 (193061209)|ENTERING_MANAGED_PKG|dlrs
14:49:46.11 (193155717)|ENTERING_MANAGED_PKG|dlrs
14:49:46.11 (193279390)|ENTERING_MANAGED_PKG|dlrs
14:49:46.11 (193349082)|ENTERING_MANAGED_PKG|dlrs
14:49:46.11 (193446486)|ENTERING_MANAGED_PKG|dlrs
14:49:46.11 (193540498)|ENTERING_MANAGED_PKG|dlrs
14:49:46.11 (193639655)|ENTERING_MANAGED_PKG|dlrs
14:49:46.11 (193734289)|ENTERING_MANAGED_PKG|dlrs
14:49:46.11 (193827970)|ENTERING_MANAGED_PKG|dlrs
14:49:46.11 (193921029)|ENTERING_MANAGED_PKG|dlrs
14:49:46.11 (194014710)|ENTERING_MANAGED_PKG|dlrs
14:49:46.11 (194109445)|ENTERING_MANAGED_PKG|dlrs
14:49:46.11 (194231056)|ENTERING_MANAGED_PKG|dlrs
14:49:46.11 (194299762)|ENTERING_MANAGED_PKG|dlrs
14:49:46.11 (194397375)|ENTERING_MANAGED_PKG|dlrs
14:49:46.11 (194492401)|ENTERING_MANAGED_PKG|dlrs
14:49:46.11 (194586027)|ENTERING_MANAGED_PKG|dlrs
14:49:46.11 (194685224)|ENTERING_MANAGED_PKG|dlrs
14:49:46.11 (194779242)|ENTERING_MANAGED_PKG|dlrs
14:49:46.11 (194872687)|ENTERING_MANAGED_PKG|dlrs
14:49:46.11 (194965792)|ENTERING_MANAGED_PKG|dlrs
14:49:46.11 (195060074)|ENTERING_MANAGED_PKG|dlrs
14:49:46.11 (195155077)|ENTERING_MANAGED_PKG|dlrs
14:49:46.11 (195276839)|ENTERING_MANAGED_PKG|dlrs
14:49:46.11 (195344888)|ENTERING_MANAGED_PKG|dlrs
14:49:46.11 (195442808)|ENTERING_MANAGED_PKG|dlrs
14:49:46.11 (195536491)|ENTERING_MANAGED_PKG|dlrs
14:49:46.11 (195635497)|ENTERING_MANAGED_PKG|dlrs
14:49:46.11 (195730216)|ENTERING_MANAGED_PKG|dlrs
14:49:46.11 (195823839)|ENTERING_MANAGED_PKG|dlrs
14:49:46.11 (195917413)|ENTERING_MANAGED_PKG|dlrs
14:49:46.11 (196040648)|ENTERING_MANAGED_PKG|dlrs
14:49:46.11 (196137085)|ENTERING_MANAGED_PKG|dlrs
14:49:46.11 (196231820)|ENTERING_MANAGED_PKG|dlrs
14:49:46.11 (196324984)|ENTERING_MANAGED_PKG|dlrs
14:49:46.11 (196446736)|ENTERING_MANAGED_PKG|dlrs
14:49:46.11 (196515842)|ENTERING_MANAGED_PKG|dlrs
14:49:46.11 (196618358)|ENTERING_MANAGED_PKG|dlrs
14:49:46.11 (196714153)|ENTERING_MANAGED_PKG|dlrs
14:49:46.11 (196808167)|ENTERING_MANAGED_PKG|dlrs
14:49:46.11 (196902926)|ENTERING_MANAGED_PKG|dlrs
14:49:46.11 (196995990)|ENTERING_MANAGED_PKG|dlrs
14:49:46.11 (197089634)|ENTERING_MANAGED_PKG|dlrs
14:49:46.11 (197183796)|ENTERING_MANAGED_PKG|dlrs
14:49:46.11 (197278036)|ENTERING_MANAGED_PKG|dlrs
14:49:46.11 (197372435)|ENTERING_MANAGED_PKG|dlrs
14:49:46.11 (197466640)|ENTERING_MANAGED_PKG|dlrs
14:49:46.11 (197560070)|ENTERING_MANAGED_PKG|dlrs
14:49:46.11 (197689195)|ENTERING_MANAGED_PKG|dlrs
14:49:46.11 (197758291)|ENTERING_MANAGED_PKG|dlrs
14:49:46.11 (197856389)|ENTERING_MANAGED_PKG|dlrs
14:49:46.11 (197951154)|ENTERING_MANAGED_PKG|dlrs
14:49:46.11 (198045749)|ENTERING_MANAGED_PKG|dlrs
14:49:46.11 (198140616)|ENTERING_MANAGED_PKG|dlrs
14:49:46.11 (198234216)|ENTERING_MANAGED_PKG|dlrs
14:49:46.11 (198327689)|ENTERING_MANAGED_PKG|dlrs
14:49:46.11 (198421321)|ENTERING_MANAGED_PKG|dlrs
14:49:46.11 (198515418)|ENTERING_MANAGED_PKG|dlrs
14:49:46.11 (198614815)|ENTERING_MANAGED_PKG|dlrs
14:49:46.11 (198710703)|ENTERING_MANAGED_PKG|dlrs
14:49:46.11 (198804434)|ENTERING_MANAGED_PKG|dlrs
14:49:46.11 (198898622)|ENTERING_MANAGED_PKG|dlrs
14:49:46.11 (199020913)|ENTERING_MANAGED_PKG|dlrs
14:49:46.11 (199090500)|ENTERING_MANAGED_PKG|dlrs
14:49:46.11 (199188754)|ENTERING_MANAGED_PKG|dlrs
14:49:46.11 (199283332)|ENTERING_MANAGED_PKG|dlrs
14:49:46.11 (199377611)|ENTERING_MANAGED_PKG|dlrs
14:49:46.11 (199472249)|ENTERING_MANAGED_PKG|dlrs
14:49:46.11 (199565837)|ENTERING_MANAGED_PKG|dlrs
14:49:46.11 (199664895)|ENTERING_MANAGED_PKG|dlrs
14:49:46.11 (199759197)|ENTERING_MANAGED_PKG|dlrs
14:49:46.11 (199852641)|ENTERING_MANAGED_PKG|dlrs
14:49:46.11 (199951614)|ENTERING_MANAGED_PKG|dlrs
14:49:46.11 (200045050)|ENTERING_MANAGED_PKG|dlrs
14:49:46.11 (200138972)|ENTERING_MANAGED_PKG|dlrs
14:49:46.11 (200232228)|ENTERING_MANAGED_PKG|dlrs
14:49:46.11 (200325510)|ENTERING_MANAGED_PKG|dlrs
14:49:46.11 (200448262)|ENTERING_MANAGED_PKG|dlrs
14:49:46.11 (200517483)|ENTERING_MANAGED_PKG|dlrs
14:49:46.11 (200627379)|ENTERING_MANAGED_PKG|dlrs
14:49:46.11 (200723726)|ENTERING_MANAGED_PKG|dlrs
14:49:46.11 (200817354)|ENTERING_MANAGED_PKG|dlrs
14:49:46.11 (200910641)|ENTERING_MANAGED_PKG|dlrs
14:49:46.11 (201004188)|ENTERING_MANAGED_PKG|dlrs
14:49:46.11 (201098514)|ENTERING_MANAGED_PKG|dlrs
14:49:46.11 (201192093)|ENTERING_MANAGED_PKG|dlrs
14:49:46.11 (201286399)|ENTERING_MANAGED_PKG|dlrs
14:49:46.11 (201384546)|ENTERING_MANAGED_PKG|dlrs
14:49:46.11 (201479060)|ENTERING_MANAGED_PKG|dlrs
14:49:46.11 (201573553)|ENTERING_MANAGED_PKG|dlrs
14:49:46.11 (201672369)|ENTERING_MANAGED_PKG|dlrs
14:49:46.11 (201766567)|ENTERING_MANAGED_PKG|dlrs
14:49:46.11 (201860092)|ENTERING_MANAGED_PKG|dlrs
14:49:46.11 (201983256)|ENTERING_MANAGED_PKG|dlrs
14:49:46.11 (202052144)|ENTERING_MANAGED_PKG|dlrs
14:49:46.11 (202150592)|ENTERING_MANAGED_PKG|dlrs
14:49:46.11 (202243803)|ENTERING_MANAGED_PKG|dlrs
14:49:46.11 (202341722)|ENTERING_MANAGED_PKG|dlrs
14:49:46.11 (202436787)|ENTERING_MANAGED_PKG|dlrs
14:49:46.11 (202530609)|ENTERING_MANAGED_PKG|dlrs
14:49:46.11 (202628563)|ENTERING_MANAGED_PKG|dlrs
14:49:46.11 (202723520)|ENTERING_MANAGED_PKG|dlrs
14:49:46.11 (202817970)|ENTERING_MANAGED_PKG|dlrs
14:49:46.11 (202939147)|ENTERING_MANAGED_PKG|dlrs
14:49:46.11 (203038936)|ENTERING_MANAGED_PKG|dlrs
14:49:46.11 (203134728)|ENTERING_MANAGED_PKG|dlrs
14:49:46.11 (203228205)|ENTERING_MANAGED_PKG|dlrs
14:49:46.11 (203321702)|ENTERING_MANAGED_PKG|dlrs
14:49:46.11 (203415263)|ENTERING_MANAGED_PKG|dlrs
14:49:46.11 (203507838)|ENTERING_MANAGED_PKG|dlrs
14:49:46.11 (203634813)|ENTERING_MANAGED_PKG|dlrs
14:49:46.11 (203704863)|ENTERING_MANAGED_PKG|dlrs
14:49:46.11 (203803314)|ENTERING_MANAGED_PKG|dlrs
14:49:46.11 (203897147)|ENTERING_MANAGED_PKG|dlrs
14:49:46.11 (203991042)|ENTERING_MANAGED_PKG|dlrs
14:49:46.11 (204091319)|ENTERING_MANAGED_PKG|dlrs
14:49:46.11 (204186607)|ENTERING_MANAGED_PKG|dlrs
14:49:46.11 (204279875)|ENTERING_MANAGED_PKG|dlrs
14:49:46.11 (204394052)|ENTERING_MANAGED_PKG|dlrs
14:49:46.11 (204498105)|ENTERING_MANAGED_PKG|dlrs
14:49:46.11 (204592150)|ENTERING_MANAGED_PKG|dlrs
14:49:46.11 (204691631)|ENTERING_MANAGED_PKG|dlrs
14:49:46.11 (204785244)|ENTERING_MANAGED_PKG|dlrs
14:49:46.11 (204878781)|ENTERING_MANAGED_PKG|dlrs
14:49:46.11 (204971939)|ENTERING_MANAGED_PKG|dlrs
14:49:46.11 (205065112)|ENTERING_MANAGED_PKG|dlrs
14:49:46.11 (205159430)|ENTERING_MANAGED_PKG|dlrs
14:49:46.11 (205253599)|ENTERING_MANAGED_PKG|dlrs
14:49:46.11 (205377051)|ENTERING_MANAGED_PKG|dlrs
14:49:46.11 (205447396)|ENTERING_MANAGED_PKG|dlrs
14:49:46.11 (205544745)|ENTERING_MANAGED_PKG|dlrs
14:49:46.11 (205643877)|ENTERING_MANAGED_PKG|dlrs
14:49:46.11 (205738195)|ENTERING_MANAGED_PKG|dlrs
14:49:46.11 (205830841)|ENTERING_MANAGED_PKG|dlrs
14:49:46.11 (205924503)|ENTERING_MANAGED_PKG|dlrs
14:49:46.11 (206017494)|ENTERING_MANAGED_PKG|dlrs
14:49:46.11 (206111980)|ENTERING_MANAGED_PKG|dlrs
14:49:46.11 (206205766)|ENTERING_MANAGED_PKG|dlrs
14:49:46.11 (206298943)|ENTERING_MANAGED_PKG|dlrs
14:49:46.11 (206392874)|ENTERING_MANAGED_PKG|dlrs
14:49:46.11 (206486416)|ENTERING_MANAGED_PKG|dlrs
14:49:46.11 (206579637)|ENTERING_MANAGED_PKG|dlrs
14:49:46.11 (206678552)|ENTERING_MANAGED_PKG|dlrs
14:49:46.11 (206772642)|ENTERING_MANAGED_PKG|dlrs
14:49:46.11 (206866468)|ENTERING_MANAGED_PKG|dlrs
14:49:46.11 (206960396)|ENTERING_MANAGED_PKG|dlrs
14:49:46.11 (207053504)|ENTERING_MANAGED_PKG|dlrs
14:49:46.11 (207177474)|ENTERING_MANAGED_PKG|dlrs
14:49:46.11 (207246427)|ENTERING_MANAGED_PKG|dlrs
14:49:46.11 (207343698)|ENTERING_MANAGED_PKG|dlrs
14:49:46.11 (207436852)|ENTERING_MANAGED_PKG|dlrs
14:49:46.11 (207530285)|ENTERING_MANAGED_PKG|dlrs
14:49:46.11 (207644259)|ENTERING_MANAGED_PKG|dlrs
14:49:46.11 (207738960)|ENTERING_MANAGED_PKG|dlrs
14:49:46.11 (207832687)|ENTERING_MANAGED_PKG|dlrs
14:49:46.11 (207926891)|ENTERING_MANAGED_PKG|dlrs
14:49:46.11 (208020434)|ENTERING_MANAGED_PKG|dlrs
14:49:46.11 (208114556)|ENTERING_MANAGED_PKG|dlrs
14:49:46.11 (208207957)|ENTERING_MANAGED_PKG|dlrs
14:49:46.11 (208301815)|ENTERING_MANAGED_PKG|dlrs
14:49:46.11 (208395390)|ENTERING_MANAGED_PKG|dlrs
14:49:46.11 (208488289)|ENTERING_MANAGED_PKG|dlrs
14:49:46.11 (208581830)|ENTERING_MANAGED_PKG|dlrs
14:49:46.11 (208681510)|ENTERING_MANAGED_PKG|dlrs
14:49:46.11 (208775229)|ENTERING_MANAGED_PKG|dlrs
14:49:46.11 (208868716)|ENTERING_MANAGED_PKG|dlrs
14:49:46.11 (208962176)|ENTERING_MANAGED_PKG|dlrs
14:49:46.11 (209084881)|ENTERING_MANAGED_PKG|dlrs
14:49:46.11 (209155489)|ENTERING_MANAGED_PKG|dlrs
14:49:46.11 (209252849)|ENTERING_MANAGED_PKG|dlrs
14:49:46.11 (209346786)|ENTERING_MANAGED_PKG|dlrs
14:49:46.11 (209441227)|ENTERING_MANAGED_PKG|dlrs
14:49:46.11 (209534861)|ENTERING_MANAGED_PKG|dlrs
14:49:46.11 (209633311)|ENTERING_MANAGED_PKG|dlrs
14:49:46.11 (209728351)|ENTERING_MANAGED_PKG|dlrs
14:49:46.11 (209822125)|ENTERING_MANAGED_PKG|dlrs
14:49:46.11 (209915871)|ENTERING_MANAGED_PKG|dlrs
14:49:46.11 (210009044)|ENTERING_MANAGED_PKG|dlrs
14:49:46.11 (210103621)|ENTERING_MANAGED_PKG|dlrs
14:49:46.11 (210221438)|ENTERING_MANAGED_PKG|dlrs
14:49:46.11 (210322962)|ENTERING_MANAGED_PKG|dlrs
14:49:46.11 (210416817)|ENTERING_MANAGED_PKG|dlrs
14:49:46.11 (210510106)|ENTERING_MANAGED_PKG|dlrs
14:49:46.11 (210613042)|ENTERING_MANAGED_PKG|dlrs
14:49:46.11 (210708614)|ENTERING_MANAGED_PKG|dlrs
14:49:46.11 (210801881)|ENTERING_MANAGED_PKG|dlrs
14:49:46.11 (210895274)|ENTERING_MANAGED_PKG|dlrs
14:49:46.11 (210989119)|ENTERING_MANAGED_PKG|dlrs
14:49:46.11 (211101191)|ENTERING_MANAGED_PKG|dlrs
14:49:46.11 (211152297)|ENTERING_MANAGED_PKG|dlrs
14:49:46.11 (211173612)|ENTERING_MANAGED_PKG|dlrs
14:49:46.11 (211189641)|ENTERING_MANAGED_PKG|dlrs
14:49:46.11 (211243983)|ENTERING_MANAGED_PKG|dlrs
14:49:46.11 (211259245)|ENTERING_MANAGED_PKG|dlrs
14:49:46.11 (211343742)|ENTERING_MANAGED_PKG|dlrs
14:49:46.11 (211361266)|ENTERING_MANAGED_PKG|dlrs
14:49:46.11 (211380082)|ENTERING_MANAGED_PKG|dlrs
14:49:46.11 (211655732)|ENTERING_MANAGED_PKG|dlrs
14:49:46.11 (211678047)|ENTERING_MANAGED_PKG|dlrs
14:49:46.11 (211715094)|ENTERING_MANAGED_PKG|dlrs
14:49:46.11 (211727090)|ENTERING_MANAGED_PKG|dlrs
14:49:46.11 (211736524)|ENTERING_MANAGED_PKG|dlrs
14:49:46.11 (211806910)|ENTERING_MANAGED_PKG|dlrs
14:49:46.11 (211821162)|ENTERING_MANAGED_PKG|dlrs
14:49:46.11 (211836537)|ENTERING_MANAGED_PKG|dlrs
14:49:46.11 (211867130)|ENTERING_MANAGED_PKG|dlrs
14:49:46.11 (211885977)|ENTERING_MANAGED_PKG|dlrs
14:49:46.11 (212000714)|ENTERING_MANAGED_PKG|dlrs
14:49:46.11 (212067245)|ENTERING_MANAGED_PKG|dlrs
14:49:46.11 (212081888)|ENTERING_MANAGED_PKG|dlrs
14:49:46.11 (212155798)|ENTERING_MANAGED_PKG|dlrs
14:49:46.11 (212240282)|ENTERING_MANAGED_PKG|dlrs
14:49:46.11 (212285484)|ENTERING_MANAGED_PKG|dlrs
14:49:46.11 (212357453)|ENTERING_MANAGED_PKG|dlrs
14:49:46.11 (212370940)|ENTERING_MANAGED_PKG|dlrs
14:49:46.11 (212466038)|ENTERING_MANAGED_PKG|dlrs
14:49:46.11 (212626978)|ENTERING_MANAGED_PKG|dlrs
14:49:46.11 (212741716)|ENTERING_MANAGED_PKG|dlrs
14:49:46.11 (212916631)|ENTERING_MANAGED_PKG|dlrs
14:49:46.11 (213010357)|ENTERING_MANAGED_PKG|dlrs
14:49:46.11 (213183639)|ENTERING_MANAGED_PKG|dlrs
14:49:46.11 (213283080)|ENTERING_MANAGED_PKG|dlrs
14:49:46.11 (213455856)|ENTERING_MANAGED_PKG|dlrs
14:49:46.11 (213545716)|ENTERING_MANAGED_PKG|dlrs
14:49:46.11 (213717367)|ENTERING_MANAGED_PKG|dlrs
14:49:46.11 (213809973)|ENTERING_MANAGED_PKG|dlrs
14:49:46.11 (213974564)|ENTERING_MANAGED_PKG|dlrs
14:49:46.11 (214067144)|ENTERING_MANAGED_PKG|dlrs
14:49:46.11 (214232456)|ENTERING_MANAGED_PKG|dlrs
14:49:46.11 (214330265)|ENTERING_MANAGED_PKG|dlrs
14:49:46.11 (214494805)|ENTERING_MANAGED_PKG|dlrs
14:49:46.11 (214587013)|ENTERING_MANAGED_PKG|dlrs
14:49:46.11 (214755560)|ENTERING_MANAGED_PKG|dlrs
14:49:46.11 (214848194)|ENTERING_MANAGED_PKG|dlrs
14:49:46.11 (215013206)|ENTERING_MANAGED_PKG|dlrs
14:49:46.11 (215106876)|ENTERING_MANAGED_PKG|dlrs
14:49:46.11 (215278979)|ENTERING_MANAGED_PKG|dlrs
14:49:46.11 (215372537)|ENTERING_MANAGED_PKG|dlrs
14:49:46.11 (215538979)|ENTERING_MANAGED_PKG|dlrs
14:49:46.11 (215641730)|ENTERING_MANAGED_PKG|dlrs
14:49:46.11 (215806662)|ENTERING_MANAGED_PKG|dlrs
14:49:46.11 (215930984)|ENTERING_MANAGED_PKG|dlrs
14:49:46.11 (216110069)|ENTERING_MANAGED_PKG|dlrs
14:49:46.11 (216204622)|ENTERING_MANAGED_PKG|dlrs
14:49:46.11 (216392607)|ENTERING_MANAGED_PKG|dlrs
14:49:46.11 (216486180)|ENTERING_MANAGED_PKG|dlrs
14:49:46.11 (216656115)|ENTERING_MANAGED_PKG|dlrs
14:49:46.11 (216750340)|ENTERING_MANAGED_PKG|dlrs
14:49:46.11 (216914218)|ENTERING_MANAGED_PKG|dlrs
14:49:46.11 (217006231)|ENTERING_MANAGED_PKG|dlrs
14:49:46.11 (217171904)|ENTERING_MANAGED_PKG|dlrs
14:49:46.11 (217264354)|ENTERING_MANAGED_PKG|dlrs
14:49:46.11 (217427628)|ENTERING_MANAGED_PKG|dlrs
14:49:46.11 (217519778)|ENTERING_MANAGED_PKG|dlrs
14:49:46.11 (217688660)|ENTERING_MANAGED_PKG|dlrs
14:49:46.11 (217781436)|ENTERING_MANAGED_PKG|dlrs
14:49:46.11 (217943965)|ENTERING_MANAGED_PKG|dlrs
14:49:46.11 (218036143)|ENTERING_MANAGED_PKG|dlrs
14:49:46.11 (218199705)|ENTERING_MANAGED_PKG|dlrs
14:49:46.11 (218291575)|ENTERING_MANAGED_PKG|dlrs
14:49:46.11 (218471369)|ENTERING_MANAGED_PKG|dlrs
14:49:46.11 (218578008)|ENTERING_MANAGED_PKG|dlrs
14:49:46.11 (218747878)|ENTERING_MANAGED_PKG|dlrs
14:49:46.11 (218840424)|ENTERING_MANAGED_PKG|dlrs
14:49:46.11 (219004366)|ENTERING_MANAGED_PKG|dlrs
14:49:46.11 (219097551)|ENTERING_MANAGED_PKG|dlrs
14:49:46.11 (219260723)|ENTERING_MANAGED_PKG|dlrs
14:49:46.11 (219352017)|ENTERING_MANAGED_PKG|dlrs
14:49:46.11 (219516018)|ENTERING_MANAGED_PKG|dlrs
14:49:46.11 (219612280)|ENTERING_MANAGED_PKG|dlrs
14:49:46.11 (219777265)|ENTERING_MANAGED_PKG|dlrs
14:49:46.11 (219868340)|ENTERING_MANAGED_PKG|dlrs
14:49:46.11 (220031684)|ENTERING_MANAGED_PKG|dlrs
14:49:46.11 (220124890)|ENTERING_MANAGED_PKG|dlrs
14:49:46.11 (220288827)|ENTERING_MANAGED_PKG|dlrs
14:49:46.11 (220390793)|ENTERING_MANAGED_PKG|dlrs
14:49:46.11 (220587561)|ENTERING_MANAGED_PKG|dlrs
14:49:46.11 (220686582)|ENTERING_MANAGED_PKG|dlrs
14:49:46.11 (220852574)|ENTERING_MANAGED_PKG|dlrs
14:49:46.11 (220946037)|ENTERING_MANAGED_PKG|dlrs
14:49:46.11 (221109693)|ENTERING_MANAGED_PKG|dlrs
14:49:46.11 (221202792)|ENTERING_MANAGED_PKG|dlrs
14:49:46.11 (221367060)|ENTERING_MANAGED_PKG|dlrs
14:49:46.11 (221460162)|ENTERING_MANAGED_PKG|dlrs
14:49:46.11 (221628089)|ENTERING_MANAGED_PKG|dlrs
14:49:46.11 (221721211)|ENTERING_MANAGED_PKG|dlrs
14:49:46.11 (221884394)|ENTERING_MANAGED_PKG|dlrs
14:49:46.11 (221977028)|ENTERING_MANAGED_PKG|dlrs
14:49:46.11 (222139068)|ENTERING_MANAGED_PKG|dlrs
14:49:46.11 (222232999)|ENTERING_MANAGED_PKG|dlrs
14:49:46.11 (222395872)|ENTERING_MANAGED_PKG|dlrs
14:49:46.11 (222488339)|ENTERING_MANAGED_PKG|dlrs
14:49:46.11 (222655621)|ENTERING_MANAGED_PKG|dlrs
14:49:46.11 (222756301)|ENTERING_MANAGED_PKG|dlrs
14:49:46.11 (222920384)|ENTERING_MANAGED_PKG|dlrs
14:49:46.11 (223018633)|ENTERING_MANAGED_PKG|dlrs
14:49:46.11 (223184335)|ENTERING_MANAGED_PKG|dlrs
14:49:46.11 (223274190)|ENTERING_MANAGED_PKG|dlrs
14:49:46.11 (223436833)|ENTERING_MANAGED_PKG|dlrs
14:49:46.11 (223528521)|ENTERING_MANAGED_PKG|dlrs
14:49:46.11 (223704064)|ENTERING_MANAGED_PKG|dlrs
14:49:46.11 (223796728)|ENTERING_MANAGED_PKG|dlrs
14:49:46.11 (223959546)|ENTERING_MANAGED_PKG|dlrs
14:49:46.11 (224051997)|ENTERING_MANAGED_PKG|dlrs
14:49:46.11 (224215532)|ENTERING_MANAGED_PKG|dlrs
14:49:46.11 (224308419)|ENTERING_MANAGED_PKG|dlrs
14:49:46.11 (224476001)|ENTERING_MANAGED_PKG|dlrs
14:49:46.11 (224568269)|ENTERING_MANAGED_PKG|dlrs
14:49:46.11 (224737445)|ENTERING_MANAGED_PKG|dlrs
14:49:46.11 (224829834)|ENTERING_MANAGED_PKG|dlrs
14:49:46.11 (224992470)|ENTERING_MANAGED_PKG|dlrs
14:49:46.11 (225085073)|ENTERING_MANAGED_PKG|dlrs
14:49:46.11 (225249608)|ENTERING_MANAGED_PKG|dlrs
14:49:46.11 (225342584)|ENTERING_MANAGED_PKG|dlrs
14:49:46.11 (225505906)|ENTERING_MANAGED_PKG|dlrs
14:49:46.11 (225598593)|ENTERING_MANAGED_PKG|dlrs
14:49:46.11 (225765844)|ENTERING_MANAGED_PKG|dlrs
14:49:46.11 (225858337)|ENTERING_MANAGED_PKG|dlrs
14:49:46.11 (229358704)|ENTERING_MANAGED_PKG|dlrs
14:49:46.11 (229470032)|ENTERING_MANAGED_PKG|dlrs
14:49:46.11 (229680061)|ENTERING_MANAGED_PKG|dlrs
14:49:46.11 (230772904)|SOQL_EXECUTE_BEGIN|[302]|Aggregations:0|SELECT DeveloperName, Id, Label, dlrs__Active__c, dlrs__AggregateAllRows__c, dlrs__AggregateOperation__c, dlrs__AggregateResultField__c, dlrs__CalculationMode__c, dlrs__CalculationSharingMode__c, dlrs__ChildObject__c, dlrs__ConcatenateDelimiter__c, dlrs__Description__c, dlrs__FieldToAggregate__c, dlrs__FieldToOrderBy__c, dlrs__ParentObject__c, dlrs__RelationshipCriteriaFields__c, dlrs__RelationshipCriteria__c, dlrs__RelationshipField__c, dlrs__RowLimit__c, dlrs__TestCodeSeeAllData__c, dlrs__TestCode__c FROM dlrs__LookupRollupSummary2__mdt ORDER BY DeveloperName ASC NULLS FIRST , Label ASC NULLS FIRST 
14:49:46.11 (233696219)|SOQL_EXECUTE_END|[302]|Rows:9
14:49:46.11 (233814665)|ENTERING_MANAGED_PKG|dlrs
14:49:46.11 (233956725)|ENTERING_MANAGED_PKG|dlrs
14:49:46.11 (233997029)|ENTERING_MANAGED_PKG|dlrs
14:49:46.11 (234023743)|ENTERING_MANAGED_PKG|dlrs
14:49:46.11 (234041370)|ENTERING_MANAGED_PKG|dlrs
14:49:46.11 (234061413)|ENTERING_MANAGED_PKG|dlrs
14:49:46.11 (234084077)|ENTERING_MANAGED_PKG|dlrs
14:49:46.11 (234100869)|ENTERING_MANAGED_PKG|dlrs
14:49:46.11 (234120386)|ENTERING_MANAGED_PKG|dlrs
14:49:46.11 (234136810)|ENTERING_MANAGED_PKG|dlrs
14:49:46.11 (234156388)|ENTERING_MANAGED_PKG|dlrs
14:49:46.11 (234172257)|ENTERING_MANAGED_PKG|dlrs
14:49:46.11 (234191960)|ENTERING_MANAGED_PKG|dlrs
14:49:46.11 (234208183)|ENTERING_MANAGED_PKG|dlrs
14:49:46.11 (234227346)|ENTERING_MANAGED_PKG|dlrs
14:49:46.11 (234243654)|ENTERING_MANAGED_PKG|dlrs
14:49:46.11 (234263499)|ENTERING_MANAGED_PKG|dlrs
14:49:46.11 (234279629)|ENTERING_MANAGED_PKG|dlrs
14:49:46.11 (234299345)|ENTERING_MANAGED_PKG|dlrs
14:49:46.11 (234316147)|ENTERING_MANAGED_PKG|dlrs
14:49:46.11 (234335877)|ENTERING_MANAGED_PKG|dlrs
14:49:46.11 (234352000)|ENTERING_MANAGED_PKG|dlrs
14:49:46.11 (234372706)|ENTERING_MANAGED_PKG|dlrs
14:49:46.11 (234389084)|ENTERING_MANAGED_PKG|dlrs
14:49:46.11 (234408823)|ENTERING_MANAGED_PKG|dlrs
14:49:46.11 (234424946)|ENTERING_MANAGED_PKG|dlrs
14:49:46.11 (234446578)|ENTERING_MANAGED_PKG|dlrs
14:49:46.11 (234463091)|ENTERING_MANAGED_PKG|dlrs
14:49:46.11 (234483319)|ENTERING_MANAGED_PKG|dlrs
14:49:46.11 (234499308)|ENTERING_MANAGED_PKG|dlrs
14:49:46.11 (234519249)|ENTERING_MANAGED_PKG|dlrs
14:49:46.11 (234535119)|ENTERING_MANAGED_PKG|dlrs
14:49:46.11 (234555034)|ENTERING_MANAGED_PKG|dlrs
14:49:46.11 (234570967)|ENTERING_MANAGED_PKG|dlrs
14:49:46.11 (234591124)|ENTERING_MANAGED_PKG|dlrs
14:49:46.11 (234611268)|ENTERING_MANAGED_PKG|dlrs
14:49:46.11 (234632983)|ENTERING_MANAGED_PKG|dlrs
14:49:46.11 (234649479)|ENTERING_MANAGED_PKG|dlrs
14:49:46.11 (234669610)|ENTERING_MANAGED_PKG|dlrs
14:49:46.11 (234685870)|ENTERING_MANAGED_PKG|dlrs
14:49:46.11 (234704956)|ENTERING_MANAGED_PKG|dlrs
14:49:46.11 (234720829)|ENTERING_MANAGED_PKG|dlrs
14:49:46.11 (234745668)|ENTERING_MANAGED_PKG|dlrs
14:49:46.11 (234769972)|ENTERING_MANAGED_PKG|dlrs
14:49:46.11 (234824072)|ENTERING_MANAGED_PKG|dlrs
14:49:46.11 (234921971)|ENTERING_MANAGED_PKG|dlrs
14:49:46.11 (234953811)|ENTERING_MANAGED_PKG|dlrs
14:49:46.11 (234972679)|ENTERING_MANAGED_PKG|dlrs
14:49:46.11 (234985645)|ENTERING_MANAGED_PKG|dlrs
14:49:46.11 (235002119)|ENTERING_MANAGED_PKG|dlrs
14:49:46.11 (235022804)|ENTERING_MANAGED_PKG|dlrs
14:49:46.11 (235039043)|ENTERING_MANAGED_PKG|dlrs
14:49:46.11 (235058377)|ENTERING_MANAGED_PKG|dlrs
14:49:46.11 (235074741)|ENTERING_MANAGED_PKG|dlrs
14:49:46.11 (235093599)|ENTERING_MANAGED_PKG|dlrs
14:49:46.11 (235109520)|ENTERING_MANAGED_PKG|dlrs
14:49:46.11 (235128284)|ENTERING_MANAGED_PKG|dlrs
14:49:46.11 (235144421)|ENTERING_MANAGED_PKG|dlrs
14:49:46.11 (235163338)|ENTERING_MANAGED_PKG|dlrs
14:49:46.11 (235179139)|ENTERING_MANAGED_PKG|dlrs
14:49:46.11 (235198309)|ENTERING_MANAGED_PKG|dlrs
14:49:46.11 (235214312)|ENTERING_MANAGED_PKG|dlrs
14:49:46.11 (235233239)|ENTERING_MANAGED_PKG|dlrs
14:49:46.11 (235249252)|ENTERING_MANAGED_PKG|dlrs
14:49:46.11 (235268844)|ENTERING_MANAGED_PKG|dlrs
14:49:46.11 (235284737)|ENTERING_MANAGED_PKG|dlrs
14:49:46.11 (235303781)|ENTERING_MANAGED_PKG|dlrs
14:49:46.11 (235320068)|ENTERING_MANAGED_PKG|dlrs
14:49:46.11 (235339915)|ENTERING_MANAGED_PKG|dlrs
14:49:46.11 (235356177)|ENTERING_MANAGED_PKG|dlrs
14:49:46.11 (235376019)|ENTERING_MANAGED_PKG|dlrs
14:49:46.11 (235392314)|ENTERING_MANAGED_PKG|dlrs
14:49:46.11 (235411874)|ENTERING_MANAGED_PKG|dlrs
14:49:46.11 (235427594)|ENTERING_MANAGED_PKG|dlrs
14:49:46.11 (235446742)|ENTERING_MANAGED_PKG|dlrs
14:49:46.11 (235462832)|ENTERING_MANAGED_PKG|dlrs
14:49:46.11 (235482177)|ENTERING_MANAGED_PKG|dlrs
14:49:46.11 (235498261)|ENTERING_MANAGED_PKG|dlrs
14:49:46.11 (235517849)|ENTERING_MANAGED_PKG|dlrs
14:49:46.11 (235534185)|ENTERING_MANAGED_PKG|dlrs
14:49:46.11 (235553700)|ENTERING_MANAGED_PKG|dlrs
14:49:46.11 (235569995)|ENTERING_MANAGED_PKG|dlrs
14:49:46.11 (235589729)|ENTERING_MANAGED_PKG|dlrs
14:49:46.11 (235609397)|ENTERING_MANAGED_PKG|dlrs
14:49:46.11 (235630720)|ENTERING_MANAGED_PKG|dlrs
14:49:46.11 (235647161)|ENTERING_MANAGED_PKG|dlrs
14:49:46.11 (235671260)|ENTERING_MANAGED_PKG|dlrs
14:49:46.11 (235694140)|ENTERING_MANAGED_PKG|dlrs
14:49:46.11 (235725678)|ENTERING_MANAGED_PKG|dlrs
14:49:46.11 (235809294)|ENTERING_MANAGED_PKG|dlrs
14:49:46.11 (235846429)|ENTERING_MANAGED_PKG|dlrs
14:49:46.11 (235866180)|ENTERING_MANAGED_PKG|dlrs
14:49:46.11 (235878829)|ENTERING_MANAGED_PKG|dlrs
14:49:46.11 (235895449)|ENTERING_MANAGED_PKG|dlrs
14:49:46.11 (235915310)|ENTERING_MANAGED_PKG|dlrs
14:49:46.11 (235931364)|ENTERING_MANAGED_PKG|dlrs
14:49:46.11 (235950566)|ENTERING_MANAGED_PKG|dlrs
14:49:46.11 (235966723)|ENTERING_MANAGED_PKG|dlrs
14:49:46.11 (235985675)|ENTERING_MANAGED_PKG|dlrs
14:49:46.11 (236001771)|ENTERING_MANAGED_PKG|dlrs
14:49:46.11 (236021643)|ENTERING_MANAGED_PKG|dlrs
14:49:46.11 (236037530)|ENTERING_MANAGED_PKG|dlrs
14:49:46.11 (236057144)|ENTERING_MANAGED_PKG|dlrs
14:49:46.11 (236073155)|ENTERING_MANAGED_PKG|dlrs
14:49:46.11 (236092389)|ENTERING_MANAGED_PKG|dlrs
14:49:46.11 (236108838)|ENTERING_MANAGED_PKG|dlrs
14:49:46.11 (236128163)|ENTERING_MANAGED_PKG|dlrs
14:49:46.11 (236144127)|ENTERING_MANAGED_PKG|dlrs
14:49:46.11 (236163653)|ENTERING_MANAGED_PKG|dlrs
14:49:46.11 (236179371)|ENTERING_MANAGED_PKG|dlrs
14:49:46.11 (236202930)|ENTERING_MANAGED_PKG|dlrs
14:49:46.11 (236237715)|ENTERING_MANAGED_PKG|dlrs
14:49:46.11 (236266962)|ENTERING_MANAGED_PKG|dlrs
14:49:46.11 (236285233)|ENTERING_MANAGED_PKG|dlrs
14:49:46.11 (236305855)|ENTERING_MANAGED_PKG|dlrs
14:49:46.11 (236322401)|ENTERING_MANAGED_PKG|dlrs
14:49:46.11 (236342140)|ENTERING_MANAGED_PKG|dlrs
14:49:46.11 (236358835)|ENTERING_MANAGED_PKG|dlrs
14:49:46.11 (236378822)|ENTERING_MANAGED_PKG|dlrs
14:49:46.11 (236394924)|ENTERING_MANAGED_PKG|dlrs
14:49:46.11 (236414891)|ENTERING_MANAGED_PKG|dlrs
14:49:46.11 (236430800)|ENTERING_MANAGED_PKG|dlrs
14:49:46.11 (236450535)|ENTERING_MANAGED_PKG|dlrs
14:49:46.11 (236466726)|ENTERING_MANAGED_PKG|dlrs
14:49:46.11 (236486942)|ENTERING_MANAGED_PKG|dlrs
14:49:46.11 (236503804)|ENTERING_MANAGED_PKG|dlrs
14:49:46.11 (236524051)|ENTERING_MANAGED_PKG|dlrs
14:49:46.11 (236540362)|ENTERING_MANAGED_PKG|dlrs
14:49:46.11 (236559007)|ENTERING_MANAGED_PKG|dlrs
14:49:46.11 (236574844)|ENTERING_MANAGED_PKG|dlrs
14:49:46.11 (236598645)|ENTERING_MANAGED_PKG|dlrs
14:49:46.11 (236625824)|ENTERING_MANAGED_PKG|dlrs
14:49:46.11 (236671603)|ENTERING_MANAGED_PKG|dlrs
14:49:46.11 (236763064)|ENTERING_MANAGED_PKG|dlrs
14:49:46.11 (236794383)|ENTERING_MANAGED_PKG|dlrs
14:49:46.11 (236813833)|ENTERING_MANAGED_PKG|dlrs
14:49:46.11 (236830489)|ENTERING_MANAGED_PKG|dlrs
14:49:46.11 (236848303)|ENTERING_MANAGED_PKG|dlrs
14:49:46.11 (236868293)|ENTERING_MANAGED_PKG|dlrs
14:49:46.11 (236884464)|ENTERING_MANAGED_PKG|dlrs
14:49:46.11 (236903568)|ENTERING_MANAGED_PKG|dlrs
14:49:46.11 (236919531)|ENTERING_MANAGED_PKG|dlrs
14:49:46.11 (236938457)|ENTERING_MANAGED_PKG|dlrs
14:49:46.11 (236954688)|ENTERING_MANAGED_PKG|dlrs
14:49:46.11 (236973696)|ENTERING_MANAGED_PKG|dlrs
14:49:46.11 (236989475)|ENTERING_MANAGED_PKG|dlrs
14:49:46.11 (237009248)|ENTERING_MANAGED_PKG|dlrs
14:49:46.11 (237026184)|ENTERING_MANAGED_PKG|dlrs
14:49:46.11 (237045606)|ENTERING_MANAGED_PKG|dlrs
14:49:46.11 (237061640)|ENTERING_MANAGED_PKG|dlrs
14:49:46.11 (237080817)|ENTERING_MANAGED_PKG|dlrs
14:49:46.11 (237096771)|ENTERING_MANAGED_PKG|dlrs
14:49:46.11 (237116154)|ENTERING_MANAGED_PKG|dlrs
14:49:46.11 (237132317)|ENTERING_MANAGED_PKG|dlrs
14:49:46.11 (237165821)|ENTERING_MANAGED_PKG|dlrs
14:49:46.11 (237197878)|ENTERING_MANAGED_PKG|dlrs
14:49:46.11 (237221613)|ENTERING_MANAGED_PKG|dlrs
14:49:46.11 (237238773)|ENTERING_MANAGED_PKG|dlrs
14:49:46.11 (237259162)|ENTERING_MANAGED_PKG|dlrs
14:49:46.11 (237275494)|ENTERING_MANAGED_PKG|dlrs
14:49:46.11 (237295305)|ENTERING_MANAGED_PKG|dlrs
14:49:46.11 (237311165)|ENTERING_MANAGED_PKG|dlrs
14:49:46.11 (237330766)|ENTERING_MANAGED_PKG|dlrs
14:49:46.11 (237346846)|ENTERING_MANAGED_PKG|dlrs
14:49:46.11 (237366184)|ENTERING_MANAGED_PKG|dlrs
14:49:46.11 (237382231)|ENTERING_MANAGED_PKG|dlrs
14:49:46.11 (237402600)|ENTERING_MANAGED_PKG|dlrs
14:49:46.11 (237418987)|ENTERING_MANAGED_PKG|dlrs
14:49:46.11 (237438946)|ENTERING_MANAGED_PKG|dlrs
14:49:46.11 (237455406)|ENTERING_MANAGED_PKG|dlrs
14:49:46.11 (237475201)|ENTERING_MANAGED_PKG|dlrs
14:49:46.11 (237491513)|ENTERING_MANAGED_PKG|dlrs
14:49:46.11 (237510171)|ENTERING_MANAGED_PKG|dlrs
14:49:46.11 (237526101)|ENTERING_MANAGED_PKG|dlrs
14:49:46.11 (237549593)|ENTERING_MANAGED_PKG|dlrs
14:49:46.11 (237571267)|ENTERING_MANAGED_PKG|dlrs
14:49:46.11 (237602322)|ENTERING_MANAGED_PKG|dlrs
14:49:46.11 (237695469)|ENTERING_MANAGED_PKG|dlrs
14:49:46.11 (237742922)|ENTERING_MANAGED_PKG|dlrs
14:49:46.11 (237764294)|ENTERING_MANAGED_PKG|dlrs
14:49:46.11 (237777113)|ENTERING_MANAGED_PKG|dlrs
14:49:46.11 (237793779)|ENTERING_MANAGED_PKG|dlrs
14:49:46.11 (237813918)|ENTERING_MANAGED_PKG|dlrs
14:49:46.11 (237835517)|ENTERING_MANAGED_PKG|dlrs
14:49:46.11 (237855838)|ENTERING_MANAGED_PKG|dlrs
14:49:46.11 (237871968)|ENTERING_MANAGED_PKG|dlrs
14:49:46.11 (237891172)|ENTERING_MANAGED_PKG|dlrs
14:49:46.11 (237907498)|ENTERING_MANAGED_PKG|dlrs
14:49:46.11 (237926750)|ENTERING_MANAGED_PKG|dlrs
14:49:46.11 (237942612)|ENTERING_MANAGED_PKG|dlrs
14:49:46.11 (237962398)|ENTERING_MANAGED_PKG|dlrs
14:49:46.11 (237978674)|ENTERING_MANAGED_PKG|dlrs
14:49:46.11 (237997832)|ENTERING_MANAGED_PKG|dlrs
14:49:46.11 (238013736)|ENTERING_MANAGED_PKG|dlrs
14:49:46.11 (238034087)|ENTERING_MANAGED_PKG|dlrs
14:49:46.11 (238049899)|ENTERING_MANAGED_PKG|dlrs
14:49:46.11 (238069226)|ENTERING_MANAGED_PKG|dlrs
14:49:46.11 (238085586)|ENTERING_MANAGED_PKG|dlrs
14:49:46.11 (238105020)|ENTERING_MANAGED_PKG|dlrs
14:49:46.11 (238121051)|ENTERING_MANAGED_PKG|dlrs
14:49:46.11 (238140651)|ENTERING_MANAGED_PKG|dlrs
14:49:46.11 (238156493)|ENTERING_MANAGED_PKG|dlrs
14:49:46.11 (238176518)|ENTERING_MANAGED_PKG|dlrs
14:49:46.11 (238192959)|ENTERING_MANAGED_PKG|dlrs
14:49:46.11 (238212076)|ENTERING_MANAGED_PKG|dlrs
14:49:46.11 (238228133)|ENTERING_MANAGED_PKG|dlrs
14:49:46.11 (238247748)|ENTERING_MANAGED_PKG|dlrs
14:49:46.11 (238263911)|ENTERING_MANAGED_PKG|dlrs
14:49:46.11 (238283810)|ENTERING_MANAGED_PKG|dlrs
14:49:46.11 (238299973)|ENTERING_MANAGED_PKG|dlrs
14:49:46.11 (238319256)|ENTERING_MANAGED_PKG|dlrs
14:49:46.11 (238335169)|ENTERING_MANAGED_PKG|dlrs
14:49:46.11 (238354752)|ENTERING_MANAGED_PKG|dlrs
14:49:46.11 (238370834)|ENTERING_MANAGED_PKG|dlrs
14:49:46.11 (238390643)|ENTERING_MANAGED_PKG|dlrs
14:49:46.11 (238407149)|ENTERING_MANAGED_PKG|dlrs
14:49:46.11 (238426009)|ENTERING_MANAGED_PKG|dlrs
14:49:46.11 (238441973)|ENTERING_MANAGED_PKG|dlrs
14:49:46.11 (238465143)|ENTERING_MANAGED_PKG|dlrs
14:49:46.11 (238491062)|ENTERING_MANAGED_PKG|dlrs
14:49:46.11 (238521876)|ENTERING_MANAGED_PKG|dlrs
14:49:46.11 (238608753)|ENTERING_MANAGED_PKG|dlrs
14:49:46.11 (238640733)|ENTERING_MANAGED_PKG|dlrs
14:49:46.11 (238660079)|ENTERING_MANAGED_PKG|dlrs
14:49:46.11 (238673067)|ENTERING_MANAGED_PKG|dlrs
14:49:46.11 (238689234)|ENTERING_MANAGED_PKG|dlrs
14:49:46.11 (238709222)|ENTERING_MANAGED_PKG|dlrs
14:49:46.11 (238725344)|ENTERING_MANAGED_PKG|dlrs
14:49:46.11 (238744656)|ENTERING_MANAGED_PKG|dlrs
14:49:46.11 (238760922)|ENTERING_MANAGED_PKG|dlrs
14:49:46.11 (238779625)|ENTERING_MANAGED_PKG|dlrs
14:49:46.11 (238795427)|ENTERING_MANAGED_PKG|dlrs
14:49:46.11 (238815753)|ENTERING_MANAGED_PKG|dlrs
14:49:46.11 (238835308)|ENTERING_MANAGED_PKG|dlrs
14:49:46.11 (238855187)|ENTERING_MANAGED_PKG|dlrs
14:49:46.11 (238871454)|ENTERING_MANAGED_PKG|dlrs
14:49:46.11 (238890537)|ENTERING_MANAGED_PKG|dlrs
14:49:46.11 (238906408)|ENTERING_MANAGED_PKG|dlrs
14:49:46.11 (238925442)|ENTERING_MANAGED_PKG|dlrs
14:49:46.11 (238941415)|ENTERING_MANAGED_PKG|dlrs
14:49:46.11 (238960464)|ENTERING_MANAGED_PKG|dlrs
14:49:46.11 (238976446)|ENTERING_MANAGED_PKG|dlrs
14:49:46.11 (238995721)|ENTERING_MANAGED_PKG|dlrs
14:49:46.11 (239011594)|ENTERING_MANAGED_PKG|dlrs
14:49:46.11 (239032060)|ENTERING_MANAGED_PKG|dlrs
14:49:46.11 (239048163)|ENTERING_MANAGED_PKG|dlrs
14:49:46.11 (239068121)|ENTERING_MANAGED_PKG|dlrs
14:49:46.11 (239084301)|ENTERING_MANAGED_PKG|dlrs
14:49:46.11 (239104147)|ENTERING_MANAGED_PKG|dlrs
14:49:46.11 (239120160)|ENTERING_MANAGED_PKG|dlrs
14:49:46.11 (239139524)|ENTERING_MANAGED_PKG|dlrs
14:49:46.11 (239155427)|ENTERING_MANAGED_PKG|dlrs
14:49:46.11 (239174569)|ENTERING_MANAGED_PKG|dlrs
14:49:46.11 (239190666)|ENTERING_MANAGED_PKG|dlrs
14:49:46.11 (239210088)|ENTERING_MANAGED_PKG|dlrs
14:49:46.11 (239226076)|ENTERING_MANAGED_PKG|dlrs
14:49:46.11 (239245977)|ENTERING_MANAGED_PKG|dlrs
14:49:46.11 (239262445)|ENTERING_MANAGED_PKG|dlrs
14:49:46.11 (239281988)|ENTERING_MANAGED_PKG|dlrs
14:49:46.11 (239298399)|ENTERING_MANAGED_PKG|dlrs
14:49:46.11 (239317175)|ENTERING_MANAGED_PKG|dlrs
14:49:46.11 (239332952)|ENTERING_MANAGED_PKG|dlrs
14:49:46.11 (239356473)|ENTERING_MANAGED_PKG|dlrs
14:49:46.11 (239378529)|ENTERING_MANAGED_PKG|dlrs
14:49:46.11 (239408993)|ENTERING_MANAGED_PKG|dlrs
14:49:46.11 (239490675)|ENTERING_MANAGED_PKG|dlrs
14:49:46.11 (239522281)|ENTERING_MANAGED_PKG|dlrs
14:49:46.11 (239540803)|ENTERING_MANAGED_PKG|dlrs
14:49:46.11 (239553368)|ENTERING_MANAGED_PKG|dlrs
14:49:46.11 (239570166)|ENTERING_MANAGED_PKG|dlrs
14:49:46.11 (239589606)|ENTERING_MANAGED_PKG|dlrs
14:49:46.11 (239609458)|ENTERING_MANAGED_PKG|dlrs
14:49:46.11 (239629863)|ENTERING_MANAGED_PKG|dlrs
14:49:46.11 (239646436)|ENTERING_MANAGED_PKG|dlrs
14:49:46.11 (239665394)|ENTERING_MANAGED_PKG|dlrs
14:49:46.11 (239681280)|ENTERING_MANAGED_PKG|dlrs
14:49:46.11 (239700130)|ENTERING_MANAGED_PKG|dlrs
14:49:46.11 (239716143)|ENTERING_MANAGED_PKG|dlrs
14:49:46.11 (239735089)|ENTERING_MANAGED_PKG|dlrs
14:49:46.11 (239751220)|ENTERING_MANAGED_PKG|dlrs
14:49:46.11 (239770788)|ENTERING_MANAGED_PKG|dlrs
14:49:46.11 (239786484)|ENTERING_MANAGED_PKG|dlrs
14:49:46.11 (239805374)|ENTERING_MANAGED_PKG|dlrs
14:49:46.11 (239826848)|ENTERING_MANAGED_PKG|dlrs
14:49:46.11 (239847803)|ENTERING_MANAGED_PKG|dlrs
14:49:46.11 (239864346)|ENTERING_MANAGED_PKG|dlrs
14:49:46.11 (239883769)|ENTERING_MANAGED_PKG|dlrs
14:49:46.11 (239899893)|ENTERING_MANAGED_PKG|dlrs
14:49:46.11 (239918934)|ENTERING_MANAGED_PKG|dlrs
14:49:46.11 (239935385)|ENTERING_MANAGED_PKG|dlrs
14:49:46.11 (239955247)|ENTERING_MANAGED_PKG|dlrs
14:49:46.11 (239971820)|ENTERING_MANAGED_PKG|dlrs
14:49:46.11 (239991214)|ENTERING_MANAGED_PKG|dlrs
14:49:46.11 (240006824)|ENTERING_MANAGED_PKG|dlrs
14:49:46.11 (240027171)|ENTERING_MANAGED_PKG|dlrs
14:49:46.11 (240043389)|ENTERING_MANAGED_PKG|dlrs
14:49:46.11 (240062465)|ENTERING_MANAGED_PKG|dlrs
14:49:46.11 (240078651)|ENTERING_MANAGED_PKG|dlrs
14:49:46.11 (240098171)|ENTERING_MANAGED_PKG|dlrs
14:49:46.11 (240115390)|ENTERING_MANAGED_PKG|dlrs
14:49:46.11 (240135413)|ENTERING_MANAGED_PKG|dlrs
14:49:46.11 (240151527)|ENTERING_MANAGED_PKG|dlrs
14:49:46.11 (240171089)|ENTERING_MANAGED_PKG|dlrs
14:49:46.11 (240187401)|ENTERING_MANAGED_PKG|dlrs
14:49:46.11 (240206114)|ENTERING_MANAGED_PKG|dlrs
14:49:46.11 (240232029)|ENTERING_MANAGED_PKG|dlrs
14:49:46.11 (240274267)|ENTERING_MANAGED_PKG|dlrs
14:49:46.11 (240306832)|ENTERING_MANAGED_PKG|dlrs
14:49:46.11 (240347105)|ENTERING_MANAGED_PKG|dlrs
14:49:46.11 (240457637)|ENTERING_MANAGED_PKG|dlrs
14:49:46.11 (240503395)|ENTERING_MANAGED_PKG|dlrs
14:49:46.11 (240530638)|ENTERING_MANAGED_PKG|dlrs
14:49:46.11 (240549477)|ENTERING_MANAGED_PKG|dlrs
14:49:46.11 (240574239)|ENTERING_MANAGED_PKG|dlrs
14:49:46.11 (240603892)|ENTERING_MANAGED_PKG|dlrs
14:49:46.11 (240635069)|ENTERING_MANAGED_PKG|dlrs
14:49:46.11 (240665387)|ENTERING_MANAGED_PKG|dlrs
14:49:46.11 (240690037)|ENTERING_MANAGED_PKG|dlrs
14:49:46.11 (240719150)|ENTERING_MANAGED_PKG|dlrs
14:49:46.11 (240744710)|ENTERING_MANAGED_PKG|dlrs
14:49:46.11 (240774065)|ENTERING_MANAGED_PKG|dlrs
14:49:46.11 (240798770)|ENTERING_MANAGED_PKG|dlrs
14:49:46.11 (240830440)|ENTERING_MANAGED_PKG|dlrs
14:49:46.11 (240856179)|ENTERING_MANAGED_PKG|dlrs
14:49:46.11 (240886217)|ENTERING_MANAGED_PKG|dlrs
14:49:46.11 (240910820)|ENTERING_MANAGED_PKG|dlrs
14:49:46.11 (240940634)|ENTERING_MANAGED_PKG|dlrs
14:49:46.11 (240965429)|ENTERING_MANAGED_PKG|dlrs
14:49:46.11 (240995395)|ENTERING_MANAGED_PKG|dlrs
14:49:46.11 (241019730)|ENTERING_MANAGED_PKG|dlrs
14:49:46.11 (241052058)|ENTERING_MANAGED_PKG|dlrs
14:49:46.11 (241077410)|ENTERING_MANAGED_PKG|dlrs
14:49:46.11 (241107772)|ENTERING_MANAGED_PKG|dlrs
14:49:46.11 (241132413)|ENTERING_MANAGED_PKG|dlrs
14:49:46.11 (241165693)|ENTERING_MANAGED_PKG|dlrs
14:49:46.11 (241193375)|ENTERING_MANAGED_PKG|dlrs
14:49:46.11 (241225278)|ENTERING_MANAGED_PKG|dlrs
14:49:46.11 (241250502)|ENTERING_MANAGED_PKG|dlrs
14:49:46.11 (241282455)|ENTERING_MANAGED_PKG|dlrs
14:49:46.11 (241308021)|ENTERING_MANAGED_PKG|dlrs
14:49:46.11 (241340805)|ENTERING_MANAGED_PKG|dlrs
14:49:46.11 (241366376)|ENTERING_MANAGED_PKG|dlrs
14:49:46.11 (241399023)|ENTERING_MANAGED_PKG|dlrs
14:49:46.11 (241428827)|ENTERING_MANAGED_PKG|dlrs
14:49:46.11 (241475767)|ENTERING_MANAGED_PKG|dlrs
14:49:46.11 (241507931)|ENTERING_MANAGED_PKG|dlrs
14:49:46.11 (241548020)|ENTERING_MANAGED_PKG|dlrs
14:49:46.11 (241581047)|ENTERING_MANAGED_PKG|dlrs
14:49:46.11 (241619037)|ENTERING_MANAGED_PKG|dlrs
14:49:46.11 (241646397)|ENTERING_MANAGED_PKG|dlrs
14:49:46.11 (241686495)|ENTERING_MANAGED_PKG|dlrs
14:49:46.11 (241722474)|ENTERING_MANAGED_PKG|dlrs
14:49:46.11 (241767391)|ENTERING_MANAGED_PKG|dlrs
14:49:46.11 (241889254)|ENTERING_MANAGED_PKG|dlrs
14:49:46.11 (241936076)|ENTERING_MANAGED_PKG|dlrs
14:49:46.11 (241965179)|ENTERING_MANAGED_PKG|dlrs
14:49:46.11 (241984586)|ENTERING_MANAGED_PKG|dlrs
14:49:46.11 (242010404)|ENTERING_MANAGED_PKG|dlrs
14:49:46.11 (242043943)|ENTERING_MANAGED_PKG|dlrs
14:49:46.11 (242070421)|ENTERING_MANAGED_PKG|dlrs
14:49:46.11 (242102434)|ENTERING_MANAGED_PKG|dlrs
14:49:46.11 (242128019)|ENTERING_MANAGED_PKG|dlrs
14:49:46.11 (242159072)|ENTERING_MANAGED_PKG|dlrs
14:49:46.11 (242185102)|ENTERING_MANAGED_PKG|dlrs
14:49:46.11 (242217163)|ENTERING_MANAGED_PKG|dlrs
14:49:46.11 (242242125)|ENTERING_MANAGED_PKG|dlrs
14:49:46.11 (242274605)|ENTERING_MANAGED_PKG|dlrs
14:49:46.11 (242300346)|ENTERING_MANAGED_PKG|dlrs
14:49:46.11 (242331786)|ENTERING_MANAGED_PKG|dlrs
14:49:46.11 (242359760)|ENTERING_MANAGED_PKG|dlrs
14:49:46.11 (242391956)|ENTERING_MANAGED_PKG|dlrs
14:49:46.11 (242418873)|ENTERING_MANAGED_PKG|dlrs
14:49:46.11 (242451963)|ENTERING_MANAGED_PKG|dlrs
14:49:46.11 (242478273)|ENTERING_MANAGED_PKG|dlrs
14:49:46.11 (242510893)|ENTERING_MANAGED_PKG|dlrs
14:49:46.11 (242536255)|ENTERING_MANAGED_PKG|dlrs
14:49:46.11 (242567098)|ENTERING_MANAGED_PKG|dlrs
14:49:46.11 (242593361)|ENTERING_MANAGED_PKG|dlrs
14:49:46.11 (242631316)|ENTERING_MANAGED_PKG|dlrs
14:49:46.11 (242658877)|ENTERING_MANAGED_PKG|dlrs
14:49:46.11 (242697476)|ENTERING_MANAGED_PKG|dlrs
14:49:46.11 (242723714)|ENTERING_MANAGED_PKG|dlrs
14:49:46.11 (242757108)|ENTERING_MANAGED_PKG|dlrs
14:49:46.11 (242785789)|ENTERING_MANAGED_PKG|dlrs
14:49:46.11 (242811547)|ENTERING_MANAGED_PKG|dlrs
14:49:46.11 (242835898)|ENTERING_MANAGED_PKG|dlrs
14:49:46.11 (242866140)|ENTERING_MANAGED_PKG|dlrs
14:49:46.11 (242884779)|ENTERING_MANAGED_PKG|dlrs
14:49:46.11 (242905969)|ENTERING_MANAGED_PKG|dlrs
14:49:46.11 (242923183)|ENTERING_MANAGED_PKG|dlrs
14:49:46.11 (242943823)|ENTERING_MANAGED_PKG|dlrs
14:49:46.11 (242960509)|ENTERING_MANAGED_PKG|dlrs
14:49:46.11 (242979817)|ENTERING_MANAGED_PKG|dlrs
14:49:46.11 (242995805)|ENTERING_MANAGED_PKG|dlrs
14:49:46.11 (243020144)|ENTERING_MANAGED_PKG|dlrs
14:49:46.11 (243043660)|ENTERING_MANAGED_PKG|dlrs
14:49:46.11 (243077974)|ENTERING_MANAGED_PKG|dlrs
14:49:46.11 (243306304)|ENTERING_MANAGED_PKG|dlrs
14:49:46.11 (243332587)|ENTERING_MANAGED_PKG|dlrs
14:49:46.11 (243448319)|ENTERING_MANAGED_PKG|dlrs
14:49:46.11 (243462077)|ENTERING_MANAGED_PKG|dlrs
14:49:46.11 (243478909)|ENTERING_MANAGED_PKG|dlrs
14:49:46.11 (243665450)|ENTERING_MANAGED_PKG|dlrs
14:49:46.11 (243676123)|ENTERING_MANAGED_PKG|dlrs
14:49:46.11 (243747771)|ENTERING_MANAGED_PKG|dlrs
14:49:46.11 (243759168)|ENTERING_MANAGED_PKG|dlrs
14:49:46.11 (243768230)|ENTERING_MANAGED_PKG|dlrs
14:49:46.11 (243885952)|ENTERING_MANAGED_PKG|dlrs
14:49:46.11 (243895613)|ENTERING_MANAGED_PKG|dlrs
14:49:46.11 (243963125)|ENTERING_MANAGED_PKG|dlrs
14:49:46.11 (243974202)|ENTERING_MANAGED_PKG|dlrs
14:49:46.11 (243983156)|ENTERING_MANAGED_PKG|dlrs
14:49:46.11 (244092928)|ENTERING_MANAGED_PKG|dlrs
14:49:46.11 (244103364)|ENTERING_MANAGED_PKG|dlrs
14:49:46.11 (244169918)|ENTERING_MANAGED_PKG|dlrs
14:49:46.11 (244180897)|ENTERING_MANAGED_PKG|dlrs
14:49:46.11 (244189860)|ENTERING_MANAGED_PKG|dlrs
14:49:46.11 (244298335)|ENTERING_MANAGED_PKG|dlrs
14:49:46.11 (244308060)|ENTERING_MANAGED_PKG|dlrs
14:49:46.11 (244374628)|ENTERING_MANAGED_PKG|dlrs
14:49:46.11 (244385696)|ENTERING_MANAGED_PKG|dlrs
14:49:46.11 (244394671)|ENTERING_MANAGED_PKG|dlrs
14:49:46.11 (244502768)|ENTERING_MANAGED_PKG|dlrs
14:49:46.11 (244512326)|ENTERING_MANAGED_PKG|dlrs
14:49:46.11 (244577936)|ENTERING_MANAGED_PKG|dlrs
14:49:46.11 (244588789)|ENTERING_MANAGED_PKG|dlrs
14:49:46.11 (244597941)|ENTERING_MANAGED_PKG|dlrs
14:49:46.11 (244711957)|ENTERING_MANAGED_PKG|dlrs
14:49:46.11 (244721551)|ENTERING_MANAGED_PKG|dlrs
14:49:46.11 (244787894)|ENTERING_MANAGED_PKG|dlrs
14:49:46.11 (244798769)|ENTERING_MANAGED_PKG|dlrs
14:49:46.11 (244807881)|ENTERING_MANAGED_PKG|dlrs
14:49:46.11 (244921717)|ENTERING_MANAGED_PKG|dlrs
14:49:46.11 (244931486)|ENTERING_MANAGED_PKG|dlrs
14:49:46.11 (244997523)|ENTERING_MANAGED_PKG|dlrs
14:49:46.11 (245008541)|ENTERING_MANAGED_PKG|dlrs
14:49:46.11 (245018117)|ENTERING_MANAGED_PKG|dlrs
14:49:46.11 (245125359)|ENTERING_MANAGED_PKG|dlrs
14:49:46.11 (245134962)|ENTERING_MANAGED_PKG|dlrs
14:49:46.11 (245200493)|ENTERING_MANAGED_PKG|dlrs
14:49:46.11 (245211625)|ENTERING_MANAGED_PKG|dlrs
14:49:46.11 (245220627)|ENTERING_MANAGED_PKG|dlrs
14:49:46.283 (283229809)|CUMULATIVE_LIMIT_USAGE
14:49:46.283 (283229809)|LIMIT_USAGE_FOR_NS|(default)|
  Number of SOQL queries: 0 out of 100
  Number of query rows: 0 out of 50000
  Number of SOSL queries: 0 out of 20
  Number of DML statements: 0 out of 150
  Number of DML rows: 0 out of 10000
  Maximum CPU time: 0 out of 10000
  Maximum heap size: 0 out of 6000000
  Number of callouts: 0 out of 100
  Number of Email Invocations: 0 out of 10
  Number of future calls: 0 out of 50
  Number of queueable jobs added to the queue: 0 out of 50
  Number of Mobile Apex push calls: 0 out of 10

14:49:46.283 (283229809)|LIMIT_USAGE_FOR_NS|dlrs|
  Number of SOQL queries: 0 out of 100
  Number of query rows: 10 out of 50000
  Number of SOSL queries: 0 out of 20
  Number of DML statements: 0 out of 150
  Number of DML rows: 0 out of 10000
  Maximum CPU time: 0 out of 10000
  Maximum heap size: 0 out of 6000000
  Number of callouts: 1 out of 100
  Number of Email Invocations: 0 out of 10
  Number of future calls: 0 out of 50
  Number of queueable jobs added to the queue: 0 out of 50
  Number of Mobile Apex push calls: 0 out of 10

14:49:46.283 (283229809)|CUMULATIVE_LIMIT_USAGE_END

