34.0 APEX_CODE,FINEST;APEX_PROFILING,FINEST;CALLOUT,NONE;DB,FINEST;SYSTEM,FINE;VALIDATION,INFO;VISUALFORCE,INFO;WAVE,INFO;WORKFLOW,FINER
10:38:50.0 (73683)|USER_INFO|[EXTERNAL]|005O0000003t7an|ricky.lowe@jhg.com.au.pcphase2|Australian Eastern Standard Time|GMT+11:00
10:38:50.0 (100842)|EXECUTION_STARTED
10:38:50.0 (105420)|CODE_UNIT_STARTED|[EXTERNAL]|TRIGGERS
10:38:50.0 (131934)|CODE_UNIT_STARTED|[EXTERNAL]|01qO00000000Ue8|AssignedApproverTrigger on Assigned_Approver trigger event BeforeUpdate for [a0oO0000002tYX1]
10:38:50.0 (183781)|HEAP_ALLOCATE|[EXTERNAL]|Bytes:8
10:38:50.0 (252340)|HEAP_ALLOCATE|[EXTERNAL]|Bytes:8
10:38:50.0 (687605)|HEAP_ALLOCATE|[72]|Bytes:3
10:38:50.0 (730341)|HEAP_ALLOCATE|[77]|Bytes:152
10:38:50.0 (750167)|HEAP_ALLOCATE|[342]|Bytes:408
10:38:50.0 (780451)|HEAP_ALLOCATE|[355]|Bytes:408
10:38:50.0 (799876)|HEAP_ALLOCATE|[467]|Bytes:48
10:38:50.0 (829509)|HEAP_ALLOCATE|[139]|Bytes:6
10:38:50.0 (855639)|HEAP_ALLOCATE|[EXTERNAL]|Bytes:1
10:38:50.0 (864172)|HEAP_ALLOCATE|[EXTERNAL]|Bytes:4
10:38:50.0 (870239)|VARIABLE_SCOPE_BEGIN|[1]|this|AssignedApproverTrigger|true|false
10:38:50.0 (907046)|VARIABLE_ASSIGNMENT|[1]|this|{}|0x17064146
10:38:50.0 (931825)|HEAP_ALLOCATE|[EXTERNAL]|Bytes:4
10:38:50.0 (936929)|VARIABLE_SCOPE_BEGIN|[1]|this|AssignedApproverTrigger|true|false
10:38:50.0 (944847)|VARIABLE_ASSIGNMENT|[1]|this|{}|0x17064146
10:38:50.0 (951292)|STATEMENT_EXECUTE|[1]
10:38:50.0 (953036)|STATEMENT_EXECUTE|[2]
10:38:50.0 (1149078)|HEAP_ALLOCATE|[2]|Bytes:36
10:38:50.0 (1166775)|HEAP_ALLOCATE|[50]|Bytes:5
10:38:50.0 (1180766)|HEAP_ALLOCATE|[56]|Bytes:5
10:38:50.0 (1188652)|HEAP_ALLOCATE|[64]|Bytes:7
10:38:50.0 (1223296)|SYSTEM_METHOD_ENTRY|[2]|System.debug(APEX_OBJECT, ANY)
10:38:50.0 (1253820)|USER_DEBUG|[2]|ERROR|*** Assigned Approver Trigger Firing
10:38:50.0 (1261241)|SYSTEM_METHOD_EXIT|[2]|System.debug(APEX_OBJECT, ANY)
10:38:50.0 (1269600)|STATEMENT_EXECUTE|[3]
10:38:50.0 (1364943)|VARIABLE_SCOPE_BEGIN|[13]|Assigned_Approver_TriggerHandler.recursion|Boolean|false|true
10:38:50.0 (1435964)|VARIABLE_SCOPE_BEGIN|[5]|TriggerHandler.bypassedHandlers|Set<String>|true|true
10:38:50.0 (1441060)|VARIABLE_SCOPE_BEGIN|[4]|TriggerHandler.loopCountMap|Map<String,TriggerHandler.LoopCount>|true|true
10:38:50.0 (1471941)|HEAP_ALLOCATE|[3]|Bytes:11
10:38:50.0 (1477872)|HEAP_ALLOCATE|[3]|Bytes:20
10:38:50.0 (1485764)|METHOD_ENTRY|[12]|01pO00000003Sem|Assigned_Approver_TriggerHandler.Assigned_Approver_TriggerHandler()
10:38:50.0 (1488210)|STATEMENT_EXECUTE|[12]
10:38:50.0 (1491754)|STATEMENT_EXECUTE|[12]
10:38:50.0 (2048678)|SYSTEM_MODE_ENTER|false
10:38:50.0 (2067074)|HEAP_ALLOCATE|[13]|Bytes:5
10:38:50.0 (2071787)|STATEMENT_EXECUTE|[13]
10:38:50.0 (2077900)|HEAP_ALLOCATE|[13]|Bytes:5
10:38:50.0 (2091523)|VARIABLE_ASSIGNMENT|[13]|Assigned_Approver_TriggerHandler.recursion|false
10:38:50.0 (2098589)|SYSTEM_MODE_EXIT|false
10:38:50.0 (2107449)|METHOD_EXIT|[12]|Assigned_Approver_TriggerHandler
10:38:50.0 (2113132)|HEAP_ALLOCATE|[3]|Bytes:12
10:38:50.0 (2123792)|CONSTRUCTOR_ENTRY|[3]|01pO00000003Sem|<init>()
10:38:50.0 (2138641)|VARIABLE_SCOPE_BEGIN|[14]|this|Assigned_Approver_TriggerHandler|true|false
10:38:50.0 (2159359)|VARIABLE_ASSIGNMENT|[14]|this|{}|0x5092fbc0
10:38:50.0 (2168187)|SYSTEM_MODE_ENTER|false
10:38:50.0 (2173367)|HEAP_ALLOCATE|[14]|Bytes:5
10:38:50.0 (2176854)|STATEMENT_EXECUTE|[12]
10:38:50.0 (2179508)|HEAP_ALLOCATE|[14]|Bytes:5
10:38:50.0 (2190320)|HEAP_ALLOCATE|[14]|Bytes:48
10:38:50.0 (2195427)|HEAP_ALLOCATE|[14]|Bytes:69
10:38:50.0 (2298923)|METHOD_ENTRY|[1]|01pO00000003AAn|TriggerHandler.TriggerHandler()
10:38:50.0 (2302483)|STATEMENT_EXECUTE|[1]
10:38:50.0 (2306017)|STATEMENT_EXECUTE|[1]
10:38:50.0 (2307201)|STATEMENT_EXECUTE|[16]
10:38:50.0 (2308333)|STATEMENT_EXECUTE|[17]
10:38:50.0 (2315256)|HEAP_ALLOCATE|[17]|Bytes:4
10:38:50.0 (2370299)|VARIABLE_ASSIGNMENT|[17]|TriggerHandler.loopCountMap|{}|0x7b77155b
10:38:50.0 (2373643)|STATEMENT_EXECUTE|[18]
10:38:50.0 (2381229)|HEAP_ALLOCATE|[18]|Bytes:4
10:38:50.0 (2397355)|SYSTEM_CONSTRUCTOR_ENTRY|[18]|<init>(Integer)
10:38:50.0 (2414569)|SYSTEM_CONSTRUCTOR_EXIT|[18]|<init>(Integer)
10:38:50.0 (2447331)|VARIABLE_ASSIGNMENT|[18]|TriggerHandler.bypassedHandlers|[]|0x6d895a5c
10:38:50.0 (2450515)|STATEMENT_EXECUTE|[187]
10:38:50.0 (2452005)|STATEMENT_EXECUTE|[236]
10:38:50.0 (2457600)|METHOD_EXIT|[1]|TriggerHandler
10:38:50.0 (2463053)|CONSTRUCTOR_ENTRY|[14]|01pO00000003AAn|<init>()
10:38:50.0 (2478158)|VARIABLE_SCOPE_BEGIN|[22]|this|TriggerHandler|true|false
10:38:50.0 (2493383)|VARIABLE_ASSIGNMENT|[22]|this|{}|0x5092fbc0
10:38:50.0 (2497158)|STATEMENT_EXECUTE|[1]
10:38:50.0 (2498436)|STATEMENT_EXECUTE|[9]
10:38:50.0 (2499600)|STATEMENT_EXECUTE|[13]
10:38:50.0 (2507343)|HEAP_ALLOCATE|[23]|Bytes:6
10:38:50.0 (2528240)|STATEMENT_EXECUTE|[22]
10:38:50.0 (2530102)|STATEMENT_EXECUTE|[23]
10:38:50.0 (2545815)|METHOD_ENTRY|[23]|01pO00000003AAn|TriggerHandler.setTriggerContext()
10:38:50.0 (2558834)|VARIABLE_SCOPE_BEGIN|[94]|this|TriggerHandler|true|false
10:38:50.0 (2572584)|VARIABLE_ASSIGNMENT|[94]|this|{}|0x5092fbc0
10:38:50.0 (2578183)|STATEMENT_EXECUTE|[94]
10:38:50.0 (2579433)|STATEMENT_EXECUTE|[95]
10:38:50.0 (2590259)|METHOD_ENTRY|[95]|01pO00000003AAn|TriggerHandler.setTriggerContext(String, Boolean)
10:38:50.0 (2601024)|VARIABLE_SCOPE_BEGIN|[99]|this|TriggerHandler|true|false
10:38:50.0 (2613218)|VARIABLE_ASSIGNMENT|[99]|this|{}|0x5092fbc0
10:38:50.0 (2615785)|VARIABLE_SCOPE_BEGIN|[99]|ctx|String|false|false
10:38:50.0 (2619336)|VARIABLE_ASSIGNMENT|[99]|ctx|null
10:38:50.0 (2623421)|VARIABLE_SCOPE_BEGIN|[99]|testMode|Boolean|false|false
10:38:50.0 (2626769)|VARIABLE_ASSIGNMENT|[99]|testMode|false
10:38:50.0 (2630121)|STATEMENT_EXECUTE|[99]
10:38:50.0 (2648136)|STATEMENT_EXECUTE|[103]
10:38:50.0 (2649769)|STATEMENT_EXECUTE|[104]
10:38:50.0 (2654916)|HEAP_ALLOCATE|[104]|Bytes:5
10:38:50.0 (2678890)|STATEMENT_EXECUTE|[111]
10:38:50.0 (2680624)|STATEMENT_EXECUTE|[112]
10:38:50.0 (2731580)|HEAP_ALLOCATE|[112]|Bytes:12
10:38:50.0 (2738312)|HEAP_ALLOCATE|[112]|Bytes:13
10:38:50.0 (2757224)|HEAP_ALLOCATE|[112]|Bytes:12
10:38:50.0 (2760986)|HEAP_ALLOCATE|[112]|Bytes:13
10:38:50.0 (2771613)|HEAP_ALLOCATE|[112]|Bytes:12
10:38:50.0 (2775090)|HEAP_ALLOCATE|[112]|Bytes:13
10:38:50.0 (2786102)|HEAP_ALLOCATE|[112]|Bytes:12
10:38:50.0 (2789880)|HEAP_ALLOCATE|[112]|Bytes:12
10:38:50.0 (2799894)|HEAP_ALLOCATE|[112]|Bytes:12
10:38:50.0 (2803407)|HEAP_ALLOCATE|[112]|Bytes:12
10:38:50.0 (2814498)|HEAP_ALLOCATE|[112]|Bytes:12
10:38:50.0 (2817844)|HEAP_ALLOCATE|[112]|Bytes:12
10:38:50.0 (2827494)|HEAP_ALLOCATE|[112]|Bytes:12
10:38:50.0 (2830859)|HEAP_ALLOCATE|[112]|Bytes:14
10:38:50.0 (2848142)|METHOD_EXIT|[95]|01pO00000003AAn|TriggerHandler.setTriggerContext(String, Boolean)
10:38:50.0 (2853778)|METHOD_EXIT|[23]|01pO00000003AAn|TriggerHandler.setTriggerContext()
10:38:50.0 (2858255)|CONSTRUCTOR_EXIT|[14]|01pO00000003AAn|<init>()
10:38:50.0 (2861073)|STATEMENT_EXECUTE|[14]
10:38:50.0 (2865653)|SYSTEM_MODE_EXIT|false
10:38:50.0 (2870767)|CONSTRUCTOR_EXIT|[3]|01pO00000003Sem|<init>()
10:38:50.0 (2878780)|METHOD_ENTRY|[3]|01pO00000003AAn|TriggerHandler.run()
10:38:50.0 (2882925)|VARIABLE_SCOPE_BEGIN|[31]|this|TriggerHandler|true|false
10:38:50.0 (2905589)|VARIABLE_ASSIGNMENT|[31]|this|{"context":"0x48202ada","isTriggerExecuting":true}|0x5092fbc0
10:38:50.0 (2910132)|STATEMENT_EXECUTE|[31]
10:38:50.0 (2918206)|METHOD_ENTRY|[33]|01pO00000003AAn|TriggerHandler.validateRun()
10:38:50.0 (2930308)|VARIABLE_SCOPE_BEGIN|[146]|this|TriggerHandler|true|false
10:38:50.0 (2945815)|VARIABLE_ASSIGNMENT|[146]|this|{"context":"0x48202ada","isTriggerExecuting":true}|0x5092fbc0
10:38:50.0 (2950028)|STATEMENT_EXECUTE|[146]
10:38:50.0 (2956260)|STATEMENT_EXECUTE|[147]
10:38:50.0 (2965374)|METHOD_ENTRY|[150]|01pO00000003AAn|TriggerHandler.getHandlerName()
10:38:50.0 (2976789)|VARIABLE_SCOPE_BEGIN|[157]|this|TriggerHandler|true|false
10:38:50.0 (2992199)|VARIABLE_ASSIGNMENT|[157]|this|{"context":"0x48202ada","isTriggerExecuting":true}|0x5092fbc0
10:38:50.0 (2996152)|STATEMENT_EXECUTE|[157]
10:38:50.0 (2997273)|STATEMENT_EXECUTE|[158]
10:38:50.0 (3035849)|SYSTEM_METHOD_ENTRY|[158]|String.valueOf(Object)
10:38:50.0 (3098067)|HEAP_ALLOCATE|[158]|Bytes:196
10:38:50.0 (3114890)|SYSTEM_METHOD_EXIT|[158]|String.valueOf(Object)
10:38:50.0 (3130916)|SYSTEM_METHOD_ENTRY|[158]|String.valueOf(Object)
10:38:50.0 (3157239)|HEAP_ALLOCATE|[158]|Bytes:196
10:38:50.0 (3170656)|SYSTEM_METHOD_EXIT|[158]|String.valueOf(Object)
10:38:50.0 (3175277)|HEAP_ALLOCATE|[158]|Bytes:1
10:38:50.0 (3189981)|SYSTEM_METHOD_ENTRY|[158]|String.indexOf(String)
10:38:50.0 (3199935)|SYSTEM_METHOD_EXIT|[158]|String.indexOf(String)
10:38:50.0 (3213189)|SYSTEM_METHOD_ENTRY|[158]|String.substring(Integer, Integer)
10:38:50.0 (3219301)|HEAP_ALLOCATE|[158]|Bytes:32
10:38:50.0 (3227474)|SYSTEM_METHOD_EXIT|[158]|String.substring(Integer, Integer)
10:38:50.0 (3233215)|METHOD_EXIT|[150]|01pO00000003AAn|TriggerHandler.getHandlerName()
10:38:50.0 (3247797)|SYSTEM_METHOD_ENTRY|[150]|Set<String>.contains(Object)
10:38:50.0 (3258573)|SYSTEM_METHOD_EXIT|[150]|Set<String>.contains(Object)
10:38:50.0 (3268335)|STATEMENT_EXECUTE|[150]
10:38:50.0 (3270074)|STATEMENT_EXECUTE|[153]
10:38:50.0 (3274238)|METHOD_EXIT|[33]|01pO00000003AAn|TriggerHandler.validateRun()
10:38:50.0 (3277195)|STATEMENT_EXECUTE|[33]
10:38:50.0 (3278561)|STATEMENT_EXECUTE|[35]
10:38:50.0 (3285483)|METHOD_ENTRY|[35]|01pO00000003AAn|TriggerHandler.addToLoopCount()
10:38:50.0 (3297138)|VARIABLE_SCOPE_BEGIN|[133]|this|TriggerHandler|true|false
10:38:50.0 (3315033)|VARIABLE_ASSIGNMENT|[133]|this|{"context":"0x48202ada","isTriggerExecuting":true}|0x5092fbc0
10:38:50.0 (3320039)|STATEMENT_EXECUTE|[133]
10:38:50.0 (3321277)|STATEMENT_EXECUTE|[134]
10:38:50.0 (3329351)|METHOD_ENTRY|[134]|01pO00000003AAn|TriggerHandler.getHandlerName()
10:38:50.0 (3339145)|VARIABLE_SCOPE_BEGIN|[157]|this|TriggerHandler|true|false
10:38:50.0 (3353200)|VARIABLE_ASSIGNMENT|[157]|this|{"context":"0x48202ada","isTriggerExecuting":true}|0x5092fbc0
10:38:50.0 (3356980)|STATEMENT_EXECUTE|[157]
10:38:50.0 (3358210)|STATEMENT_EXECUTE|[158]
10:38:50.0 (3374178)|SYSTEM_METHOD_ENTRY|[158]|String.valueOf(Object)
10:38:50.0 (3404166)|HEAP_ALLOCATE|[158]|Bytes:196
10:38:50.0 (3418162)|SYSTEM_METHOD_EXIT|[158]|String.valueOf(Object)
10:38:50.0 (3431652)|SYSTEM_METHOD_ENTRY|[158]|String.valueOf(Object)
10:38:50.0 (3455953)|HEAP_ALLOCATE|[158]|Bytes:196
10:38:50.0 (3468703)|SYSTEM_METHOD_EXIT|[158]|String.valueOf(Object)
10:38:50.0 (3478718)|SYSTEM_METHOD_ENTRY|[158]|String.indexOf(String)
10:38:50.0 (3486782)|SYSTEM_METHOD_EXIT|[158]|String.indexOf(String)
10:38:50.0 (3495830)|SYSTEM_METHOD_ENTRY|[158]|String.substring(Integer, Integer)
10:38:50.0 (3499996)|HEAP_ALLOCATE|[158]|Bytes:32
10:38:50.0 (3508043)|SYSTEM_METHOD_EXIT|[158]|String.substring(Integer, Integer)
10:38:50.0 (3513283)|METHOD_EXIT|[134]|01pO00000003AAn|TriggerHandler.getHandlerName()
10:38:50.0 (3517361)|VARIABLE_SCOPE_BEGIN|[134]|handlerName|String|false|false
10:38:50.0 (3527324)|VARIABLE_ASSIGNMENT|[134]|handlerName|"Assigned_Approver_Tr (12 more) ..."
10:38:50.0 (3544528)|SYSTEM_METHOD_ENTRY|[135]|Map<String,TriggerHandler.LoopCount>.containsKey(Object)
10:38:50.0 (3565907)|SYSTEM_METHOD_EXIT|[135]|Map<String,TriggerHandler.LoopCount>.containsKey(Object)
10:38:50.0 (3570916)|STATEMENT_EXECUTE|[135]
10:38:50.0 (3575170)|METHOD_EXIT|[35]|01pO00000003AAn|TriggerHandler.addToLoopCount()
10:38:50.0 (3607490)|SYSTEM_METHOD_ENTRY|[38]|com.salesforce.api.fast.System.compareObjects(Object, Object)
10:38:50.0 (3662571)|SYSTEM_METHOD_EXIT|[38]|com.salesforce.api.fast.System.compareObjects(Object, Object)
10:38:50.0 (3681088)|SYSTEM_METHOD_ENTRY|[40]|com.salesforce.api.fast.System.compareObjects(Object, Object)
10:38:50.0 (3705645)|SYSTEM_METHOD_EXIT|[40]|com.salesforce.api.fast.System.compareObjects(Object, Object)
10:38:50.0 (3710283)|STATEMENT_EXECUTE|[40]
10:38:50.0 (3711696)|STATEMENT_EXECUTE|[41]
10:38:50.0 (3721187)|METHOD_ENTRY|[41]|01pO00000003Sem|Assigned_Approver_TriggerHandler.beforeUpdate()
10:38:50.0 (3731747)|VARIABLE_SCOPE_BEGIN|[18]|this|Assigned_Approver_TriggerHandler|true|false
10:38:50.0 (3749940)|VARIABLE_ASSIGNMENT|[18]|this|{"context":"0x48202ada","isTriggerExecuting":true}|0x5092fbc0
10:38:50.0 (3758513)|SYSTEM_MODE_ENTER|false
10:38:50.0 (3764084)|HEAP_ALLOCATE|[19]|Bytes:5
10:38:50.0 (3767538)|STATEMENT_EXECUTE|[18]
10:38:50.0 (3772462)|STATEMENT_EXECUTE|[19]
10:38:50.0 (3773588)|STATEMENT_EXECUTE|[20]
10:38:50.0 (3781478)|METHOD_ENTRY|[20]|01pO00000003Sem|Assigned_Approver_TriggerHandler.findCurrentApproversThatHaveApproved()
10:38:50.0 (3796736)|HEAP_ALLOCATE|[37]|Bytes:5
10:38:50.0 (3800160)|STATEMENT_EXECUTE|[36]
10:38:50.0 (3801474)|STATEMENT_EXECUTE|[37]
10:38:50.0 (3805982)|HEAP_ALLOCATE|[37]|Bytes:20
10:38:50.0 (3897221)|SYSTEM_METHOD_ENTRY|[37]|String.valueOf(Object)
10:38:50.0 (4408167)|HEAP_ALLOCATE|[37]|Bytes:758
10:38:50.0 (4427090)|SYSTEM_METHOD_EXIT|[37]|String.valueOf(Object)
10:38:50.0 (4440437)|HEAP_ALLOCATE|[37]|Bytes:778
10:38:50.0 (4451987)|SYSTEM_METHOD_ENTRY|[37]|System.debug(APEX_OBJECT, ANY)
10:38:50.0 (4460698)|USER_DEBUG|[37]|ERROR|*** Find approvers: (Assigned_Approver__c:{Id=a0oO0000002tYX1IAM, OwnerId=00528000004d3msAAA, IsDeleted=false, Name=Approver-000000139, CreatedDate=2017-03-28 23:38:00, CreatedById=005O0000003t7anIAA, LastModifiedDate=2017-03-28 23:38:09, LastModifiedById=005O0000003t7anIAA, SystemModstamp=2017-03-28 23:38:09, LastViewedDate=null, LastReferencedDate=null, Approver__c=00528000004d3msAAA, Gate__c=a0nO0000003xPH2IAM, Approval_Level__c=1, Approval_Status__c=Assigned Pending Approval, Approval_Comments__c=test, No_of_Approval_Conditions__c=0, Current_Approver__c=true, Approver_Role__c=Regional Pre Contracts Manager, Wet_Signature_Received__c=true, Wet_Signature_Date__c=2017-03-29 00:00:00, Decision_Date__c=null, Prospect__c=006O0000008l8KWIAY, Approval_Conditions__c=null})
10:38:50.0 (4469171)|SYSTEM_METHOD_EXIT|[37]|System.debug(APEX_OBJECT, ANY)
10:38:50.0 (4472401)|STATEMENT_EXECUTE|[39]
10:38:50.0 (4480748)|HEAP_ALLOCATE|[39]|Bytes:4
10:38:50.0 (4492118)|SYSTEM_CONSTRUCTOR_ENTRY|[39]|<init>(Integer)
10:38:50.0 (4506509)|SYSTEM_CONSTRUCTOR_EXIT|[39]|<init>(Integer)
10:38:50.0 (4510403)|VARIABLE_SCOPE_BEGIN|[39]|gatesToFindNextApprover|Set<Id>|true|false
10:38:50.0 (4530986)|VARIABLE_ASSIGNMENT|[39]|gatesToFindNextApprover|[]|0x2276ecbf
10:38:50.0 (4582544)|SYSTEM_METHOD_ENTRY|[40]|List<Assigned_Approver__c>.iterator()
10:38:50.0 (4704287)|SYSTEM_METHOD_EXIT|[40]|List<Assigned_Approver__c>.iterator()
10:38:50.0 (4725586)|SYSTEM_METHOD_ENTRY|[40]|system.ListIterator.hasNext()
10:38:50.0 (4735588)|HEAP_ALLOCATE|[40]|Bytes:5
10:38:50.0 (4742471)|SYSTEM_METHOD_EXIT|[40]|system.ListIterator.hasNext()
10:38:50.0 (4761398)|HEAP_ALLOCATE|[40]|Bytes:4
10:38:50.0 (4770099)|VARIABLE_SCOPE_BEGIN|[40]|AA|Assigned_Approver__c|true|false
10:38:50.0 (4964664)|VARIABLE_ASSIGNMENT|[40]|AA|{"Approval_Level__c":"1","Wet_Signature_Date__ (1 more) ...":"2017-03-29T00:00:00.000Z","LastModifiedDate":"2017-03-28T23:38:09.000Z","Approval_Comments__c":"test","IsDeleted":false,"Approver__c":"00528000004d3msAAA","Wet_Signature_Receiv (5 more) ...":true,"Gate__c":"a0nO0000003xPH2IAM","Prospect__c":"006O0000008l8KWIAY","Name":"Approver-000000139","SystemModstamp":"2017-03-28T23:38:09.000Z","OwnerId":"00528000004d3msAAA","CreatedById":"005O0000003t7anIAA","Approver_Role__c":"Regional Pre Contrac (10 more) ...","No_of_Approval_Condi (8 more) ...":0,"CreatedDate":"2017-03-28T23:38:00.000Z","Id":"a0oO0000002tYX1IAM","Current_Approver__c":true,"LastModifiedById":"005O0000003t7anIAA","Approval_Status__c":"Assigned Pending App (5 more) ..."}|0x31d683af
10:38:50.0 (4971929)|STATEMENT_EXECUTE|[40]
10:38:50.0 (4973191)|STATEMENT_EXECUTE|[41]
10:38:50.0 (5070116)|SYSTEM_METHOD_ENTRY|[41]|Map<Id,Assigned_Approver__c>.get(Object)
10:38:50.0 (5098347)|SYSTEM_METHOD_EXIT|[41]|Map<Id,Assigned_Approver__c>.get(Object)
10:38:50.0 (5108351)|VARIABLE_SCOPE_BEGIN|[41]|oldApprover|Assigned_Approver__c|true|false
10:38:50.0 (5386760)|VARIABLE_ASSIGNMENT|[41]|oldApprover|{"Approval_Level__c":"1","LastModifiedDate":"2017-03-28T23:38:09.000Z","IsDeleted":false,"Approver__c":"00528000004d3msAAA","Wet_Signature_Receiv (5 more) ...":false,"Gate__c":"a0nO0000003xPH2IAM","Prospect__c":"006O0000008l8KWIAY","Name":"Approver-000000139","SystemModstamp":"2017-03-28T23:38:09.000Z","OwnerId":"00528000004d3msAAA","CreatedById":"005O0000003t7anIAA","Approver_Role__c":"Regional Pre Contrac (10 more) ...","No_of_Approval_Condi (8 more) ...":0,"CreatedDate":"2017-03-28T23:38:00.000Z","Id":"a0oO0000002tYX1IAM","Current_Approver__c":true,"LastModifiedById":"005O0000003t7anIAA","Approval_Status__c":"Assigned Pending App (5 more) ..."}|0x1f07f284
10:38:50.0 (5393368)|STATEMENT_EXECUTE|[42]
10:38:50.0 (5400054)|HEAP_ALLOCATE|[42]|Bytes:36
10:38:50.0 (5420810)|SYSTEM_METHOD_ENTRY|[42]|String.valueOf(Object)
10:38:50.0 (5627729)|HEAP_ALLOCATE|[42]|Bytes:756
10:38:50.0 (5645528)|SYSTEM_METHOD_EXIT|[42]|String.valueOf(Object)
10:38:50.0 (5654500)|HEAP_ALLOCATE|[42]|Bytes:792
10:38:50.0 (5665783)|SYSTEM_METHOD_ENTRY|[42]|System.debug(APEX_OBJECT, ANY)
10:38:50.0 (5674018)|USER_DEBUG|[42]|ERROR|*** Approvers before Wet Signature: Assigned_Approver__c:{Id=a0oO0000002tYX1IAM, OwnerId=00528000004d3msAAA, IsDeleted=false, Name=Approver-000000139, CreatedDate=2017-03-28 23:38:00, CreatedById=005O0000003t7anIAA, LastModifiedDate=2017-03-28 23:38:09, LastModifiedById=005O0000003t7anIAA, SystemModstamp=2017-03-28 23:38:09, LastViewedDate=null, LastReferencedDate=null, Approver__c=00528000004d3msAAA, Gate__c=a0nO0000003xPH2IAM, Approval_Level__c=1, Approval_Status__c=Assigned Pending Approval, Approval_Comments__c=test, No_of_Approval_Conditions__c=0, Current_Approver__c=true, Approver_Role__c=Regional Pre Contracts Manager, Wet_Signature_Received__c=true, Wet_Signature_Date__c=2017-03-29 00:00:00, Decision_Date__c=null, Prospect__c=006O0000008l8KWIAY, Approval_Conditions__c=null}
10:38:50.0 (5682931)|SYSTEM_METHOD_EXIT|[42]|System.debug(APEX_OBJECT, ANY)
10:38:50.0 (5710939)|STATEMENT_EXECUTE|[45]
10:38:50.0 (5713115)|STATEMENT_EXECUTE|[46]
10:38:50.0 (5716952)|HEAP_ALLOCATE|[46]|Bytes:8
10:38:50.0 (5878987)|VARIABLE_ASSIGNMENT|[46]|this.Approval_Status__c|"Approved"|0x31d683af
10:38:50.0 (5883571)|STATEMENT_EXECUTE|[48]
10:38:50.0 (5889637)|HEAP_ALLOCATE|[48]|Bytes:35
10:38:50.0 (5909318)|SYSTEM_METHOD_ENTRY|[48]|String.valueOf(Object)
10:38:50.0 (6111387)|HEAP_ALLOCATE|[48]|Bytes:739
10:38:50.0 (6129498)|SYSTEM_METHOD_EXIT|[48]|String.valueOf(Object)
10:38:50.0 (6138252)|HEAP_ALLOCATE|[48]|Bytes:774
10:38:50.0 (6149227)|SYSTEM_METHOD_ENTRY|[48]|System.debug(APEX_OBJECT, ANY)
10:38:50.0 (6157162)|USER_DEBUG|[48]|ERROR|*** Approvers after Wet Signature: Assigned_Approver__c:{Id=a0oO0000002tYX1IAM, OwnerId=00528000004d3msAAA, IsDeleted=false, Name=Approver-000000139, CreatedDate=2017-03-28 23:38:00, CreatedById=005O0000003t7anIAA, LastModifiedDate=2017-03-28 23:38:09, LastModifiedById=005O0000003t7anIAA, SystemModstamp=2017-03-28 23:38:09, LastViewedDate=null, LastReferencedDate=null, Approver__c=00528000004d3msAAA, Gate__c=a0nO0000003xPH2IAM, Approval_Level__c=1, Approval_Status__c=Approved, Approval_Comments__c=test, No_of_Approval_Conditions__c=0, Current_Approver__c=true, Approver_Role__c=Regional Pre Contracts Manager, Wet_Signature_Received__c=true, Wet_Signature_Date__c=2017-03-29 00:00:00, Decision_Date__c=null, Prospect__c=006O0000008l8KWIAY, Approval_Conditions__c=null}
10:38:50.0 (6164803)|SYSTEM_METHOD_EXIT|[48]|System.debug(APEX_OBJECT, ANY)
10:38:50.0 (6191440)|HEAP_ALLOCATE|[51]|Bytes:25
10:38:50.0 (6226477)|STATEMENT_EXECUTE|[51]
10:38:50.0 (6228364)|STATEMENT_EXECUTE|[52]
10:38:50.0 (6232270)|HEAP_ALLOCATE|[52]|Bytes:37
10:38:50.0 (6249480)|SYSTEM_METHOD_ENTRY|[52]|String.valueOf(Object)
10:38:50.0 (6454011)|HEAP_ALLOCATE|[52]|Bytes:739
10:38:50.0 (6471237)|SYSTEM_METHOD_EXIT|[52]|String.valueOf(Object)
10:38:50.0 (6483275)|HEAP_ALLOCATE|[52]|Bytes:776
10:38:50.0 (6493966)|SYSTEM_METHOD_ENTRY|[52]|System.debug(APEX_OBJECT, ANY)
10:38:50.0 (6501491)|USER_DEBUG|[52]|ERROR|*** Approver meets the requirements: Assigned_Approver__c:{Id=a0oO0000002tYX1IAM, OwnerId=00528000004d3msAAA, IsDeleted=false, Name=Approver-000000139, CreatedDate=2017-03-28 23:38:00, CreatedById=005O0000003t7anIAA, LastModifiedDate=2017-03-28 23:38:09, LastModifiedById=005O0000003t7anIAA, SystemModstamp=2017-03-28 23:38:09, LastViewedDate=null, LastReferencedDate=null, Approver__c=00528000004d3msAAA, Gate__c=a0nO0000003xPH2IAM, Approval_Level__c=1, Approval_Status__c=Approved, Approval_Comments__c=test, No_of_Approval_Conditions__c=0, Current_Approver__c=true, Approver_Role__c=Regional Pre Contracts Manager, Wet_Signature_Received__c=true, Wet_Signature_Date__c=2017-03-29 00:00:00, Decision_Date__c=null, Prospect__c=006O0000008l8KWIAY, Approval_Conditions__c=null}
10:38:50.0 (6508798)|SYSTEM_METHOD_EXIT|[52]|System.debug(APEX_OBJECT, ANY)
10:38:50.0 (6548454)|STATEMENT_EXECUTE|[58]
10:38:50.0 (6550671)|STATEMENT_EXECUTE|[59]
10:38:50.0 (6684022)|VARIABLE_ASSIGNMENT|[59]|this.Current_Approver__c|false|0x31d683af
10:38:50.0 (6688256)|STATEMENT_EXECUTE|[60]
10:38:50.0 (6694333)|HEAP_ALLOCATE|[60]|Bytes:39
10:38:50.0 (6733203)|SYSTEM_METHOD_ENTRY|[60]|String.valueOf(Object)
10:38:50.0 (6748286)|HEAP_ALLOCATE|[60]|Bytes:18
10:38:50.0 (6760200)|SYSTEM_METHOD_EXIT|[60]|String.valueOf(Object)
10:38:50.0 (6767095)|HEAP_ALLOCATE|[60]|Bytes:57
10:38:50.0 (6776948)|SYSTEM_METHOD_ENTRY|[60]|System.debug(APEX_OBJECT, ANY)
10:38:50.0 (6784655)|USER_DEBUG|[60]|ERROR|*** Setting current approver as false: a0nO0000003xPH2IAM
10:38:50.0 (6789168)|SYSTEM_METHOD_EXIT|[60]|System.debug(APEX_OBJECT, ANY)
10:38:50.0 (6796926)|SYSTEM_METHOD_ENTRY|[40]|system.ListIterator.hasNext()
10:38:50.0 (6803840)|HEAP_ALLOCATE|[40]|Bytes:5
10:38:50.0 (6809548)|SYSTEM_METHOD_EXIT|[40]|system.ListIterator.hasNext()
10:38:50.0 (6819358)|VARIABLE_ASSIGNMENT|[40]|AA|null|
10:38:50.0 (6827579)|SYSTEM_METHOD_ENTRY|[66]|Set<Id>.size()
10:38:50.0 (6842657)|SYSTEM_METHOD_EXIT|[66]|Set<Id>.size()
10:38:50.0 (6848302)|STATEMENT_EXECUTE|[66]
10:38:50.0 (6856513)|METHOD_EXIT|[20]|01pO00000003Sem|Assigned_Approver_TriggerHandler.findCurrentApproversThatHaveApproved()
10:38:50.0 (6860448)|SYSTEM_MODE_EXIT|false
10:38:50.0 (6865513)|METHOD_EXIT|[41]|01pO00000003Sem|Assigned_Approver_TriggerHandler.beforeUpdate()
10:38:50.0 (6869212)|METHOD_EXIT|[3]|01pO00000003AAn|TriggerHandler.run()
10:38:50.6 (6875567)|CUMULATIVE_LIMIT_USAGE
10:38:50.6 (6875567)|LIMIT_USAGE_FOR_NS|(default)|
  Number of SOQL queries: 0 out of 100
  Number of query rows: 0 out of 50000
  Number of SOSL queries: 0 out of 20
  Number of DML statements: 0 out of 150
  Number of DML rows: 0 out of 10000
  Maximum CPU time: 0 out of 10000
  Maximum heap size: 0 out of 6000000
  Number of callouts: 0 out of 100
  Number of Email Invocations: 0 out of 10
  Number of future calls: 0 out of 50
  Number of queueable jobs added to the queue: 0 out of 50
  Number of Mobile Apex push calls: 0 out of 10

10:38:50.6 (6875567)|TOTAL_EMAIL_RECIPIENTS_QUEUED|0
10:38:50.6 (6875567)|STATIC_VARIABLE_LIST|
  String:_sfdcAdditionalCodeLocations:0
  long:serialVersionUID:0
  String:_sfdcAdditionalCodeLocations:0
  double:MAX_VALUE:0
  long:serialVersionUID:0
  int:SIZE:0
  TriggerHandler.TriggerContext:BEFORE_INSERT:0
  int:MAX_VALUE:0
  TriggerHandler.TriggerContext:AFTER_UNDELETE:0
  String:_sfdcSuppressedCodeLocations:0
  int:MIN_VALUE:0
  char[]:DigitOnes:0
  String:_sfdcSuppressedCodeLocations:0
  int:MIN_EXPONENT:0
  int:MAX_EXPONENT:0
  int:BYTES:0
  char[]:DigitTens:0
  long:serialVersionUID:0
  String:_sfdcAdditionalCodeLocations:0
  Boolean:FALSE:0
  double:MIN_VALUE:0
  double:NEGATIVE_INFINITY:0
  char[]:digits:0
  double:NaN:0
  Boolean:TRUE:0
  TriggerHandler.TriggerContext:AFTER_INSERT:0
  TriggerHandler.TriggerContext:AFTER_DELETE:0
  TriggerHandler.TriggerContext:AFTER_UPDATE:0
  String:__sfdcInnerTypes:0
  int:BYTES:0
  Map<String,TriggerHandler.LoopCount>:_static_loopCountMap:0
  Set<String>:_static_bypassedHandlers:0
  Boolean:_static_recursion:0
  int[]:sizeTable:0
  TriggerHandler.TriggerContext:BEFORE_DELETE:0
  TriggerHandler.TriggerContext:BEFORE_UPDATE:0
  int:SIZE:0
  double:POSITIVE_INFINITY:0
  double:MIN_NORMAL:0

10:38:50.6 (6875567)|CUMULATIVE_LIMIT_USAGE_END

10:38:50.0 (8594737)|CODE_UNIT_FINISHED|AssignedApproverTrigger on Assigned_Approver trigger event BeforeUpdate for [a0oO0000002tYX1]
10:38:50.0 (10387112)|CODE_UNIT_STARTED|[EXTERNAL]|Validation:Assigned_Approver:a0oO0000002tYX1
10:38:50.0 (10395364)|VALIDATION_RULE|03dO000000011Ug|Enter_Approval_Conditions
10:38:50.0 (10550962)|VALIDATION_FORMULA|AND(
ISPICKVAL(Approval_Status__c, "Approved with Conditions"),
ISBLANK(Approval_Conditions__c))|Approval_Status__c=Approved , Approval_Conditions__c=null
10:38:50.0 (10556811)|VALIDATION_PASS
10:38:50.0 (10558415)|VALIDATION_RULE|03dO00000001173|Enter_comments_after_status
10:38:50.0 (10747646)|VALIDATION_FORMULA|AND(
ISPICKVAL( Approval_Status__c, "Approved"), 
ISBLANK(Approval_Comments__c))

&#124;&#124;

AND( 
ISPICKVAL( Approval_Status__c, "Resubmit"),
ISBLANK(Approval_Comments__c))

&#124;&#124;

AND( 
ISPICKVAL( Approval_Status__c, "Rejected"),
ISBLANK(Approval_Comments__c))|Approval_Status__c=Approved , Approval_Comments__c=test
10:38:50.0 (10756745)|VALIDATION_PASS
10:38:50.0 (10758065)|VALIDATION_RULE|03dO00000000z89|Wet_Signature_Date_Mandatory
10:38:50.0 (10878127)|VALIDATION_FORMULA|AND(Wet_Signature_Received__c = TRUE,  ISBLANK(Wet_Signature_Date__c))|Wet_Signature_Date__c=2017-03-29 00:00:00 , Wet_Signature_Received__c=1
10:38:50.0 (10883295)|VALIDATION_PASS
10:38:50.0 (10910711)|CODE_UNIT_FINISHED|Validation:Assigned_Approver:a0oO0000002tYX1
10:38:50.0 (40073393)|CODE_UNIT_STARTED|[EXTERNAL]|01qO00000000Ue8|AssignedApproverTrigger on Assigned_Approver trigger event AfterUpdate for [a0oO0000002tYX1]
10:38:50.0 (40103914)|HEAP_ALLOCATE|[EXTERNAL]|Bytes:8
10:38:50.0 (40136514)|HEAP_ALLOCATE|[EXTERNAL]|Bytes:8
10:38:50.0 (40198463)|HEAP_ALLOCATE|[EXTERNAL]|Bytes:4
10:38:50.0 (40208960)|VARIABLE_SCOPE_BEGIN|[1]|this|AssignedApproverTrigger|true|false
10:38:50.0 (40234137)|VARIABLE_ASSIGNMENT|[1]|this|{}|0x5cf9ec22
10:38:50.0 (40261725)|HEAP_ALLOCATE|[EXTERNAL]|Bytes:4
10:38:50.0 (40271677)|VARIABLE_SCOPE_BEGIN|[1]|this|AssignedApproverTrigger|true|false
10:38:50.0 (40280053)|VARIABLE_ASSIGNMENT|[1]|this|{}|0x5cf9ec22
10:38:50.0 (40284921)|STATEMENT_EXECUTE|[1]
10:38:50.0 (40286608)|STATEMENT_EXECUTE|[2]
10:38:50.0 (40309284)|SYSTEM_METHOD_ENTRY|[2]|System.debug(APEX_OBJECT, ANY)
10:38:50.0 (40326055)|USER_DEBUG|[2]|ERROR|*** Assigned Approver Trigger Firing
10:38:50.0 (40333601)|SYSTEM_METHOD_EXIT|[2]|System.debug(APEX_OBJECT, ANY)
10:38:50.0 (40337020)|STATEMENT_EXECUTE|[3]
10:38:50.0 (40342579)|HEAP_ALLOCATE|[3]|Bytes:12
10:38:50.0 (40353213)|CONSTRUCTOR_ENTRY|[3]|01pO00000003Sem|<init>()
10:38:50.0 (40358389)|VARIABLE_SCOPE_BEGIN|[14]|this|Assigned_Approver_TriggerHandler|true|false
10:38:50.0 (40377501)|VARIABLE_ASSIGNMENT|[14]|this|{}|0x4e0d8cc
10:38:50.0 (40994059)|SYSTEM_MODE_ENTER|false
10:38:50.0 (41005799)|HEAP_ALLOCATE|[14]|Bytes:5
10:38:50.0 (41011546)|STATEMENT_EXECUTE|[12]
10:38:50.0 (41015016)|HEAP_ALLOCATE|[14]|Bytes:5
10:38:50.0 (41026108)|CONSTRUCTOR_ENTRY|[14]|01pO00000003AAn|<init>()
10:38:50.0 (41031158)|VARIABLE_SCOPE_BEGIN|[22]|this|TriggerHandler|true|false
10:38:50.0 (41047042)|VARIABLE_ASSIGNMENT|[22]|this|{}|0x4e0d8cc
10:38:50.0 (41050568)|STATEMENT_EXECUTE|[1]
10:38:50.0 (41051866)|STATEMENT_EXECUTE|[9]
10:38:50.0 (41053066)|STATEMENT_EXECUTE|[13]
10:38:50.0 (41070398)|STATEMENT_EXECUTE|[22]
10:38:50.0 (41072320)|STATEMENT_EXECUTE|[23]
10:38:50.0 (41081019)|METHOD_ENTRY|[23]|01pO00000003AAn|TriggerHandler.setTriggerContext()
10:38:50.0 (41085124)|VARIABLE_SCOPE_BEGIN|[94]|this|TriggerHandler|true|false
10:38:50.0 (41095595)|VARIABLE_ASSIGNMENT|[94]|this|{}|0x4e0d8cc
10:38:50.0 (41099428)|STATEMENT_EXECUTE|[94]
10:38:50.0 (41100590)|STATEMENT_EXECUTE|[95]
10:38:50.0 (41108865)|METHOD_ENTRY|[95]|01pO00000003AAn|TriggerHandler.setTriggerContext(String, Boolean)
10:38:50.0 (41112623)|VARIABLE_SCOPE_BEGIN|[99]|this|TriggerHandler|true|false
10:38:50.0 (41122041)|VARIABLE_ASSIGNMENT|[99]|this|{}|0x4e0d8cc
10:38:50.0 (41124479)|VARIABLE_SCOPE_BEGIN|[99]|ctx|String|false|false
10:38:50.0 (41128829)|VARIABLE_ASSIGNMENT|[99]|ctx|null
10:38:50.0 (41132677)|VARIABLE_SCOPE_BEGIN|[99]|testMode|Boolean|false|false
10:38:50.0 (41136403)|VARIABLE_ASSIGNMENT|[99]|testMode|false
10:38:50.0 (41139742)|STATEMENT_EXECUTE|[99]
10:38:50.0 (41149860)|STATEMENT_EXECUTE|[103]
10:38:50.0 (41151380)|STATEMENT_EXECUTE|[104]
10:38:50.0 (41156312)|HEAP_ALLOCATE|[104]|Bytes:5
10:38:50.0 (41190474)|STATEMENT_EXECUTE|[120]
10:38:50.0 (41192165)|STATEMENT_EXECUTE|[121]
10:38:50.0 (41204461)|METHOD_EXIT|[95]|01pO00000003AAn|TriggerHandler.setTriggerContext(String, Boolean)
10:38:50.0 (41210106)|METHOD_EXIT|[23]|01pO00000003AAn|TriggerHandler.setTriggerContext()
10:38:50.0 (41215575)|CONSTRUCTOR_EXIT|[14]|01pO00000003AAn|<init>()
10:38:50.0 (41217909)|STATEMENT_EXECUTE|[14]
10:38:50.0 (41222802)|SYSTEM_MODE_EXIT|false
10:38:50.0 (41227989)|CONSTRUCTOR_EXIT|[3]|01pO00000003Sem|<init>()
10:38:50.0 (41233103)|METHOD_ENTRY|[3]|01pO00000003AAn|TriggerHandler.run()
10:38:50.0 (41236936)|VARIABLE_SCOPE_BEGIN|[31]|this|TriggerHandler|true|false
10:38:50.0 (41256751)|VARIABLE_ASSIGNMENT|[31]|this|{"context":"0x23d5defd","isTriggerExecuting":true}|0x4e0d8cc
10:38:50.0 (41261601)|STATEMENT_EXECUTE|[31]
10:38:50.0 (41272045)|METHOD_ENTRY|[33]|01pO00000003AAn|TriggerHandler.validateRun()
10:38:50.0 (41276595)|VARIABLE_SCOPE_BEGIN|[146]|this|TriggerHandler|true|false
10:38:50.0 (41290024)|VARIABLE_ASSIGNMENT|[146]|this|{"context":"0x23d5defd","isTriggerExecuting":true}|0x4e0d8cc
10:38:50.0 (41293727)|STATEMENT_EXECUTE|[146]
10:38:50.0 (41298736)|STATEMENT_EXECUTE|[147]
10:38:50.0 (41305505)|METHOD_ENTRY|[150]|01pO00000003AAn|TriggerHandler.getHandlerName()
10:38:50.0 (41309230)|VARIABLE_SCOPE_BEGIN|[157]|this|TriggerHandler|true|false
10:38:50.0 (41321033)|VARIABLE_ASSIGNMENT|[157]|this|{"context":"0x23d5defd","isTriggerExecuting":true}|0x4e0d8cc
10:38:50.0 (41324486)|STATEMENT_EXECUTE|[157]
10:38:50.0 (41325832)|STATEMENT_EXECUTE|[158]
10:38:50.0 (41354650)|SYSTEM_METHOD_ENTRY|[158]|String.valueOf(Object)
10:38:50.0 (41407578)|HEAP_ALLOCATE|[158]|Bytes:195
10:38:50.0 (41423407)|SYSTEM_METHOD_EXIT|[158]|String.valueOf(Object)
10:38:50.0 (41438397)|SYSTEM_METHOD_ENTRY|[158]|String.valueOf(Object)
10:38:50.0 (41465990)|HEAP_ALLOCATE|[158]|Bytes:195
10:38:50.0 (41479477)|SYSTEM_METHOD_EXIT|[158]|String.valueOf(Object)
10:38:50.0 (41491698)|SYSTEM_METHOD_ENTRY|[158]|String.indexOf(String)
10:38:50.0 (41505246)|SYSTEM_METHOD_EXIT|[158]|String.indexOf(String)
10:38:50.0 (41525619)|SYSTEM_METHOD_ENTRY|[158]|String.substring(Integer, Integer)
10:38:50.0 (41534985)|HEAP_ALLOCATE|[158]|Bytes:32
10:38:50.0 (41553080)|SYSTEM_METHOD_EXIT|[158]|String.substring(Integer, Integer)
10:38:50.0 (41564705)|METHOD_EXIT|[150]|01pO00000003AAn|TriggerHandler.getHandlerName()
10:38:50.0 (41588397)|SYSTEM_METHOD_ENTRY|[150]|Set<String>.contains(Object)
10:38:50.0 (41613913)|SYSTEM_METHOD_EXIT|[150]|Set<String>.contains(Object)
10:38:50.0 (41621238)|STATEMENT_EXECUTE|[150]
10:38:50.0 (41622865)|STATEMENT_EXECUTE|[153]
10:38:50.0 (41627940)|METHOD_EXIT|[33]|01pO00000003AAn|TriggerHandler.validateRun()
10:38:50.0 (41631089)|STATEMENT_EXECUTE|[33]
10:38:50.0 (41633685)|STATEMENT_EXECUTE|[35]
10:38:50.0 (41641847)|METHOD_ENTRY|[35]|01pO00000003AAn|TriggerHandler.addToLoopCount()
10:38:50.0 (41648467)|VARIABLE_SCOPE_BEGIN|[133]|this|TriggerHandler|true|false
10:38:50.0 (41673242)|VARIABLE_ASSIGNMENT|[133]|this|{"context":"0x23d5defd","isTriggerExecuting":true}|0x4e0d8cc
10:38:50.0 (41678932)|STATEMENT_EXECUTE|[133]
10:38:50.0 (41680198)|STATEMENT_EXECUTE|[134]
10:38:50.0 (41687216)|METHOD_ENTRY|[134]|01pO00000003AAn|TriggerHandler.getHandlerName()
10:38:50.0 (41691764)|VARIABLE_SCOPE_BEGIN|[157]|this|TriggerHandler|true|false
10:38:50.0 (41705095)|VARIABLE_ASSIGNMENT|[157]|this|{"context":"0x23d5defd","isTriggerExecuting":true}|0x4e0d8cc
10:38:50.0 (41708598)|STATEMENT_EXECUTE|[157]
10:38:50.0 (41709855)|STATEMENT_EXECUTE|[158]
10:38:50.0 (41726569)|SYSTEM_METHOD_ENTRY|[158]|String.valueOf(Object)
10:38:50.0 (41758766)|HEAP_ALLOCATE|[158]|Bytes:195
10:38:50.0 (41773399)|SYSTEM_METHOD_EXIT|[158]|String.valueOf(Object)
10:38:50.0 (41786896)|SYSTEM_METHOD_ENTRY|[158]|String.valueOf(Object)
10:38:50.0 (41821783)|HEAP_ALLOCATE|[158]|Bytes:195
10:38:50.0 (41838504)|SYSTEM_METHOD_EXIT|[158]|String.valueOf(Object)
10:38:50.0 (41852372)|SYSTEM_METHOD_ENTRY|[158]|String.indexOf(String)
10:38:50.0 (41860929)|SYSTEM_METHOD_EXIT|[158]|String.indexOf(String)
10:38:50.0 (41870521)|SYSTEM_METHOD_ENTRY|[158]|String.substring(Integer, Integer)
10:38:50.0 (41874911)|HEAP_ALLOCATE|[158]|Bytes:32
10:38:50.0 (41882975)|SYSTEM_METHOD_EXIT|[158]|String.substring(Integer, Integer)
10:38:50.0 (41888102)|METHOD_EXIT|[134]|01pO00000003AAn|TriggerHandler.getHandlerName()
10:38:50.0 (41892585)|VARIABLE_SCOPE_BEGIN|[134]|handlerName|String|false|false
10:38:50.0 (41903384)|VARIABLE_ASSIGNMENT|[134]|handlerName|"Assigned_Approver_Tr (12 more) ..."
10:38:50.0 (41917914)|SYSTEM_METHOD_ENTRY|[135]|Map<String,TriggerHandler.LoopCount>.containsKey(Object)
10:38:50.0 (41928250)|SYSTEM_METHOD_EXIT|[135]|Map<String,TriggerHandler.LoopCount>.containsKey(Object)
10:38:50.0 (41932578)|STATEMENT_EXECUTE|[135]
10:38:50.0 (41936564)|METHOD_EXIT|[35]|01pO00000003AAn|TriggerHandler.addToLoopCount()
10:38:50.0 (41961553)|SYSTEM_METHOD_ENTRY|[38]|com.salesforce.api.fast.System.compareObjects(Object, Object)
10:38:50.0 (42014445)|SYSTEM_METHOD_EXIT|[38]|com.salesforce.api.fast.System.compareObjects(Object, Object)
10:38:50.0 (42032101)|SYSTEM_METHOD_ENTRY|[40]|com.salesforce.api.fast.System.compareObjects(Object, Object)
10:38:50.0 (42066970)|SYSTEM_METHOD_EXIT|[40]|com.salesforce.api.fast.System.compareObjects(Object, Object)
10:38:50.0 (42094367)|SYSTEM_METHOD_ENTRY|[42]|com.salesforce.api.fast.System.compareObjects(Object, Object)
10:38:50.0 (42141492)|SYSTEM_METHOD_EXIT|[42]|com.salesforce.api.fast.System.compareObjects(Object, Object)
10:38:50.0 (42166322)|SYSTEM_METHOD_ENTRY|[44]|com.salesforce.api.fast.System.compareObjects(Object, Object)
10:38:50.0 (42202400)|SYSTEM_METHOD_EXIT|[44]|com.salesforce.api.fast.System.compareObjects(Object, Object)
10:38:50.0 (42220024)|SYSTEM_METHOD_ENTRY|[46]|com.salesforce.api.fast.System.compareObjects(Object, Object)
10:38:50.0 (42243059)|SYSTEM_METHOD_EXIT|[46]|com.salesforce.api.fast.System.compareObjects(Object, Object)
10:38:50.0 (42247361)|STATEMENT_EXECUTE|[46]
10:38:50.0 (42248830)|STATEMENT_EXECUTE|[47]
10:38:50.0 (42259882)|METHOD_ENTRY|[47]|01pO00000003Sem|Assigned_Approver_TriggerHandler.afterUpdate()
10:38:50.0 (42286945)|VARIABLE_SCOPE_BEGIN|[24]|this|Assigned_Approver_TriggerHandler|true|false
10:38:50.0 (42327286)|VARIABLE_ASSIGNMENT|[24]|this|{"context":"0x23d5defd","isTriggerExecuting":true}|0x4e0d8cc
10:38:50.0 (42340123)|SYSTEM_MODE_ENTER|false
10:38:50.0 (42347441)|HEAP_ALLOCATE|[25]|Bytes:5
10:38:50.0 (42352673)|STATEMENT_EXECUTE|[24]
10:38:50.0 (42359423)|STATEMENT_EXECUTE|[25]
10:38:50.0 (42361649)|STATEMENT_EXECUTE|[26]
10:38:50.0 (42372839)|METHOD_ENTRY|[26]|01pO00000003Sem|Assigned_Approver_TriggerHandler.findCurrentApproversThatHaveApproved()
10:38:50.0 (42398020)|HEAP_ALLOCATE|[37]|Bytes:5
10:38:50.0 (42404087)|STATEMENT_EXECUTE|[36]
10:38:50.0 (42406256)|STATEMENT_EXECUTE|[37]
10:38:50.0 (42446646)|SYSTEM_METHOD_ENTRY|[37]|String.valueOf(Object)
10:38:50.0 (42825135)|HEAP_ALLOCATE|[37]|Bytes:742
10:38:50.0 (42843286)|SYSTEM_METHOD_EXIT|[37]|String.valueOf(Object)
10:38:50.0 (42852534)|HEAP_ALLOCATE|[37]|Bytes:762
10:38:50.0 (42862084)|SYSTEM_METHOD_ENTRY|[37]|System.debug(APEX_OBJECT, ANY)
10:38:50.0 (42870996)|USER_DEBUG|[37]|ERROR|*** Find approvers: (Assigned_Approver__c:{Id=a0oO0000002tYX1IAM, OwnerId=00528000004d3msAAA, IsDeleted=false, Name=Approver-000000139, CreatedDate=2017-03-28 23:38:00, CreatedById=005O0000003t7anIAA, LastModifiedDate=2017-03-28 23:38:51, LastModifiedById=005O0000003t7anIAA, SystemModstamp=2017-03-28 23:38:51, LastViewedDate=null, LastReferencedDate=null, Approver__c=00528000004d3msAAA, Gate__c=a0nO0000003xPH2IAM, Approval_Level__c=1, Approval_Status__c=Approved, Approval_Comments__c=test, No_of_Approval_Conditions__c=0, Current_Approver__c=false, Approver_Role__c=Regional Pre Contracts Manager, Wet_Signature_Received__c=true, Wet_Signature_Date__c=2017-03-29 00:00:00, Decision_Date__c=null, Prospect__c=006O0000008l8KWIAY, Approval_Conditions__c=null})
10:38:50.0 (42878739)|SYSTEM_METHOD_EXIT|[37]|System.debug(APEX_OBJECT, ANY)
10:38:50.0 (42881778)|STATEMENT_EXECUTE|[39]
10:38:50.0 (42888759)|HEAP_ALLOCATE|[39]|Bytes:4
10:38:50.0 (42899720)|SYSTEM_CONSTRUCTOR_ENTRY|[39]|<init>(Integer)
10:38:50.0 (42906443)|SYSTEM_CONSTRUCTOR_EXIT|[39]|<init>(Integer)
10:38:50.0 (42910171)|VARIABLE_SCOPE_BEGIN|[39]|gatesToFindNextApprover|Set<Id>|true|false
10:38:50.0 (42926735)|VARIABLE_ASSIGNMENT|[39]|gatesToFindNextApprover|[]|0x7b8de946
10:38:50.0 (42948842)|SYSTEM_METHOD_ENTRY|[40]|List<Assigned_Approver__c>.iterator()
10:38:50.0 (42956862)|SYSTEM_METHOD_EXIT|[40]|List<Assigned_Approver__c>.iterator()
10:38:50.0 (42964852)|SYSTEM_METHOD_ENTRY|[40]|system.ListIterator.hasNext()
10:38:50.0 (42972618)|HEAP_ALLOCATE|[40]|Bytes:5
10:38:50.0 (42978853)|SYSTEM_METHOD_EXIT|[40]|system.ListIterator.hasNext()
10:38:50.0 (42996684)|VARIABLE_SCOPE_BEGIN|[40]|AA|Assigned_Approver__c|true|false
10:38:50.0 (43155142)|VARIABLE_ASSIGNMENT|[40]|AA|{"Approval_Level__c":"1","Wet_Signature_Date__ (1 more) ...":"2017-03-29T00:00:00.000Z","LastModifiedDate":"2017-03-28T23:38:51.000Z","Approval_Comments__c":"test","IsDeleted":false,"Approver__c":"00528000004d3msAAA","Wet_Signature_Receiv (5 more) ...":true,"Gate__c":"a0nO0000003xPH2IAM","Prospect__c":"006O0000008l8KWIAY","Name":"Approver-000000139","SystemModstamp":"2017-03-28T23:38:51.000Z","OwnerId":"00528000004d3msAAA","CreatedById":"005O0000003t7anIAA","Approver_Role__c":"Regional Pre Contrac (10 more) ...","No_of_Approval_Condi (8 more) ...":0,"CreatedDate":"2017-03-28T23:38:00.000Z","Id":"a0oO0000002tYX1IAM","Current_Approver__c":false,"LastModifiedById":"005O0000003t7anIAA","Approval_Status__c":"Approved"}|0x7622e2fc
10:38:50.0 (43163467)|STATEMENT_EXECUTE|[40]
10:38:50.0 (43164750)|STATEMENT_EXECUTE|[41]
10:38:50.0 (43200408)|SYSTEM_METHOD_ENTRY|[41]|Map<Id,Assigned_Approver__c>.get(Object)
10:38:50.0 (43215964)|SYSTEM_METHOD_EXIT|[41]|Map<Id,Assigned_Approver__c>.get(Object)
10:38:50.0 (43224740)|VARIABLE_SCOPE_BEGIN|[41]|oldApprover|Assigned_Approver__c|true|false
10:38:50.0 (43501905)|VARIABLE_ASSIGNMENT|[41]|oldApprover|{"Approval_Level__c":"1","LastModifiedDate":"2017-03-28T23:38:09.000Z","IsDeleted":false,"Approver__c":"00528000004d3msAAA","Wet_Signature_Receiv (5 more) ...":false,"Gate__c":"a0nO0000003xPH2IAM","Prospect__c":"006O0000008l8KWIAY","Name":"Approver-000000139","SystemModstamp":"2017-03-28T23:38:09.000Z","OwnerId":"00528000004d3msAAA","CreatedById":"005O0000003t7anIAA","Approver_Role__c":"Regional Pre Contrac (10 more) ...","No_of_Approval_Condi (8 more) ...":0,"CreatedDate":"2017-03-28T23:38:00.000Z","Id":"a0oO0000002tYX1IAM","Current_Approver__c":true,"LastModifiedById":"005O0000003t7anIAA","Approval_Status__c":"Assigned Pending App (5 more) ..."}|0xcf62bdc
10:38:50.0 (43508742)|STATEMENT_EXECUTE|[42]
10:38:50.0 (43528986)|SYSTEM_METHOD_ENTRY|[42]|String.valueOf(Object)
10:38:50.0 (43726963)|HEAP_ALLOCATE|[42]|Bytes:740
10:38:50.0 (43744638)|SYSTEM_METHOD_EXIT|[42]|String.valueOf(Object)
10:38:50.0 (43753204)|HEAP_ALLOCATE|[42]|Bytes:776
10:38:50.0 (43762361)|SYSTEM_METHOD_ENTRY|[42]|System.debug(APEX_OBJECT, ANY)
10:38:50.0 (43770479)|USER_DEBUG|[42]|ERROR|*** Approvers before Wet Signature: Assigned_Approver__c:{Id=a0oO0000002tYX1IAM, OwnerId=00528000004d3msAAA, IsDeleted=false, Name=Approver-000000139, CreatedDate=2017-03-28 23:38:00, CreatedById=005O0000003t7anIAA, LastModifiedDate=2017-03-28 23:38:51, LastModifiedById=005O0000003t7anIAA, SystemModstamp=2017-03-28 23:38:51, LastViewedDate=null, LastReferencedDate=null, Approver__c=00528000004d3msAAA, Gate__c=a0nO0000003xPH2IAM, Approval_Level__c=1, Approval_Status__c=Approved, Approval_Comments__c=test, No_of_Approval_Conditions__c=0, Current_Approver__c=false, Approver_Role__c=Regional Pre Contracts Manager, Wet_Signature_Received__c=true, Wet_Signature_Date__c=2017-03-29 00:00:00, Decision_Date__c=null, Prospect__c=006O0000008l8KWIAY, Approval_Conditions__c=null}
10:38:50.0 (43777685)|SYSTEM_METHOD_EXIT|[42]|System.debug(APEX_OBJECT, ANY)
10:38:50.0 (43788106)|STATEMENT_EXECUTE|[45]
10:38:50.0 (43789544)|STATEMENT_EXECUTE|[46]
10:38:50.0 (43885371)|EXCEPTION_THROWN|[46]|System.FinalException: Record is read-only
10:38:50.0 (43934034)|HEAP_ALLOCATE|[46]|Bytes:23
10:38:50.0 (43954082)|METHOD_EXIT|[26]|01pO00000003Sem|Assigned_Approver_TriggerHandler.findCurrentApproversThatHaveApproved()
10:38:50.0 (43959592)|SYSTEM_MODE_EXIT|false
10:38:50.0 (43965394)|METHOD_EXIT|[47]|01pO00000003Sem|Assigned_Approver_TriggerHandler.afterUpdate()
10:38:50.0 (43969398)|METHOD_EXIT|[3]|01pO00000003AAn|TriggerHandler.run()
10:38:50.0 (44089546)|FATAL_ERROR|System.FinalException: Record is read-only

Class.Assigned_Approver_TriggerHandler.findCurrentApproversThatHaveApproved: line 46, column 1
Class.Assigned_Approver_TriggerHandler.afterUpdate: line 26, column 1
Class.TriggerHandler.run: line 47, column 1
Trigger.AssignedApproverTrigger: line 3, column 1
10:38:50.0 (44099289)|FATAL_ERROR|System.FinalException: Record is read-only

Class.Assigned_Approver_TriggerHandler.findCurrentApproversThatHaveApproved: line 46, column 1
Class.Assigned_Approver_TriggerHandler.afterUpdate: line 26, column 1
Class.TriggerHandler.run: line 47, column 1
Trigger.AssignedApproverTrigger: line 3, column 1
10:38:50.44 (44135032)|CUMULATIVE_LIMIT_USAGE
10:38:50.44 (44135032)|LIMIT_USAGE_FOR_NS|(default)|
  Number of SOQL queries: 0 out of 100
  Number of query rows: 0 out of 50000
  Number of SOSL queries: 0 out of 20
  Number of DML statements: 0 out of 150
  Number of DML rows: 0 out of 10000
  Maximum CPU time: 0 out of 10000
  Maximum heap size: 0 out of 6000000
  Number of callouts: 0 out of 100
  Number of Email Invocations: 0 out of 10
  Number of future calls: 0 out of 50
  Number of queueable jobs added to the queue: 0 out of 50
  Number of Mobile Apex push calls: 0 out of 10

10:38:50.44 (44135032)|TOTAL_EMAIL_RECIPIENTS_QUEUED|0
10:38:50.44 (44135032)|STATIC_VARIABLE_LIST|
  String:_sfdcAdditionalCodeLocations:0
  long:serialVersionUID:0
  String:_sfdcAdditionalCodeLocations:0
  double:MAX_VALUE:0
  long:serialVersionUID:0
  int:SIZE:0
  TriggerHandler.TriggerContext:BEFORE_INSERT:0
  int:MAX_VALUE:0
  TriggerHandler.TriggerContext:AFTER_UNDELETE:0
  String:_sfdcSuppressedCodeLocations:0
  int:MIN_VALUE:0
  char[]:DigitOnes:0
  String:_sfdcSuppressedCodeLocations:0
  int:MIN_EXPONENT:0
  int:MAX_EXPONENT:0
  int:BYTES:0
  char[]:DigitTens:0
  long:serialVersionUID:0
  String:_sfdcAdditionalCodeLocations:0
  Boolean:FALSE:0
  double:MIN_VALUE:0
  double:NEGATIVE_INFINITY:0
  char[]:digits:0
  double:NaN:0
  Boolean:TRUE:0
  TriggerHandler.TriggerContext:AFTER_INSERT:0
  TriggerHandler.TriggerContext:AFTER_DELETE:0
  TriggerHandler.TriggerContext:AFTER_UPDATE:0
  String:__sfdcInnerTypes:0
  int:BYTES:0
  Map<String,TriggerHandler.LoopCount>:_static_loopCountMap:0
  Set<String>:_static_bypassedHandlers:0
  Boolean:_static_recursion:0
  int[]:sizeTable:0
  TriggerHandler.TriggerContext:BEFORE_DELETE:0
  TriggerHandler.TriggerContext:BEFORE_UPDATE:0
  int:SIZE:0
  double:POSITIVE_INFINITY:0
  double:MIN_NORMAL:0

10:38:50.44 (44135032)|CUMULATIVE_LIMIT_USAGE_END

10:38:50.0 (46227673)|CODE_UNIT_FINISHED|AssignedApproverTrigger on Assigned_Approver trigger event AfterUpdate for [a0oO0000002tYX1]
10:38:50.93 (93491511)|CUMULATIVE_PROFILING_BEGIN
10:38:50.93 (93491511)|CUMULATIVE_PROFILING|No profiling information for SOQL operations
10:38:50.93 (93491511)|CUMULATIVE_PROFILING|No profiling information for SOSL operations
10:38:50.93 (93491511)|CUMULATIVE_PROFILING|No profiling information for DML operations
10:38:50.93 (93491511)|CUMULATIVE_PROFILING|method invocations|
Trigger.AssignedApproverTrigger: line 3, column 1: public Assigned_Approver_TriggerHandler(): executed 4 times in 9 ms
External entry point: public void invoke(): executed 1 time in 4 ms
Class.TriggerHandler.run: line 41, column 1: public void beforeUpdate(): executed 1 time in 3 ms
Class.Assigned_Approver_TriggerHandler.beforeUpdate: line 20, column 1: private static void findCurrentApproversThatHaveApproved(): executed 1 time in 3 ms
Class.TriggerHandler.run: line 47, column 1: public void afterUpdate(): executed 1 time in 2 ms
Class.Assigned_Approver_TriggerHandler.afterUpdate: line 26, column 1: private static void findCurrentApproversThatHaveApproved(): executed 1 time in 2 ms
Class.TriggerHandler.run: line 33, column 1: private Boolean validateRun(): executed 2 times in 1 ms
Class.TriggerHandler.run: line 35, column 1: private void addToLoopCount(): executed 2 times in 1 ms
Class.TriggerHandler.validateRun: line 150, column 1: private String getHandlerName(): executed 4 times in 1 ms
Class.Assigned_Approver_TriggerHandler.findCurrentApproversThatHaveApproved: line 37, column 1: public static String valueOf(Object): executed 4 times in 1 ms
Class.Assigned_Approver_TriggerHandler.findCurrentApproversThatHaveApproved: line 42, column 1: public static String valueOf(Object): executed 4 times in 1 ms

10:38:50.93 (93491511)|CUMULATIVE_PROFILING_END
