37.0 APEX_CODE,FINEST;APEX_PROFILING,FINEST;CALLOUT,INFO;DB,INFO;SYSTEM,DEBUG;VALIDATION,INFO;VISUALFORCE,INFO;WAVE,INFO;WORKFLOW,INFO
14:49:09.14 (14027093)|ENTERING_MANAGED_PKG|dlrs
14:49:09.14 (14715707)|ENTERING_MANAGED_PKG|dlrs
14:49:09.14 (22789998)|ENTERING_MANAGED_PKG|dlrs
14:49:09.14 (22857184)|ENTERING_MANAGED_PKG|dlrs
14:49:09.14 (50911760)|ENTERING_MANAGED_PKG|dlrs
14:49:09.14 (51476572)|ENTERING_MANAGED_PKG|dlrs
14:49:09.14 (67226514)|ENTERING_MANAGED_PKG|dlrs
14:49:09.14 (67650811)|ENTERING_MANAGED_PKG|dlrs
14:49:09.14 (68226475)|ENTERING_MANAGED_PKG|dlrs
14:49:09.14 (261901413)|ENTERING_MANAGED_PKG|dlrs
14:49:09.14 (261999481)|ENTERING_MANAGED_PKG|dlrs
14:49:09.14 (262036722)|ENTERING_MANAGED_PKG|dlrs
14:49:09.14 (262299991)|ENTERING_MANAGED_PKG|dlrs
14:49:09.14 (262325578)|ENTERING_MANAGED_PKG|dlrs
14:49:09.14 (262620673)|ENTERING_MANAGED_PKG|dlrs
14:49:09.14 (262681488)|ENTERING_MANAGED_PKG|dlrs
14:49:09.14 (262710443)|ENTERING_MANAGED_PKG|dlrs
14:49:09.14 (262741593)|ENTERING_MANAGED_PKG|dlrs
14:49:09.14 (262780160)|ENTERING_MANAGED_PKG|dlrs
14:49:09.14 (262825661)|ENTERING_MANAGED_PKG|dlrs
14:49:09.14 (262962894)|ENTERING_MANAGED_PKG|dlrs
14:49:09.14 (263012675)|ENTERING_MANAGED_PKG|dlrs
14:49:09.14 (263062469)|ENTERING_MANAGED_PKG|dlrs
14:49:09.14 (263094358)|ENTERING_MANAGED_PKG|dlrs
14:49:09.14 (263220892)|ENTERING_MANAGED_PKG|dlrs
14:49:09.14 (263269410)|ENTERING_MANAGED_PKG|dlrs
14:49:09.14 (263314359)|ENTERING_MANAGED_PKG|dlrs
14:49:09.14 (263501193)|ENTERING_MANAGED_PKG|dlrs
14:49:09.14 (263554035)|ENTERING_MANAGED_PKG|dlrs
14:49:09.14 (263863988)|ENTERING_MANAGED_PKG|dlrs
14:49:09.14 (263917612)|ENTERING_MANAGED_PKG|dlrs
14:49:09.14 (263953133)|ENTERING_MANAGED_PKG|dlrs
14:49:09.14 (264155501)|ENTERING_MANAGED_PKG|dlrs
14:49:09.14 (264187296)|ENTERING_MANAGED_PKG|dlrs
14:49:09.14 (264520708)|ENTERING_MANAGED_PKG|dlrs
14:49:09.14 (264558323)|ENTERING_MANAGED_PKG|dlrs
14:49:09.14 (265691908)|ENTERING_MANAGED_PKG|dlrs
14:49:09.14 (266002072)|ENTERING_MANAGED_PKG|dlrs
14:49:09.14 (266179964)|ENTERING_MANAGED_PKG|dlrs
14:49:09.14 (266261946)|ENTERING_MANAGED_PKG|dlrs
14:49:09.14 (266516493)|ENTERING_MANAGED_PKG|dlrs
14:49:09.14 (266616490)|ENTERING_MANAGED_PKG|dlrs
14:49:09.14 (266798461)|ENTERING_MANAGED_PKG|dlrs
14:49:09.14 (266934545)|ENTERING_MANAGED_PKG|dlrs
14:49:09.14 (267008262)|ENTERING_MANAGED_PKG|dlrs
14:49:09.14 (267117513)|ENTERING_MANAGED_PKG|dlrs
14:49:09.14 (267222267)|ENTERING_MANAGED_PKG|dlrs
14:49:09.14 (267354192)|ENTERING_MANAGED_PKG|dlrs
14:49:09.14 (267431206)|ENTERING_MANAGED_PKG|dlrs
14:49:09.14 (267535409)|ENTERING_MANAGED_PKG|dlrs
14:49:09.14 (267674231)|ENTERING_MANAGED_PKG|dlrs
14:49:09.14 (267823136)|ENTERING_MANAGED_PKG|dlrs
14:49:09.14 (267952422)|ENTERING_MANAGED_PKG|dlrs
14:49:09.14 (268023848)|ENTERING_MANAGED_PKG|dlrs
14:49:09.14 (268142949)|ENTERING_MANAGED_PKG|dlrs
14:49:09.14 (268249076)|ENTERING_MANAGED_PKG|dlrs
14:49:09.14 (268453213)|ENTERING_MANAGED_PKG|dlrs
14:49:09.14 (268610607)|ENTERING_MANAGED_PKG|dlrs
14:49:09.14 (268740204)|ENTERING_MANAGED_PKG|dlrs
14:49:09.14 (268811518)|ENTERING_MANAGED_PKG|dlrs
14:49:09.14 (268958250)|ENTERING_MANAGED_PKG|dlrs
14:49:09.14 (269118564)|ENTERING_MANAGED_PKG|dlrs
14:49:09.14 (269225402)|ENTERING_MANAGED_PKG|dlrs
14:49:09.14 (269324121)|ENTERING_MANAGED_PKG|dlrs
14:49:09.14 (269427588)|ENTERING_MANAGED_PKG|dlrs
14:49:09.14 (269556754)|ENTERING_MANAGED_PKG|dlrs
14:49:09.14 (269630022)|ENTERING_MANAGED_PKG|dlrs
14:49:09.14 (269732184)|ENTERING_MANAGED_PKG|dlrs
14:49:09.14 (269830044)|ENTERING_MANAGED_PKG|dlrs
14:49:09.14 (269926970)|ENTERING_MANAGED_PKG|dlrs
14:49:09.14 (270025283)|ENTERING_MANAGED_PKG|dlrs
14:49:09.14 (270124039)|ENTERING_MANAGED_PKG|dlrs
14:49:09.14 (270251307)|ENTERING_MANAGED_PKG|dlrs
14:49:09.14 (270385362)|ENTERING_MANAGED_PKG|dlrs
14:49:09.14 (270457882)|ENTERING_MANAGED_PKG|dlrs
14:49:09.14 (270560898)|ENTERING_MANAGED_PKG|dlrs
14:49:09.14 (270658578)|ENTERING_MANAGED_PKG|dlrs
14:49:09.14 (270755398)|ENTERING_MANAGED_PKG|dlrs
14:49:09.14 (270852694)|ENTERING_MANAGED_PKG|dlrs
14:49:09.14 (270949990)|ENTERING_MANAGED_PKG|dlrs
14:49:09.14 (271047077)|ENTERING_MANAGED_PKG|dlrs
14:49:09.14 (271147385)|ENTERING_MANAGED_PKG|dlrs
14:49:09.14 (271386691)|ENTERING_MANAGED_PKG|dlrs
14:49:09.14 (271508727)|ENTERING_MANAGED_PKG|dlrs
14:49:09.14 (271611652)|ENTERING_MANAGED_PKG|dlrs
14:49:09.14 (271710531)|ENTERING_MANAGED_PKG|dlrs
14:49:09.14 (271867022)|ENTERING_MANAGED_PKG|dlrs
14:49:09.14 (272029629)|ENTERING_MANAGED_PKG|dlrs
14:49:09.14 (272130543)|ENTERING_MANAGED_PKG|dlrs
14:49:09.14 (272237483)|ENTERING_MANAGED_PKG|dlrs
14:49:09.14 (272335761)|ENTERING_MANAGED_PKG|dlrs
14:49:09.14 (272438552)|ENTERING_MANAGED_PKG|dlrs
14:49:09.14 (272565454)|ENTERING_MANAGED_PKG|dlrs
14:49:09.14 (272637378)|ENTERING_MANAGED_PKG|dlrs
14:49:09.14 (272739013)|ENTERING_MANAGED_PKG|dlrs
14:49:09.14 (272836515)|ENTERING_MANAGED_PKG|dlrs
14:49:09.14 (272933619)|ENTERING_MANAGED_PKG|dlrs
14:49:09.14 (273034819)|ENTERING_MANAGED_PKG|dlrs
14:49:09.14 (273135259)|ENTERING_MANAGED_PKG|dlrs
14:49:09.14 (273236400)|ENTERING_MANAGED_PKG|dlrs
14:49:09.14 (273337294)|ENTERING_MANAGED_PKG|dlrs
14:49:09.14 (273440886)|ENTERING_MANAGED_PKG|dlrs
14:49:09.14 (273574398)|ENTERING_MANAGED_PKG|dlrs
14:49:09.14 (273836016)|ENTERING_MANAGED_PKG|dlrs
14:49:09.14 (273910917)|ENTERING_MANAGED_PKG|dlrs
14:49:09.14 (274013822)|ENTERING_MANAGED_PKG|dlrs
14:49:09.14 (274112458)|ENTERING_MANAGED_PKG|dlrs
14:49:09.14 (274266769)|ENTERING_MANAGED_PKG|dlrs
14:49:09.14 (274414624)|ENTERING_MANAGED_PKG|dlrs
14:49:09.14 (274514053)|ENTERING_MANAGED_PKG|dlrs
14:49:09.14 (274611449)|ENTERING_MANAGED_PKG|dlrs
14:49:09.14 (274708826)|ENTERING_MANAGED_PKG|dlrs
14:49:09.14 (274806256)|ENTERING_MANAGED_PKG|dlrs
14:49:09.14 (274903654)|ENTERING_MANAGED_PKG|dlrs
14:49:09.14 (275001593)|ENTERING_MANAGED_PKG|dlrs
14:49:09.14 (275129933)|ENTERING_MANAGED_PKG|dlrs
14:49:09.14 (275210463)|ENTERING_MANAGED_PKG|dlrs
14:49:09.14 (275312191)|ENTERING_MANAGED_PKG|dlrs
14:49:09.14 (275415220)|ENTERING_MANAGED_PKG|dlrs
14:49:09.14 (275512371)|ENTERING_MANAGED_PKG|dlrs
14:49:09.14 (275609975)|ENTERING_MANAGED_PKG|dlrs
14:49:09.14 (275706628)|ENTERING_MANAGED_PKG|dlrs
14:49:09.14 (275803887)|ENTERING_MANAGED_PKG|dlrs
14:49:09.14 (275931049)|ENTERING_MANAGED_PKG|dlrs
14:49:09.14 (276163140)|ENTERING_MANAGED_PKG|dlrs
14:49:09.14 (276263989)|ENTERING_MANAGED_PKG|dlrs
14:49:09.14 (276365650)|ENTERING_MANAGED_PKG|dlrs
14:49:09.14 (276464294)|ENTERING_MANAGED_PKG|dlrs
14:49:09.14 (276639322)|ENTERING_MANAGED_PKG|dlrs
14:49:09.14 (276753898)|ENTERING_MANAGED_PKG|dlrs
14:49:09.14 (276858931)|ENTERING_MANAGED_PKG|dlrs
14:49:09.14 (276957213)|ENTERING_MANAGED_PKG|dlrs
14:49:09.14 (277054471)|ENTERING_MANAGED_PKG|dlrs
14:49:09.14 (277161814)|ENTERING_MANAGED_PKG|dlrs
14:49:09.14 (277264579)|ENTERING_MANAGED_PKG|dlrs
14:49:09.14 (277369278)|ENTERING_MANAGED_PKG|dlrs
14:49:09.14 (277467721)|ENTERING_MANAGED_PKG|dlrs
14:49:09.14 (277568391)|ENTERING_MANAGED_PKG|dlrs
14:49:09.14 (277666473)|ENTERING_MANAGED_PKG|dlrs
14:49:09.14 (277764652)|ENTERING_MANAGED_PKG|dlrs
14:49:09.14 (277862403)|ENTERING_MANAGED_PKG|dlrs
14:49:09.14 (277960199)|ENTERING_MANAGED_PKG|dlrs
14:49:09.14 (278100586)|ENTERING_MANAGED_PKG|dlrs
14:49:09.14 (278190870)|ENTERING_MANAGED_PKG|dlrs
14:49:09.14 (278393208)|ENTERING_MANAGED_PKG|dlrs
14:49:09.14 (278566563)|ENTERING_MANAGED_PKG|dlrs
14:49:09.14 (278665541)|ENTERING_MANAGED_PKG|dlrs
14:49:09.14 (278792733)|ENTERING_MANAGED_PKG|dlrs
14:49:09.14 (278968198)|ENTERING_MANAGED_PKG|dlrs
14:49:09.14 (279070232)|ENTERING_MANAGED_PKG|dlrs
14:49:09.14 (279174683)|ENTERING_MANAGED_PKG|dlrs
14:49:09.14 (279272687)|ENTERING_MANAGED_PKG|dlrs
14:49:09.14 (279375606)|ENTERING_MANAGED_PKG|dlrs
14:49:09.14 (279473385)|ENTERING_MANAGED_PKG|dlrs
14:49:09.14 (279570666)|ENTERING_MANAGED_PKG|dlrs
14:49:09.14 (279667467)|ENTERING_MANAGED_PKG|dlrs
14:49:09.14 (279764686)|ENTERING_MANAGED_PKG|dlrs
14:49:09.14 (279893735)|ENTERING_MANAGED_PKG|dlrs
14:49:09.14 (279968916)|ENTERING_MANAGED_PKG|dlrs
14:49:09.14 (280070266)|ENTERING_MANAGED_PKG|dlrs
14:49:09.14 (280177344)|ENTERING_MANAGED_PKG|dlrs
14:49:09.14 (280275882)|ENTERING_MANAGED_PKG|dlrs
14:49:09.14 (280378675)|ENTERING_MANAGED_PKG|dlrs
14:49:09.14 (280610023)|ENTERING_MANAGED_PKG|dlrs
14:49:09.14 (280732854)|ENTERING_MANAGED_PKG|dlrs
14:49:09.14 (280832648)|ENTERING_MANAGED_PKG|dlrs
14:49:09.14 (281012862)|ENTERING_MANAGED_PKG|dlrs
14:49:09.14 (281131847)|ENTERING_MANAGED_PKG|dlrs
14:49:09.14 (281230488)|ENTERING_MANAGED_PKG|dlrs
14:49:09.14 (281328253)|ENTERING_MANAGED_PKG|dlrs
14:49:09.14 (281431763)|ENTERING_MANAGED_PKG|dlrs
14:49:09.14 (281529340)|ENTERING_MANAGED_PKG|dlrs
14:49:09.14 (281625930)|ENTERING_MANAGED_PKG|dlrs
14:49:09.14 (281754177)|ENTERING_MANAGED_PKG|dlrs
14:49:09.14 (281833181)|ENTERING_MANAGED_PKG|dlrs
14:49:09.14 (281934783)|ENTERING_MANAGED_PKG|dlrs
14:49:09.14 (282031822)|ENTERING_MANAGED_PKG|dlrs
14:49:09.14 (282129988)|ENTERING_MANAGED_PKG|dlrs
14:49:09.14 (282227991)|ENTERING_MANAGED_PKG|dlrs
14:49:09.14 (282325443)|ENTERING_MANAGED_PKG|dlrs
14:49:09.14 (282426825)|ENTERING_MANAGED_PKG|dlrs
14:49:09.14 (282523789)|ENTERING_MANAGED_PKG|dlrs
14:49:09.14 (282621121)|ENTERING_MANAGED_PKG|dlrs
14:49:09.14 (282789024)|ENTERING_MANAGED_PKG|dlrs
14:49:09.14 (282983794)|ENTERING_MANAGED_PKG|dlrs
14:49:09.14 (283084252)|ENTERING_MANAGED_PKG|dlrs
14:49:09.14 (283190905)|ENTERING_MANAGED_PKG|dlrs
14:49:09.14 (283307439)|ENTERING_MANAGED_PKG|dlrs
14:49:09.14 (283409998)|ENTERING_MANAGED_PKG|dlrs
14:49:09.14 (283507572)|ENTERING_MANAGED_PKG|dlrs
14:49:09.14 (283635578)|ENTERING_MANAGED_PKG|dlrs
14:49:09.14 (283721302)|ENTERING_MANAGED_PKG|dlrs
14:49:09.14 (283903715)|ENTERING_MANAGED_PKG|dlrs
14:49:09.14 (284010333)|ENTERING_MANAGED_PKG|dlrs
14:49:09.14 (284115435)|ENTERING_MANAGED_PKG|dlrs
14:49:09.14 (284217277)|ENTERING_MANAGED_PKG|dlrs
14:49:09.14 (284316002)|ENTERING_MANAGED_PKG|dlrs
14:49:09.14 (284422801)|ENTERING_MANAGED_PKG|dlrs
14:49:09.14 (284521672)|ENTERING_MANAGED_PKG|dlrs
14:49:09.14 (284621869)|ENTERING_MANAGED_PKG|dlrs
14:49:09.14 (284719326)|ENTERING_MANAGED_PKG|dlrs
14:49:09.14 (284819124)|ENTERING_MANAGED_PKG|dlrs
14:49:09.14 (284916897)|ENTERING_MANAGED_PKG|dlrs
14:49:09.14 (285014061)|ENTERING_MANAGED_PKG|dlrs
14:49:09.14 (285112546)|ENTERING_MANAGED_PKG|dlrs
14:49:09.14 (285210244)|ENTERING_MANAGED_PKG|dlrs
14:49:09.14 (285309542)|ENTERING_MANAGED_PKG|dlrs
14:49:09.14 (285412363)|ENTERING_MANAGED_PKG|dlrs
14:49:09.14 (285541698)|ENTERING_MANAGED_PKG|dlrs
14:49:09.14 (285614980)|ENTERING_MANAGED_PKG|dlrs
14:49:09.14 (285719502)|ENTERING_MANAGED_PKG|dlrs
14:49:09.14 (285817334)|ENTERING_MANAGED_PKG|dlrs
14:49:09.14 (285913971)|ENTERING_MANAGED_PKG|dlrs
14:49:09.14 (286100617)|ENTERING_MANAGED_PKG|dlrs
14:49:09.14 (286281850)|ENTERING_MANAGED_PKG|dlrs
14:49:09.14 (286386329)|ENTERING_MANAGED_PKG|dlrs
14:49:09.14 (286541864)|ENTERING_MANAGED_PKG|dlrs
14:49:09.14 (286686844)|ENTERING_MANAGED_PKG|dlrs
14:49:09.14 (286789834)|ENTERING_MANAGED_PKG|dlrs
14:49:09.14 (286887386)|ENTERING_MANAGED_PKG|dlrs
14:49:09.14 (286985133)|ENTERING_MANAGED_PKG|dlrs
14:49:09.14 (287081694)|ENTERING_MANAGED_PKG|dlrs
14:49:09.14 (287179415)|ENTERING_MANAGED_PKG|dlrs
14:49:09.14 (287275936)|ENTERING_MANAGED_PKG|dlrs
14:49:09.14 (287378189)|ENTERING_MANAGED_PKG|dlrs
14:49:09.14 (287475486)|ENTERING_MANAGED_PKG|dlrs
14:49:09.14 (287572676)|ENTERING_MANAGED_PKG|dlrs
14:49:09.14 (287706482)|ENTERING_MANAGED_PKG|dlrs
14:49:09.14 (287783553)|ENTERING_MANAGED_PKG|dlrs
14:49:09.14 (287885013)|ENTERING_MANAGED_PKG|dlrs
14:49:09.14 (287982865)|ENTERING_MANAGED_PKG|dlrs
14:49:09.14 (288080068)|ENTERING_MANAGED_PKG|dlrs
14:49:09.14 (288198944)|ENTERING_MANAGED_PKG|dlrs
14:49:09.14 (288298576)|ENTERING_MANAGED_PKG|dlrs
14:49:09.14 (288401664)|ENTERING_MANAGED_PKG|dlrs
14:49:09.14 (288499614)|ENTERING_MANAGED_PKG|dlrs
14:49:09.14 (288596425)|ENTERING_MANAGED_PKG|dlrs
14:49:09.14 (288693020)|ENTERING_MANAGED_PKG|dlrs
14:49:09.14 (288793779)|ENTERING_MANAGED_PKG|dlrs
14:49:09.14 (288890729)|ENTERING_MANAGED_PKG|dlrs
14:49:09.14 (289021945)|ENTERING_MANAGED_PKG|dlrs
14:49:09.14 (289253783)|ENTERING_MANAGED_PKG|dlrs
14:49:09.14 (289359741)|ENTERING_MANAGED_PKG|dlrs
14:49:09.14 (289492779)|ENTERING_MANAGED_PKG|dlrs
14:49:09.14 (289662814)|ENTERING_MANAGED_PKG|dlrs
14:49:09.14 (289763356)|ENTERING_MANAGED_PKG|dlrs
14:49:09.14 (289861763)|ENTERING_MANAGED_PKG|dlrs
14:49:09.14 (289992240)|ENTERING_MANAGED_PKG|dlrs
14:49:09.14 (290071300)|ENTERING_MANAGED_PKG|dlrs
14:49:09.14 (290177335)|ENTERING_MANAGED_PKG|dlrs
14:49:09.14 (290276036)|ENTERING_MANAGED_PKG|dlrs
14:49:09.14 (290379264)|ENTERING_MANAGED_PKG|dlrs
14:49:09.14 (290477860)|ENTERING_MANAGED_PKG|dlrs
14:49:09.14 (290574887)|ENTERING_MANAGED_PKG|dlrs
14:49:09.14 (290671653)|ENTERING_MANAGED_PKG|dlrs
14:49:09.14 (290769437)|ENTERING_MANAGED_PKG|dlrs
14:49:09.14 (290866439)|ENTERING_MANAGED_PKG|dlrs
14:49:09.14 (290963653)|ENTERING_MANAGED_PKG|dlrs
14:49:09.14 (291076019)|ENTERING_MANAGED_PKG|dlrs
14:49:09.14 (291321040)|ENTERING_MANAGED_PKG|dlrs
14:49:09.14 (291430353)|ENTERING_MANAGED_PKG|dlrs
14:49:09.14 (291527971)|ENTERING_MANAGED_PKG|dlrs
14:49:09.14 (291642826)|ENTERING_MANAGED_PKG|dlrs
14:49:09.14 (291824258)|ENTERING_MANAGED_PKG|dlrs
14:49:09.14 (291926534)|ENTERING_MANAGED_PKG|dlrs
14:49:09.14 (292025319)|ENTERING_MANAGED_PKG|dlrs
14:49:09.14 (292123963)|ENTERING_MANAGED_PKG|dlrs
14:49:09.14 (292222245)|ENTERING_MANAGED_PKG|dlrs
14:49:09.14 (292356555)|ENTERING_MANAGED_PKG|dlrs
14:49:09.14 (292524492)|ENTERING_MANAGED_PKG|dlrs
14:49:09.14 (292564369)|ENTERING_MANAGED_PKG|dlrs
14:49:09.14 (292594057)|ENTERING_MANAGED_PKG|dlrs
14:49:09.14 (292937284)|ENTERING_MANAGED_PKG|dlrs
14:49:09.14 (292963088)|ENTERING_MANAGED_PKG|dlrs
14:49:09.14 (292979888)|ENTERING_MANAGED_PKG|dlrs
14:49:09.14 (293135183)|ENTERING_MANAGED_PKG|dlrs
14:49:09.14 (293192202)|ENTERING_MANAGED_PKG|dlrs
14:49:09.14 (293284606)|ENTERING_MANAGED_PKG|dlrs
14:49:09.14 (293508844)|ENTERING_MANAGED_PKG|dlrs
14:49:09.14 (293527534)|ENTERING_MANAGED_PKG|dlrs
14:49:09.14 (293609982)|ENTERING_MANAGED_PKG|dlrs
14:49:09.14 (293635098)|ENTERING_MANAGED_PKG|dlrs
14:49:09.14 (294242347)|ENTERING_MANAGED_PKG|dlrs
14:49:09.14 (294273260)|ENTERING_MANAGED_PKG|dlrs
14:49:09.14 (294599977)|ENTERING_MANAGED_PKG|dlrs
14:49:09.14 (295253613)|ENTERING_MANAGED_PKG|dlrs
14:49:09.14 (295293763)|ENTERING_MANAGED_PKG|dlrs
14:49:09.14 (295721830)|ENTERING_MANAGED_PKG|dlrs
14:49:09.14 (295771253)|ENTERING_MANAGED_PKG|dlrs
14:49:09.14 (295866680)|ENTERING_MANAGED_PKG|dlrs
14:49:09.14 (295923525)|ENTERING_MANAGED_PKG|dlrs
14:49:09.14 (295963876)|ENTERING_MANAGED_PKG|dlrs
14:49:09.14 (296115353)|ENTERING_MANAGED_PKG|dlrs
14:49:09.14 (296133501)|ENTERING_MANAGED_PKG|dlrs
14:49:09.14 (296159515)|ENTERING_MANAGED_PKG|dlrs
14:49:09.14 (296219870)|ENTERING_MANAGED_PKG|dlrs
14:49:09.14 (296243958)|ENTERING_MANAGED_PKG|dlrs
14:49:09.14 (296528121)|ENTERING_MANAGED_PKG|dlrs
14:49:09.14 (296623962)|ENTERING_MANAGED_PKG|dlrs
14:49:09.14 (296641995)|ENTERING_MANAGED_PKG|dlrs
14:49:09.14 (296778679)|ENTERING_MANAGED_PKG|dlrs
14:49:09.14 (296846390)|ENTERING_MANAGED_PKG|dlrs
14:49:09.14 (296882008)|ENTERING_MANAGED_PKG|dlrs
14:49:09.14 (297166722)|ENTERING_MANAGED_PKG|dlrs
14:49:09.14 (297326595)|ENTERING_MANAGED_PKG|dlrs
14:49:09.14 (297636377)|ENTERING_MANAGED_PKG|dlrs
14:49:09.14 (297735355)|ENTERING_MANAGED_PKG|dlrs
14:49:09.14 (297917697)|ENTERING_MANAGED_PKG|dlrs
14:49:09.14 (298053770)|ENTERING_MANAGED_PKG|dlrs
14:49:09.14 (298362793)|ENTERING_MANAGED_PKG|dlrs
14:49:09.14 (298461568)|ENTERING_MANAGED_PKG|dlrs
14:49:09.14 (298824289)|ENTERING_MANAGED_PKG|dlrs
14:49:09.14 (298922399)|ENTERING_MANAGED_PKG|dlrs
14:49:09.14 (299191353)|ENTERING_MANAGED_PKG|dlrs
14:49:09.14 (299379880)|ENTERING_MANAGED_PKG|dlrs
14:49:09.14 (299645171)|ENTERING_MANAGED_PKG|dlrs
14:49:09.14 (299741220)|ENTERING_MANAGED_PKG|dlrs
14:49:09.14 (300072415)|ENTERING_MANAGED_PKG|dlrs
14:49:09.14 (300221327)|ENTERING_MANAGED_PKG|dlrs
14:49:09.14 (300667016)|ENTERING_MANAGED_PKG|dlrs
14:49:09.14 (300796114)|ENTERING_MANAGED_PKG|dlrs
14:49:09.14 (301137110)|ENTERING_MANAGED_PKG|dlrs
14:49:09.14 (301235688)|ENTERING_MANAGED_PKG|dlrs
14:49:09.14 (301423006)|ENTERING_MANAGED_PKG|dlrs
14:49:09.14 (301638848)|ENTERING_MANAGED_PKG|dlrs
14:49:09.14 (302001048)|ENTERING_MANAGED_PKG|dlrs
14:49:09.14 (302159640)|ENTERING_MANAGED_PKG|dlrs
14:49:09.14 (302541582)|ENTERING_MANAGED_PKG|dlrs
14:49:09.14 (302658416)|ENTERING_MANAGED_PKG|dlrs
14:49:09.14 (302936775)|ENTERING_MANAGED_PKG|dlrs
14:49:09.14 (303033430)|ENTERING_MANAGED_PKG|dlrs
14:49:09.14 (303273250)|ENTERING_MANAGED_PKG|dlrs
14:49:09.14 (303387328)|ENTERING_MANAGED_PKG|dlrs
14:49:09.14 (303792707)|ENTERING_MANAGED_PKG|dlrs
14:49:09.14 (304091114)|ENTERING_MANAGED_PKG|dlrs
14:49:09.14 (304534646)|ENTERING_MANAGED_PKG|dlrs
14:49:09.14 (304647939)|ENTERING_MANAGED_PKG|dlrs
14:49:09.14 (304967338)|ENTERING_MANAGED_PKG|dlrs
14:49:09.14 (305066146)|ENTERING_MANAGED_PKG|dlrs
14:49:09.14 (305240284)|ENTERING_MANAGED_PKG|dlrs
14:49:09.14 (305369700)|ENTERING_MANAGED_PKG|dlrs
14:49:09.14 (305725045)|ENTERING_MANAGED_PKG|dlrs
14:49:09.14 (305823322)|ENTERING_MANAGED_PKG|dlrs
14:49:09.14 (305994228)|ENTERING_MANAGED_PKG|dlrs
14:49:09.14 (306088783)|ENTERING_MANAGED_PKG|dlrs
14:49:09.14 (306265473)|ENTERING_MANAGED_PKG|dlrs
14:49:09.14 (306364716)|ENTERING_MANAGED_PKG|dlrs
14:49:09.14 (306628309)|ENTERING_MANAGED_PKG|dlrs
14:49:09.14 (306723965)|ENTERING_MANAGED_PKG|dlrs
14:49:09.14 (306894683)|ENTERING_MANAGED_PKG|dlrs
14:49:09.14 (306988224)|ENTERING_MANAGED_PKG|dlrs
14:49:09.14 (307160883)|ENTERING_MANAGED_PKG|dlrs
14:49:09.14 (307256117)|ENTERING_MANAGED_PKG|dlrs
14:49:09.14 (307444665)|ENTERING_MANAGED_PKG|dlrs
14:49:09.14 (307539339)|ENTERING_MANAGED_PKG|dlrs
14:49:09.14 (307803917)|ENTERING_MANAGED_PKG|dlrs
14:49:09.14 (307910422)|ENTERING_MANAGED_PKG|dlrs
14:49:09.14 (308081374)|ENTERING_MANAGED_PKG|dlrs
14:49:09.14 (308180975)|ENTERING_MANAGED_PKG|dlrs
14:49:09.14 (308373668)|ENTERING_MANAGED_PKG|dlrs
14:49:09.14 (308469041)|ENTERING_MANAGED_PKG|dlrs
14:49:09.14 (308641945)|ENTERING_MANAGED_PKG|dlrs
14:49:09.14 (308736958)|ENTERING_MANAGED_PKG|dlrs
14:49:09.14 (308918687)|ENTERING_MANAGED_PKG|dlrs
14:49:09.14 (309013140)|ENTERING_MANAGED_PKG|dlrs
14:49:09.14 (309185333)|ENTERING_MANAGED_PKG|dlrs
14:49:09.14 (309279745)|ENTERING_MANAGED_PKG|dlrs
14:49:09.14 (309457253)|ENTERING_MANAGED_PKG|dlrs
14:49:09.14 (309552134)|ENTERING_MANAGED_PKG|dlrs
14:49:09.14 (309738422)|ENTERING_MANAGED_PKG|dlrs
14:49:09.14 (309833708)|ENTERING_MANAGED_PKG|dlrs
14:49:09.14 (310001913)|ENTERING_MANAGED_PKG|dlrs
14:49:09.14 (310109490)|ENTERING_MANAGED_PKG|dlrs
14:49:09.14 (310289812)|ENTERING_MANAGED_PKG|dlrs
14:49:09.14 (310389227)|ENTERING_MANAGED_PKG|dlrs
14:49:09.14 (310557368)|ENTERING_MANAGED_PKG|dlrs
14:49:09.14 (310651136)|ENTERING_MANAGED_PKG|dlrs
14:49:09.14 (310824315)|ENTERING_MANAGED_PKG|dlrs
14:49:09.14 (310919800)|ENTERING_MANAGED_PKG|dlrs
14:49:09.14 (311087945)|ENTERING_MANAGED_PKG|dlrs
14:49:09.14 (311200445)|ENTERING_MANAGED_PKG|dlrs
14:49:09.14 (311375638)|ENTERING_MANAGED_PKG|dlrs
14:49:09.14 (311477863)|ENTERING_MANAGED_PKG|dlrs
14:49:09.14 (311647131)|ENTERING_MANAGED_PKG|dlrs
14:49:09.14 (311752398)|ENTERING_MANAGED_PKG|dlrs
14:49:09.14 (311926962)|ENTERING_MANAGED_PKG|dlrs
14:49:09.14 (312022913)|ENTERING_MANAGED_PKG|dlrs
14:49:09.14 (312196648)|ENTERING_MANAGED_PKG|dlrs
14:49:09.14 (312291645)|ENTERING_MANAGED_PKG|dlrs
14:49:09.14 (312481003)|ENTERING_MANAGED_PKG|dlrs
14:49:09.14 (312579138)|ENTERING_MANAGED_PKG|dlrs
14:49:09.14 (312746700)|ENTERING_MANAGED_PKG|dlrs
14:49:09.14 (312841701)|ENTERING_MANAGED_PKG|dlrs
14:49:09.14 (313009905)|ENTERING_MANAGED_PKG|dlrs
14:49:09.14 (313104903)|ENTERING_MANAGED_PKG|dlrs
14:49:09.14 (313278129)|ENTERING_MANAGED_PKG|dlrs
14:49:09.14 (313377201)|ENTERING_MANAGED_PKG|dlrs
14:49:09.14 (313553098)|ENTERING_MANAGED_PKG|dlrs
14:49:09.14 (313647279)|ENTERING_MANAGED_PKG|dlrs
14:49:09.14 (313815267)|ENTERING_MANAGED_PKG|dlrs
14:49:09.14 (313909377)|ENTERING_MANAGED_PKG|dlrs
14:49:09.14 (314077369)|ENTERING_MANAGED_PKG|dlrs
14:49:09.14 (314187994)|ENTERING_MANAGED_PKG|dlrs
14:49:09.14 (314363498)|ENTERING_MANAGED_PKG|dlrs
14:49:09.14 (314457790)|ENTERING_MANAGED_PKG|dlrs
14:49:09.14 (318280633)|ENTERING_MANAGED_PKG|dlrs
14:49:09.14 (318557585)|ENTERING_MANAGED_PKG|dlrs
14:49:09.14 (319824163)|SOQL_EXECUTE_BEGIN|[245]|Aggregations:0|SELECT DeveloperName, Id, Label, dlrs__Active__c, dlrs__AggregateAllRows__c, dlrs__AggregateOperation__c, dlrs__AggregateResultField__c, dlrs__CalculationMode__c, dlrs__CalculationSharingMode__c, dlrs__ChildObject__c, dlrs__ConcatenateDelimiter__c, dlrs__Description__c, dlrs__FieldToAggregate__c, dlrs__FieldToOrderBy__c, dlrs__ParentObject__c, dlrs__RelationshipCriteriaFields__c, dlrs__RelationshipCriteria__c, dlrs__RelationshipField__c, dlrs__RowLimit__c, dlrs__TestCodeSeeAllData__c, dlrs__TestCode__c FROM dlrs__LookupRollupSummary2__mdt WHERE id in :idSet ORDER BY DeveloperName ASC NULLS FIRST 
14:49:09.14 (323488442)|SOQL_EXECUTE_END|[245]|Rows:1
14:49:09.14 (323865838)|ENTERING_MANAGED_PKG|dlrs
14:49:09.14 (323896467)|ENTERING_MANAGED_PKG|dlrs
14:49:09.14 (324285193)|ENTERING_MANAGED_PKG|dlrs
14:49:09.14 (324353239)|ENTERING_MANAGED_PKG|dlrs
14:49:09.14 (324458897)|ENTERING_MANAGED_PKG|dlrs
14:49:09.14 (324546887)|ENTERING_MANAGED_PKG|dlrs
14:49:09.14 (324590801)|ENTERING_MANAGED_PKG|dlrs
14:49:09.14 (324627587)|ENTERING_MANAGED_PKG|dlrs
14:49:09.14 (324660289)|ENTERING_MANAGED_PKG|dlrs
14:49:09.14 (326882915)|ENTERING_MANAGED_PKG|dlrs
14:49:09.14 (326927795)|ENTERING_MANAGED_PKG|dlrs
14:49:09.14 (326954772)|ENTERING_MANAGED_PKG|dlrs
14:49:09.14 (326991943)|ENTERING_MANAGED_PKG|dlrs
14:49:09.14 (327018561)|ENTERING_MANAGED_PKG|dlrs
14:49:09.14 (327051106)|ENTERING_MANAGED_PKG|dlrs
14:49:09.14 (327075393)|ENTERING_MANAGED_PKG|dlrs
14:49:09.14 (327105660)|ENTERING_MANAGED_PKG|dlrs
14:49:09.14 (327129871)|ENTERING_MANAGED_PKG|dlrs
14:49:09.14 (327159875)|ENTERING_MANAGED_PKG|dlrs
14:49:09.14 (327183649)|ENTERING_MANAGED_PKG|dlrs
14:49:09.14 (327216151)|ENTERING_MANAGED_PKG|dlrs
14:49:09.14 (327240903)|ENTERING_MANAGED_PKG|dlrs
14:49:09.14 (327271101)|ENTERING_MANAGED_PKG|dlrs
14:49:09.14 (327295417)|ENTERING_MANAGED_PKG|dlrs
14:49:09.14 (327325820)|ENTERING_MANAGED_PKG|dlrs
14:49:09.14 (327350193)|ENTERING_MANAGED_PKG|dlrs
14:49:09.14 (327379816)|ENTERING_MANAGED_PKG|dlrs
14:49:09.14 (327404791)|ENTERING_MANAGED_PKG|dlrs
14:49:09.14 (327434920)|ENTERING_MANAGED_PKG|dlrs
14:49:09.14 (327458767)|ENTERING_MANAGED_PKG|dlrs
14:49:09.14 (327489600)|ENTERING_MANAGED_PKG|dlrs
14:49:09.14 (327513798)|ENTERING_MANAGED_PKG|dlrs
14:49:09.14 (327543744)|ENTERING_MANAGED_PKG|dlrs
14:49:09.14 (327568228)|ENTERING_MANAGED_PKG|dlrs
14:49:09.14 (327598004)|ENTERING_MANAGED_PKG|dlrs
14:49:09.14 (327622250)|ENTERING_MANAGED_PKG|dlrs
14:49:09.14 (327652066)|ENTERING_MANAGED_PKG|dlrs
14:49:09.14 (327676207)|ENTERING_MANAGED_PKG|dlrs
14:49:09.14 (327706153)|ENTERING_MANAGED_PKG|dlrs
14:49:09.14 (327730404)|ENTERING_MANAGED_PKG|dlrs
14:49:09.14 (327768524)|ENTERING_MANAGED_PKG|dlrs
14:49:09.14 (327793124)|ENTERING_MANAGED_PKG|dlrs
14:49:09.14 (327823055)|ENTERING_MANAGED_PKG|dlrs
14:49:09.14 (327856407)|ENTERING_MANAGED_PKG|dlrs
14:49:09.14 (327903240)|ENTERING_MANAGED_PKG|dlrs
14:49:09.14 (327947342)|ENTERING_MANAGED_PKG|dlrs
14:49:09.14 (328032098)|ENTERING_MANAGED_PKG|dlrs
14:49:09.14 (328056488)|ENTERING_MANAGED_PKG|dlrs
14:49:09.14 (354711663)|ENTERING_MANAGED_PKG|dlrs
14:49:09.14 (354758669)|ENTERING_MANAGED_PKG|dlrs
14:49:09.14 (354778338)|ENTERING_MANAGED_PKG|dlrs
14:49:09.14 (354797880)|ENTERING_MANAGED_PKG|dlrs
14:49:09.14 (354820421)|ENTERING_MANAGED_PKG|dlrs
14:49:09.14 (354914665)|ENTERING_MANAGED_PKG|dlrs
14:49:09.14 (354936070)|ENTERING_MANAGED_PKG|dlrs
14:49:09.14 (354964386)|ENTERING_MANAGED_PKG|dlrs
14:49:09.14 (354990579)|ENTERING_MANAGED_PKG|dlrs
14:49:09.14 (355010155)|ENTERING_MANAGED_PKG|dlrs
14:49:09.14 (355081316)|ENTERING_MANAGED_PKG|dlrs
14:49:09.14 (355123169)|ENTERING_MANAGED_PKG|dlrs
14:49:09.14 (355201768)|ENTERING_MANAGED_PKG|dlrs
14:49:09.14 (355229184)|ENTERING_MANAGED_PKG|dlrs
14:49:09.14 (355239235)|ENTERING_MANAGED_PKG|dlrs
14:49:09.14 (355251551)|ENTERING_MANAGED_PKG|dlrs
14:49:09.14 (355322450)|ENTERING_MANAGED_PKG|dlrs
14:49:09.14 (355346780)|ENTERING_MANAGED_PKG|dlrs
14:49:09.14 (356019663)|ENTERING_MANAGED_PKG|dlrs
14:49:09.14 (356107385)|ENTERING_MANAGED_PKG|dlrs
14:49:09.14 (356219982)|ENTERING_MANAGED_PKG|dlrs
14:49:09.14 (356294954)|ENTERING_MANAGED_PKG|dlrs
14:49:09.14 (356455844)|ENTERING_MANAGED_PKG|dlrs
14:49:09.14 (356533562)|ENTERING_MANAGED_PKG|dlrs
14:49:09.14 (356637684)|ENTERING_MANAGED_PKG|dlrs
14:49:09.14 (356764913)|ENTERING_MANAGED_PKG|dlrs
14:49:09.14 (356838825)|ENTERING_MANAGED_PKG|dlrs
14:49:09.14 (356940815)|ENTERING_MANAGED_PKG|dlrs
14:49:09.14 (357046224)|ENTERING_MANAGED_PKG|dlrs
14:49:09.14 (357173878)|ENTERING_MANAGED_PKG|dlrs
14:49:09.14 (357248992)|ENTERING_MANAGED_PKG|dlrs
14:49:09.14 (357350335)|ENTERING_MANAGED_PKG|dlrs
14:49:09.14 (357447830)|ENTERING_MANAGED_PKG|dlrs
14:49:09.14 (357547461)|ENTERING_MANAGED_PKG|dlrs
14:49:09.14 (357676123)|ENTERING_MANAGED_PKG|dlrs
14:49:09.14 (357749350)|ENTERING_MANAGED_PKG|dlrs
14:49:09.14 (357854565)|ENTERING_MANAGED_PKG|dlrs
14:49:09.14 (357952993)|ENTERING_MANAGED_PKG|dlrs
14:49:09.14 (358055720)|ENTERING_MANAGED_PKG|dlrs
14:49:09.14 (358154379)|ENTERING_MANAGED_PKG|dlrs
14:49:09.14 (358284501)|ENTERING_MANAGED_PKG|dlrs
14:49:09.14 (358352545)|ENTERING_MANAGED_PKG|dlrs
14:49:09.14 (358452652)|ENTERING_MANAGED_PKG|dlrs
14:49:09.14 (358554162)|ENTERING_MANAGED_PKG|dlrs
14:49:09.14 (358651330)|ENTERING_MANAGED_PKG|dlrs
14:49:09.14 (358747353)|ENTERING_MANAGED_PKG|dlrs
14:49:09.14 (358849505)|ENTERING_MANAGED_PKG|dlrs
14:49:09.14 (358974542)|ENTERING_MANAGED_PKG|dlrs
14:49:09.14 (359049724)|ENTERING_MANAGED_PKG|dlrs
14:49:09.14 (359151812)|ENTERING_MANAGED_PKG|dlrs
14:49:09.14 (359258718)|ENTERING_MANAGED_PKG|dlrs
14:49:09.14 (359355947)|ENTERING_MANAGED_PKG|dlrs
14:49:09.14 (359452182)|ENTERING_MANAGED_PKG|dlrs
14:49:09.14 (359548062)|ENTERING_MANAGED_PKG|dlrs
14:49:09.14 (359643578)|ENTERING_MANAGED_PKG|dlrs
14:49:09.14 (359768341)|ENTERING_MANAGED_PKG|dlrs
14:49:09.14 (359836928)|ENTERING_MANAGED_PKG|dlrs
14:49:09.14 (359937517)|ENTERING_MANAGED_PKG|dlrs
14:49:09.14 (360046022)|ENTERING_MANAGED_PKG|dlrs
14:49:09.14 (360150914)|ENTERING_MANAGED_PKG|dlrs
14:49:09.14 (360263135)|ENTERING_MANAGED_PKG|dlrs
14:49:09.14 (360368202)|ENTERING_MANAGED_PKG|dlrs
14:49:09.14 (360464667)|ENTERING_MANAGED_PKG|dlrs
14:49:09.14 (360560063)|ENTERING_MANAGED_PKG|dlrs
14:49:09.14 (360688374)|ENTERING_MANAGED_PKG|dlrs
14:49:09.14 (360759109)|ENTERING_MANAGED_PKG|dlrs
14:49:09.14 (360862218)|ENTERING_MANAGED_PKG|dlrs
14:49:09.14 (360961655)|ENTERING_MANAGED_PKG|dlrs
14:49:09.14 (361063917)|ENTERING_MANAGED_PKG|dlrs
14:49:09.14 (361161562)|ENTERING_MANAGED_PKG|dlrs
14:49:09.14 (361267373)|ENTERING_MANAGED_PKG|dlrs
14:49:09.14 (361364730)|ENTERING_MANAGED_PKG|dlrs
14:49:09.14 (361460390)|ENTERING_MANAGED_PKG|dlrs
14:49:09.14 (361556070)|ENTERING_MANAGED_PKG|dlrs
14:49:09.14 (361680602)|ENTERING_MANAGED_PKG|dlrs
14:49:09.14 (361749601)|ENTERING_MANAGED_PKG|dlrs
14:49:09.14 (361849563)|ENTERING_MANAGED_PKG|dlrs
14:49:09.14 (361946390)|ENTERING_MANAGED_PKG|dlrs
14:49:09.14 (362049266)|ENTERING_MANAGED_PKG|dlrs
14:49:09.14 (362146586)|ENTERING_MANAGED_PKG|dlrs
14:49:09.14 (362248152)|ENTERING_MANAGED_PKG|dlrs
14:49:09.14 (362345775)|ENTERING_MANAGED_PKG|dlrs
14:49:09.14 (362441376)|ENTERING_MANAGED_PKG|dlrs
14:49:09.14 (362537506)|ENTERING_MANAGED_PKG|dlrs
14:49:09.14 (362633592)|ENTERING_MANAGED_PKG|dlrs
14:49:09.14 (362758025)|ENTERING_MANAGED_PKG|dlrs
14:49:09.14 (362848282)|ENTERING_MANAGED_PKG|dlrs
14:49:09.14 (362952206)|ENTERING_MANAGED_PKG|dlrs
14:49:09.14 (363056672)|ENTERING_MANAGED_PKG|dlrs
14:49:09.14 (363159959)|ENTERING_MANAGED_PKG|dlrs
14:49:09.14 (363265336)|ENTERING_MANAGED_PKG|dlrs
14:49:09.14 (363363560)|ENTERING_MANAGED_PKG|dlrs
14:49:09.14 (363460005)|ENTERING_MANAGED_PKG|dlrs
14:49:09.14 (363560155)|ENTERING_MANAGED_PKG|dlrs
14:49:09.14 (363656270)|ENTERING_MANAGED_PKG|dlrs
14:49:09.14 (363757674)|ENTERING_MANAGED_PKG|dlrs
14:49:09.14 (363853865)|ENTERING_MANAGED_PKG|dlrs
14:49:09.14 (363983870)|ENTERING_MANAGED_PKG|dlrs
14:49:09.14 (364058708)|ENTERING_MANAGED_PKG|dlrs
14:49:09.14 (364160150)|ENTERING_MANAGED_PKG|dlrs
14:49:09.14 (364262490)|ENTERING_MANAGED_PKG|dlrs
14:49:09.14 (364359679)|ENTERING_MANAGED_PKG|dlrs
14:49:09.14 (364456011)|ENTERING_MANAGED_PKG|dlrs
14:49:09.14 (364556950)|ENTERING_MANAGED_PKG|dlrs
14:49:09.14 (364653373)|ENTERING_MANAGED_PKG|dlrs
14:49:09.14 (364749219)|ENTERING_MANAGED_PKG|dlrs
14:49:09.14 (364849526)|ENTERING_MANAGED_PKG|dlrs
14:49:09.14 (364969582)|ENTERING_MANAGED_PKG|dlrs
14:49:09.14 (365119134)|ENTERING_MANAGED_PKG|dlrs
14:49:09.14 (365225198)|ENTERING_MANAGED_PKG|dlrs
14:49:09.14 (365354493)|ENTERING_MANAGED_PKG|dlrs
14:49:09.14 (365425776)|ENTERING_MANAGED_PKG|dlrs
14:49:09.14 (365526133)|ENTERING_MANAGED_PKG|dlrs
14:49:09.14 (365622936)|ENTERING_MANAGED_PKG|dlrs
14:49:09.14 (365722387)|ENTERING_MANAGED_PKG|dlrs
14:49:09.14 (365821349)|ENTERING_MANAGED_PKG|dlrs
14:49:09.14 (365921383)|ENTERING_MANAGED_PKG|dlrs
14:49:09.14 (366027932)|ENTERING_MANAGED_PKG|dlrs
14:49:09.14 (366126508)|ENTERING_MANAGED_PKG|dlrs
14:49:09.14 (366229372)|ENTERING_MANAGED_PKG|dlrs
14:49:09.14 (366326674)|ENTERING_MANAGED_PKG|dlrs
14:49:09.14 (366422978)|ENTERING_MANAGED_PKG|dlrs
14:49:09.14 (366524879)|ENTERING_MANAGED_PKG|dlrs
14:49:09.14 (366621028)|ENTERING_MANAGED_PKG|dlrs
14:49:09.14 (366779053)|ENTERING_MANAGED_PKG|dlrs
14:49:09.14 (366853474)|ENTERING_MANAGED_PKG|dlrs
14:49:09.14 (366955463)|ENTERING_MANAGED_PKG|dlrs
14:49:09.14 (367059246)|ENTERING_MANAGED_PKG|dlrs
14:49:09.14 (367157317)|ENTERING_MANAGED_PKG|dlrs
14:49:09.14 (367259812)|ENTERING_MANAGED_PKG|dlrs
14:49:09.14 (367360736)|ENTERING_MANAGED_PKG|dlrs
14:49:09.14 (367522963)|ENTERING_MANAGED_PKG|dlrs
14:49:09.14 (367715788)|ENTERING_MANAGED_PKG|dlrs
14:49:09.14 (367894175)|ENTERING_MANAGED_PKG|dlrs
14:49:09.14 (368024379)|ENTERING_MANAGED_PKG|dlrs
14:49:09.14 (368192316)|ENTERING_MANAGED_PKG|dlrs
14:49:09.14 (368381091)|ENTERING_MANAGED_PKG|dlrs
14:49:09.14 (368563431)|ENTERING_MANAGED_PKG|dlrs
14:49:09.14 (368720726)|ENTERING_MANAGED_PKG|dlrs
14:49:09.14 (368854149)|ENTERING_MANAGED_PKG|dlrs
14:49:09.14 (368930698)|ENTERING_MANAGED_PKG|dlrs
14:49:09.14 (369064077)|ENTERING_MANAGED_PKG|dlrs
14:49:09.14 (369166485)|ENTERING_MANAGED_PKG|dlrs
14:49:09.14 (369280909)|ENTERING_MANAGED_PKG|dlrs
14:49:09.14 (369379505)|ENTERING_MANAGED_PKG|dlrs
14:49:09.14 (369517732)|ENTERING_MANAGED_PKG|dlrs
14:49:09.14 (369617080)|ENTERING_MANAGED_PKG|dlrs
14:49:09.14 (369713444)|ENTERING_MANAGED_PKG|dlrs
14:49:09.14 (369809825)|ENTERING_MANAGED_PKG|dlrs
14:49:09.14 (369923731)|ENTERING_MANAGED_PKG|dlrs
14:49:09.14 (370043651)|ENTERING_MANAGED_PKG|dlrs
14:49:09.14 (370141881)|ENTERING_MANAGED_PKG|dlrs
14:49:09.14 (370244584)|ENTERING_MANAGED_PKG|dlrs
14:49:09.14 (370353029)|ENTERING_MANAGED_PKG|dlrs
14:49:09.14 (370451125)|ENTERING_MANAGED_PKG|dlrs
14:49:09.14 (370583184)|ENTERING_MANAGED_PKG|dlrs
14:49:09.14 (370657714)|ENTERING_MANAGED_PKG|dlrs
14:49:09.14 (370758820)|ENTERING_MANAGED_PKG|dlrs
14:49:09.14 (370866375)|ENTERING_MANAGED_PKG|dlrs
14:49:09.14 (370965043)|ENTERING_MANAGED_PKG|dlrs
14:49:09.14 (371115544)|ENTERING_MANAGED_PKG|dlrs
14:49:09.14 (371223598)|ENTERING_MANAGED_PKG|dlrs
14:49:09.14 (371375103)|ENTERING_MANAGED_PKG|dlrs
14:49:09.14 (371486953)|ENTERING_MANAGED_PKG|dlrs
14:49:09.14 (371589531)|ENTERING_MANAGED_PKG|dlrs
14:49:09.14 (371692040)|ENTERING_MANAGED_PKG|dlrs
14:49:09.14 (371789109)|ENTERING_MANAGED_PKG|dlrs
14:49:09.14 (371888397)|ENTERING_MANAGED_PKG|dlrs
14:49:09.14 (371987146)|ENTERING_MANAGED_PKG|dlrs
14:49:09.14 (372092991)|ENTERING_MANAGED_PKG|dlrs
14:49:09.14 (372230507)|ENTERING_MANAGED_PKG|dlrs
14:49:09.14 (372329958)|ENTERING_MANAGED_PKG|dlrs
14:49:09.14 (372462698)|ENTERING_MANAGED_PKG|dlrs
14:49:09.14 (372537521)|ENTERING_MANAGED_PKG|dlrs
14:49:09.14 (372642310)|ENTERING_MANAGED_PKG|dlrs
14:49:09.14 (372769009)|ENTERING_MANAGED_PKG|dlrs
14:49:09.14 (372896799)|ENTERING_MANAGED_PKG|dlrs
14:49:09.14 (373000101)|ENTERING_MANAGED_PKG|dlrs
14:49:09.14 (373099709)|ENTERING_MANAGED_PKG|dlrs
14:49:09.14 (373200740)|ENTERING_MANAGED_PKG|dlrs
14:49:09.14 (373323142)|ENTERING_MANAGED_PKG|dlrs
14:49:09.14 (373463147)|ENTERING_MANAGED_PKG|dlrs
14:49:09.14 (373561955)|ENTERING_MANAGED_PKG|dlrs
14:49:09.14 (373683792)|ENTERING_MANAGED_PKG|dlrs
14:49:09.14 (373794331)|ENTERING_MANAGED_PKG|dlrs
14:49:09.14 (373893253)|ENTERING_MANAGED_PKG|dlrs
14:49:09.14 (373996018)|ENTERING_MANAGED_PKG|dlrs
14:49:09.14 (374104729)|ENTERING_MANAGED_PKG|dlrs
14:49:09.14 (374219329)|ENTERING_MANAGED_PKG|dlrs
14:49:09.14 (374324746)|ENTERING_MANAGED_PKG|dlrs
14:49:09.14 (374485898)|ENTERING_MANAGED_PKG|dlrs
14:49:09.14 (374594881)|ENTERING_MANAGED_PKG|dlrs
14:49:09.14 (374756303)|ENTERING_MANAGED_PKG|dlrs
14:49:09.14 (374902531)|ENTERING_MANAGED_PKG|dlrs
14:49:09.14 (375012014)|ENTERING_MANAGED_PKG|dlrs
14:49:09.14 (375111799)|ENTERING_MANAGED_PKG|dlrs
14:49:09.14 (375213529)|ENTERING_MANAGED_PKG|dlrs
14:49:09.14 (375315601)|ENTERING_MANAGED_PKG|dlrs
14:49:09.14 (375414177)|ENTERING_MANAGED_PKG|dlrs
14:49:09.14 (375510427)|ENTERING_MANAGED_PKG|dlrs
14:49:09.14 (375606129)|ENTERING_MANAGED_PKG|dlrs
14:49:09.14 (375703132)|ENTERING_MANAGED_PKG|dlrs
14:49:09.14 (375805068)|ENTERING_MANAGED_PKG|dlrs
14:49:09.14 (375928505)|ENTERING_MANAGED_PKG|dlrs
14:49:09.14 (376032905)|ENTERING_MANAGED_PKG|dlrs
14:49:09.14 (376130597)|ENTERING_MANAGED_PKG|dlrs
14:49:09.14 (376236211)|ENTERING_MANAGED_PKG|dlrs
14:49:09.14 (376336371)|ENTERING_MANAGED_PKG|dlrs
14:49:09.14 (376436308)|ENTERING_MANAGED_PKG|dlrs
14:49:09.14 (376564546)|ENTERING_MANAGED_PKG|dlrs
14:49:09.14 (376638625)|ENTERING_MANAGED_PKG|dlrs
14:49:09.14 (376739508)|ENTERING_MANAGED_PKG|dlrs
14:49:09.14 (376836415)|ENTERING_MANAGED_PKG|dlrs
14:49:09.14 (376967709)|ENTERING_MANAGED_PKG|dlrs
14:49:09.14 (377074757)|ENTERING_MANAGED_PKG|dlrs
14:49:09.14 (377177758)|ENTERING_MANAGED_PKG|dlrs
14:49:09.14 (377279608)|ENTERING_MANAGED_PKG|dlrs
14:49:09.14 (377390818)|ENTERING_MANAGED_PKG|dlrs
14:49:09.14 (377554166)|ENTERING_MANAGED_PKG|dlrs
14:49:09.14 (377709757)|ENTERING_MANAGED_PKG|dlrs
14:49:09.14 (377814794)|ENTERING_MANAGED_PKG|dlrs
14:49:09.14 (377911796)|ENTERING_MANAGED_PKG|dlrs
14:49:09.14 (378014195)|ENTERING_MANAGED_PKG|dlrs
14:49:09.14 (378113047)|ENTERING_MANAGED_PKG|dlrs
14:49:09.14 (378214586)|ENTERING_MANAGED_PKG|dlrs
14:49:09.14 (378334791)|ENTERING_MANAGED_PKG|dlrs
14:49:09.14 (378482106)|ENTERING_MANAGED_PKG|dlrs
14:49:09.14 (378581159)|ENTERING_MANAGED_PKG|dlrs
14:49:09.14 (378677687)|ENTERING_MANAGED_PKG|dlrs
14:49:09.14 (378829730)|ENTERING_MANAGED_PKG|dlrs
14:49:09.14 (378949320)|ENTERING_MANAGED_PKG|dlrs
14:49:09.14 (379137361)|ENTERING_MANAGED_PKG|dlrs
14:49:09.14 (379246627)|ENTERING_MANAGED_PKG|dlrs
14:49:09.14 (379344966)|ENTERING_MANAGED_PKG|dlrs
14:49:09.14 (379446281)|ENTERING_MANAGED_PKG|dlrs
14:49:09.14 (379543521)|ENTERING_MANAGED_PKG|dlrs
14:49:09.14 (379651524)|ENTERING_MANAGED_PKG|dlrs
14:49:09.14 (379770723)|ENTERING_MANAGED_PKG|dlrs
14:49:09.14 (379881825)|ENTERING_MANAGED_PKG|dlrs
14:49:09.14 (379996908)|ENTERING_MANAGED_PKG|dlrs
14:49:09.14 (380097305)|ENTERING_MANAGED_PKG|dlrs
14:49:09.14 (380199115)|ENTERING_MANAGED_PKG|dlrs
14:49:09.14 (380298989)|ENTERING_MANAGED_PKG|dlrs
14:49:09.14 (380395398)|ENTERING_MANAGED_PKG|dlrs
14:49:09.14 (380491847)|ENTERING_MANAGED_PKG|dlrs
14:49:09.14 (380638619)|ENTERING_MANAGED_PKG|dlrs
14:49:09.14 (380768964)|ENTERING_MANAGED_PKG|dlrs
14:49:09.14 (380871745)|ENTERING_MANAGED_PKG|dlrs
14:49:09.14 (380980340)|ENTERING_MANAGED_PKG|dlrs
14:49:09.14 (381108384)|ENTERING_MANAGED_PKG|dlrs
14:49:09.14 (381277460)|ENTERING_MANAGED_PKG|dlrs
14:49:09.14 (381349759)|ENTERING_MANAGED_PKG|dlrs
14:49:09.14 (381388538)|ENTERING_MANAGED_PKG|dlrs
14:49:09.14 (381432522)|ENTERING_MANAGED_PKG|dlrs
14:49:09.14 (381510412)|ENTERING_MANAGED_PKG|dlrs
14:49:09.14 (381523799)|ENTERING_MANAGED_PKG|dlrs
14:49:09.14 (381610156)|ENTERING_MANAGED_PKG|dlrs
14:49:09.14 (381628059)|ENTERING_MANAGED_PKG|dlrs
14:49:09.14 (381647190)|ENTERING_MANAGED_PKG|dlrs
14:49:09.14 (382011139)|ENTERING_MANAGED_PKG|dlrs
14:49:09.14 (382043853)|ENTERING_MANAGED_PKG|dlrs
14:49:09.14 (382084215)|ENTERING_MANAGED_PKG|dlrs
14:49:09.14 (382097528)|ENTERING_MANAGED_PKG|dlrs
14:49:09.14 (382106506)|ENTERING_MANAGED_PKG|dlrs
14:49:09.14 (382181901)|ENTERING_MANAGED_PKG|dlrs
14:49:09.14 (382199432)|ENTERING_MANAGED_PKG|dlrs
14:49:09.14 (382214892)|ENTERING_MANAGED_PKG|dlrs
14:49:09.14 (382247936)|ENTERING_MANAGED_PKG|dlrs
14:49:09.14 (382266916)|ENTERING_MANAGED_PKG|dlrs
14:49:09.14 (382384903)|ENTERING_MANAGED_PKG|dlrs
14:49:09.14 (382480929)|ENTERING_MANAGED_PKG|dlrs
14:49:09.14 (382513461)|ENTERING_MANAGED_PKG|dlrs
14:49:09.14 (382621115)|ENTERING_MANAGED_PKG|dlrs
14:49:09.14 (382715126)|ENTERING_MANAGED_PKG|dlrs
14:49:09.14 (382768649)|ENTERING_MANAGED_PKG|dlrs
14:49:09.14 (382850164)|ENTERING_MANAGED_PKG|dlrs
14:49:09.14 (382864101)|ENTERING_MANAGED_PKG|dlrs
14:49:09.14 (382956403)|ENTERING_MANAGED_PKG|dlrs
14:49:09.14 (383122850)|ENTERING_MANAGED_PKG|dlrs
14:49:09.14 (383265214)|ENTERING_MANAGED_PKG|dlrs
14:49:09.14 (383450297)|ENTERING_MANAGED_PKG|dlrs
14:49:09.14 (383545939)|ENTERING_MANAGED_PKG|dlrs
14:49:09.14 (383724433)|ENTERING_MANAGED_PKG|dlrs
14:49:09.14 (383826729)|ENTERING_MANAGED_PKG|dlrs
14:49:09.14 (384008177)|ENTERING_MANAGED_PKG|dlrs
14:49:09.14 (384101974)|ENTERING_MANAGED_PKG|dlrs
14:49:09.14 (384278292)|ENTERING_MANAGED_PKG|dlrs
14:49:09.14 (384372054)|ENTERING_MANAGED_PKG|dlrs
14:49:09.14 (384541619)|ENTERING_MANAGED_PKG|dlrs
14:49:09.14 (384635416)|ENTERING_MANAGED_PKG|dlrs
14:49:09.14 (384804276)|ENTERING_MANAGED_PKG|dlrs
14:49:09.14 (384902680)|ENTERING_MANAGED_PKG|dlrs
14:49:09.14 (385081980)|ENTERING_MANAGED_PKG|dlrs
14:49:09.14 (385176546)|ENTERING_MANAGED_PKG|dlrs
14:49:09.14 (385354281)|ENTERING_MANAGED_PKG|dlrs
14:49:09.14 (385447952)|ENTERING_MANAGED_PKG|dlrs
14:49:09.14 (385616790)|ENTERING_MANAGED_PKG|dlrs
14:49:09.14 (385710740)|ENTERING_MANAGED_PKG|dlrs
14:49:09.14 (385889703)|ENTERING_MANAGED_PKG|dlrs
14:49:09.14 (385990827)|ENTERING_MANAGED_PKG|dlrs
14:49:09.14 (386191912)|ENTERING_MANAGED_PKG|dlrs
14:49:09.14 (386314254)|ENTERING_MANAGED_PKG|dlrs
14:49:09.14 (386488660)|ENTERING_MANAGED_PKG|dlrs
14:49:09.14 (386601462)|ENTERING_MANAGED_PKG|dlrs
14:49:09.14 (386773242)|ENTERING_MANAGED_PKG|dlrs
14:49:09.14 (386873068)|ENTERING_MANAGED_PKG|dlrs
14:49:09.14 (387050235)|ENTERING_MANAGED_PKG|dlrs
14:49:09.14 (387145845)|ENTERING_MANAGED_PKG|dlrs
14:49:09.14 (387348851)|ENTERING_MANAGED_PKG|dlrs
14:49:09.14 (387447878)|ENTERING_MANAGED_PKG|dlrs
14:49:09.14 (387619511)|ENTERING_MANAGED_PKG|dlrs
14:49:09.14 (387712930)|ENTERING_MANAGED_PKG|dlrs
14:49:09.14 (387882215)|ENTERING_MANAGED_PKG|dlrs
14:49:09.14 (387975910)|ENTERING_MANAGED_PKG|dlrs
14:49:09.14 (388152840)|ENTERING_MANAGED_PKG|dlrs
14:49:09.14 (388273375)|ENTERING_MANAGED_PKG|dlrs
14:49:09.14 (388444465)|ENTERING_MANAGED_PKG|dlrs
14:49:09.14 (388537615)|ENTERING_MANAGED_PKG|dlrs
14:49:09.14 (388705452)|ENTERING_MANAGED_PKG|dlrs
14:49:09.14 (388833290)|ENTERING_MANAGED_PKG|dlrs
14:49:09.14 (389014064)|ENTERING_MANAGED_PKG|dlrs
14:49:09.14 (389109162)|ENTERING_MANAGED_PKG|dlrs
14:49:09.14 (389288640)|ENTERING_MANAGED_PKG|dlrs
14:49:09.14 (389385436)|ENTERING_MANAGED_PKG|dlrs
14:49:09.14 (389555157)|ENTERING_MANAGED_PKG|dlrs
14:49:09.14 (389649050)|ENTERING_MANAGED_PKG|dlrs
14:49:09.14 (389819178)|ENTERING_MANAGED_PKG|dlrs
14:49:09.14 (389914581)|ENTERING_MANAGED_PKG|dlrs
14:49:09.14 (390087273)|ENTERING_MANAGED_PKG|dlrs
14:49:09.14 (390181867)|ENTERING_MANAGED_PKG|dlrs
14:49:09.14 (390355320)|ENTERING_MANAGED_PKG|dlrs
14:49:09.14 (390448524)|ENTERING_MANAGED_PKG|dlrs
14:49:09.14 (390615918)|ENTERING_MANAGED_PKG|dlrs
14:49:09.14 (390709046)|ENTERING_MANAGED_PKG|dlrs
14:49:09.14 (390876145)|ENTERING_MANAGED_PKG|dlrs
14:49:09.14 (390970110)|ENTERING_MANAGED_PKG|dlrs
14:49:09.14 (391144076)|ENTERING_MANAGED_PKG|dlrs
14:49:09.14 (391243541)|ENTERING_MANAGED_PKG|dlrs
14:49:09.14 (391411926)|ENTERING_MANAGED_PKG|dlrs
14:49:09.14 (391505529)|ENTERING_MANAGED_PKG|dlrs
14:49:09.14 (391673339)|ENTERING_MANAGED_PKG|dlrs
14:49:09.14 (391767377)|ENTERING_MANAGED_PKG|dlrs
14:49:09.14 (391933869)|ENTERING_MANAGED_PKG|dlrs
14:49:09.14 (392032652)|ENTERING_MANAGED_PKG|dlrs
14:49:09.14 (392209760)|ENTERING_MANAGED_PKG|dlrs
14:49:09.14 (392310022)|ENTERING_MANAGED_PKG|dlrs
14:49:09.14 (392477985)|ENTERING_MANAGED_PKG|dlrs
14:49:09.14 (392571312)|ENTERING_MANAGED_PKG|dlrs
14:49:09.14 (392743645)|ENTERING_MANAGED_PKG|dlrs
14:49:09.14 (392838169)|ENTERING_MANAGED_PKG|dlrs
14:49:09.14 (393011411)|ENTERING_MANAGED_PKG|dlrs
14:49:09.14 (393106556)|ENTERING_MANAGED_PKG|dlrs
14:49:09.14 (393291317)|ENTERING_MANAGED_PKG|dlrs
14:49:09.14 (393393666)|ENTERING_MANAGED_PKG|dlrs
14:49:09.14 (393569208)|ENTERING_MANAGED_PKG|dlrs
14:49:09.14 (393675797)|ENTERING_MANAGED_PKG|dlrs
14:49:09.14 (393873855)|ENTERING_MANAGED_PKG|dlrs
14:49:09.14 (394038806)|ENTERING_MANAGED_PKG|dlrs
14:49:09.14 (394321954)|ENTERING_MANAGED_PKG|dlrs
14:49:09.14 (394452035)|ENTERING_MANAGED_PKG|dlrs
14:49:09.14 (394631566)|ENTERING_MANAGED_PKG|dlrs
14:49:09.14 (394726567)|ENTERING_MANAGED_PKG|dlrs
14:49:09.14 (394894315)|ENTERING_MANAGED_PKG|dlrs
14:49:09.14 (394990007)|ENTERING_MANAGED_PKG|dlrs
14:49:09.14 (395164936)|ENTERING_MANAGED_PKG|dlrs
14:49:09.14 (395264940)|ENTERING_MANAGED_PKG|dlrs
14:49:09.14 (395431973)|ENTERING_MANAGED_PKG|dlrs
14:49:09.14 (395525100)|ENTERING_MANAGED_PKG|dlrs
14:49:09.14 (395692238)|ENTERING_MANAGED_PKG|dlrs
14:49:09.14 (395786023)|ENTERING_MANAGED_PKG|dlrs
14:49:09.14 (395953241)|ENTERING_MANAGED_PKG|dlrs
14:49:09.14 (396046475)|ENTERING_MANAGED_PKG|dlrs
14:49:09.14 (396219090)|ENTERING_MANAGED_PKG|dlrs
14:49:09.14 (396313083)|ENTERING_MANAGED_PKG|dlrs
14:49:09.14 (396480652)|ENTERING_MANAGED_PKG|dlrs
14:49:09.14 (396577582)|ENTERING_MANAGED_PKG|dlrs
14:49:09.14 (396748730)|ENTERING_MANAGED_PKG|dlrs
14:49:09.14 (396846927)|ENTERING_MANAGED_PKG|dlrs
14:49:09.14 (397014129)|ENTERING_MANAGED_PKG|dlrs
14:49:09.14 (397108463)|ENTERING_MANAGED_PKG|dlrs
14:49:09.14 (400800023)|ENTERING_MANAGED_PKG|dlrs
14:49:09.14 (400918289)|ENTERING_MANAGED_PKG|dlrs
14:49:09.14 (401245518)|ENTERING_MANAGED_PKG|dlrs
14:49:09.14 (402528840)|SOQL_EXECUTE_BEGIN|[302]|Aggregations:0|SELECT DeveloperName, Id, Label, dlrs__Active__c, dlrs__AggregateAllRows__c, dlrs__AggregateOperation__c, dlrs__AggregateResultField__c, dlrs__CalculationMode__c, dlrs__CalculationSharingMode__c, dlrs__ChildObject__c, dlrs__ConcatenateDelimiter__c, dlrs__Description__c, dlrs__FieldToAggregate__c, dlrs__FieldToOrderBy__c, dlrs__ParentObject__c, dlrs__RelationshipCriteriaFields__c, dlrs__RelationshipCriteria__c, dlrs__RelationshipField__c, dlrs__RowLimit__c, dlrs__TestCodeSeeAllData__c, dlrs__TestCode__c FROM dlrs__LookupRollupSummary2__mdt ORDER BY DeveloperName ASC NULLS FIRST , Label ASC NULLS FIRST 
14:49:09.14 (406404454)|SOQL_EXECUTE_END|[302]|Rows:9
14:49:09.14 (406543346)|ENTERING_MANAGED_PKG|dlrs
14:49:09.14 (406706404)|ENTERING_MANAGED_PKG|dlrs
14:49:09.14 (406753733)|ENTERING_MANAGED_PKG|dlrs
14:49:09.14 (406783483)|ENTERING_MANAGED_PKG|dlrs
14:49:09.14 (406800369)|ENTERING_MANAGED_PKG|dlrs
14:49:09.14 (406821286)|ENTERING_MANAGED_PKG|dlrs
14:49:09.14 (406849251)|ENTERING_MANAGED_PKG|dlrs
14:49:09.14 (406875429)|ENTERING_MANAGED_PKG|dlrs
14:49:09.14 (406898620)|ENTERING_MANAGED_PKG|dlrs
14:49:09.14 (406922925)|ENTERING_MANAGED_PKG|dlrs
14:49:09.14 (406946687)|ENTERING_MANAGED_PKG|dlrs
14:49:09.14 (406963912)|ENTERING_MANAGED_PKG|dlrs
14:49:09.14 (406985776)|ENTERING_MANAGED_PKG|dlrs
14:49:09.14 (407021058)|ENTERING_MANAGED_PKG|dlrs
14:49:09.14 (407069382)|ENTERING_MANAGED_PKG|dlrs
14:49:09.14 (407098749)|ENTERING_MANAGED_PKG|dlrs
14:49:09.14 (407132250)|ENTERING_MANAGED_PKG|dlrs
14:49:09.14 (407158857)|ENTERING_MANAGED_PKG|dlrs
14:49:09.14 (407205565)|ENTERING_MANAGED_PKG|dlrs
14:49:09.14 (407243222)|ENTERING_MANAGED_PKG|dlrs
14:49:09.14 (407284552)|ENTERING_MANAGED_PKG|dlrs
14:49:09.14 (407318323)|ENTERING_MANAGED_PKG|dlrs
14:49:09.14 (407358459)|ENTERING_MANAGED_PKG|dlrs
14:49:09.14 (407387944)|ENTERING_MANAGED_PKG|dlrs
14:49:09.14 (407429794)|ENTERING_MANAGED_PKG|dlrs
14:49:09.14 (407458277)|ENTERING_MANAGED_PKG|dlrs
14:49:09.14 (407483639)|ENTERING_MANAGED_PKG|dlrs
14:49:09.14 (407501231)|ENTERING_MANAGED_PKG|dlrs
14:49:09.14 (407527896)|ENTERING_MANAGED_PKG|dlrs
14:49:09.14 (407545702)|ENTERING_MANAGED_PKG|dlrs
14:49:09.14 (407567393)|ENTERING_MANAGED_PKG|dlrs
14:49:09.14 (407584514)|ENTERING_MANAGED_PKG|dlrs
14:49:09.14 (407605694)|ENTERING_MANAGED_PKG|dlrs
14:49:09.14 (407622580)|ENTERING_MANAGED_PKG|dlrs
14:49:09.14 (407644129)|ENTERING_MANAGED_PKG|dlrs
14:49:09.14 (407661126)|ENTERING_MANAGED_PKG|dlrs
14:49:09.14 (407682816)|ENTERING_MANAGED_PKG|dlrs
14:49:09.14 (407699708)|ENTERING_MANAGED_PKG|dlrs
14:49:09.14 (407721435)|ENTERING_MANAGED_PKG|dlrs
14:49:09.14 (407738381)|ENTERING_MANAGED_PKG|dlrs
14:49:09.14 (407759000)|ENTERING_MANAGED_PKG|dlrs
14:49:09.14 (407775558)|ENTERING_MANAGED_PKG|dlrs
14:49:09.14 (407800727)|ENTERING_MANAGED_PKG|dlrs
14:49:09.14 (407826892)|ENTERING_MANAGED_PKG|dlrs
14:49:09.14 (407862438)|ENTERING_MANAGED_PKG|dlrs
14:49:09.14 (407958812)|ENTERING_MANAGED_PKG|dlrs
14:49:09.14 (407993948)|ENTERING_MANAGED_PKG|dlrs
14:49:09.14 (408014941)|ENTERING_MANAGED_PKG|dlrs
14:49:09.14 (408028615)|ENTERING_MANAGED_PKG|dlrs
14:49:09.14 (408045949)|ENTERING_MANAGED_PKG|dlrs
14:49:09.14 (408067053)|ENTERING_MANAGED_PKG|dlrs
14:49:09.14 (408085690)|ENTERING_MANAGED_PKG|dlrs
14:49:09.14 (408144993)|ENTERING_MANAGED_PKG|dlrs
14:49:09.14 (408175555)|ENTERING_MANAGED_PKG|dlrs
14:49:09.14 (408202617)|ENTERING_MANAGED_PKG|dlrs
14:49:09.14 (408221629)|ENTERING_MANAGED_PKG|dlrs
14:49:09.14 (408243739)|ENTERING_MANAGED_PKG|dlrs
14:49:09.14 (408261008)|ENTERING_MANAGED_PKG|dlrs
14:49:09.14 (408282630)|ENTERING_MANAGED_PKG|dlrs
14:49:09.14 (408299542)|ENTERING_MANAGED_PKG|dlrs
14:49:09.14 (408322886)|ENTERING_MANAGED_PKG|dlrs
14:49:09.14 (408343888)|ENTERING_MANAGED_PKG|dlrs
14:49:09.14 (408366013)|ENTERING_MANAGED_PKG|dlrs
14:49:09.14 (408383423)|ENTERING_MANAGED_PKG|dlrs
14:49:09.14 (408405155)|ENTERING_MANAGED_PKG|dlrs
14:49:09.14 (408422253)|ENTERING_MANAGED_PKG|dlrs
14:49:09.14 (408442916)|ENTERING_MANAGED_PKG|dlrs
14:49:09.14 (408459728)|ENTERING_MANAGED_PKG|dlrs
14:49:09.14 (408481251)|ENTERING_MANAGED_PKG|dlrs
14:49:09.14 (408498336)|ENTERING_MANAGED_PKG|dlrs
14:49:09.14 (408519678)|ENTERING_MANAGED_PKG|dlrs
14:49:09.14 (408537066)|ENTERING_MANAGED_PKG|dlrs
14:49:09.14 (408557963)|ENTERING_MANAGED_PKG|dlrs
14:49:09.14 (408574530)|ENTERING_MANAGED_PKG|dlrs
14:49:09.14 (408595960)|ENTERING_MANAGED_PKG|dlrs
14:49:09.14 (408612899)|ENTERING_MANAGED_PKG|dlrs
14:49:09.14 (408633894)|ENTERING_MANAGED_PKG|dlrs
14:49:09.14 (408650546)|ENTERING_MANAGED_PKG|dlrs
14:49:09.14 (408671267)|ENTERING_MANAGED_PKG|dlrs
14:49:09.14 (408688005)|ENTERING_MANAGED_PKG|dlrs
14:49:09.14 (408709233)|ENTERING_MANAGED_PKG|dlrs
14:49:09.14 (408728460)|ENTERING_MANAGED_PKG|dlrs
14:49:09.14 (408751352)|ENTERING_MANAGED_PKG|dlrs
14:49:09.14 (408768497)|ENTERING_MANAGED_PKG|dlrs
14:49:09.14 (408789606)|ENTERING_MANAGED_PKG|dlrs
14:49:09.14 (408806557)|ENTERING_MANAGED_PKG|dlrs
14:49:09.14 (408831387)|ENTERING_MANAGED_PKG|dlrs
14:49:09.14 (408855450)|ENTERING_MANAGED_PKG|dlrs
14:49:09.14 (408890068)|ENTERING_MANAGED_PKG|dlrs
14:49:09.14 (408991616)|ENTERING_MANAGED_PKG|dlrs
14:49:09.14 (409024158)|ENTERING_MANAGED_PKG|dlrs
14:49:09.14 (409047115)|ENTERING_MANAGED_PKG|dlrs
14:49:09.14 (409060841)|ENTERING_MANAGED_PKG|dlrs
14:49:09.14 (409078075)|ENTERING_MANAGED_PKG|dlrs
14:49:09.14 (409101078)|ENTERING_MANAGED_PKG|dlrs
14:49:09.14 (409124046)|ENTERING_MANAGED_PKG|dlrs
14:49:09.14 (409145684)|ENTERING_MANAGED_PKG|dlrs
14:49:09.14 (409162479)|ENTERING_MANAGED_PKG|dlrs
14:49:09.14 (409182926)|ENTERING_MANAGED_PKG|dlrs
14:49:09.14 (409199467)|ENTERING_MANAGED_PKG|dlrs
14:49:09.14 (409219973)|ENTERING_MANAGED_PKG|dlrs
14:49:09.14 (409236803)|ENTERING_MANAGED_PKG|dlrs
14:49:09.14 (409257321)|ENTERING_MANAGED_PKG|dlrs
14:49:09.14 (409273959)|ENTERING_MANAGED_PKG|dlrs
14:49:09.14 (409294453)|ENTERING_MANAGED_PKG|dlrs
14:49:09.14 (409311728)|ENTERING_MANAGED_PKG|dlrs
14:49:09.14 (409337617)|ENTERING_MANAGED_PKG|dlrs
14:49:09.14 (409355737)|ENTERING_MANAGED_PKG|dlrs
14:49:09.14 (409376852)|ENTERING_MANAGED_PKG|dlrs
14:49:09.14 (409393912)|ENTERING_MANAGED_PKG|dlrs
14:49:09.14 (409414374)|ENTERING_MANAGED_PKG|dlrs
14:49:09.14 (409431117)|ENTERING_MANAGED_PKG|dlrs
14:49:09.14 (409451725)|ENTERING_MANAGED_PKG|dlrs
14:49:09.14 (409468617)|ENTERING_MANAGED_PKG|dlrs
14:49:09.14 (409489542)|ENTERING_MANAGED_PKG|dlrs
14:49:09.14 (409506459)|ENTERING_MANAGED_PKG|dlrs
14:49:09.14 (409527159)|ENTERING_MANAGED_PKG|dlrs
14:49:09.14 (409544654)|ENTERING_MANAGED_PKG|dlrs
14:49:09.14 (409565377)|ENTERING_MANAGED_PKG|dlrs
14:49:09.14 (409582129)|ENTERING_MANAGED_PKG|dlrs
14:49:09.14 (409602845)|ENTERING_MANAGED_PKG|dlrs
14:49:09.14 (409619738)|ENTERING_MANAGED_PKG|dlrs
14:49:09.14 (409640641)|ENTERING_MANAGED_PKG|dlrs
14:49:09.14 (409657613)|ENTERING_MANAGED_PKG|dlrs
14:49:09.14 (409678536)|ENTERING_MANAGED_PKG|dlrs
14:49:09.14 (409695625)|ENTERING_MANAGED_PKG|dlrs
14:49:09.14 (409716361)|ENTERING_MANAGED_PKG|dlrs
14:49:09.14 (409733326)|ENTERING_MANAGED_PKG|dlrs
14:49:09.14 (409756539)|ENTERING_MANAGED_PKG|dlrs
14:49:09.14 (409773793)|ENTERING_MANAGED_PKG|dlrs
14:49:09.14 (409800668)|ENTERING_MANAGED_PKG|dlrs
14:49:09.14 (409823782)|ENTERING_MANAGED_PKG|dlrs
14:49:09.14 (409854792)|ENTERING_MANAGED_PKG|dlrs
14:49:09.14 (409945100)|ENTERING_MANAGED_PKG|dlrs
14:49:09.14 (409977385)|ENTERING_MANAGED_PKG|dlrs
14:49:09.14 (409996101)|ENTERING_MANAGED_PKG|dlrs
14:49:09.14 (410008843)|ENTERING_MANAGED_PKG|dlrs
14:49:09.14 (410026645)|ENTERING_MANAGED_PKG|dlrs
14:49:09.14 (410047786)|ENTERING_MANAGED_PKG|dlrs
14:49:09.14 (410064462)|ENTERING_MANAGED_PKG|dlrs
14:49:09.14 (410084919)|ENTERING_MANAGED_PKG|dlrs
14:49:09.14 (410101374)|ENTERING_MANAGED_PKG|dlrs
14:49:09.14 (410127516)|ENTERING_MANAGED_PKG|dlrs
14:49:09.14 (410144682)|ENTERING_MANAGED_PKG|dlrs
14:49:09.14 (410165106)|ENTERING_MANAGED_PKG|dlrs
14:49:09.14 (410181806)|ENTERING_MANAGED_PKG|dlrs
14:49:09.14 (410202679)|ENTERING_MANAGED_PKG|dlrs
14:49:09.14 (410219243)|ENTERING_MANAGED_PKG|dlrs
14:49:09.14 (410239951)|ENTERING_MANAGED_PKG|dlrs
14:49:09.14 (410256692)|ENTERING_MANAGED_PKG|dlrs
14:49:09.14 (410276785)|ENTERING_MANAGED_PKG|dlrs
14:49:09.14 (410293844)|ENTERING_MANAGED_PKG|dlrs
14:49:09.14 (410317755)|ENTERING_MANAGED_PKG|dlrs
14:49:09.14 (410341325)|ENTERING_MANAGED_PKG|dlrs
14:49:09.14 (410363708)|ENTERING_MANAGED_PKG|dlrs
14:49:09.14 (410380413)|ENTERING_MANAGED_PKG|dlrs
14:49:09.14 (410401216)|ENTERING_MANAGED_PKG|dlrs
14:49:09.14 (410418133)|ENTERING_MANAGED_PKG|dlrs
14:49:09.14 (410439076)|ENTERING_MANAGED_PKG|dlrs
14:49:09.14 (410456119)|ENTERING_MANAGED_PKG|dlrs
14:49:09.14 (410476936)|ENTERING_MANAGED_PKG|dlrs
14:49:09.14 (410493722)|ENTERING_MANAGED_PKG|dlrs
14:49:09.14 (410514358)|ENTERING_MANAGED_PKG|dlrs
14:49:09.14 (410531195)|ENTERING_MANAGED_PKG|dlrs
14:49:09.14 (410552039)|ENTERING_MANAGED_PKG|dlrs
14:49:09.14 (410568781)|ENTERING_MANAGED_PKG|dlrs
14:49:09.14 (410590385)|ENTERING_MANAGED_PKG|dlrs
14:49:09.14 (410606905)|ENTERING_MANAGED_PKG|dlrs
14:49:09.14 (410628293)|ENTERING_MANAGED_PKG|dlrs
14:49:09.14 (410644773)|ENTERING_MANAGED_PKG|dlrs
14:49:09.14 (410665606)|ENTERING_MANAGED_PKG|dlrs
14:49:09.14 (410682172)|ENTERING_MANAGED_PKG|dlrs
14:49:09.14 (410702380)|ENTERING_MANAGED_PKG|dlrs
14:49:09.14 (410719334)|ENTERING_MANAGED_PKG|dlrs
14:49:09.14 (410743242)|ENTERING_MANAGED_PKG|dlrs
14:49:09.14 (410765811)|ENTERING_MANAGED_PKG|dlrs
14:49:09.14 (410796218)|ENTERING_MANAGED_PKG|dlrs
14:49:09.14 (410881849)|ENTERING_MANAGED_PKG|dlrs
14:49:09.14 (410913340)|ENTERING_MANAGED_PKG|dlrs
14:49:09.14 (410931993)|ENTERING_MANAGED_PKG|dlrs
14:49:09.14 (410944855)|ENTERING_MANAGED_PKG|dlrs
14:49:09.14 (410961765)|ENTERING_MANAGED_PKG|dlrs
14:49:09.14 (410982657)|ENTERING_MANAGED_PKG|dlrs
14:49:09.14 (410999448)|ENTERING_MANAGED_PKG|dlrs
14:49:09.14 (411020036)|ENTERING_MANAGED_PKG|dlrs
14:49:09.14 (411037834)|ENTERING_MANAGED_PKG|dlrs
14:49:09.14 (411058464)|ENTERING_MANAGED_PKG|dlrs
14:49:09.14 (411075660)|ENTERING_MANAGED_PKG|dlrs
14:49:09.14 (411095993)|ENTERING_MANAGED_PKG|dlrs
14:49:09.14 (411116706)|ENTERING_MANAGED_PKG|dlrs
14:49:09.14 (411138854)|ENTERING_MANAGED_PKG|dlrs
14:49:09.14 (411155939)|ENTERING_MANAGED_PKG|dlrs
14:49:09.14 (411176184)|ENTERING_MANAGED_PKG|dlrs
14:49:09.14 (411193024)|ENTERING_MANAGED_PKG|dlrs
14:49:09.14 (411213655)|ENTERING_MANAGED_PKG|dlrs
14:49:09.14 (411230367)|ENTERING_MANAGED_PKG|dlrs
14:49:09.14 (411251283)|ENTERING_MANAGED_PKG|dlrs
14:49:09.14 (411268222)|ENTERING_MANAGED_PKG|dlrs
14:49:09.14 (411288539)|ENTERING_MANAGED_PKG|dlrs
14:49:09.14 (411305248)|ENTERING_MANAGED_PKG|dlrs
14:49:09.14 (411329667)|ENTERING_MANAGED_PKG|dlrs
14:49:09.14 (411347917)|ENTERING_MANAGED_PKG|dlrs
14:49:09.14 (411370038)|ENTERING_MANAGED_PKG|dlrs
14:49:09.14 (411387197)|ENTERING_MANAGED_PKG|dlrs
14:49:09.14 (411408027)|ENTERING_MANAGED_PKG|dlrs
14:49:09.14 (411424642)|ENTERING_MANAGED_PKG|dlrs
14:49:09.14 (411445524)|ENTERING_MANAGED_PKG|dlrs
14:49:09.14 (411463121)|ENTERING_MANAGED_PKG|dlrs
14:49:09.14 (411483886)|ENTERING_MANAGED_PKG|dlrs
14:49:09.14 (411500606)|ENTERING_MANAGED_PKG|dlrs
14:49:09.14 (411521349)|ENTERING_MANAGED_PKG|dlrs
14:49:09.14 (411537883)|ENTERING_MANAGED_PKG|dlrs
14:49:09.14 (411558993)|ENTERING_MANAGED_PKG|dlrs
14:49:09.14 (411576168)|ENTERING_MANAGED_PKG|dlrs
14:49:09.14 (411596777)|ENTERING_MANAGED_PKG|dlrs
14:49:09.14 (411614016)|ENTERING_MANAGED_PKG|dlrs
14:49:09.14 (411634366)|ENTERING_MANAGED_PKG|dlrs
14:49:09.14 (411650782)|ENTERING_MANAGED_PKG|dlrs
14:49:09.14 (411674825)|ENTERING_MANAGED_PKG|dlrs
14:49:09.14 (411697461)|ENTERING_MANAGED_PKG|dlrs
14:49:09.14 (411726924)|ENTERING_MANAGED_PKG|dlrs
14:49:09.14 (411811896)|ENTERING_MANAGED_PKG|dlrs
14:49:09.14 (411844369)|ENTERING_MANAGED_PKG|dlrs
14:49:09.14 (411862822)|ENTERING_MANAGED_PKG|dlrs
14:49:09.14 (411876300)|ENTERING_MANAGED_PKG|dlrs
14:49:09.14 (411893220)|ENTERING_MANAGED_PKG|dlrs
14:49:09.14 (411914048)|ENTERING_MANAGED_PKG|dlrs
14:49:09.14 (411930862)|ENTERING_MANAGED_PKG|dlrs
14:49:09.14 (411951912)|ENTERING_MANAGED_PKG|dlrs
14:49:09.14 (411968387)|ENTERING_MANAGED_PKG|dlrs
14:49:09.14 (411988915)|ENTERING_MANAGED_PKG|dlrs
14:49:09.14 (412005423)|ENTERING_MANAGED_PKG|dlrs
14:49:09.14 (412026545)|ENTERING_MANAGED_PKG|dlrs
14:49:09.14 (412043209)|ENTERING_MANAGED_PKG|dlrs
14:49:09.14 (412067141)|ENTERING_MANAGED_PKG|dlrs
14:49:09.14 (412084208)|ENTERING_MANAGED_PKG|dlrs
14:49:09.14 (412105145)|ENTERING_MANAGED_PKG|dlrs
14:49:09.14 (412126170)|ENTERING_MANAGED_PKG|dlrs
14:49:09.14 (412147368)|ENTERING_MANAGED_PKG|dlrs
14:49:09.14 (412164292)|ENTERING_MANAGED_PKG|dlrs
14:49:09.14 (412184583)|ENTERING_MANAGED_PKG|dlrs
14:49:09.14 (412201149)|ENTERING_MANAGED_PKG|dlrs
14:49:09.14 (412221682)|ENTERING_MANAGED_PKG|dlrs
14:49:09.14 (412238421)|ENTERING_MANAGED_PKG|dlrs
14:49:09.14 (412259151)|ENTERING_MANAGED_PKG|dlrs
14:49:09.14 (412275867)|ENTERING_MANAGED_PKG|dlrs
14:49:09.14 (412296813)|ENTERING_MANAGED_PKG|dlrs
14:49:09.14 (412313714)|ENTERING_MANAGED_PKG|dlrs
14:49:09.14 (412341471)|ENTERING_MANAGED_PKG|dlrs
14:49:09.14 (412359362)|ENTERING_MANAGED_PKG|dlrs
14:49:09.14 (412380316)|ENTERING_MANAGED_PKG|dlrs
14:49:09.14 (412397042)|ENTERING_MANAGED_PKG|dlrs
14:49:09.14 (412417552)|ENTERING_MANAGED_PKG|dlrs
14:49:09.14 (412434480)|ENTERING_MANAGED_PKG|dlrs
14:49:09.14 (412455362)|ENTERING_MANAGED_PKG|dlrs
14:49:09.14 (412472232)|ENTERING_MANAGED_PKG|dlrs
14:49:09.14 (412493132)|ENTERING_MANAGED_PKG|dlrs
14:49:09.14 (412510027)|ENTERING_MANAGED_PKG|dlrs
14:49:09.14 (412530743)|ENTERING_MANAGED_PKG|dlrs
14:49:09.14 (412547309)|ENTERING_MANAGED_PKG|dlrs
14:49:09.14 (412567572)|ENTERING_MANAGED_PKG|dlrs
14:49:09.14 (412584235)|ENTERING_MANAGED_PKG|dlrs
14:49:09.14 (412607812)|ENTERING_MANAGED_PKG|dlrs
14:49:09.14 (412630325)|ENTERING_MANAGED_PKG|dlrs
14:49:09.14 (412659800)|ENTERING_MANAGED_PKG|dlrs
14:49:09.14 (412744077)|ENTERING_MANAGED_PKG|dlrs
14:49:09.14 (412775860)|ENTERING_MANAGED_PKG|dlrs
14:49:09.14 (412794285)|ENTERING_MANAGED_PKG|dlrs
14:49:09.14 (412807209)|ENTERING_MANAGED_PKG|dlrs
14:49:09.14 (412824575)|ENTERING_MANAGED_PKG|dlrs
14:49:09.14 (412845522)|ENTERING_MANAGED_PKG|dlrs
14:49:09.14 (412862506)|ENTERING_MANAGED_PKG|dlrs
14:49:09.14 (412882849)|ENTERING_MANAGED_PKG|dlrs
14:49:09.14 (412903118)|ENTERING_MANAGED_PKG|dlrs
14:49:09.14 (412924374)|ENTERING_MANAGED_PKG|dlrs
14:49:09.14 (412941200)|ENTERING_MANAGED_PKG|dlrs
14:49:09.14 (412961805)|ENTERING_MANAGED_PKG|dlrs
14:49:09.14 (412978580)|ENTERING_MANAGED_PKG|dlrs
14:49:09.14 (412999263)|ENTERING_MANAGED_PKG|dlrs
14:49:09.14 (413015922)|ENTERING_MANAGED_PKG|dlrs
14:49:09.14 (413037296)|ENTERING_MANAGED_PKG|dlrs
14:49:09.14 (413054432)|ENTERING_MANAGED_PKG|dlrs
14:49:09.14 (413074823)|ENTERING_MANAGED_PKG|dlrs
14:49:09.14 (413091426)|ENTERING_MANAGED_PKG|dlrs
14:49:09.14 (413115895)|ENTERING_MANAGED_PKG|dlrs
14:49:09.14 (413133625)|ENTERING_MANAGED_PKG|dlrs
14:49:09.14 (413154752)|ENTERING_MANAGED_PKG|dlrs
14:49:09.14 (413171510)|ENTERING_MANAGED_PKG|dlrs
14:49:09.14 (413192111)|ENTERING_MANAGED_PKG|dlrs
14:49:09.14 (413209614)|ENTERING_MANAGED_PKG|dlrs
14:49:09.14 (413230713)|ENTERING_MANAGED_PKG|dlrs
14:49:09.14 (413247667)|ENTERING_MANAGED_PKG|dlrs
14:49:09.14 (413268344)|ENTERING_MANAGED_PKG|dlrs
14:49:09.14 (413285467)|ENTERING_MANAGED_PKG|dlrs
14:49:09.14 (413306000)|ENTERING_MANAGED_PKG|dlrs
14:49:09.14 (413325842)|ENTERING_MANAGED_PKG|dlrs
14:49:09.14 (413349363)|ENTERING_MANAGED_PKG|dlrs
14:49:09.14 (413366605)|ENTERING_MANAGED_PKG|dlrs
14:49:09.14 (413387495)|ENTERING_MANAGED_PKG|dlrs
14:49:09.14 (413404202)|ENTERING_MANAGED_PKG|dlrs
14:49:09.14 (413425354)|ENTERING_MANAGED_PKG|dlrs
14:49:09.14 (413442479)|ENTERING_MANAGED_PKG|dlrs
14:49:09.14 (413463309)|ENTERING_MANAGED_PKG|dlrs
14:49:09.14 (413480313)|ENTERING_MANAGED_PKG|dlrs
14:49:09.14 (413500405)|ENTERING_MANAGED_PKG|dlrs
14:49:09.14 (413516990)|ENTERING_MANAGED_PKG|dlrs
14:49:09.14 (413540754)|ENTERING_MANAGED_PKG|dlrs
14:49:09.14 (413562870)|ENTERING_MANAGED_PKG|dlrs
14:49:09.14 (413592226)|ENTERING_MANAGED_PKG|dlrs
14:49:09.14 (413676200)|ENTERING_MANAGED_PKG|dlrs
14:49:09.14 (413708933)|ENTERING_MANAGED_PKG|dlrs
14:49:09.14 (413727507)|ENTERING_MANAGED_PKG|dlrs
14:49:09.14 (413740231)|ENTERING_MANAGED_PKG|dlrs
14:49:09.14 (413756877)|ENTERING_MANAGED_PKG|dlrs
14:49:09.14 (413777696)|ENTERING_MANAGED_PKG|dlrs
14:49:09.14 (413794208)|ENTERING_MANAGED_PKG|dlrs
14:49:09.14 (413814569)|ENTERING_MANAGED_PKG|dlrs
14:49:09.14 (413830870)|ENTERING_MANAGED_PKG|dlrs
14:49:09.14 (413851116)|ENTERING_MANAGED_PKG|dlrs
14:49:09.14 (413867567)|ENTERING_MANAGED_PKG|dlrs
14:49:09.14 (413887912)|ENTERING_MANAGED_PKG|dlrs
14:49:09.14 (413904937)|ENTERING_MANAGED_PKG|dlrs
14:49:09.14 (413925104)|ENTERING_MANAGED_PKG|dlrs
14:49:09.14 (413941903)|ENTERING_MANAGED_PKG|dlrs
14:49:09.14 (413962105)|ENTERING_MANAGED_PKG|dlrs
14:49:09.14 (413982064)|ENTERING_MANAGED_PKG|dlrs
14:49:09.14 (414003246)|ENTERING_MANAGED_PKG|dlrs
14:49:09.14 (414021342)|ENTERING_MANAGED_PKG|dlrs
14:49:09.14 (414045127)|ENTERING_MANAGED_PKG|dlrs
14:49:09.14 (414062329)|ENTERING_MANAGED_PKG|dlrs
14:49:09.14 (414085863)|ENTERING_MANAGED_PKG|dlrs
14:49:09.14 (414102945)|ENTERING_MANAGED_PKG|dlrs
14:49:09.14 (414128053)|ENTERING_MANAGED_PKG|dlrs
14:49:09.14 (414145246)|ENTERING_MANAGED_PKG|dlrs
14:49:09.14 (414166452)|ENTERING_MANAGED_PKG|dlrs
14:49:09.14 (414183412)|ENTERING_MANAGED_PKG|dlrs
14:49:09.14 (414203940)|ENTERING_MANAGED_PKG|dlrs
14:49:09.14 (414220567)|ENTERING_MANAGED_PKG|dlrs
14:49:09.14 (414241447)|ENTERING_MANAGED_PKG|dlrs
14:49:09.14 (414263340)|ENTERING_MANAGED_PKG|dlrs
14:49:09.14 (414285023)|ENTERING_MANAGED_PKG|dlrs
14:49:09.14 (414301852)|ENTERING_MANAGED_PKG|dlrs
14:49:09.14 (414326158)|ENTERING_MANAGED_PKG|dlrs
14:49:09.14 (414345770)|ENTERING_MANAGED_PKG|dlrs
14:49:09.14 (414369946)|ENTERING_MANAGED_PKG|dlrs
14:49:09.14 (414387460)|ENTERING_MANAGED_PKG|dlrs
14:49:09.14 (414409039)|ENTERING_MANAGED_PKG|dlrs
14:49:09.14 (414425797)|ENTERING_MANAGED_PKG|dlrs
14:49:09.14 (414446412)|ENTERING_MANAGED_PKG|dlrs
14:49:09.14 (414462823)|ENTERING_MANAGED_PKG|dlrs
14:49:09.14 (414487060)|ENTERING_MANAGED_PKG|dlrs
14:49:09.14 (414509877)|ENTERING_MANAGED_PKG|dlrs
14:49:09.14 (414539231)|ENTERING_MANAGED_PKG|dlrs
14:49:09.14 (414623437)|ENTERING_MANAGED_PKG|dlrs
14:49:09.14 (414658541)|ENTERING_MANAGED_PKG|dlrs
14:49:09.14 (414677561)|ENTERING_MANAGED_PKG|dlrs
14:49:09.14 (414690662)|ENTERING_MANAGED_PKG|dlrs
14:49:09.14 (414707719)|ENTERING_MANAGED_PKG|dlrs
14:49:09.14 (414730990)|ENTERING_MANAGED_PKG|dlrs
14:49:09.14 (414748279)|ENTERING_MANAGED_PKG|dlrs
14:49:09.14 (414769232)|ENTERING_MANAGED_PKG|dlrs
14:49:09.14 (414785656)|ENTERING_MANAGED_PKG|dlrs
14:49:09.14 (414805937)|ENTERING_MANAGED_PKG|dlrs
14:49:09.14 (414822452)|ENTERING_MANAGED_PKG|dlrs
14:49:09.14 (414842571)|ENTERING_MANAGED_PKG|dlrs
14:49:09.14 (414859118)|ENTERING_MANAGED_PKG|dlrs
14:49:09.14 (414879614)|ENTERING_MANAGED_PKG|dlrs
14:49:09.14 (414896689)|ENTERING_MANAGED_PKG|dlrs
14:49:09.14 (414917143)|ENTERING_MANAGED_PKG|dlrs
14:49:09.14 (414933510)|ENTERING_MANAGED_PKG|dlrs
14:49:09.14 (414953697)|ENTERING_MANAGED_PKG|dlrs
14:49:09.14 (414970980)|ENTERING_MANAGED_PKG|dlrs
14:49:09.14 (414991443)|ENTERING_MANAGED_PKG|dlrs
14:49:09.14 (415008118)|ENTERING_MANAGED_PKG|dlrs
14:49:09.14 (415029434)|ENTERING_MANAGED_PKG|dlrs
14:49:09.14 (415045909)|ENTERING_MANAGED_PKG|dlrs
14:49:09.14 (415066322)|ENTERING_MANAGED_PKG|dlrs
14:49:09.14 (415082999)|ENTERING_MANAGED_PKG|dlrs
14:49:09.14 (415104031)|ENTERING_MANAGED_PKG|dlrs
14:49:09.14 (415125052)|ENTERING_MANAGED_PKG|dlrs
14:49:09.14 (415146621)|ENTERING_MANAGED_PKG|dlrs
14:49:09.14 (415163421)|ENTERING_MANAGED_PKG|dlrs
14:49:09.14 (415184411)|ENTERING_MANAGED_PKG|dlrs
14:49:09.14 (415201181)|ENTERING_MANAGED_PKG|dlrs
14:49:09.14 (415222022)|ENTERING_MANAGED_PKG|dlrs
14:49:09.14 (415238831)|ENTERING_MANAGED_PKG|dlrs
14:49:09.14 (415259870)|ENTERING_MANAGED_PKG|dlrs
14:49:09.14 (415276357)|ENTERING_MANAGED_PKG|dlrs
14:49:09.14 (415297430)|ENTERING_MANAGED_PKG|dlrs
14:49:09.14 (415314229)|ENTERING_MANAGED_PKG|dlrs
14:49:09.14 (415340232)|ENTERING_MANAGED_PKG|dlrs
14:49:09.14 (415358704)|ENTERING_MANAGED_PKG|dlrs
14:49:09.14 (415379156)|ENTERING_MANAGED_PKG|dlrs
14:49:09.14 (415395968)|ENTERING_MANAGED_PKG|dlrs
14:49:09.14 (415419960)|ENTERING_MANAGED_PKG|dlrs
14:49:09.14 (415442341)|ENTERING_MANAGED_PKG|dlrs
14:49:09.14 (415471843)|ENTERING_MANAGED_PKG|dlrs
14:49:09.14 (415681509)|ENTERING_MANAGED_PKG|dlrs
14:49:09.14 (415713556)|ENTERING_MANAGED_PKG|dlrs
14:49:09.14 (415838084)|ENTERING_MANAGED_PKG|dlrs
14:49:09.14 (415851736)|ENTERING_MANAGED_PKG|dlrs
14:49:09.14 (415869977)|ENTERING_MANAGED_PKG|dlrs
14:49:09.14 (416059088)|ENTERING_MANAGED_PKG|dlrs
14:49:09.14 (416069935)|ENTERING_MANAGED_PKG|dlrs
14:49:09.14 (416148538)|ENTERING_MANAGED_PKG|dlrs
14:49:09.14 (416159812)|ENTERING_MANAGED_PKG|dlrs
14:49:09.14 (416169251)|ENTERING_MANAGED_PKG|dlrs
14:49:09.14 (416285981)|ENTERING_MANAGED_PKG|dlrs
14:49:09.14 (416296104)|ENTERING_MANAGED_PKG|dlrs
14:49:09.14 (416369461)|ENTERING_MANAGED_PKG|dlrs
14:49:09.14 (416380254)|ENTERING_MANAGED_PKG|dlrs
14:49:09.14 (416389617)|ENTERING_MANAGED_PKG|dlrs
14:49:09.14 (416504302)|ENTERING_MANAGED_PKG|dlrs
14:49:09.14 (416514000)|ENTERING_MANAGED_PKG|dlrs
14:49:09.14 (416582554)|ENTERING_MANAGED_PKG|dlrs
14:49:09.14 (416593295)|ENTERING_MANAGED_PKG|dlrs
14:49:09.14 (416602332)|ENTERING_MANAGED_PKG|dlrs
14:49:09.14 (416714517)|ENTERING_MANAGED_PKG|dlrs
14:49:09.14 (416724047)|ENTERING_MANAGED_PKG|dlrs
14:49:09.14 (416792276)|ENTERING_MANAGED_PKG|dlrs
14:49:09.14 (416803143)|ENTERING_MANAGED_PKG|dlrs
14:49:09.14 (416812349)|ENTERING_MANAGED_PKG|dlrs
14:49:09.14 (416923667)|ENTERING_MANAGED_PKG|dlrs
14:49:09.14 (416933161)|ENTERING_MANAGED_PKG|dlrs
14:49:09.14 (417001936)|ENTERING_MANAGED_PKG|dlrs
14:49:09.14 (417013562)|ENTERING_MANAGED_PKG|dlrs
14:49:09.14 (417022723)|ENTERING_MANAGED_PKG|dlrs
14:49:09.14 (417138859)|ENTERING_MANAGED_PKG|dlrs
14:49:09.14 (417148576)|ENTERING_MANAGED_PKG|dlrs
14:49:09.14 (417216562)|ENTERING_MANAGED_PKG|dlrs
14:49:09.14 (417227316)|ENTERING_MANAGED_PKG|dlrs
14:49:09.14 (417236489)|ENTERING_MANAGED_PKG|dlrs
14:49:09.14 (417362335)|ENTERING_MANAGED_PKG|dlrs
14:49:09.14 (417371967)|ENTERING_MANAGED_PKG|dlrs
14:49:09.14 (417441269)|ENTERING_MANAGED_PKG|dlrs
14:49:09.14 (417452354)|ENTERING_MANAGED_PKG|dlrs
14:49:09.14 (417461499)|ENTERING_MANAGED_PKG|dlrs
14:49:09.14 (417573717)|ENTERING_MANAGED_PKG|dlrs
14:49:09.14 (417583463)|ENTERING_MANAGED_PKG|dlrs
14:49:09.14 (417651909)|ENTERING_MANAGED_PKG|dlrs
14:49:09.14 (417662611)|ENTERING_MANAGED_PKG|dlrs
14:49:09.14 (417671801)|ENTERING_MANAGED_PKG|dlrs
14:49:09.454 (454878343)|CUMULATIVE_LIMIT_USAGE
14:49:09.454 (454878343)|LIMIT_USAGE_FOR_NS|(default)|
  Number of SOQL queries: 0 out of 100
  Number of query rows: 0 out of 50000
  Number of SOSL queries: 0 out of 20
  Number of DML statements: 0 out of 150
  Number of DML rows: 0 out of 10000
  Maximum CPU time: 98 out of 10000
  Maximum heap size: 0 out of 6000000
  Number of callouts: 0 out of 100
  Number of Email Invocations: 0 out of 10
  Number of future calls: 0 out of 50
  Number of queueable jobs added to the queue: 0 out of 50
  Number of Mobile Apex push calls: 0 out of 10

14:49:09.454 (454878343)|LIMIT_USAGE_FOR_NS|dlrs|
  Number of SOQL queries: 0 out of 100
  Number of query rows: 10 out of 50000
  Number of SOSL queries: 0 out of 20
  Number of DML statements: 0 out of 150
  Number of DML rows: 0 out of 10000
  Maximum CPU time: 0 out of 10000
  Maximum heap size: 0 out of 6000000
  Number of callouts: 1 out of 100
  Number of Email Invocations: 0 out of 10
  Number of future calls: 0 out of 50
  Number of queueable jobs added to the queue: 0 out of 50
  Number of Mobile Apex push calls: 0 out of 10

14:49:09.454 (454878343)|CUMULATIVE_LIMIT_USAGE_END

