39.0 APEX_CODE,FINEST;APEX_PROFILING,FINEST;CALLOUT,NONE;DB,FINEST;SYSTEM,FINE;VALIDATION,INFO;VISUALFORCE,INFO;WAVE,INFO;WORKFLOW,FINER
16:53:57.0 (492886)|USER_INFO|[EXTERNAL]|005O0000003t7an|ricky.lowe@jhg.com.au.pcphase2|Australian Eastern Standard Time|GMT+10:00
16:53:57.0 (526245)|EXECUTION_STARTED
16:53:57.0 (531795)|CODE_UNIT_STARTED|[EXTERNAL]|aura
16:53:57.0 (868963)|HEAP_ALLOCATE|[72]|Bytes:3
16:53:57.0 (919792)|HEAP_ALLOCATE|[77]|Bytes:152
16:53:57.0 (944013)|HEAP_ALLOCATE|[342]|Bytes:408
16:53:57.0 (966393)|HEAP_ALLOCATE|[355]|Bytes:408
16:53:57.0 (984795)|HEAP_ALLOCATE|[467]|Bytes:48
16:53:57.0 (1015939)|HEAP_ALLOCATE|[139]|Bytes:6
16:53:57.0 (1042767)|HEAP_ALLOCATE|[EXTERNAL]|Bytes:18
16:53:57.0 (1056569)|HEAP_ALLOCATE|[EXTERNAL]|Bytes:18
16:53:57.0 (2692687)|CODE_UNIT_STARTED|[EXTERNAL]|01pO00000003MVy|ApprovalController.getOpportunityRecord
16:53:57.0 (2857460)|HEAP_ALLOCATE|[EXTERNAL]|Bytes:8
16:53:57.0 (2863578)|HEAP_ALLOCATE|[EXTERNAL]|Bytes:8
16:53:57.0 (2873034)|METHOD_ENTRY|[1]|01pO00000003MVy|ApprovalController.ApprovalController()
16:53:57.0 (2877297)|STATEMENT_EXECUTE|[1]
16:53:57.0 (2882762)|STATEMENT_EXECUTE|[1]
16:53:57.0 (2886520)|METHOD_EXIT|[1]|ApprovalController
16:53:57.0 (2890365)|HEAP_ALLOCATE|[EXTERNAL]|Bytes:18
16:53:57.0 (2898809)|SYSTEM_MODE_ENTER|false
16:53:57.0 (2907937)|VARIABLE_SCOPE_BEGIN|[15]|opportunityId|String|false|false
16:53:57.0 (2929099)|VARIABLE_ASSIGNMENT|[15]|opportunityId|"006O0000008lQ1SIAU"
16:53:57.0 (2936196)|STATEMENT_EXECUTE|[15]
16:53:57.0 (2937722)|STATEMENT_EXECUTE|[18]
16:53:57.0 (2940871)|HEAP_ALLOCATE|[18]|Bytes:589
16:53:57.0 (2953548)|HEAP_ALLOCATE|[18]|Bytes:4
16:53:57.0 (2965966)|HEAP_ALLOCATE|[18]|Bytes:7
16:53:57.0 (3027922)|HEAP_ALLOCATE|[50]|Bytes:5
16:53:57.0 (3060992)|HEAP_ALLOCATE|[56]|Bytes:5
16:53:57.0 (3076040)|HEAP_ALLOCATE|[64]|Bytes:7
16:53:57.0 (3711669)|SOQL_EXECUTE_BEGIN|[18]|Aggregations:0|SELECT Id, name, Gate_Status__c, TSF_Gate_Status__c, CRA_Gate_Status__c, StageName, Competitor_Analysis_General_Comments__c, Are_there_any_critical_risks__c, Has_CRA_changed_since_last_approval__c, Has_TSF_changed_since_last_approval__c, Apply_Default_Bonding__c, Conversion_Budget_Comments__c, Is_Gate_1_To_3__c, Is_Gate_4_To_5__c, Net_Budget_EOI_PQ__c, Net_Budget_Post_Tender__c, Net_Budget_Tender__c, Net_Budget_Amount__c, Total_Budget_EOI_PQ__c, Total_Budget_Tender__c, Total_Budget_AUD__c, Total_Budget_Post_Tender__c, JH_Bid_Cost_of_JH_Revenue__c FROM Opportunity WHERE Id = :tmpVar1
16:53:57.0 (3723994)|LIMIT_USAGE|[18]|SOQL|1|100
16:53:57.0 (3731273)|LIMIT_USAGE|[18]|AGGS|0|300
16:53:57.0 (16684508)|SOQL_EXECUTE_END|[18]|Rows:1
16:53:57.0 (16698768)|LIMIT_USAGE|[18]|SOQL_ROWS|1|50000
16:53:57.0 (16720936)|HEAP_ALLOCATE|[18]|Bytes:8
16:53:57.0 (16741862)|HEAP_ALLOCATE|[18]|Bytes:762
16:53:57.0 (16802953)|HEAP_ALLOCATE|[18]|Bytes:8
16:53:57.0 (16824674)|VARIABLE_SCOPE_BEGIN|[18]|allOpps|List<Opportunity>|true|false
16:53:57.0 (16883020)|VARIABLE_ASSIGNMENT|[18]|allOpps|[{"Id":"006O0000008lQ1SIAU","Name":"RL Test Opp 2017-04- (11 more) ...","Gate_Status__c":"Not Applicable","TSF_Gate_Status__c":"Not Started","CRA_Gate_Status__c":"Not Started","StageName":"Gate 4","Apply_Default_Bondin (4 more) ...":false,"Is_Gate_1_To_3__c":false,"Is_Gate_4_To_5__c":true,"Net_Budget_EOI_PQ__c":0,"Net_Budget_Post_Tend (5 more) ...":0,"Net_Budget_Tender__c":0,"Net_Budget_Amount__c":0,"Total_Budget_EOI_PQ_ (2 more) ...":0,"Total_Budget_Tender_ (2 more) ...":0,"Total_Budget_AUD__c":0,"Total_Budget_Post_Te (7 more) ...":0}]|0x55688119
16:53:57.0 (16891275)|STATEMENT_EXECUTE|[38]
16:53:57.0 (16904274)|SYSTEM_MODE_EXIT|false
16:53:57.16 (16937411)|CUMULATIVE_LIMIT_USAGE
16:53:57.16 (16937411)|LIMIT_USAGE_FOR_NS|(default)|
  Number of SOQL queries: 1 out of 100
  Number of query rows: 1 out of 50000
  Number of SOSL queries: 0 out of 20
  Number of DML statements: 0 out of 150
  Number of DML rows: 0 out of 10000
  Maximum CPU time: 0 out of 10000
  Maximum heap size: 0 out of 6000000
  Number of callouts: 0 out of 100
  Number of Email Invocations: 0 out of 10
  Number of future calls: 0 out of 50
  Number of queueable jobs added to the queue: 0 out of 50
  Number of Mobile Apex push calls: 0 out of 10

16:53:57.16 (16937411)|TOTAL_EMAIL_RECIPIENTS_QUEUED|0
16:53:57.16 (16937411)|STATIC_VARIABLE_LIST|
  char[]:DigitTens:0
  long:serialVersionUID:0
  long:serialVersionUID:0
  double:MAX_VALUE:0
  Boolean:FALSE:0
  long:serialVersionUID:0
  double:MIN_VALUE:0
  int:SIZE:0
  double:NEGATIVE_INFINITY:0
  int:MAX_VALUE:0
  String:_sfdcSuppressedCodeLocations:0
  char[]:digits:0
  double:NaN:0
  Boolean:TRUE:0
  int:MIN_VALUE:0
  char[]:DigitOnes:0
  int:BYTES:0
  int:MIN_EXPONENT:0
  int[]:sizeTable:0
  int:MAX_EXPONENT:0
  int:SIZE:0
  double:POSITIVE_INFINITY:0
  String:_sfdcAdditionalCodeLocations:0
  double:MIN_NORMAL:0
  int:BYTES:0

16:53:57.16 (16937411)|CUMULATIVE_LIMIT_USAGE_END

16:53:57.0 (17096365)|CODE_UNIT_FINISHED|ApprovalController.getOpportunityRecord
16:53:57.89 (89900688)|CUMULATIVE_PROFILING_BEGIN
16:53:57.89 (89900688)|CUMULATIVE_PROFILING|SOQL operations|
Class.ApprovalController.getOpportunityRecord: line 18, column 1: [SELECT   Id,name,
                                                           			Gate_Status__c,
                                                           			TSF_Gate_Status__c,
                                                           			CRA_Gate_Status__c,
                                                           			StageName,
                                    								Competitor_Analysis_General_Comments__c,
                                    								Are_there_any_critical_risks__c,
                                    								Has_CRA_changed_since_last_approval__c,
                                    								Has_TSF_changed_since_last_approval__c,
                                    								Apply_Default_Bonding__c,
                                    								Conversion_Budget_Comments__c,
                                    								Is_Gate_1_To_3__c, Is_Gate_4_To_5__c,
                                    								Net_Budget_EOI_PQ__c, Net_Budget_Post_Tender__c, 
                                    								Net_Budget_Tender__c, Net_Budget_Amount__c,
                                    								Total_Budget_EOI_PQ__c, Total_Budget_Tender__c, 
                                    								Total_Budget_AUD__c, Total_Budget_Post_Tender__c, 
                                    								JH_Bid_Cost_of_JH_Revenue__c
                                 							FROM     Opportunity
                                 							WHERE    Id = :opportunityId]: executed 1 time in 14 ms

16:53:57.89 (89900688)|CUMULATIVE_PROFILING|No profiling information for SOSL operations
16:53:57.89 (89900688)|CUMULATIVE_PROFILING|No profiling information for DML operations
16:53:57.89 (89900688)|CUMULATIVE_PROFILING|method invocations|
External entry point: public static List<Opportunity> getOpportunityRecord(String): executed 1 time in 14 ms

16:53:57.89 (89900688)|CUMULATIVE_PROFILING_END
