39.0 APEX_CODE,FINEST;APEX_PROFILING,FINEST;CALLOUT,INFO;DB,INFO;SYSTEM,DEBUG;VALIDATION,INFO;VISUALFORCE,INFO;WAVE,INFO;WORKFLOW,INFO
11:56:13.0 (316827)|USER_INFO|[EXTERNAL]|00528000006B07F|dev@systempartners.com.prod.pcphase2|Australian Eastern Standard Time|GMT+11:00
11:56:13.0 (347459)|EXECUTION_STARTED
11:56:13.0 (351895)|CODE_UNIT_STARTED|[EXTERNAL]|aura
11:56:13.0 (852048)|HEAP_ALLOCATE|[72]|Bytes:3
11:56:13.0 (897442)|HEAP_ALLOCATE|[77]|Bytes:152
11:56:13.0 (915313)|HEAP_ALLOCATE|[342]|Bytes:408
11:56:13.0 (951605)|HEAP_ALLOCATE|[355]|Bytes:408
11:56:13.0 (982870)|HEAP_ALLOCATE|[467]|Bytes:48
11:56:13.0 (1027251)|HEAP_ALLOCATE|[139]|Bytes:6
11:56:13.0 (1058421)|HEAP_ALLOCATE|[EXTERNAL]|Bytes:18
11:56:13.0 (1073272)|HEAP_ALLOCATE|[EXTERNAL]|Bytes:18
11:56:13.0 (2920457)|CODE_UNIT_STARTED|[EXTERNAL]|01pO0000000372v|KCRAController.getAllKCRARecords
11:56:13.0 (3003994)|HEAP_ALLOCATE|[EXTERNAL]|Bytes:5
11:56:13.0 (3009892)|HEAP_ALLOCATE|[EXTERNAL]|Bytes:14
11:56:13.0 (3020080)|METHOD_ENTRY|[11]|01pO0000000372v|KCRAController.KCRAController()
11:56:13.0 (3023580)|STATEMENT_EXECUTE|[11]
11:56:13.0 (3030677)|STATEMENT_EXECUTE|[11]
11:56:13.0 (3035972)|METHOD_EXIT|[11]|KCRAController
11:56:13.0 (3039795)|HEAP_ALLOCATE|[EXTERNAL]|Bytes:18
11:56:13.0 (3049888)|SYSTEM_MODE_ENTER|false
11:56:13.0 (3059056)|VARIABLE_SCOPE_BEGIN|[14]|opportunityId|String|false|false
11:56:13.0 (3085339)|VARIABLE_ASSIGNMENT|[14]|opportunityId|"006O0000008kyoyIAA"
11:56:13.0 (3098179)|STATEMENT_EXECUTE|[14]
11:56:13.0 (3101302)|STATEMENT_EXECUTE|[17]
11:56:13.0 (3105052)|HEAP_ALLOCATE|[17]|Bytes:204
11:56:13.0 (3120162)|HEAP_ALLOCATE|[17]|Bytes:4
11:56:13.0 (3135121)|HEAP_ALLOCATE|[17]|Bytes:7
11:56:13.0 (3181532)|HEAP_ALLOCATE|[50]|Bytes:5
11:56:13.0 (3203310)|HEAP_ALLOCATE|[56]|Bytes:5
11:56:13.0 (3211357)|HEAP_ALLOCATE|[64]|Bytes:7
11:56:13.0 (3659232)|SOQL_EXECUTE_BEGIN|[17]|Aggregations:0|SELECT Id, name, recordtypeId, applicable__c, approved__c, itemno__c, KCRA_Item__c, Opportunity__c FROM Key_Commercial_Risks_Approvals__c WHERE Opportunity__c = :tmpVar1 ORDER BY itemno__c ASC NULLS FIRST
11:56:13.0 (3671740)|LIMIT_USAGE|[17]|SOQL|1|100
11:56:13.0 (3681749)|LIMIT_USAGE|[17]|AGGS|0|300
11:56:13.0 (10345191)|SOQL_EXECUTE_END|[17]|Rows:24
11:56:13.0 (10362494)|LIMIT_USAGE|[17]|SOQL_ROWS|24|50000
11:56:13.0 (10389926)|HEAP_ALLOCATE|[17]|Bytes:100
11:56:13.0 (10487332)|HEAP_ALLOCATE|[17]|Bytes:6911
11:56:13.0 (10618745)|HEAP_ALLOCATE|[17]|Bytes:100
11:56:13.0 (10642133)|VARIABLE_SCOPE_BEGIN|[17]|allKCRAs|List<Key_Commercial_Risks_Approvals__c>|true|false
11:56:13.0 (10667179)|VARIABLE_ASSIGNMENT|[17]|allKCRAs|"List of size 24 too large to display"|0x5e5b2296
11:56:13.0 (10672063)|STATEMENT_EXECUTE|[27]
11:56:13.0 (10682596)|SYSTEM_MODE_EXIT|false
11:56:13.10 (10709921)|CUMULATIVE_LIMIT_USAGE
11:56:13.10 (10709921)|LIMIT_USAGE_FOR_NS|(default)|
  Number of SOQL queries: 1 out of 100
  Number of query rows: 24 out of 50000
  Number of SOSL queries: 0 out of 20
  Number of DML statements: 0 out of 150
  Number of DML rows: 0 out of 10000
  Maximum CPU time: 0 out of 10000
  Maximum heap size: 0 out of 6000000
  Number of callouts: 0 out of 100
  Number of Email Invocations: 0 out of 10
  Number of future calls: 0 out of 50
  Number of queueable jobs added to the queue: 0 out of 50
  Number of Mobile Apex push calls: 0 out of 10

11:56:13.10 (10709921)|TOTAL_EMAIL_RECIPIENTS_QUEUED|0
11:56:13.10 (10709921)|STATIC_VARIABLE_LIST|
  char[]:DigitTens:0
  long:serialVersionUID:0
  long:serialVersionUID:0
  double:MAX_VALUE:0
  Boolean:FALSE:0
  long:serialVersionUID:0
  String:_sfdcAdditionalCodeLocations:0
  double:MIN_VALUE:0
  int:SIZE:0
  double:NEGATIVE_INFINITY:0
  int:MAX_VALUE:0
  char[]:digits:0
  double:NaN:0
  Boolean:TRUE:0
  int:MIN_VALUE:0
  char[]:DigitOnes:0
  int:BYTES:0
  int:MIN_EXPONENT:0
  int[]:sizeTable:0
  int:MAX_EXPONENT:0
  String:_sfdcSuppressedCodeLocations:0
  int:SIZE:0
  double:POSITIVE_INFINITY:0
  double:MIN_NORMAL:0
  int:BYTES:0

11:56:13.10 (10709921)|CUMULATIVE_LIMIT_USAGE_END

11:56:13.0 (10852845)|CODE_UNIT_FINISHED|KCRAController.getAllKCRARecords
11:56:13.0 (11308834)|HEAP_ALLOCATE|[EXTERNAL]|Bytes:18
11:56:13.0 (11325401)|HEAP_ALLOCATE|[EXTERNAL]|Bytes:18
11:56:13.0 (13497623)|CODE_UNIT_STARTED|[EXTERNAL]|01pO00000003Dck|PRAController.getAllPRARecords
11:56:13.0 (13538302)|HEAP_ALLOCATE|[EXTERNAL]|Bytes:8
11:56:13.0 (13544774)|HEAP_ALLOCATE|[EXTERNAL]|Bytes:2
11:56:13.0 (13556250)|METHOD_ENTRY|[1]|01pO00000003Dck|PRAController.PRAController()
11:56:13.0 (13558902)|STATEMENT_EXECUTE|[1]
11:56:13.0 (13563093)|STATEMENT_EXECUTE|[1]
11:56:13.0 (13568946)|METHOD_EXIT|[1]|PRAController
11:56:13.0 (13573155)|HEAP_ALLOCATE|[EXTERNAL]|Bytes:18
11:56:13.0 (13581087)|SYSTEM_MODE_ENTER|false
11:56:13.0 (13587050)|VARIABLE_SCOPE_BEGIN|[15]|opportunityId|String|false|false
11:56:13.0 (13594459)|VARIABLE_ASSIGNMENT|[15]|opportunityId|"006O0000008kyoyIAA"
11:56:13.0 (13601385)|STATEMENT_EXECUTE|[15]
11:56:13.0 (13606887)|STATEMENT_EXECUTE|[18]
11:56:13.0 (13611373)|HEAP_ALLOCATE|[18]|Bytes:508
11:56:13.0 (13622539)|HEAP_ALLOCATE|[18]|Bytes:4
11:56:13.0 (14265235)|SOQL_EXECUTE_BEGIN|[18]|Aggregations:0|SELECT Id, name, Category__c, Is_Critical_Risk__c, ItemNo__c, Mitigation_Strategy__c, Rating__c, Risk_Item__c, description__c, Help_Text_0A__c, Help_Text_0B__c, Help_Text_0C__c, Help_Text_1A__c, Help_Text_1B__c, Help_Text_1C__c, Help_Text_2A__c, Help_Text_2B__c, Help_Text_2C__c, Help_Text_3A__c, Help_Text_3B__c, Help_Text_3C__c, Mitigation_Advice__c, Selected_Indicators__c, Selected_Indicators_With_Text__c FROM Project_Risk_Assessment__c WHERE Opportunity__c = :tmpVar1 ORDER BY ItemNo__c ASC NULLS FIRST
11:56:13.0 (14275517)|LIMIT_USAGE|[18]|SOQL|2|100
11:56:13.0 (14283163)|LIMIT_USAGE|[18]|AGGS|0|300
11:56:13.0 (34883863)|SOQL_EXECUTE_END|[18]|Rows:25
11:56:13.0 (34900967)|LIMIT_USAGE|[18]|SOQL_ROWS|49|50000
11:56:13.0 (34927241)|HEAP_ALLOCATE|[18]|Bytes:104
11:56:13.0 (34991987)|HEAP_ALLOCATE|[18]|Bytes:9056
11:56:13.0 (35067170)|HEAP_ALLOCATE|[18]|Bytes:104
11:56:13.0 (35090914)|VARIABLE_SCOPE_BEGIN|[18]|allPRAs|List<Project_Risk_Assessment__c>|true|false
11:56:13.0 (35120017)|VARIABLE_ASSIGNMENT|[18]|allPRAs|"List of size 25 too large to display"|0x250bb05e
11:56:13.0 (35125609)|STATEMENT_EXECUTE|[26]
11:56:13.0 (35136173)|SYSTEM_MODE_EXIT|false
11:56:13.35 (35161237)|CUMULATIVE_LIMIT_USAGE
11:56:13.35 (35161237)|LIMIT_USAGE_FOR_NS|(default)|
  Number of SOQL queries: 2 out of 100
  Number of query rows: 49 out of 50000
  Number of SOSL queries: 0 out of 20
  Number of DML statements: 0 out of 150
  Number of DML rows: 0 out of 10000
  Maximum CPU time: 0 out of 10000
  Maximum heap size: 0 out of 6000000
  Number of callouts: 0 out of 100
  Number of Email Invocations: 0 out of 10
  Number of future calls: 0 out of 50
  Number of queueable jobs added to the queue: 0 out of 50
  Number of Mobile Apex push calls: 0 out of 10

11:56:13.35 (35161237)|TOTAL_EMAIL_RECIPIENTS_QUEUED|0
11:56:13.35 (35161237)|STATIC_VARIABLE_LIST|
  char[]:DigitTens:0
  long:serialVersionUID:0
  long:serialVersionUID:0
  double:MAX_VALUE:0
  Boolean:FALSE:0
  long:serialVersionUID:0
  String:_sfdcAdditionalCodeLocations:0
  double:MIN_VALUE:0
  int:SIZE:0
  double:NEGATIVE_INFINITY:0
  int:MAX_VALUE:0
  char[]:digits:0
  double:NaN:0
  Boolean:TRUE:0
  int:MIN_VALUE:0
  String:_sfdcSuppressedCodeLocations:0
  char[]:DigitOnes:0
  int:BYTES:0
  int:MIN_EXPONENT:0
  int[]:sizeTable:0
  int:MAX_EXPONENT:0
  String:_sfdcSuppressedCodeLocations:0
  String:_sfdcAdditionalCodeLocations:0
  int:SIZE:0
  double:POSITIVE_INFINITY:0
  double:MIN_NORMAL:0
  int:BYTES:0

11:56:13.35 (35161237)|CUMULATIVE_LIMIT_USAGE_END

11:56:13.0 (35282661)|CODE_UNIT_FINISHED|PRAController.getAllPRARecords
11:56:13.99 (99845339)|CUMULATIVE_PROFILING_BEGIN
11:56:13.99 (99845339)|CUMULATIVE_PROFILING|SOQL operations|
Class.PRAController.getAllPRARecords: line 18, column 1: [SELECT Id,name,Category__c,Is_Critical_Risk__c,ItemNo__c,Mitigation_Strategy__c,Rating__c,Risk_Item__c,
                                                             		description__c,Help_Text_0A__c,Help_Text_0B__c,Help_Text_0C__c,Help_Text_1A__c,Help_Text_1B__c, 
                                                             		Help_Text_1C__c,Help_Text_2A__c,Help_Text_2B__c,Help_Text_2C__c,Help_Text_3A__c,Help_Text_3B__c,
                                                             		Help_Text_3C__c,Mitigation_Advice__c,Selected_Indicators__c,Selected_Indicators_With_Text__c
												   FROM Project_Risk_Assessment__c
                                                   WHERE Opportunity__c = :opportunityId
                                                   ORDER BY ItemNo__c]: executed 1 time in 21 ms
Class.KCRAController.getAllKCRARecords: line 17, column 1: [SELECT   Id,name,
                                                           			recordtypeId,
                                                           			applicable__c,
                                                           			approved__c,
                                                           			itemno__c,
                                                           			KCRA_Item__c,Opportunity__c 
                                 							FROM     Key_Commercial_Risks_Approvals__c 
                                 							WHERE    Opportunity__c = :opportunityId
                                                           	ORDER BY itemno__c]: executed 1 time in 7 ms

11:56:13.99 (99845339)|CUMULATIVE_PROFILING|No profiling information for SOSL operations
11:56:13.99 (99845339)|CUMULATIVE_PROFILING|No profiling information for DML operations
11:56:13.99 (99845339)|CUMULATIVE_PROFILING|method invocations|
External entry point: public static List<Project_Risk_Assessment__c> getAllPRARecords(String): executed 1 time in 22 ms
External entry point: public static List<Key_Commercial_Risks_Approvals__c> getAllKCRARecords(String): executed 1 time in 8 ms

11:56:13.99 (99845339)|CUMULATIVE_PROFILING_END
