39.0 APEX_CODE,FINEST;APEX_PROFILING,FINEST;CALLOUT,INFO;DB,INFO;SYSTEM,DEBUG;VALIDATION,INFO;VISUALFORCE,INFO;WAVE,INFO;WORKFLOW,INFO
11:00:05.0 (66237)|USER_INFO|[EXTERNAL]|00528000006B07F|dev@systempartners.com.prod.pcphase2|Australian Eastern Standard Time|GMT+11:00
11:00:05.0 (90674)|EXECUTION_STARTED
11:00:05.0 (94681)|CODE_UNIT_STARTED|[EXTERNAL]|aura
11:00:05.0 (1370413)|HEAP_ALLOCATE|[72]|Bytes:3
11:00:05.0 (1396190)|HEAP_ALLOCATE|[77]|Bytes:152
11:00:05.0 (1407859)|HEAP_ALLOCATE|[342]|Bytes:408
11:00:05.0 (1426751)|HEAP_ALLOCATE|[355]|Bytes:408
11:00:05.0 (1445229)|HEAP_ALLOCATE|[467]|Bytes:48
11:00:05.0 (1474926)|HEAP_ALLOCATE|[139]|Bytes:6
11:00:05.0 (1502784)|HEAP_ALLOCATE|[EXTERNAL]|Bytes:18
11:00:05.0 (1515941)|HEAP_ALLOCATE|[EXTERNAL]|Bytes:18
11:00:05.0 (3030542)|CODE_UNIT_STARTED|[EXTERNAL]|01pO0000000372v|KCRAController.getAllKCRARecords
11:00:05.0 (3099231)|HEAP_ALLOCATE|[EXTERNAL]|Bytes:5
11:00:05.0 (3104997)|HEAP_ALLOCATE|[EXTERNAL]|Bytes:14
11:00:05.0 (3113802)|METHOD_ENTRY|[11]|01pO0000000372v|KCRAController.KCRAController()
11:00:05.0 (3117412)|STATEMENT_EXECUTE|[11]
11:00:05.0 (3121596)|STATEMENT_EXECUTE|[11]
11:00:05.0 (3127105)|METHOD_EXIT|[11]|KCRAController
11:00:05.0 (3130512)|HEAP_ALLOCATE|[EXTERNAL]|Bytes:18
11:00:05.0 (3138789)|SYSTEM_MODE_ENTER|false
11:00:05.0 (3146138)|VARIABLE_SCOPE_BEGIN|[14]|opportunityId|String|false|false
11:00:05.0 (3164923)|VARIABLE_ASSIGNMENT|[14]|opportunityId|"006O0000008kRsJIAU"
11:00:05.0 (3170808)|STATEMENT_EXECUTE|[14]
11:00:05.0 (3172250)|STATEMENT_EXECUTE|[17]
11:00:05.0 (3195347)|HEAP_ALLOCATE|[17]|Bytes:204
11:00:05.0 (3204660)|HEAP_ALLOCATE|[17]|Bytes:4
11:00:05.0 (3214929)|HEAP_ALLOCATE|[17]|Bytes:7
11:00:05.0 (3252457)|HEAP_ALLOCATE|[50]|Bytes:5
11:00:05.0 (3268519)|HEAP_ALLOCATE|[56]|Bytes:5
11:00:05.0 (3275853)|HEAP_ALLOCATE|[64]|Bytes:7
11:00:05.0 (3779227)|SOQL_EXECUTE_BEGIN|[17]|Aggregations:0|SELECT Id, name, recordtypeId, applicable__c, approved__c, itemno__c, KCRA_Item__c, Opportunity__c FROM Key_Commercial_Risks_Approvals__c WHERE Opportunity__c = :tmpVar1 ORDER BY itemno__c ASC NULLS FIRST
11:00:05.0 (3787840)|LIMIT_USAGE|[17]|SOQL|1|100
11:00:05.0 (3795302)|LIMIT_USAGE|[17]|AGGS|0|300
11:00:05.0 (9562584)|SOQL_EXECUTE_END|[17]|Rows:12
11:00:05.0 (9576488)|LIMIT_USAGE|[17]|SOQL_ROWS|12|50000
11:00:05.0 (9598759)|HEAP_ALLOCATE|[17]|Bytes:52
11:00:05.0 (9674317)|HEAP_ALLOCATE|[17]|Bytes:3578
11:00:05.0 (9776369)|HEAP_ALLOCATE|[17]|Bytes:52
11:00:05.0 (9800998)|VARIABLE_SCOPE_BEGIN|[17]|allKCRAs|List<Key_Commercial_Risks_Approvals__c>|true|false
11:00:05.0 (9828903)|VARIABLE_ASSIGNMENT|[17]|allKCRAs|"List of size 12 too large to display"|0x850a971
11:00:05.0 (9834202)|STATEMENT_EXECUTE|[27]
11:00:05.0 (9849062)|SYSTEM_MODE_EXIT|false
11:00:05.9 (9878094)|CUMULATIVE_LIMIT_USAGE
11:00:05.9 (9878094)|LIMIT_USAGE_FOR_NS|(default)|
  Number of SOQL queries: 1 out of 100
  Number of query rows: 12 out of 50000
  Number of SOSL queries: 0 out of 20
  Number of DML statements: 0 out of 150
  Number of DML rows: 0 out of 10000
  Maximum CPU time: 0 out of 10000
  Maximum heap size: 0 out of 6000000
  Number of callouts: 0 out of 100
  Number of Email Invocations: 0 out of 10
  Number of future calls: 0 out of 50
  Number of queueable jobs added to the queue: 0 out of 50
  Number of Mobile Apex push calls: 0 out of 10

11:00:05.9 (9878094)|TOTAL_EMAIL_RECIPIENTS_QUEUED|0
11:00:05.9 (9878094)|STATIC_VARIABLE_LIST|
  char[]:DigitTens:0
  long:serialVersionUID:0
  long:serialVersionUID:0
  double:MAX_VALUE:0
  Boolean:FALSE:0
  long:serialVersionUID:0
  String:_sfdcAdditionalCodeLocations:0
  double:MIN_VALUE:0
  int:SIZE:0
  double:NEGATIVE_INFINITY:0
  int:MAX_VALUE:0
  char[]:digits:0
  double:NaN:0
  Boolean:TRUE:0
  int:MIN_VALUE:0
  char[]:DigitOnes:0
  int:BYTES:0
  int:MIN_EXPONENT:0
  int[]:sizeTable:0
  int:MAX_EXPONENT:0
  String:_sfdcSuppressedCodeLocations:0
  int:SIZE:0
  double:POSITIVE_INFINITY:0
  double:MIN_NORMAL:0
  int:BYTES:0

11:00:05.9 (9878094)|CUMULATIVE_LIMIT_USAGE_END

11:00:05.0 (10053327)|CODE_UNIT_FINISHED|KCRAController.getAllKCRARecords
11:00:05.0 (10522296)|HEAP_ALLOCATE|[EXTERNAL]|Bytes:18
11:00:05.0 (10543121)|HEAP_ALLOCATE|[EXTERNAL]|Bytes:18
11:00:05.0 (13656694)|CODE_UNIT_STARTED|[EXTERNAL]|01pO00000003Dck|PRAController.getAllPRARecords
11:00:05.0 (13713090)|HEAP_ALLOCATE|[EXTERNAL]|Bytes:8
11:00:05.0 (13719924)|HEAP_ALLOCATE|[EXTERNAL]|Bytes:2
11:00:05.0 (13728602)|METHOD_ENTRY|[1]|01pO00000003Dck|PRAController.PRAController()
11:00:05.0 (13731451)|STATEMENT_EXECUTE|[1]
11:00:05.0 (13736131)|STATEMENT_EXECUTE|[1]
11:00:05.0 (13745619)|METHOD_EXIT|[1]|PRAController
11:00:05.0 (13749629)|HEAP_ALLOCATE|[EXTERNAL]|Bytes:18
11:00:05.0 (13758179)|SYSTEM_MODE_ENTER|false
11:00:05.0 (13763907)|VARIABLE_SCOPE_BEGIN|[15]|opportunityId|String|false|false
11:00:05.0 (13773605)|VARIABLE_ASSIGNMENT|[15]|opportunityId|"006O0000008kRsJIAU"
11:00:05.0 (13779061)|STATEMENT_EXECUTE|[15]
11:00:05.0 (13780517)|STATEMENT_EXECUTE|[18]
11:00:05.0 (13783476)|HEAP_ALLOCATE|[18]|Bytes:508
11:00:05.0 (13789668)|HEAP_ALLOCATE|[18]|Bytes:4
11:00:05.0 (14509767)|SOQL_EXECUTE_BEGIN|[18]|Aggregations:0|SELECT Id, name, Category__c, Is_Critical_Risk__c, ItemNo__c, Mitigation_Strategy__c, Rating__c, Risk_Item__c, description__c, Help_Text_0A__c, Help_Text_0B__c, Help_Text_0C__c, Help_Text_1A__c, Help_Text_1B__c, Help_Text_1C__c, Help_Text_2A__c, Help_Text_2B__c, Help_Text_2C__c, Help_Text_3A__c, Help_Text_3B__c, Help_Text_3C__c, Mitigation_Advice__c, Selected_Indicators__c, Selected_Indicators_With_Text__c FROM Project_Risk_Assessment__c WHERE Opportunity__c = :tmpVar1 ORDER BY ItemNo__c ASC NULLS FIRST
11:00:05.0 (14552541)|LIMIT_USAGE|[18]|SOQL|2|100
11:00:05.0 (14563403)|LIMIT_USAGE|[18]|AGGS|0|300
11:00:05.0 (35579211)|SOQL_EXECUTE_END|[18]|Rows:25
11:00:05.0 (35595133)|LIMIT_USAGE|[18]|SOQL_ROWS|37|50000
11:00:05.0 (35618408)|HEAP_ALLOCATE|[18]|Bytes:104
11:00:05.0 (35725394)|HEAP_ALLOCATE|[18]|Bytes:10109
11:00:05.0 (35792739)|HEAP_ALLOCATE|[18]|Bytes:104
11:00:05.0 (35816458)|VARIABLE_SCOPE_BEGIN|[18]|allPRAs|List<Project_Risk_Assessment__c>|true|false
11:00:05.0 (35842594)|VARIABLE_ASSIGNMENT|[18]|allPRAs|"List of size 25 too large to display"|0x3ce50784
11:00:05.0 (35848718)|STATEMENT_EXECUTE|[26]
11:00:05.0 (35882969)|SYSTEM_MODE_EXIT|false
11:00:05.35 (35910939)|CUMULATIVE_LIMIT_USAGE
11:00:05.35 (35910939)|LIMIT_USAGE_FOR_NS|(default)|
  Number of SOQL queries: 2 out of 100
  Number of query rows: 37 out of 50000
  Number of SOSL queries: 0 out of 20
  Number of DML statements: 0 out of 150
  Number of DML rows: 0 out of 10000
  Maximum CPU time: 0 out of 10000
  Maximum heap size: 0 out of 6000000
  Number of callouts: 0 out of 100
  Number of Email Invocations: 0 out of 10
  Number of future calls: 0 out of 50
  Number of queueable jobs added to the queue: 0 out of 50
  Number of Mobile Apex push calls: 0 out of 10

11:00:05.35 (35910939)|TOTAL_EMAIL_RECIPIENTS_QUEUED|0
11:00:05.35 (35910939)|STATIC_VARIABLE_LIST|
  char[]:DigitTens:0
  long:serialVersionUID:0
  long:serialVersionUID:0
  double:MAX_VALUE:0
  Boolean:FALSE:0
  long:serialVersionUID:0
  String:_sfdcAdditionalCodeLocations:0
  double:MIN_VALUE:0
  int:SIZE:0
  double:NEGATIVE_INFINITY:0
  int:MAX_VALUE:0
  char[]:digits:0
  double:NaN:0
  Boolean:TRUE:0
  int:MIN_VALUE:0
  String:_sfdcSuppressedCodeLocations:0
  char[]:DigitOnes:0
  int:BYTES:0
  int:MIN_EXPONENT:0
  int[]:sizeTable:0
  int:MAX_EXPONENT:0
  String:_sfdcSuppressedCodeLocations:0
  String:_sfdcAdditionalCodeLocations:0
  int:SIZE:0
  double:POSITIVE_INFINITY:0
  double:MIN_NORMAL:0
  int:BYTES:0

11:00:05.35 (35910939)|CUMULATIVE_LIMIT_USAGE_END

11:00:05.0 (36032562)|CODE_UNIT_FINISHED|PRAController.getAllPRARecords
11:00:05.97 (97538305)|CUMULATIVE_PROFILING_BEGIN
11:00:05.97 (97538305)|CUMULATIVE_PROFILING|SOQL operations|
Class.PRAController.getAllPRARecords: line 18, column 1: [SELECT Id,name,Category__c,Is_Critical_Risk__c,ItemNo__c,Mitigation_Strategy__c,Rating__c,Risk_Item__c,
                                                             		description__c,Help_Text_0A__c,Help_Text_0B__c,Help_Text_0C__c,Help_Text_1A__c,Help_Text_1B__c, 
                                                             		Help_Text_1C__c,Help_Text_2A__c,Help_Text_2B__c,Help_Text_2C__c,Help_Text_3A__c,Help_Text_3B__c,
                                                             		Help_Text_3C__c,Mitigation_Advice__c,Selected_Indicators__c,Selected_Indicators_With_Text__c
												   FROM Project_Risk_Assessment__c
                                                   WHERE Opportunity__c = :opportunityId
                                                   ORDER BY ItemNo__c]: executed 1 time in 22 ms
Class.KCRAController.getAllKCRARecords: line 17, column 1: [SELECT   Id,name,
                                                           			recordtypeId,
                                                           			applicable__c,
                                                           			approved__c,
                                                           			itemno__c,
                                                           			KCRA_Item__c,Opportunity__c 
                                 							FROM     Key_Commercial_Risks_Approvals__c 
                                 							WHERE    Opportunity__c = :opportunityId
                                                           	ORDER BY itemno__c]: executed 1 time in 7 ms

11:00:05.97 (97538305)|CUMULATIVE_PROFILING|No profiling information for SOSL operations
11:00:05.97 (97538305)|CUMULATIVE_PROFILING|No profiling information for DML operations
11:00:05.97 (97538305)|CUMULATIVE_PROFILING|method invocations|
External entry point: public static List<Project_Risk_Assessment__c> getAllPRARecords(String): executed 1 time in 22 ms
External entry point: public static List<Key_Commercial_Risks_Approvals__c> getAllKCRARecords(String): executed 1 time in 7 ms

11:00:05.97 (97538305)|CUMULATIVE_PROFILING_END
