39.0 APEX_CODE,FINEST;APEX_PROFILING,FINEST;CALLOUT,NONE;DB,FINEST;SYSTEM,FINE;VALIDATION,INFO;VISUALFORCE,INFO;WAVE,INFO;WORKFLOW,FINER
15:59:15.0 (742596)|USER_INFO|[EXTERNAL]|00528000006B07F|dev@systempartners.com.prod.pcphase2|Australian Eastern Standard Time|GMT+11:00
15:59:15.0 (796270)|EXECUTION_STARTED
15:59:15.0 (801064)|CODE_UNIT_STARTED|[EXTERNAL]|aura
15:59:15.0 (1322195)|HEAP_ALLOCATE|[72]|Bytes:3
15:59:15.0 (1364999)|HEAP_ALLOCATE|[77]|Bytes:152
15:59:15.0 (1379630)|HEAP_ALLOCATE|[342]|Bytes:408
15:59:15.0 (1395674)|HEAP_ALLOCATE|[355]|Bytes:408
15:59:15.0 (1411563)|HEAP_ALLOCATE|[467]|Bytes:48
15:59:15.0 (1438124)|HEAP_ALLOCATE|[139]|Bytes:6
15:59:15.0 (1459948)|HEAP_ALLOCATE|[EXTERNAL]|Bytes:18
15:59:15.0 (1482384)|HEAP_ALLOCATE|[EXTERNAL]|Bytes:18
15:59:15.0 (2905766)|CODE_UNIT_STARTED|[EXTERNAL]|01pO00000003MVy|ApprovalController.getOpportunityRecord
15:59:15.0 (3002261)|HEAP_ALLOCATE|[EXTERNAL]|Bytes:8
15:59:15.0 (3010257)|HEAP_ALLOCATE|[EXTERNAL]|Bytes:8
15:59:15.0 (3020607)|METHOD_ENTRY|[1]|01pO00000003MVy|ApprovalController.ApprovalController()
15:59:15.0 (3023935)|STATEMENT_EXECUTE|[1]
15:59:15.0 (3028780)|STATEMENT_EXECUTE|[1]
15:59:15.0 (3033558)|METHOD_EXIT|[1]|ApprovalController
15:59:15.0 (3037174)|HEAP_ALLOCATE|[EXTERNAL]|Bytes:18
15:59:15.0 (3047219)|SYSTEM_MODE_ENTER|false
15:59:15.0 (3056786)|VARIABLE_SCOPE_BEGIN|[15]|opportunityId|String|false|false
15:59:15.0 (3077864)|VARIABLE_ASSIGNMENT|[15]|opportunityId|"006O0000008kRsJIAU"
15:59:15.0 (3086492)|STATEMENT_EXECUTE|[15]
15:59:15.0 (3088045)|STATEMENT_EXECUTE|[18]
15:59:15.0 (3091671)|HEAP_ALLOCATE|[18]|Bytes:589
15:59:15.0 (3105404)|HEAP_ALLOCATE|[18]|Bytes:4
15:59:15.0 (3118091)|HEAP_ALLOCATE|[18]|Bytes:7
15:59:15.0 (3162842)|HEAP_ALLOCATE|[50]|Bytes:5
15:59:15.0 (3184735)|HEAP_ALLOCATE|[56]|Bytes:5
15:59:15.0 (3192563)|HEAP_ALLOCATE|[64]|Bytes:7
15:59:15.0 (4067720)|SOQL_EXECUTE_BEGIN|[18]|Aggregations:0|SELECT Id, name, Gate_Status__c, TSF_Gate_Status__c, CRA_Gate_Status__c, StageName, Competitor_Analysis_General_Comments__c, Are_there_any_critical_risks__c, Has_CRA_changed_since_last_approval__c, Has_TSF_changed_since_last_approval__c, Apply_Default_Bonding__c, Conversion_Budget_Comments__c, Is_Gate_1_To_3__c, Is_Gate_4_To_5__c, Net_Budget_EOI_PQ__c, Net_Budget_Post_Tender__c, Net_Budget_Tender__c, Net_Budget_Amount__c, Total_Budget_EOI_PQ__c, Total_Budget_Tender__c, Total_Budget_AUD__c, Total_Budget_Post_Tender__c, JH_Bid_Cost_of_JH_Revenue__c FROM Opportunity WHERE Id = :tmpVar1
15:59:15.0 (4084229)|LIMIT_USAGE|[18]|SOQL|1|100
15:59:15.0 (4094544)|LIMIT_USAGE|[18]|AGGS|0|300
15:59:15.0 (55939625)|SOQL_EXECUTE_END|[18]|Rows:1
15:59:15.0 (55956472)|LIMIT_USAGE|[18]|SOQL_ROWS|1|50000
15:59:15.0 (55978349)|HEAP_ALLOCATE|[18]|Bytes:8
15:59:15.0 (55991833)|HEAP_ALLOCATE|[18]|Bytes:847
15:59:15.0 (56044916)|HEAP_ALLOCATE|[18]|Bytes:8
15:59:15.0 (56066923)|VARIABLE_SCOPE_BEGIN|[18]|allOpps|List<Opportunity>|true|false
15:59:15.0 (56125144)|VARIABLE_ASSIGNMENT|[18]|allOpps|[{"Id":"006O0000008kRsJIAU","Name":"Test Alex 15 Mar 124 (3 more) ...","Gate_Status__c":"Reviewing Approvers","TSF_Gate_Status__c":"Not Applicable","CRA_Gate_Status__c":"Not Applicable","StageName":"Gate 1","Are_there_any_critic (11 more) ...":"No","Has_CRA_changed_sinc (18 more) ...":"Yes","Apply_Default_Bondin (4 more) ...":true,"Is_Gate_1_To_3__c":true,"Is_Gate_4_To_5__c":false,"Net_Budget_EOI_PQ__c":0,"Net_Budget_Post_Tend (5 more) ...":0,"Net_Budget_Tender__c":0,"Net_Budget_Amount__c":0,"Total_Budget_EOI_PQ_ (2 more) ...":0,"Total_Budget_Tender_ (2 more) ...":0,"Total_Budget_AUD__c":0,"Total_Budget_Post_Te (7 more) ...":0}]|0x33150d8b
15:59:15.0 (56136598)|STATEMENT_EXECUTE|[38]
15:59:15.0 (56157193)|SYSTEM_MODE_EXIT|false
15:59:15.56 (56199119)|CUMULATIVE_LIMIT_USAGE
15:59:15.56 (56199119)|LIMIT_USAGE_FOR_NS|(default)|
  Number of SOQL queries: 1 out of 100
  Number of query rows: 1 out of 50000
  Number of SOSL queries: 0 out of 20
  Number of DML statements: 0 out of 150
  Number of DML rows: 0 out of 10000
  Maximum CPU time: 0 out of 10000
  Maximum heap size: 0 out of 6000000
  Number of callouts: 0 out of 100
  Number of Email Invocations: 0 out of 10
  Number of future calls: 0 out of 50
  Number of queueable jobs added to the queue: 0 out of 50
  Number of Mobile Apex push calls: 0 out of 10

15:59:15.56 (56199119)|TOTAL_EMAIL_RECIPIENTS_QUEUED|0
15:59:15.56 (56199119)|STATIC_VARIABLE_LIST|
  char[]:DigitTens:0
  long:serialVersionUID:0
  long:serialVersionUID:0
  double:MAX_VALUE:0
  Boolean:FALSE:0
  long:serialVersionUID:0
  double:MIN_VALUE:0
  int:SIZE:0
  double:NEGATIVE_INFINITY:0
  int:MAX_VALUE:0
  String:_sfdcSuppressedCodeLocations:0
  char[]:digits:0
  double:NaN:0
  Boolean:TRUE:0
  int:MIN_VALUE:0
  char[]:DigitOnes:0
  int:BYTES:0
  int:MIN_EXPONENT:0
  int[]:sizeTable:0
  int:MAX_EXPONENT:0
  int:SIZE:0
  double:POSITIVE_INFINITY:0
  String:_sfdcAdditionalCodeLocations:0
  double:MIN_NORMAL:0
  int:BYTES:0

15:59:15.56 (56199119)|CUMULATIVE_LIMIT_USAGE_END

15:59:15.0 (56384852)|CODE_UNIT_FINISHED|ApprovalController.getOpportunityRecord
15:59:15.203 (203981823)|CUMULATIVE_PROFILING_BEGIN
15:59:15.203 (203981823)|CUMULATIVE_PROFILING|SOQL operations|
Class.ApprovalController.getOpportunityRecord: line 18, column 1: [SELECT   Id,name,
                                                           			Gate_Status__c,
                                                           			TSF_Gate_Status__c,
                                                           			CRA_Gate_Status__c,
                                                           			StageName,
                                    								Competitor_Analysis_General_Comments__c,
                                    								Are_there_any_critical_risks__c,
                                    								Has_CRA_changed_since_last_approval__c,
                                    								Has_TSF_changed_since_last_approval__c,
                                    								Apply_Default_Bonding__c,
                                    								Conversion_Budget_Comments__c,
                                    								Is_Gate_1_To_3__c, Is_Gate_4_To_5__c,
                                    								Net_Budget_EOI_PQ__c, Net_Budget_Post_Tender__c, 
                                    								Net_Budget_Tender__c, Net_Budget_Amount__c,
                                    								Total_Budget_EOI_PQ__c, Total_Budget_Tender__c, 
                                    								Total_Budget_AUD__c, Total_Budget_Post_Tender__c, 
                                    								JH_Bid_Cost_of_JH_Revenue__c
                                 							FROM     Opportunity
                                 							WHERE    Id = :opportunityId]: executed 1 time in 53 ms

15:59:15.203 (203981823)|CUMULATIVE_PROFILING|No profiling information for SOSL operations
15:59:15.203 (203981823)|CUMULATIVE_PROFILING|No profiling information for DML operations
15:59:15.203 (203981823)|CUMULATIVE_PROFILING|method invocations|
External entry point: public static List<Opportunity> getOpportunityRecord(String): executed 1 time in 54 ms

15:59:15.203 (203981823)|CUMULATIVE_PROFILING_END
