39.0 APEX_CODE,FINEST;APEX_PROFILING,FINEST;CALLOUT,INFO;DB,INFO;SYSTEM,DEBUG;VALIDATION,INFO;VISUALFORCE,INFO;WAVE,INFO;WORKFLOW,INFO
15:28:40.0 (384266)|USER_INFO|[EXTERNAL]|00528000006B07F|dev@systempartners.com.prod.pcphase2|Australian Eastern Standard Time|GMT+11:00
15:28:40.0 (411976)|EXECUTION_STARTED
15:28:40.0 (416385)|CODE_UNIT_STARTED|[EXTERNAL]|TRIGGERS
15:28:40.0 (447620)|CODE_UNIT_STARTED|[EXTERNAL]|01qO00000000SDP|opportunityTrigger on Opportunity trigger event BeforeUpdate for [006O0000008kYYv]
15:28:40.0 (489264)|HEAP_ALLOCATE|[EXTERNAL]|Bytes:8
15:28:40.0 (709238)|HEAP_ALLOCATE|[EXTERNAL]|Bytes:8
15:28:40.0 (1179444)|HEAP_ALLOCATE|[72]|Bytes:3
15:28:40.0 (1216418)|HEAP_ALLOCATE|[77]|Bytes:152
15:28:40.0 (1231089)|HEAP_ALLOCATE|[342]|Bytes:408
15:28:40.0 (1250413)|HEAP_ALLOCATE|[355]|Bytes:408
15:28:40.0 (1268477)|HEAP_ALLOCATE|[467]|Bytes:48
15:28:40.0 (1297256)|HEAP_ALLOCATE|[139]|Bytes:6
15:28:40.0 (1322436)|HEAP_ALLOCATE|[EXTERNAL]|Bytes:4
15:28:40.0 (1330180)|VARIABLE_SCOPE_BEGIN|[1]|this|opportunityTrigger|true|false
15:28:40.0 (1363156)|VARIABLE_ASSIGNMENT|[1]|this|{}|0x6085cca1
15:28:40.0 (1406957)|HEAP_ALLOCATE|[EXTERNAL]|Bytes:4
15:28:40.0 (1414299)|VARIABLE_SCOPE_BEGIN|[1]|this|opportunityTrigger|true|false
15:28:40.0 (1424655)|VARIABLE_ASSIGNMENT|[1]|this|{}|0x6085cca1
15:28:40.0 (1428350)|STATEMENT_EXECUTE|[1]
15:28:40.0 (1429851)|STATEMENT_EXECUTE|[4]
15:28:40.0 (5221147)|VARIABLE_SCOPE_BEGIN|[16]|opportunityTriggerHandler.KCRARecordTypeID|String|false|true
15:28:40.0 (5229099)|VARIABLE_SCOPE_BEGIN|[15]|opportunityTriggerHandler.KCRATemplateRecordTypeID|String|false|true
15:28:40.0 (5232868)|VARIABLE_SCOPE_BEGIN|[18]|opportunityTriggerHandler.PRARecordTypeID|String|false|true
15:28:40.0 (5236093)|VARIABLE_SCOPE_BEGIN|[17]|opportunityTriggerHandler.PRATemplateRecordTypeID|String|false|true
15:28:40.0 (5244523)|VARIABLE_SCOPE_BEGIN|[19]|opportunityTriggerHandler.recursion|Boolean|false|true
15:28:40.0 (5248434)|VARIABLE_SCOPE_BEGIN|[14]|opportunityTriggerHandler.runOnce|Boolean|false|true
15:28:40.0 (5913086)|VARIABLE_SCOPE_BEGIN|[5]|TriggerHandler.bypassedHandlers|Set<String>|true|true
15:28:40.0 (5994486)|VARIABLE_SCOPE_BEGIN|[4]|TriggerHandler.loopCountMap|Map<String,TriggerHandler.LoopCount>|true|true
15:28:40.0 (6027449)|HEAP_ALLOCATE|[4]|Bytes:21
15:28:40.0 (6062143)|METHOD_ENTRY|[13]|01pO0000000371i|opportunityTriggerHandler.opportunityTriggerHandler()
15:28:40.0 (6065816)|STATEMENT_EXECUTE|[13]
15:28:40.0 (6070014)|STATEMENT_EXECUTE|[13]
15:28:40.0 (6071422)|STATEMENT_EXECUTE|[14]
15:28:40.0 (6098554)|HEAP_ALLOCATE|[50]|Bytes:5
15:28:40.0 (6122586)|HEAP_ALLOCATE|[56]|Bytes:5
15:28:40.0 (6131852)|HEAP_ALLOCATE|[64]|Bytes:7
15:28:40.0 (6153184)|HEAP_ALLOCATE|[14]|Bytes:5
15:28:40.0 (6165088)|VARIABLE_ASSIGNMENT|[14]|opportunityTriggerHandler.runOnce|true
15:28:40.0 (6168854)|STATEMENT_EXECUTE|[15]
15:28:40.0 (6172336)|HEAP_ALLOCATE|[15]|Bytes:33
15:28:40.0 (6502375)|HEAP_ALLOCATE|[15]|Bytes:4
15:28:40.0 (6539901)|LIMIT_USAGE|[15]|RECORD_TYPE_DESCRIBES|1|100
15:28:40.0 (9326297)|HEAP_ALLOCATE|[15]|Bytes:16
15:28:40.0 (9337080)|HEAP_ALLOCATE|[15]|Bytes:13
15:28:40.0 (9455623)|HEAP_ALLOCATE|[15]|Bytes:4
15:28:40.0 (9488941)|HEAP_ALLOCATE|[15]|Bytes:18
15:28:40.0 (9504966)|VARIABLE_ASSIGNMENT|[15]|opportunityTriggerHandler.KCRATemplateRecordTypeID|"012O0000000DCgLIAW"
15:28:40.0 (9508252)|STATEMENT_EXECUTE|[16]
15:28:40.0 (9559794)|HEAP_ALLOCATE|[16]|Bytes:4
15:28:40.0 (9591463)|LIMIT_USAGE|[16]|RECORD_TYPE_DESCRIBES|2|100
15:28:40.0 (9612050)|HEAP_ALLOCATE|[16]|Bytes:16
15:28:40.0 (9619785)|HEAP_ALLOCATE|[16]|Bytes:4
15:28:40.0 (9652966)|HEAP_ALLOCATE|[16]|Bytes:4
15:28:40.0 (9660312)|HEAP_ALLOCATE|[16]|Bytes:18
15:28:40.0 (9670877)|VARIABLE_ASSIGNMENT|[16]|opportunityTriggerHandler.KCRARecordTypeID|"012O0000000DCgGIAW"
15:28:40.0 (9673932)|STATEMENT_EXECUTE|[17]
15:28:40.0 (9677018)|HEAP_ALLOCATE|[17]|Bytes:26
15:28:40.0 (9810861)|HEAP_ALLOCATE|[17]|Bytes:4
15:28:40.0 (9829819)|LIMIT_USAGE|[17]|RECORD_TYPE_DESCRIBES|3|100
15:28:40.0 (11334081)|HEAP_ALLOCATE|[17]|Bytes:16
15:28:40.0 (11346201)|HEAP_ALLOCATE|[17]|Bytes:12
15:28:40.0 (11403419)|HEAP_ALLOCATE|[17]|Bytes:4
15:28:40.0 (11414924)|HEAP_ALLOCATE|[17]|Bytes:18
15:28:40.0 (11430485)|VARIABLE_ASSIGNMENT|[17]|opportunityTriggerHandler.PRATemplateRecordTypeID|"012O0000000DDVTIA4"
15:28:40.0 (11442249)|STATEMENT_EXECUTE|[18]
15:28:40.0 (11500580)|HEAP_ALLOCATE|[18]|Bytes:4
15:28:40.0 (11521521)|LIMIT_USAGE|[18]|RECORD_TYPE_DESCRIBES|4|100
15:28:40.0 (11539493)|HEAP_ALLOCATE|[18]|Bytes:16
15:28:40.0 (11547395)|HEAP_ALLOCATE|[18]|Bytes:3
15:28:40.0 (11604055)|HEAP_ALLOCATE|[18]|Bytes:4
15:28:40.0 (11615106)|HEAP_ALLOCATE|[18]|Bytes:18
15:28:40.0 (11628985)|VARIABLE_ASSIGNMENT|[18]|opportunityTriggerHandler.PRARecordTypeID|"012O0000000DDVOIA4"
15:28:40.0 (11633584)|STATEMENT_EXECUTE|[19]
15:28:40.0 (11641510)|HEAP_ALLOCATE|[19]|Bytes:5
15:28:40.0 (11651249)|VARIABLE_ASSIGNMENT|[19]|opportunityTriggerHandler.recursion|false
15:28:40.0 (11659735)|METHOD_EXIT|[13]|opportunityTriggerHandler
15:28:40.0 (11677248)|HEAP_ALLOCATE|[4]|Bytes:12
15:28:40.0 (11692669)|CONSTRUCTOR_ENTRY|[4]|01pO0000000371i|<init>()
15:28:40.0 (11725227)|VARIABLE_SCOPE_BEGIN|[20]|this|opportunityTriggerHandler|true|false
15:28:40.0 (11829871)|VARIABLE_ASSIGNMENT|[20]|this|{}|0x40e37af8
15:28:40.0 (11836651)|STATEMENT_EXECUTE|[13]
15:28:40.0 (11849351)|HEAP_ALLOCATE|[20]|Bytes:48
15:28:40.0 (11857095)|HEAP_ALLOCATE|[20]|Bytes:69
15:28:40.0 (11876031)|METHOD_ENTRY|[1]|01pO00000003AAn|TriggerHandler.TriggerHandler()
15:28:40.0 (11881990)|STATEMENT_EXECUTE|[1]
15:28:40.0 (11888034)|STATEMENT_EXECUTE|[1]
15:28:40.0 (11890050)|STATEMENT_EXECUTE|[16]
15:28:40.0 (11891614)|STATEMENT_EXECUTE|[17]
15:28:40.0 (11898345)|HEAP_ALLOCATE|[17]|Bytes:4
15:28:40.0 (11942888)|VARIABLE_ASSIGNMENT|[17]|TriggerHandler.loopCountMap|{}|0x59e34caa
15:28:40.0 (11947661)|STATEMENT_EXECUTE|[18]
15:28:40.0 (11957110)|HEAP_ALLOCATE|[18]|Bytes:4
15:28:40.0 (12034328)|VARIABLE_ASSIGNMENT|[18]|TriggerHandler.bypassedHandlers|[]|0x7060ee3
15:28:40.0 (12040873)|STATEMENT_EXECUTE|[187]
15:28:40.0 (12056337)|STATEMENT_EXECUTE|[236]
15:28:40.0 (12064335)|METHOD_EXIT|[1]|TriggerHandler
15:28:40.0 (12074580)|CONSTRUCTOR_ENTRY|[20]|01pO00000003AAn|<init>()
15:28:40.0 (12182844)|VARIABLE_SCOPE_BEGIN|[22]|this|TriggerHandler|true|false
15:28:40.0 (12206852)|VARIABLE_ASSIGNMENT|[22]|this|{}|0x40e37af8
15:28:40.0 (12213159)|STATEMENT_EXECUTE|[1]
15:28:40.0 (12215395)|STATEMENT_EXECUTE|[9]
15:28:40.0 (12217145)|STATEMENT_EXECUTE|[13]
15:28:40.0 (12228203)|HEAP_ALLOCATE|[23]|Bytes:6
15:28:40.0 (12262101)|STATEMENT_EXECUTE|[22]
15:28:40.0 (12265347)|STATEMENT_EXECUTE|[23]
15:28:40.0 (12298312)|METHOD_ENTRY|[23]|01pO00000003AAn|TriggerHandler.setTriggerContext()
15:28:40.0 (12331926)|VARIABLE_SCOPE_BEGIN|[94]|this|TriggerHandler|true|false
15:28:40.0 (12353157)|VARIABLE_ASSIGNMENT|[94]|this|{}|0x40e37af8
15:28:40.0 (12361286)|STATEMENT_EXECUTE|[94]
15:28:40.0 (12363592)|STATEMENT_EXECUTE|[95]
15:28:40.0 (12384072)|METHOD_ENTRY|[95]|01pO00000003AAn|TriggerHandler.setTriggerContext(String, Boolean)
15:28:40.0 (12408603)|VARIABLE_SCOPE_BEGIN|[99]|this|TriggerHandler|true|false
15:28:40.0 (12428452)|VARIABLE_ASSIGNMENT|[99]|this|{}|0x40e37af8
15:28:40.0 (12433590)|VARIABLE_SCOPE_BEGIN|[99]|ctx|String|false|false
15:28:40.0 (12486069)|VARIABLE_ASSIGNMENT|[99]|ctx|null
15:28:40.0 (12495312)|VARIABLE_SCOPE_BEGIN|[99]|testMode|Boolean|false|false
15:28:40.0 (12502560)|VARIABLE_ASSIGNMENT|[99]|testMode|false
15:28:40.0 (12508604)|STATEMENT_EXECUTE|[99]
15:28:40.0 (12529491)|STATEMENT_EXECUTE|[103]
15:28:40.0 (12532012)|STATEMENT_EXECUTE|[104]
15:28:40.0 (12538805)|HEAP_ALLOCATE|[104]|Bytes:5
15:28:40.0 (12574048)|STATEMENT_EXECUTE|[111]
15:28:40.0 (12576945)|STATEMENT_EXECUTE|[112]
15:28:40.0 (12614196)|HEAP_ALLOCATE|[112]|Bytes:12
15:28:40.0 (12622003)|HEAP_ALLOCATE|[112]|Bytes:13
15:28:40.0 (12714214)|HEAP_ALLOCATE|[112]|Bytes:12
15:28:40.0 (12720845)|HEAP_ALLOCATE|[112]|Bytes:13
15:28:40.0 (12739576)|HEAP_ALLOCATE|[112]|Bytes:12
15:28:40.0 (12744387)|HEAP_ALLOCATE|[112]|Bytes:13
15:28:40.0 (12760414)|HEAP_ALLOCATE|[112]|Bytes:12
15:28:40.0 (12765243)|HEAP_ALLOCATE|[112]|Bytes:12
15:28:40.0 (12781515)|HEAP_ALLOCATE|[112]|Bytes:12
15:28:40.0 (12786390)|HEAP_ALLOCATE|[112]|Bytes:12
15:28:40.0 (12802436)|HEAP_ALLOCATE|[112]|Bytes:12
15:28:40.0 (12807311)|HEAP_ALLOCATE|[112]|Bytes:12
15:28:40.0 (12823208)|HEAP_ALLOCATE|[112]|Bytes:12
15:28:40.0 (12827973)|HEAP_ALLOCATE|[112]|Bytes:14
15:28:40.0 (12857317)|METHOD_EXIT|[95]|01pO00000003AAn|TriggerHandler.setTriggerContext(String, Boolean)
15:28:40.0 (12865974)|METHOD_EXIT|[23]|01pO00000003AAn|TriggerHandler.setTriggerContext()
15:28:40.0 (12872492)|CONSTRUCTOR_EXIT|[20]|01pO00000003AAn|<init>()
15:28:40.0 (12876432)|STATEMENT_EXECUTE|[20]
15:28:40.0 (12880940)|CONSTRUCTOR_EXIT|[4]|01pO0000000371i|<init>()
15:28:40.0 (12895081)|METHOD_ENTRY|[4]|01pO00000003AAn|TriggerHandler.run()
15:28:40.0 (12902294)|VARIABLE_SCOPE_BEGIN|[31]|this|TriggerHandler|true|false
15:28:40.0 (12930871)|VARIABLE_ASSIGNMENT|[31]|this|{"context":"0xc1acb2e","isTriggerExecuting":true}|0x40e37af8
15:28:40.0 (12937890)|STATEMENT_EXECUTE|[31]
15:28:40.0 (12951855)|METHOD_ENTRY|[33]|01pO00000003AAn|TriggerHandler.validateRun()
15:28:40.0 (12973334)|VARIABLE_SCOPE_BEGIN|[146]|this|TriggerHandler|true|false
15:28:40.0 (12997398)|VARIABLE_ASSIGNMENT|[146]|this|{"context":"0xc1acb2e","isTriggerExecuting":true}|0x40e37af8
15:28:40.0 (13004044)|STATEMENT_EXECUTE|[146]
15:28:40.0 (13012929)|STATEMENT_EXECUTE|[147]
15:28:40.0 (13026729)|METHOD_ENTRY|[150]|01pO00000003AAn|TriggerHandler.getHandlerName()
15:28:40.0 (13045127)|VARIABLE_SCOPE_BEGIN|[157]|this|TriggerHandler|true|false
15:28:40.0 (13067720)|VARIABLE_ASSIGNMENT|[157]|this|{"context":"0xc1acb2e","isTriggerExecuting":true}|0x40e37af8
15:28:40.0 (13073897)|STATEMENT_EXECUTE|[157]
15:28:40.0 (13076140)|STATEMENT_EXECUTE|[158]
15:28:40.0 (13222177)|HEAP_ALLOCATE|[158]|Bytes:365
15:28:40.0 (13319348)|HEAP_ALLOCATE|[158]|Bytes:365
15:28:40.0 (13337314)|HEAP_ALLOCATE|[158]|Bytes:1
15:28:40.0 (13393585)|HEAP_ALLOCATE|[158]|Bytes:25
15:28:40.0 (13409591)|METHOD_EXIT|[150]|01pO00000003AAn|TriggerHandler.getHandlerName()
15:28:40.0 (13432589)|STATEMENT_EXECUTE|[150]
15:28:40.0 (13435407)|STATEMENT_EXECUTE|[153]
15:28:40.0 (13441415)|METHOD_EXIT|[33]|01pO00000003AAn|TriggerHandler.validateRun()
15:28:40.0 (13446027)|STATEMENT_EXECUTE|[33]
15:28:40.0 (13448276)|STATEMENT_EXECUTE|[35]
15:28:40.0 (13459099)|METHOD_ENTRY|[35]|01pO00000003AAn|TriggerHandler.addToLoopCount()
15:28:40.0 (13484100)|VARIABLE_SCOPE_BEGIN|[133]|this|TriggerHandler|true|false
15:28:40.0 (13526185)|VARIABLE_ASSIGNMENT|[133]|this|{"context":"0xc1acb2e","isTriggerExecuting":true}|0x40e37af8
15:28:40.0 (13533652)|STATEMENT_EXECUTE|[133]
15:28:40.0 (13536266)|STATEMENT_EXECUTE|[134]
15:28:40.0 (13548383)|METHOD_ENTRY|[134]|01pO00000003AAn|TriggerHandler.getHandlerName()
15:28:40.0 (13573839)|VARIABLE_SCOPE_BEGIN|[157]|this|TriggerHandler|true|false
15:28:40.0 (13599611)|VARIABLE_ASSIGNMENT|[157]|this|{"context":"0xc1acb2e","isTriggerExecuting":true}|0x40e37af8
15:28:40.0 (13605929)|STATEMENT_EXECUTE|[157]
15:28:40.0 (13608457)|STATEMENT_EXECUTE|[158]
15:28:40.0 (13680260)|HEAP_ALLOCATE|[158]|Bytes:365
15:28:40.0 (13755501)|HEAP_ALLOCATE|[158]|Bytes:365
15:28:40.0 (13808854)|HEAP_ALLOCATE|[158]|Bytes:25
15:28:40.0 (13824435)|METHOD_EXIT|[134]|01pO00000003AAn|TriggerHandler.getHandlerName()
15:28:40.0 (13830762)|VARIABLE_SCOPE_BEGIN|[134]|handlerName|String|false|false
15:28:40.0 (13842711)|VARIABLE_ASSIGNMENT|[134]|handlerName|"opportunityTriggerHa (5 more) ..."
15:28:40.0 (13890342)|STATEMENT_EXECUTE|[135]
15:28:40.0 (13909715)|METHOD_EXIT|[35]|01pO00000003AAn|TriggerHandler.addToLoopCount()
15:28:40.0 (14055671)|STATEMENT_EXECUTE|[40]
15:28:40.0 (14060263)|STATEMENT_EXECUTE|[41]
15:28:40.0 (14075005)|METHOD_ENTRY|[41]|01pO0000000371i|opportunityTriggerHandler.beforeUpdate()
15:28:40.0 (14119249)|VARIABLE_SCOPE_BEGIN|[30]|this|opportunityTriggerHandler|true|false
15:28:40.0 (14154473)|VARIABLE_ASSIGNMENT|[30]|this|{"context":"0xc1acb2e","isTriggerExecuting":true}|0x40e37af8
15:28:40.0 (14161344)|STATEMENT_EXECUTE|[30]
15:28:40.0 (14163648)|STATEMENT_EXECUTE|[31]
15:28:40.0 (14177230)|METHOD_ENTRY|[31]|01pO0000000371i|opportunityTriggerHandler.determineGate()
15:28:40.0 (14202286)|VARIABLE_SCOPE_BEGIN|[112]|this|opportunityTriggerHandler|true|false
15:28:40.0 (14238438)|VARIABLE_ASSIGNMENT|[112]|this|{"context":"0xc1acb2e","isTriggerExecuting":true}|0x40e37af8
15:28:40.0 (14245322)|STATEMENT_EXECUTE|[112]
15:28:40.0 (14251857)|STATEMENT_EXECUTE|[113]
15:28:40.0 (14556050)|HEAP_ALLOCATE|[114]|Bytes:5
15:28:40.0 (14597414)|HEAP_ALLOCATE|[114]|Bytes:4
15:28:40.0 (14608448)|VARIABLE_SCOPE_BEGIN|[114]|opp|Opportunity|true|false
15:28:40.0 (30487389)|VARIABLE_ASSIGNMENT|[114]|opp|{"LastModifiedDate":"2017-03-27T04:26:51.000Z","Regional_Business__c":"a0BO000000F5hL5MAJ","Technology__c":"Look at new technolo (169 more) ...","Industry_Sector_GM__ (1 more) ...":"00528000006BVXaAAO","TSF_Gate_Status__c":"Not Applicable","Count_of_Tender_Less (21 more) ...":0,"CloseDate":"2018-01-01T00:00:00.000Z","HasOpenActivity":false,"Budget_Confirmed__c":false,"Overall_Prospect_Val (5 more) ...":61000000,"Methodology__c":"Investigate construc (320 more) ...","Less_Cost_Recoveries (10 more) ...":0,"District__c":"Northern Rivers","Value_of_Managed_Wor (5 more) ...":950000,"Discipline__c":"TBC","State__c":"New South Wales","D_I_Involvement__c":false,"IsDeleted":false,"Non_Binding_Proposal (12 more) ...":true,"Net_Budget_Post_Tend (5 more) ...":0,"Parent_Company_Guara (11 more) ...":" ","Detailed_Description (3 more) ...":"This prospect is Mai (797 more) ...","ROI_Analysis_Complet (5 more) ...":false,"PPP_or_Third_Party_F (16 more) ...":false,"Executive_Summary__c":"This prospect is Mai (796 more) ...","CRA_Gate_Status__c":"Not Applicable","Tender_Dates_Header_ (2 more) ...":" ","Less_Cost_Recoveries (10 more) ...":0,"Is_internal_BG_colla (11 more) ...":false,"Prospect_Status__c":"Dead - Unsuitable fo (4 more) ...","People__c":"- Explore efficienci (267 more) ...","Id":"006O0000008kYYvIAM","Proposed_Margin_on_R (9 more) ...":5,"Client_Drivers__c":"Value for money / go (61 more) ...","Cost__c":"- Obtain and utilise (1146 more) ...","Relationship__c":"Lismore Hospital Sta (53 more) ...","IsClosed":false,"Payment_Mechanism__c":"TBC","Delivery_End_Date__c":"2020-12-31T00:00:00.000Z","OwnerId":"00528000006B07FAAS","Prospect_Duration_Yr (4 more) ...":3.0,"Reason_For_Performin (9 more) ...":"Key client for JH in (386 more) ...","RecordTypeId":"012O0000000DD8KIAW","Country__c":"Australia","Total_Budget_AUD__c":0,"StageName":"Gate 2","Amount":60000000.00,"Probability":40,"EOI_PQ_Close_Date__c":"2017-05-31T00:00:00.000Z","Sponsor_Details_Head (5 more) ...":" ","Independent_Credit_C (16 more) ...":false,"JH_Revenue_Share__c":60000000,"SystemModstamp":"2017-03-27T04:26:51.000Z","Total_Less_Recoverie (4 more) ...":0,"Business_Development (11 more) ...":"00528000006BYTIAA4","Count_of_EOI_Lessons (18 more) ...":1,"AccountId":"001O0000018AKplIAG","HasOpportunityLineIt (2 more) ...":false,"Prospect_Number__c":"PRS-0000024","Procurement_Process_ (2 more) ...":"John Holland has bee (474 more) ...","ForecastCategory":"Pipeline","Net_Budget_EOI_PQ__c":0,"Client_Relationship_ (13 more) ...":"Quarterly meetings t (363 more) ...","Number_of_PRA_Critic (19 more) ...":2,"Name":"Lismore Base Hospita (73 more) ...","Prospect_Priority__c":"4","Time__c":"- Develop a design a (794 more) ...","CreatedById":"00528000006B07FAAS","Winning_Strategy_Hea (6 more) ...":" ","A_PCG_Is_Required_Fr (5 more) ...":"JHG","Design__c":"- Develop a design p (431 more) ...","Tender_Close_Date__c":"2017-06-30T00:00:00.000Z","JH_Margin_Value__c":3000000,"Other__c":"Put a big effort in  (120 more) ...","Innovation__c":"Other opportunities  (276 more) ...","Defect_Liability_Dur (15 more) ...":12,"Sync_Date_Fields__c":false,"Is_this_project_a_JV (15 more) ...":false,"Project_Duration_Mon (6 more) ...":36,"JH_Bid_Cost_of_JH_Re (8 more) ...":0.0,"Delivery_End_Defect_ (21 more) ...":"2021-12-31T00:00:00.000Z","Is_Gate_1_To_3__c":true,"Bonding_Security_Hea (6 more) ...":" ","Net_Budget_Tender__c":0,"CreatedDate":"2017-03-15T22:16:11.000Z","HasOverdueTask":false,"Discovery_Completed_ (2 more) ...":false,"Data_Quality_Score__ (1 more) ...":40,"Project_Probability_ (2 more) ...":100,"ForecastCategoryName":"Pipeline","Client_Probity__c":false,"Client_Supplied_Mate (8 more) ...":1000000,"Relationships__c":"- Good relationship  (160 more) ...","Total_Budget_EOI_PQ_ (2 more) ...":0,"Managing_Contractor_ (12 more) ...":false,"Manually_Assign_Gate (5 more) ...":false,"Business_Group__c":"a0BO000000F5hL0MAJ","Contract_Type__c":"Managing Contractor","Prospect_Location_He (8 more) ...":" ","Anticipated_Revenue_ (13 more) ...":"2018-03-01T00:00:00.000Z","Is_Gate_4_To_5__c":false,"Also_Known_As__c":"Lismore Base Hospita (1 more) ...","Data_Quality_Descrip (7 more) ...":"Missing: Type, Lead  (18 more) ...","ExpectedRevenue":24000000.00,"Net_Budget_Amount__c":0,"IsWon":false,"EOI_PQ_Start_Date__c":"2017-03-31T00:00:00.000Z","Location__c":"Lismore, New South W (15 more) ...","D_I_Involvement_Text (3 more) ...":"No","Less_Cost_Recoveries (15 more) ...":0,"Financial_Viability_ (11 more) ...":"Annual budget for ne (45 more) ...","Request_For_Special_ (22 more) ...":false,"Conga_Other_Heading_ (8 more) ...":"ECI/RFT","Apply_Default_Bondin (4 more) ...":true,"Gate_Status__c":"Submitted For Approv (2 more) ...","Win_Probability__c":90,"D_I_Involvement_Guid (12 more) ...":"This box should be c (183 more) ...","Total_Budget_Tender_ (2 more) ...":0,"Total_Budget_Post_Te (7 more) ...":0,"Restrict_Access__c":false,"Nearest_City__c":"Lismore","Tender_Start_Date__c":"2017-06-15T00:00:00.000Z","Other_Custom_Heading (3 more) ...":"ECI/RFT","Alignment_with_Busin (11 more) ...":"Category 1 client in (90 more) ...","IsPrivate":false,"LastModifiedById":"00528000006B07FAAS","Is_internal_Regional (21 more) ...":false}|0x3e56de04
15:28:40.0 (30527555)|STATEMENT_EXECUTE|[114]
15:28:40.0 (30531237)|STATEMENT_EXECUTE|[115]
15:28:40.0 (30804846)|VARIABLE_SCOPE_BEGIN|[115]|oldOpp|Opportunity|true|false
15:28:40.0 (35262445)|VARIABLE_ASSIGNMENT|[115]|oldOpp|{"LastModifiedDate":"2017-03-27T04:26:51.000Z","Regional_Business__c":"a0BO000000F5hL5MAJ","Technology__c":"Look at new technolo (169 more) ...","Industry_Sector_GM__ (1 more) ...":"00528000006BVXaAAO","TSF_Gate_Status__c":"Not Applicable","Count_of_Tender_Less (21 more) ...":0,"CloseDate":"2018-01-01T00:00:00.000Z","HasOpenActivity":false,"Budget_Confirmed__c":false,"Overall_Prospect_Val (5 more) ...":61000000,"Methodology__c":"Investigate construc (320 more) ...","Less_Cost_Recoveries (10 more) ...":0,"District__c":"Northern Rivers","Value_of_Managed_Wor (5 more) ...":950000,"Discipline__c":"TBC","State__c":"New South Wales","D_I_Involvement__c":false,"IsDeleted":false,"Non_Binding_Proposal (12 more) ...":true,"Net_Budget_Post_Tend (5 more) ...":0,"Parent_Company_Guara (11 more) ...":" ","Detailed_Description (3 more) ...":"This prospect is Mai (797 more) ...","ROI_Analysis_Complet (5 more) ...":false,"PPP_or_Third_Party_F (16 more) ...":false,"Executive_Summary__c":"This prospect is Mai (796 more) ...","CRA_Gate_Status__c":"Not Applicable","Tender_Dates_Header_ (2 more) ...":" ","Less_Cost_Recoveries (10 more) ...":0,"Is_internal_BG_colla (11 more) ...":false,"Prospect_Status__c":"Dead - Unsuitable fo (4 more) ...","People__c":"- Explore efficienci (267 more) ...","Id":"006O0000008kYYvIAM","Proposed_Margin_on_R (9 more) ...":5,"Client_Drivers__c":"Value for money / go (61 more) ...","Cost__c":"- Obtain and utilise (1146 more) ...","Relationship__c":"Lismore Hospital Sta (53 more) ...","IsClosed":false,"Payment_Mechanism__c":"TBC","Delivery_End_Date__c":"2020-12-31T00:00:00.000Z","OwnerId":"00528000006B07FAAS","Prospect_Duration_Yr (4 more) ...":3.0,"Reason_For_Performin (9 more) ...":"Key client for JH in (386 more) ...","RecordTypeId":"012O0000000DD8KIAW","Country__c":"Australia","Total_Budget_AUD__c":0,"StageName":"Gate 2","Amount":60000000.00,"Probability":40,"EOI_PQ_Close_Date__c":"2017-05-31T00:00:00.000Z","Sponsor_Details_Head (5 more) ...":" ","Independent_Credit_C (16 more) ...":false,"JH_Revenue_Share__c":60000000,"SystemModstamp":"2017-03-27T04:26:51.000Z","Total_Less_Recoverie (4 more) ...":0,"Business_Development (11 more) ...":"00528000006BYTIAA4","Count_of_EOI_Lessons (18 more) ...":1,"AccountId":"001O0000018AKplIAG","HasOpportunityLineIt (2 more) ...":false,"Prospect_Number__c":"PRS-0000024","Procurement_Process_ (2 more) ...":"John Holland has bee (474 more) ...","ForecastCategory":"Pipeline","Net_Budget_EOI_PQ__c":0,"Client_Relationship_ (13 more) ...":"Quarterly meetings t (363 more) ...","Number_of_PRA_Critic (19 more) ...":2,"Name":"Lismore Base Hospita (73 more) ...","Prospect_Priority__c":"4","Time__c":"- Develop a design a (794 more) ...","CreatedById":"00528000006B07FAAS","Winning_Strategy_Hea (6 more) ...":" ","A_PCG_Is_Required_Fr (5 more) ...":"JHG","Design__c":"- Develop a design p (431 more) ...","Tender_Close_Date__c":"2017-06-30T00:00:00.000Z","JH_Margin_Value__c":3000000,"Other__c":"Put a big effort in  (120 more) ...","Innovation__c":"Other opportunities  (276 more) ...","Defect_Liability_Dur (15 more) ...":12,"Sync_Date_Fields__c":false,"Is_this_project_a_JV (15 more) ...":false,"Project_Duration_Mon (6 more) ...":36,"JH_Bid_Cost_of_JH_Re (8 more) ...":0.0,"Delivery_End_Defect_ (21 more) ...":"2021-12-31T00:00:00.000Z","Is_Gate_1_To_3__c":true,"Bonding_Security_Hea (6 more) ...":" ","Net_Budget_Tender__c":0,"CreatedDate":"2017-03-15T22:16:11.000Z","HasOverdueTask":false,"Discovery_Completed_ (2 more) ...":false,"Data_Quality_Score__ (1 more) ...":40,"Project_Probability_ (2 more) ...":100,"ForecastCategoryName":"Pipeline","Client_Probity__c":false,"Client_Supplied_Mate (8 more) ...":1000000,"Relationships__c":"- Good relationship  (160 more) ...","Total_Budget_EOI_PQ_ (2 more) ...":0,"Managing_Contractor_ (12 more) ...":false,"Manually_Assign_Gate (5 more) ...":false,"Business_Group__c":"a0BO000000F5hL0MAJ","Contract_Type__c":"Managing Contractor","Prospect_Location_He (8 more) ...":" ","Anticipated_Revenue_ (13 more) ...":"2018-03-01T00:00:00.000Z","Is_Gate_4_To_5__c":false,"Also_Known_As__c":"Lismore Base Hospita (1 more) ...","Data_Quality_Descrip (7 more) ...":"Missing: Type, Lead  (18 more) ...","ExpectedRevenue":24000000.00,"Net_Budget_Amount__c":0,"IsWon":false,"EOI_PQ_Start_Date__c":"2017-03-31T00:00:00.000Z","Location__c":"Lismore, New South W (15 more) ...","D_I_Involvement_Text (3 more) ...":"No","Less_Cost_Recoveries (15 more) ...":0,"Financial_Viability_ (11 more) ...":"Annual budget for ne (45 more) ...","Request_For_Special_ (22 more) ...":false,"Conga_Other_Heading_ (8 more) ...":"ECI/RFT","Apply_Default_Bondin (4 more) ...":true,"Gate_Status__c":"Submitted For Approv (2 more) ...","Win_Probability__c":90,"D_I_Involvement_Guid (12 more) ...":"This box should be c (183 more) ...","Total_Budget_Tender_ (2 more) ...":0,"Total_Budget_Post_Te (7 more) ...":0,"Restrict_Access__c":false,"Nearest_City__c":"Lismore","Tender_Start_Date__c":"2017-06-15T00:00:00.000Z","Other_Custom_Heading (3 more) ...":"ECI/RFT","Alignment_with_Busin (11 more) ...":"Category 1 client in (90 more) ...","IsPrivate":false,"LastModifiedById":"00528000006B07FAAS","Is_internal_Regional (21 more) ...":false}|0x40d8c089
15:28:40.0 (35342794)|STATEMENT_EXECUTE|[118]
15:28:40.0 (35351885)|HEAP_ALLOCATE|[124]|Bytes:6
15:28:40.0 (35363498)|STATEMENT_EXECUTE|[124]
15:28:40.0 (35368807)|HEAP_ALLOCATE|[129]|Bytes:3
15:28:40.0 (35378430)|HEAP_ALLOCATE|[142]|Bytes:6
15:28:40.0 (35388325)|HEAP_ALLOCATE|[160]|Bytes:6
15:28:40.0 (35395351)|STATEMENT_EXECUTE|[160]
15:28:40.0 (35415339)|HEAP_ALLOCATE|[161]|Bytes:8
15:28:40.0 (35427829)|HEAP_ALLOCATE|[165]|Bytes:8
15:28:40.0 (35433826)|STATEMENT_EXECUTE|[161]
15:28:40.0 (35435383)|STATEMENT_EXECUTE|[168]
15:28:40.0 (35437362)|HEAP_ALLOCATE|[168]|Bytes:14
15:28:40.0 (36508078)|VARIABLE_ASSIGNMENT|[168]|this.TSF_Gate_Status__c|"Not Applicable"|0x3e56de04
15:28:40.0 (36514046)|STATEMENT_EXECUTE|[169]
15:28:40.0 (37545640)|VARIABLE_ASSIGNMENT|[169]|this.CRA_Gate_Status__c|"Not Applicable"|0x3e56de04
15:28:40.0 (37576975)|HEAP_ALLOCATE|[114]|Bytes:5
15:28:40.0 (37594839)|VARIABLE_ASSIGNMENT|[114]|opp|null|
15:28:40.0 (37598135)|STATEMENT_EXECUTE|[211]
15:28:40.0 (37605402)|HEAP_ALLOCATE|[211]|Bytes:5
15:28:40.0 (37619117)|VARIABLE_ASSIGNMENT|[211]|opportunityTriggerHandler.recursion|true
15:28:40.0 (37627198)|METHOD_EXIT|[31]|01pO0000000371i|opportunityTriggerHandler.determineGate()
15:28:40.0 (37634828)|METHOD_EXIT|[41]|01pO0000000371i|opportunityTriggerHandler.beforeUpdate()
15:28:40.0 (37640166)|METHOD_EXIT|[4]|01pO00000003AAn|TriggerHandler.run()
15:28:40.37 (37647888)|CUMULATIVE_LIMIT_USAGE
15:28:40.37 (37647888)|LIMIT_USAGE_FOR_NS|(default)|
  Number of SOQL queries: 0 out of 100
  Number of query rows: 0 out of 50000
  Number of SOSL queries: 0 out of 20
  Number of DML statements: 0 out of 150
  Number of DML rows: 0 out of 10000
  Maximum CPU time: 0 out of 10000
  Maximum heap size: 0 out of 6000000
  Number of callouts: 0 out of 100
  Number of Email Invocations: 0 out of 10
  Number of future calls: 0 out of 50
  Number of queueable jobs added to the queue: 0 out of 50
  Number of Mobile Apex push calls: 0 out of 10

15:28:40.37 (37647888)|TOTAL_EMAIL_RECIPIENTS_QUEUED|0
15:28:40.37 (37647888)|STATIC_VARIABLE_LIST|
  char[]:DigitTens:0
  long:serialVersionUID:0
  long:serialVersionUID:0
  String:_sfdcAdditionalCodeLocations:0
  String:_sfdcAdditionalCodeLocations:0
  double:MAX_VALUE:0
  Boolean:FALSE:0
  long:serialVersionUID:0
  String:_sfdcAdditionalCodeLocations:0
  String:_static_PRATemplateRecordTypeID:0
  Boolean:_static_runOnce:0
  double:MIN_VALUE:0
  int:SIZE:0
  TriggerHandler.TriggerContext:BEFORE_INSERT:0
  double:NEGATIVE_INFINITY:0
  int:MAX_VALUE:0
  TriggerHandler.TriggerContext:AFTER_UNDELETE:0
  char[]:digits:0
  double:NaN:0
  Boolean:TRUE:0
  TriggerHandler.TriggerContext:AFTER_INSERT:0
  Boolean:_static_recursion:0
  TriggerHandler.TriggerContext:AFTER_DELETE:0
  int:MIN_VALUE:0
  char[]:DigitOnes:0
  String:_static_KCRATemplateRecordTypeID:0
  TriggerHandler.TriggerContext:AFTER_UPDATE:0
  String:__sfdcInnerTypes:0
  int:BYTES:0
  Map<String,TriggerHandler.LoopCount>:_static_loopCountMap:0
  Set<String>:_static_bypassedHandlers:0
  int:MIN_EXPONENT:0
  int[]:sizeTable:0
  TriggerHandler.TriggerContext:BEFORE_DELETE:0
  int:MAX_EXPONENT:0
  String:_static_PRARecordTypeID:0
  TriggerHandler.TriggerContext:BEFORE_UPDATE:0
  int:SIZE:0
  double:POSITIVE_INFINITY:0
  double:MIN_NORMAL:0
  String:_static_KCRARecordTypeID:0
  int:BYTES:0

15:28:40.37 (37647888)|CUMULATIVE_LIMIT_USAGE_END

15:28:40.0 (40339869)|CODE_UNIT_FINISHED|opportunityTrigger on Opportunity trigger event BeforeUpdate for [006O0000008kYYv]
15:28:40.0 (65407634)|CODE_UNIT_STARTED|[EXTERNAL]|Validation:Opportunity:006O0000008kYYv
15:28:40.0 (65427826)|VALIDATION_RULE|03dO00000000vWR|CANDY_Tender_No_mandatory_at_Gate_4
15:28:40.0 (65589839)|VALIDATION_FORMULA|AND(ISBLANK(Value_of_Managed_Works__c ), 
ISPICKVAL(StageName, "Gate 4"))|Value_of_Managed_Works__c=950000 , StageName=Gate 2
15:28:40.0 (65596217)|VALIDATION_PASS
15:28:40.0 (65598305)|VALIDATION_RULE|03dO00000000vKk|Enforce_EOI_AND_PQ_Dates
15:28:40.0 (65788993)|VALIDATION_FORMULA|AND( 
Non_Binding_Proposal_Required__c = TRUE, 
OR(
ISBLANK( EOI_PQ_Start_Date__c),
ISBLANK( EOI_PQ_Close_Date__c)))|EOI_PQ_Close_Date__c=2017-05-31 00:00:00 , Non_Binding_Proposal_Required__c=1 , EOI_PQ_Start_Date__c=2017-03-31 00:00:00
15:28:40.0 (65794756)|VALIDATION_PASS
15:28:40.0 (65796319)|VALIDATION_RULE|03dO00000000vWW|Make_PCG_mandatory_at_Gate_2
15:28:40.0 (65926932)|VALIDATION_FORMULA|AND( 
ISPICKVAL(StageName, "Gate 2"), 
ISBLANK(TEXT(A_PCG_Is_Required_From__c)))|A_PCG_Is_Required_From__c=JHG , StageName=Gate 2
15:28:40.0 (65932534)|VALIDATION_PASS
15:28:40.0 (65934016)|VALIDATION_RULE|03dO000000011W3|Must_enter_a_Reason_for_Status_if_Dead
15:28:40.0 (74046886)|VALIDATION_FORMULA|AND(OR(ISPICKVAL(Prospect_Status__c, 'Dead - Failed to Prequalify'), ISPICKVAL(Prospect_Status__c, 'EOI Dead - Project Cancelled'),ISPICKVAL(Prospect_Status__c, 'Tender Dead - Project Cancelled'), ISPICKVAL(Prospect_Status__c, 'Dead - Unsuitable for JH')), ISBLANK( Reason_for_Status__c))|Prospect_Status__c=Dead - Unsuitable for JH , Reason_for_Status__c=null
15:28:40.0 (74130349)|VALIDATION_FAIL
15:28:40.0 (74298170)|VALIDATION_RULE|03dO00000000vKz|Populate_District_if_Country_is_Aust
15:28:40.0 (74432108)|VALIDATION_FORMULA|AND(
ISPICKVAL( Country__c, "Australia"),
ISBLANK(TEXT( District__c )))|Country__c=Australia , District__c=Northern Rivers
15:28:40.0 (74437941)|VALIDATION_PASS
15:28:40.0 (74439385)|VALIDATION_RULE|03dO00000000vKp|Populate_State_if_Country_is_Australia
15:28:40.0 (74564906)|VALIDATION_FORMULA|AND(
ISPICKVAL( Country__c, "Australia"),
ISBLANK(TEXT(State__c)))|Country__c=Australia , State__c=New South Wales
15:28:40.0 (74571822)|VALIDATION_PASS
15:28:40.0 (74573560)|VALIDATION_RULE|03dO00000000vL9|Populate_value_of_managed_works
15:28:40.0 (74716893)|VALIDATION_FORMULA|AND(ISBLANK( Value_of_Managed_Works__c ),
OR(
ISPICKVAL( Contract_Type__c, "Managing Contractor"),
ISPICKVAL( Contract_Type__c, "Construction Management")))|Value_of_Managed_Works__c=950000 , Contract_Type__c=Managing Contractor
15:28:40.0 (74722963)|VALIDATION_PASS
15:28:40.0 (74724454)|VALIDATION_RULE|03dO00000000vLT|Winning_Strategy_Other_Custom_Heading
15:28:40.0 (74875978)|VALIDATION_FORMULA|AND(LEN( Other__c )  > 0,
ISBLANK( Other_Custom_Heading__c ))|Other__c=Put a big effort in the ECI/RFT phase (8 wks) to come up with smarts that save the client &amp; JH money and minimise risk.. Multiplex will. , Other_Custom_Heading__c=ECI/RFT
15:28:40.0 (74881784)|VALIDATION_PASS
15:28:40.0 (74927919)|CODE_UNIT_FINISHED|Validation:Opportunity:006O0000008kYYv
15:28:40.0 (81048001)|CODE_UNIT_FINISHED|TRIGGERS
15:28:40.0 (81055559)|EXECUTION_FINISHED
15:28:40.85 (85839244)|CUMULATIVE_PROFILING_BEGIN
15:28:40.85 (85839244)|CUMULATIVE_PROFILING|No profiling information for SOQL operations
15:28:40.85 (85839244)|CUMULATIVE_PROFILING|No profiling information for SOSL operations
15:28:40.85 (85839244)|CUMULATIVE_PROFILING|No profiling information for DML operations
15:28:40.85 (85839244)|CUMULATIVE_PROFILING|method invocations|
External entry point: public void invoke(): executed 1 time in 36 ms
Trigger.opportunityTrigger: line 4, column 1: public opportunityTriggerHandler(): executed 2 times in 26 ms
Class.TriggerHandler.run: line 41, column 1: public void beforeUpdate(): executed 1 time in 23 ms
Class.opportunityTriggerHandler.beforeUpdate: line 31, column 1: private void determineGate(): executed 1 time in 23 ms
Class.TriggerHandler.run: line 33, column 1: private Boolean validateRun(): executed 1 time in 1 ms
Class.TriggerHandler.validateRun: line 150, column 1: private String getHandlerName(): executed 2 times in 1 ms
Class.TriggerHandler: line 18, column 1: public Set<String>(Integer): executed 1 time in 0 ms
Class.TriggerHandler.run: line 35, column 1: private void addToLoopCount(): executed 1 time in 0 ms
Class.TriggerHandler.addToLoopCount: line 134, column 1: private String getHandlerName(): executed 1 time in 0 ms
Class.TriggerHandler.run: line 38, column 1: public static Integer compareObjects(Object, Object): executed 1 time in 0 ms
Class.TriggerHandler.<init>: line 23, column 1: private void setTriggerContext(): executed 1 time in 0 ms

15:28:40.85 (85839244)|CUMULATIVE_PROFILING_END
