39.0 APEX_CODE,FINEST;APEX_PROFILING,INFO;CALLOUT,INFO;DB,INFO;SYSTEM,DEBUG;VALIDATION,INFO;VISUALFORCE,INFO;WAVE,INFO;WORKFLOW,INFO
01:28:37.0 (612955)|USER_INFO|[EXTERNAL]|005O0000003t7an|ricky.lowe@jhg.com.au.pcphase2|Australian Eastern Standard Time|GMT+11:00
01:28:37.0 (647969)|EXECUTION_STARTED
01:28:37.0 (653382)|CODE_UNIT_STARTED|[EXTERNAL]|VisualForce View State
01:28:37.0 (259153253)|HEAP_ALLOCATE|[72]|Bytes:3
01:28:37.0 (259209532)|HEAP_ALLOCATE|[77]|Bytes:152
01:28:37.0 (259229407)|HEAP_ALLOCATE|[342]|Bytes:408
01:28:37.0 (259248731)|HEAP_ALLOCATE|[355]|Bytes:408
01:28:37.0 (259263643)|HEAP_ALLOCATE|[467]|Bytes:48
01:28:37.0 (259294426)|HEAP_ALLOCATE|[139]|Bytes:6
01:28:37.0 (259323334)|HEAP_ALLOCATE|[50]|Bytes:5
01:28:37.0 (259346726)|HEAP_ALLOCATE|[56]|Bytes:5
01:28:37.0 (259354933)|HEAP_ALLOCATE|[64]|Bytes:7
01:28:37.0 (260944638)|CODE_UNIT_FINISHED|VisualForce View State
01:28:37.0 (261073584)|EXECUTION_FINISHED
01:28:37.267 (267683164)|USER_INFO|[EXTERNAL]|005O0000003t7an|ricky.lowe@jhg.com.au.pcphase2|Australian Eastern Standard Time|GMT+11:00
01:28:37.267 (267721656)|SYSTEM_MODE_ENTER|true
01:28:37.267 (267785104)|HEAP_ALLOCATE|[EXTERNAL]|Bytes:38
01:28:37.267 (267792463)|HEAP_ALLOCATE|[EXTERNAL]|Bytes:7
01:28:37.267 (267802181)|SYSTEM_METHOD_ENTRY|[1]|PageMessagesComponentController.PageMessagesComponentController()
01:28:37.267 (267805358)|STATEMENT_EXECUTE|[1]
01:28:37.700 (700100697)|CUMULATIVE_LIMIT_USAGE
01:28:37.700 (700100697)|LIMIT_USAGE_FOR_NS|(default)|
  Number of SOQL queries: 0 out of 100
  Number of query rows: 0 out of 50000
  Number of SOSL queries: 0 out of 20
  Number of DML statements: 0 out of 150
  Number of DML rows: 0 out of 10000
  Maximum CPU time: 0 out of 10000
  Maximum heap size: 0 out of 6000000
  Number of callouts: 0 out of 100
  Number of Email Invocations: 0 out of 10
  Number of future calls: 0 out of 50
  Number of queueable jobs added to the queue: 0 out of 50
  Number of Mobile Apex push calls: 0 out of 10

01:28:37.700 (700100697)|CUMULATIVE_LIMIT_USAGE_END

