39.0 APEX_CODE,FINEST;APEX_PROFILING,FINEST;CALLOUT,INFO;DB,INFO;SYSTEM,DEBUG;VALIDATION,INFO;VISUALFORCE,INFO;WAVE,INFO;WORKFLOW,INFO
10:48:55.0 (342168)|USER_INFO|[EXTERNAL]|00528000006B07F|dev@systempartners.com.prod.pcphase2|Australian Eastern Standard Time|GMT+11:00
10:48:55.0 (367954)|EXECUTION_STARTED
10:48:55.0 (371805)|CODE_UNIT_STARTED|[EXTERNAL]|aura
10:48:55.0 (748247)|HEAP_ALLOCATE|[72]|Bytes:3
10:48:55.0 (820120)|HEAP_ALLOCATE|[77]|Bytes:152
10:48:55.0 (838597)|HEAP_ALLOCATE|[342]|Bytes:408
10:48:55.0 (858946)|HEAP_ALLOCATE|[355]|Bytes:408
10:48:55.0 (878242)|HEAP_ALLOCATE|[467]|Bytes:48
10:48:55.0 (903839)|HEAP_ALLOCATE|[139]|Bytes:6
10:48:55.0 (926160)|HEAP_ALLOCATE|[EXTERNAL]|Bytes:18
10:48:55.0 (970085)|HEAP_ALLOCATE|[EXTERNAL]|Bytes:18
10:48:55.0 (2354147)|CODE_UNIT_STARTED|[EXTERNAL]|01pO00000003MVy|ApprovalController.getOpportunityRecord
10:48:55.0 (2431407)|HEAP_ALLOCATE|[EXTERNAL]|Bytes:5
10:48:55.0 (2436753)|HEAP_ALLOCATE|[EXTERNAL]|Bytes:8
10:48:55.0 (2464391)|METHOD_ENTRY|[1]|01pO00000003MVy|ApprovalController.ApprovalController()
10:48:55.0 (2469109)|STATEMENT_EXECUTE|[1]
10:48:55.0 (2474266)|STATEMENT_EXECUTE|[1]
10:48:55.0 (2490527)|METHOD_EXIT|[1]|ApprovalController
10:48:55.0 (2495543)|HEAP_ALLOCATE|[EXTERNAL]|Bytes:18
10:48:55.0 (2506011)|SYSTEM_MODE_ENTER|false
10:48:55.0 (2646680)|VARIABLE_SCOPE_BEGIN|[15]|opportunityId|String|false|false
10:48:55.0 (2735360)|VARIABLE_ASSIGNMENT|[15]|opportunityId|"006O0000008kyoyIAA"
10:48:55.0 (2744477)|STATEMENT_EXECUTE|[15]
10:48:55.0 (2746133)|STATEMENT_EXECUTE|[18]
10:48:55.0 (2750040)|HEAP_ALLOCATE|[18]|Bytes:589
10:48:55.0 (2761721)|HEAP_ALLOCATE|[18]|Bytes:4
10:48:55.0 (2772891)|HEAP_ALLOCATE|[18]|Bytes:7
10:48:55.0 (2817015)|HEAP_ALLOCATE|[50]|Bytes:5
10:48:55.0 (2837789)|HEAP_ALLOCATE|[56]|Bytes:5
10:48:55.0 (2845565)|HEAP_ALLOCATE|[64]|Bytes:7
10:48:55.0 (3470221)|SOQL_EXECUTE_BEGIN|[18]|Aggregations:0|SELECT Id, name, Gate_Status__c, TSF_Gate_Status__c, CRA_Gate_Status__c, StageName, Competitor_Analysis_General_Comments__c, Are_there_any_critical_risks__c, Has_CRA_changed_since_last_approval__c, Has_TSF_changed_since_last_approval__c, Apply_Default_Bonding__c, Conversion_Budget_Comments__c, Is_Gate_1_To_3__c, Is_Gate_4_To_5__c, Net_Budget_EOI_PQ__c, Net_Budget_Post_Tender__c, Net_Budget_Tender__c, Net_Budget_Amount__c, Total_Budget_EOI_PQ__c, Total_Budget_Tender__c, Total_Budget_AUD__c, Total_Budget_Post_Tender__c, JH_Bid_Cost_of_JH_Revenue__c FROM Opportunity WHERE Id = :tmpVar1
10:48:55.0 (3482657)|LIMIT_USAGE|[18]|SOQL|1|100
10:48:55.0 (3491478)|LIMIT_USAGE|[18]|AGGS|0|300
10:48:55.0 (16238972)|SOQL_EXECUTE_END|[18]|Rows:1
10:48:55.0 (16250322)|LIMIT_USAGE|[18]|SOQL_ROWS|1|50000
10:48:55.0 (16271099)|HEAP_ALLOCATE|[18]|Bytes:8
10:48:55.0 (16287853)|HEAP_ALLOCATE|[18]|Bytes:733
10:48:55.0 (16403115)|HEAP_ALLOCATE|[18]|Bytes:8
10:48:55.0 (16424086)|VARIABLE_SCOPE_BEGIN|[18]|allOpps|List<Opportunity>|true|false
10:48:55.0 (16468172)|VARIABLE_ASSIGNMENT|[18]|allOpps|[{"Id":"006O0000008kyoyIAA","Name":"Data Load Test oppor (8 more) ...","TSF_Gate_Status__c":"Not Applicable","CRA_Gate_Status__c":"Not Applicable","StageName":"Gate 1","Apply_Default_Bondin (4 more) ...":false,"Is_Gate_1_To_3__c":true,"Is_Gate_4_To_5__c":false,"Net_Budget_EOI_PQ__c":0,"Net_Budget_Post_Tend (5 more) ...":0,"Net_Budget_Tender__c":0,"Net_Budget_Amount__c":0,"Total_Budget_EOI_PQ_ (2 more) ...":0,"Total_Budget_Tender_ (2 more) ...":0,"Total_Budget_AUD__c":0,"Total_Budget_Post_Te (7 more) ...":0}]|0x3b3c7728
10:48:55.0 (16475115)|STATEMENT_EXECUTE|[38]
10:48:55.0 (16489542)|SYSTEM_MODE_EXIT|false
10:48:55.16 (16516328)|CUMULATIVE_LIMIT_USAGE
10:48:55.16 (16516328)|LIMIT_USAGE_FOR_NS|(default)|
  Number of SOQL queries: 1 out of 100
  Number of query rows: 1 out of 50000
  Number of SOSL queries: 0 out of 20
  Number of DML statements: 0 out of 150
  Number of DML rows: 0 out of 10000
  Maximum CPU time: 0 out of 10000
  Maximum heap size: 0 out of 6000000
  Number of callouts: 0 out of 100
  Number of Email Invocations: 0 out of 10
  Number of future calls: 0 out of 50
  Number of queueable jobs added to the queue: 0 out of 50
  Number of Mobile Apex push calls: 0 out of 10

10:48:55.16 (16516328)|TOTAL_EMAIL_RECIPIENTS_QUEUED|0
10:48:55.16 (16516328)|STATIC_VARIABLE_LIST|
  char[]:DigitTens:0
  long:serialVersionUID:0
  long:serialVersionUID:0
  double:MAX_VALUE:0
  Boolean:FALSE:0
  long:serialVersionUID:0
  double:MIN_VALUE:0
  int:SIZE:0
  double:NEGATIVE_INFINITY:0
  int:MAX_VALUE:0
  String:_sfdcSuppressedCodeLocations:0
  char[]:digits:0
  double:NaN:0
  Boolean:TRUE:0
  int:MIN_VALUE:0
  char[]:DigitOnes:0
  int:BYTES:0
  int:MIN_EXPONENT:0
  int[]:sizeTable:0
  int:MAX_EXPONENT:0
  int:SIZE:0
  double:POSITIVE_INFINITY:0
  String:_sfdcAdditionalCodeLocations:0
  double:MIN_NORMAL:0
  int:BYTES:0

10:48:55.16 (16516328)|CUMULATIVE_LIMIT_USAGE_END

10:48:55.0 (16674301)|CODE_UNIT_FINISHED|ApprovalController.getOpportunityRecord
10:48:55.90 (90432308)|CUMULATIVE_PROFILING_BEGIN
10:48:55.90 (90432308)|CUMULATIVE_PROFILING|SOQL operations|
Class.ApprovalController.getOpportunityRecord: line 18, column 1: [SELECT   Id,name,
                                                           			Gate_Status__c,
                                                           			TSF_Gate_Status__c,
                                                           			CRA_Gate_Status__c,
                                                           			StageName,
                                    								Competitor_Analysis_General_Comments__c,
                                    								Are_there_any_critical_risks__c,
                                    								Has_CRA_changed_since_last_approval__c,
                                    								Has_TSF_changed_since_last_approval__c,
                                    								Apply_Default_Bonding__c,
                                    								Conversion_Budget_Comments__c,
                                    								Is_Gate_1_To_3__c, Is_Gate_4_To_5__c,
                                    								Net_Budget_EOI_PQ__c, Net_Budget_Post_Tender__c, 
                                    								Net_Budget_Tender__c, Net_Budget_Amount__c,
                                    								Total_Budget_EOI_PQ__c, Total_Budget_Tender__c, 
                                    								Total_Budget_AUD__c, Total_Budget_Post_Tender__c, 
                                    								JH_Bid_Cost_of_JH_Revenue__c
                                 							FROM     Opportunity
                                 							WHERE    Id = :opportunityId]: executed 1 time in 14 ms

10:48:55.90 (90432308)|CUMULATIVE_PROFILING|No profiling information for SOSL operations
10:48:55.90 (90432308)|CUMULATIVE_PROFILING|No profiling information for DML operations
10:48:55.90 (90432308)|CUMULATIVE_PROFILING|method invocations|
External entry point: public static List<Opportunity> getOpportunityRecord(String): executed 1 time in 14 ms

10:48:55.90 (90432308)|CUMULATIVE_PROFILING_END
