39.0 APEX_CODE,FINEST;APEX_PROFILING,FINEST;CALLOUT,INFO;DB,INFO;SYSTEM,DEBUG;VALIDATION,INFO;VISUALFORCE,INFO;WAVE,INFO;WORKFLOW,INFO
11:08:17.0 (468821)|USER_INFO|[EXTERNAL]|00528000006B07F|dev@systempartners.com.prod.pcphase2|Australian Eastern Standard Time|GMT+11:00
11:08:17.0 (497397)|EXECUTION_STARTED
11:08:17.0 (501483)|CODE_UNIT_STARTED|[EXTERNAL]|VisualForce View State
11:08:17.0 (8590075)|CODE_UNIT_FINISHED|VisualForce View State
11:08:17.0 (9859346)|EXECUTION_FINISHED
11:08:17.48 (48758529)|USER_INFO|[EXTERNAL]|00528000006B07F|dev@systempartners.com.prod.pcphase2|Australian Eastern Standard Time|GMT+11:00
11:08:17.48 (48772571)|EXECUTION_STARTED
11:08:17.48 (48777774)|CODE_UNIT_STARTED|[EXTERNAL]|VF: /apex/editVFEmailTemplate.apexp
11:08:17.48 (52727870)|CODE_UNIT_STARTED|[EXTERNAL]|VF Controller Save
11:08:17.48 (52740545)|SYSTEM_MODE_ENTER|false
11:08:17.48 (100526655)|VF_PAGE_MESSAGE|Approval_Submission_Notification line 138, column 19: The element type "tr" must be terminated by the matching end-tag "</tr>"
11:08:17.48 (103294987)|VF_PAGE_MESSAGE|The element type "tr" must be terminated by the matching end-tag "</tr>".
11:08:17.48 (106306216)|CODE_UNIT_FINISHED|VF Controller Save
11:08:17.48 (123640729)|VF_SERIALIZE_VIEWSTATE_BEGIN|
11:08:17.48 (129386411)|VF_SERIALIZE_VIEWSTATE_END
11:08:17.138 (138215987)|CUMULATIVE_LIMIT_USAGE
11:08:17.138 (138215987)|LIMIT_USAGE_FOR_NS|(default)|
  Number of SOQL queries: 0 out of 100
  Number of query rows: 0 out of 50000
  Number of SOSL queries: 0 out of 20
  Number of DML statements: 0 out of 150
  Number of DML rows: 0 out of 10000
  Maximum CPU time: 0 out of 10000
  Maximum heap size: 0 out of 6000000
  Number of callouts: 0 out of 100
  Number of Email Invocations: 0 out of 10
  Number of future calls: 0 out of 50
  Number of queueable jobs added to the queue: 0 out of 50
  Number of Mobile Apex push calls: 0 out of 10

11:08:17.138 (138215987)|TOTAL_EMAIL_RECIPIENTS_QUEUED|0
11:08:17.138 (138215987)|CUMULATIVE_LIMIT_USAGE_END

11:08:17.48 (138270481)|CODE_UNIT_FINISHED|VF: /apex/editVFEmailTemplate.apexp
11:08:17.48 (139967191)|EXECUTION_FINISHED
11:08:17.143 (143074910)|CUMULATIVE_PROFILING_BEGIN
11:08:17.143 (143074910)|CUMULATIVE_PROFILING|No profiling information for SOQL operations
11:08:17.143 (143074910)|CUMULATIVE_PROFILING|No profiling information for SOSL operations
11:08:17.143 (143074910)|CUMULATIVE_PROFILING|No profiling information for DML operations
11:08:17.143 (143074910)|CUMULATIVE_PROFILING|No profiling information for method invocations
11:08:17.143 (143074910)|CUMULATIVE_PROFILING_END
