39.0 APEX_CODE,FINEST;APEX_PROFILING,FINEST;CALLOUT,NONE;DB,FINEST;SYSTEM,FINE;VALIDATION,INFO;VISUALFORCE,INFO;WAVE,INFO;WORKFLOW,FINER
11:53:40.0 (490045)|USER_INFO|[EXTERNAL]|00528000006B07F|dev@systempartners.com.prod.pcphase2|Australian Eastern Standard Time|GMT+10:00
11:53:40.0 (519479)|EXECUTION_STARTED
11:53:40.0 (522812)|CODE_UNIT_STARTED|[EXTERNAL]|aura
11:53:40.0 (796023)|HEAP_ALLOCATE|[72]|Bytes:3
11:53:40.0 (830869)|HEAP_ALLOCATE|[77]|Bytes:152
11:53:40.0 (844879)|HEAP_ALLOCATE|[342]|Bytes:408
11:53:40.0 (859713)|HEAP_ALLOCATE|[355]|Bytes:408
11:53:40.0 (873741)|HEAP_ALLOCATE|[467]|Bytes:48
11:53:40.0 (897080)|HEAP_ALLOCATE|[139]|Bytes:6
11:53:40.0 (917633)|HEAP_ALLOCATE|[EXTERNAL]|Bytes:18
11:53:40.0 (931541)|HEAP_ALLOCATE|[EXTERNAL]|Bytes:18
11:53:40.0 (2671539)|CODE_UNIT_STARTED|[EXTERNAL]|01pO00000003MVy|ApprovalController.getOpportunityRecord
11:53:40.0 (2778478)|HEAP_ALLOCATE|[EXTERNAL]|Bytes:11
11:53:40.0 (2784182)|HEAP_ALLOCATE|[EXTERNAL]|Bytes:27
11:53:40.0 (2792581)|METHOD_ENTRY|[1]|01pO00000003MVy|ApprovalController.ApprovalController()
11:53:40.0 (2796180)|STATEMENT_EXECUTE|[1]
11:53:40.0 (2800788)|STATEMENT_EXECUTE|[1]
11:53:40.0 (2806648)|METHOD_EXIT|[1]|ApprovalController
11:53:40.0 (2810230)|HEAP_ALLOCATE|[EXTERNAL]|Bytes:18
11:53:40.0 (2817341)|SYSTEM_MODE_ENTER|false
11:53:40.0 (2826752)|VARIABLE_SCOPE_BEGIN|[15]|opportunityId|String|false|false
11:53:40.0 (2846717)|VARIABLE_ASSIGNMENT|[15]|opportunityId|"006O0000009GUsjIAG"
11:53:40.0 (2853414)|STATEMENT_EXECUTE|[15]
11:53:40.0 (2854871)|STATEMENT_EXECUTE|[18]
11:53:40.0 (2858109)|HEAP_ALLOCATE|[18]|Bytes:589
11:53:40.0 (2868574)|HEAP_ALLOCATE|[18]|Bytes:4
11:53:40.0 (2880528)|HEAP_ALLOCATE|[18]|Bytes:7
11:53:40.0 (2924857)|HEAP_ALLOCATE|[50]|Bytes:5
11:53:40.0 (2945480)|HEAP_ALLOCATE|[56]|Bytes:5
11:53:40.0 (2953147)|HEAP_ALLOCATE|[64]|Bytes:7
11:53:40.0 (3811926)|SOQL_EXECUTE_BEGIN|[18]|Aggregations:0|SELECT Id, name, Gate_Status__c, TSF_Gate_Status__c, CRA_Gate_Status__c, StageName, Competitor_Analysis_General_Comments__c, Are_there_any_critical_risks__c, Has_CRA_changed_since_last_approval__c, Has_TSF_changed_since_last_approval__c, Apply_Default_Bonding__c, Conversion_Budget_Comments__c, Is_Gate_1_To_3__c, Is_Gate_4_To_5__c, Net_Budget_EOI_PQ__c, Net_Budget_Post_Tender__c, Net_Budget_Tender__c, Net_Budget_Amount__c, Total_Budget_EOI_PQ__c, Total_Budget_Tender__c, Total_Budget_AUD__c, Total_Budget_Post_Tender__c, JH_Bid_Cost_of_JH_Revenue__c FROM Opportunity WHERE Id = :tmpVar1
11:53:40.0 (3825905)|LIMIT_USAGE|[18]|SOQL|1|100
11:53:40.0 (3835152)|LIMIT_USAGE|[18]|AGGS|0|300
11:53:40.0 (35216166)|SOQL_EXECUTE_END|[18]|Rows:1
11:53:40.0 (35232988)|LIMIT_USAGE|[18]|SOQL_ROWS|1|50000
11:53:40.0 (35254585)|HEAP_ALLOCATE|[18]|Bytes:8
11:53:40.0 (35270973)|HEAP_ALLOCATE|[18]|Bytes:748
11:53:40.0 (35315852)|HEAP_ALLOCATE|[18]|Bytes:8
11:53:40.0 (35336803)|VARIABLE_SCOPE_BEGIN|[18]|allOpps|List<Opportunity>|true|false
11:53:40.0 (35393820)|VARIABLE_ASSIGNMENT|[18]|allOpps|[{"Id":"006O0000009GUsjIAG","Name":"TL Test - 1200","Gate_Status__c":"Not Started","TSF_Gate_Status__c":"Not Applicable","CRA_Gate_Status__c":"Not Applicable","StageName":"Gate 3","Apply_Default_Bondin (4 more) ...":false,"Is_Gate_1_To_3__c":true,"Is_Gate_4_To_5__c":false,"Net_Budget_EOI_PQ__c":0,"Net_Budget_Post_Tend (5 more) ...":0,"Net_Budget_Tender__c":0,"Net_Budget_Amount__c":0,"Total_Budget_EOI_PQ_ (2 more) ...":0,"Total_Budget_Tender_ (2 more) ...":0,"Total_Budget_AUD__c":0,"Total_Budget_Post_Te (7 more) ...":0}]|0x1eface24
11:53:40.0 (35404900)|STATEMENT_EXECUTE|[38]
11:53:40.0 (35417307)|SYSTEM_MODE_EXIT|false
11:53:40.35 (35450549)|CUMULATIVE_LIMIT_USAGE
11:53:40.35 (35450549)|LIMIT_USAGE_FOR_NS|(default)|
  Number of SOQL queries: 1 out of 100
  Number of query rows: 1 out of 50000
  Number of SOSL queries: 0 out of 20
  Number of DML statements: 0 out of 150
  Number of DML rows: 0 out of 10000
  Maximum CPU time: 0 out of 10000
  Maximum heap size: 0 out of 6000000
  Number of callouts: 0 out of 100
  Number of Email Invocations: 0 out of 10
  Number of future calls: 0 out of 50
  Number of queueable jobs added to the queue: 0 out of 50
  Number of Mobile Apex push calls: 0 out of 10

11:53:40.35 (35450549)|TOTAL_EMAIL_RECIPIENTS_QUEUED|0
11:53:40.35 (35450549)|STATIC_VARIABLE_LIST|
  char[]:DigitTens:0
  long:serialVersionUID:0
  long:serialVersionUID:0
  double:MAX_VALUE:0
  Boolean:FALSE:0
  long:serialVersionUID:0
  double:MIN_VALUE:0
  int:SIZE:0
  double:NEGATIVE_INFINITY:0
  int:MAX_VALUE:0
  String:_sfdcSuppressedCodeLocations:0
  char[]:digits:0
  double:NaN:0
  Boolean:TRUE:0
  int:MIN_VALUE:0
  char[]:DigitOnes:0
  int:BYTES:0
  int:MIN_EXPONENT:0
  int[]:sizeTable:0
  int:MAX_EXPONENT:0
  int:SIZE:0
  double:POSITIVE_INFINITY:0
  String:_sfdcAdditionalCodeLocations:0
  double:MIN_NORMAL:0
  int:BYTES:0

11:53:40.35 (35450549)|CUMULATIVE_LIMIT_USAGE_END

11:53:40.0 (35616069)|CODE_UNIT_FINISHED|ApprovalController.getOpportunityRecord
11:53:40.0 (61663819)|HEAP_ALLOCATE|[EXTERNAL]|Bytes:18
11:53:40.0 (61692351)|HEAP_ALLOCATE|[EXTERNAL]|Bytes:18
11:53:40.0 (64300927)|CODE_UNIT_STARTED|[EXTERNAL]|01pO00000003MVy|ApprovalController.getOpportunityRecord
11:53:40.0 (64361033)|HEAP_ALLOCATE|[EXTERNAL]|Bytes:18
11:53:40.0 (64372784)|SYSTEM_MODE_ENTER|false
11:53:40.0 (64383029)|VARIABLE_SCOPE_BEGIN|[15]|opportunityId|String|false|false
11:53:40.0 (64397812)|VARIABLE_ASSIGNMENT|[15]|opportunityId|"006O0000009GUsjIAG"
11:53:40.0 (64405641)|STATEMENT_EXECUTE|[15]
11:53:40.0 (64407357)|STATEMENT_EXECUTE|[18]
11:53:40.0 (64413717)|HEAP_ALLOCATE|[18]|Bytes:4
11:53:40.0 (64939319)|SOQL_EXECUTE_BEGIN|[18]|Aggregations:0|SELECT Id, name, Gate_Status__c, TSF_Gate_Status__c, CRA_Gate_Status__c, StageName, Competitor_Analysis_General_Comments__c, Are_there_any_critical_risks__c, Has_CRA_changed_since_last_approval__c, Has_TSF_changed_since_last_approval__c, Apply_Default_Bonding__c, Conversion_Budget_Comments__c, Is_Gate_1_To_3__c, Is_Gate_4_To_5__c, Net_Budget_EOI_PQ__c, Net_Budget_Post_Tender__c, Net_Budget_Tender__c, Net_Budget_Amount__c, Total_Budget_EOI_PQ__c, Total_Budget_Tender__c, Total_Budget_AUD__c, Total_Budget_Post_Tender__c, JH_Bid_Cost_of_JH_Revenue__c FROM Opportunity WHERE Id = :tmpVar1
11:53:40.0 (64952953)|LIMIT_USAGE|[18]|SOQL|2|100
11:53:40.0 (64961484)|LIMIT_USAGE|[18]|AGGS|0|300
11:53:40.0 (76602633)|SOQL_EXECUTE_END|[18]|Rows:1
11:53:40.0 (76617074)|LIMIT_USAGE|[18]|SOQL_ROWS|2|50000
11:53:40.0 (76637822)|HEAP_ALLOCATE|[18]|Bytes:8
11:53:40.0 (76666405)|HEAP_ALLOCATE|[18]|Bytes:748
11:53:40.0 (76688116)|HEAP_ALLOCATE|[18]|Bytes:8
11:53:40.0 (76706744)|VARIABLE_SCOPE_BEGIN|[18]|allOpps|List<Opportunity>|true|false
11:53:40.0 (76764850)|VARIABLE_ASSIGNMENT|[18]|allOpps|[{"Id":"006O0000009GUsjIAG","Name":"TL Test - 1200","Gate_Status__c":"Not Started","TSF_Gate_Status__c":"Not Applicable","CRA_Gate_Status__c":"Not Applicable","StageName":"Gate 3","Apply_Default_Bondin (4 more) ...":false,"Is_Gate_1_To_3__c":true,"Is_Gate_4_To_5__c":false,"Net_Budget_EOI_PQ__c":0,"Net_Budget_Post_Tend (5 more) ...":0,"Net_Budget_Tender__c":0,"Net_Budget_Amount__c":0,"Total_Budget_EOI_PQ_ (2 more) ...":0,"Total_Budget_Tender_ (2 more) ...":0,"Total_Budget_AUD__c":0,"Total_Budget_Post_Te (7 more) ...":0}]|0x26498c5a
11:53:40.0 (76775746)|STATEMENT_EXECUTE|[38]
11:53:40.0 (76792557)|SYSTEM_MODE_EXIT|false
11:53:40.76 (76825085)|CUMULATIVE_LIMIT_USAGE
11:53:40.76 (76825085)|LIMIT_USAGE_FOR_NS|(default)|
  Number of SOQL queries: 2 out of 100
  Number of query rows: 2 out of 50000
  Number of SOSL queries: 0 out of 20
  Number of DML statements: 0 out of 150
  Number of DML rows: 0 out of 10000
  Maximum CPU time: 0 out of 10000
  Maximum heap size: 0 out of 6000000
  Number of callouts: 0 out of 100
  Number of Email Invocations: 0 out of 10
  Number of future calls: 0 out of 50
  Number of queueable jobs added to the queue: 0 out of 50
  Number of Mobile Apex push calls: 0 out of 10

11:53:40.76 (76825085)|TOTAL_EMAIL_RECIPIENTS_QUEUED|0
11:53:40.76 (76825085)|STATIC_VARIABLE_LIST|
  char[]:DigitTens:0
  long:serialVersionUID:0
  long:serialVersionUID:0
  double:MAX_VALUE:0
  Boolean:FALSE:0
  long:serialVersionUID:0
  double:MIN_VALUE:0
  int:SIZE:0
  double:NEGATIVE_INFINITY:0
  int:MAX_VALUE:0
  String:_sfdcSuppressedCodeLocations:0
  char[]:digits:0
  double:NaN:0
  Boolean:TRUE:0
  int:MIN_VALUE:0
  char[]:DigitOnes:0
  int:BYTES:0
  int:MIN_EXPONENT:0
  int[]:sizeTable:0
  int:MAX_EXPONENT:0
  int:SIZE:0
  double:POSITIVE_INFINITY:0
  String:_sfdcAdditionalCodeLocations:0
  double:MIN_NORMAL:0
  int:BYTES:0

11:53:40.76 (76825085)|CUMULATIVE_LIMIT_USAGE_END

11:53:40.0 (76981880)|CODE_UNIT_FINISHED|ApprovalController.getOpportunityRecord
11:53:40.0 (97724541)|HEAP_ALLOCATE|[EXTERNAL]|Bytes:18
11:53:40.0 (97747240)|HEAP_ALLOCATE|[EXTERNAL]|Bytes:18
11:53:40.0 (99334706)|CODE_UNIT_STARTED|[EXTERNAL]|01pO00000003MVy|ApprovalController.getOpportunityRecord
11:53:40.0 (99369076)|HEAP_ALLOCATE|[EXTERNAL]|Bytes:18
11:53:40.0 (99377064)|SYSTEM_MODE_ENTER|false
11:53:40.0 (99386458)|VARIABLE_SCOPE_BEGIN|[15]|opportunityId|String|false|false
11:53:40.0 (99401102)|VARIABLE_ASSIGNMENT|[15]|opportunityId|"006O0000009GUsjIAG"
11:53:40.0 (99408595)|STATEMENT_EXECUTE|[15]
11:53:40.0 (99410390)|STATEMENT_EXECUTE|[18]
11:53:40.0 (99417746)|HEAP_ALLOCATE|[18]|Bytes:4
11:53:40.0 (99926620)|SOQL_EXECUTE_BEGIN|[18]|Aggregations:0|SELECT Id, name, Gate_Status__c, TSF_Gate_Status__c, CRA_Gate_Status__c, StageName, Competitor_Analysis_General_Comments__c, Are_there_any_critical_risks__c, Has_CRA_changed_since_last_approval__c, Has_TSF_changed_since_last_approval__c, Apply_Default_Bonding__c, Conversion_Budget_Comments__c, Is_Gate_1_To_3__c, Is_Gate_4_To_5__c, Net_Budget_EOI_PQ__c, Net_Budget_Post_Tender__c, Net_Budget_Tender__c, Net_Budget_Amount__c, Total_Budget_EOI_PQ__c, Total_Budget_Tender__c, Total_Budget_AUD__c, Total_Budget_Post_Tender__c, JH_Bid_Cost_of_JH_Revenue__c FROM Opportunity WHERE Id = :tmpVar1
11:53:40.0 (99938137)|LIMIT_USAGE|[18]|SOQL|3|100
11:53:40.0 (99946102)|LIMIT_USAGE|[18]|AGGS|0|300
11:53:40.0 (109715270)|SOQL_EXECUTE_END|[18]|Rows:1
11:53:40.0 (109725565)|LIMIT_USAGE|[18]|SOQL_ROWS|3|50000
11:53:40.0 (109740202)|HEAP_ALLOCATE|[18]|Bytes:8
11:53:40.0 (109751883)|HEAP_ALLOCATE|[18]|Bytes:748
11:53:40.0 (109768680)|HEAP_ALLOCATE|[18]|Bytes:8
11:53:40.0 (109781064)|VARIABLE_SCOPE_BEGIN|[18]|allOpps|List<Opportunity>|true|false
11:53:40.0 (109822923)|VARIABLE_ASSIGNMENT|[18]|allOpps|[{"Id":"006O0000009GUsjIAG","Name":"TL Test - 1200","Gate_Status__c":"Not Started","TSF_Gate_Status__c":"Not Applicable","CRA_Gate_Status__c":"Not Applicable","StageName":"Gate 3","Apply_Default_Bondin (4 more) ...":false,"Is_Gate_1_To_3__c":true,"Is_Gate_4_To_5__c":false,"Net_Budget_EOI_PQ__c":0,"Net_Budget_Post_Tend (5 more) ...":0,"Net_Budget_Tender__c":0,"Net_Budget_Amount__c":0,"Total_Budget_EOI_PQ_ (2 more) ...":0,"Total_Budget_Tender_ (2 more) ...":0,"Total_Budget_AUD__c":0,"Total_Budget_Post_Te (7 more) ...":0}]|0x3da63c74
11:53:40.0 (109829420)|STATEMENT_EXECUTE|[38]
11:53:40.0 (109839068)|SYSTEM_MODE_EXIT|false
11:53:40.109 (109862826)|CUMULATIVE_LIMIT_USAGE
11:53:40.109 (109862826)|LIMIT_USAGE_FOR_NS|(default)|
  Number of SOQL queries: 3 out of 100
  Number of query rows: 3 out of 50000
  Number of SOSL queries: 0 out of 20
  Number of DML statements: 0 out of 150
  Number of DML rows: 0 out of 10000
  Maximum CPU time: 0 out of 10000
  Maximum heap size: 0 out of 6000000
  Number of callouts: 0 out of 100
  Number of Email Invocations: 0 out of 10
  Number of future calls: 0 out of 50
  Number of queueable jobs added to the queue: 0 out of 50
  Number of Mobile Apex push calls: 0 out of 10

11:53:40.109 (109862826)|TOTAL_EMAIL_RECIPIENTS_QUEUED|0
11:53:40.109 (109862826)|STATIC_VARIABLE_LIST|
  char[]:DigitTens:0
  long:serialVersionUID:0
  long:serialVersionUID:0
  double:MAX_VALUE:0
  Boolean:FALSE:0
  long:serialVersionUID:0
  double:MIN_VALUE:0
  int:SIZE:0
  double:NEGATIVE_INFINITY:0
  int:MAX_VALUE:0
  String:_sfdcSuppressedCodeLocations:0
  char[]:digits:0
  double:NaN:0
  Boolean:TRUE:0
  int:MIN_VALUE:0
  char[]:DigitOnes:0
  int:BYTES:0
  int:MIN_EXPONENT:0
  int[]:sizeTable:0
  int:MAX_EXPONENT:0
  int:SIZE:0
  double:POSITIVE_INFINITY:0
  String:_sfdcAdditionalCodeLocations:0
  double:MIN_NORMAL:0
  int:BYTES:0

11:53:40.109 (109862826)|CUMULATIVE_LIMIT_USAGE_END

11:53:40.0 (109987071)|CODE_UNIT_FINISHED|ApprovalController.getOpportunityRecord
11:53:40.0 (110225352)|HEAP_ALLOCATE|[EXTERNAL]|Bytes:18
11:53:40.0 (110240599)|HEAP_ALLOCATE|[EXTERNAL]|Bytes:18
11:53:40.0 (111998411)|CODE_UNIT_STARTED|[EXTERNAL]|01pO0000000372v|KCRAController.getAllKCRARecords
11:53:40.0 (112083897)|HEAP_ALLOCATE|[EXTERNAL]|Bytes:5
11:53:40.0 (112092128)|HEAP_ALLOCATE|[EXTERNAL]|Bytes:14
11:53:40.0 (112103767)|METHOD_ENTRY|[11]|01pO0000000372v|KCRAController.KCRAController()
11:53:40.0 (112106722)|STATEMENT_EXECUTE|[11]
11:53:40.0 (112109705)|STATEMENT_EXECUTE|[11]
11:53:40.0 (112117853)|METHOD_EXIT|[11]|KCRAController
11:53:40.0 (112121417)|HEAP_ALLOCATE|[EXTERNAL]|Bytes:18
11:53:40.0 (112127781)|SYSTEM_MODE_ENTER|false
11:53:40.0 (112134101)|VARIABLE_SCOPE_BEGIN|[14]|opportunityId|String|false|false
11:53:40.0 (112141009)|VARIABLE_ASSIGNMENT|[14]|opportunityId|"006O0000009GUsjIAG"
11:53:40.0 (112146507)|STATEMENT_EXECUTE|[14]
11:53:40.0 (112147700)|STATEMENT_EXECUTE|[17]
11:53:40.0 (112151521)|HEAP_ALLOCATE|[17]|Bytes:204
11:53:40.0 (112161628)|HEAP_ALLOCATE|[17]|Bytes:4
11:53:40.0 (112666049)|SOQL_EXECUTE_BEGIN|[17]|Aggregations:0|SELECT Id, name, recordtypeId, applicable__c, approved__c, itemno__c, KCRA_Item__c, Opportunity__c FROM Key_Commercial_Risks_Approvals__c WHERE Opportunity__c = :tmpVar1 ORDER BY itemno__c ASC NULLS FIRST
11:53:40.0 (112673589)|LIMIT_USAGE|[17]|SOQL|4|100
11:53:40.0 (112680457)|LIMIT_USAGE|[17]|AGGS|0|300
11:53:40.0 (117409239)|SOQL_EXECUTE_END|[17]|Rows:12
11:53:40.0 (117415876)|LIMIT_USAGE|[17]|SOQL_ROWS|15|50000
11:53:40.0 (117428328)|HEAP_ALLOCATE|[17]|Bytes:52
11:53:40.0 (117474209)|HEAP_ALLOCATE|[17]|Bytes:3315
11:53:40.0 (117503118)|HEAP_ALLOCATE|[17]|Bytes:52
11:53:40.0 (117512084)|VARIABLE_SCOPE_BEGIN|[17]|allKCRAs|List<Key_Commercial_Risks_Approvals__c>|true|false
11:53:40.0 (117525007)|VARIABLE_ASSIGNMENT|[17]|allKCRAs|"List of size 12 too large to display"|0x7c64be22
11:53:40.0 (117528188)|STATEMENT_EXECUTE|[27]
11:53:40.0 (117535639)|SYSTEM_MODE_EXIT|false
11:53:40.117 (117550301)|CUMULATIVE_LIMIT_USAGE
11:53:40.117 (117550301)|LIMIT_USAGE_FOR_NS|(default)|
  Number of SOQL queries: 4 out of 100
  Number of query rows: 15 out of 50000
  Number of SOSL queries: 0 out of 20
  Number of DML statements: 0 out of 150
  Number of DML rows: 0 out of 10000
  Maximum CPU time: 0 out of 10000
  Maximum heap size: 0 out of 6000000
  Number of callouts: 0 out of 100
  Number of Email Invocations: 0 out of 10
  Number of future calls: 0 out of 50
  Number of queueable jobs added to the queue: 0 out of 50
  Number of Mobile Apex push calls: 0 out of 10

11:53:40.117 (117550301)|TOTAL_EMAIL_RECIPIENTS_QUEUED|0
11:53:40.117 (117550301)|STATIC_VARIABLE_LIST|
  char[]:DigitTens:0
  long:serialVersionUID:0
  long:serialVersionUID:0
  double:MAX_VALUE:0
  Boolean:FALSE:0
  long:serialVersionUID:0
  String:_sfdcAdditionalCodeLocations:0
  double:MIN_VALUE:0
  int:SIZE:0
  double:NEGATIVE_INFINITY:0
  int:MAX_VALUE:0
  String:_sfdcSuppressedCodeLocations:0
  char[]:digits:0
  double:NaN:0
  Boolean:TRUE:0
  int:MIN_VALUE:0
  char[]:DigitOnes:0
  int:BYTES:0
  int:MIN_EXPONENT:0
  int[]:sizeTable:0
  int:MAX_EXPONENT:0
  String:_sfdcSuppressedCodeLocations:0
  int:SIZE:0
  double:POSITIVE_INFINITY:0
  String:_sfdcAdditionalCodeLocations:0
  double:MIN_NORMAL:0
  int:BYTES:0

11:53:40.117 (117550301)|CUMULATIVE_LIMIT_USAGE_END

11:53:40.0 (117634741)|CODE_UNIT_FINISHED|KCRAController.getAllKCRARecords
11:53:40.0 (117886199)|HEAP_ALLOCATE|[EXTERNAL]|Bytes:18
11:53:40.0 (117896355)|HEAP_ALLOCATE|[EXTERNAL]|Bytes:18
11:53:40.0 (119416256)|CODE_UNIT_STARTED|[EXTERNAL]|01pO00000003Dck|PRAController.getAllPRARecords
11:53:40.0 (119479796)|HEAP_ALLOCATE|[EXTERNAL]|Bytes:14
11:53:40.0 (119486592)|HEAP_ALLOCATE|[EXTERNAL]|Bytes:11
11:53:40.0 (119495202)|METHOD_ENTRY|[1]|01pO00000003Dck|PRAController.PRAController()
11:53:40.0 (119497903)|STATEMENT_EXECUTE|[1]
11:53:40.0 (119500815)|STATEMENT_EXECUTE|[1]
11:53:40.0 (119505296)|METHOD_EXIT|[1]|PRAController
11:53:40.0 (119508641)|HEAP_ALLOCATE|[EXTERNAL]|Bytes:18
11:53:40.0 (119514840)|SYSTEM_MODE_ENTER|false
11:53:40.0 (119520320)|VARIABLE_SCOPE_BEGIN|[15]|opportunityId|String|false|false
11:53:40.0 (119527048)|VARIABLE_ASSIGNMENT|[15]|opportunityId|"006O0000009GUsjIAG"
11:53:40.0 (119532171)|STATEMENT_EXECUTE|[15]
11:53:40.0 (119533551)|STATEMENT_EXECUTE|[18]
11:53:40.0 (119536940)|HEAP_ALLOCATE|[18]|Bytes:517
11:53:40.0 (119543683)|HEAP_ALLOCATE|[18]|Bytes:4
11:53:40.0 (120260145)|SOQL_EXECUTE_BEGIN|[18]|Aggregations:0|SELECT Id, name, Category__c, Is_Critical_Risk__c, ItemNo__c, Mitigation_Strategy__c, Risk_Item__c, Description__c, Help_Text_0A__c, Help_Text_0B__c, Help_Text_0C__c, Help_Text_1A__c, Help_Text_1B__c, Help_Text_1C__c, Help_Text_2A__c, Help_Text_2B__c, Help_Text_2C__c, Help_Text_3A__c, Help_Text_3B__c, Help_Text_3C__c, Mitigation_Advice__c, Selected_Indicators__c, Rating__c, Selected_Indicators_With_Text_Combined__c FROM Project_Risk_Assessment__c WHERE Opportunity__c = :tmpVar1 ORDER BY ItemNo__c ASC NULLS FIRST
11:53:40.0 (120270359)|LIMIT_USAGE|[18]|SOQL|5|100
11:53:40.0 (120277474)|LIMIT_USAGE|[18]|AGGS|0|300
11:53:40.0 (142634624)|SOQL_EXECUTE_END|[18]|Rows:24
11:53:40.0 (142649329)|LIMIT_USAGE|[18]|SOQL_ROWS|39|50000
11:53:40.0 (142670927)|HEAP_ALLOCATE|[18]|Bytes:100
11:53:40.0 (142766458)|HEAP_ALLOCATE|[18]|Bytes:39071
11:53:40.0 (142806666)|HEAP_ALLOCATE|[18]|Bytes:100
11:53:40.0 (142824398)|VARIABLE_SCOPE_BEGIN|[18]|allPRAs|List<Project_Risk_Assessment__c>|true|false
11:53:40.0 (142849075)|VARIABLE_ASSIGNMENT|[18]|allPRAs|"List of size 24 too large to display"|0x48d07223
11:53:40.0 (142854502)|STATEMENT_EXECUTE|[26]
11:53:40.0 (142865282)|SYSTEM_MODE_EXIT|false
11:53:40.142 (142889202)|CUMULATIVE_LIMIT_USAGE
11:53:40.142 (142889202)|LIMIT_USAGE_FOR_NS|(default)|
  Number of SOQL queries: 5 out of 100
  Number of query rows: 39 out of 50000
  Number of SOSL queries: 0 out of 20
  Number of DML statements: 0 out of 150
  Number of DML rows: 0 out of 10000
  Maximum CPU time: 0 out of 10000
  Maximum heap size: 0 out of 6000000
  Number of callouts: 0 out of 100
  Number of Email Invocations: 0 out of 10
  Number of future calls: 0 out of 50
  Number of queueable jobs added to the queue: 0 out of 50
  Number of Mobile Apex push calls: 0 out of 10

11:53:40.142 (142889202)|TOTAL_EMAIL_RECIPIENTS_QUEUED|0
11:53:40.142 (142889202)|STATIC_VARIABLE_LIST|
  char[]:DigitTens:0
  long:serialVersionUID:0
  long:serialVersionUID:0
  double:MAX_VALUE:0
  Boolean:FALSE:0
  long:serialVersionUID:0
  String:_sfdcAdditionalCodeLocations:0
  double:MIN_VALUE:0
  int:SIZE:0
  double:NEGATIVE_INFINITY:0
  int:MAX_VALUE:0
  String:_sfdcSuppressedCodeLocations:0
  char[]:digits:0
  double:NaN:0
  Boolean:TRUE:0
  int:MIN_VALUE:0
  String:_sfdcSuppressedCodeLocations:0
  char[]:DigitOnes:0
  int:BYTES:0
  int:MIN_EXPONENT:0
  int[]:sizeTable:0
  int:MAX_EXPONENT:0
  String:_sfdcSuppressedCodeLocations:0
  String:_sfdcAdditionalCodeLocations:0
  int:SIZE:0
  double:POSITIVE_INFINITY:0
  String:_sfdcAdditionalCodeLocations:0
  double:MIN_NORMAL:0
  int:BYTES:0

11:53:40.142 (142889202)|CUMULATIVE_LIMIT_USAGE_END

11:53:40.0 (143026823)|CODE_UNIT_FINISHED|PRAController.getAllPRARecords
11:53:40.151 (151319626)|CUMULATIVE_PROFILING_BEGIN
11:53:40.151 (151319626)|CUMULATIVE_PROFILING|SOQL operations|
Class.ApprovalController.getOpportunityRecord: line 18, column 1: [SELECT   Id,name,
                                                           			Gate_Status__c,
                                                           			TSF_Gate_Status__c,
                                                           			CRA_Gate_Status__c,
                                                           			StageName,
                                    								Competitor_Analysis_General_Comments__c,
                                    								Are_there_any_critical_risks__c,
                                    								Has_CRA_changed_since_last_approval__c,
                                    								Has_TSF_changed_since_last_approval__c,
                                    								Apply_Default_Bonding__c,
                                    								Conversion_Budget_Comments__c,
                                    								Is_Gate_1_To_3__c, Is_Gate_4_To_5__c,
                                    								Net_Budget_EOI_PQ__c, Net_Budget_Post_Tender__c, 
                                    								Net_Budget_Tender__c, Net_Budget_Amount__c,
                                    								Total_Budget_EOI_PQ__c, Total_Budget_Tender__c, 
                                    								Total_Budget_AUD__c, Total_Budget_Post_Tender__c, 
                                    								JH_Bid_Cost_of_JH_Revenue__c
                                 							FROM     Opportunity
                                 							WHERE    Id = :opportunityId]: executed 3 times in 54 ms
Class.PRAController.getAllPRARecords: line 18, column 1: [SELECT Id,name,Category__c,Is_Critical_Risk__c,ItemNo__c,Mitigation_Strategy__c,Risk_Item__c,
                                                             		Description__c,Help_Text_0A__c,Help_Text_0B__c,Help_Text_0C__c,Help_Text_1A__c,Help_Text_1B__c, 
                                                             		Help_Text_1C__c,Help_Text_2A__c,Help_Text_2B__c,Help_Text_2C__c,Help_Text_3A__c,Help_Text_3B__c,
                                                             		Help_Text_3C__c,Mitigation_Advice__c,Selected_Indicators__c,Rating__c,Selected_Indicators_With_Text_Combined__c
												   FROM Project_Risk_Assessment__c
                                                   WHERE Opportunity__c = :opportunityId
                                                   ORDER BY ItemNo__c]: executed 1 time in 24 ms
Class.KCRAController.getAllKCRARecords: line 17, column 1: [SELECT   Id,name,
                                                           			recordtypeId,
                                                           			applicable__c,
                                                           			approved__c,
                                                           			itemno__c,
                                                           			KCRA_Item__c,Opportunity__c 
                                 							FROM     Key_Commercial_Risks_Approvals__c 
                                 							WHERE    Opportunity__c = :opportunityId
                                                           	ORDER BY itemno__c]: executed 1 time in 5 ms

11:53:40.151 (151319626)|CUMULATIVE_PROFILING|No profiling information for SOSL operations
11:53:40.151 (151319626)|CUMULATIVE_PROFILING|No profiling information for DML operations
11:53:40.151 (151319626)|CUMULATIVE_PROFILING|method invocations|
External entry point: public static List<Project_Risk_Assessment__c> getAllPRARecords(String): executed 1 time in 24 ms
External entry point: public static List<Opportunity> getOpportunityRecord(String): executed 1 time in 11 ms
External entry point: public static List<Key_Commercial_Risks_Approvals__c> getAllKCRARecords(String): executed 1 time in 5 ms

11:53:40.151 (151319626)|CUMULATIVE_PROFILING_END
