39.0 APEX_CODE,FINEST;APEX_PROFILING,FINEST;CALLOUT,INFO;DB,INFO;SYSTEM,DEBUG;VALIDATION,INFO;VISUALFORCE,INFO;WAVE,INFO;WORKFLOW,INFO
10:48:57.0 (82029)|USER_INFO|[EXTERNAL]|00528000006B07F|dev@systempartners.com.prod.pcphase2|Australian Eastern Standard Time|GMT+11:00
10:48:57.0 (118949)|EXECUTION_STARTED
10:48:57.0 (124156)|CODE_UNIT_STARTED|[EXTERNAL]|aura
10:48:57.0 (496195)|HEAP_ALLOCATE|[72]|Bytes:3
10:48:57.0 (538021)|HEAP_ALLOCATE|[77]|Bytes:152
10:48:57.0 (559764)|HEAP_ALLOCATE|[342]|Bytes:408
10:48:57.0 (586770)|HEAP_ALLOCATE|[355]|Bytes:408
10:48:57.0 (610873)|HEAP_ALLOCATE|[467]|Bytes:48
10:48:57.0 (648171)|HEAP_ALLOCATE|[139]|Bytes:6
10:48:57.0 (677450)|HEAP_ALLOCATE|[EXTERNAL]|Bytes:18
10:48:57.0 (693857)|HEAP_ALLOCATE|[EXTERNAL]|Bytes:18
10:48:57.0 (2110133)|CODE_UNIT_STARTED|[EXTERNAL]|01pO0000000372v|KCRAController.getAllKCRARecords
10:48:57.0 (2196517)|HEAP_ALLOCATE|[EXTERNAL]|Bytes:5
10:48:57.0 (2204219)|HEAP_ALLOCATE|[EXTERNAL]|Bytes:14
10:48:57.0 (2215773)|METHOD_ENTRY|[11]|01pO0000000372v|KCRAController.KCRAController()
10:48:57.0 (2220369)|STATEMENT_EXECUTE|[11]
10:48:57.0 (2228598)|STATEMENT_EXECUTE|[11]
10:48:57.0 (2235346)|METHOD_EXIT|[11]|KCRAController
10:48:57.0 (2241100)|HEAP_ALLOCATE|[EXTERNAL]|Bytes:18
10:48:57.0 (2253510)|SYSTEM_MODE_ENTER|false
10:48:57.0 (2267260)|VARIABLE_SCOPE_BEGIN|[14]|opportunityId|String|false|false
10:48:57.0 (2289852)|VARIABLE_ASSIGNMENT|[14]|opportunityId|"006O0000008kyoyIAA"
10:48:57.0 (2307939)|STATEMENT_EXECUTE|[14]
10:48:57.0 (2310647)|STATEMENT_EXECUTE|[17]
10:48:57.0 (2315134)|HEAP_ALLOCATE|[17]|Bytes:204
10:48:57.0 (2327202)|HEAP_ALLOCATE|[17]|Bytes:4
10:48:57.0 (2342297)|HEAP_ALLOCATE|[17]|Bytes:7
10:48:57.0 (2396296)|HEAP_ALLOCATE|[50]|Bytes:5
10:48:57.0 (2424169)|HEAP_ALLOCATE|[56]|Bytes:5
10:48:57.0 (2439018)|HEAP_ALLOCATE|[64]|Bytes:7
10:48:57.0 (3118786)|SOQL_EXECUTE_BEGIN|[17]|Aggregations:0|SELECT Id, name, recordtypeId, applicable__c, approved__c, itemno__c, KCRA_Item__c, Opportunity__c FROM Key_Commercial_Risks_Approvals__c WHERE Opportunity__c = :tmpVar1 ORDER BY itemno__c ASC NULLS FIRST
10:48:57.0 (3131773)|LIMIT_USAGE|[17]|SOQL|1|100
10:48:57.0 (3142220)|LIMIT_USAGE|[17]|AGGS|0|300
10:48:57.0 (7684204)|SOQL_EXECUTE_END|[17]|Rows:12
10:48:57.0 (7693691)|LIMIT_USAGE|[17]|SOQL_ROWS|12|50000
10:48:57.0 (7713751)|HEAP_ALLOCATE|[17]|Bytes:52
10:48:57.0 (7788364)|HEAP_ALLOCATE|[17]|Bytes:3339
10:48:57.0 (7888804)|HEAP_ALLOCATE|[17]|Bytes:52
10:48:57.0 (7908631)|VARIABLE_SCOPE_BEGIN|[17]|allKCRAs|List<Key_Commercial_Risks_Approvals__c>|true|false
10:48:57.0 (7931758)|VARIABLE_ASSIGNMENT|[17]|allKCRAs|"List of size 12 too large to display"|0x1c385f4b
10:48:57.0 (7936548)|STATEMENT_EXECUTE|[27]
10:48:57.0 (7948407)|SYSTEM_MODE_EXIT|false
10:48:57.7 (7978300)|CUMULATIVE_LIMIT_USAGE
10:48:57.7 (7978300)|LIMIT_USAGE_FOR_NS|(default)|
  Number of SOQL queries: 1 out of 100
  Number of query rows: 12 out of 50000
  Number of SOSL queries: 0 out of 20
  Number of DML statements: 0 out of 150
  Number of DML rows: 0 out of 10000
  Maximum CPU time: 0 out of 10000
  Maximum heap size: 0 out of 6000000
  Number of callouts: 0 out of 100
  Number of Email Invocations: 0 out of 10
  Number of future calls: 0 out of 50
  Number of queueable jobs added to the queue: 0 out of 50
  Number of Mobile Apex push calls: 0 out of 10

10:48:57.7 (7978300)|TOTAL_EMAIL_RECIPIENTS_QUEUED|0
10:48:57.7 (7978300)|STATIC_VARIABLE_LIST|
  char[]:DigitTens:0
  long:serialVersionUID:0
  long:serialVersionUID:0
  double:MAX_VALUE:0
  Boolean:FALSE:0
  long:serialVersionUID:0
  String:_sfdcAdditionalCodeLocations:0
  double:MIN_VALUE:0
  int:SIZE:0
  double:NEGATIVE_INFINITY:0
  int:MAX_VALUE:0
  char[]:digits:0
  double:NaN:0
  Boolean:TRUE:0
  int:MIN_VALUE:0
  char[]:DigitOnes:0
  int:BYTES:0
  int:MIN_EXPONENT:0
  int[]:sizeTable:0
  int:MAX_EXPONENT:0
  String:_sfdcSuppressedCodeLocations:0
  int:SIZE:0
  double:POSITIVE_INFINITY:0
  double:MIN_NORMAL:0
  int:BYTES:0

10:48:57.7 (7978300)|CUMULATIVE_LIMIT_USAGE_END

10:48:57.0 (8119376)|CODE_UNIT_FINISHED|KCRAController.getAllKCRARecords
10:48:57.0 (8540233)|HEAP_ALLOCATE|[EXTERNAL]|Bytes:18
10:48:57.0 (8551183)|HEAP_ALLOCATE|[EXTERNAL]|Bytes:18
10:48:57.0 (10341368)|CODE_UNIT_STARTED|[EXTERNAL]|01pO00000003Dck|PRAController.getAllPRARecords
10:48:57.0 (10387317)|HEAP_ALLOCATE|[EXTERNAL]|Bytes:8
10:48:57.0 (10394861)|HEAP_ALLOCATE|[EXTERNAL]|Bytes:2
10:48:57.0 (10403382)|METHOD_ENTRY|[1]|01pO00000003Dck|PRAController.PRAController()
10:48:57.0 (10406810)|STATEMENT_EXECUTE|[1]
10:48:57.0 (10411229)|STATEMENT_EXECUTE|[1]
10:48:57.0 (10417631)|METHOD_EXIT|[1]|PRAController
10:48:57.0 (10423253)|HEAP_ALLOCATE|[EXTERNAL]|Bytes:18
10:48:57.0 (10433894)|SYSTEM_MODE_ENTER|false
10:48:57.0 (10440269)|VARIABLE_SCOPE_BEGIN|[15]|opportunityId|String|false|false
10:48:57.0 (10448341)|VARIABLE_ASSIGNMENT|[15]|opportunityId|"006O0000008kyoyIAA"
10:48:57.0 (10456814)|STATEMENT_EXECUTE|[15]
10:48:57.0 (10459232)|STATEMENT_EXECUTE|[18]
10:48:57.0 (10463600)|HEAP_ALLOCATE|[18]|Bytes:508
10:48:57.0 (10471996)|HEAP_ALLOCATE|[18]|Bytes:4
10:48:57.0 (11606254)|SOQL_EXECUTE_BEGIN|[18]|Aggregations:0|SELECT Id, name, Category__c, Is_Critical_Risk__c, ItemNo__c, Mitigation_Strategy__c, Rating__c, Risk_Item__c, description__c, Help_Text_0A__c, Help_Text_0B__c, Help_Text_0C__c, Help_Text_1A__c, Help_Text_1B__c, Help_Text_1C__c, Help_Text_2A__c, Help_Text_2B__c, Help_Text_2C__c, Help_Text_3A__c, Help_Text_3B__c, Help_Text_3C__c, Mitigation_Advice__c, Selected_Indicators__c, Selected_Indicators_With_Text__c FROM Project_Risk_Assessment__c WHERE Opportunity__c = :tmpVar1 ORDER BY ItemNo__c ASC NULLS FIRST
10:48:57.0 (11617486)|LIMIT_USAGE|[18]|SOQL|2|100
10:48:57.0 (11627590)|LIMIT_USAGE|[18]|AGGS|0|300
10:48:57.0 (31135306)|SOQL_EXECUTE_END|[18]|Rows:25
10:48:57.0 (31152715)|LIMIT_USAGE|[18]|SOQL_ROWS|37|50000
10:48:57.0 (31181217)|HEAP_ALLOCATE|[18]|Bytes:104
10:48:57.0 (31269333)|HEAP_ALLOCATE|[18]|Bytes:9056
10:48:57.0 (31369693)|HEAP_ALLOCATE|[18]|Bytes:104
10:48:57.0 (31400386)|VARIABLE_SCOPE_BEGIN|[18]|allPRAs|List<Project_Risk_Assessment__c>|true|false
10:48:57.0 (31431811)|VARIABLE_ASSIGNMENT|[18]|allPRAs|"List of size 25 too large to display"|0x5e7993a2
10:48:57.0 (31439867)|STATEMENT_EXECUTE|[26]
10:48:57.0 (31455408)|SYSTEM_MODE_EXIT|false
10:48:57.31 (31487916)|CUMULATIVE_LIMIT_USAGE
10:48:57.31 (31487916)|LIMIT_USAGE_FOR_NS|(default)|
  Number of SOQL queries: 2 out of 100
  Number of query rows: 37 out of 50000
  Number of SOSL queries: 0 out of 20
  Number of DML statements: 0 out of 150
  Number of DML rows: 0 out of 10000
  Maximum CPU time: 0 out of 10000
  Maximum heap size: 0 out of 6000000
  Number of callouts: 0 out of 100
  Number of Email Invocations: 0 out of 10
  Number of future calls: 0 out of 50
  Number of queueable jobs added to the queue: 0 out of 50
  Number of Mobile Apex push calls: 0 out of 10

10:48:57.31 (31487916)|TOTAL_EMAIL_RECIPIENTS_QUEUED|0
10:48:57.31 (31487916)|STATIC_VARIABLE_LIST|
  char[]:DigitTens:0
  long:serialVersionUID:0
  long:serialVersionUID:0
  double:MAX_VALUE:0
  Boolean:FALSE:0
  long:serialVersionUID:0
  String:_sfdcAdditionalCodeLocations:0
  double:MIN_VALUE:0
  int:SIZE:0
  double:NEGATIVE_INFINITY:0
  int:MAX_VALUE:0
  char[]:digits:0
  double:NaN:0
  Boolean:TRUE:0
  int:MIN_VALUE:0
  String:_sfdcSuppressedCodeLocations:0
  char[]:DigitOnes:0
  int:BYTES:0
  int:MIN_EXPONENT:0
  int[]:sizeTable:0
  int:MAX_EXPONENT:0
  String:_sfdcSuppressedCodeLocations:0
  String:_sfdcAdditionalCodeLocations:0
  int:SIZE:0
  double:POSITIVE_INFINITY:0
  double:MIN_NORMAL:0
  int:BYTES:0

10:48:57.31 (31487916)|CUMULATIVE_LIMIT_USAGE_END

10:48:57.0 (31649082)|CODE_UNIT_FINISHED|PRAController.getAllPRARecords
10:48:57.89 (89192298)|CUMULATIVE_PROFILING_BEGIN
10:48:57.89 (89192298)|CUMULATIVE_PROFILING|SOQL operations|
Class.PRAController.getAllPRARecords: line 18, column 1: [SELECT Id,name,Category__c,Is_Critical_Risk__c,ItemNo__c,Mitigation_Strategy__c,Rating__c,Risk_Item__c,
                                                             		description__c,Help_Text_0A__c,Help_Text_0B__c,Help_Text_0C__c,Help_Text_1A__c,Help_Text_1B__c, 
                                                             		Help_Text_1C__c,Help_Text_2A__c,Help_Text_2B__c,Help_Text_2C__c,Help_Text_3A__c,Help_Text_3B__c,
                                                             		Help_Text_3C__c,Mitigation_Advice__c,Selected_Indicators__c,Selected_Indicators_With_Text__c
												   FROM Project_Risk_Assessment__c
                                                   WHERE Opportunity__c = :opportunityId
                                                   ORDER BY ItemNo__c]: executed 1 time in 21 ms
Class.KCRAController.getAllKCRARecords: line 17, column 1: [SELECT   Id,name,
                                                           			recordtypeId,
                                                           			applicable__c,
                                                           			approved__c,
                                                           			itemno__c,
                                                           			KCRA_Item__c,Opportunity__c 
                                 							FROM     Key_Commercial_Risks_Approvals__c 
                                 							WHERE    Opportunity__c = :opportunityId
                                                           	ORDER BY itemno__c]: executed 1 time in 6 ms

10:48:57.89 (89192298)|CUMULATIVE_PROFILING|No profiling information for SOSL operations
10:48:57.89 (89192298)|CUMULATIVE_PROFILING|No profiling information for DML operations
10:48:57.89 (89192298)|CUMULATIVE_PROFILING|method invocations|
External entry point: public static List<Project_Risk_Assessment__c> getAllPRARecords(String): executed 1 time in 21 ms
External entry point: public static List<Key_Commercial_Risks_Approvals__c> getAllKCRARecords(String): executed 1 time in 6 ms

10:48:57.89 (89192298)|CUMULATIVE_PROFILING_END
