39.0 APEX_CODE,FINEST;APEX_PROFILING,FINEST;CALLOUT,NONE;DB,FINEST;SYSTEM,FINE;VALIDATION,INFO;VISUALFORCE,INFO;WAVE,INFO;WORKFLOW,FINER
15:11:44.0 (338006)|USER_INFO|[EXTERNAL]|005O0000003t7an|ricky.lowe@jhg.com.au.pcphase2|Australian Eastern Standard Time|GMT+10:00
15:11:44.0 (371623)|EXECUTION_STARTED
15:11:44.0 (376675)|CODE_UNIT_STARTED|[EXTERNAL]|aura
15:11:44.0 (778760)|HEAP_ALLOCATE|[72]|Bytes:3
15:11:44.0 (812178)|HEAP_ALLOCATE|[77]|Bytes:152
15:11:44.0 (829243)|HEAP_ALLOCATE|[342]|Bytes:408
15:11:44.0 (849307)|HEAP_ALLOCATE|[355]|Bytes:408
15:11:44.0 (867728)|HEAP_ALLOCATE|[467]|Bytes:48
15:11:44.0 (896253)|HEAP_ALLOCATE|[139]|Bytes:6
15:11:44.0 (919326)|HEAP_ALLOCATE|[EXTERNAL]|Bytes:18
15:11:44.0 (934234)|HEAP_ALLOCATE|[EXTERNAL]|Bytes:18
15:11:44.0 (2408011)|CODE_UNIT_STARTED|[EXTERNAL]|01pO00000003MVy|ApprovalController.getOpportunityRecord
15:11:44.0 (2502071)|HEAP_ALLOCATE|[EXTERNAL]|Bytes:8
15:11:44.0 (2508216)|HEAP_ALLOCATE|[EXTERNAL]|Bytes:8
15:11:44.0 (2517151)|METHOD_ENTRY|[1]|01pO00000003MVy|ApprovalController.ApprovalController()
15:11:44.0 (2520214)|STATEMENT_EXECUTE|[1]
15:11:44.0 (2525545)|STATEMENT_EXECUTE|[1]
15:11:44.0 (2530026)|METHOD_EXIT|[1]|ApprovalController
15:11:44.0 (2534201)|HEAP_ALLOCATE|[EXTERNAL]|Bytes:18
15:11:44.0 (2543879)|SYSTEM_MODE_ENTER|false
15:11:44.0 (2550749)|VARIABLE_SCOPE_BEGIN|[15]|opportunityId|String|false|false
15:11:44.0 (2571610)|VARIABLE_ASSIGNMENT|[15]|opportunityId|"006O0000008lbw2IAA"
15:11:44.0 (2580209)|STATEMENT_EXECUTE|[15]
15:11:44.0 (2581628)|STATEMENT_EXECUTE|[18]
15:11:44.0 (2584578)|HEAP_ALLOCATE|[18]|Bytes:589
15:11:44.0 (2595032)|HEAP_ALLOCATE|[18]|Bytes:4
15:11:44.0 (2605166)|HEAP_ALLOCATE|[18]|Bytes:7
15:11:44.0 (2650188)|HEAP_ALLOCATE|[50]|Bytes:5
15:11:44.0 (2672170)|HEAP_ALLOCATE|[56]|Bytes:5
15:11:44.0 (2681596)|HEAP_ALLOCATE|[64]|Bytes:7
15:11:44.0 (3594707)|SOQL_EXECUTE_BEGIN|[18]|Aggregations:0|SELECT Id, name, Gate_Status__c, TSF_Gate_Status__c, CRA_Gate_Status__c, StageName, Competitor_Analysis_General_Comments__c, Are_there_any_critical_risks__c, Has_CRA_changed_since_last_approval__c, Has_TSF_changed_since_last_approval__c, Apply_Default_Bonding__c, Conversion_Budget_Comments__c, Is_Gate_1_To_3__c, Is_Gate_4_To_5__c, Net_Budget_EOI_PQ__c, Net_Budget_Post_Tender__c, Net_Budget_Tender__c, Net_Budget_Amount__c, Total_Budget_EOI_PQ__c, Total_Budget_Tender__c, Total_Budget_AUD__c, Total_Budget_Post_Tender__c, JH_Bid_Cost_of_JH_Revenue__c FROM Opportunity WHERE Id = :tmpVar1
15:11:44.0 (3607552)|LIMIT_USAGE|[18]|SOQL|1|100
15:11:44.0 (3615894)|LIMIT_USAGE|[18]|AGGS|0|300
15:11:44.0 (31086923)|SOQL_EXECUTE_END|[18]|Rows:1
15:11:44.0 (31097100)|LIMIT_USAGE|[18]|SOQL_ROWS|1|50000
15:11:44.0 (31114684)|HEAP_ALLOCATE|[18]|Bytes:8
15:11:44.0 (31128939)|HEAP_ALLOCATE|[18]|Bytes:765
15:11:44.0 (31256153)|HEAP_ALLOCATE|[18]|Bytes:8
15:11:44.0 (31277503)|VARIABLE_SCOPE_BEGIN|[18]|allOpps|List<Opportunity>|true|false
15:11:44.0 (31325848)|VARIABLE_ASSIGNMENT|[18]|allOpps|[{"Id":"006O0000008lbw2IAA","Name":"RL Test Opp 2017-04- (11 more) ...","Gate_Status__c":"Not Started","TSF_Gate_Status__c":"Not Applicable","CRA_Gate_Status__c":"Not Applicable","StageName":"Gate 3","Apply_Default_Bondin (4 more) ...":false,"Is_Gate_1_To_3__c":true,"Is_Gate_4_To_5__c":false,"Net_Budget_EOI_PQ__c":0,"Net_Budget_Post_Tend (5 more) ...":0,"Net_Budget_Tender__c":0,"Net_Budget_Amount__c":0,"Total_Budget_EOI_PQ_ (2 more) ...":0,"Total_Budget_Tender_ (2 more) ...":0,"Total_Budget_AUD__c":0,"Total_Budget_Post_Te (7 more) ...":0}]|0x19c182de
15:11:44.0 (31334248)|STATEMENT_EXECUTE|[38]
15:11:44.0 (31345339)|SYSTEM_MODE_EXIT|false
15:11:44.31 (31372239)|CUMULATIVE_LIMIT_USAGE
15:11:44.31 (31372239)|LIMIT_USAGE_FOR_NS|(default)|
  Number of SOQL queries: 1 out of 100
  Number of query rows: 1 out of 50000
  Number of SOSL queries: 0 out of 20
  Number of DML statements: 0 out of 150
  Number of DML rows: 0 out of 10000
  Maximum CPU time: 0 out of 10000
  Maximum heap size: 0 out of 6000000
  Number of callouts: 0 out of 100
  Number of Email Invocations: 0 out of 10
  Number of future calls: 0 out of 50
  Number of queueable jobs added to the queue: 0 out of 50
  Number of Mobile Apex push calls: 0 out of 10

15:11:44.31 (31372239)|TOTAL_EMAIL_RECIPIENTS_QUEUED|0
15:11:44.31 (31372239)|STATIC_VARIABLE_LIST|
  char[]:DigitTens:0
  long:serialVersionUID:0
  long:serialVersionUID:0
  double:MAX_VALUE:0
  Boolean:FALSE:0
  long:serialVersionUID:0
  double:MIN_VALUE:0
  int:SIZE:0
  double:NEGATIVE_INFINITY:0
  int:MAX_VALUE:0
  String:_sfdcSuppressedCodeLocations:0
  char[]:digits:0
  double:NaN:0
  Boolean:TRUE:0
  int:MIN_VALUE:0
  char[]:DigitOnes:0
  int:BYTES:0
  int:MIN_EXPONENT:0
  int[]:sizeTable:0
  int:MAX_EXPONENT:0
  int:SIZE:0
  double:POSITIVE_INFINITY:0
  String:_sfdcAdditionalCodeLocations:0
  double:MIN_NORMAL:0
  int:BYTES:0

15:11:44.31 (31372239)|CUMULATIVE_LIMIT_USAGE_END

15:11:44.0 (31508732)|CODE_UNIT_FINISHED|ApprovalController.getOpportunityRecord
15:11:44.38 (38176442)|CUMULATIVE_PROFILING_BEGIN
15:11:44.38 (38176442)|CUMULATIVE_PROFILING|SOQL operations|
Class.ApprovalController.getOpportunityRecord: line 18, column 1: [SELECT   Id,name,
                                                           			Gate_Status__c,
                                                           			TSF_Gate_Status__c,
                                                           			CRA_Gate_Status__c,
                                                           			StageName,
                                    								Competitor_Analysis_General_Comments__c,
                                    								Are_there_any_critical_risks__c,
                                    								Has_CRA_changed_since_last_approval__c,
                                    								Has_TSF_changed_since_last_approval__c,
                                    								Apply_Default_Bonding__c,
                                    								Conversion_Budget_Comments__c,
                                    								Is_Gate_1_To_3__c, Is_Gate_4_To_5__c,
                                    								Net_Budget_EOI_PQ__c, Net_Budget_Post_Tender__c, 
                                    								Net_Budget_Tender__c, Net_Budget_Amount__c,
                                    								Total_Budget_EOI_PQ__c, Total_Budget_Tender__c, 
                                    								Total_Budget_AUD__c, Total_Budget_Post_Tender__c, 
                                    								JH_Bid_Cost_of_JH_Revenue__c
                                 							FROM     Opportunity
                                 							WHERE    Id = :opportunityId]: executed 1 time in 28 ms

15:11:44.38 (38176442)|CUMULATIVE_PROFILING|No profiling information for SOSL operations
15:11:44.38 (38176442)|CUMULATIVE_PROFILING|No profiling information for DML operations
15:11:44.38 (38176442)|CUMULATIVE_PROFILING|method invocations|
External entry point: public static List<Opportunity> getOpportunityRecord(String): executed 1 time in 29 ms

15:11:44.38 (38176442)|CUMULATIVE_PROFILING_END
