39.0 APEX_CODE,FINEST;APEX_PROFILING,FINEST;CALLOUT,INFO;DB,INFO;SYSTEM,DEBUG;VALIDATION,INFO;VISUALFORCE,INFO;WAVE,INFO;WORKFLOW,INFO
15:12:11.0 (479481)|USER_INFO|[EXTERNAL]|00528000006B07F|dev@systempartners.com.prod.pcphase2|Australian Eastern Standard Time|GMT+11:00
15:12:11.0 (517655)|EXECUTION_STARTED
15:12:11.0 (522865)|CODE_UNIT_STARTED|[EXTERNAL]|aura
15:12:11.0 (1014564)|HEAP_ALLOCATE|[72]|Bytes:3
15:12:11.0 (1066142)|HEAP_ALLOCATE|[77]|Bytes:152
15:12:11.0 (1082268)|HEAP_ALLOCATE|[342]|Bytes:408
15:12:11.0 (1097576)|HEAP_ALLOCATE|[355]|Bytes:408
15:12:11.0 (1112701)|HEAP_ALLOCATE|[467]|Bytes:48
15:12:11.0 (1139886)|HEAP_ALLOCATE|[139]|Bytes:6
15:12:11.0 (1164824)|HEAP_ALLOCATE|[EXTERNAL]|Bytes:18
15:12:11.0 (1171874)|HEAP_ALLOCATE|[EXTERNAL]|Bytes:18
15:12:11.0 (2572215)|CODE_UNIT_STARTED|[EXTERNAL]|01pO00000003MVy|ApprovalController.getOpportunityRecord
15:12:11.0 (2672824)|HEAP_ALLOCATE|[EXTERNAL]|Bytes:5
15:12:11.0 (2678427)|HEAP_ALLOCATE|[EXTERNAL]|Bytes:8
15:12:11.0 (2688104)|METHOD_ENTRY|[1]|01pO00000003MVy|ApprovalController.ApprovalController()
15:12:11.0 (2691457)|STATEMENT_EXECUTE|[1]
15:12:11.0 (2696683)|STATEMENT_EXECUTE|[1]
15:12:11.0 (2701139)|METHOD_EXIT|[1]|ApprovalController
15:12:11.0 (2704714)|HEAP_ALLOCATE|[EXTERNAL]|Bytes:18
15:12:11.0 (2717300)|SYSTEM_MODE_ENTER|false
15:12:11.0 (2724367)|VARIABLE_SCOPE_BEGIN|[15]|opportunityId|String|false|false
15:12:11.0 (2745717)|VARIABLE_ASSIGNMENT|[15]|opportunityId|"006O0000008j3sIIAQ"
15:12:11.0 (2753263)|STATEMENT_EXECUTE|[15]
15:12:11.0 (2754625)|STATEMENT_EXECUTE|[18]
15:12:11.0 (2758105)|HEAP_ALLOCATE|[18]|Bytes:160
15:12:11.0 (2771940)|HEAP_ALLOCATE|[18]|Bytes:4
15:12:11.0 (2784743)|HEAP_ALLOCATE|[18]|Bytes:7
15:12:11.0 (2855573)|HEAP_ALLOCATE|[50]|Bytes:5
15:12:11.0 (2892269)|HEAP_ALLOCATE|[56]|Bytes:5
15:12:11.0 (2907993)|HEAP_ALLOCATE|[64]|Bytes:7
15:12:11.0 (3496328)|SOQL_EXECUTE_BEGIN|[18]|Aggregations:0|SELECT Id, name, Gate_Status__c, TSF_Gate_Status__c, CRA_Gate_Status__c, StageName, Competitor_Analysis_General_Comments__c FROM Opportunity WHERE Id = :tmpVar1
15:12:11.0 (3509045)|LIMIT_USAGE|[18]|SOQL|1|100
15:12:11.0 (3522229)|LIMIT_USAGE|[18]|AGGS|0|300
15:12:11.0 (9693429)|SOQL_EXECUTE_END|[18]|Rows:1
15:12:11.0 (9705115)|LIMIT_USAGE|[18]|SOQL_ROWS|1|50000
15:12:11.0 (9722490)|HEAP_ALLOCATE|[18]|Bytes:8
15:12:11.0 (9733767)|HEAP_ALLOCATE|[18]|Bytes:125
15:12:11.0 (9853948)|HEAP_ALLOCATE|[18]|Bytes:8
15:12:11.0 (9873455)|VARIABLE_SCOPE_BEGIN|[18]|allOpps|List<Opportunity>|true|false
15:12:11.0 (9909334)|VARIABLE_ASSIGNMENT|[18]|allOpps|[{"Id":"006O0000008j3sIIAQ","Name":"Mernda Rail Bypass","StageName":"Gate 4","Competitor_Analysis_ (19 more) ...":"asdadkei"}]|0x3778bc7b
15:12:11.0 (9913876)|STATEMENT_EXECUTE|[27]
15:12:11.0 (9929412)|SYSTEM_MODE_EXIT|false
15:12:11.9 (9958298)|CUMULATIVE_LIMIT_USAGE
15:12:11.9 (9958298)|LIMIT_USAGE_FOR_NS|(default)|
  Number of SOQL queries: 1 out of 100
  Number of query rows: 1 out of 50000
  Number of SOSL queries: 0 out of 20
  Number of DML statements: 0 out of 150
  Number of DML rows: 0 out of 10000
  Maximum CPU time: 0 out of 10000
  Maximum heap size: 0 out of 6000000
  Number of callouts: 0 out of 100
  Number of Email Invocations: 0 out of 10
  Number of future calls: 0 out of 50
  Number of queueable jobs added to the queue: 0 out of 50
  Number of Mobile Apex push calls: 0 out of 10

15:12:11.9 (9958298)|TOTAL_EMAIL_RECIPIENTS_QUEUED|0
15:12:11.9 (9958298)|STATIC_VARIABLE_LIST|
  char[]:DigitTens:0
  long:serialVersionUID:0
  long:serialVersionUID:0
  double:MAX_VALUE:0
  Boolean:FALSE:0
  long:serialVersionUID:0
  double:MIN_VALUE:0
  int:SIZE:0
  double:NEGATIVE_INFINITY:0
  int:MAX_VALUE:0
  String:_sfdcSuppressedCodeLocations:0
  char[]:digits:0
  double:NaN:0
  Boolean:TRUE:0
  int:MIN_VALUE:0
  char[]:DigitOnes:0
  int:BYTES:0
  int:MIN_EXPONENT:0
  int[]:sizeTable:0
  int:MAX_EXPONENT:0
  int:SIZE:0
  double:POSITIVE_INFINITY:0
  String:_sfdcAdditionalCodeLocations:0
  double:MIN_NORMAL:0
  int:BYTES:0

15:12:11.9 (9958298)|CUMULATIVE_LIMIT_USAGE_END

15:12:11.0 (10081263)|CODE_UNIT_FINISHED|ApprovalController.getOpportunityRecord
15:12:11.691 (691205984)|CUMULATIVE_PROFILING_BEGIN
15:12:11.691 (691205984)|CUMULATIVE_PROFILING|SOQL operations|
Class.ApprovalController.getOpportunityRecord: line 18, column 1: [SELECT   Id,name,
                                                           			Gate_Status__c,
                                                           			TSF_Gate_Status__c,
                                                           			CRA_Gate_Status__c,
                                                           			StageName,
                                    								Competitor_Analysis_General_Comments__c
                                 							FROM     Opportunity
                                 							WHERE    Id = :opportunityId]: executed 1 time in 7 ms

15:12:11.691 (691205984)|CUMULATIVE_PROFILING|No profiling information for SOSL operations
15:12:11.691 (691205984)|CUMULATIVE_PROFILING|No profiling information for DML operations
15:12:11.691 (691205984)|CUMULATIVE_PROFILING|method invocations|
External entry point: public static List<Opportunity> getOpportunityRecord(String): executed 1 time in 7 ms

15:12:11.691 (691205984)|CUMULATIVE_PROFILING_END
