39.0 APEX_CODE,FINEST;APEX_PROFILING,FINEST;CALLOUT,INFO;DB,INFO;SYSTEM,DEBUG;VALIDATION,INFO;VISUALFORCE,INFO;WAVE,INFO;WORKFLOW,INFO
14:53:45.0 (361821)|USER_INFO|[EXTERNAL]|00528000006B07F|dev@systempartners.com.prod.pcphase2|Australian Eastern Standard Time|GMT+11:00
14:53:45.0 (390669)|EXECUTION_STARTED
14:53:45.0 (394772)|CODE_UNIT_STARTED|[EXTERNAL]|aura
14:53:45.0 (1080396)|HEAP_ALLOCATE|[72]|Bytes:3
14:53:45.0 (1111248)|HEAP_ALLOCATE|[77]|Bytes:152
14:53:45.0 (1126183)|HEAP_ALLOCATE|[342]|Bytes:408
14:53:45.0 (1150883)|HEAP_ALLOCATE|[355]|Bytes:408
14:53:45.0 (1170141)|HEAP_ALLOCATE|[467]|Bytes:48
14:53:45.0 (1195587)|HEAP_ALLOCATE|[139]|Bytes:6
14:53:45.0 (1215788)|HEAP_ALLOCATE|[EXTERNAL]|Bytes:18
14:53:45.0 (1222746)|HEAP_ALLOCATE|[EXTERNAL]|Bytes:18
14:53:45.0 (2658438)|CODE_UNIT_STARTED|[EXTERNAL]|01pO0000000372v|KCRAController.getAllKCRARecords
14:53:45.0 (2871854)|HEAP_ALLOCATE|[EXTERNAL]|Bytes:5
14:53:45.0 (2878211)|HEAP_ALLOCATE|[EXTERNAL]|Bytes:14
14:53:45.0 (2889372)|METHOD_ENTRY|[11]|01pO0000000372v|KCRAController.KCRAController()
14:53:45.0 (2893315)|STATEMENT_EXECUTE|[11]
14:53:45.0 (2897720)|STATEMENT_EXECUTE|[11]
14:53:45.0 (2902398)|METHOD_EXIT|[11]|KCRAController
14:53:45.0 (2906084)|HEAP_ALLOCATE|[EXTERNAL]|Bytes:18
14:53:45.0 (2914132)|SYSTEM_MODE_ENTER|false
14:53:45.0 (2923197)|VARIABLE_SCOPE_BEGIN|[14]|opportunityId|String|false|false
14:53:45.0 (2951189)|VARIABLE_ASSIGNMENT|[14]|opportunityId|"006O0000008j3sIIAQ"
14:53:45.0 (2958479)|STATEMENT_EXECUTE|[14]
14:53:45.0 (2959881)|STATEMENT_EXECUTE|[17]
14:53:45.0 (2963413)|HEAP_ALLOCATE|[17]|Bytes:204
14:53:45.0 (2972830)|HEAP_ALLOCATE|[17]|Bytes:4
14:53:45.0 (2982690)|HEAP_ALLOCATE|[17]|Bytes:7
14:53:45.0 (3023574)|HEAP_ALLOCATE|[50]|Bytes:5
14:53:45.0 (3042074)|HEAP_ALLOCATE|[56]|Bytes:5
14:53:45.0 (3050309)|HEAP_ALLOCATE|[64]|Bytes:7
14:53:45.0 (5567910)|SOQL_EXECUTE_BEGIN|[17]|Aggregations:0|SELECT Id, name, recordtypeId, applicable__c, approved__c, itemno__c, KCRA_Item__c, Opportunity__c FROM Key_Commercial_Risks_Approvals__c WHERE Opportunity__c = :tmpVar1 ORDER BY itemno__c ASC NULLS FIRST
14:53:45.0 (5578671)|LIMIT_USAGE|[17]|SOQL|1|100
14:53:45.0 (5586404)|LIMIT_USAGE|[17]|AGGS|0|300
14:53:45.0 (18478878)|SOQL_EXECUTE_END|[17]|Rows:1
14:53:45.0 (18490233)|LIMIT_USAGE|[17]|SOQL_ROWS|1|50000
14:53:45.0 (18505785)|HEAP_ALLOCATE|[17]|Bytes:8
14:53:45.0 (18520688)|HEAP_ALLOCATE|[17]|Bytes:248
14:53:45.0 (18556455)|HEAP_ALLOCATE|[17]|Bytes:8
14:53:45.0 (18574309)|VARIABLE_SCOPE_BEGIN|[17]|allKCRAs|List<Key_Commercial_Risks_Approvals__c>|true|false
14:53:45.0 (18610777)|VARIABLE_ASSIGNMENT|[17]|allKCRAs|[{"Id":"a0gO000001LxM3ZIAV","Name":"KCRA-00000004","Applicable__c":"Yes","Approved__c":false,"ItemNo__c":2,"KCRA_Item__c":"Operate in a country (38 more) ...","Opportunity__c":"006O0000008j3sIIAQ"}]|0x55b16ae5
14:53:45.0 (18616640)|STATEMENT_EXECUTE|[27]
14:53:45.0 (18629320)|SYSTEM_MODE_EXIT|false
14:53:45.18 (18659164)|CUMULATIVE_LIMIT_USAGE
14:53:45.18 (18659164)|LIMIT_USAGE_FOR_NS|(default)|
  Number of SOQL queries: 1 out of 100
  Number of query rows: 1 out of 50000
  Number of SOSL queries: 0 out of 20
  Number of DML statements: 0 out of 150
  Number of DML rows: 0 out of 10000
  Maximum CPU time: 0 out of 10000
  Maximum heap size: 0 out of 6000000
  Number of callouts: 0 out of 100
  Number of Email Invocations: 0 out of 10
  Number of future calls: 0 out of 50
  Number of queueable jobs added to the queue: 0 out of 50
  Number of Mobile Apex push calls: 0 out of 10

14:53:45.18 (18659164)|TOTAL_EMAIL_RECIPIENTS_QUEUED|0
14:53:45.18 (18659164)|STATIC_VARIABLE_LIST|
  char[]:DigitTens:0
  long:serialVersionUID:0
  long:serialVersionUID:0
  double:MAX_VALUE:0
  Boolean:FALSE:0
  long:serialVersionUID:0
  String:_sfdcAdditionalCodeLocations:0
  double:MIN_VALUE:0
  int:SIZE:0
  double:NEGATIVE_INFINITY:0
  int:MAX_VALUE:0
  char[]:digits:0
  double:NaN:0
  Boolean:TRUE:0
  int:MIN_VALUE:0
  char[]:DigitOnes:0
  int:BYTES:0
  int:MIN_EXPONENT:0
  int[]:sizeTable:0
  int:MAX_EXPONENT:0
  String:_sfdcSuppressedCodeLocations:0
  int:SIZE:0
  double:POSITIVE_INFINITY:0
  double:MIN_NORMAL:0
  int:BYTES:0

14:53:45.18 (18659164)|CUMULATIVE_LIMIT_USAGE_END

14:53:45.0 (18794367)|CODE_UNIT_FINISHED|KCRAController.getAllKCRARecords
14:53:45.25 (25816024)|CUMULATIVE_PROFILING_BEGIN
14:53:45.25 (25816024)|CUMULATIVE_PROFILING|SOQL operations|
Class.KCRAController.getAllKCRARecords: line 17, column 1: [SELECT   Id,name,
                                                           			recordtypeId,
                                                           			applicable__c,
                                                           			approved__c,
                                                           			itemno__c,
                                                           			KCRA_Item__c,Opportunity__c 
                                 							FROM     Key_Commercial_Risks_Approvals__c 
                                 							WHERE    Opportunity__c = :opportunityId
                                                           	ORDER BY itemno__c]: executed 1 time in 15 ms

14:53:45.25 (25816024)|CUMULATIVE_PROFILING|No profiling information for SOSL operations
14:53:45.25 (25816024)|CUMULATIVE_PROFILING|No profiling information for DML operations
14:53:45.25 (25816024)|CUMULATIVE_PROFILING|method invocations|
External entry point: public static List<Key_Commercial_Risks_Approvals__c> getAllKCRARecords(String): executed 1 time in 15 ms

14:53:45.25 (25816024)|CUMULATIVE_PROFILING_END
