34.0 APEX_CODE,FINEST;APEX_PROFILING,FINEST;CALLOUT,INFO;DB,INFO;SYSTEM,DEBUG;VALIDATION,INFO;VISUALFORCE,INFO;WAVE,INFO;WORKFLOW,INFO
Execute Anonymous: Email_Alert_Class EA = new Email_Alert_Class();
Execute Anonymous: EA.registerNewEmail(null, false, false, '006O0000008ju1Z', true, false, false, null);
Execute Anonymous: EA.registerNewEmail(null, false, true, '006O0000008jnef', true, false, false, null);
Execute Anonymous: EA.sendEmails();
05:15:17.1 (1996713)|USER_INFO|[EXTERNAL]|005O0000003t7an|ricky.lowe@jhg.com.au.pcphase2|Australian Eastern Standard Time|GMT+11:00
05:15:17.1 (2014378)|EXECUTION_STARTED
05:15:17.1 (2020105)|CODE_UNIT_STARTED|[EXTERNAL]|execute_anonymous_apex
05:15:17.1 (4538218)|VARIABLE_SCOPE_BEGIN|[1]|EA|Email_Alert_Class|true|false
05:15:17.1 (4679723)|HEAP_ALLOCATE|[72]|Bytes:3
05:15:17.1 (4724799)|HEAP_ALLOCATE|[77]|Bytes:152
05:15:17.1 (4738250)|HEAP_ALLOCATE|[342]|Bytes:408
05:15:17.1 (4751677)|HEAP_ALLOCATE|[355]|Bytes:408
05:15:17.1 (4764434)|HEAP_ALLOCATE|[467]|Bytes:48
05:15:17.1 (4791401)|HEAP_ALLOCATE|[139]|Bytes:6
05:15:17.1 (4815677)|HEAP_ALLOCATE|[EXTERNAL]|Bytes:7
05:15:17.1 (4868027)|STATEMENT_EXECUTE|[1]
05:15:17.1 (4870951)|STATEMENT_EXECUTE|[1]
05:15:17.1 (4875444)|HEAP_ALLOCATE|[1]|Bytes:12
05:15:17.1 (4879970)|HEAP_ALLOCATE|[1]|Bytes:20
05:15:17.1 (4882963)|HEAP_ALLOCATE|[1]|Bytes:9
05:15:17.1 (4909151)|METHOD_ENTRY|[1]|01pO00000003HJI|Email_Alert_Class.Email_Alert_Class()
05:15:17.1 (4912152)|STATEMENT_EXECUTE|[1]
05:15:17.1 (4915419)|STATEMENT_EXECUTE|[1]
05:15:17.1 (4950169)|HEAP_ALLOCATE|[50]|Bytes:5
05:15:17.1 (4979293)|HEAP_ALLOCATE|[56]|Bytes:5
05:15:17.1 (4987687)|HEAP_ALLOCATE|[64]|Bytes:7
05:15:17.1 (5004595)|SYSTEM_MODE_ENTER|false
05:15:17.1 (5020014)|HEAP_ALLOCATE|[1]|Bytes:5
05:15:17.1 (5023984)|STATEMENT_EXECUTE|[33]
05:15:17.1 (5029896)|SYSTEM_MODE_EXIT|false
05:15:17.1 (5037644)|METHOD_EXIT|[1]|Email_Alert_Class
05:15:17.1 (5249889)|HEAP_ALLOCATE|[1]|Bytes:20
05:15:17.1 (5292992)|SYSTEM_MODE_ENTER|false
05:15:17.1 (5306274)|HEAP_ALLOCATE|[1]|Bytes:5
05:15:17.1 (5319991)|CONSTRUCTOR_ENTRY|[1]|01pO00000003HJI|<init>()
05:15:17.1 (5358219)|VARIABLE_SCOPE_BEGIN|[10]|this|Email_Alert_Class|true|false
05:15:17.1 (5418495)|VARIABLE_ASSIGNMENT|[10]|this|{}|0x243ea874
05:15:17.1 (5428334)|HEAP_ALLOCATE|[4]|Bytes:5
05:15:17.1 (5431629)|STATEMENT_EXECUTE|[1]
05:15:17.1 (5434139)|HEAP_ALLOCATE|[4]|Bytes:5
05:15:17.1 (5435515)|STATEMENT_EXECUTE|[3]
05:15:17.1 (5436651)|STATEMENT_EXECUTE|[4]
05:15:17.1 (5439317)|HEAP_ALLOCATE|[4]|Bytes:22
05:15:17.1 (5458727)|VARIABLE_ASSIGNMENT|[4]|this.CentralEmailAddress|"ricky.lowe@yopmail.c (2 more) ..."|0x243ea874
05:15:17.1 (5461252)|STATEMENT_EXECUTE|[5]
05:15:17.1 (5462303)|STATEMENT_EXECUTE|[6]
05:15:17.1 (5470665)|HEAP_ALLOCATE|[4]|Bytes:6
05:15:17.1 (5491819)|STATEMENT_EXECUTE|[10]
05:15:17.1 (5493383)|STATEMENT_EXECUTE|[16]
05:15:17.1 (5499140)|HEAP_ALLOCATE|[16]|Bytes:4
05:15:17.1 (5625736)|HEAP_ALLOCATE|[EXTERNAL]|Bytes:4
05:15:17.1 (5636847)|VARIABLE_ASSIGNMENT|[16]|this.messages|[]|0x243ea874
05:15:17.1 (5639549)|STATEMENT_EXECUTE|[17]
05:15:17.1 (5643837)|HEAP_ALLOCATE|[17]|Bytes:4
05:15:17.1 (5694768)|HEAP_ALLOCATE|[EXTERNAL]|Bytes:4
05:15:17.1 (5701828)|VARIABLE_ASSIGNMENT|[17]|this.EmailMessages|[]|0x243ea874
05:15:17.1 (5709960)|CONSTRUCTOR_EXIT|[1]|01pO00000003HJI|<init>()
05:15:17.1 (5713550)|SYSTEM_MODE_EXIT|false
05:15:17.1 (5744371)|VARIABLE_ASSIGNMENT|[1]|EA|{"CentralEmailAddress":"ricky.lowe@yopmail.c (2 more) ...","EmailMessages":"0x4f04020a","messages":"0x61311be"}|0x243ea874
05:15:17.1 (5748478)|STATEMENT_EXECUTE|[2]
05:15:17.1 (5756830)|HEAP_ALLOCATE|[2]|Bytes:15
05:15:17.1 (5774930)|HEAP_ALLOCATE|[2]|Bytes:4
05:15:17.1 (5802996)|SYSTEM_MODE_ENTER|false
05:15:17.1 (5813353)|HEAP_ALLOCATE|[2]|Bytes:5
05:15:17.1 (5847486)|METHOD_ENTRY|[2]|01pO00000003HJI|Email_Alert_Class.registerNewEmail(String, Boolean, Boolean, Id, Boolean, Boolean, Boolean, Id)
05:15:17.1 (5869364)|VARIABLE_SCOPE_BEGIN|[20]|this|Email_Alert_Class|true|false
05:15:17.1 (5891010)|VARIABLE_ASSIGNMENT|[20]|this|{"CentralEmailAddress":"ricky.lowe@yopmail.c (2 more) ...","EmailMessages":"0x4f04020a","messages":"0x61311be"}|0x243ea874
05:15:17.1 (5895716)|VARIABLE_SCOPE_BEGIN|[20]|templateDevName|String|false|false
05:15:17.1 (5900067)|VARIABLE_ASSIGNMENT|[20]|templateDevName|null
05:15:17.1 (5904633)|VARIABLE_SCOPE_BEGIN|[20]|sendToPreContractGroup|Boolean|false|false
05:15:17.1 (5908212)|VARIABLE_ASSIGNMENT|[20]|sendToPreContractGroup|false
05:15:17.1 (5910764)|VARIABLE_SCOPE_BEGIN|[20]|sendToCentralEmailAddress|Boolean|false|false
05:15:17.1 (5913279)|VARIABLE_ASSIGNMENT|[20]|sendToCentralEmailAddress|false
05:15:17.1 (5915348)|VARIABLE_SCOPE_BEGIN|[20]|OppID|Id|false|false
05:15:17.1 (6040342)|VARIABLE_ASSIGNMENT|[20]|OppID|"006O0000008ju1ZIAQ"
05:15:17.1 (6049256)|VARIABLE_SCOPE_BEGIN|[20]|sendToPDM|Boolean|false|false
05:15:17.1 (6053531)|VARIABLE_ASSIGNMENT|[20]|sendToPDM|true
05:15:17.1 (6056654)|VARIABLE_SCOPE_BEGIN|[20]|sendToBDM|Boolean|false|false
05:15:17.1 (6058882)|VARIABLE_ASSIGNMENT|[20]|sendToBDM|false
05:15:17.1 (6061285)|VARIABLE_SCOPE_BEGIN|[20]|sendToAllApprovers|Boolean|false|false
05:15:17.1 (6063555)|VARIABLE_ASSIGNMENT|[20]|sendToAllApprovers|false
05:15:17.1 (6065855)|VARIABLE_SCOPE_BEGIN|[20]|currentApprover|Id|false|false
05:15:17.1 (6068262)|VARIABLE_ASSIGNMENT|[20]|currentApprover|null
05:15:17.1 (6077576)|HEAP_ALLOCATE|[21]|Bytes:5
05:15:17.1 (6081450)|STATEMENT_EXECUTE|[20]
05:15:17.1 (6082670)|STATEMENT_EXECUTE|[21]
05:15:17.1 (6096169)|HEAP_ALLOCATE|[21]|Bytes:36
05:15:17.1 (6110278)|CONSTRUCTOR_ENTRY|[21]|01pO00000003HJI|<init>()
05:15:17.1 (6131073)|VARIABLE_SCOPE_BEGIN|[33]|this|Email_Alert_Class.EmailMessage|true|false
05:15:17.1 (6182696)|VARIABLE_ASSIGNMENT|[33]|this|{}|0x75bf6736
05:15:17.1 (6197755)|STATEMENT_EXECUTE|[33]
05:15:17.1 (6199146)|STATEMENT_EXECUTE|[34]
05:15:17.1 (6200170)|STATEMENT_EXECUTE|[35]
05:15:17.1 (6201038)|STATEMENT_EXECUTE|[36]
05:15:17.1 (6201972)|STATEMENT_EXECUTE|[37]
05:15:17.1 (6203041)|STATEMENT_EXECUTE|[38]
05:15:17.1 (6203891)|STATEMENT_EXECUTE|[39]
05:15:17.1 (6204719)|STATEMENT_EXECUTE|[40]
05:15:17.1 (6205573)|STATEMENT_EXECUTE|[41]
05:15:17.1 (6208857)|CONSTRUCTOR_EXIT|[21]|01pO00000003HJI|<init>()
05:15:17.1 (6212860)|VARIABLE_SCOPE_BEGIN|[21]|EM|Email_Alert_Class.EmailMessage|true|false
05:15:17.1 (6227277)|VARIABLE_ASSIGNMENT|[21]|EM|{}|0x75bf6736
05:15:17.1 (6229556)|STATEMENT_EXECUTE|[22]
05:15:17.1 (6236099)|VARIABLE_ASSIGNMENT|[22]|this.templateDevName|null|0x75bf6736
05:15:17.1 (6237978)|STATEMENT_EXECUTE|[23]
05:15:17.1 (6242599)|HEAP_ALLOCATE|[23]|Bytes:5
05:15:17.1 (6248085)|VARIABLE_ASSIGNMENT|[23]|this.sendToPreContractGroup|false|0x75bf6736
05:15:17.1 (6249848)|STATEMENT_EXECUTE|[24]
05:15:17.1 (6252276)|HEAP_ALLOCATE|[24]|Bytes:5
05:15:17.1 (6256259)|VARIABLE_ASSIGNMENT|[24]|this.sendToCentralEmailAddress|false|0x75bf6736
05:15:17.1 (6258008)|STATEMENT_EXECUTE|[25]
05:15:17.1 (6310990)|VARIABLE_ASSIGNMENT|[25]|this.OppID|"006O0000008ju1ZIAQ"|0x75bf6736
05:15:17.1 (6314529)|STATEMENT_EXECUTE|[26]
05:15:17.1 (6320318)|HEAP_ALLOCATE|[26]|Bytes:5
05:15:17.1 (6327883)|VARIABLE_ASSIGNMENT|[26]|this.sendToPDM|true|0x75bf6736
05:15:17.1 (6329617)|STATEMENT_EXECUTE|[27]
05:15:17.1 (6332135)|HEAP_ALLOCATE|[27]|Bytes:5
05:15:17.1 (6336046)|VARIABLE_ASSIGNMENT|[27]|this.sendToBDM|false|0x75bf6736
05:15:17.1 (6337665)|STATEMENT_EXECUTE|[28]
05:15:17.1 (6339970)|HEAP_ALLOCATE|[28]|Bytes:5
05:15:17.1 (6343741)|VARIABLE_ASSIGNMENT|[28]|this.sendToAllApprovers|false|0x75bf6736
05:15:17.1 (6345416)|STATEMENT_EXECUTE|[29]
05:15:17.1 (6349069)|VARIABLE_ASSIGNMENT|[29]|this.currentApprover|null|0x75bf6736
05:15:17.1 (6350628)|STATEMENT_EXECUTE|[30]
05:15:17.1 (6392289)|HEAP_ALLOCATE|[EXTERNAL]|Bytes:4
05:15:17.1 (6409650)|METHOD_EXIT|[2]|01pO00000003HJI|Email_Alert_Class.registerNewEmail(String, Boolean, Boolean, Id, Boolean, Boolean, Boolean, Id)
05:15:17.1 (6414210)|SYSTEM_MODE_EXIT|false
05:15:17.1 (6418542)|STATEMENT_EXECUTE|[3]
05:15:17.1 (6425631)|HEAP_ALLOCATE|[3]|Bytes:15
05:15:17.1 (6432424)|HEAP_ALLOCATE|[3]|Bytes:4
05:15:17.1 (6457228)|SYSTEM_MODE_ENTER|false
05:15:17.1 (6467168)|HEAP_ALLOCATE|[3]|Bytes:5
05:15:17.1 (6477524)|METHOD_ENTRY|[3]|01pO00000003HJI|Email_Alert_Class.registerNewEmail(String, Boolean, Boolean, Id, Boolean, Boolean, Boolean, Id)
05:15:17.1 (6489511)|VARIABLE_SCOPE_BEGIN|[20]|this|Email_Alert_Class|true|false
05:15:17.1 (6511372)|VARIABLE_ASSIGNMENT|[20]|this|{"CentralEmailAddress":"ricky.lowe@yopmail.c (2 more) ...","EmailMessages":"0x4f04020a","messages":"0x61311be"}|0x243ea874
05:15:17.1 (6514617)|VARIABLE_SCOPE_BEGIN|[20]|templateDevName|String|false|false
05:15:17.1 (6517707)|VARIABLE_ASSIGNMENT|[20]|templateDevName|null
05:15:17.1 (6520873)|VARIABLE_SCOPE_BEGIN|[20]|sendToPreContractGroup|Boolean|false|false
05:15:17.1 (6523706)|VARIABLE_ASSIGNMENT|[20]|sendToPreContractGroup|false
05:15:17.1 (6525656)|VARIABLE_SCOPE_BEGIN|[20]|sendToCentralEmailAddress|Boolean|false|false
05:15:17.1 (6527779)|VARIABLE_ASSIGNMENT|[20]|sendToCentralEmailAddress|true
05:15:17.1 (6529270)|VARIABLE_SCOPE_BEGIN|[20]|OppID|Id|false|false
05:15:17.1 (6578768)|VARIABLE_ASSIGNMENT|[20]|OppID|"006O0000008jnefIAA"
05:15:17.1 (6584277)|VARIABLE_SCOPE_BEGIN|[20]|sendToPDM|Boolean|false|false
05:15:17.1 (6588114)|VARIABLE_ASSIGNMENT|[20]|sendToPDM|true
05:15:17.1 (6593538)|VARIABLE_SCOPE_BEGIN|[20]|sendToBDM|Boolean|false|false
05:15:17.1 (6596348)|VARIABLE_ASSIGNMENT|[20]|sendToBDM|false
05:15:17.1 (6598224)|VARIABLE_SCOPE_BEGIN|[20]|sendToAllApprovers|Boolean|false|false
05:15:17.1 (6600395)|VARIABLE_ASSIGNMENT|[20]|sendToAllApprovers|false
05:15:17.1 (6601745)|VARIABLE_SCOPE_BEGIN|[20]|currentApprover|Id|false|false
05:15:17.1 (6603973)|VARIABLE_ASSIGNMENT|[20]|currentApprover|null
05:15:17.1 (6610700)|HEAP_ALLOCATE|[21]|Bytes:5
05:15:17.1 (6614320)|STATEMENT_EXECUTE|[20]
05:15:17.1 (6615477)|STATEMENT_EXECUTE|[21]
05:15:17.1 (6619173)|HEAP_ALLOCATE|[21]|Bytes:36
05:15:17.1 (6624721)|CONSTRUCTOR_ENTRY|[21]|01pO00000003HJI|<init>()
05:15:17.1 (6628441)|VARIABLE_SCOPE_BEGIN|[33]|this|Email_Alert_Class.EmailMessage|true|false
05:15:17.1 (6644432)|VARIABLE_ASSIGNMENT|[33]|this|{}|0x2ab3f192
05:15:17.1 (6656389)|STATEMENT_EXECUTE|[33]
05:15:17.1 (6657762)|STATEMENT_EXECUTE|[34]
05:15:17.1 (6658830)|STATEMENT_EXECUTE|[35]
05:15:17.1 (6659764)|STATEMENT_EXECUTE|[36]
05:15:17.1 (6660633)|STATEMENT_EXECUTE|[37]
05:15:17.1 (6661493)|STATEMENT_EXECUTE|[38]
05:15:17.1 (6662397)|STATEMENT_EXECUTE|[39]
05:15:17.1 (6663637)|STATEMENT_EXECUTE|[40]
05:15:17.1 (6664723)|STATEMENT_EXECUTE|[41]
05:15:17.1 (6667514)|CONSTRUCTOR_EXIT|[21]|01pO00000003HJI|<init>()
05:15:17.1 (6670843)|VARIABLE_SCOPE_BEGIN|[21]|EM|Email_Alert_Class.EmailMessage|true|false
05:15:17.1 (6683299)|VARIABLE_ASSIGNMENT|[21]|EM|{}|0x2ab3f192
05:15:17.1 (6685454)|STATEMENT_EXECUTE|[22]
05:15:17.1 (6690604)|VARIABLE_ASSIGNMENT|[22]|this.templateDevName|null|0x2ab3f192
05:15:17.1 (6692459)|STATEMENT_EXECUTE|[23]
05:15:17.1 (6696423)|HEAP_ALLOCATE|[23]|Bytes:5
05:15:17.1 (6701003)|VARIABLE_ASSIGNMENT|[23]|this.sendToPreContractGroup|false|0x2ab3f192
05:15:17.1 (6702763)|STATEMENT_EXECUTE|[24]
05:15:17.1 (6705059)|HEAP_ALLOCATE|[24]|Bytes:5
05:15:17.1 (6708495)|VARIABLE_ASSIGNMENT|[24]|this.sendToCentralEmailAddress|true|0x2ab3f192
05:15:17.1 (6710189)|STATEMENT_EXECUTE|[25]
05:15:17.1 (6758615)|VARIABLE_ASSIGNMENT|[25]|this.OppID|"006O0000008jnefIAA"|0x2ab3f192
05:15:17.1 (6762071)|STATEMENT_EXECUTE|[26]
05:15:17.1 (6766955)|HEAP_ALLOCATE|[26]|Bytes:5
05:15:17.1 (6773874)|VARIABLE_ASSIGNMENT|[26]|this.sendToPDM|true|0x2ab3f192
05:15:17.1 (6775866)|STATEMENT_EXECUTE|[27]
05:15:17.1 (6778217)|HEAP_ALLOCATE|[27]|Bytes:5
05:15:17.1 (6781827)|VARIABLE_ASSIGNMENT|[27]|this.sendToBDM|false|0x2ab3f192
05:15:17.1 (6783448)|STATEMENT_EXECUTE|[28]
05:15:17.1 (6785604)|HEAP_ALLOCATE|[28]|Bytes:5
05:15:17.1 (6788915)|VARIABLE_ASSIGNMENT|[28]|this.sendToAllApprovers|false|0x2ab3f192
05:15:17.1 (6790543)|STATEMENT_EXECUTE|[29]
05:15:17.1 (6793755)|VARIABLE_ASSIGNMENT|[29]|this.currentApprover|null|0x2ab3f192
05:15:17.1 (6795265)|STATEMENT_EXECUTE|[30]
05:15:17.1 (6803939)|HEAP_ALLOCATE|[EXTERNAL]|Bytes:4
05:15:17.1 (6816649)|METHOD_EXIT|[3]|01pO00000003HJI|Email_Alert_Class.registerNewEmail(String, Boolean, Boolean, Id, Boolean, Boolean, Boolean, Id)
05:15:17.1 (6820862)|SYSTEM_MODE_EXIT|false
05:15:17.1 (6824817)|STATEMENT_EXECUTE|[4]
05:15:17.1 (6847679)|SYSTEM_MODE_ENTER|false
05:15:17.1 (6857433)|HEAP_ALLOCATE|[4]|Bytes:5
05:15:17.1 (6867671)|METHOD_ENTRY|[4]|01pO00000003HJI|Email_Alert_Class.sendEmails()
05:15:17.1 (6887643)|VARIABLE_SCOPE_BEGIN|[44]|this|Email_Alert_Class|true|false
05:15:17.1 (6908718)|VARIABLE_ASSIGNMENT|[44]|this|{"CentralEmailAddress":"ricky.lowe@yopmail.c (2 more) ...","EmailMessages":"0x4f04020a","messages":"0x61311be"}|0x243ea874
05:15:17.1 (6918684)|HEAP_ALLOCATE|[45]|Bytes:5
05:15:17.1 (6921963)|STATEMENT_EXECUTE|[44]
05:15:17.1 (6923129)|STATEMENT_EXECUTE|[45]
05:15:17.1 (6932082)|HEAP_ALLOCATE|[45]|Bytes:4
05:15:17.1 (6966787)|VARIABLE_SCOPE_BEGIN|[45]|OppIds|Set<Id>|true|false
05:15:17.1 (6992324)|VARIABLE_ASSIGNMENT|[45]|OppIds|[]|0x1ca102ef
05:15:17.1 (6995407)|STATEMENT_EXECUTE|[46]
05:15:17.1 (6999725)|HEAP_ALLOCATE|[46]|Bytes:4
05:15:17.1 (7022273)|VARIABLE_SCOPE_BEGIN|[46]|EmailTemplateDevNames|Set<String>|true|false
05:15:17.1 (7039667)|VARIABLE_ASSIGNMENT|[46]|EmailTemplateDevNames|[]|0x292b4f88
05:15:17.1 (7197716)|HEAP_ALLOCATE|[48]|Bytes:5
05:15:17.1 (7213727)|HEAP_ALLOCATE|[48]|Bytes:36
05:15:17.1 (7221381)|VARIABLE_SCOPE_BEGIN|[48]|EM|Email_Alert_Class.EmailMessage|true|false
05:15:17.1 (7313663)|VARIABLE_ASSIGNMENT|[48]|EM|{"OppID":"006O0000008ju1ZIAQ","sendToAllApprovers":false,"sendToBDM":false,"sendToCentralEmailAddress":false,"sendToPDM":true,"sendToPreContractGroup":false}|0x75bf6736
05:15:17.1 (7318691)|STATEMENT_EXECUTE|[48]
05:15:17.1 (7320244)|STATEMENT_EXECUTE|[49]
05:15:17.1 (7352117)|HEAP_ALLOCATE|[EXTERNAL]|Bytes:4
05:15:17.1 (7360979)|STATEMENT_EXECUTE|[50]
05:15:17.1 (7380329)|HEAP_ALLOCATE|[EXTERNAL]|Bytes:4
05:15:17.1 (7394538)|HEAP_ALLOCATE|[48]|Bytes:5
05:15:17.1 (7404136)|HEAP_ALLOCATE|[48]|Bytes:36
05:15:17.1 (7409444)|VARIABLE_SCOPE_BEGIN|[48]|EM|Email_Alert_Class.EmailMessage|true|false
05:15:17.1 (7489392)|VARIABLE_ASSIGNMENT|[48]|EM|{"OppID":"006O0000008jnefIAA","sendToAllApprovers":false,"sendToBDM":false,"sendToCentralEmailAddress":true,"sendToPDM":true,"sendToPreContractGroup":false}|0x2ab3f192
05:15:17.1 (7494094)|STATEMENT_EXECUTE|[48]
05:15:17.1 (7495178)|STATEMENT_EXECUTE|[49]
05:15:17.1 (7504005)|HEAP_ALLOCATE|[EXTERNAL]|Bytes:4
05:15:17.1 (7509330)|STATEMENT_EXECUTE|[50]
05:15:17.1 (7513484)|HEAP_ALLOCATE|[EXTERNAL]|Bytes:4
05:15:17.1 (7524475)|HEAP_ALLOCATE|[48]|Bytes:5
05:15:17.1 (7538207)|VARIABLE_ASSIGNMENT|[48]|EM|null|
05:15:17.1 (7541146)|STATEMENT_EXECUTE|[53]
05:15:17.1 (7553059)|METHOD_ENTRY|[53]|01pO00000003HJI|Email_Alert_Class.getTemplateIDs(Set<String>)
05:15:17.1 (7573781)|VARIABLE_SCOPE_BEGIN|[191]|this|Email_Alert_Class|true|false
05:15:17.1 (7594029)|VARIABLE_ASSIGNMENT|[191]|this|{"CentralEmailAddress":"ricky.lowe@yopmail.c (2 more) ...","EmailMessages":"0x4f04020a","messages":"0x61311be"}|0x243ea874
05:15:17.1 (7598412)|VARIABLE_SCOPE_BEGIN|[191]|EmailTemplateDevNames|Set<String>|true|false
05:15:17.1 (7603712)|VARIABLE_ASSIGNMENT|[191]|EmailTemplateDevNames|[]|0x292b4f88
05:15:17.1 (7612316)|HEAP_ALLOCATE|[192]|Bytes:5
05:15:17.1 (7615666)|STATEMENT_EXECUTE|[191]
05:15:17.1 (7616874)|STATEMENT_EXECUTE|[192]
05:15:17.1 (7623032)|HEAP_ALLOCATE|[192]|Bytes:4
05:15:17.1 (7633956)|VARIABLE_SCOPE_BEGIN|[192]|EmailTemplatesDevNameToID|Map<String,Id>|true|false
05:15:17.1 (7646448)|VARIABLE_ASSIGNMENT|[192]|EmailTemplatesDevNameToID|{}|0x3d9f026d
05:15:17.1 (7650854)|HEAP_ALLOCATE|[194]|Bytes:80
05:15:17.1 (7657147)|HEAP_ALLOCATE|[194]|Bytes:4
05:15:17.1 (7662854)|HEAP_ALLOCATE|[194]|Bytes:7
05:15:17.1 (7927473)|SOQL_EXECUTE_BEGIN|[194]|Aggregations:0|SELECT DeveloperName, Id, Name FROM EmailTemplate 
05:15:17.1 (7937144)|LIMIT_USAGE|[194]|SOQL|1|100
05:15:17.1 (7948239)|LIMIT_USAGE|[194]|AGGS|0|300
05:15:17.1 (9589288)|SOQL_EXECUTE_END|[194]|Rows:0
05:15:17.1 (9723461)|HEAP_ALLOCATE|[194]|Bytes:49
05:15:17.1 (9729376)|HEAP_ALLOCATE|[194]|Bytes:8
05:15:17.1 (9736436)|SYSTEM_METHOD_ENTRY|[7]|QueryLocatorIterator.QueryLocatorIterator()
05:15:17.1 (9738725)|STATEMENT_EXECUTE|[7]
05:15:17.1 (9744806)|SYSTEM_METHOD_EXIT|[7]|QueryLocatorIterator
05:15:17.1 (9750684)|HEAP_ALLOCATE|[194]|Bytes:28
05:15:17.1 (9769168)|HEAP_ALLOCATE|[194]|Bytes:8
05:15:17.1 (9771657)|HEAP_ALLOCATE|[194]|Bytes:8
05:15:17.1 (9775904)|VARIABLE_SCOPE_BEGIN|[15]|this|Database.QueryLocatorIterator|true|false
05:15:17.1 (9796062)|VARIABLE_ASSIGNMENT|[15]|this|{}|0x28f36b75
05:15:17.1 (9799616)|VARIABLE_SCOPE_BEGIN|[15]|values|List<SObject>|true|false
05:15:17.1 (9803395)|VARIABLE_ASSIGNMENT|[15]|values|null|
05:15:17.1 (9805738)|VARIABLE_SCOPE_BEGIN|[15]|ql|Database.QueryLocator|true|false
05:15:17.1 (9816991)|VARIABLE_ASSIGNMENT|[15]|ql|{"query":"SELECT DeveloperName (60 more) ..."}|0x1fbcde49
05:15:17.1 (9819565)|VARIABLE_SCOPE_BEGIN|[15]|totalNumRecords|Integer|false|false
05:15:17.1 (9823611)|VARIABLE_ASSIGNMENT|[15]|totalNumRecords|0
05:15:17.1 (9825739)|VARIABLE_SCOPE_BEGIN|[15]|queryMoreSize|Integer|false|false
05:15:17.1 (9828173)|VARIABLE_ASSIGNMENT|[15]|queryMoreSize|50000
05:15:17.1 (9867496)|HEAP_ALLOCATE|[194]|Bytes:28
05:15:17.1 (9883080)|METHOD_ENTRY|[194]||Database.QueryLocatorIterator.hasNext()
05:15:17.1 (9900534)|METHOD_EXIT|[194]||Database.QueryLocatorIterator.hasNext()
05:15:17.1 (9938858)|VARIABLE_ASSIGNMENT|[194]|ET|null|
05:15:17.1 (9942034)|STATEMENT_EXECUTE|[194]
05:15:17.1 (9962158)|STATEMENT_EXECUTE|[197]
05:15:17.1 (9969584)|METHOD_EXIT|[53]|01pO00000003HJI|Email_Alert_Class.getTemplateIDs(Set<String>)
05:15:17.1 (9974644)|VARIABLE_SCOPE_BEGIN|[53]|EmailTemplatesDevNameToID|Map<String,Id>|true|false
05:15:17.1 (9983714)|VARIABLE_ASSIGNMENT|[53]|EmailTemplatesDevNameToID|{}|0x3d9f026d
05:15:17.1 (9985615)|STATEMENT_EXECUTE|[54]
05:15:17.1 (9994020)|METHOD_ENTRY|[54]|01pO00000003HJI|Email_Alert_Class.getPreContractGroupMembers()
05:15:17.1 (10011696)|VARIABLE_SCOPE_BEGIN|[201]|this|Email_Alert_Class|true|false
05:15:17.1 (10033774)|VARIABLE_ASSIGNMENT|[201]|this|{"CentralEmailAddress":"ricky.lowe@yopmail.c (2 more) ...","EmailMessages":"0x4f04020a","messages":"0x61311be"}|0x243ea874
05:15:17.1 (10043644)|HEAP_ALLOCATE|[202]|Bytes:5
05:15:17.1 (10047160)|STATEMENT_EXECUTE|[201]
05:15:17.1 (10048467)|STATEMENT_EXECUTE|[202]
05:15:17.1 (10051114)|HEAP_ALLOCATE|[202]|Bytes:87
05:15:17.1 (10055831)|HEAP_ALLOCATE|[202]|Bytes:4
05:15:17.1 (10215147)|SOQL_EXECUTE_BEGIN|[202]|Aggregations:0|SELECT DeveloperName, Id FROM Group WHERE DeveloperName = 'Pre_Contracts_Group' LIMIT 1
05:15:17.1 (10221570)|LIMIT_USAGE|[202]|SOQL|2|100
05:15:17.1 (10228369)|LIMIT_USAGE|[202]|AGGS|0|300
05:15:17.1 (12315329)|SOQL_EXECUTE_END|[202]|Rows:1
05:15:17.1 (12321753)|LIMIT_USAGE|[202]|SOQL_ROWS|1|50000
05:15:17.1 (12332875)|HEAP_ALLOCATE|[202]|Bytes:8
05:15:17.1 (12347509)|HEAP_ALLOCATE|[202]|Bytes:65
05:15:17.1 (12397637)|HEAP_ALLOCATE|[202]|Bytes:8
05:15:17.1 (12408104)|VARIABLE_SCOPE_BEGIN|[202]|PreContract|List<Group>|true|false
05:15:17.1 (12425094)|VARIABLE_ASSIGNMENT|[202]|PreContract|[{"DeveloperName":"Pre_Contracts_Group","Id":"00GO00000025mIMMAY"}]|0x2b49ca9e
05:15:17.1 (12428312)|STATEMENT_EXECUTE|[203]
05:15:17.1 (12433971)|HEAP_ALLOCATE|[203]|Bytes:4
05:15:17.1 (12458093)|VARIABLE_SCOPE_BEGIN|[203]|PreContractUserIDs|Set<String>|true|false
05:15:17.1 (12470362)|VARIABLE_ASSIGNMENT|[203]|PreContractUserIDs|[]|0x5dfc78ba
05:15:17.1 (12519596)|STATEMENT_EXECUTE|[204]
05:15:17.1 (12522026)|STATEMENT_EXECUTE|[211]
05:15:17.1 (12530028)|METHOD_EXIT|[54]|01pO00000003HJI|Email_Alert_Class.getPreContractGroupMembers()
05:15:17.1 (12534207)|VARIABLE_SCOPE_BEGIN|[54]|PreContract|Set<String>|true|false
05:15:17.1 (12541211)|VARIABLE_ASSIGNMENT|[54]|PreContract|[]|0x5dfc78ba
05:15:17.1 (12543047)|STATEMENT_EXECUTE|[55]
05:15:17.1 (12554338)|METHOD_ENTRY|[55]|01pO00000003HJI|Email_Alert_Class.getOppTeamMembers(Set<Id>)
05:15:17.1 (12620407)|VARIABLE_SCOPE_BEGIN|[154]|this|Email_Alert_Class|true|false
05:15:17.1 (12644405)|VARIABLE_ASSIGNMENT|[154]|this|{"CentralEmailAddress":"ricky.lowe@yopmail.c (2 more) ...","EmailMessages":"0x4f04020a","messages":"0x61311be"}|0x243ea874
05:15:17.1 (12649201)|VARIABLE_SCOPE_BEGIN|[154]|OppIds|Set<Id>|true|false
05:15:17.1 (12655621)|VARIABLE_ASSIGNMENT|[154]|OppIds|["006O0000008ju1ZIAQ","006O0000008jnefIAA"]|0x1ca102ef
05:15:17.1 (12665847)|HEAP_ALLOCATE|[155]|Bytes:5
05:15:17.1 (12669244)|STATEMENT_EXECUTE|[154]
05:15:17.1 (12670496)|STATEMENT_EXECUTE|[155]
05:15:17.1 (12674293)|HEAP_ALLOCATE|[155]|Bytes:4
05:15:17.1 (12704226)|VARIABLE_SCOPE_BEGIN|[155]|MapOppToOppTeamMemberGroupedByRole|Map<Id,Map<String,Set<String>>>|true|false
05:15:17.1 (12714305)|VARIABLE_ASSIGNMENT|[155]|MapOppToOppTeamMemberGroupedByRole|{}|0x7d676961
05:15:17.1 (12719446)|HEAP_ALLOCATE|[157]|Bytes:130
05:15:17.1 (12724198)|HEAP_ALLOCATE|[157]|Bytes:4
05:15:17.1 (13006066)|SOQL_EXECUTE_BEGIN|[157]|Aggregations:0|SELECT Id, OpportunityAccessLevel, OpportunityId, TeamMemberRole, UserId FROM OpportunityTeamMember 
05:15:17.1 (13012533)|LIMIT_USAGE|[157]|SOQL|3|100
05:15:17.1 (13019578)|LIMIT_USAGE|[157]|AGGS|0|300
05:15:17.1 (18422467)|SOQL_EXECUTE_END|[157]|Rows:4
05:15:17.1 (18429545)|LIMIT_USAGE|[157]|SOQL_ROWS|5|50000
05:15:17.1 (18438689)|HEAP_ALLOCATE|[EXTERNAL]|Bytes:20
05:15:17.1 (18512846)|HEAP_ALLOCATE|[157]|Bytes:28
05:15:17.1 (18569078)|HEAP_ALLOCATE|[157]|Bytes:20
05:15:17.1 (18584896)|HEAP_ALLOCATE|[157]|Bytes:8
05:15:17.1 (18587460)|HEAP_ALLOCATE|[157]|Bytes:8
05:15:17.1 (18591274)|VARIABLE_SCOPE_BEGIN|[15]|this|Database.QueryLocatorIterator|true|false
05:15:17.1 (18612558)|VARIABLE_ASSIGNMENT|[15]|this|{}|0x5cc3bd6a
05:15:17.1 (18615946)|VARIABLE_SCOPE_BEGIN|[15]|values|List<SObject>|true|false
05:15:17.1 (18640418)|VARIABLE_ASSIGNMENT|[15]|values|[{"Id":"00qO0000000CHxOIAW","OpportunityAccessLev (2 more) ...":"Read","OpportunityId":"006O0000008jnefIAA","TeamMemberRole":"Account Manager","UserId":"00528000004d3msAAA"},{"Id":"00qO0000000CHxJIAW","OpportunityAccessLev (2 more) ...":"Read","OpportunityId":"006O0000008ju1ZIAQ","TeamMemberRole":"Executive Sponsor","UserId":"00528000004d3msAAA"},{"Id":"00qO0000000CHxEIAW","OpportunityAccessLev (2 more) ...":"Read","OpportunityId":"006O0000008ju1ZIAQ","TeamMemberRole":"Account Manager","UserId":"00528000006B07FAAS"},{"Id":"00qO0000000CHxAIAW","OpportunityAccessLev (2 more) ...":"Edit","OpportunityId":"006O0000008ju1ZIAQ","TeamMemberRole":"Channel Manager","UserId":"005O0000003t7anIAA"}]|0x7c4f68e4
05:15:17.1 (18649027)|VARIABLE_SCOPE_BEGIN|[15]|ql|Database.QueryLocator|true|false
05:15:17.1 (18656237)|VARIABLE_ASSIGNMENT|[15]|ql|{"query":"SELECT Id, Opportuni (110 more) ..."}|0x280c8ef7
05:15:17.1 (18658373)|VARIABLE_SCOPE_BEGIN|[15]|totalNumRecords|Integer|false|false
05:15:17.1 (18661910)|VARIABLE_ASSIGNMENT|[15]|totalNumRecords|4
05:15:17.1 (18663547)|VARIABLE_SCOPE_BEGIN|[15]|queryMoreSize|Integer|false|false
05:15:17.1 (18665790)|VARIABLE_ASSIGNMENT|[15]|queryMoreSize|49995
05:15:17.1 (18706189)|HEAP_ALLOCATE|[157]|Bytes:28
05:15:17.1 (18719671)|METHOD_ENTRY|[157]||Database.QueryLocatorIterator.hasNext()
05:15:17.1 (18776345)|METHOD_EXIT|[157]||Database.QueryLocatorIterator.hasNext()
05:15:17.1 (18784284)|METHOD_ENTRY|[157]||Database.QueryLocatorIterator.next()
05:15:17.1 (18874883)|METHOD_EXIT|[157]||Database.QueryLocatorIterator.next()
05:15:17.1 (18881986)|VARIABLE_SCOPE_BEGIN|[157]|OTM|OpportunityTeamMember|true|false
05:15:17.1 (18896511)|VARIABLE_ASSIGNMENT|[157]|OTM|{"Id":"00qO0000000CHxOIAW","OpportunityAccessLev (2 more) ...":"Read","OpportunityId":"006O0000008jnefIAA","TeamMemberRole":"Account Manager","UserId":"00528000004d3msAAA"}|0x5844f666
05:15:17.1 (18900844)|STATEMENT_EXECUTE|[157]
05:15:17.1 (18902323)|STATEMENT_EXECUTE|[158]
05:15:17.1 (18907491)|HEAP_ALLOCATE|[158]|Bytes:4
05:15:17.1 (18931505)|VARIABLE_SCOPE_BEGIN|[158]|UserIds|Set<String>|true|false
05:15:17.1 (18944073)|VARIABLE_ASSIGNMENT|[158]|UserIds|[]|0x5f4badc2
05:15:17.1 (18946552)|STATEMENT_EXECUTE|[159]
05:15:17.1 (18952742)|HEAP_ALLOCATE|[159]|Bytes:4
05:15:17.1 (18966412)|VARIABLE_SCOPE_BEGIN|[159]|groupedByRole|Map<String,Set<String>>|true|false
05:15:17.1 (18976030)|VARIABLE_ASSIGNMENT|[159]|groupedByRole|{}|0x137cfbea
05:15:17.1 (19042523)|STATEMENT_EXECUTE|[178]
05:15:17.1 (19045633)|STATEMENT_EXECUTE|[179]
05:15:17.1 (19050165)|HEAP_ALLOCATE|[179]|Bytes:4
05:15:17.1 (19056631)|VARIABLE_SCOPE_BEGIN|[179]|groupedByRoleNew|Map<String,Set<String>>|true|false
05:15:17.1 (19066848)|VARIABLE_ASSIGNMENT|[179]|groupedByRoleNew|{}|0x1cafff95
05:15:17.1 (19069306)|STATEMENT_EXECUTE|[180]
05:15:17.1 (19073169)|HEAP_ALLOCATE|[180]|Bytes:4
05:15:17.1 (19091609)|VARIABLE_SCOPE_BEGIN|[180]|UserIdsNew2|Set<String>|true|false
05:15:17.1 (19102544)|VARIABLE_ASSIGNMENT|[180]|UserIdsNew2|[]|0x1e08747f
05:15:17.1 (19104881)|STATEMENT_EXECUTE|[181]
05:15:17.1 (19165549)|HEAP_ALLOCATE|[EXTERNAL]|Bytes:4
05:15:17.1 (19174775)|STATEMENT_EXECUTE|[182]
05:15:17.1 (19226112)|HEAP_ALLOCATE|[EXTERNAL]|Bytes:-4
05:15:17.1 (19233821)|STATEMENT_EXECUTE|[184]
05:15:17.1 (19263222)|HEAP_ALLOCATE|[EXTERNAL]|Bytes:-4
05:15:17.1 (19273448)|METHOD_ENTRY|[157]||Database.QueryLocatorIterator.hasNext()
05:15:17.1 (19293785)|METHOD_EXIT|[157]||Database.QueryLocatorIterator.hasNext()
05:15:17.1 (19298100)|METHOD_ENTRY|[157]||Database.QueryLocatorIterator.next()
05:15:17.1 (19354765)|METHOD_EXIT|[157]||Database.QueryLocatorIterator.next()
05:15:17.1 (19360647)|VARIABLE_SCOPE_BEGIN|[157]|OTM|OpportunityTeamMember|true|false
05:15:17.1 (19374643)|VARIABLE_ASSIGNMENT|[157]|OTM|{"Id":"00qO0000000CHxJIAW","OpportunityAccessLev (2 more) ...":"Read","OpportunityId":"006O0000008ju1ZIAQ","TeamMemberRole":"Executive Sponsor","UserId":"00528000004d3msAAA"}|0x6adf7fff
05:15:17.1 (19378558)|STATEMENT_EXECUTE|[157]
05:15:17.1 (19379886)|STATEMENT_EXECUTE|[158]
05:15:17.1 (19383733)|HEAP_ALLOCATE|[158]|Bytes:4
05:15:17.1 (19393561)|VARIABLE_SCOPE_BEGIN|[158]|UserIds|Set<String>|true|false
05:15:17.1 (19403536)|VARIABLE_ASSIGNMENT|[158]|UserIds|[]|0x37370d2f
05:15:17.1 (19405848)|STATEMENT_EXECUTE|[159]
05:15:17.1 (19408863)|HEAP_ALLOCATE|[159]|Bytes:4
05:15:17.1 (19413384)|VARIABLE_SCOPE_BEGIN|[159]|groupedByRole|Map<String,Set<String>>|true|false
05:15:17.1 (19420965)|VARIABLE_ASSIGNMENT|[159]|groupedByRole|{}|0x54870f0b
05:15:17.1 (19438892)|STATEMENT_EXECUTE|[178]
05:15:17.1 (19440487)|STATEMENT_EXECUTE|[179]
05:15:17.1 (19443346)|HEAP_ALLOCATE|[179]|Bytes:4
05:15:17.1 (19447686)|VARIABLE_SCOPE_BEGIN|[179]|groupedByRoleNew|Map<String,Set<String>>|true|false
05:15:17.1 (19455587)|VARIABLE_ASSIGNMENT|[179]|groupedByRoleNew|{}|0x9713268
05:15:17.1 (19457869)|STATEMENT_EXECUTE|[180]
05:15:17.1 (19461083)|HEAP_ALLOCATE|[180]|Bytes:4
05:15:17.1 (19468425)|VARIABLE_SCOPE_BEGIN|[180]|UserIdsNew2|Set<String>|true|false
05:15:17.1 (19477011)|VARIABLE_ASSIGNMENT|[180]|UserIdsNew2|[]|0x18c0843e
05:15:17.1 (19479019)|STATEMENT_EXECUTE|[181]
05:15:17.1 (19495463)|HEAP_ALLOCATE|[EXTERNAL]|Bytes:4
05:15:17.1 (19501570)|STATEMENT_EXECUTE|[182]
05:15:17.1 (19510986)|HEAP_ALLOCATE|[EXTERNAL]|Bytes:-4
05:15:17.1 (19515039)|STATEMENT_EXECUTE|[184]
05:15:17.1 (19523270)|HEAP_ALLOCATE|[EXTERNAL]|Bytes:-4
05:15:17.1 (19530815)|METHOD_ENTRY|[157]||Database.QueryLocatorIterator.hasNext()
05:15:17.1 (19549805)|METHOD_EXIT|[157]||Database.QueryLocatorIterator.hasNext()
05:15:17.1 (19553994)|METHOD_ENTRY|[157]||Database.QueryLocatorIterator.next()
05:15:17.1 (19607431)|METHOD_EXIT|[157]||Database.QueryLocatorIterator.next()
05:15:17.1 (19613188)|VARIABLE_SCOPE_BEGIN|[157]|OTM|OpportunityTeamMember|true|false
05:15:17.1 (19626467)|VARIABLE_ASSIGNMENT|[157]|OTM|{"Id":"00qO0000000CHxEIAW","OpportunityAccessLev (2 more) ...":"Read","OpportunityId":"006O0000008ju1ZIAQ","TeamMemberRole":"Account Manager","UserId":"00528000006B07FAAS"}|0x1711ac7c
05:15:17.1 (19629769)|STATEMENT_EXECUTE|[157]
05:15:17.1 (19630844)|STATEMENT_EXECUTE|[158]
05:15:17.1 (19634345)|HEAP_ALLOCATE|[158]|Bytes:4
05:15:17.1 (19643565)|VARIABLE_SCOPE_BEGIN|[158]|UserIds|Set<String>|true|false
05:15:17.1 (19653084)|VARIABLE_ASSIGNMENT|[158]|UserIds|[]|0x7b0216c2
05:15:17.1 (19655432)|STATEMENT_EXECUTE|[159]
05:15:17.1 (19658465)|HEAP_ALLOCATE|[159]|Bytes:4
05:15:17.1 (19662862)|VARIABLE_SCOPE_BEGIN|[159]|groupedByRole|Map<String,Set<String>>|true|false
05:15:17.1 (19669851)|VARIABLE_ASSIGNMENT|[159]|groupedByRole|{}|0x7be089b8
05:15:17.1 (19686434)|STATEMENT_EXECUTE|[162]
05:15:17.1 (19688026)|STATEMENT_EXECUTE|[163]
05:15:17.1 (19733729)|VARIABLE_ASSIGNMENT|[163]|groupedByRole|{"Executive Sponsor":["00528000004d3msAAA"]}|0x9713268
05:15:17.1 (19768158)|STATEMENT_EXECUTE|[171]
05:15:17.1 (19770189)|STATEMENT_EXECUTE|[172]
05:15:17.1 (19774556)|HEAP_ALLOCATE|[172]|Bytes:4
05:15:17.1 (19791945)|VARIABLE_SCOPE_BEGIN|[172]|UserIdsNew|Set<String>|true|false
05:15:17.1 (19803053)|VARIABLE_ASSIGNMENT|[172]|UserIdsNew|[]|0x671d138e
05:15:17.1 (19805540)|STATEMENT_EXECUTE|[173]
05:15:17.1 (19836972)|HEAP_ALLOCATE|[EXTERNAL]|Bytes:4
05:15:17.1 (19844613)|STATEMENT_EXECUTE|[174]
05:15:17.1 (19873825)|HEAP_ALLOCATE|[EXTERNAL]|Bytes:-4
05:15:17.1 (19883628)|METHOD_ENTRY|[157]||Database.QueryLocatorIterator.hasNext()
05:15:17.1 (19902155)|METHOD_EXIT|[157]||Database.QueryLocatorIterator.hasNext()
05:15:17.1 (19906158)|METHOD_ENTRY|[157]||Database.QueryLocatorIterator.next()
05:15:17.1 (19966977)|METHOD_EXIT|[157]||Database.QueryLocatorIterator.next()
05:15:17.1 (19973429)|VARIABLE_SCOPE_BEGIN|[157]|OTM|OpportunityTeamMember|true|false
05:15:17.1 (19988033)|VARIABLE_ASSIGNMENT|[157]|OTM|{"Id":"00qO0000000CHxAIAW","OpportunityAccessLev (2 more) ...":"Edit","OpportunityId":"006O0000008ju1ZIAQ","TeamMemberRole":"Channel Manager","UserId":"005O0000003t7anIAA"}|0x7d75215d
05:15:17.1 (19991503)|STATEMENT_EXECUTE|[157]
05:15:17.1 (19992583)|STATEMENT_EXECUTE|[158]
05:15:17.1 (19996242)|HEAP_ALLOCATE|[158]|Bytes:4
05:15:17.1 (20005546)|VARIABLE_SCOPE_BEGIN|[158]|UserIds|Set<String>|true|false
05:15:17.1 (20015857)|VARIABLE_ASSIGNMENT|[158]|UserIds|[]|0x16aa9c37
05:15:17.1 (20018205)|STATEMENT_EXECUTE|[159]
05:15:17.1 (20021154)|HEAP_ALLOCATE|[159]|Bytes:4
05:15:17.1 (20025460)|VARIABLE_SCOPE_BEGIN|[159]|groupedByRole|Map<String,Set<String>>|true|false
05:15:17.1 (20032648)|VARIABLE_ASSIGNMENT|[159]|groupedByRole|{}|0x69787a13
05:15:17.1 (20049194)|STATEMENT_EXECUTE|[162]
05:15:17.1 (20050876)|STATEMENT_EXECUTE|[163]
05:15:17.1 (20074948)|VARIABLE_ASSIGNMENT|[163]|groupedByRole|{"Executive Sponsor":["00528000004d3msAAA"],"Account Manager":["00528000006B07FAAS"]}|0x9713268
05:15:17.1 (20088879)|STATEMENT_EXECUTE|[171]
05:15:17.1 (20090320)|STATEMENT_EXECUTE|[172]
05:15:17.1 (20093651)|HEAP_ALLOCATE|[172]|Bytes:4
05:15:17.1 (20101003)|VARIABLE_SCOPE_BEGIN|[172]|UserIdsNew|Set<String>|true|false
05:15:17.1 (20110147)|VARIABLE_ASSIGNMENT|[172]|UserIdsNew|[]|0x667695d1
05:15:17.1 (20112304)|STATEMENT_EXECUTE|[173]
05:15:17.1 (20127021)|HEAP_ALLOCATE|[EXTERNAL]|Bytes:4
05:15:17.1 (20132783)|STATEMENT_EXECUTE|[174]
05:15:17.1 (20141503)|HEAP_ALLOCATE|[EXTERNAL]|Bytes:-4
05:15:17.1 (20148635)|METHOD_ENTRY|[157]||Database.QueryLocatorIterator.hasNext()
05:15:17.1 (20160610)|METHOD_EXIT|[157]||Database.QueryLocatorIterator.hasNext()
05:15:17.1 (20167768)|VARIABLE_ASSIGNMENT|[157]|OTM|null|
05:15:17.1 (20177509)|STATEMENT_EXECUTE|[187]
05:15:17.1 (20184322)|METHOD_EXIT|[55]|01pO00000003HJI|Email_Alert_Class.getOppTeamMembers(Set<Id>)
05:15:17.1 (20188013)|VARIABLE_SCOPE_BEGIN|[55]|MapOppToOppTeamMemberGroupedByRole|Map<Id,Map<String,Set<String>>>|true|false
05:15:17.1 (20204936)|VARIABLE_ASSIGNMENT|[55]|MapOppToOppTeamMemberGroupedByRole|{"006O0000008jnefIAA":{"Account Manager":["00528000004d3msAAA"]},"006O0000008ju1ZIAQ":{"Executive Sponsor":["00528000004d3msAAA"],"Account Manager":["00528000006B07FAAS"],"Channel Manager":["005O0000003t7anIAA"]}}|0x7d676961
05:15:17.1 (20208389)|STATEMENT_EXECUTE|[56]
05:15:17.1 (20355235)|HEAP_ALLOCATE|[56]|Bytes:40
05:15:17.1 (20423653)|HEAP_ALLOCATE|[56]|Bytes:196
05:15:17.1 (20444213)|HEAP_ALLOCATE|[56]|Bytes:236
05:15:17.1 (20471852)|USER_DEBUG|[56]|ERROR|*** MapOppToOppTeamMemberGroupedByRole: {006O0000008jnefIAA={Account Manager={00528000004d3msAAA}}, 006O0000008ju1ZIAQ={Account Manager={00528000006B07FAAS}, Channel Manager={005O0000003t7anIAA}, Executive Sponsor={00528000004d3msAAA}}}
05:15:17.1 (20512301)|HEAP_ALLOCATE|[58]|Bytes:5
05:15:17.1 (20524904)|HEAP_ALLOCATE|[58]|Bytes:36
05:15:17.1 (20530481)|VARIABLE_SCOPE_BEGIN|[58]|EM|Email_Alert_Class.EmailMessage|true|false
05:15:17.1 (20654274)|VARIABLE_ASSIGNMENT|[58]|EM|{"OppID":"006O0000008ju1ZIAQ","sendToAllApprovers":false,"sendToBDM":false,"sendToCentralEmailAddress":false,"sendToPDM":true,"sendToPreContractGroup":false}|0x75bf6736
05:15:17.1 (20659341)|STATEMENT_EXECUTE|[58]
05:15:17.1 (20660687)|STATEMENT_EXECUTE|[59]
05:15:17.1 (20712074)|VARIABLE_SCOPE_BEGIN|[59]|message|Messaging.SingleEmailMessage|true|false
05:15:17.1 (20772089)|VARIABLE_ASSIGNMENT|[59]|message|"common.api.soap.wsdl.SingleEmailMessage@5ad61228"|0x85cccbe
05:15:17.1 (20775957)|STATEMENT_EXECUTE|[60]
05:15:17.1 (20781423)|HEAP_ALLOCATE|[60]|Bytes:4
05:15:17.1 (20805539)|VARIABLE_SCOPE_BEGIN|[60]|toAddresses|Set<String>|true|false
05:15:17.1 (20817618)|VARIABLE_ASSIGNMENT|[60]|toAddresses|[]|0x53a69b59
05:15:17.1 (20823886)|STATEMENT_EXECUTE|[63]
05:15:17.1 (20826439)|STATEMENT_EXECUTE|[68]
05:15:17.1 (20827447)|STATEMENT_EXECUTE|[73]
05:15:17.1 (20862958)|VARIABLE_SCOPE_BEGIN|[73]|groupedByRole|Map<String,Set<String>>|true|false
05:15:17.1 (20878978)|VARIABLE_ASSIGNMENT|[73]|groupedByRole|{"Executive Sponsor":["00528000004d3msAAA"],"Account Manager":["00528000006B07FAAS"],"Channel Manager":["005O0000003t7anIAA"]}|0x9713268
05:15:17.1 (20882381)|STATEMENT_EXECUTE|[74]
05:15:17.1 (20888760)|HEAP_ALLOCATE|[74]|Bytes:19
05:15:17.1 (20924716)|HEAP_ALLOCATE|[74]|Bytes:116
05:15:17.1 (20939184)|HEAP_ALLOCATE|[74]|Bytes:135
05:15:17.1 (20953217)|USER_DEBUG|[74]|ERROR|*** groupedByRole: {Account Manager={00528000006B07FAAS}, Channel Manager={005O0000003t7anIAA}, Executive Sponsor={00528000004d3msAAA}}
05:15:17.1 (20966714)|STATEMENT_EXECUTE|[77]
05:15:17.1 (20970625)|HEAP_ALLOCATE|[78]|Bytes:15
05:15:17.1 (20997824)|STATEMENT_EXECUTE|[78]
05:15:17.1 (20999726)|STATEMENT_EXECUTE|[79]
05:15:17.1 (21030828)|HEAP_ALLOCATE|[EXTERNAL]|Bytes:4
05:15:17.1 (21034634)|HEAP_ALLOCATE|[79]|Bytes:4
05:15:17.1 (21042659)|STATEMENT_EXECUTE|[83]
05:15:17.1 (21045317)|STATEMENT_EXECUTE|[90]
05:15:17.1 (21047498)|STATEMENT_EXECUTE|[96]
05:15:17.1 (21048596)|STATEMENT_EXECUTE|[103]
05:15:17.1 (21052592)|HEAP_ALLOCATE|[103]|Bytes:17
05:15:17.1 (21080699)|HEAP_ALLOCATE|[103]|Bytes:20
05:15:17.1 (21094027)|HEAP_ALLOCATE|[103]|Bytes:37
05:15:17.1 (21107199)|USER_DEBUG|[103]|ERROR|*** toAddresses: {005O0000003t7anIAA}
05:15:17.1 (21112922)|STATEMENT_EXECUTE|[105]
05:15:17.1 (21120902)|HEAP_ALLOCATE|[105]|Bytes:4
05:15:17.1 (21149568)|HEAP_ALLOCATE|[105]|Bytes:4
05:15:17.1 (21181947)|HEAP_ALLOCATE|[EXTERNAL]|Bytes:8
05:15:17.1 (21223907)|STATEMENT_EXECUTE|[106]
05:15:17.1 (21226068)|STATEMENT_EXECUTE|[110]
05:15:17.1 (21262065)|STATEMENT_EXECUTE|[111]
05:15:17.1 (21290446)|STATEMENT_EXECUTE|[112]
05:15:17.1 (21294816)|HEAP_ALLOCATE|[112]|Bytes:6
05:15:17.1 (21319360)|STATEMENT_EXECUTE|[113]
05:15:17.1 (21322733)|HEAP_ALLOCATE|[113]|Bytes:25
05:15:17.1 (21340916)|STATEMENT_EXECUTE|[116]
05:15:17.1 (21372115)|HEAP_ALLOCATE|[EXTERNAL]|Bytes:4
05:15:17.1 (21387687)|HEAP_ALLOCATE|[58]|Bytes:5
05:15:17.1 (21398058)|HEAP_ALLOCATE|[58]|Bytes:36
05:15:17.1 (21403525)|VARIABLE_SCOPE_BEGIN|[58]|EM|Email_Alert_Class.EmailMessage|true|false
05:15:17.1 (21488672)|VARIABLE_ASSIGNMENT|[58]|EM|{"OppID":"006O0000008jnefIAA","sendToAllApprovers":false,"sendToBDM":false,"sendToCentralEmailAddress":true,"sendToPDM":true,"sendToPreContractGroup":false}|0x2ab3f192
05:15:17.1 (21493658)|STATEMENT_EXECUTE|[58]
05:15:17.1 (21495172)|STATEMENT_EXECUTE|[59]
05:15:17.1 (21508294)|VARIABLE_SCOPE_BEGIN|[59]|message|Messaging.SingleEmailMessage|true|false
05:15:17.1 (21562920)|VARIABLE_ASSIGNMENT|[59]|message|"common.api.soap.wsdl.SingleEmailMessage@56b8c5e9"|0x60725bbe
05:15:17.1 (21566985)|STATEMENT_EXECUTE|[60]
05:15:17.1 (21571534)|HEAP_ALLOCATE|[60]|Bytes:4
05:15:17.1 (21583748)|VARIABLE_SCOPE_BEGIN|[60]|toAddresses|Set<String>|true|false
05:15:17.1 (21595189)|VARIABLE_ASSIGNMENT|[60]|toAddresses|[]|0xfe63e5
05:15:17.1 (21599563)|STATEMENT_EXECUTE|[63]
05:15:17.1 (21601268)|STATEMENT_EXECUTE|[68]
05:15:17.1 (21602410)|STATEMENT_EXECUTE|[69]
05:15:17.1 (21626438)|HEAP_ALLOCATE|[EXTERNAL]|Bytes:4
05:15:17.1 (21633809)|STATEMENT_EXECUTE|[73]
05:15:17.1 (21649733)|VARIABLE_SCOPE_BEGIN|[73]|groupedByRole|Map<String,Set<String>>|true|false
05:15:17.1 (21662901)|VARIABLE_ASSIGNMENT|[73]|groupedByRole|{"Account Manager":["00528000004d3msAAA"]}|0x1cafff95
05:15:17.1 (21665690)|STATEMENT_EXECUTE|[74]
05:15:17.1 (21684006)|HEAP_ALLOCATE|[74]|Bytes:38
05:15:17.1 (21695153)|HEAP_ALLOCATE|[74]|Bytes:57
05:15:17.1 (21707655)|USER_DEBUG|[74]|ERROR|*** groupedByRole: {Account Manager={00528000004d3msAAA}}
05:15:17.1 (21714851)|STATEMENT_EXECUTE|[77]
05:15:17.1 (21723500)|STATEMENT_EXECUTE|[78]
05:15:17.1 (21725794)|STATEMENT_EXECUTE|[83]
05:15:17.1 (21727124)|STATEMENT_EXECUTE|[90]
05:15:17.1 (21728458)|STATEMENT_EXECUTE|[96]
05:15:17.1 (21729336)|STATEMENT_EXECUTE|[103]
05:15:17.1 (21743095)|HEAP_ALLOCATE|[103]|Bytes:24
05:15:17.1 (21752901)|HEAP_ALLOCATE|[103]|Bytes:41
05:15:17.1 (21762422)|USER_DEBUG|[103]|ERROR|*** toAddresses: {ricky.lowe@yopmail.com}
05:15:17.1 (21767307)|STATEMENT_EXECUTE|[105]
05:15:17.1 (21770928)|HEAP_ALLOCATE|[105]|Bytes:4
05:15:17.1 (21781944)|HEAP_ALLOCATE|[105]|Bytes:4
05:15:17.1 (21796803)|HEAP_ALLOCATE|[EXTERNAL]|Bytes:8
05:15:17.1 (21817500)|STATEMENT_EXECUTE|[106]
05:15:17.1 (21819557)|STATEMENT_EXECUTE|[110]
05:15:17.1 (21830972)|STATEMENT_EXECUTE|[111]
05:15:17.1 (21841928)|STATEMENT_EXECUTE|[112]
05:15:17.1 (21849655)|STATEMENT_EXECUTE|[113]
05:15:17.1 (21856045)|STATEMENT_EXECUTE|[116]
05:15:17.1 (21864503)|HEAP_ALLOCATE|[EXTERNAL]|Bytes:4
05:15:17.1 (21877099)|HEAP_ALLOCATE|[58]|Bytes:5
05:15:17.1 (21888497)|VARIABLE_ASSIGNMENT|[58]|EM|null|
05:15:17.1 (21949958)|HEAP_ALLOCATE|[EXTERNAL]|Bytes:12
05:15:17.1 (22395006)|LIMIT_USAGE|[120]|EMAIL_INVOCATIONS|1|10
05:15:17.68 (68394247)|ENTERING_MANAGED_PKG|APXTConga4
05:15:17.68 (74051569)|SOQL_EXECUTE_BEGIN|[46]|Aggregations:0|SELECT id, APXTConga4__WhatId__c FROM APXTConga4__Conga_Email_Staging__c 
05:15:17.68 (75521501)|SOQL_EXECUTE_END|[46]|Rows:0
05:15:17.75 (75847857)|CUMULATIVE_LIMIT_USAGE
05:15:17.75 (75847857)|LIMIT_USAGE_FOR_NS|(default)|
  Number of SOQL queries: 3 out of 100
  Number of query rows: 5 out of 50000
  Number of SOSL queries: 0 out of 20
  Number of DML statements: 0 out of 150
  Number of DML rows: 0 out of 10000
  Maximum CPU time: 0 out of 10000
  Maximum heap size: 0 out of 6000000
  Number of callouts: 0 out of 100
  Number of Email Invocations: 1 out of 10
  Number of future calls: 0 out of 50
  Number of queueable jobs added to the queue: 0 out of 50
  Number of Mobile Apex push calls: 0 out of 10

05:15:17.75 (75847857)|LIMIT_USAGE_FOR_NS|APXTConga4|
  Number of SOQL queries: 1 out of 100
  Number of query rows: 0 out of 50000
  Number of SOSL queries: 0 out of 20
  Number of DML statements: 0 out of 150
  Number of DML rows: 0 out of 10000
  Maximum CPU time: 0 out of 10000
  Maximum heap size: 0 out of 6000000
  Number of callouts: 0 out of 100
  Number of Email Invocations: 0 out of 10
  Number of future calls: 0 out of 50
  Number of queueable jobs added to the queue: 0 out of 50
  Number of Mobile Apex push calls: 0 out of 10

05:15:17.75 (75847857)|CUMULATIVE_LIMIT_USAGE_END

05:15:17.1 (371074947)|EMAIL_QUEUE|[120]|subject: Test 2, bccSender: false, saveAsActivity: true, useSignature: true, toAddresses: [005O0000003t7anIAA], whatId: 006O0000008ju1Z, plainTextBody: This is the message body., 
05:15:17.377 (377630265)|ENTERING_MANAGED_PKG|APXTConga4
05:15:17.377 (379003196)|SOQL_EXECUTE_BEGIN|[46]|Aggregations:0|SELECT id, APXTConga4__WhatId__c FROM APXTConga4__Conga_Email_Staging__c 
05:15:17.377 (380291416)|SOQL_EXECUTE_END|[46]|Rows:0
05:15:17.380 (380612124)|CUMULATIVE_LIMIT_USAGE
05:15:17.380 (380612124)|LIMIT_USAGE_FOR_NS|(default)|
  Number of SOQL queries: 3 out of 100
  Number of query rows: 5 out of 50000
  Number of SOSL queries: 0 out of 20
  Number of DML statements: 0 out of 150
  Number of DML rows: 0 out of 10000
  Maximum CPU time: 46 out of 10000
  Maximum heap size: 0 out of 6000000
  Number of callouts: 0 out of 100
  Number of Email Invocations: 1 out of 10
  Number of future calls: 0 out of 50
  Number of queueable jobs added to the queue: 0 out of 50
  Number of Mobile Apex push calls: 0 out of 10

05:15:17.380 (380612124)|LIMIT_USAGE_FOR_NS|APXTConga4|
  Number of SOQL queries: 2 out of 100
  Number of query rows: 0 out of 50000
  Number of SOSL queries: 0 out of 20
  Number of DML statements: 0 out of 150
  Number of DML rows: 0 out of 10000
  Maximum CPU time: 0 out of 10000
  Maximum heap size: 0 out of 6000000
  Number of callouts: 0 out of 100
  Number of Email Invocations: 0 out of 10
  Number of future calls: 0 out of 50
  Number of queueable jobs added to the queue: 0 out of 50
  Number of Mobile Apex push calls: 0 out of 10

05:15:17.380 (380612124)|CUMULATIVE_LIMIT_USAGE_END

05:15:17.1 (635568347)|EMAIL_QUEUE|[120]|subject: Test 2, bccSender: false, saveAsActivity: true, useSignature: true, toAddresses: [ricky.lowe@yopmail.com], whatId: 006O0000008jnef, plainTextBody: This is the message body., 
05:15:17.1 (635680580)|HEAP_ALLOCATE|[EXTERNAL]|Bytes:12
05:15:17.1 (635734444)|HEAP_ALLOCATE|[120]|Bytes:12
05:15:17.1 (635965631)|HEAP_ALLOCATE|[120]|Bytes:5
05:15:17.1 (636069595)|HEAP_ALLOCATE|[120]|Bytes:4
05:15:17.1 (636102891)|VARIABLE_SCOPE_BEGIN|[120]|SendResult|Messaging.SendEmailResult|true|false
05:15:17.1 (636200587)|VARIABLE_ASSIGNMENT|[120]|SendResult|"common.api.soap.wsdl.SendEmailResult@16b7e9c4"|0x634d0959
05:15:17.1 (636207547)|STATEMENT_EXECUTE|[120]
05:15:17.1 (636225180)|HEAP_ALLOCATE|[120]|Bytes:5
05:15:17.1 (636238758)|HEAP_ALLOCATE|[120]|Bytes:4
05:15:17.1 (636253732)|VARIABLE_SCOPE_BEGIN|[120]|SendResult|Messaging.SendEmailResult|true|false
05:15:17.1 (636308842)|VARIABLE_ASSIGNMENT|[120]|SendResult|"common.api.soap.wsdl.SendEmailResult@1c91c971"|0x7e92ebca
05:15:17.1 (636313122)|STATEMENT_EXECUTE|[120]
05:15:17.1 (636327184)|HEAP_ALLOCATE|[120]|Bytes:5
05:15:17.1 (636341378)|VARIABLE_ASSIGNMENT|[120]|SendResult|null|
05:15:17.1 (636360642)|METHOD_EXIT|[4]|01pO00000003HJI|Email_Alert_Class.sendEmails()
05:15:17.1 (636366849)|SYSTEM_MODE_EXIT|false
05:15:17.780 (780333546)|CUMULATIVE_LIMIT_USAGE
05:15:17.780 (780333546)|LIMIT_USAGE_FOR_NS|(default)|
  Number of SOQL queries: 3 out of 100
  Number of query rows: 5 out of 50000
  Number of SOSL queries: 0 out of 20
  Number of DML statements: 0 out of 150
  Number of DML rows: 0 out of 10000
  Maximum CPU time: 46 out of 10000
  Maximum heap size: 0 out of 6000000
  Number of callouts: 0 out of 100
  Number of Email Invocations: 1 out of 10
  Number of future calls: 0 out of 50
  Number of queueable jobs added to the queue: 0 out of 50
  Number of Mobile Apex push calls: 0 out of 10

05:15:17.780 (780333546)|LIMIT_USAGE_FOR_NS|APXTConga4|
  Number of SOQL queries: 2 out of 100
  Number of query rows: 0 out of 50000
  Number of SOSL queries: 0 out of 20
  Number of DML statements: 0 out of 150
  Number of DML rows: 0 out of 10000
  Maximum CPU time: 0 out of 10000
  Maximum heap size: 0 out of 6000000
  Number of callouts: 0 out of 100
  Number of Email Invocations: 0 out of 10
  Number of future calls: 0 out of 50
  Number of queueable jobs added to the queue: 0 out of 50
  Number of Mobile Apex push calls: 0 out of 10

05:15:17.780 (780333546)|TOTAL_EMAIL_RECIPIENTS_QUEUED|0
05:15:17.780 (780333546)|STATIC_VARIABLE_LIST|
  char[]:DigitTens:0
  long:serialVersionUID:0
  String:_sfdcSuppressedCodeLocations:0
  long:serialVersionUID:0
  String:_sfdcAdditionalCodeLocations:0
  double:MAX_VALUE:0
  Boolean:FALSE:0
  long:serialVersionUID:0
  String:_sfdcAdditionalCodeLocations:0
  double:MIN_VALUE:0
  int:SIZE:0
  double:NEGATIVE_INFINITY:0
  int:MAX_VALUE:0
  String:__sfdcInnerTypes:0
  char[]:digits:0
  double:NaN:0
  Boolean:TRUE:0
  String:__sfdcParameterizedTypes:0
  int:MIN_VALUE:0
  char[]:DigitOnes:0
  String:_sfdcAdditionalCodeLocations:0
  int:BYTES:0
  int:MIN_EXPONENT:0
  int[]:sizeTable:0
  Email_Alert_Class:_static_EA:0
  int:MAX_EXPONENT:0
  String:_sfdcSuppressedCodeLocations:0
  int:SIZE:0
  double:POSITIVE_INFINITY:0
  double:MIN_NORMAL:0
  int:BYTES:0

05:15:17.780 (780333546)|CUMULATIVE_LIMIT_USAGE_END

05:15:17.1 (780509671)|CODE_UNIT_FINISHED|execute_anonymous_apex
05:15:17.1 (781742690)|EXECUTION_FINISHED
05:15:17.782 (782934871)|CUMULATIVE_PROFILING_BEGIN
05:15:17.782 (782934871)|CUMULATIVE_PROFILING|SOQL operations|
Class.Email_Alert_Class.getOppTeamMembers: line 157, column 1: [SELECT Id,OpportunityAccessLevel,OpportunityId,TeamMemberRole,UserId FROM OpportunityTeamMember WHERE OpportunityId = :OppIds]: executed 11 times in 7 ms
(APXTConga4): [SELECT id, APXTConga4__WhatId__c FROM APXTConga4__Conga_Email_Staging__c WHERE Id = :taskWhatIds]: executed 6 times in 5 ms
Class.Email_Alert_Class.getTemplateIDs: line 194, column 1: [SELECT DeveloperName,Id,Name FROM EmailTemplate WHERE DeveloperName IN : EmailTemplateDevNames]: executed 3 times in 2 ms
Class.Email_Alert_Class.getPreContractGroupMembers: line 202, column 1: [SELECT DeveloperName,Id FROM Group WHERE DeveloperName = 'Pre_Contracts_Group' LIMIT 1]: executed 1 time in 2 ms

05:15:17.782 (782934871)|CUMULATIVE_PROFILING|No profiling information for SOSL operations
05:15:17.782 (782934871)|CUMULATIVE_PROFILING|No profiling information for DML operations
05:15:17.782 (782934871)|CUMULATIVE_PROFILING|method invocations|
External entry point: public static void execute(): executed 1 time in 631 ms
AnonymousBlock: line 4, column 1: public void sendEmails(): executed 1 time in 629 ms
Class.Email_Alert_Class.sendEmails: line 120, column 1: global public static List<Messaging.SendEmailResult> sendEmail(List<Messaging.Email>): executed 5 times in 614 ms
Class.Email_Alert_Class.sendEmails: line 55, column 1: private Map<Id,Map<String,Set<String>>> getOppTeamMembers(Set<Id>): executed 1 time in 7 ms
Class.Email_Alert_Class.sendEmails: line 53, column 1: private Map<String,Id> getTemplateIDs(Set<String>): executed 1 time in 2 ms
Class.Email_Alert_Class.sendEmails: line 54, column 1: public Set<String> getPreContractGroupMembers(): executed 1 time in 2 ms
AnonymousBlock: line 1, column 1: public Email_Alert_Class(): executed 1 time in 1 ms
AnonymousBlock: line 3, column 1: public void registerNewEmail(String, Boolean, Boolean, Id, Boolean, Boolean, Boolean, Id): executed 1 time in 1 ms
Class.Email_Alert_Class.sendEmails: line 69, column 1: global public Boolean add(Object): executed 1 time in 0 ms
Class.Email_Alert_Class.sendEmails: line 73, column 1: global public Object get(Object): executed 2 times in 0 ms
Class.Email_Alert_Class.sendEmails: line 74, column 1: public static String valueOf(Object): executed 4 times in 0 ms

05:15:17.782 (782934871)|CUMULATIVE_PROFILING_END
