39.0 APEX_CODE,FINEST;APEX_PROFILING,FINEST;CALLOUT,INFO;DB,INFO;SYSTEM,DEBUG;VALIDATION,INFO;VISUALFORCE,INFO;WAVE,INFO;WORKFLOW,INFO
15:09:50.0 (769004)|USER_INFO|[EXTERNAL]|00528000006B07F|dev@systempartners.com.prod.pcphase2|Australian Eastern Standard Time|GMT+11:00
15:09:50.0 (802894)|EXECUTION_STARTED
15:09:50.0 (807782)|CODE_UNIT_STARTED|[EXTERNAL]|VisualForce View State
15:09:50.0 (756908185)|HEAP_ALLOCATE|[72]|Bytes:3
15:09:50.0 (756955497)|HEAP_ALLOCATE|[77]|Bytes:152
15:09:50.0 (756973198)|HEAP_ALLOCATE|[342]|Bytes:408
15:09:50.0 (756993170)|HEAP_ALLOCATE|[355]|Bytes:408
15:09:50.0 (757011861)|HEAP_ALLOCATE|[467]|Bytes:48
15:09:50.0 (757050249)|HEAP_ALLOCATE|[139]|Bytes:6
15:09:50.0 (757078942)|HEAP_ALLOCATE|[50]|Bytes:5
15:09:50.0 (757101117)|HEAP_ALLOCATE|[56]|Bytes:5
15:09:50.0 (757109539)|HEAP_ALLOCATE|[64]|Bytes:7
15:09:50.0 (758704868)|CODE_UNIT_FINISHED|VisualForce View State
15:09:50.0 (761870898)|EXECUTION_FINISHED
15:09:50.764 (764631690)|USER_INFO|[EXTERNAL]|00528000006B07F|dev@systempartners.com.prod.pcphase2|Australian Eastern Standard Time|GMT+11:00
15:09:50.764 (764685563)|SYSTEM_MODE_ENTER|true
15:09:50.764 (764794102)|HEAP_ALLOCATE|[EXTERNAL]|Bytes:38
15:09:50.764 (764810286)|HEAP_ALLOCATE|[EXTERNAL]|Bytes:7
15:09:50.764 (764827585)|SYSTEM_METHOD_ENTRY|[1]|PageMessagesComponentController.PageMessagesComponentController()
15:09:50.764 (764833357)|STATEMENT_EXECUTE|[1]
15:09:52.355 (2355958142)|CUMULATIVE_LIMIT_USAGE
15:09:52.355 (2355958142)|LIMIT_USAGE_FOR_NS|(default)|
  Number of SOQL queries: 0 out of 100
  Number of query rows: 0 out of 50000
  Number of SOSL queries: 0 out of 20
  Number of DML statements: 0 out of 150
  Number of DML rows: 0 out of 10000
  Maximum CPU time: 0 out of 10000
  Maximum heap size: 0 out of 6000000
  Number of callouts: 0 out of 100
  Number of Email Invocations: 0 out of 10
  Number of future calls: 0 out of 50
  Number of queueable jobs added to the queue: 0 out of 50
  Number of Mobile Apex push calls: 0 out of 10

15:09:52.355 (2355958142)|CUMULATIVE_LIMIT_USAGE_END

