39.0 APEX_CODE,FINEST;APEX_PROFILING,FINEST;CALLOUT,INFO;DB,INFO;SYSTEM,DEBUG;VALIDATION,INFO;VISUALFORCE,INFO;WAVE,INFO;WORKFLOW,INFO
10:39:34.0 (460388)|USER_INFO|[EXTERNAL]|00528000006B07F|dev@systempartners.com.prod.pcphase2|Australian Eastern Standard Time|GMT+11:00
10:39:34.0 (515027)|EXECUTION_STARTED
10:39:34.0 (521389)|CODE_UNIT_STARTED|[EXTERNAL]|aura
10:39:34.0 (1003551)|HEAP_ALLOCATE|[72]|Bytes:3
10:39:34.0 (1057582)|HEAP_ALLOCATE|[77]|Bytes:152
10:39:34.0 (1076973)|HEAP_ALLOCATE|[342]|Bytes:408
10:39:34.0 (1097574)|HEAP_ALLOCATE|[355]|Bytes:408
10:39:34.0 (1115576)|HEAP_ALLOCATE|[467]|Bytes:48
10:39:34.0 (1143467)|HEAP_ALLOCATE|[139]|Bytes:6
10:39:34.0 (1189072)|HEAP_ALLOCATE|[EXTERNAL]|Bytes:18
10:39:34.0 (1206201)|HEAP_ALLOCATE|[EXTERNAL]|Bytes:18
10:39:34.0 (2396592)|CODE_UNIT_STARTED|[EXTERNAL]|01pO0000000372v|KCRAController.getAllKCRARecords
10:39:34.0 (2562783)|HEAP_ALLOCATE|[EXTERNAL]|Bytes:5
10:39:34.0 (2568445)|HEAP_ALLOCATE|[EXTERNAL]|Bytes:14
10:39:34.0 (2578737)|METHOD_ENTRY|[11]|01pO0000000372v|KCRAController.KCRAController()
10:39:34.0 (2583235)|STATEMENT_EXECUTE|[11]
10:39:34.0 (2589305)|STATEMENT_EXECUTE|[11]
10:39:34.0 (2594724)|METHOD_EXIT|[11]|KCRAController
10:39:34.0 (2598242)|HEAP_ALLOCATE|[EXTERNAL]|Bytes:18
10:39:34.0 (2611305)|SYSTEM_MODE_ENTER|false
10:39:34.0 (2633099)|VARIABLE_SCOPE_BEGIN|[14]|opportunityId|String|false|false
10:39:34.0 (2654982)|VARIABLE_ASSIGNMENT|[14]|opportunityId|"006O0000008kRqrIAE"
10:39:34.0 (2665331)|STATEMENT_EXECUTE|[14]
10:39:34.0 (2666718)|STATEMENT_EXECUTE|[17]
10:39:34.0 (2671426)|HEAP_ALLOCATE|[17]|Bytes:204
10:39:34.0 (2684962)|HEAP_ALLOCATE|[17]|Bytes:4
10:39:34.0 (2699783)|HEAP_ALLOCATE|[17]|Bytes:7
10:39:34.0 (2757970)|HEAP_ALLOCATE|[50]|Bytes:5
10:39:34.0 (2783360)|HEAP_ALLOCATE|[56]|Bytes:5
10:39:34.0 (2792087)|HEAP_ALLOCATE|[64]|Bytes:7
10:39:34.0 (3311766)|SOQL_EXECUTE_BEGIN|[17]|Aggregations:0|SELECT Id, name, recordtypeId, applicable__c, approved__c, itemno__c, KCRA_Item__c, Opportunity__c FROM Key_Commercial_Risks_Approvals__c WHERE Opportunity__c = :tmpVar1 ORDER BY itemno__c ASC NULLS FIRST
10:39:34.0 (3323309)|LIMIT_USAGE|[17]|SOQL|1|100
10:39:34.0 (3333021)|LIMIT_USAGE|[17]|AGGS|0|300
10:39:34.0 (13713112)|SOQL_EXECUTE_END|[17]|Rows:12
10:39:34.0 (13720870)|LIMIT_USAGE|[17]|SOQL_ROWS|12|50000
10:39:34.0 (13739580)|HEAP_ALLOCATE|[17]|Bytes:52
10:39:34.0 (13790728)|HEAP_ALLOCATE|[17]|Bytes:3339
10:39:34.0 (13830545)|HEAP_ALLOCATE|[17]|Bytes:52
10:39:34.0 (13839960)|VARIABLE_SCOPE_BEGIN|[17]|allKCRAs|List<Key_Commercial_Risks_Approvals__c>|true|false
10:39:34.0 (13857559)|VARIABLE_ASSIGNMENT|[17]|allKCRAs|"List of size 12 too large to display"|0x7ec653ef
10:39:34.0 (13860727)|STATEMENT_EXECUTE|[27]
10:39:34.0 (13890376)|SYSTEM_MODE_EXIT|false
10:39:34.13 (13930345)|CUMULATIVE_LIMIT_USAGE
10:39:34.13 (13930345)|LIMIT_USAGE_FOR_NS|(default)|
  Number of SOQL queries: 1 out of 100
  Number of query rows: 12 out of 50000
  Number of SOSL queries: 0 out of 20
  Number of DML statements: 0 out of 150
  Number of DML rows: 0 out of 10000
  Maximum CPU time: 0 out of 10000
  Maximum heap size: 0 out of 6000000
  Number of callouts: 0 out of 100
  Number of Email Invocations: 0 out of 10
  Number of future calls: 0 out of 50
  Number of queueable jobs added to the queue: 0 out of 50
  Number of Mobile Apex push calls: 0 out of 10

10:39:34.13 (13930345)|TOTAL_EMAIL_RECIPIENTS_QUEUED|0
10:39:34.13 (13930345)|STATIC_VARIABLE_LIST|
  char[]:DigitTens:0
  long:serialVersionUID:0
  long:serialVersionUID:0
  double:MAX_VALUE:0
  Boolean:FALSE:0
  long:serialVersionUID:0
  String:_sfdcAdditionalCodeLocations:0
  double:MIN_VALUE:0
  int:SIZE:0
  double:NEGATIVE_INFINITY:0
  int:MAX_VALUE:0
  char[]:digits:0
  double:NaN:0
  Boolean:TRUE:0
  int:MIN_VALUE:0
  char[]:DigitOnes:0
  int:BYTES:0
  int:MIN_EXPONENT:0
  int[]:sizeTable:0
  int:MAX_EXPONENT:0
  String:_sfdcSuppressedCodeLocations:0
  int:SIZE:0
  double:POSITIVE_INFINITY:0
  double:MIN_NORMAL:0
  int:BYTES:0

10:39:34.13 (13930345)|CUMULATIVE_LIMIT_USAGE_END

10:39:34.0 (14044738)|CODE_UNIT_FINISHED|KCRAController.getAllKCRARecords
10:39:34.0 (14371999)|HEAP_ALLOCATE|[EXTERNAL]|Bytes:18
10:39:34.0 (14380203)|HEAP_ALLOCATE|[EXTERNAL]|Bytes:18
10:39:34.0 (16267034)|CODE_UNIT_STARTED|[EXTERNAL]|01pO00000003Dck|PRAController.getAllPRARecords
10:39:34.0 (16344045)|HEAP_ALLOCATE|[EXTERNAL]|Bytes:8
10:39:34.0 (16352940)|HEAP_ALLOCATE|[EXTERNAL]|Bytes:2
10:39:34.0 (16362797)|METHOD_ENTRY|[1]|01pO00000003Dck|PRAController.PRAController()
10:39:34.0 (16366268)|STATEMENT_EXECUTE|[1]
10:39:34.0 (16370980)|STATEMENT_EXECUTE|[1]
10:39:34.0 (16377080)|METHOD_EXIT|[1]|PRAController
10:39:34.0 (16383179)|HEAP_ALLOCATE|[EXTERNAL]|Bytes:18
10:39:34.0 (16390912)|SYSTEM_MODE_ENTER|false
10:39:34.0 (16397157)|VARIABLE_SCOPE_BEGIN|[15]|opportunityId|String|false|false
10:39:34.0 (16403918)|VARIABLE_ASSIGNMENT|[15]|opportunityId|"006O0000008kRqrIAE"
10:39:34.0 (16409935)|STATEMENT_EXECUTE|[15]
10:39:34.0 (16411240)|STATEMENT_EXECUTE|[18]
10:39:34.0 (16414798)|HEAP_ALLOCATE|[18]|Bytes:508
10:39:34.0 (16420712)|HEAP_ALLOCATE|[18]|Bytes:4
10:39:34.0 (17151175)|SOQL_EXECUTE_BEGIN|[18]|Aggregations:0|SELECT Id, name, Category__c, Is_Critical_Risk__c, ItemNo__c, Mitigation_Strategy__c, Rating__c, Risk_Item__c, description__c, Help_Text_0A__c, Help_Text_0B__c, Help_Text_0C__c, Help_Text_1A__c, Help_Text_1B__c, Help_Text_1C__c, Help_Text_2A__c, Help_Text_2B__c, Help_Text_2C__c, Help_Text_3A__c, Help_Text_3B__c, Help_Text_3C__c, Mitigation_Advice__c, Selected_Indicators__c, Selected_Indicators_With_Text__c FROM Project_Risk_Assessment__c WHERE Opportunity__c = :tmpVar1 ORDER BY ItemNo__c ASC NULLS FIRST
10:39:34.0 (17159702)|LIMIT_USAGE|[18]|SOQL|2|100
10:39:34.0 (17166929)|LIMIT_USAGE|[18]|AGGS|0|300
10:39:34.0 (39632015)|SOQL_EXECUTE_END|[18]|Rows:25
10:39:34.0 (39644472)|LIMIT_USAGE|[18]|SOQL_ROWS|37|50000
10:39:34.0 (39667522)|HEAP_ALLOCATE|[18]|Bytes:104
10:39:34.0 (39732547)|HEAP_ALLOCATE|[18]|Bytes:9149
10:39:34.0 (39787137)|HEAP_ALLOCATE|[18]|Bytes:104
10:39:34.0 (39808809)|VARIABLE_SCOPE_BEGIN|[18]|allPRAs|List<Project_Risk_Assessment__c>|true|false
10:39:34.0 (39830482)|VARIABLE_ASSIGNMENT|[18]|allPRAs|"List of size 25 too large to display"|0x439a5a32
10:39:34.0 (39835555)|STATEMENT_EXECUTE|[26]
10:39:34.0 (39849608)|SYSTEM_MODE_EXIT|false
10:39:34.39 (39877252)|CUMULATIVE_LIMIT_USAGE
10:39:34.39 (39877252)|LIMIT_USAGE_FOR_NS|(default)|
  Number of SOQL queries: 2 out of 100
  Number of query rows: 37 out of 50000
  Number of SOSL queries: 0 out of 20
  Number of DML statements: 0 out of 150
  Number of DML rows: 0 out of 10000
  Maximum CPU time: 0 out of 10000
  Maximum heap size: 0 out of 6000000
  Number of callouts: 0 out of 100
  Number of Email Invocations: 0 out of 10
  Number of future calls: 0 out of 50
  Number of queueable jobs added to the queue: 0 out of 50
  Number of Mobile Apex push calls: 0 out of 10

10:39:34.39 (39877252)|TOTAL_EMAIL_RECIPIENTS_QUEUED|0
10:39:34.39 (39877252)|STATIC_VARIABLE_LIST|
  char[]:DigitTens:0
  long:serialVersionUID:0
  long:serialVersionUID:0
  double:MAX_VALUE:0
  Boolean:FALSE:0
  long:serialVersionUID:0
  String:_sfdcAdditionalCodeLocations:0
  double:MIN_VALUE:0
  int:SIZE:0
  double:NEGATIVE_INFINITY:0
  int:MAX_VALUE:0
  char[]:digits:0
  double:NaN:0
  Boolean:TRUE:0
  int:MIN_VALUE:0
  String:_sfdcSuppressedCodeLocations:0
  char[]:DigitOnes:0
  int:BYTES:0
  int:MIN_EXPONENT:0
  int[]:sizeTable:0
  int:MAX_EXPONENT:0
  String:_sfdcSuppressedCodeLocations:0
  String:_sfdcAdditionalCodeLocations:0
  int:SIZE:0
  double:POSITIVE_INFINITY:0
  double:MIN_NORMAL:0
  int:BYTES:0

10:39:34.39 (39877252)|CUMULATIVE_LIMIT_USAGE_END

10:39:34.0 (39986110)|CODE_UNIT_FINISHED|PRAController.getAllPRARecords
10:39:34.111 (111637901)|CUMULATIVE_PROFILING_BEGIN
10:39:34.111 (111637901)|CUMULATIVE_PROFILING|SOQL operations|
Class.PRAController.getAllPRARecords: line 18, column 1: [SELECT Id,name,Category__c,Is_Critical_Risk__c,ItemNo__c,Mitigation_Strategy__c,Rating__c,Risk_Item__c,
                                                             		description__c,Help_Text_0A__c,Help_Text_0B__c,Help_Text_0C__c,Help_Text_1A__c,Help_Text_1B__c, 
                                                             		Help_Text_1C__c,Help_Text_2A__c,Help_Text_2B__c,Help_Text_2C__c,Help_Text_3A__c,Help_Text_3B__c,
                                                             		Help_Text_3C__c,Mitigation_Advice__c,Selected_Indicators__c,Selected_Indicators_With_Text__c
												   FROM Project_Risk_Assessment__c
                                                   WHERE Opportunity__c = :opportunityId
                                                   ORDER BY ItemNo__c]: executed 1 time in 23 ms
Class.KCRAController.getAllKCRARecords: line 17, column 1: [SELECT   Id,name,
                                                           			recordtypeId,
                                                           			applicable__c,
                                                           			approved__c,
                                                           			itemno__c,
                                                           			KCRA_Item__c,Opportunity__c 
                                 							FROM     Key_Commercial_Risks_Approvals__c 
                                 							WHERE    Opportunity__c = :opportunityId
                                                           	ORDER BY itemno__c]: executed 1 time in 11 ms

10:39:34.111 (111637901)|CUMULATIVE_PROFILING|No profiling information for SOSL operations
10:39:34.111 (111637901)|CUMULATIVE_PROFILING|No profiling information for DML operations
10:39:34.111 (111637901)|CUMULATIVE_PROFILING|method invocations|
External entry point: public static List<Project_Risk_Assessment__c> getAllPRARecords(String): executed 1 time in 23 ms
External entry point: public static List<Key_Commercial_Risks_Approvals__c> getAllKCRARecords(String): executed 1 time in 11 ms

10:39:34.111 (111637901)|CUMULATIVE_PROFILING_END
