39.0 APEX_CODE,FINEST;APEX_PROFILING,FINEST;CALLOUT,INFO;DB,INFO;SYSTEM,DEBUG;VALIDATION,INFO;VISUALFORCE,INFO;WAVE,INFO;WORKFLOW,INFO
15:26:47.0 (350371)|USER_INFO|[EXTERNAL]|00528000006B07F|dev@systempartners.com.prod.pcphase2|Australian Eastern Standard Time|GMT+11:00
15:26:47.0 (384747)|EXECUTION_STARTED
15:26:47.0 (391127)|CODE_UNIT_STARTED|[EXTERNAL]|TRIGGERS
15:26:47.0 (430132)|CODE_UNIT_STARTED|[EXTERNAL]|01qO00000000SDP|opportunityTrigger on Opportunity trigger event BeforeUpdate for [006O0000008kYYv]
15:26:47.0 (480871)|HEAP_ALLOCATE|[EXTERNAL]|Bytes:8
15:26:47.0 (746045)|HEAP_ALLOCATE|[EXTERNAL]|Bytes:8
15:26:47.0 (1306253)|HEAP_ALLOCATE|[72]|Bytes:3
15:26:47.0 (1350416)|HEAP_ALLOCATE|[77]|Bytes:152
15:26:47.0 (1375217)|HEAP_ALLOCATE|[342]|Bytes:408
15:26:47.0 (1403498)|HEAP_ALLOCATE|[355]|Bytes:408
15:26:47.0 (1429216)|HEAP_ALLOCATE|[467]|Bytes:48
15:26:47.0 (1462939)|HEAP_ALLOCATE|[139]|Bytes:6
15:26:47.0 (1494734)|HEAP_ALLOCATE|[EXTERNAL]|Bytes:4
15:26:47.0 (1504387)|VARIABLE_SCOPE_BEGIN|[1]|this|opportunityTrigger|true|false
15:26:47.0 (1550357)|VARIABLE_ASSIGNMENT|[1]|this|{}|0x1f81e303
15:26:47.0 (1592686)|HEAP_ALLOCATE|[EXTERNAL]|Bytes:4
15:26:47.0 (1600176)|VARIABLE_SCOPE_BEGIN|[1]|this|opportunityTrigger|true|false
15:26:47.0 (1609999)|VARIABLE_ASSIGNMENT|[1]|this|{}|0x1f81e303
15:26:47.0 (1614964)|STATEMENT_EXECUTE|[1]
15:26:47.0 (1616698)|STATEMENT_EXECUTE|[4]
15:26:47.0 (11405668)|VARIABLE_SCOPE_BEGIN|[16]|opportunityTriggerHandler.KCRARecordTypeID|String|false|true
15:26:47.0 (11417737)|VARIABLE_SCOPE_BEGIN|[15]|opportunityTriggerHandler.KCRATemplateRecordTypeID|String|false|true
15:26:47.0 (11421624)|VARIABLE_SCOPE_BEGIN|[18]|opportunityTriggerHandler.PRARecordTypeID|String|false|true
15:26:47.0 (11424544)|VARIABLE_SCOPE_BEGIN|[17]|opportunityTriggerHandler.PRATemplateRecordTypeID|String|false|true
15:26:47.0 (11437408)|VARIABLE_SCOPE_BEGIN|[19]|opportunityTriggerHandler.recursion|Boolean|false|true
15:26:47.0 (11441349)|VARIABLE_SCOPE_BEGIN|[14]|opportunityTriggerHandler.runOnce|Boolean|false|true
15:26:47.0 (13910157)|VARIABLE_SCOPE_BEGIN|[5]|TriggerHandler.bypassedHandlers|Set<String>|true|true
15:26:47.0 (14146653)|VARIABLE_SCOPE_BEGIN|[4]|TriggerHandler.loopCountMap|Map<String,TriggerHandler.LoopCount>|true|true
15:26:47.0 (14196467)|HEAP_ALLOCATE|[4]|Bytes:21
15:26:47.0 (14243683)|METHOD_ENTRY|[13]|01pO0000000371i|opportunityTriggerHandler.opportunityTriggerHandler()
15:26:47.0 (14252070)|STATEMENT_EXECUTE|[13]
15:26:47.0 (14261574)|STATEMENT_EXECUTE|[13]
15:26:47.0 (14263012)|STATEMENT_EXECUTE|[14]
15:26:47.0 (14300131)|HEAP_ALLOCATE|[50]|Bytes:5
15:26:47.0 (14340303)|HEAP_ALLOCATE|[56]|Bytes:5
15:26:47.0 (14351217)|HEAP_ALLOCATE|[64]|Bytes:7
15:26:47.0 (14388501)|HEAP_ALLOCATE|[14]|Bytes:5
15:26:47.0 (14422072)|VARIABLE_ASSIGNMENT|[14]|opportunityTriggerHandler.runOnce|true
15:26:47.0 (14426031)|STATEMENT_EXECUTE|[15]
15:26:47.0 (14429156)|HEAP_ALLOCATE|[15]|Bytes:33
15:26:47.0 (14837743)|HEAP_ALLOCATE|[15]|Bytes:4
15:26:47.0 (14881082)|LIMIT_USAGE|[15]|RECORD_TYPE_DESCRIBES|1|100
15:26:47.0 (17080755)|HEAP_ALLOCATE|[15]|Bytes:16
15:26:47.0 (17091826)|HEAP_ALLOCATE|[15]|Bytes:13
15:26:47.0 (17221912)|HEAP_ALLOCATE|[15]|Bytes:4
15:26:47.0 (17244059)|HEAP_ALLOCATE|[15]|Bytes:18
15:26:47.0 (17261317)|VARIABLE_ASSIGNMENT|[15]|opportunityTriggerHandler.KCRATemplateRecordTypeID|"012O0000000DCgLIAW"
15:26:47.0 (17264695)|STATEMENT_EXECUTE|[16]
15:26:47.0 (17314843)|HEAP_ALLOCATE|[16]|Bytes:4
15:26:47.0 (17334743)|LIMIT_USAGE|[16]|RECORD_TYPE_DESCRIBES|2|100
15:26:47.0 (17349279)|HEAP_ALLOCATE|[16]|Bytes:16
15:26:47.0 (17354830)|HEAP_ALLOCATE|[16]|Bytes:4
15:26:47.0 (17384096)|HEAP_ALLOCATE|[16]|Bytes:4
15:26:47.0 (17391477)|HEAP_ALLOCATE|[16]|Bytes:18
15:26:47.0 (17402223)|VARIABLE_ASSIGNMENT|[16]|opportunityTriggerHandler.KCRARecordTypeID|"012O0000000DCgGIAW"
15:26:47.0 (17405239)|STATEMENT_EXECUTE|[17]
15:26:47.0 (17408604)|HEAP_ALLOCATE|[17]|Bytes:26
15:26:47.0 (17560864)|HEAP_ALLOCATE|[17]|Bytes:4
15:26:47.0 (17580503)|LIMIT_USAGE|[17]|RECORD_TYPE_DESCRIBES|3|100
15:26:47.0 (19038683)|HEAP_ALLOCATE|[17]|Bytes:16
15:26:47.0 (19048922)|HEAP_ALLOCATE|[17]|Bytes:12
15:26:47.0 (19084018)|HEAP_ALLOCATE|[17]|Bytes:4
15:26:47.0 (19092195)|HEAP_ALLOCATE|[17]|Bytes:18
15:26:47.0 (19104629)|VARIABLE_ASSIGNMENT|[17]|opportunityTriggerHandler.PRATemplateRecordTypeID|"012O0000000DDVTIA4"
15:26:47.0 (19108326)|STATEMENT_EXECUTE|[18]
15:26:47.0 (19157305)|HEAP_ALLOCATE|[18]|Bytes:4
15:26:47.0 (19173307)|LIMIT_USAGE|[18]|RECORD_TYPE_DESCRIBES|4|100
15:26:47.0 (19186874)|HEAP_ALLOCATE|[18]|Bytes:16
15:26:47.0 (19192756)|HEAP_ALLOCATE|[18]|Bytes:3
15:26:47.0 (19234667)|HEAP_ALLOCATE|[18]|Bytes:4
15:26:47.0 (19242651)|HEAP_ALLOCATE|[18]|Bytes:18
15:26:47.0 (19253564)|VARIABLE_ASSIGNMENT|[18]|opportunityTriggerHandler.PRARecordTypeID|"012O0000000DDVOIA4"
15:26:47.0 (19256513)|STATEMENT_EXECUTE|[19]
15:26:47.0 (19265728)|HEAP_ALLOCATE|[19]|Bytes:5
15:26:47.0 (19273360)|VARIABLE_ASSIGNMENT|[19]|opportunityTriggerHandler.recursion|false
15:26:47.0 (19284212)|METHOD_EXIT|[13]|opportunityTriggerHandler
15:26:47.0 (19577775)|HEAP_ALLOCATE|[4]|Bytes:12
15:26:47.0 (19593239)|CONSTRUCTOR_ENTRY|[4]|01pO0000000371i|<init>()
15:26:47.0 (19626342)|VARIABLE_SCOPE_BEGIN|[20]|this|opportunityTriggerHandler|true|false
15:26:47.0 (19669714)|VARIABLE_ASSIGNMENT|[20]|this|{}|0x6b69ab8e
15:26:47.0 (19675428)|STATEMENT_EXECUTE|[13]
15:26:47.0 (19684540)|HEAP_ALLOCATE|[20]|Bytes:48
15:26:47.0 (19689567)|HEAP_ALLOCATE|[20]|Bytes:69
15:26:47.0 (19703444)|METHOD_ENTRY|[1]|01pO00000003AAn|TriggerHandler.TriggerHandler()
15:26:47.0 (19706242)|STATEMENT_EXECUTE|[1]
15:26:47.0 (19709338)|STATEMENT_EXECUTE|[1]
15:26:47.0 (19710423)|STATEMENT_EXECUTE|[16]
15:26:47.0 (19711363)|STATEMENT_EXECUTE|[17]
15:26:47.0 (19717768)|HEAP_ALLOCATE|[17]|Bytes:4
15:26:47.0 (19758890)|VARIABLE_ASSIGNMENT|[17]|TriggerHandler.loopCountMap|{}|0x40274c74
15:26:47.0 (19762382)|STATEMENT_EXECUTE|[18]
15:26:47.0 (19769774)|HEAP_ALLOCATE|[18]|Bytes:4
15:26:47.0 (19859204)|VARIABLE_ASSIGNMENT|[18]|TriggerHandler.bypassedHandlers|[]|0x38f53358
15:26:47.0 (19863375)|STATEMENT_EXECUTE|[187]
15:26:47.0 (19864656)|STATEMENT_EXECUTE|[236]
15:26:47.0 (19870417)|METHOD_EXIT|[1]|TriggerHandler
15:26:47.0 (19876496)|CONSTRUCTOR_ENTRY|[20]|01pO00000003AAn|<init>()
15:26:47.0 (20006293)|VARIABLE_SCOPE_BEGIN|[22]|this|TriggerHandler|true|false
15:26:47.0 (20023943)|VARIABLE_ASSIGNMENT|[22]|this|{}|0x6b69ab8e
15:26:47.0 (20028112)|STATEMENT_EXECUTE|[1]
15:26:47.0 (20029294)|STATEMENT_EXECUTE|[9]
15:26:47.0 (20030404)|STATEMENT_EXECUTE|[13]
15:26:47.0 (20038062)|HEAP_ALLOCATE|[23]|Bytes:6
15:26:47.0 (20066715)|STATEMENT_EXECUTE|[22]
15:26:47.0 (20068650)|STATEMENT_EXECUTE|[23]
15:26:47.0 (20099207)|METHOD_ENTRY|[23]|01pO00000003AAn|TriggerHandler.setTriggerContext()
15:26:47.0 (20126212)|VARIABLE_SCOPE_BEGIN|[94]|this|TriggerHandler|true|false
15:26:47.0 (20140731)|VARIABLE_ASSIGNMENT|[94]|this|{}|0x6b69ab8e
15:26:47.0 (20147104)|STATEMENT_EXECUTE|[94]
15:26:47.0 (20148265)|STATEMENT_EXECUTE|[95]
15:26:47.0 (20160998)|METHOD_ENTRY|[95]|01pO00000003AAn|TriggerHandler.setTriggerContext(String, Boolean)
15:26:47.0 (20178409)|VARIABLE_SCOPE_BEGIN|[99]|this|TriggerHandler|true|false
15:26:47.0 (20190739)|VARIABLE_ASSIGNMENT|[99]|this|{}|0x6b69ab8e
15:26:47.0 (20194251)|VARIABLE_SCOPE_BEGIN|[99]|ctx|String|false|false
15:26:47.0 (20197878)|VARIABLE_ASSIGNMENT|[99]|ctx|null
15:26:47.0 (20203077)|VARIABLE_SCOPE_BEGIN|[99]|testMode|Boolean|false|false
15:26:47.0 (20206700)|VARIABLE_ASSIGNMENT|[99]|testMode|false
15:26:47.0 (20210510)|STATEMENT_EXECUTE|[99]
15:26:47.0 (20229497)|STATEMENT_EXECUTE|[103]
15:26:47.0 (20231210)|STATEMENT_EXECUTE|[104]
15:26:47.0 (20246994)|HEAP_ALLOCATE|[104]|Bytes:5
15:26:47.0 (20276467)|STATEMENT_EXECUTE|[111]
15:26:47.0 (20278057)|STATEMENT_EXECUTE|[112]
15:26:47.0 (20300438)|HEAP_ALLOCATE|[112]|Bytes:12
15:26:47.0 (20305516)|HEAP_ALLOCATE|[112]|Bytes:13
15:26:47.0 (20360998)|HEAP_ALLOCATE|[112]|Bytes:12
15:26:47.0 (20365565)|HEAP_ALLOCATE|[112]|Bytes:13
15:26:47.0 (20377065)|HEAP_ALLOCATE|[112]|Bytes:12
15:26:47.0 (20380221)|HEAP_ALLOCATE|[112]|Bytes:13
15:26:47.0 (20389744)|HEAP_ALLOCATE|[112]|Bytes:12
15:26:47.0 (20392622)|HEAP_ALLOCATE|[112]|Bytes:12
15:26:47.0 (20401320)|HEAP_ALLOCATE|[112]|Bytes:12
15:26:47.0 (20404088)|HEAP_ALLOCATE|[112]|Bytes:12
15:26:47.0 (20413261)|HEAP_ALLOCATE|[112]|Bytes:12
15:26:47.0 (20416030)|HEAP_ALLOCATE|[112]|Bytes:12
15:26:47.0 (20425003)|HEAP_ALLOCATE|[112]|Bytes:12
15:26:47.0 (20427753)|HEAP_ALLOCATE|[112]|Bytes:14
15:26:47.0 (20449808)|METHOD_EXIT|[95]|01pO00000003AAn|TriggerHandler.setTriggerContext(String, Boolean)
15:26:47.0 (20454789)|METHOD_EXIT|[23]|01pO00000003AAn|TriggerHandler.setTriggerContext()
15:26:47.0 (20462982)|CONSTRUCTOR_EXIT|[20]|01pO00000003AAn|<init>()
15:26:47.0 (20465980)|STATEMENT_EXECUTE|[20]
15:26:47.0 (20468599)|CONSTRUCTOR_EXIT|[4]|01pO0000000371i|<init>()
15:26:47.0 (20476570)|METHOD_ENTRY|[4]|01pO00000003AAn|TriggerHandler.run()
15:26:47.0 (20481545)|VARIABLE_SCOPE_BEGIN|[31]|this|TriggerHandler|true|false
15:26:47.0 (20502837)|VARIABLE_ASSIGNMENT|[31]|this|{"context":"0x2a193b7b","isTriggerExecuting":true}|0x6b69ab8e
15:26:47.0 (20507658)|STATEMENT_EXECUTE|[31]
15:26:47.0 (20515516)|METHOD_ENTRY|[33]|01pO00000003AAn|TriggerHandler.validateRun()
15:26:47.0 (20531059)|VARIABLE_SCOPE_BEGIN|[146]|this|TriggerHandler|true|false
15:26:47.0 (20546422)|VARIABLE_ASSIGNMENT|[146]|this|{"context":"0x2a193b7b","isTriggerExecuting":true}|0x6b69ab8e
15:26:47.0 (20551059)|STATEMENT_EXECUTE|[146]
15:26:47.0 (20559490)|STATEMENT_EXECUTE|[147]
15:26:47.0 (20567849)|METHOD_ENTRY|[150]|01pO00000003AAn|TriggerHandler.getHandlerName()
15:26:47.0 (20581588)|VARIABLE_SCOPE_BEGIN|[157]|this|TriggerHandler|true|false
15:26:47.0 (20607568)|VARIABLE_ASSIGNMENT|[157]|this|{"context":"0x2a193b7b","isTriggerExecuting":true}|0x6b69ab8e
15:26:47.0 (20612805)|STATEMENT_EXECUTE|[157]
15:26:47.0 (20613984)|STATEMENT_EXECUTE|[158]
15:26:47.0 (20738191)|HEAP_ALLOCATE|[158]|Bytes:365
15:26:47.0 (20793507)|HEAP_ALLOCATE|[158]|Bytes:365
15:26:47.0 (20811427)|HEAP_ALLOCATE|[158]|Bytes:1
15:26:47.0 (20845594)|HEAP_ALLOCATE|[158]|Bytes:25
15:26:47.0 (20855380)|METHOD_EXIT|[150]|01pO00000003AAn|TriggerHandler.getHandlerName()
15:26:47.0 (20873468)|STATEMENT_EXECUTE|[150]
15:26:47.0 (20875407)|STATEMENT_EXECUTE|[153]
15:26:47.0 (20878620)|METHOD_EXIT|[33]|01pO00000003AAn|TriggerHandler.validateRun()
15:26:47.0 (20881643)|STATEMENT_EXECUTE|[33]
15:26:47.0 (20882818)|STATEMENT_EXECUTE|[35]
15:26:47.0 (20889360)|METHOD_ENTRY|[35]|01pO00000003AAn|TriggerHandler.addToLoopCount()
15:26:47.0 (20908016)|VARIABLE_SCOPE_BEGIN|[133]|this|TriggerHandler|true|false
15:26:47.0 (20926813)|VARIABLE_ASSIGNMENT|[133]|this|{"context":"0x2a193b7b","isTriggerExecuting":true}|0x6b69ab8e
15:26:47.0 (20931840)|STATEMENT_EXECUTE|[133]
15:26:47.0 (20933013)|STATEMENT_EXECUTE|[134]
15:26:47.0 (20940287)|METHOD_ENTRY|[134]|01pO00000003AAn|TriggerHandler.getHandlerName()
15:26:47.0 (20950681)|VARIABLE_SCOPE_BEGIN|[157]|this|TriggerHandler|true|false
15:26:47.0 (20972576)|VARIABLE_ASSIGNMENT|[157]|this|{"context":"0x2a193b7b","isTriggerExecuting":true}|0x6b69ab8e
15:26:47.0 (20979325)|STATEMENT_EXECUTE|[157]
15:26:47.0 (20980569)|STATEMENT_EXECUTE|[158]
15:26:47.0 (21027879)|HEAP_ALLOCATE|[158]|Bytes:365
15:26:47.0 (21078478)|HEAP_ALLOCATE|[158]|Bytes:365
15:26:47.0 (21102092)|HEAP_ALLOCATE|[158]|Bytes:25
15:26:47.0 (21110775)|METHOD_EXIT|[134]|01pO00000003AAn|TriggerHandler.getHandlerName()
15:26:47.0 (21114835)|VARIABLE_SCOPE_BEGIN|[134]|handlerName|String|false|false
15:26:47.0 (21126835)|VARIABLE_ASSIGNMENT|[134]|handlerName|"opportunityTriggerHa (5 more) ..."
15:26:47.0 (21163697)|STATEMENT_EXECUTE|[135]
15:26:47.0 (21170857)|METHOD_EXIT|[35]|01pO00000003AAn|TriggerHandler.addToLoopCount()
15:26:47.0 (21317385)|STATEMENT_EXECUTE|[40]
15:26:47.0 (21319822)|STATEMENT_EXECUTE|[41]
15:26:47.0 (21329502)|METHOD_ENTRY|[41]|01pO0000000371i|opportunityTriggerHandler.beforeUpdate()
15:26:47.0 (21368249)|VARIABLE_SCOPE_BEGIN|[30]|this|opportunityTriggerHandler|true|false
15:26:47.0 (21395218)|VARIABLE_ASSIGNMENT|[30]|this|{"context":"0x2a193b7b","isTriggerExecuting":true}|0x6b69ab8e
15:26:47.0 (21402911)|STATEMENT_EXECUTE|[30]
15:26:47.0 (21405176)|STATEMENT_EXECUTE|[31]
15:26:47.0 (21419251)|METHOD_ENTRY|[31]|01pO0000000371i|opportunityTriggerHandler.determineGate()
15:26:47.0 (21442412)|VARIABLE_SCOPE_BEGIN|[112]|this|opportunityTriggerHandler|true|false
15:26:47.0 (21464275)|VARIABLE_ASSIGNMENT|[112]|this|{"context":"0x2a193b7b","isTriggerExecuting":true}|0x6b69ab8e
15:26:47.0 (21469444)|STATEMENT_EXECUTE|[112]
15:26:47.0 (21474971)|STATEMENT_EXECUTE|[113]
15:26:47.0 (21786310)|HEAP_ALLOCATE|[114]|Bytes:5
15:26:47.0 (21860103)|HEAP_ALLOCATE|[114]|Bytes:4
15:26:47.0 (21876746)|VARIABLE_SCOPE_BEGIN|[114]|opp|Opportunity|true|false
15:26:47.0 (36537555)|VARIABLE_ASSIGNMENT|[114]|opp|{"LastModifiedDate":"2017-03-22T23:44:50.000Z","Regional_Business__c":"a0BO000000F5hL5MAJ","Technology__c":"Look at new technolo (169 more) ...","Industry_Sector_GM__ (1 more) ...":"00528000006BVXaAAO","Count_of_Tender_Less (21 more) ...":0,"CloseDate":"2018-01-01T00:00:00.000Z","HasOpenActivity":false,"Budget_Confirmed__c":false,"Overall_Prospect_Val (5 more) ...":61000000,"Methodology__c":"Investigate construc (320 more) ...","Less_Cost_Recoveries (10 more) ...":0,"District__c":"Northern Rivers","Value_of_Managed_Wor (5 more) ...":950000,"Discipline__c":"TBC","State__c":"New South Wales","D_I_Involvement__c":false,"IsDeleted":false,"Non_Binding_Proposal (12 more) ...":true,"Net_Budget_Post_Tend (5 more) ...":0,"Parent_Company_Guara (11 more) ...":" ","Detailed_Description (3 more) ...":"This prospect is Mai (797 more) ...","ROI_Analysis_Complet (5 more) ...":false,"PPP_or_Third_Party_F (16 more) ...":false,"Executive_Summary__c":"This prospect is Mai (796 more) ...","Tender_Dates_Header_ (2 more) ...":" ","Less_Cost_Recoveries (10 more) ...":0,"Is_internal_BG_colla (11 more) ...":false,"Prospect_Status__c":"Tender Dead - Projec (11 more) ...","People__c":"- Explore efficienci (267 more) ...","Id":"006O0000008kYYvIAM","Proposed_Margin_on_R (9 more) ...":5,"Client_Drivers__c":"Value for money / go (61 more) ...","Cost__c":"- Obtain and utilise (1146 more) ...","Relationship__c":"Lismore Hospital Sta (53 more) ...","IsClosed":false,"Payment_Mechanism__c":"TBC","Delivery_End_Date__c":"2020-12-31T00:00:00.000Z","OwnerId":"00528000006B07FAAS","Prospect_Duration_Yr (4 more) ...":3.0,"Reason_For_Performin (9 more) ...":"Key client for JH in (386 more) ...","RecordTypeId":"012O0000000DD8KIAW","Country__c":"Australia","Total_Budget_AUD__c":0,"StageName":"Gate 2","Amount":60000000.00,"Probability":40,"EOI_PQ_Close_Date__c":"2017-05-31T00:00:00.000Z","Sponsor_Details_Head (5 more) ...":" ","Independent_Credit_C (16 more) ...":false,"JH_Revenue_Share__c":60000000,"SystemModstamp":"2017-03-24T08:35:06.000Z","Total_Less_Recoverie (4 more) ...":0,"Business_Development (11 more) ...":"00528000006BYTIAA4","Count_of_EOI_Lessons (18 more) ...":1,"AccountId":"001O0000018AKplIAG","HasOpportunityLineIt (2 more) ...":false,"Prospect_Number__c":"PRS-0000024","Procurement_Process_ (2 more) ...":"John Holland has bee (474 more) ...","ForecastCategory":"Pipeline","Net_Budget_EOI_PQ__c":0,"Client_Relationship_ (13 more) ...":"Quarterly meetings t (363 more) ...","Number_of_PRA_Critic (19 more) ...":2,"Name":"Lismore Base Hospita (73 more) ...","Prospect_Priority__c":"4","Time__c":"- Develop a design a (794 more) ...","CreatedById":"00528000006B07FAAS","Winning_Strategy_Hea (6 more) ...":" ","A_PCG_Is_Required_Fr (5 more) ...":"JHG","Design__c":"- Develop a design p (431 more) ...","Tender_Close_Date__c":"2017-06-30T00:00:00.000Z","JH_Margin_Value__c":3000000,"Other__c":"Put a big effort in  (120 more) ...","Innovation__c":"Other opportunities  (276 more) ...","Defect_Liability_Dur (15 more) ...":12,"Sync_Date_Fields__c":false,"Is_this_project_a_JV (15 more) ...":false,"Project_Duration_Mon (6 more) ...":36,"JH_Bid_Cost_of_JH_Re (8 more) ...":0.0,"Delivery_End_Defect_ (21 more) ...":"2021-12-31T00:00:00.000Z","Is_Gate_1_To_3__c":true,"Bonding_Security_Hea (6 more) ...":" ","Net_Budget_Tender__c":0,"CreatedDate":"2017-03-15T22:16:11.000Z","HasOverdueTask":false,"Discovery_Completed_ (2 more) ...":false,"Data_Quality_Score__ (1 more) ...":40,"Project_Probability_ (2 more) ...":100,"ForecastCategoryName":"Pipeline","Client_Probity__c":false,"Client_Supplied_Mate (8 more) ...":1000000,"Relationships__c":"- Good relationship  (160 more) ...","Total_Budget_EOI_PQ_ (2 more) ...":0,"Managing_Contractor_ (12 more) ...":false,"Manually_Assign_Gate (5 more) ...":false,"Business_Group__c":"a0BO000000F5hL0MAJ","Contract_Type__c":"Managing Contractor","Prospect_Location_He (8 more) ...":" ","Anticipated_Revenue_ (13 more) ...":"2018-03-01T00:00:00.000Z","Is_Gate_4_To_5__c":false,"Also_Known_As__c":"Lismore Base Hospita (1 more) ...","Data_Quality_Descrip (7 more) ...":"Missing: Type, Lead  (18 more) ...","ExpectedRevenue":24000000.00,"Net_Budget_Amount__c":0,"IsWon":false,"EOI_PQ_Start_Date__c":"2017-03-31T00:00:00.000Z","Location__c":"Lismore, New South W (15 more) ...","D_I_Involvement_Text (3 more) ...":"No","Less_Cost_Recoveries (15 more) ...":0,"Financial_Viability_ (11 more) ...":"Annual budget for ne (45 more) ...","Request_For_Special_ (22 more) ...":false,"Conga_Other_Heading_ (8 more) ...":"ECI/RFT","Apply_Default_Bondin (4 more) ...":true,"Gate_Status__c":"Submitted For Approv (2 more) ...","Win_Probability__c":90,"D_I_Involvement_Guid (12 more) ...":"This box should be c (183 more) ...","Total_Budget_Tender_ (2 more) ...":0,"Total_Budget_Post_Te (7 more) ...":0,"Restrict_Access__c":false,"Nearest_City__c":"Lismore","Tender_Start_Date__c":"2017-06-15T00:00:00.000Z","Other_Custom_Heading (3 more) ...":"ECI/RFT","Alignment_with_Busin (11 more) ...":"Category 1 client in (90 more) ...","IsPrivate":false,"LastModifiedById":"00528000006B07FAAS","Is_internal_Regional (21 more) ...":false}|0x45d4c675
15:26:47.0 (36580721)|STATEMENT_EXECUTE|[114]
15:26:47.0 (36583154)|STATEMENT_EXECUTE|[115]
15:26:47.0 (36870839)|VARIABLE_SCOPE_BEGIN|[115]|oldOpp|Opportunity|true|false
15:26:47.0 (40535697)|VARIABLE_ASSIGNMENT|[115]|oldOpp|{"LastModifiedDate":"2017-03-22T23:44:50.000Z","Regional_Business__c":"a0BO000000F5hL5MAJ","Technology__c":"Look at new technolo (169 more) ...","Industry_Sector_GM__ (1 more) ...":"00528000006BVXaAAO","Count_of_Tender_Less (21 more) ...":0,"CloseDate":"2018-01-01T00:00:00.000Z","HasOpenActivity":false,"Budget_Confirmed__c":false,"Overall_Prospect_Val (5 more) ...":61000000,"Methodology__c":"Investigate construc (320 more) ...","Less_Cost_Recoveries (10 more) ...":0,"District__c":"Northern Rivers","Value_of_Managed_Wor (5 more) ...":950000,"Discipline__c":"TBC","State__c":"New South Wales","D_I_Involvement__c":false,"IsDeleted":false,"Non_Binding_Proposal (12 more) ...":true,"Net_Budget_Post_Tend (5 more) ...":0,"Parent_Company_Guara (11 more) ...":" ","Detailed_Description (3 more) ...":"This prospect is Mai (797 more) ...","ROI_Analysis_Complet (5 more) ...":false,"PPP_or_Third_Party_F (16 more) ...":false,"Executive_Summary__c":"This prospect is Mai (796 more) ...","Tender_Dates_Header_ (2 more) ...":" ","Less_Cost_Recoveries (10 more) ...":0,"Is_internal_BG_colla (11 more) ...":false,"Prospect_Status__c":"Live - Prospect","People__c":"- Explore efficienci (267 more) ...","Id":"006O0000008kYYvIAM","Proposed_Margin_on_R (9 more) ...":5,"Client_Drivers__c":"Value for money / go (61 more) ...","Cost__c":"- Obtain and utilise (1146 more) ...","Relationship__c":"Lismore Hospital Sta (53 more) ...","IsClosed":false,"Payment_Mechanism__c":"TBC","Delivery_End_Date__c":"2020-12-31T00:00:00.000Z","OwnerId":"00528000006B07FAAS","Prospect_Duration_Yr (4 more) ...":3.0,"Reason_For_Performin (9 more) ...":"Key client for JH in (386 more) ...","RecordTypeId":"012O0000000DD8KIAW","Country__c":"Australia","Total_Budget_AUD__c":0,"StageName":"Gate 2","Amount":60000000.00,"Probability":40,"EOI_PQ_Close_Date__c":"2017-05-31T00:00:00.000Z","Sponsor_Details_Head (5 more) ...":" ","Independent_Credit_C (16 more) ...":false,"JH_Revenue_Share__c":60000000,"SystemModstamp":"2017-03-24T08:35:06.000Z","Total_Less_Recoverie (4 more) ...":0,"Business_Development (11 more) ...":"00528000006BYTIAA4","Count_of_EOI_Lessons (18 more) ...":1,"AccountId":"001O0000018AKplIAG","HasOpportunityLineIt (2 more) ...":false,"Prospect_Number__c":"PRS-0000024","Procurement_Process_ (2 more) ...":"John Holland has bee (474 more) ...","ForecastCategory":"Pipeline","Net_Budget_EOI_PQ__c":0,"Client_Relationship_ (13 more) ...":"Quarterly meetings t (363 more) ...","Number_of_PRA_Critic (19 more) ...":2,"Name":"Lismore Base Hospita (73 more) ...","Prospect_Priority__c":"4","Time__c":"- Develop a design a (794 more) ...","CreatedById":"00528000006B07FAAS","Winning_Strategy_Hea (6 more) ...":" ","A_PCG_Is_Required_Fr (5 more) ...":"JHG","Design__c":"- Develop a design p (431 more) ...","Tender_Close_Date__c":"2017-06-30T00:00:00.000Z","JH_Margin_Value__c":3000000,"Other__c":"Put a big effort in  (120 more) ...","Innovation__c":"Other opportunities  (276 more) ...","Defect_Liability_Dur (15 more) ...":12,"Sync_Date_Fields__c":false,"Is_this_project_a_JV (15 more) ...":false,"Project_Duration_Mon (6 more) ...":36,"JH_Bid_Cost_of_JH_Re (8 more) ...":0.0,"Delivery_End_Defect_ (21 more) ...":"2021-12-31T00:00:00.000Z","Is_Gate_1_To_3__c":true,"Bonding_Security_Hea (6 more) ...":" ","Net_Budget_Tender__c":0,"CreatedDate":"2017-03-15T22:16:11.000Z","HasOverdueTask":false,"Discovery_Completed_ (2 more) ...":false,"Data_Quality_Score__ (1 more) ...":40,"Project_Probability_ (2 more) ...":100,"ForecastCategoryName":"Pipeline","Client_Probity__c":false,"Client_Supplied_Mate (8 more) ...":1000000,"Relationships__c":"- Good relationship  (160 more) ...","Total_Budget_EOI_PQ_ (2 more) ...":0,"Managing_Contractor_ (12 more) ...":false,"Manually_Assign_Gate (5 more) ...":false,"Business_Group__c":"a0BO000000F5hL0MAJ","Contract_Type__c":"Managing Contractor","Prospect_Location_He (8 more) ...":" ","Anticipated_Revenue_ (13 more) ...":"2018-03-01T00:00:00.000Z","Is_Gate_4_To_5__c":false,"Also_Known_As__c":"Lismore Base Hospita (1 more) ...","Data_Quality_Descrip (7 more) ...":"Missing: Type, Lead  (18 more) ...","ExpectedRevenue":24000000.00,"Net_Budget_Amount__c":0,"IsWon":false,"EOI_PQ_Start_Date__c":"2017-03-31T00:00:00.000Z","Location__c":"Lismore, New South W (15 more) ...","D_I_Involvement_Text (3 more) ...":"No","Less_Cost_Recoveries (15 more) ...":0,"Financial_Viability_ (11 more) ...":"Annual budget for ne (45 more) ...","Request_For_Special_ (22 more) ...":false,"Conga_Other_Heading_ (8 more) ...":"ECI/RFT","Apply_Default_Bondin (4 more) ...":true,"Gate_Status__c":"Submitted For Approv (2 more) ...","Win_Probability__c":90,"D_I_Involvement_Guid (12 more) ...":"This box should be c (183 more) ...","Total_Budget_Tender_ (2 more) ...":0,"Total_Budget_Post_Te (7 more) ...":0,"Restrict_Access__c":false,"Nearest_City__c":"Lismore","Tender_Start_Date__c":"2017-06-15T00:00:00.000Z","Other_Custom_Heading (3 more) ...":"ECI/RFT","Alignment_with_Busin (11 more) ...":"Category 1 client in (90 more) ...","IsPrivate":false,"LastModifiedById":"00528000006B07FAAS","Is_internal_Regional (21 more) ...":false}|0x346be91b
15:26:47.0 (40620873)|STATEMENT_EXECUTE|[118]
15:26:47.0 (40637302)|HEAP_ALLOCATE|[124]|Bytes:6
15:26:47.0 (40663158)|STATEMENT_EXECUTE|[124]
15:26:47.0 (40672206)|HEAP_ALLOCATE|[129]|Bytes:3
15:26:47.0 (40685079)|HEAP_ALLOCATE|[142]|Bytes:6
15:26:47.0 (40696075)|HEAP_ALLOCATE|[160]|Bytes:6
15:26:47.0 (40705958)|STATEMENT_EXECUTE|[160]
15:26:47.0 (40728047)|HEAP_ALLOCATE|[161]|Bytes:8
15:26:47.0 (40742020)|HEAP_ALLOCATE|[165]|Bytes:8
15:26:47.0 (40748850)|STATEMENT_EXECUTE|[161]
15:26:47.0 (40750481)|STATEMENT_EXECUTE|[168]
15:26:47.0 (40753153)|HEAP_ALLOCATE|[168]|Bytes:14
15:26:47.0 (41541452)|VARIABLE_ASSIGNMENT|[168]|this.TSF_Gate_Status__c|"Not Applicable"|0x45d4c675
15:26:47.0 (41547310)|STATEMENT_EXECUTE|[169]
15:26:47.0 (42304631)|VARIABLE_ASSIGNMENT|[169]|this.CRA_Gate_Status__c|"Not Applicable"|0x45d4c675
15:26:47.0 (42332818)|HEAP_ALLOCATE|[114]|Bytes:5
15:26:47.0 (42350444)|VARIABLE_ASSIGNMENT|[114]|opp|null|
15:26:47.0 (42353757)|STATEMENT_EXECUTE|[211]
15:26:47.0 (42360186)|HEAP_ALLOCATE|[211]|Bytes:5
15:26:47.0 (42372818)|VARIABLE_ASSIGNMENT|[211]|opportunityTriggerHandler.recursion|true
15:26:47.0 (42382915)|METHOD_EXIT|[31]|01pO0000000371i|opportunityTriggerHandler.determineGate()
15:26:47.0 (42389045)|METHOD_EXIT|[41]|01pO0000000371i|opportunityTriggerHandler.beforeUpdate()
15:26:47.0 (42394632)|METHOD_EXIT|[4]|01pO00000003AAn|TriggerHandler.run()
15:26:47.42 (42420326)|CUMULATIVE_LIMIT_USAGE
15:26:47.42 (42420326)|LIMIT_USAGE_FOR_NS|(default)|
  Number of SOQL queries: 0 out of 100
  Number of query rows: 0 out of 50000
  Number of SOSL queries: 0 out of 20
  Number of DML statements: 0 out of 150
  Number of DML rows: 0 out of 10000
  Maximum CPU time: 0 out of 10000
  Maximum heap size: 0 out of 6000000
  Number of callouts: 0 out of 100
  Number of Email Invocations: 0 out of 10
  Number of future calls: 0 out of 50
  Number of queueable jobs added to the queue: 0 out of 50
  Number of Mobile Apex push calls: 0 out of 10

15:26:47.42 (42420326)|TOTAL_EMAIL_RECIPIENTS_QUEUED|0
15:26:47.42 (42420326)|STATIC_VARIABLE_LIST|
  char[]:DigitTens:0
  long:serialVersionUID:0
  long:serialVersionUID:0
  String:_sfdcAdditionalCodeLocations:0
  String:_sfdcAdditionalCodeLocations:0
  double:MAX_VALUE:0
  Boolean:FALSE:0
  long:serialVersionUID:0
  String:_sfdcAdditionalCodeLocations:0
  String:_static_PRATemplateRecordTypeID:0
  Boolean:_static_runOnce:0
  double:MIN_VALUE:0
  int:SIZE:0
  TriggerHandler.TriggerContext:BEFORE_INSERT:0
  double:NEGATIVE_INFINITY:0
  int:MAX_VALUE:0
  TriggerHandler.TriggerContext:AFTER_UNDELETE:0
  char[]:digits:0
  double:NaN:0
  Boolean:TRUE:0
  TriggerHandler.TriggerContext:AFTER_INSERT:0
  Boolean:_static_recursion:0
  TriggerHandler.TriggerContext:AFTER_DELETE:0
  int:MIN_VALUE:0
  char[]:DigitOnes:0
  String:_static_KCRATemplateRecordTypeID:0
  TriggerHandler.TriggerContext:AFTER_UPDATE:0
  String:__sfdcInnerTypes:0
  int:BYTES:0
  Map<String,TriggerHandler.LoopCount>:_static_loopCountMap:0
  Set<String>:_static_bypassedHandlers:0
  int:MIN_EXPONENT:0
  int[]:sizeTable:0
  TriggerHandler.TriggerContext:BEFORE_DELETE:0
  int:MAX_EXPONENT:0
  String:_static_PRARecordTypeID:0
  TriggerHandler.TriggerContext:BEFORE_UPDATE:0
  int:SIZE:0
  double:POSITIVE_INFINITY:0
  double:MIN_NORMAL:0
  String:_static_KCRARecordTypeID:0
  int:BYTES:0

15:26:47.42 (42420326)|CUMULATIVE_LIMIT_USAGE_END

15:26:47.0 (45745629)|CODE_UNIT_FINISHED|opportunityTrigger on Opportunity trigger event BeforeUpdate for [006O0000008kYYv]
15:26:47.0 (64992579)|CODE_UNIT_STARTED|[EXTERNAL]|Validation:Opportunity:006O0000008kYYv
15:26:47.0 (65007909)|VALIDATION_RULE|03dO00000000vWR|CANDY_Tender_No_mandatory_at_Gate_4
15:26:47.0 (65343037)|VALIDATION_FORMULA|AND(ISBLANK(Value_of_Managed_Works__c ), 
ISPICKVAL(StageName, "Gate 4"))|Value_of_Managed_Works__c=950000 , StageName=Gate 2
15:26:47.0 (65349224)|VALIDATION_PASS
15:26:47.0 (65351366)|VALIDATION_RULE|03dO00000000vKk|Enforce_EOI_AND_PQ_Dates
15:26:47.0 (65570243)|VALIDATION_FORMULA|AND( 
Non_Binding_Proposal_Required__c = TRUE, 
OR(
ISBLANK( EOI_PQ_Start_Date__c),
ISBLANK( EOI_PQ_Close_Date__c)))|EOI_PQ_Close_Date__c=2017-05-31 00:00:00 , Non_Binding_Proposal_Required__c=1 , EOI_PQ_Start_Date__c=2017-03-31 00:00:00
15:26:47.0 (65575531)|VALIDATION_PASS
15:26:47.0 (65577040)|VALIDATION_RULE|03dO00000000vWW|Make_PCG_mandatory_at_Gate_2
15:26:47.0 (65691442)|VALIDATION_FORMULA|AND( 
ISPICKVAL(StageName, "Gate 2"), 
ISBLANK(TEXT(A_PCG_Is_Required_From__c)))|A_PCG_Is_Required_From__c=JHG , StageName=Gate 2
15:26:47.0 (65696130)|VALIDATION_PASS
15:26:47.0 (65697523)|VALIDATION_RULE|03dO000000011W3|Must_enter_a_Reason_for_Status_if_Dead
15:26:47.0 (65871828)|VALIDATION_FORMULA|AND(OR(ISPICKVAL(Prospect_Status__c, 'Dead - Failed to Prequalify'), ISPICKVAL(Prospect_Status__c, 'EOI Dead - Project Cancelled'),ISPICKVAL(Prospect_Status__c, 'Tender Dead - Project Cancelled'), ISPICKVAL(Prospect_Status__c, 'Tender Dead - Unsuitable for JH')), ISBLANK( Reason_for_Status__c))|Prospect_Status__c=Tender Dead - Project Cancelled , Reason_for_Status__c=null
15:26:47.0 (65898585)|VALIDATION_FAIL
15:26:47.0 (65915785)|VALIDATION_RULE|03dO00000000vKz|Populate_District_if_Country_is_Aust
15:26:47.0 (66024636)|VALIDATION_FORMULA|AND(
ISPICKVAL( Country__c, "Australia"),
ISBLANK(TEXT( District__c )))|Country__c=Australia , District__c=Northern Rivers
15:26:47.0 (66029644)|VALIDATION_PASS
15:26:47.0 (66030941)|VALIDATION_RULE|03dO00000000vKp|Populate_State_if_Country_is_Australia
15:26:47.0 (66129108)|VALIDATION_FORMULA|AND(
ISPICKVAL( Country__c, "Australia"),
ISBLANK(TEXT(State__c)))|Country__c=Australia , State__c=New South Wales
15:26:47.0 (66133453)|VALIDATION_PASS
15:26:47.0 (66134687)|VALIDATION_RULE|03dO00000000vL9|Populate_value_of_managed_works
15:26:47.0 (66257251)|VALIDATION_FORMULA|AND(ISBLANK( Value_of_Managed_Works__c ),
OR(
ISPICKVAL( Contract_Type__c, "Managing Contractor"),
ISPICKVAL( Contract_Type__c, "Construction Management")))|Value_of_Managed_Works__c=950000 , Contract_Type__c=Managing Contractor
15:26:47.0 (66262213)|VALIDATION_PASS
15:26:47.0 (66263435)|VALIDATION_RULE|03dO00000000vLT|Winning_Strategy_Other_Custom_Heading
15:26:47.0 (66374736)|VALIDATION_FORMULA|AND(LEN( Other__c )  > 0,
ISBLANK( Other_Custom_Heading__c ))|Other__c=Put a big effort in the ECI/RFT phase (8 wks) to come up with smarts that save the client &amp; JH money and minimise risk.. Multiplex will. , Other_Custom_Heading__c=ECI/RFT
15:26:47.0 (66379335)|VALIDATION_PASS
15:26:47.0 (66409107)|CODE_UNIT_FINISHED|Validation:Opportunity:006O0000008kYYv
15:26:47.0 (74229923)|CODE_UNIT_FINISHED|TRIGGERS
15:26:47.0 (74238960)|EXECUTION_FINISHED
15:26:47.83 (83504247)|CUMULATIVE_PROFILING_BEGIN
15:26:47.83 (83504247)|CUMULATIVE_PROFILING|No profiling information for SOQL operations
15:26:47.83 (83504247)|CUMULATIVE_PROFILING|No profiling information for SOSL operations
15:26:47.83 (83504247)|CUMULATIVE_PROFILING|No profiling information for DML operations
15:26:47.83 (83504247)|CUMULATIVE_PROFILING|method invocations|
External entry point: public void invoke(): executed 1 time in 40 ms
Trigger.opportunityTrigger: line 4, column 1: public opportunityTriggerHandler(): executed 2 times in 22 ms
Class.TriggerHandler.run: line 41, column 1: public void beforeUpdate(): executed 1 time in 21 ms
Class.opportunityTriggerHandler.beforeUpdate: line 31, column 1: private void determineGate(): executed 1 time in 21 ms
Class.TriggerHandler.run: line 33, column 1: private Boolean validateRun(): executed 1 time in 1 ms
Class.TriggerHandler.validateRun: line 150, column 1: private String getHandlerName(): executed 2 times in 1 ms
Class.TriggerHandler: line 18, column 1: public Set<String>(Integer): executed 1 time in 0 ms
Class.TriggerHandler.run: line 35, column 1: private void addToLoopCount(): executed 1 time in 0 ms
Class.TriggerHandler.addToLoopCount: line 134, column 1: private String getHandlerName(): executed 1 time in 0 ms
Class.TriggerHandler.run: line 38, column 1: public static Integer compareObjects(Object, Object): executed 1 time in 0 ms
Class.TriggerHandler.<init>: line 23, column 1: private void setTriggerContext(): executed 1 time in 0 ms

15:26:47.83 (83504247)|CUMULATIVE_PROFILING_END
