39.0 APEX_CODE,FINEST;APEX_PROFILING,FINEST;CALLOUT,INFO;DB,INFO;SYSTEM,DEBUG;VALIDATION,INFO;VISUALFORCE,INFO;WAVE,INFO;WORKFLOW,INFO
11:07:52.2 (2073506)|USER_INFO|[EXTERNAL]|00528000006B07F|dev@systempartners.com.prod.pcphase2|Australian Eastern Standard Time|GMT+11:00
11:07:52.2 (2102093)|EXECUTION_STARTED
11:07:52.2 (2106231)|CODE_UNIT_STARTED|[EXTERNAL]|VisualForce View State
11:07:52.2 (14511895)|CODE_UNIT_FINISHED|VisualForce View State
11:07:52.2 (16120340)|EXECUTION_FINISHED
11:07:52.63 (63583627)|USER_INFO|[EXTERNAL]|00528000006B07F|dev@systempartners.com.prod.pcphase2|Australian Eastern Standard Time|GMT+11:00
11:07:52.63 (63600328)|EXECUTION_STARTED
11:07:52.63 (63604947)|CODE_UNIT_STARTED|[EXTERNAL]|VF: /apex/editVFEmailTemplate.apexp
11:07:52.63 (67487272)|CODE_UNIT_STARTED|[EXTERNAL]|VF Controller Save
11:07:52.63 (67546931)|SYSTEM_MODE_ENTER|false
11:07:52.63 (122621015)|VF_PAGE_MESSAGE|Approval_Submission_Notification line 137, column 19: The element type "td" must be terminated by the matching end-tag "</td>"
11:07:52.63 (125518959)|VF_PAGE_MESSAGE|The element type "td" must be terminated by the matching end-tag "</td>".
11:07:52.63 (128698248)|CODE_UNIT_FINISHED|VF Controller Save
11:07:52.63 (145697105)|VF_SERIALIZE_VIEWSTATE_BEGIN|
11:07:52.63 (150534592)|VF_SERIALIZE_VIEWSTATE_END
11:07:52.178 (178423639)|CUMULATIVE_LIMIT_USAGE
11:07:52.178 (178423639)|LIMIT_USAGE_FOR_NS|(default)|
  Number of SOQL queries: 0 out of 100
  Number of query rows: 0 out of 50000
  Number of SOSL queries: 0 out of 20
  Number of DML statements: 0 out of 150
  Number of DML rows: 0 out of 10000
  Maximum CPU time: 0 out of 10000
  Maximum heap size: 0 out of 6000000
  Number of callouts: 0 out of 100
  Number of Email Invocations: 0 out of 10
  Number of future calls: 0 out of 50
  Number of queueable jobs added to the queue: 0 out of 50
  Number of Mobile Apex push calls: 0 out of 10

11:07:52.178 (178423639)|TOTAL_EMAIL_RECIPIENTS_QUEUED|0
11:07:52.178 (178423639)|CUMULATIVE_LIMIT_USAGE_END

11:07:52.63 (178484145)|CODE_UNIT_FINISHED|VF: /apex/editVFEmailTemplate.apexp
11:07:52.63 (179592519)|EXECUTION_FINISHED
11:07:52.181 (181724258)|CUMULATIVE_PROFILING_BEGIN
11:07:52.181 (181724258)|CUMULATIVE_PROFILING|No profiling information for SOQL operations
11:07:52.181 (181724258)|CUMULATIVE_PROFILING|No profiling information for SOSL operations
11:07:52.181 (181724258)|CUMULATIVE_PROFILING|No profiling information for DML operations
11:07:52.181 (181724258)|CUMULATIVE_PROFILING|No profiling information for method invocations
11:07:52.181 (181724258)|CUMULATIVE_PROFILING_END
