39.0 APEX_CODE,FINEST;APEX_PROFILING,FINEST;CALLOUT,NONE;DB,FINEST;SYSTEM,FINE;VALIDATION,INFO;VISUALFORCE,INFO;WAVE,INFO;WORKFLOW,FINER
15:52:06.0 (64558)|USER_INFO|[EXTERNAL]|005O0000003t7an|ricky.lowe@jhg.com.au.pcphase2|Australian Eastern Standard Time|GMT+10:00
15:52:06.0 (92379)|EXECUTION_STARTED
15:52:06.0 (96795)|CODE_UNIT_STARTED|[EXTERNAL]|aura
15:52:06.0 (546274)|HEAP_ALLOCATE|[72]|Bytes:3
15:52:06.0 (580578)|HEAP_ALLOCATE|[77]|Bytes:152
15:52:06.0 (595614)|HEAP_ALLOCATE|[342]|Bytes:408
15:52:06.0 (614452)|HEAP_ALLOCATE|[355]|Bytes:408
15:52:06.0 (632599)|HEAP_ALLOCATE|[467]|Bytes:48
15:52:06.0 (657055)|HEAP_ALLOCATE|[139]|Bytes:6
15:52:06.0 (680302)|HEAP_ALLOCATE|[EXTERNAL]|Bytes:18
15:52:06.0 (694800)|HEAP_ALLOCATE|[EXTERNAL]|Bytes:18
15:52:06.0 (2271303)|CODE_UNIT_STARTED|[EXTERNAL]|01pO00000003Dck|PRAController.getAllPRARecords
15:52:06.0 (2389846)|HEAP_ALLOCATE|[EXTERNAL]|Bytes:11
15:52:06.0 (2395501)|HEAP_ALLOCATE|[EXTERNAL]|Bytes:11
15:52:06.0 (2404996)|METHOD_ENTRY|[1]|01pO00000003Dck|PRAController.PRAController()
15:52:06.0 (2408700)|STATEMENT_EXECUTE|[1]
15:52:06.0 (2413855)|STATEMENT_EXECUTE|[1]
15:52:06.0 (2418296)|METHOD_EXIT|[1]|PRAController
15:52:06.0 (2422085)|HEAP_ALLOCATE|[EXTERNAL]|Bytes:18
15:52:06.0 (2431474)|SYSTEM_MODE_ENTER|false
15:52:06.0 (2441069)|VARIABLE_SCOPE_BEGIN|[15]|opportunityId|String|false|false
15:52:06.0 (2461808)|VARIABLE_ASSIGNMENT|[15]|opportunityId|"006O0000008lbw2IAA"
15:52:06.0 (2468876)|STATEMENT_EXECUTE|[15]
15:52:06.0 (2470371)|STATEMENT_EXECUTE|[18]
15:52:06.0 (2474356)|HEAP_ALLOCATE|[18]|Bytes:508
15:52:06.0 (2482786)|HEAP_ALLOCATE|[18]|Bytes:4
15:52:06.0 (2492569)|HEAP_ALLOCATE|[18]|Bytes:7
15:52:06.0 (2534476)|HEAP_ALLOCATE|[50]|Bytes:5
15:52:06.0 (2554869)|HEAP_ALLOCATE|[56]|Bytes:5
15:52:06.0 (2562954)|HEAP_ALLOCATE|[64]|Bytes:7
15:52:06.0 (3227372)|SOQL_EXECUTE_BEGIN|[18]|Aggregations:0|SELECT Id, name, Category__c, Is_Critical_Risk__c, ItemNo__c, Mitigation_Strategy__c, Rating__c, Risk_Item__c, description__c, Help_Text_0A__c, Help_Text_0B__c, Help_Text_0C__c, Help_Text_1A__c, Help_Text_1B__c, Help_Text_1C__c, Help_Text_2A__c, Help_Text_2B__c, Help_Text_2C__c, Help_Text_3A__c, Help_Text_3B__c, Help_Text_3C__c, Mitigation_Advice__c, Selected_Indicators__c, Selected_Indicators_With_Text__c FROM Project_Risk_Assessment__c WHERE Opportunity__c = :tmpVar1 ORDER BY ItemNo__c ASC NULLS FIRST
15:52:06.0 (3238682)|LIMIT_USAGE|[18]|SOQL|1|100
15:52:06.0 (3245988)|LIMIT_USAGE|[18]|AGGS|0|300
15:52:06.0 (26415995)|SOQL_EXECUTE_END|[18]|Rows:25
15:52:06.0 (26429850)|LIMIT_USAGE|[18]|SOQL_ROWS|25|50000
15:52:06.0 (26449696)|HEAP_ALLOCATE|[18]|Bytes:104
15:52:06.0 (26507509)|HEAP_ALLOCATE|[18]|Bytes:8915
15:52:06.0 (26554453)|HEAP_ALLOCATE|[18]|Bytes:104
15:52:06.0 (26573764)|VARIABLE_SCOPE_BEGIN|[18]|allPRAs|List<Project_Risk_Assessment__c>|true|false
15:52:06.0 (26598191)|VARIABLE_ASSIGNMENT|[18]|allPRAs|"List of size 25 too large to display"|0x12285489
15:52:06.0 (26603540)|STATEMENT_EXECUTE|[26]
15:52:06.0 (26617308)|SYSTEM_MODE_EXIT|false
15:52:06.26 (26641284)|CUMULATIVE_LIMIT_USAGE
15:52:06.26 (26641284)|LIMIT_USAGE_FOR_NS|(default)|
  Number of SOQL queries: 1 out of 100
  Number of query rows: 25 out of 50000
  Number of SOSL queries: 0 out of 20
  Number of DML statements: 0 out of 150
  Number of DML rows: 0 out of 10000
  Maximum CPU time: 0 out of 10000
  Maximum heap size: 0 out of 6000000
  Number of callouts: 0 out of 100
  Number of Email Invocations: 0 out of 10
  Number of future calls: 0 out of 50
  Number of queueable jobs added to the queue: 0 out of 50
  Number of Mobile Apex push calls: 0 out of 10

15:52:06.26 (26641284)|TOTAL_EMAIL_RECIPIENTS_QUEUED|0
15:52:06.26 (26641284)|STATIC_VARIABLE_LIST|
  char[]:DigitTens:0
  long:serialVersionUID:0
  long:serialVersionUID:0
  double:MAX_VALUE:0
  Boolean:FALSE:0
  long:serialVersionUID:0
  double:MIN_VALUE:0
  int:SIZE:0
  double:NEGATIVE_INFINITY:0
  int:MAX_VALUE:0
  char[]:digits:0
  double:NaN:0
  Boolean:TRUE:0
  int:MIN_VALUE:0
  String:_sfdcSuppressedCodeLocations:0
  char[]:DigitOnes:0
  int:BYTES:0
  int:MIN_EXPONENT:0
  int[]:sizeTable:0
  int:MAX_EXPONENT:0
  String:_sfdcAdditionalCodeLocations:0
  int:SIZE:0
  double:POSITIVE_INFINITY:0
  double:MIN_NORMAL:0
  int:BYTES:0

15:52:06.26 (26641284)|CUMULATIVE_LIMIT_USAGE_END

15:52:06.0 (26771093)|CODE_UNIT_FINISHED|PRAController.getAllPRARecords
15:52:06.0 (103717997)|HEAP_ALLOCATE|[EXTERNAL]|Bytes:18
15:52:06.0 (103743031)|HEAP_ALLOCATE|[EXTERNAL]|Bytes:18
15:52:06.0 (105478648)|CODE_UNIT_STARTED|[EXTERNAL]|01pO0000000372v|KCRAController.getAllKCRARecords
15:52:06.0 (105571470)|HEAP_ALLOCATE|[EXTERNAL]|Bytes:5
15:52:06.0 (105578012)|HEAP_ALLOCATE|[EXTERNAL]|Bytes:14
15:52:06.0 (105591861)|METHOD_ENTRY|[11]|01pO0000000372v|KCRAController.KCRAController()
15:52:06.0 (105596138)|STATEMENT_EXECUTE|[11]
15:52:06.0 (105601870)|STATEMENT_EXECUTE|[11]
15:52:06.0 (105608070)|METHOD_EXIT|[11]|KCRAController
15:52:06.0 (105612278)|HEAP_ALLOCATE|[EXTERNAL]|Bytes:18
15:52:06.0 (105623102)|SYSTEM_MODE_ENTER|false
15:52:06.0 (105634118)|VARIABLE_SCOPE_BEGIN|[14]|opportunityId|String|false|false
15:52:06.0 (105647465)|VARIABLE_ASSIGNMENT|[14]|opportunityId|"006O0000008lbw2IAA"
15:52:06.0 (105654034)|STATEMENT_EXECUTE|[14]
15:52:06.0 (105655392)|STATEMENT_EXECUTE|[17]
15:52:06.0 (105660729)|HEAP_ALLOCATE|[17]|Bytes:204
15:52:06.0 (105670961)|HEAP_ALLOCATE|[17]|Bytes:4
15:52:06.0 (106139636)|SOQL_EXECUTE_BEGIN|[17]|Aggregations:0|SELECT Id, name, recordtypeId, applicable__c, approved__c, itemno__c, KCRA_Item__c, Opportunity__c FROM Key_Commercial_Risks_Approvals__c WHERE Opportunity__c = :tmpVar1 ORDER BY itemno__c ASC NULLS FIRST
15:52:06.0 (106149871)|LIMIT_USAGE|[17]|SOQL|2|100
15:52:06.0 (106159996)|LIMIT_USAGE|[17]|AGGS|0|300
15:52:06.0 (111814848)|SOQL_EXECUTE_END|[17]|Rows:25
15:52:06.0 (111824897)|LIMIT_USAGE|[17]|SOQL_ROWS|50|50000
15:52:06.0 (111842994)|HEAP_ALLOCATE|[17]|Bytes:104
15:52:06.0 (111929968)|HEAP_ALLOCATE|[17]|Bytes:7381
15:52:06.0 (111981396)|HEAP_ALLOCATE|[17]|Bytes:104
15:52:06.0 (111996708)|VARIABLE_SCOPE_BEGIN|[17]|allKCRAs|List<Key_Commercial_Risks_Approvals__c>|true|false
15:52:06.0 (112019147)|VARIABLE_ASSIGNMENT|[17]|allKCRAs|"List of size 25 too large to display"|0x6f9a6630
15:52:06.0 (112024113)|STATEMENT_EXECUTE|[27]
15:52:06.0 (112039095)|SYSTEM_MODE_EXIT|false
15:52:06.112 (112061492)|CUMULATIVE_LIMIT_USAGE
15:52:06.112 (112061492)|LIMIT_USAGE_FOR_NS|(default)|
  Number of SOQL queries: 2 out of 100
  Number of query rows: 50 out of 50000
  Number of SOSL queries: 0 out of 20
  Number of DML statements: 0 out of 150
  Number of DML rows: 0 out of 10000
  Maximum CPU time: 0 out of 10000
  Maximum heap size: 0 out of 6000000
  Number of callouts: 0 out of 100
  Number of Email Invocations: 0 out of 10
  Number of future calls: 0 out of 50
  Number of queueable jobs added to the queue: 0 out of 50
  Number of Mobile Apex push calls: 0 out of 10

15:52:06.112 (112061492)|TOTAL_EMAIL_RECIPIENTS_QUEUED|0
15:52:06.112 (112061492)|STATIC_VARIABLE_LIST|
  char[]:DigitTens:0
  long:serialVersionUID:0
  long:serialVersionUID:0
  double:MAX_VALUE:0
  Boolean:FALSE:0
  long:serialVersionUID:0
  String:_sfdcAdditionalCodeLocations:0
  double:MIN_VALUE:0
  int:SIZE:0
  double:NEGATIVE_INFINITY:0
  int:MAX_VALUE:0
  char[]:digits:0
  double:NaN:0
  Boolean:TRUE:0
  int:MIN_VALUE:0
  String:_sfdcSuppressedCodeLocations:0
  char[]:DigitOnes:0
  int:BYTES:0
  int:MIN_EXPONENT:0
  int[]:sizeTable:0
  int:MAX_EXPONENT:0
  String:_sfdcSuppressedCodeLocations:0
  String:_sfdcAdditionalCodeLocations:0
  int:SIZE:0
  double:POSITIVE_INFINITY:0
  double:MIN_NORMAL:0
  int:BYTES:0

15:52:06.112 (112061492)|CUMULATIVE_LIMIT_USAGE_END

15:52:06.0 (112175593)|CODE_UNIT_FINISHED|KCRAController.getAllKCRARecords
15:52:06.148 (148734898)|CUMULATIVE_PROFILING_BEGIN
15:52:06.148 (148734898)|CUMULATIVE_PROFILING|SOQL operations|
Class.PRAController.getAllPRARecords: line 18, column 1: [SELECT Id,name,Category__c,Is_Critical_Risk__c,ItemNo__c,Mitigation_Strategy__c,Rating__c,Risk_Item__c,
                                                             		description__c,Help_Text_0A__c,Help_Text_0B__c,Help_Text_0C__c,Help_Text_1A__c,Help_Text_1B__c, 
                                                             		Help_Text_1C__c,Help_Text_2A__c,Help_Text_2B__c,Help_Text_2C__c,Help_Text_3A__c,Help_Text_3B__c,
                                                             		Help_Text_3C__c,Mitigation_Advice__c,Selected_Indicators__c,Selected_Indicators_With_Text__c
												   FROM Project_Risk_Assessment__c
                                                   WHERE Opportunity__c = :opportunityId
                                                   ORDER BY ItemNo__c]: executed 1 time in 24 ms
Class.KCRAController.getAllKCRARecords: line 17, column 1: [SELECT   Id,name,
                                                           			recordtypeId,
                                                           			applicable__c,
                                                           			approved__c,
                                                           			itemno__c,
                                                           			KCRA_Item__c,Opportunity__c 
                                 							FROM     Key_Commercial_Risks_Approvals__c 
                                 							WHERE    Opportunity__c = :opportunityId
                                                           	ORDER BY itemno__c]: executed 1 time in 7 ms

15:52:06.148 (148734898)|CUMULATIVE_PROFILING|No profiling information for SOSL operations
15:52:06.148 (148734898)|CUMULATIVE_PROFILING|No profiling information for DML operations
15:52:06.148 (148734898)|CUMULATIVE_PROFILING|method invocations|
External entry point: public static List<Project_Risk_Assessment__c> getAllPRARecords(String): executed 1 time in 24 ms
External entry point: public static List<Key_Commercial_Risks_Approvals__c> getAllKCRARecords(String): executed 1 time in 7 ms

15:52:06.148 (148734898)|CUMULATIVE_PROFILING_END
