39.0 APEX_CODE,FINEST;APEX_PROFILING,FINEST;CALLOUT,INFO;DB,INFO;SYSTEM,DEBUG;VALIDATION,INFO;VISUALFORCE,INFO;WAVE,INFO;WORKFLOW,INFO
16:24:06.0 (633685)|USER_INFO|[EXTERNAL]|00528000006B07F|dev@systempartners.com.prod.pcphase2|Australian Eastern Standard Time|GMT+11:00
16:24:06.0 (668819)|EXECUTION_STARTED
16:24:06.0 (675392)|CODE_UNIT_STARTED|[EXTERNAL]|TRIGGERS
16:24:06.0 (718451)|CODE_UNIT_STARTED|[EXTERNAL]|01qO00000000SDP|opportunityTrigger on Opportunity trigger event BeforeUpdate for [006O0000008kYYv]
16:24:06.0 (784022)|HEAP_ALLOCATE|[EXTERNAL]|Bytes:8
16:24:06.0 (1165252)|HEAP_ALLOCATE|[EXTERNAL]|Bytes:8
16:24:06.0 (1703244)|HEAP_ALLOCATE|[72]|Bytes:3
16:24:06.0 (1757306)|HEAP_ALLOCATE|[77]|Bytes:152
16:24:06.0 (1784665)|HEAP_ALLOCATE|[342]|Bytes:408
16:24:06.0 (1817976)|HEAP_ALLOCATE|[355]|Bytes:408
16:24:06.0 (1849262)|HEAP_ALLOCATE|[467]|Bytes:48
16:24:06.0 (1893073)|HEAP_ALLOCATE|[139]|Bytes:6
16:24:06.0 (1936646)|HEAP_ALLOCATE|[EXTERNAL]|Bytes:4
16:24:06.0 (1949020)|VARIABLE_SCOPE_BEGIN|[1]|this|opportunityTrigger|true|false
16:24:06.0 (2009916)|VARIABLE_ASSIGNMENT|[1]|this|{}|0x109f34aa
16:24:06.0 (2080384)|HEAP_ALLOCATE|[EXTERNAL]|Bytes:4
16:24:06.0 (2090832)|VARIABLE_SCOPE_BEGIN|[1]|this|opportunityTrigger|true|false
16:24:06.0 (2107611)|VARIABLE_ASSIGNMENT|[1]|this|{}|0x109f34aa
16:24:06.0 (2116586)|STATEMENT_EXECUTE|[1]
16:24:06.0 (2119612)|STATEMENT_EXECUTE|[4]
16:24:06.0 (7775184)|VARIABLE_SCOPE_BEGIN|[16]|opportunityTriggerHandler.KCRARecordTypeID|String|false|true
16:24:06.0 (7783798)|VARIABLE_SCOPE_BEGIN|[15]|opportunityTriggerHandler.KCRATemplateRecordTypeID|String|false|true
16:24:06.0 (7788576)|VARIABLE_SCOPE_BEGIN|[18]|opportunityTriggerHandler.PRARecordTypeID|String|false|true
16:24:06.0 (7791591)|VARIABLE_SCOPE_BEGIN|[17]|opportunityTriggerHandler.PRATemplateRecordTypeID|String|false|true
16:24:06.0 (7800991)|VARIABLE_SCOPE_BEGIN|[19]|opportunityTriggerHandler.recursion|Boolean|false|true
16:24:06.0 (7814828)|VARIABLE_SCOPE_BEGIN|[14]|opportunityTriggerHandler.runOnce|Boolean|false|true
16:24:06.0 (11051719)|VARIABLE_SCOPE_BEGIN|[5]|TriggerHandler.bypassedHandlers|Set<String>|true|true
16:24:06.0 (11289798)|VARIABLE_SCOPE_BEGIN|[4]|TriggerHandler.loopCountMap|Map<String,TriggerHandler.LoopCount>|true|true
16:24:06.0 (11351051)|HEAP_ALLOCATE|[4]|Bytes:29
16:24:06.0 (11390914)|METHOD_ENTRY|[13]|01pO0000000371i|opportunityTriggerHandler.opportunityTriggerHandler()
16:24:06.0 (11395162)|STATEMENT_EXECUTE|[13]
16:24:06.0 (11402345)|STATEMENT_EXECUTE|[13]
16:24:06.0 (11403761)|STATEMENT_EXECUTE|[14]
16:24:06.0 (11438344)|HEAP_ALLOCATE|[50]|Bytes:5
16:24:06.0 (11468315)|HEAP_ALLOCATE|[56]|Bytes:5
16:24:06.0 (11477796)|HEAP_ALLOCATE|[64]|Bytes:7
16:24:06.0 (11511587)|HEAP_ALLOCATE|[14]|Bytes:5
16:24:06.0 (11528689)|VARIABLE_ASSIGNMENT|[14]|opportunityTriggerHandler.runOnce|true
16:24:06.0 (11532062)|STATEMENT_EXECUTE|[15]
16:24:06.0 (11534765)|HEAP_ALLOCATE|[15]|Bytes:33
16:24:06.0 (11985397)|HEAP_ALLOCATE|[15]|Bytes:4
16:24:06.0 (12032670)|LIMIT_USAGE|[15]|RECORD_TYPE_DESCRIBES|1|100
16:24:06.0 (14162033)|HEAP_ALLOCATE|[15]|Bytes:16
16:24:06.0 (14171650)|HEAP_ALLOCATE|[15]|Bytes:13
16:24:06.0 (14308756)|HEAP_ALLOCATE|[15]|Bytes:4
16:24:06.0 (14331648)|HEAP_ALLOCATE|[15]|Bytes:18
16:24:06.0 (14346551)|VARIABLE_ASSIGNMENT|[15]|opportunityTriggerHandler.KCRATemplateRecordTypeID|"012O0000000DCgLIAW"
16:24:06.0 (14349611)|STATEMENT_EXECUTE|[16]
16:24:06.0 (14399362)|HEAP_ALLOCATE|[16]|Bytes:4
16:24:06.0 (14415312)|LIMIT_USAGE|[16]|RECORD_TYPE_DESCRIBES|2|100
16:24:06.0 (14429665)|HEAP_ALLOCATE|[16]|Bytes:16
16:24:06.0 (14435497)|HEAP_ALLOCATE|[16]|Bytes:4
16:24:06.0 (14466069)|HEAP_ALLOCATE|[16]|Bytes:4
16:24:06.0 (14473404)|HEAP_ALLOCATE|[16]|Bytes:18
16:24:06.0 (14483918)|VARIABLE_ASSIGNMENT|[16]|opportunityTriggerHandler.KCRARecordTypeID|"012O0000000DCgGIAW"
16:24:06.0 (14486750)|STATEMENT_EXECUTE|[17]
16:24:06.0 (14489393)|HEAP_ALLOCATE|[17]|Bytes:26
16:24:06.0 (14626846)|HEAP_ALLOCATE|[17]|Bytes:4
16:24:06.0 (14645495)|LIMIT_USAGE|[17]|RECORD_TYPE_DESCRIBES|3|100
16:24:06.0 (15591310)|HEAP_ALLOCATE|[17]|Bytes:16
16:24:06.0 (15600967)|HEAP_ALLOCATE|[17]|Bytes:12
16:24:06.0 (15635081)|HEAP_ALLOCATE|[17]|Bytes:4
16:24:06.0 (15643130)|HEAP_ALLOCATE|[17]|Bytes:18
16:24:06.0 (15654216)|VARIABLE_ASSIGNMENT|[17]|opportunityTriggerHandler.PRATemplateRecordTypeID|"012O0000000DDVTIA4"
16:24:06.0 (15657089)|STATEMENT_EXECUTE|[18]
16:24:06.0 (15703539)|HEAP_ALLOCATE|[18]|Bytes:4
16:24:06.0 (15719284)|LIMIT_USAGE|[18]|RECORD_TYPE_DESCRIBES|4|100
16:24:06.0 (15733133)|HEAP_ALLOCATE|[18]|Bytes:16
16:24:06.0 (15738491)|HEAP_ALLOCATE|[18]|Bytes:3
16:24:06.0 (15771148)|HEAP_ALLOCATE|[18]|Bytes:4
16:24:06.0 (15778204)|HEAP_ALLOCATE|[18]|Bytes:18
16:24:06.0 (15788624)|VARIABLE_ASSIGNMENT|[18]|opportunityTriggerHandler.PRARecordTypeID|"012O0000000DDVOIA4"
16:24:06.0 (15791344)|STATEMENT_EXECUTE|[19]
16:24:06.0 (15796925)|HEAP_ALLOCATE|[19]|Bytes:5
16:24:06.0 (15803025)|VARIABLE_ASSIGNMENT|[19]|opportunityTriggerHandler.recursion|false
16:24:06.0 (15810902)|METHOD_EXIT|[13]|opportunityTriggerHandler
16:24:06.0 (16019039)|HEAP_ALLOCATE|[4]|Bytes:12
16:24:06.0 (16035625)|CONSTRUCTOR_ENTRY|[4]|01pO0000000371i|<init>()
16:24:06.0 (16065937)|VARIABLE_SCOPE_BEGIN|[20]|this|opportunityTriggerHandler|true|false
16:24:06.0 (16106093)|VARIABLE_ASSIGNMENT|[20]|this|{}|0x68b7d4dd
16:24:06.0 (16111254)|STATEMENT_EXECUTE|[13]
16:24:06.0 (16118914)|HEAP_ALLOCATE|[20]|Bytes:48
16:24:06.0 (16123741)|HEAP_ALLOCATE|[20]|Bytes:69
16:24:06.0 (16134933)|METHOD_ENTRY|[1]|01pO00000003AAn|TriggerHandler.TriggerHandler()
16:24:06.0 (16137458)|STATEMENT_EXECUTE|[1]
16:24:06.0 (16140081)|STATEMENT_EXECUTE|[1]
16:24:06.0 (16141186)|STATEMENT_EXECUTE|[16]
16:24:06.0 (16142111)|STATEMENT_EXECUTE|[17]
16:24:06.0 (16148012)|HEAP_ALLOCATE|[17]|Bytes:4
16:24:06.0 (16183239)|VARIABLE_ASSIGNMENT|[17]|TriggerHandler.loopCountMap|{}|0x7049c6e1
16:24:06.0 (16186572)|STATEMENT_EXECUTE|[18]
16:24:06.0 (16192878)|HEAP_ALLOCATE|[18]|Bytes:4
16:24:06.0 (16254237)|VARIABLE_ASSIGNMENT|[18]|TriggerHandler.bypassedHandlers|[]|0x46aca7df
16:24:06.0 (16258342)|STATEMENT_EXECUTE|[187]
16:24:06.0 (16259611)|STATEMENT_EXECUTE|[236]
16:24:06.0 (16265110)|METHOD_EXIT|[1]|TriggerHandler
16:24:06.0 (16271280)|CONSTRUCTOR_ENTRY|[20]|01pO00000003AAn|<init>()
16:24:06.0 (16402653)|VARIABLE_SCOPE_BEGIN|[22]|this|TriggerHandler|true|false
16:24:06.0 (16419926)|VARIABLE_ASSIGNMENT|[22]|this|{}|0x68b7d4dd
16:24:06.0 (16424304)|STATEMENT_EXECUTE|[1]
16:24:06.0 (16425553)|STATEMENT_EXECUTE|[9]
16:24:06.0 (16426646)|STATEMENT_EXECUTE|[13]
16:24:06.0 (16434202)|HEAP_ALLOCATE|[23]|Bytes:6
16:24:06.0 (16457674)|STATEMENT_EXECUTE|[22]
16:24:06.0 (16459320)|STATEMENT_EXECUTE|[23]
16:24:06.0 (16489417)|METHOD_ENTRY|[23]|01pO00000003AAn|TriggerHandler.setTriggerContext()
16:24:06.0 (16522233)|VARIABLE_SCOPE_BEGIN|[94]|this|TriggerHandler|true|false
16:24:06.0 (16537020)|VARIABLE_ASSIGNMENT|[94]|this|{}|0x68b7d4dd
16:24:06.0 (16543176)|STATEMENT_EXECUTE|[94]
16:24:06.0 (16544558)|STATEMENT_EXECUTE|[95]
16:24:06.0 (16561378)|METHOD_ENTRY|[95]|01pO00000003AAn|TriggerHandler.setTriggerContext(String, Boolean)
16:24:06.0 (16579669)|VARIABLE_SCOPE_BEGIN|[99]|this|TriggerHandler|true|false
16:24:06.0 (16592961)|VARIABLE_ASSIGNMENT|[99]|this|{}|0x68b7d4dd
16:24:06.0 (16596763)|VARIABLE_SCOPE_BEGIN|[99]|ctx|String|false|false
16:24:06.0 (16600336)|VARIABLE_ASSIGNMENT|[99]|ctx|null
16:24:06.0 (16604644)|VARIABLE_SCOPE_BEGIN|[99]|testMode|Boolean|false|false
16:24:06.0 (16607702)|VARIABLE_ASSIGNMENT|[99]|testMode|false
16:24:06.0 (16611322)|STATEMENT_EXECUTE|[99]
16:24:06.0 (16632190)|STATEMENT_EXECUTE|[103]
16:24:06.0 (16633920)|STATEMENT_EXECUTE|[104]
16:24:06.0 (16638869)|HEAP_ALLOCATE|[104]|Bytes:5
16:24:06.0 (16695858)|STATEMENT_EXECUTE|[111]
16:24:06.0 (16699642)|STATEMENT_EXECUTE|[112]
16:24:06.0 (16728862)|HEAP_ALLOCATE|[112]|Bytes:12
16:24:06.0 (16736297)|HEAP_ALLOCATE|[112]|Bytes:13
16:24:06.0 (16817388)|HEAP_ALLOCATE|[112]|Bytes:12
16:24:06.0 (16824498)|HEAP_ALLOCATE|[112]|Bytes:13
16:24:06.0 (16845731)|HEAP_ALLOCATE|[112]|Bytes:12
16:24:06.0 (16851940)|HEAP_ALLOCATE|[112]|Bytes:13
16:24:06.0 (16871522)|HEAP_ALLOCATE|[112]|Bytes:12
16:24:06.0 (16877964)|HEAP_ALLOCATE|[112]|Bytes:12
16:24:06.0 (16898832)|HEAP_ALLOCATE|[112]|Bytes:12
16:24:06.0 (16903921)|HEAP_ALLOCATE|[112]|Bytes:12
16:24:06.0 (16920947)|HEAP_ALLOCATE|[112]|Bytes:12
16:24:06.0 (16925713)|HEAP_ALLOCATE|[112]|Bytes:12
16:24:06.0 (16943291)|HEAP_ALLOCATE|[112]|Bytes:12
16:24:06.0 (16948557)|HEAP_ALLOCATE|[112]|Bytes:14
16:24:06.0 (16984462)|METHOD_EXIT|[95]|01pO00000003AAn|TriggerHandler.setTriggerContext(String, Boolean)
16:24:06.0 (16993849)|METHOD_EXIT|[23]|01pO00000003AAn|TriggerHandler.setTriggerContext()
16:24:06.0 (17001523)|CONSTRUCTOR_EXIT|[20]|01pO00000003AAn|<init>()
16:24:06.0 (17006197)|STATEMENT_EXECUTE|[20]
16:24:06.0 (17011342)|CONSTRUCTOR_EXIT|[4]|01pO0000000371i|<init>()
16:24:06.0 (17024667)|METHOD_ENTRY|[4]|01pO00000003AAn|TriggerHandler.run()
16:24:06.0 (17032582)|VARIABLE_SCOPE_BEGIN|[31]|this|TriggerHandler|true|false
16:24:06.0 (17062665)|VARIABLE_ASSIGNMENT|[31]|this|{"context":"0xb8a5511","isTriggerExecuting":true}|0x68b7d4dd
16:24:06.0 (17069882)|STATEMENT_EXECUTE|[31]
16:24:06.0 (17083231)|METHOD_ENTRY|[33]|01pO00000003AAn|TriggerHandler.validateRun()
16:24:06.0 (17104765)|VARIABLE_SCOPE_BEGIN|[146]|this|TriggerHandler|true|false
16:24:06.0 (17128872)|VARIABLE_ASSIGNMENT|[146]|this|{"context":"0xb8a5511","isTriggerExecuting":true}|0x68b7d4dd
16:24:06.0 (17134992)|STATEMENT_EXECUTE|[146]
16:24:06.0 (17145485)|STATEMENT_EXECUTE|[147]
16:24:06.0 (17159835)|METHOD_ENTRY|[150]|01pO00000003AAn|TriggerHandler.getHandlerName()
16:24:06.0 (17181388)|VARIABLE_SCOPE_BEGIN|[157]|this|TriggerHandler|true|false
16:24:06.0 (17205943)|VARIABLE_ASSIGNMENT|[157]|this|{"context":"0xb8a5511","isTriggerExecuting":true}|0x68b7d4dd
16:24:06.0 (17213230)|STATEMENT_EXECUTE|[157]
16:24:06.0 (17215852)|STATEMENT_EXECUTE|[158]
16:24:06.0 (17335916)|HEAP_ALLOCATE|[158]|Bytes:365
16:24:06.0 (17393216)|HEAP_ALLOCATE|[158]|Bytes:365
16:24:06.0 (17405616)|HEAP_ALLOCATE|[158]|Bytes:1
16:24:06.0 (17434191)|HEAP_ALLOCATE|[158]|Bytes:25
16:24:06.0 (17444421)|METHOD_EXIT|[150]|01pO00000003AAn|TriggerHandler.getHandlerName()
16:24:06.0 (17461252)|STATEMENT_EXECUTE|[150]
16:24:06.0 (17463174)|STATEMENT_EXECUTE|[153]
16:24:06.0 (17466671)|METHOD_EXIT|[33]|01pO00000003AAn|TriggerHandler.validateRun()
16:24:06.0 (17469686)|STATEMENT_EXECUTE|[33]
16:24:06.0 (17470979)|STATEMENT_EXECUTE|[35]
16:24:06.0 (17478275)|METHOD_ENTRY|[35]|01pO00000003AAn|TriggerHandler.addToLoopCount()
16:24:06.0 (17496889)|VARIABLE_SCOPE_BEGIN|[133]|this|TriggerHandler|true|false
16:24:06.0 (17520397)|VARIABLE_ASSIGNMENT|[133]|this|{"context":"0xb8a5511","isTriggerExecuting":true}|0x68b7d4dd
16:24:06.0 (17525524)|STATEMENT_EXECUTE|[133]
16:24:06.0 (17526684)|STATEMENT_EXECUTE|[134]
16:24:06.0 (17534516)|METHOD_ENTRY|[134]|01pO00000003AAn|TriggerHandler.getHandlerName()
16:24:06.0 (17545124)|VARIABLE_SCOPE_BEGIN|[157]|this|TriggerHandler|true|false
16:24:06.0 (17560642)|VARIABLE_ASSIGNMENT|[157]|this|{"context":"0xb8a5511","isTriggerExecuting":true}|0x68b7d4dd
16:24:06.0 (17564606)|STATEMENT_EXECUTE|[157]
16:24:06.0 (17565800)|STATEMENT_EXECUTE|[158]
16:24:06.0 (17613756)|HEAP_ALLOCATE|[158]|Bytes:365
16:24:06.0 (17663278)|HEAP_ALLOCATE|[158]|Bytes:365
16:24:06.0 (17688984)|HEAP_ALLOCATE|[158]|Bytes:25
16:24:06.0 (17698085)|METHOD_EXIT|[134]|01pO00000003AAn|TriggerHandler.getHandlerName()
16:24:06.0 (17702233)|VARIABLE_SCOPE_BEGIN|[134]|handlerName|String|false|false
16:24:06.0 (17711847)|VARIABLE_ASSIGNMENT|[134]|handlerName|"opportunityTriggerHa (5 more) ..."
16:24:06.0 (17748442)|STATEMENT_EXECUTE|[135]
16:24:06.0 (17753202)|METHOD_EXIT|[35]|01pO00000003AAn|TriggerHandler.addToLoopCount()
16:24:06.0 (17877371)|STATEMENT_EXECUTE|[40]
16:24:06.0 (17879853)|STATEMENT_EXECUTE|[41]
16:24:06.0 (17890082)|METHOD_ENTRY|[41]|01pO0000000371i|opportunityTriggerHandler.beforeUpdate()
16:24:06.0 (17911767)|VARIABLE_SCOPE_BEGIN|[30]|this|opportunityTriggerHandler|true|false
16:24:06.0 (17930641)|VARIABLE_ASSIGNMENT|[30]|this|{"context":"0xb8a5511","isTriggerExecuting":true}|0x68b7d4dd
16:24:06.0 (17935538)|STATEMENT_EXECUTE|[30]
16:24:06.0 (17936739)|STATEMENT_EXECUTE|[31]
16:24:06.0 (17945651)|METHOD_ENTRY|[31]|01pO0000000371i|opportunityTriggerHandler.determineGate()
16:24:06.0 (17963434)|VARIABLE_SCOPE_BEGIN|[112]|this|opportunityTriggerHandler|true|false
16:24:06.0 (17979148)|VARIABLE_ASSIGNMENT|[112]|this|{"context":"0xb8a5511","isTriggerExecuting":true}|0x68b7d4dd
16:24:06.0 (17983957)|STATEMENT_EXECUTE|[112]
16:24:06.0 (17989381)|STATEMENT_EXECUTE|[113]
16:24:06.0 (18257508)|HEAP_ALLOCATE|[114]|Bytes:5
16:24:06.0 (18299769)|HEAP_ALLOCATE|[114]|Bytes:4
16:24:06.0 (18312051)|VARIABLE_SCOPE_BEGIN|[114]|opp|Opportunity|true|false
16:24:06.0 (50299074)|VARIABLE_ASSIGNMENT|[114]|opp|{"LastModifiedDate":"2017-03-27T05:23:43.000Z","Regional_Business__c":"a0BO000000F5hL5MAJ","Technology__c":"Look at new technolo (169 more) ...","Industry_Sector_GM__ (1 more) ...":"00528000006BVXaAAO","TSF_Gate_Status__c":"Not Applicable","Count_of_Tender_Less (21 more) ...":0,"CloseDate":"2018-01-01T00:00:00.000Z","HasOpenActivity":false,"Budget_Confirmed__c":false,"Overall_Prospect_Val (5 more) ...":61000000,"Methodology__c":"Investigate construc (320 more) ...","Less_Cost_Recoveries (10 more) ...":0,"District__c":"Northern Rivers","Value_of_Managed_Wor (5 more) ...":950000,"Discipline__c":"TBC","State__c":"New South Wales","D_I_Involvement__c":false,"IsDeleted":false,"Non_Binding_Proposal (12 more) ...":true,"Net_Budget_Post_Tend (5 more) ...":0,"Parent_Company_Guara (11 more) ...":" ","Detailed_Description (3 more) ...":"This prospect is Mai (797 more) ...","ROI_Analysis_Complet (5 more) ...":false,"PPP_or_Third_Party_F (16 more) ...":false,"Executive_Summary__c":"This prospect is Mai (796 more) ...","CRA_Gate_Status__c":"Not Applicable","Tender_Dates_Header_ (2 more) ...":" ","Less_Cost_Recoveries (10 more) ...":0,"Is_internal_BG_colla (11 more) ...":false,"Prospect_Status__c":"Dead - Prequalified  (12 more) ...","People__c":"- Explore efficienci (267 more) ...","Id":"006O0000008kYYvIAM","Proposed_Margin_on_R (9 more) ...":5,"Client_Drivers__c":"Value for money / go (61 more) ...","Cost__c":"- Obtain and utilise (1146 more) ...","Relationship__c":"Lismore Hospital Sta (53 more) ...","IsClosed":false,"Payment_Mechanism__c":"TBC","Delivery_End_Date__c":"2020-12-31T00:00:00.000Z","OwnerId":"00528000006B07FAAS","Prospect_Duration_Yr (4 more) ...":3.0,"Reason_For_Performin (9 more) ...":"Key client for JH in (386 more) ...","RecordTypeId":"012O0000000DD8KIAW","Key_Account_Manager_ (2 more) ...":"System Partners","Country__c":"Australia","Total_Budget_AUD__c":0,"StageName":"Gate 2","Amount":60000000.00,"Probability":40,"EOI_PQ_Close_Date__c":"2017-05-31T00:00:00.000Z","Sponsor_Details_Head (5 more) ...":" ","Independent_Credit_C (16 more) ...":false,"JH_Revenue_Share__c":60000000,"SystemModstamp":"2017-03-27T05:23:43.000Z","Total_Less_Recoverie (4 more) ...":0,"Business_Development (11 more) ...":"00528000006BYTIAA4","Count_of_EOI_Lessons (18 more) ...":1,"AccountId":"001O0000018AKplIAG","HasOpportunityLineIt (2 more) ...":false,"Prospect_Number__c":"PRS-0000024","Procurement_Process_ (2 more) ...":"John Holland has bee (474 more) ...","ForecastCategory":"Pipeline","Net_Budget_EOI_PQ__c":0,"Client_Relationship_ (13 more) ...":"Quarterly meetings t (363 more) ...","Number_of_PRA_Critic (19 more) ...":2,"Name":"Lismore Base Hospita (73 more) ...","Prospect_Priority__c":"4","Time__c":"- Develop a design a (794 more) ...","CreatedById":"00528000006B07FAAS","Winning_Strategy_Hea (6 more) ...":" ","A_PCG_Is_Required_Fr (5 more) ...":"JHG","Design__c":"- Develop a design p (431 more) ...","Tender_Close_Date__c":"2017-06-30T00:00:00.000Z","JH_Margin_Value__c":3000000,"Other__c":"Put a big effort in  (120 more) ...","Innovation__c":"Other opportunities  (276 more) ...","Defect_Liability_Dur (15 more) ...":12,"Sync_Date_Fields__c":false,"Is_this_project_a_JV (15 more) ...":false,"Project_Duration_Mon (6 more) ...":36,"JH_Bid_Cost_of_JH_Re (8 more) ...":0.0,"Delivery_End_Defect_ (21 more) ...":"2021-12-31T00:00:00.000Z","Is_Gate_1_To_3__c":true,"Bonding_Security_Hea (6 more) ...":" ","Net_Budget_Tender__c":0,"CreatedDate":"2017-03-15T22:16:11.000Z","HasOverdueTask":false,"Discovery_Completed_ (2 more) ...":false,"Data_Quality_Score__ (1 more) ...":40,"Project_Probability_ (2 more) ...":100,"ForecastCategoryName":"Pipeline","Client_Probity__c":false,"Client_Supplied_Mate (8 more) ...":1000000,"Relationships__c":"- Good relationship  (160 more) ...","Total_Budget_EOI_PQ_ (2 more) ...":0,"Managing_Contractor_ (12 more) ...":false,"Business_Group__c":"a0BO000000F5hL0MAJ","Contract_Type__c":"Managing Contractor","Prospect_Location_He (8 more) ...":" ","Anticipated_Revenue_ (13 more) ...":"2018-03-01T00:00:00.000Z","Is_Gate_4_To_5__c":false,"Also_Known_As__c":"Lismore Base Hospita (1 more) ...","Data_Quality_Descrip (7 more) ...":"Missing: Type, Lead  (18 more) ...","ExpectedRevenue":24000000.00,"Net_Budget_Amount__c":0,"IsWon":false,"EOI_PQ_Start_Date__c":"2017-03-31T00:00:00.000Z","Location__c":"Lismore, New South W (15 more) ...","D_I_Involvement_Text (3 more) ...":"No","Less_Cost_Recoveries (15 more) ...":0,"Financial_Viability_ (11 more) ...":"Annual budget for ne (45 more) ...","Request_For_Special_ (22 more) ...":false,"Conga_Other_Heading_ (8 more) ...":"ECI/RFT","Apply_Default_Bondin (4 more) ...":true,"Gate_Status__c":"Submitted For Approv (2 more) ...","Win_Probability__c":90,"D_I_Involvement_Guid (12 more) ...":"This box should be c (183 more) ...","Total_Budget_Tender_ (2 more) ...":0,"Total_Budget_Post_Te (7 more) ...":0,"Restrict_Access__c":false,"Nearest_City__c":"Lismore","Tender_Start_Date__c":"2017-06-15T00:00:00.000Z","Other_Custom_Heading (3 more) ...":"ECI/RFT","Alignment_with_Busin (11 more) ...":"Category 1 client in (90 more) ...","IsPrivate":false,"LastModifiedById":"00528000006B07FAAS","Is_internal_Regional (21 more) ...":false}|0x5ad6fec9
16:24:06.0 (50338884)|STATEMENT_EXECUTE|[114]
16:24:06.0 (50341599)|STATEMENT_EXECUTE|[115]
16:24:06.0 (50580876)|VARIABLE_SCOPE_BEGIN|[115]|oldOpp|Opportunity|true|false
16:24:06.0 (53872313)|VARIABLE_ASSIGNMENT|[115]|oldOpp|{"LastModifiedDate":"2017-03-27T05:23:43.000Z","Regional_Business__c":"a0BO000000F5hL5MAJ","Technology__c":"Look at new technolo (169 more) ...","Industry_Sector_GM__ (1 more) ...":"00528000006BVXaAAO","TSF_Gate_Status__c":"Not Applicable","Count_of_Tender_Less (21 more) ...":0,"CloseDate":"2018-01-01T00:00:00.000Z","HasOpenActivity":false,"Budget_Confirmed__c":false,"Overall_Prospect_Val (5 more) ...":61000000,"Methodology__c":"Investigate construc (320 more) ...","Less_Cost_Recoveries (10 more) ...":0,"District__c":"Northern Rivers","Value_of_Managed_Wor (5 more) ...":950000,"Discipline__c":"TBC","State__c":"New South Wales","D_I_Involvement__c":false,"IsDeleted":false,"Non_Binding_Proposal (12 more) ...":true,"Net_Budget_Post_Tend (5 more) ...":0,"Parent_Company_Guara (11 more) ...":" ","Detailed_Description (3 more) ...":"This prospect is Mai (797 more) ...","ROI_Analysis_Complet (5 more) ...":false,"PPP_or_Third_Party_F (16 more) ...":false,"Executive_Summary__c":"This prospect is Mai (796 more) ...","CRA_Gate_Status__c":"Not Applicable","Tender_Dates_Header_ (2 more) ...":" ","Less_Cost_Recoveries (10 more) ...":0,"Is_internal_BG_colla (11 more) ...":false,"Prospect_Status__c":"Dead - Prequalified  (21 more) ...","People__c":"- Explore efficienci (267 more) ...","Id":"006O0000008kYYvIAM","Proposed_Margin_on_R (9 more) ...":5,"Client_Drivers__c":"Value for money / go (61 more) ...","Cost__c":"- Obtain and utilise (1146 more) ...","Relationship__c":"Lismore Hospital Sta (53 more) ...","IsClosed":false,"Payment_Mechanism__c":"TBC","Delivery_End_Date__c":"2020-12-31T00:00:00.000Z","OwnerId":"00528000006B07FAAS","Prospect_Duration_Yr (4 more) ...":3.0,"Reason_For_Performin (9 more) ...":"Key client for JH in (386 more) ...","RecordTypeId":"012O0000000DD8KIAW","Key_Account_Manager_ (2 more) ...":"System Partners","Country__c":"Australia","Total_Budget_AUD__c":0,"StageName":"Gate 2","Amount":60000000.00,"Probability":40,"EOI_PQ_Close_Date__c":"2017-05-31T00:00:00.000Z","Sponsor_Details_Head (5 more) ...":" ","Independent_Credit_C (16 more) ...":false,"JH_Revenue_Share__c":60000000,"SystemModstamp":"2017-03-27T05:23:43.000Z","Total_Less_Recoverie (4 more) ...":0,"Business_Development (11 more) ...":"00528000006BYTIAA4","Count_of_EOI_Lessons (18 more) ...":1,"AccountId":"001O0000018AKplIAG","HasOpportunityLineIt (2 more) ...":false,"Prospect_Number__c":"PRS-0000024","Procurement_Process_ (2 more) ...":"John Holland has bee (474 more) ...","ForecastCategory":"Pipeline","Net_Budget_EOI_PQ__c":0,"Client_Relationship_ (13 more) ...":"Quarterly meetings t (363 more) ...","Number_of_PRA_Critic (19 more) ...":2,"Name":"Lismore Base Hospita (73 more) ...","Prospect_Priority__c":"4","Time__c":"- Develop a design a (794 more) ...","CreatedById":"00528000006B07FAAS","Winning_Strategy_Hea (6 more) ...":" ","A_PCG_Is_Required_Fr (5 more) ...":"JHG","Design__c":"- Develop a design p (431 more) ...","Tender_Close_Date__c":"2017-06-30T00:00:00.000Z","JH_Margin_Value__c":3000000,"Other__c":"Put a big effort in  (120 more) ...","Innovation__c":"Other opportunities  (276 more) ...","Defect_Liability_Dur (15 more) ...":12,"Sync_Date_Fields__c":false,"Is_this_project_a_JV (15 more) ...":false,"Project_Duration_Mon (6 more) ...":36,"JH_Bid_Cost_of_JH_Re (8 more) ...":0.0,"Delivery_End_Defect_ (21 more) ...":"2021-12-31T00:00:00.000Z","Is_Gate_1_To_3__c":true,"Bonding_Security_Hea (6 more) ...":" ","Net_Budget_Tender__c":0,"CreatedDate":"2017-03-15T22:16:11.000Z","HasOverdueTask":false,"Discovery_Completed_ (2 more) ...":false,"Data_Quality_Score__ (1 more) ...":40,"Project_Probability_ (2 more) ...":100,"ForecastCategoryName":"Pipeline","Client_Probity__c":false,"Client_Supplied_Mate (8 more) ...":1000000,"Relationships__c":"- Good relationship  (160 more) ...","Total_Budget_EOI_PQ_ (2 more) ...":0,"Managing_Contractor_ (12 more) ...":false,"Business_Group__c":"a0BO000000F5hL0MAJ","Contract_Type__c":"Managing Contractor","Prospect_Location_He (8 more) ...":" ","Anticipated_Revenue_ (13 more) ...":"2018-03-01T00:00:00.000Z","Is_Gate_4_To_5__c":false,"Also_Known_As__c":"Lismore Base Hospita (1 more) ...","Data_Quality_Descrip (7 more) ...":"Missing: Type, Lead  (18 more) ...","ExpectedRevenue":24000000.00,"Net_Budget_Amount__c":0,"IsWon":false,"EOI_PQ_Start_Date__c":"2017-03-31T00:00:00.000Z","Location__c":"Lismore, New South W (15 more) ...","D_I_Involvement_Text (3 more) ...":"No","Less_Cost_Recoveries (15 more) ...":0,"Financial_Viability_ (11 more) ...":"Annual budget for ne (45 more) ...","Request_For_Special_ (22 more) ...":false,"Conga_Other_Heading_ (8 more) ...":"ECI/RFT","Apply_Default_Bondin (4 more) ...":true,"Gate_Status__c":"Submitted For Approv (2 more) ...","Win_Probability__c":90,"D_I_Involvement_Guid (12 more) ...":"This box should be c (183 more) ...","Total_Budget_Tender_ (2 more) ...":0,"Total_Budget_Post_Te (7 more) ...":0,"Restrict_Access__c":false,"Nearest_City__c":"Lismore","Tender_Start_Date__c":"2017-06-15T00:00:00.000Z","Other_Custom_Heading (3 more) ...":"ECI/RFT","Alignment_with_Busin (11 more) ...":"Category 1 client in (90 more) ...","IsPrivate":false,"LastModifiedById":"00528000006B07FAAS","Is_internal_Regional (21 more) ...":false}|0x7881d874
16:24:06.0 (53957885)|STATEMENT_EXECUTE|[118]
16:24:06.0 (53969604)|HEAP_ALLOCATE|[124]|Bytes:3
16:24:06.0 (53985697)|HEAP_ALLOCATE|[137]|Bytes:6
16:24:06.0 (53999166)|HEAP_ALLOCATE|[155]|Bytes:6
16:24:06.0 (54007318)|STATEMENT_EXECUTE|[155]
16:24:06.0 (54029391)|HEAP_ALLOCATE|[156]|Bytes:8
16:24:06.0 (54042937)|HEAP_ALLOCATE|[160]|Bytes:8
16:24:06.0 (54049481)|STATEMENT_EXECUTE|[156]
16:24:06.0 (54051134)|STATEMENT_EXECUTE|[163]
16:24:06.0 (54053158)|HEAP_ALLOCATE|[163]|Bytes:14
16:24:06.0 (55142174)|VARIABLE_ASSIGNMENT|[163]|this.TSF_Gate_Status__c|"Not Applicable"|0x5ad6fec9
16:24:06.0 (55148251)|STATEMENT_EXECUTE|[164]
16:24:06.0 (55953438)|VARIABLE_ASSIGNMENT|[164]|this.CRA_Gate_Status__c|"Not Applicable"|0x5ad6fec9
16:24:06.0 (55983993)|HEAP_ALLOCATE|[114]|Bytes:5
16:24:06.0 (56004658)|VARIABLE_ASSIGNMENT|[114]|opp|null|
16:24:06.0 (56011003)|STATEMENT_EXECUTE|[201]
16:24:06.0 (56021428)|HEAP_ALLOCATE|[201]|Bytes:5
16:24:06.0 (56039488)|VARIABLE_ASSIGNMENT|[201]|opportunityTriggerHandler.recursion|true
16:24:06.0 (56055659)|METHOD_EXIT|[31]|01pO0000000371i|opportunityTriggerHandler.determineGate()
16:24:06.0 (56066958)|METHOD_EXIT|[41]|01pO0000000371i|opportunityTriggerHandler.beforeUpdate()
16:24:06.0 (56075156)|METHOD_EXIT|[4]|01pO00000003AAn|TriggerHandler.run()
16:24:06.56 (56089605)|CUMULATIVE_LIMIT_USAGE
16:24:06.56 (56089605)|LIMIT_USAGE_FOR_NS|(default)|
  Number of SOQL queries: 0 out of 100
  Number of query rows: 0 out of 50000
  Number of SOSL queries: 0 out of 20
  Number of DML statements: 0 out of 150
  Number of DML rows: 0 out of 10000
  Maximum CPU time: 0 out of 10000
  Maximum heap size: 0 out of 6000000
  Number of callouts: 0 out of 100
  Number of Email Invocations: 0 out of 10
  Number of future calls: 0 out of 50
  Number of queueable jobs added to the queue: 0 out of 50
  Number of Mobile Apex push calls: 0 out of 10

16:24:06.56 (56089605)|TOTAL_EMAIL_RECIPIENTS_QUEUED|0
16:24:06.56 (56089605)|STATIC_VARIABLE_LIST|
  char[]:DigitTens:0
  long:serialVersionUID:0
  long:serialVersionUID:0
  String:_sfdcAdditionalCodeLocations:0
  String:_sfdcAdditionalCodeLocations:0
  double:MAX_VALUE:0
  Boolean:FALSE:0
  long:serialVersionUID:0
  String:_sfdcAdditionalCodeLocations:0
  String:_static_PRATemplateRecordTypeID:0
  Boolean:_static_runOnce:0
  double:MIN_VALUE:0
  int:SIZE:0
  TriggerHandler.TriggerContext:BEFORE_INSERT:0
  double:NEGATIVE_INFINITY:0
  int:MAX_VALUE:0
  TriggerHandler.TriggerContext:AFTER_UNDELETE:0
  char[]:digits:0
  double:NaN:0
  Boolean:TRUE:0
  TriggerHandler.TriggerContext:AFTER_INSERT:0
  Boolean:_static_recursion:0
  TriggerHandler.TriggerContext:AFTER_DELETE:0
  int:MIN_VALUE:0
  char[]:DigitOnes:0
  String:_static_KCRATemplateRecordTypeID:0
  TriggerHandler.TriggerContext:AFTER_UPDATE:0
  String:__sfdcInnerTypes:0
  int:BYTES:0
  Map<String,TriggerHandler.LoopCount>:_static_loopCountMap:0
  Set<String>:_static_bypassedHandlers:0
  int:MIN_EXPONENT:0
  int[]:sizeTable:0
  TriggerHandler.TriggerContext:BEFORE_DELETE:0
  int:MAX_EXPONENT:0
  String:_static_PRARecordTypeID:0
  TriggerHandler.TriggerContext:BEFORE_UPDATE:0
  int:SIZE:0
  double:POSITIVE_INFINITY:0
  double:MIN_NORMAL:0
  String:_static_KCRARecordTypeID:0
  int:BYTES:0

16:24:06.56 (56089605)|CUMULATIVE_LIMIT_USAGE_END

16:24:06.0 (59239324)|CODE_UNIT_FINISHED|opportunityTrigger on Opportunity trigger event BeforeUpdate for [006O0000008kYYv]
16:24:06.0 (76685775)|CODE_UNIT_STARTED|[EXTERNAL]|Validation:Opportunity:006O0000008kYYv
16:24:06.0 (76701355)|VALIDATION_RULE|03dO00000000vWR|CANDY_Tender_No_mandatory_at_Gate_4
16:24:06.0 (76837844)|VALIDATION_FORMULA|AND(ISBLANK(Value_of_Managed_Works__c ), 
ISPICKVAL(StageName, "Gate 4"))|Value_of_Managed_Works__c=950000 , StageName=Gate 2
16:24:06.0 (76844603)|VALIDATION_PASS
16:24:06.0 (76846703)|VALIDATION_RULE|03dO00000000vKk|Enforce_EOI_AND_PQ_Dates
16:24:06.0 (76997972)|VALIDATION_FORMULA|AND( 
Non_Binding_Proposal_Required__c = TRUE, 
OR(
ISBLANK( EOI_PQ_Start_Date__c),
ISBLANK( EOI_PQ_Close_Date__c)))|EOI_PQ_Close_Date__c=2017-05-31 00:00:00 , Non_Binding_Proposal_Required__c=1 , EOI_PQ_Start_Date__c=2017-03-31 00:00:00
16:24:06.0 (77003654)|VALIDATION_PASS
16:24:06.0 (77005765)|VALIDATION_RULE|03dO00000000vWW|Make_PCG_mandatory_at_Gate_2
16:24:06.0 (77116743)|VALIDATION_FORMULA|AND( 
ISPICKVAL(StageName, "Gate 2"), 
ISBLANK(TEXT(A_PCG_Is_Required_From__c)))|A_PCG_Is_Required_From__c=JHG , StageName=Gate 2
16:24:06.0 (77121765)|VALIDATION_PASS
16:24:06.0 (77123222)|VALIDATION_RULE|03dO000000011W3|Must_enter_a_Reason_for_Status_if_Dead
16:24:06.0 (77254835)|VALIDATION_FORMULA|AND(OR(ISPICKVAL(Prospect_Status__c, 'Dead - Prequalified but Declined'), ISPICKVAL(Prospect_Status__c, 'Dead - Unsuitable for JH')), ISBLANK( Reason_for_Status__c))|Prospect_Status__c=Dead - Prequalified but Declined , Reason_for_Status__c=null
16:24:06.0 (77265728)|VALIDATION_FAIL
16:24:06.0 (77280767)|VALIDATION_RULE|03dO00000000vKz|Populate_District_if_Country_is_Aust
16:24:06.0 (77387766)|VALIDATION_FORMULA|AND(
ISPICKVAL( Country__c, "Australia"),
ISBLANK(TEXT( District__c )))|Country__c=Australia , District__c=Northern Rivers
16:24:06.0 (77392812)|VALIDATION_PASS
16:24:06.0 (77394385)|VALIDATION_RULE|03dO00000000vKp|Populate_State_if_Country_is_Australia
16:24:06.0 (77494433)|VALIDATION_FORMULA|AND(
ISPICKVAL( Country__c, "Australia"),
ISBLANK(TEXT(State__c)))|Country__c=Australia , State__c=New South Wales
16:24:06.0 (77499030)|VALIDATION_PASS
16:24:06.0 (77500419)|VALIDATION_RULE|03dO00000000vL9|Populate_value_of_managed_works
16:24:06.0 (77654748)|VALIDATION_FORMULA|AND(ISBLANK( Value_of_Managed_Works__c ),
OR(
ISPICKVAL( Contract_Type__c, "Managing Contractor"),
ISPICKVAL( Contract_Type__c, "Construction Management")))|Value_of_Managed_Works__c=950000 , Contract_Type__c=Managing Contractor
16:24:06.0 (77661288)|VALIDATION_PASS
16:24:06.0 (77663261)|VALIDATION_RULE|03dO00000000vLT|Winning_Strategy_Other_Custom_Heading
16:24:06.0 (77811261)|VALIDATION_FORMULA|AND(LEN( Other__c )  > 0,
ISBLANK( Other_Custom_Heading__c ))|Other__c=Put a big effort in the ECI/RFT phase (8 wks) to come up with smarts that save the client &amp; JH money and minimise risk.. Multiplex will. , Other_Custom_Heading__c=ECI/RFT
16:24:06.0 (77816580)|VALIDATION_PASS
16:24:06.0 (77852828)|CODE_UNIT_FINISHED|Validation:Opportunity:006O0000008kYYv
16:24:06.0 (87033394)|CODE_UNIT_FINISHED|TRIGGERS
16:24:06.0 (87044572)|EXECUTION_FINISHED
16:24:06.91 (91629269)|CUMULATIVE_PROFILING_BEGIN
16:24:06.91 (91629269)|CUMULATIVE_PROFILING|No profiling information for SOQL operations
16:24:06.91 (91629269)|CUMULATIVE_PROFILING|No profiling information for SOSL operations
16:24:06.91 (91629269)|CUMULATIVE_PROFILING|No profiling information for DML operations
16:24:06.91 (91629269)|CUMULATIVE_PROFILING|method invocations|
External entry point: public void invoke(): executed 1 time in 54 ms
Trigger.opportunityTrigger: line 4, column 1: public opportunityTriggerHandler(): executed 2 times in 40 ms
Class.TriggerHandler.run: line 41, column 1: public void beforeUpdate(): executed 1 time in 38 ms
Class.opportunityTriggerHandler.beforeUpdate: line 31, column 1: private void determineGate(): executed 1 time in 38 ms
Class.TriggerHandler.run: line 33, column 1: private Boolean validateRun(): executed 1 time in 1 ms
Class.TriggerHandler.validateRun: line 150, column 1: private String getHandlerName(): executed 2 times in 1 ms
Class.TriggerHandler.getHandlerName: line 158, column 1: public static String valueOf(Object): executed 8 times in 1 ms
Class.TriggerHandler: line 18, column 1: public Set<String>(Integer): executed 1 time in 0 ms
Class.TriggerHandler.run: line 35, column 1: private void addToLoopCount(): executed 1 time in 0 ms
Class.TriggerHandler.addToLoopCount: line 134, column 1: private String getHandlerName(): executed 1 time in 0 ms
Class.TriggerHandler.run: line 38, column 1: public static Integer compareObjects(Object, Object): executed 1 time in 0 ms

16:24:06.91 (91629269)|CUMULATIVE_PROFILING_END
