39.0 APEX_CODE,FINEST;APEX_PROFILING,FINEST;CALLOUT,INFO;DB,INFO;SYSTEM,DEBUG;VALIDATION,INFO;VISUALFORCE,INFO;WAVE,INFO;WORKFLOW,INFO
11:09:16.0 (73311)|USER_INFO|[EXTERNAL]|00528000006B07F|dev@systempartners.com.prod.pcphase2|Australian Eastern Standard Time|GMT+11:00
11:09:16.0 (104834)|EXECUTION_STARTED
11:09:16.0 (108921)|CODE_UNIT_STARTED|[EXTERNAL]|aura
11:09:16.0 (564111)|HEAP_ALLOCATE|[72]|Bytes:3
11:09:16.0 (604476)|HEAP_ALLOCATE|[77]|Bytes:152
11:09:16.0 (621293)|HEAP_ALLOCATE|[342]|Bytes:408
11:09:16.0 (641179)|HEAP_ALLOCATE|[355]|Bytes:408
11:09:16.0 (663724)|HEAP_ALLOCATE|[467]|Bytes:48
11:09:16.0 (690892)|HEAP_ALLOCATE|[139]|Bytes:6
11:09:16.0 (713614)|HEAP_ALLOCATE|[EXTERNAL]|Bytes:18
11:09:16.0 (726246)|HEAP_ALLOCATE|[EXTERNAL]|Bytes:18
11:09:16.0 (1877423)|CODE_UNIT_STARTED|[EXTERNAL]|01pO0000000372v|KCRAController.getAllKCRARecords
11:09:16.0 (1958285)|HEAP_ALLOCATE|[EXTERNAL]|Bytes:5
11:09:16.0 (1963573)|HEAP_ALLOCATE|[EXTERNAL]|Bytes:14
11:09:16.0 (1972904)|METHOD_ENTRY|[11]|01pO0000000372v|KCRAController.KCRAController()
11:09:16.0 (1976650)|STATEMENT_EXECUTE|[11]
11:09:16.0 (1981055)|STATEMENT_EXECUTE|[11]
11:09:16.0 (1986173)|METHOD_EXIT|[11]|KCRAController
11:09:16.0 (1989617)|HEAP_ALLOCATE|[EXTERNAL]|Bytes:18
11:09:16.0 (2000511)|SYSTEM_MODE_ENTER|false
11:09:16.0 (2009139)|VARIABLE_SCOPE_BEGIN|[14]|opportunityId|String|false|false
11:09:16.0 (2029987)|VARIABLE_ASSIGNMENT|[14]|opportunityId|"006O0000008kYYvIAM"
11:09:16.0 (2038459)|STATEMENT_EXECUTE|[14]
11:09:16.0 (2039740)|STATEMENT_EXECUTE|[17]
11:09:16.0 (2043179)|HEAP_ALLOCATE|[17]|Bytes:204
11:09:16.0 (2054946)|HEAP_ALLOCATE|[17]|Bytes:4
11:09:16.0 (2066795)|HEAP_ALLOCATE|[17]|Bytes:7
11:09:16.0 (2114589)|HEAP_ALLOCATE|[50]|Bytes:5
11:09:16.0 (2137652)|HEAP_ALLOCATE|[56]|Bytes:5
11:09:16.0 (2145399)|HEAP_ALLOCATE|[64]|Bytes:7
11:09:16.0 (2635537)|SOQL_EXECUTE_BEGIN|[17]|Aggregations:0|SELECT Id, name, recordtypeId, applicable__c, approved__c, itemno__c, KCRA_Item__c, Opportunity__c FROM Key_Commercial_Risks_Approvals__c WHERE Opportunity__c = :tmpVar1 ORDER BY itemno__c ASC NULLS FIRST
11:09:16.0 (2645439)|LIMIT_USAGE|[17]|SOQL|1|100
11:09:16.0 (2657602)|LIMIT_USAGE|[17]|AGGS|0|300
11:09:16.0 (10283781)|SOQL_EXECUTE_END|[17]|Rows:12
11:09:16.0 (10296375)|LIMIT_USAGE|[17]|SOQL_ROWS|12|50000
11:09:16.0 (10319420)|HEAP_ALLOCATE|[17]|Bytes:52
11:09:16.0 (10396090)|HEAP_ALLOCATE|[17]|Bytes:3578
11:09:16.0 (10558752)|HEAP_ALLOCATE|[17]|Bytes:52
11:09:16.0 (10580419)|VARIABLE_SCOPE_BEGIN|[17]|allKCRAs|List<Key_Commercial_Risks_Approvals__c>|true|false
11:09:16.0 (10604342)|VARIABLE_ASSIGNMENT|[17]|allKCRAs|"List of size 12 too large to display"|0x40460fc6
11:09:16.0 (10608922)|STATEMENT_EXECUTE|[27]
11:09:16.0 (10623716)|SYSTEM_MODE_EXIT|false
11:09:16.10 (10649834)|CUMULATIVE_LIMIT_USAGE
11:09:16.10 (10649834)|LIMIT_USAGE_FOR_NS|(default)|
  Number of SOQL queries: 1 out of 100
  Number of query rows: 12 out of 50000
  Number of SOSL queries: 0 out of 20
  Number of DML statements: 0 out of 150
  Number of DML rows: 0 out of 10000
  Maximum CPU time: 0 out of 10000
  Maximum heap size: 0 out of 6000000
  Number of callouts: 0 out of 100
  Number of Email Invocations: 0 out of 10
  Number of future calls: 0 out of 50
  Number of queueable jobs added to the queue: 0 out of 50
  Number of Mobile Apex push calls: 0 out of 10

11:09:16.10 (10649834)|TOTAL_EMAIL_RECIPIENTS_QUEUED|0
11:09:16.10 (10649834)|STATIC_VARIABLE_LIST|
  char[]:DigitTens:0
  long:serialVersionUID:0
  long:serialVersionUID:0
  double:MAX_VALUE:0
  Boolean:FALSE:0
  long:serialVersionUID:0
  String:_sfdcAdditionalCodeLocations:0
  double:MIN_VALUE:0
  int:SIZE:0
  double:NEGATIVE_INFINITY:0
  int:MAX_VALUE:0
  char[]:digits:0
  double:NaN:0
  Boolean:TRUE:0
  int:MIN_VALUE:0
  char[]:DigitOnes:0
  int:BYTES:0
  int:MIN_EXPONENT:0
  int[]:sizeTable:0
  int:MAX_EXPONENT:0
  String:_sfdcSuppressedCodeLocations:0
  int:SIZE:0
  double:POSITIVE_INFINITY:0
  double:MIN_NORMAL:0
  int:BYTES:0

11:09:16.10 (10649834)|CUMULATIVE_LIMIT_USAGE_END

11:09:16.0 (10786223)|CODE_UNIT_FINISHED|KCRAController.getAllKCRARecords
11:09:16.24 (24220814)|CUMULATIVE_PROFILING_BEGIN
11:09:16.24 (24220814)|CUMULATIVE_PROFILING|SOQL operations|
Class.KCRAController.getAllKCRARecords: line 17, column 1: [SELECT   Id,name,
                                                           			recordtypeId,
                                                           			applicable__c,
                                                           			approved__c,
                                                           			itemno__c,
                                                           			KCRA_Item__c,Opportunity__c 
                                 							FROM     Key_Commercial_Risks_Approvals__c 
                                 							WHERE    Opportunity__c = :opportunityId
                                                           	ORDER BY itemno__c]: executed 1 time in 8 ms

11:09:16.24 (24220814)|CUMULATIVE_PROFILING|No profiling information for SOSL operations
11:09:16.24 (24220814)|CUMULATIVE_PROFILING|No profiling information for DML operations
11:09:16.24 (24220814)|CUMULATIVE_PROFILING|method invocations|
External entry point: public static List<Key_Commercial_Risks_Approvals__c> getAllKCRARecords(String): executed 1 time in 9 ms

11:09:16.24 (24220814)|CUMULATIVE_PROFILING_END
