39.0 APEX_CODE,FINEST;APEX_PROFILING,FINEST;CALLOUT,NONE;DB,FINEST;SYSTEM,FINE;VALIDATION,INFO;VISUALFORCE,INFO;WAVE,INFO;WORKFLOW,FINER
11:23:13.0 (597023)|USER_INFO|[EXTERNAL]|005O0000003t7an|ricky.lowe@jhg.com.au.pcphase2|Australian Eastern Standard Time|GMT+10:00
11:23:13.0 (630507)|EXECUTION_STARTED
11:23:13.0 (637362)|CODE_UNIT_STARTED|[EXTERNAL]|aura
11:23:13.0 (903928)|HEAP_ALLOCATE|[72]|Bytes:3
11:23:13.0 (942113)|HEAP_ALLOCATE|[77]|Bytes:152
11:23:13.0 (957929)|HEAP_ALLOCATE|[342]|Bytes:408
11:23:13.0 (976972)|HEAP_ALLOCATE|[355]|Bytes:408
11:23:13.0 (994880)|HEAP_ALLOCATE|[467]|Bytes:48
11:23:13.0 (1023776)|HEAP_ALLOCATE|[139]|Bytes:6
11:23:13.0 (1050187)|HEAP_ALLOCATE|[EXTERNAL]|Bytes:18
11:23:13.0 (1058554)|HEAP_ALLOCATE|[EXTERNAL]|Bytes:18
11:23:13.0 (3085949)|CODE_UNIT_STARTED|[EXTERNAL]|01pO00000003MVy|ApprovalController.getOpportunityRecord
11:23:13.0 (3262651)|HEAP_ALLOCATE|[EXTERNAL]|Bytes:8
11:23:13.0 (3269895)|HEAP_ALLOCATE|[EXTERNAL]|Bytes:8
11:23:13.0 (3280251)|METHOD_ENTRY|[1]|01pO00000003MVy|ApprovalController.ApprovalController()
11:23:13.0 (3284501)|STATEMENT_EXECUTE|[1]
11:23:13.0 (3289643)|STATEMENT_EXECUTE|[1]
11:23:13.0 (3295403)|METHOD_EXIT|[1]|ApprovalController
11:23:13.0 (3299453)|HEAP_ALLOCATE|[EXTERNAL]|Bytes:18
11:23:13.0 (3308426)|SYSTEM_MODE_ENTER|false
11:23:13.0 (3318149)|VARIABLE_SCOPE_BEGIN|[15]|opportunityId|String|false|false
11:23:13.0 (3341139)|VARIABLE_ASSIGNMENT|[15]|opportunityId|"006O0000008lbCwIAI"
11:23:13.0 (3349183)|STATEMENT_EXECUTE|[15]
11:23:13.0 (3350605)|STATEMENT_EXECUTE|[18]
11:23:13.0 (3353700)|HEAP_ALLOCATE|[18]|Bytes:589
11:23:13.0 (3363483)|HEAP_ALLOCATE|[18]|Bytes:4
11:23:13.0 (3375581)|HEAP_ALLOCATE|[18]|Bytes:7
11:23:13.0 (3425996)|HEAP_ALLOCATE|[50]|Bytes:5
11:23:13.0 (3460009)|HEAP_ALLOCATE|[56]|Bytes:5
11:23:13.0 (3473974)|HEAP_ALLOCATE|[64]|Bytes:7
11:23:13.0 (4428478)|SOQL_EXECUTE_BEGIN|[18]|Aggregations:0|SELECT Id, name, Gate_Status__c, TSF_Gate_Status__c, CRA_Gate_Status__c, StageName, Competitor_Analysis_General_Comments__c, Are_there_any_critical_risks__c, Has_CRA_changed_since_last_approval__c, Has_TSF_changed_since_last_approval__c, Apply_Default_Bonding__c, Conversion_Budget_Comments__c, Is_Gate_1_To_3__c, Is_Gate_4_To_5__c, Net_Budget_EOI_PQ__c, Net_Budget_Post_Tender__c, Net_Budget_Tender__c, Net_Budget_Amount__c, Total_Budget_EOI_PQ__c, Total_Budget_Tender__c, Total_Budget_AUD__c, Total_Budget_Post_Tender__c, JH_Bid_Cost_of_JH_Revenue__c FROM Opportunity WHERE Id = :tmpVar1
11:23:13.0 (4441895)|LIMIT_USAGE|[18]|SOQL|1|100
11:23:13.0 (4449806)|LIMIT_USAGE|[18]|AGGS|0|300
11:23:13.0 (34178963)|SOQL_EXECUTE_END|[18]|Rows:1
11:23:13.0 (34194257)|LIMIT_USAGE|[18]|SOQL_ROWS|1|50000
11:23:13.0 (34220358)|HEAP_ALLOCATE|[18]|Bytes:8
11:23:13.0 (34236552)|HEAP_ALLOCATE|[18]|Bytes:763
11:23:13.0 (34293664)|HEAP_ALLOCATE|[18]|Bytes:8
11:23:13.0 (34319030)|VARIABLE_SCOPE_BEGIN|[18]|allOpps|List<Opportunity>|true|false
11:23:13.0 (34402497)|VARIABLE_ASSIGNMENT|[18]|allOpps|[{"Id":"006O0000008lbCwIAI","Name":"RL Test Opp 2017-04- (11 more) ...","Gate_Status__c":"Initiated","TSF_Gate_Status__c":"Not Applicable","CRA_Gate_Status__c":"Not Applicable","StageName":"Gate 3","Apply_Default_Bondin (4 more) ...":false,"Is_Gate_1_To_3__c":true,"Is_Gate_4_To_5__c":false,"Net_Budget_EOI_PQ__c":0,"Net_Budget_Post_Tend (5 more) ...":0,"Net_Budget_Tender__c":0,"Net_Budget_Amount__c":0,"Total_Budget_EOI_PQ_ (2 more) ...":0,"Total_Budget_Tender_ (2 more) ...":0,"Total_Budget_AUD__c":0,"Total_Budget_Post_Te (7 more) ...":0}]|0x617f9e01
11:23:13.0 (34415911)|STATEMENT_EXECUTE|[38]
11:23:13.0 (34434668)|SYSTEM_MODE_EXIT|false
11:23:13.34 (34466871)|CUMULATIVE_LIMIT_USAGE
11:23:13.34 (34466871)|LIMIT_USAGE_FOR_NS|(default)|
  Number of SOQL queries: 1 out of 100
  Number of query rows: 1 out of 50000
  Number of SOSL queries: 0 out of 20
  Number of DML statements: 0 out of 150
  Number of DML rows: 0 out of 10000
  Maximum CPU time: 0 out of 10000
  Maximum heap size: 0 out of 6000000
  Number of callouts: 0 out of 100
  Number of Email Invocations: 0 out of 10
  Number of future calls: 0 out of 50
  Number of queueable jobs added to the queue: 0 out of 50
  Number of Mobile Apex push calls: 0 out of 10

11:23:13.34 (34466871)|TOTAL_EMAIL_RECIPIENTS_QUEUED|0
11:23:13.34 (34466871)|STATIC_VARIABLE_LIST|
  char[]:DigitTens:0
  long:serialVersionUID:0
  long:serialVersionUID:0
  double:MAX_VALUE:0
  Boolean:FALSE:0
  long:serialVersionUID:0
  double:MIN_VALUE:0
  int:SIZE:0
  double:NEGATIVE_INFINITY:0
  int:MAX_VALUE:0
  String:_sfdcSuppressedCodeLocations:0
  char[]:digits:0
  double:NaN:0
  Boolean:TRUE:0
  int:MIN_VALUE:0
  char[]:DigitOnes:0
  int:BYTES:0
  int:MIN_EXPONENT:0
  int[]:sizeTable:0
  int:MAX_EXPONENT:0
  int:SIZE:0
  double:POSITIVE_INFINITY:0
  String:_sfdcAdditionalCodeLocations:0
  double:MIN_NORMAL:0
  int:BYTES:0

11:23:13.34 (34466871)|CUMULATIVE_LIMIT_USAGE_END

11:23:13.0 (34581861)|CODE_UNIT_FINISHED|ApprovalController.getOpportunityRecord
11:23:13.0 (101781213)|HEAP_ALLOCATE|[EXTERNAL]|Bytes:18
11:23:13.0 (101817074)|HEAP_ALLOCATE|[EXTERNAL]|Bytes:18
11:23:13.0 (103593508)|CODE_UNIT_STARTED|[EXTERNAL]|01pO00000003MVy|ApprovalController.getOpportunityRecord
11:23:13.0 (103641383)|HEAP_ALLOCATE|[EXTERNAL]|Bytes:18
11:23:13.0 (103663491)|SYSTEM_MODE_ENTER|false
11:23:13.0 (103681901)|VARIABLE_SCOPE_BEGIN|[15]|opportunityId|String|false|false
11:23:13.0 (103704860)|VARIABLE_ASSIGNMENT|[15]|opportunityId|"006O0000008lbCwIAI"
11:23:13.0 (103724857)|STATEMENT_EXECUTE|[15]
11:23:13.0 (103728495)|STATEMENT_EXECUTE|[18]
11:23:13.0 (103742059)|HEAP_ALLOCATE|[18]|Bytes:4
11:23:13.0 (104481527)|SOQL_EXECUTE_BEGIN|[18]|Aggregations:0|SELECT Id, name, Gate_Status__c, TSF_Gate_Status__c, CRA_Gate_Status__c, StageName, Competitor_Analysis_General_Comments__c, Are_there_any_critical_risks__c, Has_CRA_changed_since_last_approval__c, Has_TSF_changed_since_last_approval__c, Apply_Default_Bonding__c, Conversion_Budget_Comments__c, Is_Gate_1_To_3__c, Is_Gate_4_To_5__c, Net_Budget_EOI_PQ__c, Net_Budget_Post_Tender__c, Net_Budget_Tender__c, Net_Budget_Amount__c, Total_Budget_EOI_PQ__c, Total_Budget_Tender__c, Total_Budget_AUD__c, Total_Budget_Post_Tender__c, JH_Bid_Cost_of_JH_Revenue__c FROM Opportunity WHERE Id = :tmpVar1
11:23:13.0 (104496247)|LIMIT_USAGE|[18]|SOQL|2|100
11:23:13.0 (104510695)|LIMIT_USAGE|[18]|AGGS|0|300
11:23:13.0 (117885184)|SOQL_EXECUTE_END|[18]|Rows:1
11:23:13.0 (117902588)|LIMIT_USAGE|[18]|SOQL_ROWS|2|50000
11:23:13.0 (117926266)|HEAP_ALLOCATE|[18]|Bytes:8
11:23:13.0 (117943096)|HEAP_ALLOCATE|[18]|Bytes:763
11:23:13.0 (117979446)|HEAP_ALLOCATE|[18]|Bytes:8
11:23:13.0 (118006797)|VARIABLE_SCOPE_BEGIN|[18]|allOpps|List<Opportunity>|true|false
11:23:13.0 (118075170)|VARIABLE_ASSIGNMENT|[18]|allOpps|[{"Id":"006O0000008lbCwIAI","Name":"RL Test Opp 2017-04- (11 more) ...","Gate_Status__c":"Initiated","TSF_Gate_Status__c":"Not Applicable","CRA_Gate_Status__c":"Not Applicable","StageName":"Gate 3","Apply_Default_Bondin (4 more) ...":false,"Is_Gate_1_To_3__c":true,"Is_Gate_4_To_5__c":false,"Net_Budget_EOI_PQ__c":0,"Net_Budget_Post_Tend (5 more) ...":0,"Net_Budget_Tender__c":0,"Net_Budget_Amount__c":0,"Total_Budget_EOI_PQ_ (2 more) ...":0,"Total_Budget_Tender_ (2 more) ...":0,"Total_Budget_AUD__c":0,"Total_Budget_Post_Te (7 more) ...":0}]|0x478f69aa
11:23:13.0 (118089722)|STATEMENT_EXECUTE|[38]
11:23:13.0 (118109649)|SYSTEM_MODE_EXIT|false
11:23:13.118 (118142495)|CUMULATIVE_LIMIT_USAGE
11:23:13.118 (118142495)|LIMIT_USAGE_FOR_NS|(default)|
  Number of SOQL queries: 2 out of 100
  Number of query rows: 2 out of 50000
  Number of SOSL queries: 0 out of 20
  Number of DML statements: 0 out of 150
  Number of DML rows: 0 out of 10000
  Maximum CPU time: 0 out of 10000
  Maximum heap size: 0 out of 6000000
  Number of callouts: 0 out of 100
  Number of Email Invocations: 0 out of 10
  Number of future calls: 0 out of 50
  Number of queueable jobs added to the queue: 0 out of 50
  Number of Mobile Apex push calls: 0 out of 10

11:23:13.118 (118142495)|TOTAL_EMAIL_RECIPIENTS_QUEUED|0
11:23:13.118 (118142495)|STATIC_VARIABLE_LIST|
  char[]:DigitTens:0
  long:serialVersionUID:0
  long:serialVersionUID:0
  double:MAX_VALUE:0
  Boolean:FALSE:0
  long:serialVersionUID:0
  double:MIN_VALUE:0
  int:SIZE:0
  double:NEGATIVE_INFINITY:0
  int:MAX_VALUE:0
  String:_sfdcSuppressedCodeLocations:0
  char[]:digits:0
  double:NaN:0
  Boolean:TRUE:0
  int:MIN_VALUE:0
  char[]:DigitOnes:0
  int:BYTES:0
  int:MIN_EXPONENT:0
  int[]:sizeTable:0
  int:MAX_EXPONENT:0
  int:SIZE:0
  double:POSITIVE_INFINITY:0
  String:_sfdcAdditionalCodeLocations:0
  double:MIN_NORMAL:0
  int:BYTES:0

11:23:13.118 (118142495)|CUMULATIVE_LIMIT_USAGE_END

11:23:13.0 (118303369)|CODE_UNIT_FINISHED|ApprovalController.getOpportunityRecord
11:23:13.0 (145935624)|HEAP_ALLOCATE|[EXTERNAL]|Bytes:18
11:23:13.0 (145955835)|HEAP_ALLOCATE|[EXTERNAL]|Bytes:18
11:23:13.0 (148140627)|CODE_UNIT_STARTED|[EXTERNAL]|01pO00000003MVy|ApprovalController.getOpportunityRecord
11:23:13.0 (148183071)|HEAP_ALLOCATE|[EXTERNAL]|Bytes:18
11:23:13.0 (148193515)|SYSTEM_MODE_ENTER|false
11:23:13.0 (148202915)|VARIABLE_SCOPE_BEGIN|[15]|opportunityId|String|false|false
11:23:13.0 (148217847)|VARIABLE_ASSIGNMENT|[15]|opportunityId|"006O0000008lbCwIAI"
11:23:13.0 (148227797)|STATEMENT_EXECUTE|[15]
11:23:13.0 (148229708)|STATEMENT_EXECUTE|[18]
11:23:13.0 (148236095)|HEAP_ALLOCATE|[18]|Bytes:4
11:23:13.0 (148865103)|SOQL_EXECUTE_BEGIN|[18]|Aggregations:0|SELECT Id, name, Gate_Status__c, TSF_Gate_Status__c, CRA_Gate_Status__c, StageName, Competitor_Analysis_General_Comments__c, Are_there_any_critical_risks__c, Has_CRA_changed_since_last_approval__c, Has_TSF_changed_since_last_approval__c, Apply_Default_Bonding__c, Conversion_Budget_Comments__c, Is_Gate_1_To_3__c, Is_Gate_4_To_5__c, Net_Budget_EOI_PQ__c, Net_Budget_Post_Tender__c, Net_Budget_Tender__c, Net_Budget_Amount__c, Total_Budget_EOI_PQ__c, Total_Budget_Tender__c, Total_Budget_AUD__c, Total_Budget_Post_Tender__c, JH_Bid_Cost_of_JH_Revenue__c FROM Opportunity WHERE Id = :tmpVar1
11:23:13.0 (148877489)|LIMIT_USAGE|[18]|SOQL|3|100
11:23:13.0 (148887933)|LIMIT_USAGE|[18]|AGGS|0|300
11:23:13.0 (160149960)|SOQL_EXECUTE_END|[18]|Rows:1
11:23:13.0 (160166512)|LIMIT_USAGE|[18]|SOQL_ROWS|3|50000
11:23:13.0 (160187274)|HEAP_ALLOCATE|[18]|Bytes:8
11:23:13.0 (160203106)|HEAP_ALLOCATE|[18]|Bytes:763
11:23:13.0 (160237838)|HEAP_ALLOCATE|[18]|Bytes:8
11:23:13.0 (160270493)|VARIABLE_SCOPE_BEGIN|[18]|allOpps|List<Opportunity>|true|false
11:23:13.0 (160323732)|VARIABLE_ASSIGNMENT|[18]|allOpps|[{"Id":"006O0000008lbCwIAI","Name":"RL Test Opp 2017-04- (11 more) ...","Gate_Status__c":"Initiated","TSF_Gate_Status__c":"Not Applicable","CRA_Gate_Status__c":"Not Applicable","StageName":"Gate 3","Apply_Default_Bondin (4 more) ...":false,"Is_Gate_1_To_3__c":true,"Is_Gate_4_To_5__c":false,"Net_Budget_EOI_PQ__c":0,"Net_Budget_Post_Tend (5 more) ...":0,"Net_Budget_Tender__c":0,"Net_Budget_Amount__c":0,"Total_Budget_EOI_PQ_ (2 more) ...":0,"Total_Budget_Tender_ (2 more) ...":0,"Total_Budget_AUD__c":0,"Total_Budget_Post_Te (7 more) ...":0}]|0x26380c4
11:23:13.0 (160332230)|STATEMENT_EXECUTE|[38]
11:23:13.0 (160347140)|SYSTEM_MODE_EXIT|false
11:23:13.160 (160382661)|CUMULATIVE_LIMIT_USAGE
11:23:13.160 (160382661)|LIMIT_USAGE_FOR_NS|(default)|
  Number of SOQL queries: 3 out of 100
  Number of query rows: 3 out of 50000
  Number of SOSL queries: 0 out of 20
  Number of DML statements: 0 out of 150
  Number of DML rows: 0 out of 10000
  Maximum CPU time: 0 out of 10000
  Maximum heap size: 0 out of 6000000
  Number of callouts: 0 out of 100
  Number of Email Invocations: 0 out of 10
  Number of future calls: 0 out of 50
  Number of queueable jobs added to the queue: 0 out of 50
  Number of Mobile Apex push calls: 0 out of 10

11:23:13.160 (160382661)|TOTAL_EMAIL_RECIPIENTS_QUEUED|0
11:23:13.160 (160382661)|STATIC_VARIABLE_LIST|
  char[]:DigitTens:0
  long:serialVersionUID:0
  long:serialVersionUID:0
  double:MAX_VALUE:0
  Boolean:FALSE:0
  long:serialVersionUID:0
  double:MIN_VALUE:0
  int:SIZE:0
  double:NEGATIVE_INFINITY:0
  int:MAX_VALUE:0
  String:_sfdcSuppressedCodeLocations:0
  char[]:digits:0
  double:NaN:0
  Boolean:TRUE:0
  int:MIN_VALUE:0
  char[]:DigitOnes:0
  int:BYTES:0
  int:MIN_EXPONENT:0
  int[]:sizeTable:0
  int:MAX_EXPONENT:0
  int:SIZE:0
  double:POSITIVE_INFINITY:0
  String:_sfdcAdditionalCodeLocations:0
  double:MIN_NORMAL:0
  int:BYTES:0

11:23:13.160 (160382661)|CUMULATIVE_LIMIT_USAGE_END

11:23:13.0 (160515319)|CODE_UNIT_FINISHED|ApprovalController.getOpportunityRecord
11:23:13.176 (176284646)|CUMULATIVE_PROFILING_BEGIN
11:23:13.176 (176284646)|CUMULATIVE_PROFILING|SOQL operations|
Class.ApprovalController.getOpportunityRecord: line 18, column 1: [SELECT   Id,name,
                                                           			Gate_Status__c,
                                                           			TSF_Gate_Status__c,
                                                           			CRA_Gate_Status__c,
                                                           			StageName,
                                    								Competitor_Analysis_General_Comments__c,
                                    								Are_there_any_critical_risks__c,
                                    								Has_CRA_changed_since_last_approval__c,
                                    								Has_TSF_changed_since_last_approval__c,
                                    								Apply_Default_Bonding__c,
                                    								Conversion_Budget_Comments__c,
                                    								Is_Gate_1_To_3__c, Is_Gate_4_To_5__c,
                                    								Net_Budget_EOI_PQ__c, Net_Budget_Post_Tender__c, 
                                    								Net_Budget_Tender__c, Net_Budget_Amount__c,
                                    								Total_Budget_EOI_PQ__c, Total_Budget_Tender__c, 
                                    								Total_Budget_AUD__c, Total_Budget_Post_Tender__c, 
                                    								JH_Bid_Cost_of_JH_Revenue__c
                                 							FROM     Opportunity
                                 							WHERE    Id = :opportunityId]: executed 3 times in 58 ms

11:23:13.176 (176284646)|CUMULATIVE_PROFILING|No profiling information for SOSL operations
11:23:13.176 (176284646)|CUMULATIVE_PROFILING|No profiling information for DML operations
11:23:13.176 (176284646)|CUMULATIVE_PROFILING|method invocations|
External entry point: public static List<Opportunity> getOpportunityRecord(String): executed 1 time in 12 ms

11:23:13.176 (176284646)|CUMULATIVE_PROFILING_END
