39.0 APEX_CODE,FINEST;APEX_PROFILING,FINEST;CALLOUT,INFO;DB,INFO;SYSTEM,DEBUG;VALIDATION,INFO;VISUALFORCE,INFO;WAVE,INFO;WORKFLOW,INFO
10:58:58.0 (549484)|USER_INFO|[EXTERNAL]|00528000006B07F|dev@systempartners.com.prod.pcphase2|Australian Eastern Standard Time|GMT+11:00
10:58:58.0 (598322)|EXECUTION_STARTED
10:58:58.0 (605650)|CODE_UNIT_STARTED|[EXTERNAL]|aura
10:58:58.0 (1220038)|HEAP_ALLOCATE|[72]|Bytes:3
10:58:58.0 (1273719)|HEAP_ALLOCATE|[77]|Bytes:152
10:58:58.0 (1292933)|HEAP_ALLOCATE|[342]|Bytes:408
10:58:58.0 (1310785)|HEAP_ALLOCATE|[355]|Bytes:408
10:58:58.0 (1326831)|HEAP_ALLOCATE|[467]|Bytes:48
10:58:58.0 (1360433)|HEAP_ALLOCATE|[139]|Bytes:6
10:58:58.0 (1386749)|HEAP_ALLOCATE|[EXTERNAL]|Bytes:18
10:58:58.0 (1402735)|HEAP_ALLOCATE|[EXTERNAL]|Bytes:18
10:58:58.0 (2901090)|CODE_UNIT_STARTED|[EXTERNAL]|01pO0000000372v|KCRAController.getAllKCRARecords
10:58:58.0 (3005476)|HEAP_ALLOCATE|[EXTERNAL]|Bytes:5
10:58:58.0 (3011219)|HEAP_ALLOCATE|[EXTERNAL]|Bytes:14
10:58:58.0 (3020379)|METHOD_ENTRY|[11]|01pO0000000372v|KCRAController.KCRAController()
10:58:58.0 (3023950)|STATEMENT_EXECUTE|[11]
10:58:58.0 (3031876)|STATEMENT_EXECUTE|[11]
10:58:58.0 (3037832)|METHOD_EXIT|[11]|KCRAController
10:58:58.0 (3041904)|HEAP_ALLOCATE|[EXTERNAL]|Bytes:18
10:58:58.0 (3055437)|SYSTEM_MODE_ENTER|false
10:58:58.0 (3065310)|VARIABLE_SCOPE_BEGIN|[14]|opportunityId|String|false|false
10:58:58.0 (3087431)|VARIABLE_ASSIGNMENT|[14]|opportunityId|"006O0000008kRsJIAU"
10:58:58.0 (3096764)|STATEMENT_EXECUTE|[14]
10:58:58.0 (3098215)|STATEMENT_EXECUTE|[17]
10:58:58.0 (3101261)|HEAP_ALLOCATE|[17]|Bytes:204
10:58:58.0 (3115825)|HEAP_ALLOCATE|[17]|Bytes:4
10:58:58.0 (3130393)|HEAP_ALLOCATE|[17]|Bytes:7
10:58:58.0 (3183355)|HEAP_ALLOCATE|[50]|Bytes:5
10:58:58.0 (3209419)|HEAP_ALLOCATE|[56]|Bytes:5
10:58:58.0 (3217131)|HEAP_ALLOCATE|[64]|Bytes:7
10:58:58.0 (3779657)|SOQL_EXECUTE_BEGIN|[17]|Aggregations:0|SELECT Id, name, recordtypeId, applicable__c, approved__c, itemno__c, KCRA_Item__c, Opportunity__c FROM Key_Commercial_Risks_Approvals__c WHERE Opportunity__c = :tmpVar1 ORDER BY itemno__c ASC NULLS FIRST
10:58:58.0 (3796167)|LIMIT_USAGE|[17]|SOQL|1|100
10:58:58.0 (3806946)|LIMIT_USAGE|[17]|AGGS|0|300
10:58:58.0 (9437940)|SOQL_EXECUTE_END|[17]|Rows:12
10:58:58.0 (9458948)|LIMIT_USAGE|[17]|SOQL_ROWS|12|50000
10:58:58.0 (9481953)|HEAP_ALLOCATE|[17]|Bytes:52
10:58:58.0 (9548290)|HEAP_ALLOCATE|[17]|Bytes:3578
10:58:58.0 (9665657)|HEAP_ALLOCATE|[17]|Bytes:52
10:58:58.0 (9693948)|VARIABLE_SCOPE_BEGIN|[17]|allKCRAs|List<Key_Commercial_Risks_Approvals__c>|true|false
10:58:58.0 (9720508)|VARIABLE_ASSIGNMENT|[17]|allKCRAs|"List of size 12 too large to display"|0x35576361
10:58:58.0 (9724611)|STATEMENT_EXECUTE|[27]
10:58:58.0 (9740055)|SYSTEM_MODE_EXIT|false
10:58:58.9 (9765517)|CUMULATIVE_LIMIT_USAGE
10:58:58.9 (9765517)|LIMIT_USAGE_FOR_NS|(default)|
  Number of SOQL queries: 1 out of 100
  Number of query rows: 12 out of 50000
  Number of SOSL queries: 0 out of 20
  Number of DML statements: 0 out of 150
  Number of DML rows: 0 out of 10000
  Maximum CPU time: 0 out of 10000
  Maximum heap size: 0 out of 6000000
  Number of callouts: 0 out of 100
  Number of Email Invocations: 0 out of 10
  Number of future calls: 0 out of 50
  Number of queueable jobs added to the queue: 0 out of 50
  Number of Mobile Apex push calls: 0 out of 10

10:58:58.9 (9765517)|TOTAL_EMAIL_RECIPIENTS_QUEUED|0
10:58:58.9 (9765517)|STATIC_VARIABLE_LIST|
  char[]:DigitTens:0
  long:serialVersionUID:0
  long:serialVersionUID:0
  double:MAX_VALUE:0
  Boolean:FALSE:0
  long:serialVersionUID:0
  String:_sfdcAdditionalCodeLocations:0
  double:MIN_VALUE:0
  int:SIZE:0
  double:NEGATIVE_INFINITY:0
  int:MAX_VALUE:0
  char[]:digits:0
  double:NaN:0
  Boolean:TRUE:0
  int:MIN_VALUE:0
  char[]:DigitOnes:0
  int:BYTES:0
  int:MIN_EXPONENT:0
  int[]:sizeTable:0
  int:MAX_EXPONENT:0
  String:_sfdcSuppressedCodeLocations:0
  int:SIZE:0
  double:POSITIVE_INFINITY:0
  double:MIN_NORMAL:0
  int:BYTES:0

10:58:58.9 (9765517)|CUMULATIVE_LIMIT_USAGE_END

10:58:58.0 (9898940)|CODE_UNIT_FINISHED|KCRAController.getAllKCRARecords
10:58:58.0 (10272797)|HEAP_ALLOCATE|[EXTERNAL]|Bytes:18
10:58:58.0 (10289991)|HEAP_ALLOCATE|[EXTERNAL]|Bytes:18
10:58:58.0 (12146054)|CODE_UNIT_STARTED|[EXTERNAL]|01pO00000003Dck|PRAController.getAllPRARecords
10:58:58.0 (12193295)|HEAP_ALLOCATE|[EXTERNAL]|Bytes:8
10:58:58.0 (12199977)|HEAP_ALLOCATE|[EXTERNAL]|Bytes:2
10:58:58.0 (12211630)|METHOD_ENTRY|[1]|01pO00000003Dck|PRAController.PRAController()
10:58:58.0 (12214386)|STATEMENT_EXECUTE|[1]
10:58:58.0 (12218909)|STATEMENT_EXECUTE|[1]
10:58:58.0 (12226282)|METHOD_EXIT|[1]|PRAController
10:58:58.0 (12230252)|HEAP_ALLOCATE|[EXTERNAL]|Bytes:18
10:58:58.0 (12239092)|SYSTEM_MODE_ENTER|false
10:58:58.0 (12245824)|VARIABLE_SCOPE_BEGIN|[15]|opportunityId|String|false|false
10:58:58.0 (12252901)|VARIABLE_ASSIGNMENT|[15]|opportunityId|"006O0000008kRsJIAU"
10:58:58.0 (12261908)|STATEMENT_EXECUTE|[15]
10:58:58.0 (12263365)|STATEMENT_EXECUTE|[18]
10:58:58.0 (12267777)|HEAP_ALLOCATE|[18]|Bytes:508
10:58:58.0 (12279024)|HEAP_ALLOCATE|[18]|Bytes:4
10:58:58.0 (13023164)|SOQL_EXECUTE_BEGIN|[18]|Aggregations:0|SELECT Id, name, Category__c, Is_Critical_Risk__c, ItemNo__c, Mitigation_Strategy__c, Rating__c, Risk_Item__c, description__c, Help_Text_0A__c, Help_Text_0B__c, Help_Text_0C__c, Help_Text_1A__c, Help_Text_1B__c, Help_Text_1C__c, Help_Text_2A__c, Help_Text_2B__c, Help_Text_2C__c, Help_Text_3A__c, Help_Text_3B__c, Help_Text_3C__c, Mitigation_Advice__c, Selected_Indicators__c, Selected_Indicators_With_Text__c FROM Project_Risk_Assessment__c WHERE Opportunity__c = :tmpVar1 ORDER BY ItemNo__c ASC NULLS FIRST
10:58:58.0 (13035334)|LIMIT_USAGE|[18]|SOQL|2|100
10:58:58.0 (13043696)|LIMIT_USAGE|[18]|AGGS|0|300
10:58:58.0 (28419085)|SOQL_EXECUTE_END|[18]|Rows:25
10:58:58.0 (28439443)|LIMIT_USAGE|[18]|SOQL_ROWS|37|50000
10:58:58.0 (28466898)|HEAP_ALLOCATE|[18]|Bytes:104
10:58:58.0 (28538728)|HEAP_ALLOCATE|[18]|Bytes:10109
10:58:58.0 (28627659)|HEAP_ALLOCATE|[18]|Bytes:104
10:58:58.0 (28653263)|VARIABLE_SCOPE_BEGIN|[18]|allPRAs|List<Project_Risk_Assessment__c>|true|false
10:58:58.0 (28679198)|VARIABLE_ASSIGNMENT|[18]|allPRAs|"List of size 25 too large to display"|0x7604617
10:58:58.0 (28684769)|STATEMENT_EXECUTE|[26]
10:58:58.0 (28701118)|SYSTEM_MODE_EXIT|false
10:58:58.28 (28730409)|CUMULATIVE_LIMIT_USAGE
10:58:58.28 (28730409)|LIMIT_USAGE_FOR_NS|(default)|
  Number of SOQL queries: 2 out of 100
  Number of query rows: 37 out of 50000
  Number of SOSL queries: 0 out of 20
  Number of DML statements: 0 out of 150
  Number of DML rows: 0 out of 10000
  Maximum CPU time: 0 out of 10000
  Maximum heap size: 0 out of 6000000
  Number of callouts: 0 out of 100
  Number of Email Invocations: 0 out of 10
  Number of future calls: 0 out of 50
  Number of queueable jobs added to the queue: 0 out of 50
  Number of Mobile Apex push calls: 0 out of 10

10:58:58.28 (28730409)|TOTAL_EMAIL_RECIPIENTS_QUEUED|0
10:58:58.28 (28730409)|STATIC_VARIABLE_LIST|
  char[]:DigitTens:0
  long:serialVersionUID:0
  long:serialVersionUID:0
  double:MAX_VALUE:0
  Boolean:FALSE:0
  long:serialVersionUID:0
  String:_sfdcAdditionalCodeLocations:0
  double:MIN_VALUE:0
  int:SIZE:0
  double:NEGATIVE_INFINITY:0
  int:MAX_VALUE:0
  char[]:digits:0
  double:NaN:0
  Boolean:TRUE:0
  int:MIN_VALUE:0
  String:_sfdcSuppressedCodeLocations:0
  char[]:DigitOnes:0
  int:BYTES:0
  int:MIN_EXPONENT:0
  int[]:sizeTable:0
  int:MAX_EXPONENT:0
  String:_sfdcSuppressedCodeLocations:0
  String:_sfdcAdditionalCodeLocations:0
  int:SIZE:0
  double:POSITIVE_INFINITY:0
  double:MIN_NORMAL:0
  int:BYTES:0

10:58:58.28 (28730409)|CUMULATIVE_LIMIT_USAGE_END

10:58:58.0 (28860384)|CODE_UNIT_FINISHED|PRAController.getAllPRARecords
10:58:58.88 (88775628)|CUMULATIVE_PROFILING_BEGIN
10:58:58.88 (88775628)|CUMULATIVE_PROFILING|SOQL operations|
Class.PRAController.getAllPRARecords: line 18, column 1: [SELECT Id,name,Category__c,Is_Critical_Risk__c,ItemNo__c,Mitigation_Strategy__c,Rating__c,Risk_Item__c,
                                                             		description__c,Help_Text_0A__c,Help_Text_0B__c,Help_Text_0C__c,Help_Text_1A__c,Help_Text_1B__c, 
                                                             		Help_Text_1C__c,Help_Text_2A__c,Help_Text_2B__c,Help_Text_2C__c,Help_Text_3A__c,Help_Text_3B__c,
                                                             		Help_Text_3C__c,Mitigation_Advice__c,Selected_Indicators__c,Selected_Indicators_With_Text__c
												   FROM Project_Risk_Assessment__c
                                                   WHERE Opportunity__c = :opportunityId
                                                   ORDER BY ItemNo__c]: executed 1 time in 16 ms
Class.KCRAController.getAllKCRARecords: line 17, column 1: [SELECT   Id,name,
                                                           			recordtypeId,
                                                           			applicable__c,
                                                           			approved__c,
                                                           			itemno__c,
                                                           			KCRA_Item__c,Opportunity__c 
                                 							FROM     Key_Commercial_Risks_Approvals__c 
                                 							WHERE    Opportunity__c = :opportunityId
                                                           	ORDER BY itemno__c]: executed 1 time in 6 ms

10:58:58.88 (88775628)|CUMULATIVE_PROFILING|No profiling information for SOSL operations
10:58:58.88 (88775628)|CUMULATIVE_PROFILING|No profiling information for DML operations
10:58:58.88 (88775628)|CUMULATIVE_PROFILING|method invocations|
External entry point: public static List<Project_Risk_Assessment__c> getAllPRARecords(String): executed 1 time in 17 ms
External entry point: public static List<Key_Commercial_Risks_Approvals__c> getAllKCRARecords(String): executed 1 time in 7 ms

10:58:58.88 (88775628)|CUMULATIVE_PROFILING_END
