39.0 APEX_CODE,FINEST;APEX_PROFILING,FINEST;CALLOUT,NONE;DB,FINEST;SYSTEM,FINE;VALIDATION,INFO;VISUALFORCE,INFO;WAVE,INFO;WORKFLOW,FINER
10:55:39.0 (429660)|USER_INFO|[EXTERNAL]|00528000006B07F|dev@systempartners.com.prod.pcphase2|Australian Eastern Standard Time|GMT+10:00
10:55:39.0 (460665)|EXECUTION_STARTED
10:55:39.0 (465233)|CODE_UNIT_STARTED|[EXTERNAL]|01pO00000003MVy|ApprovalController.getAssignedApprovers
10:55:39.0 (617147)|HEAP_ALLOCATE|[72]|Bytes:3
10:55:39.0 (660108)|HEAP_ALLOCATE|[77]|Bytes:152
10:55:39.0 (678127)|HEAP_ALLOCATE|[342]|Bytes:408
10:55:39.0 (698090)|HEAP_ALLOCATE|[355]|Bytes:408
10:55:39.0 (716921)|HEAP_ALLOCATE|[467]|Bytes:48
10:55:39.0 (746190)|HEAP_ALLOCATE|[139]|Bytes:6
10:55:39.0 (809548)|HEAP_ALLOCATE|[EXTERNAL]|Bytes:11
10:55:39.0 (814042)|HEAP_ALLOCATE|[EXTERNAL]|Bytes:27
10:55:39.0 (822254)|METHOD_ENTRY|[1]|01pO00000003MVy|ApprovalController.ApprovalController()
10:55:39.0 (825992)|STATEMENT_EXECUTE|[1]
10:55:39.0 (830989)|STATEMENT_EXECUTE|[1]
10:55:39.0 (835755)|METHOD_EXIT|[1]|ApprovalController
10:55:39.0 (867890)|HEAP_ALLOCATE|[EXTERNAL]|Bytes:72
10:55:39.0 (875564)|SYSTEM_MODE_ENTER|false
10:55:39.0 (883376)|VARIABLE_SCOPE_BEGIN|[68]|opp|Opportunity|true|false
10:55:39.0 (922908)|VARIABLE_ASSIGNMENT|[68]|opp|{"Total_Budget_EOI_PQ_ (2 more) ...":0,"Total_Budget_AUD__c":0,"TSF_Gate_Status__c":"Not Applicable","StageName":"Gate 3","Net_Budget_Post_Tend (5 more) ...":0,"Net_Budget_EOI_PQ__c":0,"Apply_Default_Bondin (4 more) ...":false,"Gate_Status__c":"Initiated","Is_Gate_4_To_5__c":false,"Name":"TL Test - 1200","Is_Gate_1_To_3__c":true,"Net_Budget_Amount__c":0,"Total_Budget_Tender_ (2 more) ...":0,"Total_Budget_Post_Te (7 more) ...":0,"Net_Budget_Tender__c":0,"CRA_Gate_Status__c":"Not Applicable","Id":"006O0000009GUsjIAG"}|0x1827f107
10:55:39.0 (937450)|STATEMENT_EXECUTE|[68]
10:55:39.0 (939087)|STATEMENT_EXECUTE|[69]
10:55:39.0 (942567)|HEAP_ALLOCATE|[69]|Bytes:132
10:55:39.0 (954574)|HEAP_ALLOCATE|[69]|Bytes:4
10:55:39.0 (966978)|HEAP_ALLOCATE|[69]|Bytes:7
10:55:39.0 (1014210)|HEAP_ALLOCATE|[69]|Bytes:7
10:55:39.0 (1789038)|VARIABLE_SCOPE_BEGIN|[3]|OpportunityService.KCRARecordTypeID|String|false|true
10:55:39.0 (1793777)|VARIABLE_SCOPE_BEGIN|[2]|OpportunityService.KCRATemplateRecordTypeID|String|false|true
10:55:39.0 (1805040)|HEAP_ALLOCATE|[71]|Bytes:43
10:55:39.0 (1834901)|METHOD_ENTRY|[1]|01pO00000003HOS|OpportunityService.OpportunityService()
10:55:39.0 (1837686)|STATEMENT_EXECUTE|[1]
10:55:39.0 (1841070)|STATEMENT_EXECUTE|[1]
10:55:39.0 (1875690)|HEAP_ALLOCATE|[50]|Bytes:5
10:55:39.0 (1898833)|HEAP_ALLOCATE|[56]|Bytes:5
10:55:39.0 (1906924)|HEAP_ALLOCATE|[64]|Bytes:7
10:55:39.0 (1931380)|HEAP_ALLOCATE|[2]|Bytes:5
10:55:39.0 (1936116)|STATEMENT_EXECUTE|[2]
10:55:39.0 (1938805)|HEAP_ALLOCATE|[2]|Bytes:33
10:55:39.0 (2003974)|SYSTEM_METHOD_ENTRY|[2]|Schema.SObjectType.getDescribe()
10:55:39.0 (2244071)|HEAP_ALLOCATE|[2]|Bytes:4
10:55:39.0 (2254409)|SYSTEM_METHOD_EXIT|[2]|Schema.SObjectType.getDescribe()
10:55:39.0 (2282923)|LIMIT_USAGE|[2]|RECORD_TYPE_DESCRIBES|1|100
10:55:39.0 (5491954)|HEAP_ALLOCATE|[2]|Bytes:16
10:55:39.0 (5510504)|HEAP_ALLOCATE|[2]|Bytes:13
10:55:39.0 (5597584)|SYSTEM_METHOD_ENTRY|[2]|Map<String,Schema.RecordTypeInfo>.get(Object)
10:55:39.0 (5773244)|SYSTEM_METHOD_EXIT|[2]|Map<String,Schema.RecordTypeInfo>.get(Object)
10:55:39.0 (5815219)|HEAP_ALLOCATE|[2]|Bytes:4
10:55:39.0 (5849629)|HEAP_ALLOCATE|[2]|Bytes:18
10:55:39.0 (5874344)|VARIABLE_ASSIGNMENT|[2]|OpportunityService.KCRATemplateRecordTypeID|"012O0000000DCgLIAW"
10:55:39.0 (5879426)|STATEMENT_EXECUTE|[3]
10:55:39.0 (5934569)|SYSTEM_METHOD_ENTRY|[3]|Schema.SObjectType.getDescribe()
10:55:39.0 (5985812)|HEAP_ALLOCATE|[3]|Bytes:4
10:55:39.0 (5994726)|SYSTEM_METHOD_EXIT|[3]|Schema.SObjectType.getDescribe()
10:55:39.0 (6016074)|LIMIT_USAGE|[3]|RECORD_TYPE_DESCRIBES|2|100
10:55:39.0 (6034627)|HEAP_ALLOCATE|[3]|Bytes:16
10:55:39.0 (6040001)|HEAP_ALLOCATE|[3]|Bytes:4
10:55:39.0 (6070295)|SYSTEM_METHOD_ENTRY|[3]|Map<String,Schema.RecordTypeInfo>.get(Object)
10:55:39.0 (6088978)|SYSTEM_METHOD_EXIT|[3]|Map<String,Schema.RecordTypeInfo>.get(Object)
10:55:39.0 (6109198)|HEAP_ALLOCATE|[3]|Bytes:4
10:55:39.0 (6116957)|HEAP_ALLOCATE|[3]|Bytes:18
10:55:39.0 (6127749)|VARIABLE_ASSIGNMENT|[3]|OpportunityService.KCRARecordTypeID|"012O0000000DCgGIAW"
10:55:39.0 (6142027)|METHOD_EXIT|[1]|OpportunityService
10:55:39.0 (6154419)|METHOD_ENTRY|[71]|01pO00000003HOS|OpportunityService.getGateNumber(String)
10:55:39.0 (6177037)|VARIABLE_SCOPE_BEGIN|[196]|stage|String|false|false
10:55:39.0 (6184467)|VARIABLE_ASSIGNMENT|[196]|stage|"Gate 3"
10:55:39.0 (6194012)|HEAP_ALLOCATE|[197]|Bytes:5
10:55:39.0 (6197888)|STATEMENT_EXECUTE|[196]
10:55:39.0 (9682692)|VARIABLE_SCOPE_BEGIN|[75]|Constants.ApprovalOutcomeNotificationEmail|String|false|true
10:55:39.0 (9689619)|VARIABLE_SCOPE_BEGIN|[77]|Constants.ApprovalSubmissionEmail|String|false|true
10:55:39.0 (9693007)|VARIABLE_SCOPE_BEGIN|[49]|Constants.ApprovedStatus|String|false|true
10:55:39.0 (9744007)|VARIABLE_SCOPE_BEGIN|[6]|Constants.Approvers|Approvers__c|true|true
10:55:39.0 (9751697)|VARIABLE_SCOPE_BEGIN|[81]|Constants.CRA_ApprovalOutcomeNotificationEmail|String|false|true
10:55:39.0 (9755449)|VARIABLE_SCOPE_BEGIN|[83]|Constants.CRA_ApprovalSubmissionEmail|String|false|true
10:55:39.0 (9758428)|VARIABLE_SCOPE_BEGIN|[82]|Constants.CRA_DecisionRequiredEmail|String|false|true
10:55:39.0 (9761106)|VARIABLE_SCOPE_BEGIN|[71]|Constants.ClosedWonStage|String|false|true
10:55:39.0 (9763827)|VARIABLE_SCOPE_BEGIN|[50]|Constants.ConditionallyApprovedStatus|String|false|true
10:55:39.0 (9766648)|VARIABLE_SCOPE_BEGIN|[76]|Constants.DecisionRequiredEmail|String|false|true
10:55:39.0 (9769495)|VARIABLE_SCOPE_BEGIN|[51]|Constants.DeclinedStatus|String|false|true
10:55:39.0 (9772473)|VARIABLE_SCOPE_BEGIN|[66]|Constants.Gate1Stage|String|false|true
10:55:39.0 (9775425)|VARIABLE_SCOPE_BEGIN|[67]|Constants.Gate2Stage|String|false|true
10:55:39.0 (9778421)|VARIABLE_SCOPE_BEGIN|[68]|Constants.Gate3Stage|String|false|true
10:55:39.0 (9781287)|VARIABLE_SCOPE_BEGIN|[69]|Constants.Gate4Stage|String|false|true
10:55:39.0 (9784181)|VARIABLE_SCOPE_BEGIN|[70]|Constants.Gate5Stage|String|false|true
10:55:39.0 (9787231)|VARIABLE_SCOPE_BEGIN|[48]|Constants.InProgressStatus|String|false|true
10:55:39.0 (9790357)|VARIABLE_SCOPE_BEGIN|[47]|Constants.InitiatedStatus|String|false|true
10:55:39.0 (9793638)|VARIABLE_SCOPE_BEGIN|[65]|Constants.NewDandCStage|String|false|true
10:55:39.0 (9796828)|VARIABLE_SCOPE_BEGIN|[54]|Constants.NotApplicableStatus|String|false|true
10:55:39.0 (9800353)|VARIABLE_SCOPE_BEGIN|[46]|Constants.NotStartedStatus|String|false|true
10:55:39.0 (9811091)|VARIABLE_SCOPE_BEGIN|[24]|Constants.OppRecordTypeMap|Map<String,Id>|true|true
10:55:39.0 (9816035)|VARIABLE_SCOPE_BEGIN|[57]|Constants.PendingApprovalStatus|String|false|true
10:55:39.0 (9819622)|VARIABLE_SCOPE_BEGIN|[53]|Constants.RestartedStatus|String|false|true
10:55:39.0 (9823312)|VARIABLE_SCOPE_BEGIN|[52]|Constants.ResubmittedStatus|String|false|true
10:55:39.0 (9827288)|VARIABLE_SCOPE_BEGIN|[78]|Constants.TSF_ApprovalOutcomeNotificationEmail|String|false|true
10:55:39.0 (9831177)|VARIABLE_SCOPE_BEGIN|[80]|Constants.TSF_ApprovalSubmissionEmail|String|false|true
10:55:39.0 (9835088)|VARIABLE_SCOPE_BEGIN|[79]|Constants.TSF_DecisionRequiredEmail|String|false|true
10:55:39.0 (9838654)|VARIABLE_SCOPE_BEGIN|[61]|Constants.TenderInPreperationStatus|String|false|true
10:55:39.0 (9842188)|VARIABLE_SCOPE_BEGIN|[62]|Constants.TenderSubmittedStatus|String|false|true
10:55:39.0 (9845747)|VARIABLE_SCOPE_BEGIN|[84]|Constants.TenderWonEmail|String|false|true
10:55:39.0 (9849221)|VARIABLE_SCOPE_BEGIN|[60]|Constants.TenderWonStatus|String|false|true
10:55:39.0 (9855920)|HEAP_ALLOCATE|[197]|Bytes:28
10:55:39.0 (9863706)|HEAP_ALLOCATE|[197]|Bytes:136
10:55:39.0 (9867704)|HEAP_ALLOCATE|[197]|Bytes:7
10:55:39.0 (9871260)|HEAP_ALLOCATE|[197]|Bytes:34
10:55:39.0 (9881388)|VARIABLE_ASSIGNMENT|[197]|Constants.ApprovalOutcomeNotificationEmail|"Gate_Approval_Outcom (14 more) ..."
10:55:39.0 (9884638)|HEAP_ALLOCATE|[197]|Bytes:32
10:55:39.0 (9890409)|VARIABLE_ASSIGNMENT|[197]|Constants.ApprovalSubmissionEmail|"Approval_Submission_ (12 more) ..."
10:55:39.0 (9892770)|HEAP_ALLOCATE|[197]|Bytes:8
10:55:39.0 (9897188)|VARIABLE_ASSIGNMENT|[197]|Constants.ApprovedStatus|"Approved"
10:55:39.0 (9900082)|HEAP_ALLOCATE|[197]|Bytes:33
10:55:39.0 (9905214)|VARIABLE_ASSIGNMENT|[197]|Constants.CRA_ApprovalOutcomeNotificationEmail|"CRA_Approval_Outcome (13 more) ..."
10:55:39.0 (9907615)|HEAP_ALLOCATE|[197]|Bytes:36
10:55:39.0 (9917705)|VARIABLE_ASSIGNMENT|[197]|Constants.CRA_ApprovalSubmissionEmail|"CRA_Approval_Submiss (16 more) ..."
10:55:39.0 (9920745)|HEAP_ALLOCATE|[197]|Bytes:29
10:55:39.0 (9926589)|VARIABLE_ASSIGNMENT|[197]|Constants.CRA_DecisionRequiredEmail|"CRA_Approval_Decsion (9 more) ..."
10:55:39.0 (9928955)|HEAP_ALLOCATE|[197]|Bytes:10
10:55:39.0 (9933215)|VARIABLE_ASSIGNMENT|[197]|Constants.ClosedWonStage|"Closed Won"
10:55:39.0 (9935473)|HEAP_ALLOCATE|[197]|Bytes:22
10:55:39.0 (9940257)|VARIABLE_ASSIGNMENT|[197]|Constants.ConditionallyApprovedStatus|"Conditionally Approv (2 more) ..."
10:55:39.0 (9942903)|HEAP_ALLOCATE|[197]|Bytes:38
10:55:39.0 (9951109)|VARIABLE_ASSIGNMENT|[197]|Constants.DecisionRequiredEmail|"Approval_Decsion_Req (18 more) ..."
10:55:39.0 (9953718)|HEAP_ALLOCATE|[197]|Bytes:8
10:55:39.0 (9958722)|VARIABLE_ASSIGNMENT|[197]|Constants.DeclinedStatus|"Declined"
10:55:39.0 (9960718)|HEAP_ALLOCATE|[197]|Bytes:6
10:55:39.0 (9965055)|VARIABLE_ASSIGNMENT|[197]|Constants.Gate1Stage|"Gate 1"
10:55:39.0 (9967198)|HEAP_ALLOCATE|[197]|Bytes:6
10:55:39.0 (9971518)|VARIABLE_ASSIGNMENT|[197]|Constants.Gate2Stage|"Gate 2"
10:55:39.0 (9973414)|HEAP_ALLOCATE|[197]|Bytes:6
10:55:39.0 (9977759)|VARIABLE_ASSIGNMENT|[197]|Constants.Gate3Stage|"Gate 3"
10:55:39.0 (9979596)|HEAP_ALLOCATE|[197]|Bytes:6
10:55:39.0 (9983839)|VARIABLE_ASSIGNMENT|[197]|Constants.Gate4Stage|"Gate 4"
10:55:39.0 (9985682)|HEAP_ALLOCATE|[197]|Bytes:6
10:55:39.0 (9992622)|VARIABLE_ASSIGNMENT|[197]|Constants.Gate5Stage|"Gate 5"
10:55:39.0 (9994644)|HEAP_ALLOCATE|[197]|Bytes:11
10:55:39.0 (9999559)|VARIABLE_ASSIGNMENT|[197]|Constants.InProgressStatus|"In Progress"
10:55:39.0 (10001788)|HEAP_ALLOCATE|[197]|Bytes:9
10:55:39.0 (10007439)|VARIABLE_ASSIGNMENT|[197]|Constants.InitiatedStatus|"Initiated"
10:55:39.0 (10009603)|HEAP_ALLOCATE|[197]|Bytes:3
10:55:39.0 (10014285)|VARIABLE_ASSIGNMENT|[197]|Constants.NewDandCStage|"New"
10:55:39.0 (10016472)|HEAP_ALLOCATE|[197]|Bytes:14
10:55:39.0 (10021440)|VARIABLE_ASSIGNMENT|[197]|Constants.NotApplicableStatus|"Not Applicable"
10:55:39.0 (10023588)|HEAP_ALLOCATE|[197]|Bytes:11
10:55:39.0 (10028361)|VARIABLE_ASSIGNMENT|[197]|Constants.NotStartedStatus|"Not Started"
10:55:39.0 (10031114)|HEAP_ALLOCATE|[197]|Bytes:16
10:55:39.0 (10036294)|VARIABLE_ASSIGNMENT|[197]|Constants.PendingApprovalStatus|"Pending Approval"
10:55:39.0 (10038413)|HEAP_ALLOCATE|[197]|Bytes:9
10:55:39.0 (10043621)|VARIABLE_ASSIGNMENT|[197]|Constants.RestartedStatus|"Restarted"
10:55:39.0 (10045753)|HEAP_ALLOCATE|[197]|Bytes:11
10:55:39.0 (10050759)|VARIABLE_ASSIGNMENT|[197]|Constants.ResubmittedStatus|"Resubmitted"
10:55:39.0 (10052797)|HEAP_ALLOCATE|[197]|Bytes:33
10:55:39.0 (10059039)|VARIABLE_ASSIGNMENT|[197]|Constants.TSF_ApprovalOutcomeNotificationEmail|"TSF_Approval_Outcome (13 more) ..."
10:55:39.0 (10061440)|HEAP_ALLOCATE|[197]|Bytes:36
10:55:39.0 (10067635)|VARIABLE_ASSIGNMENT|[197]|Constants.TSF_ApprovalSubmissionEmail|"TSF_Approval_Submiss (16 more) ..."
10:55:39.0 (10069862)|HEAP_ALLOCATE|[197]|Bytes:29
10:55:39.0 (10075967)|VARIABLE_ASSIGNMENT|[197]|Constants.TSF_DecisionRequiredEmail|"TSF_Approval_Decsion (9 more) ..."
10:55:39.0 (10078126)|HEAP_ALLOCATE|[197]|Bytes:21
10:55:39.0 (10083868)|VARIABLE_ASSIGNMENT|[197]|Constants.TenderInPreperationStatus|"Tender in Preparatio (1 more) ..."
10:55:39.0 (10085941)|HEAP_ALLOCATE|[197]|Bytes:16
10:55:39.0 (10093420)|VARIABLE_ASSIGNMENT|[197]|Constants.TenderSubmittedStatus|"Tender Submitted"
10:55:39.0 (10098055)|HEAP_ALLOCATE|[197]|Bytes:23
10:55:39.0 (10110620)|VARIABLE_ASSIGNMENT|[197]|Constants.TenderWonEmail|"Tender_Won_Notificat (3 more) ..."
10:55:39.0 (10115157)|HEAP_ALLOCATE|[197]|Bytes:10
10:55:39.0 (10125548)|VARIABLE_ASSIGNMENT|[197]|Constants.TenderWonStatus|"Tender Won"
10:55:39.0 (10141442)|METHOD_ENTRY|[1]|01pO00000003RXf|Constants.Constants()
10:55:39.0 (10145705)|STATEMENT_EXECUTE|[1]
10:55:39.0 (10150655)|STATEMENT_EXECUTE|[1]
10:55:39.0 (10160965)|HEAP_ALLOCATE|[197]|Bytes:5
10:55:39.0 (10165967)|STATEMENT_EXECUTE|[3]
10:55:39.0 (10173742)|METHOD_EXIT|[1]|Constants
10:55:39.0 (10217023)|STATEMENT_EXECUTE|[199]
10:55:39.0 (10221201)|HEAP_ALLOCATE|[199]|Bytes:1
10:55:39.0 (10230680)|METHOD_EXIT|[71]|01pO00000003HOS|OpportunityService.getGateNumber(String)
10:55:39.0 (10782714)|SOQL_EXECUTE_BEGIN|[69]|Aggregations:0|SELECT id FROM Gate__c WHERE (Opportunity__c = :tmpVar1 AND Gate_Number__c = :tmpVar2) ORDER BY CreatedDate DESC NULLS FIRST LIMIT 1
10:55:39.0 (10790772)|LIMIT_USAGE|[69]|SOQL|1|100
10:55:39.0 (10798291)|LIMIT_USAGE|[69]|AGGS|0|300
10:55:39.0 (16616124)|SOQL_EXECUTE_END|[69]|Rows:1
10:55:39.0 (16626885)|LIMIT_USAGE|[69]|SOQL_ROWS|1|50000
10:55:39.0 (16647485)|HEAP_ALLOCATE|[69]|Bytes:8
10:55:39.0 (16664318)|HEAP_ALLOCATE|[69]|Bytes:29
10:55:39.0 (16810691)|HEAP_ALLOCATE|[69]|Bytes:8
10:55:39.0 (16828717)|HEAP_ALLOCATE|[69]|Bytes:33
10:55:39.0 (16909468)|HEAP_ALLOCATE|[69]|Bytes:8
10:55:39.0 (16922882)|VARIABLE_SCOPE_BEGIN|[69]|latestGateId|Gate__c|true|false
10:55:39.0 (16952430)|VARIABLE_ASSIGNMENT|[69]|latestGateId|{"Id":"a0nO0000003xqtKIAQ"}|0x50b4fd0d
10:55:39.0 (16958888)|STATEMENT_EXECUTE|[76]
10:55:39.0 (16964723)|HEAP_ALLOCATE|[76]|Bytes:295
10:55:39.0 (16975747)|HEAP_ALLOCATE|[76]|Bytes:4
10:55:39.0 (18462080)|SOQL_EXECUTE_BEGIN|[76]|Aggregations:0|SELECT Approver__r.Name, Approval_Level__c, Gate__c, Approval_Status__c, Proxy_Approver__r.Name, Current_Approver__c, Wet_Signature_Received__c, Wet_Signature_Date__c, Approval_Comments__c, CreatedDate FROM Assigned_Approver__c WHERE Gate__c = :tmpVar1 ORDER BY Approval_Level__c ASC NULLS FIRST
10:55:39.0 (18471034)|LIMIT_USAGE|[76]|SOQL|2|100
10:55:39.0 (18477690)|LIMIT_USAGE|[76]|AGGS|0|300
10:55:39.0 (30431944)|SOQL_EXECUTE_END|[76]|Rows:2
10:55:39.0 (30445936)|LIMIT_USAGE|[76]|SOQL_ROWS|3|50000
10:55:39.0 (30465639)|HEAP_ALLOCATE|[76]|Bytes:12
10:55:39.0 (30491298)|HEAP_ALLOCATE|[76]|Bytes:587
10:55:39.0 (30593801)|HEAP_ALLOCATE|[76]|Bytes:12
10:55:39.0 (30620542)|VARIABLE_SCOPE_BEGIN|[76]|allApprovers|List<Assigned_Approver__c>|true|false
10:55:39.0 (30700232)|VARIABLE_ASSIGNMENT|[76]|allApprovers|[{"Approver__c":"00528000006B07FAAS","Approval_Level__c":"1","Gate__c":"a0nO0000003xqtKIAQ","Approval_Status__c":"Pending Approval","Current_Approver__c":false,"Wet_Signature_Receiv (5 more) ...":false,"CreatedDate":"2017-04-12T00:23:53.000Z","Id":"a0oO0000002tpYIIAY","Approver__r":{"Name":"System Partners","Id":"00528000006B07FAAS"}},{"Approver__c":"005O0000003t7anIAA","Approval_Level__c":"2","Gate__c":"a0nO0000003xqtKIAQ","Approval_Status__c":"Pending Approval","Current_Approver__c":false,"Wet_Signature_Receiv (5 more) ...":false,"CreatedDate":"2017-04-12T00:23:53.000Z","Id":"a0oO0000002tpYJIAY","Approver__r":{"Name":"Ricky Lowe","Id":"005O0000003t7anIAA"}}]|0xbd49a7e
10:55:39.0 (30710054)|STATEMENT_EXECUTE|[85]
10:55:39.0 (30725796)|SYSTEM_MODE_EXIT|false
10:55:39.30 (30758873)|CUMULATIVE_LIMIT_USAGE
10:55:39.30 (30758873)|LIMIT_USAGE_FOR_NS|(default)|
  Number of SOQL queries: 2 out of 100
  Number of query rows: 3 out of 50000
  Number of SOSL queries: 0 out of 20
  Number of DML statements: 0 out of 150
  Number of DML rows: 0 out of 10000
  Maximum CPU time: 0 out of 10000
  Maximum heap size: 0 out of 6000000
  Number of callouts: 0 out of 100
  Number of Email Invocations: 0 out of 10
  Number of future calls: 0 out of 50
  Number of queueable jobs added to the queue: 0 out of 50
  Number of Mobile Apex push calls: 0 out of 10

10:55:39.30 (30758873)|TOTAL_EMAIL_RECIPIENTS_QUEUED|0
10:55:39.30 (30758873)|STATIC_VARIABLE_LIST|
  String:_static_KCRATemplateRecordTypeID:0
  long:serialVersionUID:0
  double:MAX_VALUE:0
  long:serialVersionUID:0
  String:_static_InProgressStatus:0
  int:SIZE:0
  String:_static_TenderWonEmail:0
  String:_static_ApprovedStatus:0
  int:MAX_VALUE:0
  String:_static_InitiatedStatus:0
  String:_static_ClosedWonStage:0
  String:_static_Gate5Stage:0
  String:_static_Gate4Stage:0
  int:MIN_VALUE:0
  String:_static_Gate1Stage:0
  String:_static_Gate3Stage:0
  String:_static_NotStartedStatus:0
  char[]:DigitOnes:0
  String:_static_NotApplicableStatus:0
  String:_sfdcAdditionalCodeLocations:0
  String:__sfdcProperties:0
  String:_static_CRA_DecisionRequiredEmail:0
  int:MIN_EXPONENT:0
  String:_static_DecisionRequiredEmail:0
  String:_static_ApprovalOutcomeNotificationEmail:0
  String:_static_PendingApprovalStatus:0
  String:_static_RestartedStatus:0
  int:MAX_EXPONENT:0
  String:_static_ApprovalSubmissionEmail:0
  String:_static_TenderWonStatus:0
  String:_sfdcAdditionalCodeLocations:0
  int:BYTES:0
  char[]:DigitTens:0
  long:serialVersionUID:0
  Boolean:FALSE:0
  String:_static_DeclinedStatus:0
  String:_static_TSF_ApprovalSubmissionEmail:0
  double:MIN_VALUE:0
  double:NEGATIVE_INFINITY:0
  String:_static_ResubmittedStatus:0
  String:_sfdcSuppressedCodeLocations:0
  char[]:digits:0
  double:NaN:0
  Boolean:TRUE:0
  String:__sfdcInnerTypes:0
  String:_static_CRA_ApprovalOutcomeNotificationEmail:0
  String:_static_Gate2Stage:0
  String:_static_TenderSubmittedStatus:0
  String:_static_NewDandCStage:0
  String:_sfdcAdditionalCodeLocations:0
  String:_static_KCRARecordTypeID:0
  String:_static_TSF_DecisionRequiredEmail:0
  String:_static_ConditionallyApprovedStatus:0
  String:_static_TSF_ApprovalOutcomeNotificationEmail:0
  int:BYTES:0
  int[]:sizeTable:0
  String:_static_TenderInPreperationStatus:0
  int:SIZE:0
  double:POSITIVE_INFINITY:0
  double:MIN_NORMAL:0
  String:_static_CRA_ApprovalSubmissionEmail:0

10:55:39.30 (30758873)|CUMULATIVE_LIMIT_USAGE_END

10:55:39.0 (30974868)|CODE_UNIT_FINISHED|ApprovalController.getAssignedApprovers
10:55:39.0 (33252995)|EXECUTION_FINISHED
10:55:39.38 (38017177)|CUMULATIVE_PROFILING_BEGIN
10:55:39.38 (38017177)|CUMULATIVE_PROFILING|SOQL operations|
Class.ApprovalController.getAssignedApprovers: line 76, column 1: [SELECT Approver__r.Name, Approval_Level__c,Gate__c,Approval_Status__c,
                                                            Proxy_Approver__r.Name,Current_Approver__c,
                                                            Wet_Signature_Received__c, Wet_Signature_Date__c,
                                                            Approval_Comments__c,CreatedDate
                                                    from Assigned_Approver__c
                                                    where Gate__c = :latestGateID.id
                                                    order by Approval_Level__c asc]: executed 1 time in 14 ms
Class.ApprovalController.getAssignedApprovers: line 69, column 1: [SELECT id FROM Gate__c 
                              where Opportunity__c = : opp.Id 
                              and Gate_Number__c = :OpportunityService.getGateNumber(opp.StageName)
                              ORDER BY CreatedDate DESC
                              LIMIT 1]: executed 1 time in 7 ms

10:55:39.38 (38017177)|CUMULATIVE_PROFILING|No profiling information for SOSL operations
10:55:39.38 (38017177)|CUMULATIVE_PROFILING|No profiling information for DML operations
10:55:39.38 (38017177)|CUMULATIVE_PROFILING|method invocations|
External entry point: public static List<Assigned_Approver__c> getAssignedApprovers(Opportunity): executed 1 time in 30 ms
Class.ApprovalController.getAssignedApprovers: line 71, column 1: public static String getGateNumber(String): executed 1 time in 4 ms
Class.OpportunityService: line 2, column 1: global Schema.DescribeSObjectResult getDescribe(): executed 2 times in 0 ms
Class.OpportunityService: line 3, column 1: global Schema.DescribeSObjectResult getDescribe(): executed 2 times in 0 ms

10:55:39.38 (38017177)|CUMULATIVE_PROFILING_END
