37.0 APEX_CODE,FINEST;APEX_PROFILING,FINEST;CALLOUT,INFO;DB,INFO;SYSTEM,DEBUG;VALIDATION,INFO;VISUALFORCE,INFO;WAVE,INFO;WORKFLOW,INFO
14:50:18.24 (24922914)|ENTERING_MANAGED_PKG|dlrs
14:50:18.24 (38605695)|ENTERING_MANAGED_PKG|dlrs
14:50:18.24 (38692974)|ENTERING_MANAGED_PKG|dlrs
14:50:18.24 (38726607)|ENTERING_MANAGED_PKG|dlrs
14:50:18.24 (38761872)|ENTERING_MANAGED_PKG|dlrs
14:50:18.24 (38802886)|ENTERING_MANAGED_PKG|dlrs
14:50:18.24 (38868054)|ENTERING_MANAGED_PKG|dlrs
14:50:18.24 (39073683)|ENTERING_MANAGED_PKG|dlrs
14:50:18.24 (39102613)|ENTERING_MANAGED_PKG|dlrs
14:50:18.24 (39138343)|ENTERING_MANAGED_PKG|dlrs
14:50:18.24 (42460697)|ENTERING_MANAGED_PKG|dlrs
14:50:18.24 (42494113)|ENTERING_MANAGED_PKG|dlrs
14:50:18.24 (42540903)|ENTERING_MANAGED_PKG|dlrs
14:50:18.24 (42697056)|ENTERING_MANAGED_PKG|dlrs
14:50:18.24 (42749066)|ENTERING_MANAGED_PKG|dlrs
14:50:18.24 (43200915)|ENTERING_MANAGED_PKG|dlrs
14:50:18.24 (43266638)|ENTERING_MANAGED_PKG|dlrs
14:50:18.24 (43300858)|ENTERING_MANAGED_PKG|dlrs
14:50:18.24 (46430367)|ENTERING_MANAGED_PKG|dlrs
14:50:18.24 (46467935)|ENTERING_MANAGED_PKG|dlrs
14:50:18.24 (47504335)|ENTERING_MANAGED_PKG|dlrs
14:50:18.24 (47550299)|ENTERING_MANAGED_PKG|dlrs
14:50:18.24 (48576554)|ENTERING_MANAGED_PKG|dlrs
14:50:18.24 (48775684)|ENTERING_MANAGED_PKG|dlrs
14:50:18.24 (48921958)|ENTERING_MANAGED_PKG|dlrs
14:50:18.24 (49013620)|ENTERING_MANAGED_PKG|dlrs
14:50:18.24 (49265503)|ENTERING_MANAGED_PKG|dlrs
14:50:18.24 (49340371)|ENTERING_MANAGED_PKG|dlrs
14:50:18.24 (49447667)|ENTERING_MANAGED_PKG|dlrs
14:50:18.24 (49576874)|ENTERING_MANAGED_PKG|dlrs
14:50:18.24 (49648480)|ENTERING_MANAGED_PKG|dlrs
14:50:18.24 (49761398)|ENTERING_MANAGED_PKG|dlrs
14:50:18.24 (49860028)|ENTERING_MANAGED_PKG|dlrs
14:50:18.24 (49989408)|ENTERING_MANAGED_PKG|dlrs
14:50:18.24 (50059721)|ENTERING_MANAGED_PKG|dlrs
14:50:18.24 (50161692)|ENTERING_MANAGED_PKG|dlrs
14:50:18.24 (50258733)|ENTERING_MANAGED_PKG|dlrs
14:50:18.24 (50354967)|ENTERING_MANAGED_PKG|dlrs
14:50:18.24 (50479581)|ENTERING_MANAGED_PKG|dlrs
14:50:18.24 (50549391)|ENTERING_MANAGED_PKG|dlrs
14:50:18.24 (50650251)|ENTERING_MANAGED_PKG|dlrs
14:50:18.24 (50752423)|ENTERING_MANAGED_PKG|dlrs
14:50:18.24 (50849785)|ENTERING_MANAGED_PKG|dlrs
14:50:18.24 (50950311)|ENTERING_MANAGED_PKG|dlrs
14:50:18.24 (51105146)|ENTERING_MANAGED_PKG|dlrs
14:50:18.24 (51178156)|ENTERING_MANAGED_PKG|dlrs
14:50:18.24 (51280262)|ENTERING_MANAGED_PKG|dlrs
14:50:18.24 (51376642)|ENTERING_MANAGED_PKG|dlrs
14:50:18.24 (51472794)|ENTERING_MANAGED_PKG|dlrs
14:50:18.24 (51569475)|ENTERING_MANAGED_PKG|dlrs
14:50:18.24 (51665456)|ENTERING_MANAGED_PKG|dlrs
14:50:18.24 (51796185)|ENTERING_MANAGED_PKG|dlrs
14:50:18.24 (51865651)|ENTERING_MANAGED_PKG|dlrs
14:50:18.24 (51972826)|ENTERING_MANAGED_PKG|dlrs
14:50:18.24 (52070494)|ENTERING_MANAGED_PKG|dlrs
14:50:18.24 (52168285)|ENTERING_MANAGED_PKG|dlrs
14:50:18.24 (52264455)|ENTERING_MANAGED_PKG|dlrs
14:50:18.24 (52361657)|ENTERING_MANAGED_PKG|dlrs
14:50:18.24 (52458679)|ENTERING_MANAGED_PKG|dlrs
14:50:18.24 (52584877)|ENTERING_MANAGED_PKG|dlrs
14:50:18.24 (52653816)|ENTERING_MANAGED_PKG|dlrs
14:50:18.24 (52759958)|ENTERING_MANAGED_PKG|dlrs
14:50:18.24 (52857343)|ENTERING_MANAGED_PKG|dlrs
14:50:18.24 (52959998)|ENTERING_MANAGED_PKG|dlrs
14:50:18.24 (53057734)|ENTERING_MANAGED_PKG|dlrs
14:50:18.24 (53154956)|ENTERING_MANAGED_PKG|dlrs
14:50:18.24 (53250912)|ENTERING_MANAGED_PKG|dlrs
14:50:18.24 (53347979)|ENTERING_MANAGED_PKG|dlrs
14:50:18.24 (53472853)|ENTERING_MANAGED_PKG|dlrs
14:50:18.24 (53542503)|ENTERING_MANAGED_PKG|dlrs
14:50:18.24 (53642932)|ENTERING_MANAGED_PKG|dlrs
14:50:18.24 (53752410)|ENTERING_MANAGED_PKG|dlrs
14:50:18.24 (53850068)|ENTERING_MANAGED_PKG|dlrs
14:50:18.24 (53950791)|ENTERING_MANAGED_PKG|dlrs
14:50:18.24 (54048439)|ENTERING_MANAGED_PKG|dlrs
14:50:18.24 (54144938)|ENTERING_MANAGED_PKG|dlrs
14:50:18.24 (54240289)|ENTERING_MANAGED_PKG|dlrs
14:50:18.24 (54335672)|ENTERING_MANAGED_PKG|dlrs
14:50:18.24 (54460364)|ENTERING_MANAGED_PKG|dlrs
14:50:18.24 (54530254)|ENTERING_MANAGED_PKG|dlrs
14:50:18.24 (54660639)|ENTERING_MANAGED_PKG|dlrs
14:50:18.24 (54765133)|ENTERING_MANAGED_PKG|dlrs
14:50:18.24 (54890246)|ENTERING_MANAGED_PKG|dlrs
14:50:18.24 (54994887)|ENTERING_MANAGED_PKG|dlrs
14:50:18.24 (55124955)|ENTERING_MANAGED_PKG|dlrs
14:50:18.24 (55254338)|ENTERING_MANAGED_PKG|dlrs
14:50:18.24 (55367588)|ENTERING_MANAGED_PKG|dlrs
14:50:18.24 (55510404)|ENTERING_MANAGED_PKG|dlrs
14:50:18.24 (55624945)|ENTERING_MANAGED_PKG|dlrs
14:50:18.24 (55773282)|ENTERING_MANAGED_PKG|dlrs
14:50:18.24 (55855101)|ENTERING_MANAGED_PKG|dlrs
14:50:18.24 (55985444)|ENTERING_MANAGED_PKG|dlrs
14:50:18.24 (56084974)|ENTERING_MANAGED_PKG|dlrs
14:50:18.24 (56183659)|ENTERING_MANAGED_PKG|dlrs
14:50:18.24 (56280512)|ENTERING_MANAGED_PKG|dlrs
14:50:18.24 (56376674)|ENTERING_MANAGED_PKG|dlrs
14:50:18.24 (56473145)|ENTERING_MANAGED_PKG|dlrs
14:50:18.24 (56569873)|ENTERING_MANAGED_PKG|dlrs
14:50:18.24 (56665507)|ENTERING_MANAGED_PKG|dlrs
14:50:18.24 (56768199)|ENTERING_MANAGED_PKG|dlrs
14:50:18.24 (56866042)|ENTERING_MANAGED_PKG|dlrs
14:50:18.24 (57000069)|ENTERING_MANAGED_PKG|dlrs
14:50:18.24 (57071680)|ENTERING_MANAGED_PKG|dlrs
14:50:18.24 (57172045)|ENTERING_MANAGED_PKG|dlrs
14:50:18.24 (57268221)|ENTERING_MANAGED_PKG|dlrs
14:50:18.24 (57365156)|ENTERING_MANAGED_PKG|dlrs
14:50:18.24 (57461398)|ENTERING_MANAGED_PKG|dlrs
14:50:18.24 (57556615)|ENTERING_MANAGED_PKG|dlrs
14:50:18.24 (57652312)|ENTERING_MANAGED_PKG|dlrs
14:50:18.24 (57759121)|ENTERING_MANAGED_PKG|dlrs
14:50:18.24 (57856119)|ENTERING_MANAGED_PKG|dlrs
14:50:18.24 (57956830)|ENTERING_MANAGED_PKG|dlrs
14:50:18.24 (58055414)|ENTERING_MANAGED_PKG|dlrs
14:50:18.24 (58152450)|ENTERING_MANAGED_PKG|dlrs
14:50:18.24 (58277823)|ENTERING_MANAGED_PKG|dlrs
14:50:18.24 (58347938)|ENTERING_MANAGED_PKG|dlrs
14:50:18.24 (58447708)|ENTERING_MANAGED_PKG|dlrs
14:50:18.24 (58544377)|ENTERING_MANAGED_PKG|dlrs
14:50:18.24 (58640639)|ENTERING_MANAGED_PKG|dlrs
14:50:18.24 (58741541)|ENTERING_MANAGED_PKG|dlrs
14:50:18.24 (58838826)|ENTERING_MANAGED_PKG|dlrs
14:50:18.24 (58938597)|ENTERING_MANAGED_PKG|dlrs
14:50:18.24 (59037839)|ENTERING_MANAGED_PKG|dlrs
14:50:18.24 (59134609)|ENTERING_MANAGED_PKG|dlrs
14:50:18.24 (59245159)|ENTERING_MANAGED_PKG|dlrs
14:50:18.24 (59351915)|ENTERING_MANAGED_PKG|dlrs
14:50:18.24 (59452326)|ENTERING_MANAGED_PKG|dlrs
14:50:18.24 (59548823)|ENTERING_MANAGED_PKG|dlrs
14:50:18.24 (59675775)|ENTERING_MANAGED_PKG|dlrs
14:50:18.24 (59760988)|ENTERING_MANAGED_PKG|dlrs
14:50:18.24 (59875985)|ENTERING_MANAGED_PKG|dlrs
14:50:18.24 (59978157)|ENTERING_MANAGED_PKG|dlrs
14:50:18.24 (60075815)|ENTERING_MANAGED_PKG|dlrs
14:50:18.24 (60197782)|ENTERING_MANAGED_PKG|dlrs
14:50:18.24 (60339374)|ENTERING_MANAGED_PKG|dlrs
14:50:18.24 (60455600)|ENTERING_MANAGED_PKG|dlrs
14:50:18.24 (60556602)|ENTERING_MANAGED_PKG|dlrs
14:50:18.24 (60653562)|ENTERING_MANAGED_PKG|dlrs
14:50:18.24 (60755321)|ENTERING_MANAGED_PKG|dlrs
14:50:18.24 (60852759)|ENTERING_MANAGED_PKG|dlrs
14:50:18.24 (60953823)|ENTERING_MANAGED_PKG|dlrs
14:50:18.24 (61057344)|ENTERING_MANAGED_PKG|dlrs
14:50:18.24 (61154276)|ENTERING_MANAGED_PKG|dlrs
14:50:18.24 (61279656)|ENTERING_MANAGED_PKG|dlrs
14:50:18.24 (61351412)|ENTERING_MANAGED_PKG|dlrs
14:50:18.24 (61452415)|ENTERING_MANAGED_PKG|dlrs
14:50:18.24 (61548686)|ENTERING_MANAGED_PKG|dlrs
14:50:18.24 (61645514)|ENTERING_MANAGED_PKG|dlrs
14:50:18.24 (61747675)|ENTERING_MANAGED_PKG|dlrs
14:50:18.24 (61845393)|ENTERING_MANAGED_PKG|dlrs
14:50:18.24 (61966523)|ENTERING_MANAGED_PKG|dlrs
14:50:18.24 (62070047)|ENTERING_MANAGED_PKG|dlrs
14:50:18.24 (62203835)|ENTERING_MANAGED_PKG|dlrs
14:50:18.24 (62302370)|ENTERING_MANAGED_PKG|dlrs
14:50:18.24 (62398737)|ENTERING_MANAGED_PKG|dlrs
14:50:18.24 (62495927)|ENTERING_MANAGED_PKG|dlrs
14:50:18.24 (62591696)|ENTERING_MANAGED_PKG|dlrs
14:50:18.24 (62687821)|ENTERING_MANAGED_PKG|dlrs
14:50:18.24 (62789456)|ENTERING_MANAGED_PKG|dlrs
14:50:18.24 (62915572)|ENTERING_MANAGED_PKG|dlrs
14:50:18.24 (62992388)|ENTERING_MANAGED_PKG|dlrs
14:50:18.24 (63094303)|ENTERING_MANAGED_PKG|dlrs
14:50:18.24 (63191556)|ENTERING_MANAGED_PKG|dlrs
14:50:18.24 (63287692)|ENTERING_MANAGED_PKG|dlrs
14:50:18.24 (63384025)|ENTERING_MANAGED_PKG|dlrs
14:50:18.24 (63502989)|ENTERING_MANAGED_PKG|dlrs
14:50:18.24 (63603754)|ENTERING_MANAGED_PKG|dlrs
14:50:18.24 (63699633)|ENTERING_MANAGED_PKG|dlrs
14:50:18.24 (63844613)|ENTERING_MANAGED_PKG|dlrs
14:50:18.24 (63947412)|ENTERING_MANAGED_PKG|dlrs
14:50:18.24 (64045926)|ENTERING_MANAGED_PKG|dlrs
14:50:18.24 (64143370)|ENTERING_MANAGED_PKG|dlrs
14:50:18.24 (64239510)|ENTERING_MANAGED_PKG|dlrs
14:50:18.24 (64335532)|ENTERING_MANAGED_PKG|dlrs
14:50:18.24 (64432320)|ENTERING_MANAGED_PKG|dlrs
14:50:18.24 (64528629)|ENTERING_MANAGED_PKG|dlrs
14:50:18.24 (64655223)|ENTERING_MANAGED_PKG|dlrs
14:50:18.24 (64731598)|ENTERING_MANAGED_PKG|dlrs
14:50:18.24 (64834067)|ENTERING_MANAGED_PKG|dlrs
14:50:18.24 (64931827)|ENTERING_MANAGED_PKG|dlrs
14:50:18.24 (65033470)|ENTERING_MANAGED_PKG|dlrs
14:50:18.24 (65130749)|ENTERING_MANAGED_PKG|dlrs
14:50:18.24 (65227279)|ENTERING_MANAGED_PKG|dlrs
14:50:18.24 (65323755)|ENTERING_MANAGED_PKG|dlrs
14:50:18.24 (65427920)|ENTERING_MANAGED_PKG|dlrs
14:50:18.24 (65542992)|ENTERING_MANAGED_PKG|dlrs
14:50:18.24 (65640853)|ENTERING_MANAGED_PKG|dlrs
14:50:18.24 (65752173)|ENTERING_MANAGED_PKG|dlrs
14:50:18.24 (65867236)|ENTERING_MANAGED_PKG|dlrs
14:50:18.24 (65970865)|ENTERING_MANAGED_PKG|dlrs
14:50:18.24 (66067988)|ENTERING_MANAGED_PKG|dlrs
14:50:18.24 (66165367)|ENTERING_MANAGED_PKG|dlrs
14:50:18.24 (66261263)|ENTERING_MANAGED_PKG|dlrs
14:50:18.24 (66357207)|ENTERING_MANAGED_PKG|dlrs
14:50:18.24 (66483489)|ENTERING_MANAGED_PKG|dlrs
14:50:18.24 (66555249)|ENTERING_MANAGED_PKG|dlrs
14:50:18.24 (66656164)|ENTERING_MANAGED_PKG|dlrs
14:50:18.24 (66759211)|ENTERING_MANAGED_PKG|dlrs
14:50:18.24 (66856411)|ENTERING_MANAGED_PKG|dlrs
14:50:18.24 (66957210)|ENTERING_MANAGED_PKG|dlrs
14:50:18.24 (67054334)|ENTERING_MANAGED_PKG|dlrs
14:50:18.24 (67150790)|ENTERING_MANAGED_PKG|dlrs
14:50:18.24 (67247083)|ENTERING_MANAGED_PKG|dlrs
14:50:18.24 (67343830)|ENTERING_MANAGED_PKG|dlrs
14:50:18.24 (67440098)|ENTERING_MANAGED_PKG|dlrs
14:50:18.24 (67536499)|ENTERING_MANAGED_PKG|dlrs
14:50:18.24 (67632137)|ENTERING_MANAGED_PKG|dlrs
14:50:18.24 (67732247)|ENTERING_MANAGED_PKG|dlrs
14:50:18.24 (67830117)|ENTERING_MANAGED_PKG|dlrs
14:50:18.24 (67927448)|ENTERING_MANAGED_PKG|dlrs
14:50:18.24 (68029348)|ENTERING_MANAGED_PKG|dlrs
14:50:18.24 (68126553)|ENTERING_MANAGED_PKG|dlrs
14:50:18.24 (68221635)|ENTERING_MANAGED_PKG|dlrs
14:50:18.24 (68374864)|ENTERING_MANAGED_PKG|dlrs
14:50:18.24 (68455096)|ENTERING_MANAGED_PKG|dlrs
14:50:18.24 (68558331)|ENTERING_MANAGED_PKG|dlrs
14:50:18.24 (68655369)|ENTERING_MANAGED_PKG|dlrs
14:50:18.24 (68756373)|ENTERING_MANAGED_PKG|dlrs
14:50:18.24 (68853504)|ENTERING_MANAGED_PKG|dlrs
14:50:18.24 (68960163)|ENTERING_MANAGED_PKG|dlrs
14:50:18.24 (69058461)|ENTERING_MANAGED_PKG|dlrs
14:50:18.24 (69155961)|ENTERING_MANAGED_PKG|dlrs
14:50:18.24 (69252004)|ENTERING_MANAGED_PKG|dlrs
14:50:18.24 (69347049)|ENTERING_MANAGED_PKG|dlrs
14:50:18.24 (69443329)|ENTERING_MANAGED_PKG|dlrs
14:50:18.24 (69538999)|ENTERING_MANAGED_PKG|dlrs
14:50:18.24 (69635432)|ENTERING_MANAGED_PKG|dlrs
14:50:18.24 (69748034)|ENTERING_MANAGED_PKG|dlrs
14:50:18.24 (69846533)|ENTERING_MANAGED_PKG|dlrs
14:50:18.24 (69945478)|ENTERING_MANAGED_PKG|dlrs
14:50:18.24 (70044359)|ENTERING_MANAGED_PKG|dlrs
14:50:18.24 (70141136)|ENTERING_MANAGED_PKG|dlrs
14:50:18.24 (70243130)|ENTERING_MANAGED_PKG|dlrs
14:50:18.24 (70447906)|ENTERING_MANAGED_PKG|dlrs
14:50:18.24 (70550029)|ENTERING_MANAGED_PKG|dlrs
14:50:18.24 (70705622)|ENTERING_MANAGED_PKG|dlrs
14:50:18.24 (70855873)|ENTERING_MANAGED_PKG|dlrs
14:50:18.24 (71017138)|ENTERING_MANAGED_PKG|dlrs
14:50:18.24 (71179140)|ENTERING_MANAGED_PKG|dlrs
14:50:18.24 (71340041)|ENTERING_MANAGED_PKG|dlrs
14:50:18.24 (71499649)|ENTERING_MANAGED_PKG|dlrs
14:50:18.24 (71658350)|ENTERING_MANAGED_PKG|dlrs
14:50:18.24 (71824318)|ENTERING_MANAGED_PKG|dlrs
14:50:18.24 (71984833)|ENTERING_MANAGED_PKG|dlrs
14:50:18.24 (72151618)|ENTERING_MANAGED_PKG|dlrs
14:50:18.24 (72306081)|ENTERING_MANAGED_PKG|dlrs
14:50:18.24 (72448239)|ENTERING_MANAGED_PKG|dlrs
14:50:18.24 (72607450)|ENTERING_MANAGED_PKG|dlrs
14:50:18.24 (72773272)|ENTERING_MANAGED_PKG|dlrs
14:50:18.24 (72881076)|ENTERING_MANAGED_PKG|dlrs
14:50:18.24 (72984546)|ENTERING_MANAGED_PKG|dlrs
14:50:18.24 (73105668)|ENTERING_MANAGED_PKG|dlrs
14:50:18.24 (73204152)|ENTERING_MANAGED_PKG|dlrs
14:50:18.24 (73300943)|ENTERING_MANAGED_PKG|dlrs
14:50:18.24 (73429352)|ENTERING_MANAGED_PKG|dlrs
14:50:18.24 (73637824)|ENTERING_MANAGED_PKG|dlrs
14:50:18.24 (73678206)|ENTERING_MANAGED_PKG|dlrs
14:50:18.24 (73709442)|ENTERING_MANAGED_PKG|dlrs
14:50:18.24 (78597937)|ENTERING_MANAGED_PKG|dlrs
14:50:18.24 (78623674)|ENTERING_MANAGED_PKG|dlrs
14:50:18.24 (78643495)|ENTERING_MANAGED_PKG|dlrs
14:50:18.24 (78800977)|ENTERING_MANAGED_PKG|dlrs
14:50:18.24 (78855993)|ENTERING_MANAGED_PKG|dlrs
14:50:18.24 (78914328)|ENTERING_MANAGED_PKG|dlrs
14:50:18.24 (79002044)|ENTERING_MANAGED_PKG|dlrs
14:50:18.24 (79022321)|ENTERING_MANAGED_PKG|dlrs
14:50:18.24 (79100529)|ENTERING_MANAGED_PKG|dlrs
14:50:18.24 (79125850)|ENTERING_MANAGED_PKG|dlrs
14:50:18.24 (80358129)|ENTERING_MANAGED_PKG|dlrs
14:50:18.24 (80386214)|ENTERING_MANAGED_PKG|dlrs
14:50:18.24 (80710936)|ENTERING_MANAGED_PKG|dlrs
14:50:18.24 (81544571)|ENTERING_MANAGED_PKG|dlrs
14:50:18.24 (81583838)|ENTERING_MANAGED_PKG|dlrs
14:50:18.24 (82014342)|ENTERING_MANAGED_PKG|dlrs
14:50:18.24 (82068561)|ENTERING_MANAGED_PKG|dlrs
14:50:18.24 (82138254)|ENTERING_MANAGED_PKG|dlrs
14:50:18.24 (82159923)|ENTERING_MANAGED_PKG|dlrs
14:50:18.24 (82170337)|ENTERING_MANAGED_PKG|dlrs
14:50:18.24 (82249413)|ENTERING_MANAGED_PKG|dlrs
14:50:18.24 (82266617)|ENTERING_MANAGED_PKG|dlrs
14:50:18.24 (82291475)|ENTERING_MANAGED_PKG|dlrs
14:50:18.24 (82347584)|ENTERING_MANAGED_PKG|dlrs
14:50:18.24 (82371143)|ENTERING_MANAGED_PKG|dlrs
14:50:18.24 (82590764)|ENTERING_MANAGED_PKG|dlrs
14:50:18.24 (82679698)|ENTERING_MANAGED_PKG|dlrs
14:50:18.24 (82706478)|ENTERING_MANAGED_PKG|dlrs
14:50:18.24 (82855437)|ENTERING_MANAGED_PKG|dlrs
14:50:18.24 (82953153)|ENTERING_MANAGED_PKG|dlrs
14:50:18.24 (82991835)|ENTERING_MANAGED_PKG|dlrs
14:50:18.24 (83062916)|ENTERING_MANAGED_PKG|dlrs
14:50:18.24 (83078090)|ENTERING_MANAGED_PKG|dlrs
14:50:18.24 (83157050)|ENTERING_MANAGED_PKG|dlrs
14:50:18.24 (83428634)|ENTERING_MANAGED_PKG|dlrs
14:50:18.24 (83579932)|ENTERING_MANAGED_PKG|dlrs
14:50:18.24 (83872632)|ENTERING_MANAGED_PKG|dlrs
14:50:18.24 (83970655)|ENTERING_MANAGED_PKG|dlrs
14:50:18.24 (84151823)|ENTERING_MANAGED_PKG|dlrs
14:50:18.24 (84255551)|ENTERING_MANAGED_PKG|dlrs
14:50:18.24 (84432395)|ENTERING_MANAGED_PKG|dlrs
14:50:18.24 (84526312)|ENTERING_MANAGED_PKG|dlrs
14:50:18.24 (84803529)|ENTERING_MANAGED_PKG|dlrs
14:50:18.24 (84901544)|ENTERING_MANAGED_PKG|dlrs
14:50:18.24 (85157764)|ENTERING_MANAGED_PKG|dlrs
14:50:18.24 (85334625)|ENTERING_MANAGED_PKG|dlrs
14:50:18.24 (85585016)|ENTERING_MANAGED_PKG|dlrs
14:50:18.24 (85682974)|ENTERING_MANAGED_PKG|dlrs
14:50:18.24 (85943305)|ENTERING_MANAGED_PKG|dlrs
14:50:18.24 (86044116)|ENTERING_MANAGED_PKG|dlrs
14:50:18.24 (86294247)|ENTERING_MANAGED_PKG|dlrs
14:50:18.24 (86390417)|ENTERING_MANAGED_PKG|dlrs
14:50:18.24 (86640982)|ENTERING_MANAGED_PKG|dlrs
14:50:18.24 (86744703)|ENTERING_MANAGED_PKG|dlrs
14:50:18.24 (86918372)|ENTERING_MANAGED_PKG|dlrs
14:50:18.24 (87090000)|ENTERING_MANAGED_PKG|dlrs
14:50:18.24 (87344079)|ENTERING_MANAGED_PKG|dlrs
14:50:18.24 (87440373)|ENTERING_MANAGED_PKG|dlrs
14:50:18.24 (87753560)|ENTERING_MANAGED_PKG|dlrs
14:50:18.24 (87893354)|ENTERING_MANAGED_PKG|dlrs
14:50:18.24 (88311825)|ENTERING_MANAGED_PKG|dlrs
14:50:18.24 (88471398)|ENTERING_MANAGED_PKG|dlrs
14:50:18.24 (88760990)|ENTERING_MANAGED_PKG|dlrs
14:50:18.24 (88892701)|ENTERING_MANAGED_PKG|dlrs
14:50:18.24 (89154413)|ENTERING_MANAGED_PKG|dlrs
14:50:18.24 (89386745)|ENTERING_MANAGED_PKG|dlrs
14:50:18.24 (89757635)|ENTERING_MANAGED_PKG|dlrs
14:50:18.24 (89894214)|ENTERING_MANAGED_PKG|dlrs
14:50:18.24 (90286224)|ENTERING_MANAGED_PKG|dlrs
14:50:18.24 (90423045)|ENTERING_MANAGED_PKG|dlrs
14:50:18.24 (90715757)|ENTERING_MANAGED_PKG|dlrs
14:50:18.24 (90878086)|ENTERING_MANAGED_PKG|dlrs
14:50:18.24 (91263729)|ENTERING_MANAGED_PKG|dlrs
14:50:18.24 (91409273)|ENTERING_MANAGED_PKG|dlrs
14:50:18.24 (91675660)|ENTERING_MANAGED_PKG|dlrs
14:50:18.24 (91826990)|ENTERING_MANAGED_PKG|dlrs
14:50:18.24 (92092710)|ENTERING_MANAGED_PKG|dlrs
14:50:18.24 (92240021)|ENTERING_MANAGED_PKG|dlrs
14:50:18.24 (92617190)|ENTERING_MANAGED_PKG|dlrs
14:50:18.24 (92778071)|ENTERING_MANAGED_PKG|dlrs
14:50:18.24 (93041496)|ENTERING_MANAGED_PKG|dlrs
14:50:18.24 (93184483)|ENTERING_MANAGED_PKG|dlrs
14:50:18.24 (93454821)|ENTERING_MANAGED_PKG|dlrs
14:50:18.24 (93598925)|ENTERING_MANAGED_PKG|dlrs
14:50:18.24 (93865901)|ENTERING_MANAGED_PKG|dlrs
14:50:18.24 (94009436)|ENTERING_MANAGED_PKG|dlrs
14:50:18.24 (94388369)|ENTERING_MANAGED_PKG|dlrs
14:50:18.24 (94531066)|ENTERING_MANAGED_PKG|dlrs
14:50:18.24 (94786500)|ENTERING_MANAGED_PKG|dlrs
14:50:18.24 (94884583)|ENTERING_MANAGED_PKG|dlrs
14:50:18.24 (95054877)|ENTERING_MANAGED_PKG|dlrs
14:50:18.24 (95151731)|ENTERING_MANAGED_PKG|dlrs
14:50:18.24 (95322571)|ENTERING_MANAGED_PKG|dlrs
14:50:18.24 (95419011)|ENTERING_MANAGED_PKG|dlrs
14:50:18.24 (95588487)|ENTERING_MANAGED_PKG|dlrs
14:50:18.24 (95683906)|ENTERING_MANAGED_PKG|dlrs
14:50:18.24 (95860154)|ENTERING_MANAGED_PKG|dlrs
14:50:18.24 (95955825)|ENTERING_MANAGED_PKG|dlrs
14:50:18.24 (96125931)|ENTERING_MANAGED_PKG|dlrs
14:50:18.24 (96221857)|ENTERING_MANAGED_PKG|dlrs
14:50:18.24 (96391114)|ENTERING_MANAGED_PKG|dlrs
14:50:18.24 (96486786)|ENTERING_MANAGED_PKG|dlrs
14:50:18.24 (96661154)|ENTERING_MANAGED_PKG|dlrs
14:50:18.24 (96767191)|ENTERING_MANAGED_PKG|dlrs
14:50:18.24 (96939659)|ENTERING_MANAGED_PKG|dlrs
14:50:18.24 (97040077)|ENTERING_MANAGED_PKG|dlrs
14:50:18.24 (97211982)|ENTERING_MANAGED_PKG|dlrs
14:50:18.24 (97310991)|ENTERING_MANAGED_PKG|dlrs
14:50:18.24 (97483659)|ENTERING_MANAGED_PKG|dlrs
14:50:18.24 (97580189)|ENTERING_MANAGED_PKG|dlrs
14:50:18.24 (97753641)|ENTERING_MANAGED_PKG|dlrs
14:50:18.24 (97860498)|ENTERING_MANAGED_PKG|dlrs
14:50:18.24 (98030866)|ENTERING_MANAGED_PKG|dlrs
14:50:18.24 (98133934)|ENTERING_MANAGED_PKG|dlrs
14:50:18.24 (98303298)|ENTERING_MANAGED_PKG|dlrs
14:50:18.24 (98397614)|ENTERING_MANAGED_PKG|dlrs
14:50:18.24 (98567121)|ENTERING_MANAGED_PKG|dlrs
14:50:18.24 (98663486)|ENTERING_MANAGED_PKG|dlrs
14:50:18.24 (98853816)|ENTERING_MANAGED_PKG|dlrs
14:50:18.24 (98949787)|ENTERING_MANAGED_PKG|dlrs
14:50:18.24 (99125735)|ENTERING_MANAGED_PKG|dlrs
14:50:18.24 (99221193)|ENTERING_MANAGED_PKG|dlrs
14:50:18.24 (99389588)|ENTERING_MANAGED_PKG|dlrs
14:50:18.24 (99484453)|ENTERING_MANAGED_PKG|dlrs
14:50:18.24 (99653872)|ENTERING_MANAGED_PKG|dlrs
14:50:18.24 (99755078)|ENTERING_MANAGED_PKG|dlrs
14:50:18.24 (99930062)|ENTERING_MANAGED_PKG|dlrs
14:50:18.24 (100025217)|ENTERING_MANAGED_PKG|dlrs
14:50:18.24 (100195419)|ENTERING_MANAGED_PKG|dlrs
14:50:18.24 (100329940)|ENTERING_MANAGED_PKG|dlrs
14:50:18.24 (100502639)|ENTERING_MANAGED_PKG|dlrs
14:50:18.24 (100598941)|ENTERING_MANAGED_PKG|dlrs
14:50:18.24 (100775661)|ENTERING_MANAGED_PKG|dlrs
14:50:18.24 (100873078)|ENTERING_MANAGED_PKG|dlrs
14:50:18.24 (101043326)|ENTERING_MANAGED_PKG|dlrs
14:50:18.24 (101139497)|ENTERING_MANAGED_PKG|dlrs
14:50:18.24 (105214821)|ENTERING_MANAGED_PKG|dlrs
14:50:18.24 (105445007)|ENTERING_MANAGED_PKG|dlrs
14:50:18.24 (105702440)|ENTERING_MANAGED_PKG|dlrs
14:50:18.24 (106749556)|SOQL_EXECUTE_BEGIN|[302]|Aggregations:0|SELECT DeveloperName, Id, Label, dlrs__Active__c, dlrs__AggregateAllRows__c, dlrs__AggregateOperation__c, dlrs__AggregateResultField__c, dlrs__CalculationMode__c, dlrs__CalculationSharingMode__c, dlrs__ChildObject__c, dlrs__ConcatenateDelimiter__c, dlrs__Description__c, dlrs__FieldToAggregate__c, dlrs__FieldToOrderBy__c, dlrs__ParentObject__c, dlrs__RelationshipCriteriaFields__c, dlrs__RelationshipCriteria__c, dlrs__RelationshipField__c, dlrs__RowLimit__c, dlrs__TestCodeSeeAllData__c, dlrs__TestCode__c FROM dlrs__LookupRollupSummary2__mdt ORDER BY DeveloperName ASC NULLS FIRST , Label ASC NULLS FIRST 
14:50:18.24 (109990870)|SOQL_EXECUTE_END|[302]|Rows:9
14:50:18.24 (114627857)|ENTERING_MANAGED_PKG|dlrs
14:50:18.24 (114661750)|ENTERING_MANAGED_PKG|dlrs
14:50:18.24 (115102001)|ENTERING_MANAGED_PKG|dlrs
14:50:18.24 (115185366)|ENTERING_MANAGED_PKG|dlrs
14:50:18.24 (115315907)|ENTERING_MANAGED_PKG|dlrs
14:50:18.24 (115430911)|ENTERING_MANAGED_PKG|dlrs
14:50:18.24 (115491282)|ENTERING_MANAGED_PKG|dlrs
14:50:18.24 (115542830)|ENTERING_MANAGED_PKG|dlrs
14:50:18.24 (115586713)|ENTERING_MANAGED_PKG|dlrs
14:50:18.24 (115624695)|ENTERING_MANAGED_PKG|dlrs
14:50:18.24 (115670710)|ENTERING_MANAGED_PKG|dlrs
14:50:18.24 (115711642)|ENTERING_MANAGED_PKG|dlrs
14:50:18.24 (115789294)|ENTERING_MANAGED_PKG|dlrs
14:50:18.24 (115834396)|ENTERING_MANAGED_PKG|dlrs
14:50:18.24 (115879602)|ENTERING_MANAGED_PKG|dlrs
14:50:18.24 (115917740)|ENTERING_MANAGED_PKG|dlrs
14:50:18.24 (115960308)|ENTERING_MANAGED_PKG|dlrs
14:50:18.24 (116000851)|ENTERING_MANAGED_PKG|dlrs
14:50:18.24 (116046650)|ENTERING_MANAGED_PKG|dlrs
14:50:18.24 (116085267)|ENTERING_MANAGED_PKG|dlrs
14:50:18.24 (116141294)|ENTERING_MANAGED_PKG|dlrs
14:50:18.24 (116181087)|ENTERING_MANAGED_PKG|dlrs
14:50:18.24 (116225165)|ENTERING_MANAGED_PKG|dlrs
14:50:18.24 (116268732)|ENTERING_MANAGED_PKG|dlrs
14:50:18.24 (116313697)|ENTERING_MANAGED_PKG|dlrs
14:50:18.24 (116352100)|ENTERING_MANAGED_PKG|dlrs
14:50:18.24 (116394919)|ENTERING_MANAGED_PKG|dlrs
14:50:18.24 (116433535)|ENTERING_MANAGED_PKG|dlrs
14:50:18.24 (116475925)|ENTERING_MANAGED_PKG|dlrs
14:50:18.24 (116513846)|ENTERING_MANAGED_PKG|dlrs
14:50:18.24 (116556961)|ENTERING_MANAGED_PKG|dlrs
14:50:18.24 (116598295)|ENTERING_MANAGED_PKG|dlrs
14:50:18.24 (116645468)|ENTERING_MANAGED_PKG|dlrs
14:50:18.24 (116684849)|ENTERING_MANAGED_PKG|dlrs
14:50:18.24 (116727901)|ENTERING_MANAGED_PKG|dlrs
14:50:18.24 (116766721)|ENTERING_MANAGED_PKG|dlrs
14:50:18.24 (116813453)|ENTERING_MANAGED_PKG|dlrs
14:50:18.24 (116863002)|ENTERING_MANAGED_PKG|dlrs
14:50:18.24 (116917235)|ENTERING_MANAGED_PKG|dlrs
14:50:18.24 (116959537)|ENTERING_MANAGED_PKG|dlrs
14:50:18.24 (117003753)|ENTERING_MANAGED_PKG|dlrs
14:50:18.24 (117043669)|ENTERING_MANAGED_PKG|dlrs
14:50:18.24 (117091217)|ENTERING_MANAGED_PKG|dlrs
14:50:18.24 (117143932)|ENTERING_MANAGED_PKG|dlrs
14:50:18.24 (117219032)|ENTERING_MANAGED_PKG|dlrs
14:50:18.24 (117280127)|ENTERING_MANAGED_PKG|dlrs
14:50:18.24 (117419326)|ENTERING_MANAGED_PKG|dlrs
14:50:18.24 (117470453)|ENTERING_MANAGED_PKG|dlrs
14:50:18.24 (117505146)|ENTERING_MANAGED_PKG|dlrs
14:50:18.24 (117526953)|ENTERING_MANAGED_PKG|dlrs
14:50:18.24 (117555216)|ENTERING_MANAGED_PKG|dlrs
14:50:18.24 (117589609)|ENTERING_MANAGED_PKG|dlrs
14:50:18.24 (117629507)|ENTERING_MANAGED_PKG|dlrs
14:50:18.24 (117665173)|ENTERING_MANAGED_PKG|dlrs
14:50:18.24 (117692579)|ENTERING_MANAGED_PKG|dlrs
14:50:18.24 (117730311)|ENTERING_MANAGED_PKG|dlrs
14:50:18.24 (117758326)|ENTERING_MANAGED_PKG|dlrs
14:50:18.24 (117792673)|ENTERING_MANAGED_PKG|dlrs
14:50:18.24 (117825508)|ENTERING_MANAGED_PKG|dlrs
14:50:18.24 (117860259)|ENTERING_MANAGED_PKG|dlrs
14:50:18.24 (117887941)|ENTERING_MANAGED_PKG|dlrs
14:50:18.24 (118001022)|ENTERING_MANAGED_PKG|dlrs
14:50:18.24 (118052948)|ENTERING_MANAGED_PKG|dlrs
14:50:18.24 (118095870)|ENTERING_MANAGED_PKG|dlrs
14:50:18.24 (118130335)|ENTERING_MANAGED_PKG|dlrs
14:50:18.24 (118153992)|ENTERING_MANAGED_PKG|dlrs
14:50:18.24 (118170782)|ENTERING_MANAGED_PKG|dlrs
14:50:18.24 (118191402)|ENTERING_MANAGED_PKG|dlrs
14:50:18.24 (118207781)|ENTERING_MANAGED_PKG|dlrs
14:50:18.24 (118230709)|ENTERING_MANAGED_PKG|dlrs
14:50:18.24 (118248272)|ENTERING_MANAGED_PKG|dlrs
14:50:18.24 (118268901)|ENTERING_MANAGED_PKG|dlrs
14:50:18.24 (118285519)|ENTERING_MANAGED_PKG|dlrs
14:50:18.24 (118306319)|ENTERING_MANAGED_PKG|dlrs
14:50:18.24 (118322614)|ENTERING_MANAGED_PKG|dlrs
14:50:18.24 (118342965)|ENTERING_MANAGED_PKG|dlrs
14:50:18.24 (118359493)|ENTERING_MANAGED_PKG|dlrs
14:50:18.24 (118379704)|ENTERING_MANAGED_PKG|dlrs
14:50:18.24 (118396134)|ENTERING_MANAGED_PKG|dlrs
14:50:18.24 (118416751)|ENTERING_MANAGED_PKG|dlrs
14:50:18.24 (118432987)|ENTERING_MANAGED_PKG|dlrs
14:50:18.24 (118453367)|ENTERING_MANAGED_PKG|dlrs
14:50:18.24 (118470558)|ENTERING_MANAGED_PKG|dlrs
14:50:18.24 (118494869)|ENTERING_MANAGED_PKG|dlrs
14:50:18.24 (118534550)|ENTERING_MANAGED_PKG|dlrs
14:50:18.24 (118581580)|ENTERING_MANAGED_PKG|dlrs
14:50:18.24 (118617413)|ENTERING_MANAGED_PKG|dlrs
14:50:18.24 (118646805)|ENTERING_MANAGED_PKG|dlrs
14:50:18.24 (118671240)|ENTERING_MANAGED_PKG|dlrs
14:50:18.24 (118705333)|ENTERING_MANAGED_PKG|dlrs
14:50:18.24 (118831034)|ENTERING_MANAGED_PKG|dlrs
14:50:18.24 (118886417)|ENTERING_MANAGED_PKG|dlrs
14:50:18.24 (118922905)|ENTERING_MANAGED_PKG|dlrs
14:50:18.24 (118945805)|ENTERING_MANAGED_PKG|dlrs
14:50:18.24 (118975575)|ENTERING_MANAGED_PKG|dlrs
14:50:18.24 (119012617)|ENTERING_MANAGED_PKG|dlrs
14:50:18.24 (119058692)|ENTERING_MANAGED_PKG|dlrs
14:50:18.24 (119104505)|ENTERING_MANAGED_PKG|dlrs
14:50:18.24 (119141710)|ENTERING_MANAGED_PKG|dlrs
14:50:18.24 (119184849)|ENTERING_MANAGED_PKG|dlrs
14:50:18.24 (119219066)|ENTERING_MANAGED_PKG|dlrs
14:50:18.24 (119264379)|ENTERING_MANAGED_PKG|dlrs
14:50:18.24 (119291776)|ENTERING_MANAGED_PKG|dlrs
14:50:18.24 (119315468)|ENTERING_MANAGED_PKG|dlrs
14:50:18.24 (119332917)|ENTERING_MANAGED_PKG|dlrs
14:50:18.24 (119353628)|ENTERING_MANAGED_PKG|dlrs
14:50:18.24 (119370292)|ENTERING_MANAGED_PKG|dlrs
14:50:18.24 (119390427)|ENTERING_MANAGED_PKG|dlrs
14:50:18.24 (119409917)|ENTERING_MANAGED_PKG|dlrs
14:50:18.24 (119431258)|ENTERING_MANAGED_PKG|dlrs
14:50:18.24 (119455791)|ENTERING_MANAGED_PKG|dlrs
14:50:18.24 (119477747)|ENTERING_MANAGED_PKG|dlrs
14:50:18.24 (119501378)|ENTERING_MANAGED_PKG|dlrs
14:50:18.24 (119529172)|ENTERING_MANAGED_PKG|dlrs
14:50:18.24 (119552379)|ENTERING_MANAGED_PKG|dlrs
14:50:18.24 (119576616)|ENTERING_MANAGED_PKG|dlrs
14:50:18.24 (119598763)|ENTERING_MANAGED_PKG|dlrs
14:50:18.24 (119623155)|ENTERING_MANAGED_PKG|dlrs
14:50:18.24 (119644408)|ENTERING_MANAGED_PKG|dlrs
14:50:18.24 (119673684)|ENTERING_MANAGED_PKG|dlrs
14:50:18.24 (119697302)|ENTERING_MANAGED_PKG|dlrs
14:50:18.24 (119719046)|ENTERING_MANAGED_PKG|dlrs
14:50:18.24 (119743498)|ENTERING_MANAGED_PKG|dlrs
14:50:18.24 (119772285)|ENTERING_MANAGED_PKG|dlrs
14:50:18.24 (119795286)|ENTERING_MANAGED_PKG|dlrs
14:50:18.24 (119834834)|ENTERING_MANAGED_PKG|dlrs
14:50:18.24 (119854667)|ENTERING_MANAGED_PKG|dlrs
14:50:18.24 (119893919)|ENTERING_MANAGED_PKG|dlrs
14:50:18.24 (119945348)|ENTERING_MANAGED_PKG|dlrs
14:50:18.24 (119994810)|ENTERING_MANAGED_PKG|dlrs
14:50:18.24 (120019938)|ENTERING_MANAGED_PKG|dlrs
14:50:18.24 (120050233)|ENTERING_MANAGED_PKG|dlrs
14:50:18.24 (120079043)|ENTERING_MANAGED_PKG|dlrs
14:50:18.24 (120117441)|ENTERING_MANAGED_PKG|dlrs
14:50:18.24 (120223720)|ENTERING_MANAGED_PKG|dlrs
14:50:18.24 (120261850)|ENTERING_MANAGED_PKG|dlrs
14:50:18.24 (120289242)|ENTERING_MANAGED_PKG|dlrs
14:50:18.24 (120308053)|ENTERING_MANAGED_PKG|dlrs
14:50:18.24 (120326719)|ENTERING_MANAGED_PKG|dlrs
14:50:18.24 (120354246)|ENTERING_MANAGED_PKG|dlrs
14:50:18.24 (120378124)|ENTERING_MANAGED_PKG|dlrs
14:50:18.24 (120404731)|ENTERING_MANAGED_PKG|dlrs
14:50:18.24 (120427731)|ENTERING_MANAGED_PKG|dlrs
14:50:18.24 (120449735)|ENTERING_MANAGED_PKG|dlrs
14:50:18.24 (120474253)|ENTERING_MANAGED_PKG|dlrs
14:50:18.24 (120501307)|ENTERING_MANAGED_PKG|dlrs
14:50:18.24 (120524744)|ENTERING_MANAGED_PKG|dlrs
14:50:18.24 (120553071)|ENTERING_MANAGED_PKG|dlrs
14:50:18.24 (120571690)|ENTERING_MANAGED_PKG|dlrs
14:50:18.24 (120592531)|ENTERING_MANAGED_PKG|dlrs
14:50:18.24 (120609089)|ENTERING_MANAGED_PKG|dlrs
14:50:18.24 (120629406)|ENTERING_MANAGED_PKG|dlrs
14:50:18.24 (120645953)|ENTERING_MANAGED_PKG|dlrs
14:50:18.24 (120670367)|ENTERING_MANAGED_PKG|dlrs
14:50:18.24 (120689835)|ENTERING_MANAGED_PKG|dlrs
14:50:18.24 (120715907)|ENTERING_MANAGED_PKG|dlrs
14:50:18.24 (120739093)|ENTERING_MANAGED_PKG|dlrs
14:50:18.24 (120776419)|ENTERING_MANAGED_PKG|dlrs
14:50:18.24 (120823422)|ENTERING_MANAGED_PKG|dlrs
14:50:18.24 (120865035)|ENTERING_MANAGED_PKG|dlrs
14:50:18.24 (120889800)|ENTERING_MANAGED_PKG|dlrs
14:50:18.24 (120913374)|ENTERING_MANAGED_PKG|dlrs
14:50:18.24 (120935977)|ENTERING_MANAGED_PKG|dlrs
14:50:18.24 (120966624)|ENTERING_MANAGED_PKG|dlrs
14:50:18.24 (121008552)|ENTERING_MANAGED_PKG|dlrs
14:50:18.24 (121064463)|ENTERING_MANAGED_PKG|dlrs
14:50:18.24 (121136186)|ENTERING_MANAGED_PKG|dlrs
14:50:18.24 (121197749)|ENTERING_MANAGED_PKG|dlrs
14:50:18.24 (121230620)|ENTERING_MANAGED_PKG|dlrs
14:50:18.24 (121275647)|ENTERING_MANAGED_PKG|dlrs
14:50:18.24 (121312314)|ENTERING_MANAGED_PKG|dlrs
14:50:18.24 (121361787)|ENTERING_MANAGED_PKG|dlrs
14:50:18.24 (121396928)|ENTERING_MANAGED_PKG|dlrs
14:50:18.24 (121449912)|ENTERING_MANAGED_PKG|dlrs
14:50:18.24 (121480345)|ENTERING_MANAGED_PKG|dlrs
14:50:18.24 (121515848)|ENTERING_MANAGED_PKG|dlrs
14:50:18.24 (121562310)|ENTERING_MANAGED_PKG|dlrs
14:50:18.24 (121603639)|ENTERING_MANAGED_PKG|dlrs
14:50:18.24 (121714772)|ENTERING_MANAGED_PKG|dlrs
14:50:18.24 (121753432)|ENTERING_MANAGED_PKG|dlrs
14:50:18.24 (121778421)|ENTERING_MANAGED_PKG|dlrs
14:50:18.24 (121794216)|ENTERING_MANAGED_PKG|dlrs
14:50:18.24 (121816327)|ENTERING_MANAGED_PKG|dlrs
14:50:18.24 (121844295)|ENTERING_MANAGED_PKG|dlrs
14:50:18.24 (121879221)|ENTERING_MANAGED_PKG|dlrs
14:50:18.24 (121908441)|ENTERING_MANAGED_PKG|dlrs
14:50:18.24 (121932062)|ENTERING_MANAGED_PKG|dlrs
14:50:18.24 (121954893)|ENTERING_MANAGED_PKG|dlrs
14:50:18.24 (121971831)|ENTERING_MANAGED_PKG|dlrs
14:50:18.24 (121992103)|ENTERING_MANAGED_PKG|dlrs
14:50:18.24 (122008696)|ENTERING_MANAGED_PKG|dlrs
14:50:18.24 (122039592)|ENTERING_MANAGED_PKG|dlrs
14:50:18.24 (122063170)|ENTERING_MANAGED_PKG|dlrs
14:50:18.24 (122090899)|ENTERING_MANAGED_PKG|dlrs
14:50:18.24 (122111724)|ENTERING_MANAGED_PKG|dlrs
14:50:18.24 (122143507)|ENTERING_MANAGED_PKG|dlrs
14:50:18.24 (122170184)|ENTERING_MANAGED_PKG|dlrs
14:50:18.24 (122198539)|ENTERING_MANAGED_PKG|dlrs
14:50:18.24 (122222739)|ENTERING_MANAGED_PKG|dlrs
14:50:18.24 (122248036)|ENTERING_MANAGED_PKG|dlrs
14:50:18.24 (122267316)|ENTERING_MANAGED_PKG|dlrs
14:50:18.24 (122288491)|ENTERING_MANAGED_PKG|dlrs
14:50:18.24 (122305286)|ENTERING_MANAGED_PKG|dlrs
14:50:18.24 (122330992)|ENTERING_MANAGED_PKG|dlrs
14:50:18.24 (122348391)|ENTERING_MANAGED_PKG|dlrs
14:50:18.24 (122376587)|ENTERING_MANAGED_PKG|dlrs
14:50:18.24 (122396017)|ENTERING_MANAGED_PKG|dlrs
14:50:18.24 (122417872)|ENTERING_MANAGED_PKG|dlrs
14:50:18.24 (122440504)|ENTERING_MANAGED_PKG|dlrs
14:50:18.24 (122461916)|ENTERING_MANAGED_PKG|dlrs
14:50:18.24 (122484955)|ENTERING_MANAGED_PKG|dlrs
14:50:18.24 (122507034)|ENTERING_MANAGED_PKG|dlrs
14:50:18.24 (122523883)|ENTERING_MANAGED_PKG|dlrs
14:50:18.24 (122549399)|ENTERING_MANAGED_PKG|dlrs
14:50:18.24 (122568036)|ENTERING_MANAGED_PKG|dlrs
14:50:18.24 (122595286)|ENTERING_MANAGED_PKG|dlrs
14:50:18.24 (122618737)|ENTERING_MANAGED_PKG|dlrs
14:50:18.24 (122645747)|ENTERING_MANAGED_PKG|dlrs
14:50:18.24 (122663380)|ENTERING_MANAGED_PKG|dlrs
14:50:18.24 (122687515)|ENTERING_MANAGED_PKG|dlrs
14:50:18.24 (122710510)|ENTERING_MANAGED_PKG|dlrs
14:50:18.24 (122747924)|ENTERING_MANAGED_PKG|dlrs
14:50:18.24 (122860238)|ENTERING_MANAGED_PKG|dlrs
14:50:18.24 (122899443)|ENTERING_MANAGED_PKG|dlrs
14:50:18.24 (122926001)|ENTERING_MANAGED_PKG|dlrs
14:50:18.24 (122943347)|ENTERING_MANAGED_PKG|dlrs
14:50:18.24 (122980147)|ENTERING_MANAGED_PKG|dlrs
14:50:18.24 (123029972)|ENTERING_MANAGED_PKG|dlrs
14:50:18.24 (123071244)|ENTERING_MANAGED_PKG|dlrs
14:50:18.24 (123097007)|ENTERING_MANAGED_PKG|dlrs
14:50:18.24 (123115092)|ENTERING_MANAGED_PKG|dlrs
14:50:18.24 (123142473)|ENTERING_MANAGED_PKG|dlrs
14:50:18.24 (123160051)|ENTERING_MANAGED_PKG|dlrs
14:50:18.24 (123195842)|ENTERING_MANAGED_PKG|dlrs
14:50:18.24 (123216802)|ENTERING_MANAGED_PKG|dlrs
14:50:18.24 (123244843)|ENTERING_MANAGED_PKG|dlrs
14:50:18.24 (123268522)|ENTERING_MANAGED_PKG|dlrs
14:50:18.24 (123298697)|ENTERING_MANAGED_PKG|dlrs
14:50:18.24 (123321739)|ENTERING_MANAGED_PKG|dlrs
14:50:18.24 (123345049)|ENTERING_MANAGED_PKG|dlrs
14:50:18.24 (123362022)|ENTERING_MANAGED_PKG|dlrs
14:50:18.24 (123383092)|ENTERING_MANAGED_PKG|dlrs
14:50:18.24 (123400009)|ENTERING_MANAGED_PKG|dlrs
14:50:18.24 (123450260)|ENTERING_MANAGED_PKG|dlrs
14:50:18.24 (123492161)|ENTERING_MANAGED_PKG|dlrs
14:50:18.24 (123539986)|ENTERING_MANAGED_PKG|dlrs
14:50:18.24 (123574880)|ENTERING_MANAGED_PKG|dlrs
14:50:18.24 (123631178)|ENTERING_MANAGED_PKG|dlrs
14:50:18.24 (123671335)|ENTERING_MANAGED_PKG|dlrs
14:50:18.24 (123713345)|ENTERING_MANAGED_PKG|dlrs
14:50:18.24 (123757772)|ENTERING_MANAGED_PKG|dlrs
14:50:18.24 (123794693)|ENTERING_MANAGED_PKG|dlrs
14:50:18.24 (123821707)|ENTERING_MANAGED_PKG|dlrs
14:50:18.24 (123844306)|ENTERING_MANAGED_PKG|dlrs
14:50:18.24 (123867707)|ENTERING_MANAGED_PKG|dlrs
14:50:18.24 (123889539)|ENTERING_MANAGED_PKG|dlrs
14:50:18.24 (123912838)|ENTERING_MANAGED_PKG|dlrs
14:50:18.24 (123941404)|ENTERING_MANAGED_PKG|dlrs
14:50:18.24 (123964480)|ENTERING_MANAGED_PKG|dlrs
14:50:18.24 (123988434)|ENTERING_MANAGED_PKG|dlrs
14:50:18.24 (124005511)|ENTERING_MANAGED_PKG|dlrs
14:50:18.24 (124026465)|ENTERING_MANAGED_PKG|dlrs
14:50:18.24 (124048496)|ENTERING_MANAGED_PKG|dlrs
14:50:18.24 (124092578)|ENTERING_MANAGED_PKG|dlrs
14:50:18.24 (124122416)|ENTERING_MANAGED_PKG|dlrs
14:50:18.24 (124166086)|ENTERING_MANAGED_PKG|dlrs
14:50:18.24 (124273198)|ENTERING_MANAGED_PKG|dlrs
14:50:18.24 (124312405)|ENTERING_MANAGED_PKG|dlrs
14:50:18.24 (124338650)|ENTERING_MANAGED_PKG|dlrs
14:50:18.24 (124358829)|ENTERING_MANAGED_PKG|dlrs
14:50:18.24 (124384622)|ENTERING_MANAGED_PKG|dlrs
14:50:18.24 (124413399)|ENTERING_MANAGED_PKG|dlrs
14:50:18.24 (124431625)|ENTERING_MANAGED_PKG|dlrs
14:50:18.24 (124460847)|ENTERING_MANAGED_PKG|dlrs
14:50:18.24 (124483035)|ENTERING_MANAGED_PKG|dlrs
14:50:18.24 (124508883)|ENTERING_MANAGED_PKG|dlrs
14:50:18.24 (124526597)|ENTERING_MANAGED_PKG|dlrs
14:50:18.24 (124550219)|ENTERING_MANAGED_PKG|dlrs
14:50:18.24 (124569513)|ENTERING_MANAGED_PKG|dlrs
14:50:18.24 (124590089)|ENTERING_MANAGED_PKG|dlrs
14:50:18.24 (124606572)|ENTERING_MANAGED_PKG|dlrs
14:50:18.24 (124627287)|ENTERING_MANAGED_PKG|dlrs
14:50:18.24 (124646018)|ENTERING_MANAGED_PKG|dlrs
14:50:18.24 (124667553)|ENTERING_MANAGED_PKG|dlrs
14:50:18.24 (124684404)|ENTERING_MANAGED_PKG|dlrs
14:50:18.24 (124704730)|ENTERING_MANAGED_PKG|dlrs
14:50:18.24 (124726049)|ENTERING_MANAGED_PKG|dlrs
14:50:18.24 (124747821)|ENTERING_MANAGED_PKG|dlrs
14:50:18.24 (124765180)|ENTERING_MANAGED_PKG|dlrs
14:50:18.24 (124808263)|ENTERING_MANAGED_PKG|dlrs
14:50:18.24 (124833836)|ENTERING_MANAGED_PKG|dlrs
14:50:18.24 (124861906)|ENTERING_MANAGED_PKG|dlrs
14:50:18.24 (124884744)|ENTERING_MANAGED_PKG|dlrs
14:50:18.24 (124911173)|ENTERING_MANAGED_PKG|dlrs
14:50:18.24 (124930697)|ENTERING_MANAGED_PKG|dlrs
14:50:18.24 (124963579)|ENTERING_MANAGED_PKG|dlrs
14:50:18.24 (124984949)|ENTERING_MANAGED_PKG|dlrs
14:50:18.24 (125011402)|ENTERING_MANAGED_PKG|dlrs
14:50:18.24 (125034125)|ENTERING_MANAGED_PKG|dlrs
14:50:18.24 (125058593)|ENTERING_MANAGED_PKG|dlrs
14:50:18.24 (125081772)|ENTERING_MANAGED_PKG|dlrs
14:50:18.24 (125110247)|ENTERING_MANAGED_PKG|dlrs
14:50:18.24 (125141357)|ENTERING_MANAGED_PKG|dlrs
14:50:18.24 (125171863)|ENTERING_MANAGED_PKG|dlrs
14:50:18.24 (125195590)|ENTERING_MANAGED_PKG|dlrs
14:50:18.24 (125220198)|ENTERING_MANAGED_PKG|dlrs
14:50:18.24 (125241938)|ENTERING_MANAGED_PKG|dlrs
14:50:18.24 (125267839)|ENTERING_MANAGED_PKG|dlrs
14:50:18.24 (125290944)|ENTERING_MANAGED_PKG|dlrs
14:50:18.24 (125323346)|ENTERING_MANAGED_PKG|dlrs
14:50:18.24 (125408973)|ENTERING_MANAGED_PKG|dlrs
14:50:18.24 (125441652)|ENTERING_MANAGED_PKG|dlrs
14:50:18.24 (125464544)|ENTERING_MANAGED_PKG|dlrs
14:50:18.24 (125486825)|ENTERING_MANAGED_PKG|dlrs
14:50:18.24 (125505959)|ENTERING_MANAGED_PKG|dlrs
14:50:18.24 (125526989)|ENTERING_MANAGED_PKG|dlrs
14:50:18.24 (125543682)|ENTERING_MANAGED_PKG|dlrs
14:50:18.24 (125563697)|ENTERING_MANAGED_PKG|dlrs
14:50:18.24 (125579664)|ENTERING_MANAGED_PKG|dlrs
14:50:18.24 (125599343)|ENTERING_MANAGED_PKG|dlrs
14:50:18.24 (125616021)|ENTERING_MANAGED_PKG|dlrs
14:50:18.24 (125635690)|ENTERING_MANAGED_PKG|dlrs
14:50:18.24 (125651947)|ENTERING_MANAGED_PKG|dlrs
14:50:18.24 (125674797)|ENTERING_MANAGED_PKG|dlrs
14:50:18.24 (125691671)|ENTERING_MANAGED_PKG|dlrs
14:50:18.24 (125711841)|ENTERING_MANAGED_PKG|dlrs
14:50:18.24 (125736760)|ENTERING_MANAGED_PKG|dlrs
14:50:18.24 (125758802)|ENTERING_MANAGED_PKG|dlrs
14:50:18.24 (125781918)|ENTERING_MANAGED_PKG|dlrs
14:50:18.24 (125830128)|ENTERING_MANAGED_PKG|dlrs
14:50:18.24 (125865255)|ENTERING_MANAGED_PKG|dlrs
14:50:18.24 (125891916)|ENTERING_MANAGED_PKG|dlrs
14:50:18.24 (125910117)|ENTERING_MANAGED_PKG|dlrs
14:50:18.24 (125931111)|ENTERING_MANAGED_PKG|dlrs
14:50:18.24 (125947528)|ENTERING_MANAGED_PKG|dlrs
14:50:18.24 (125968291)|ENTERING_MANAGED_PKG|dlrs
14:50:18.24 (125985494)|ENTERING_MANAGED_PKG|dlrs
14:50:18.24 (126008649)|ENTERING_MANAGED_PKG|dlrs
14:50:18.24 (126027276)|ENTERING_MANAGED_PKG|dlrs
14:50:18.24 (126049121)|ENTERING_MANAGED_PKG|dlrs
14:50:18.24 (126065929)|ENTERING_MANAGED_PKG|dlrs
14:50:18.24 (126086429)|ENTERING_MANAGED_PKG|dlrs
14:50:18.24 (126121862)|ENTERING_MANAGED_PKG|dlrs
14:50:18.24 (126167734)|ENTERING_MANAGED_PKG|dlrs
14:50:18.24 (126203646)|ENTERING_MANAGED_PKG|dlrs
14:50:18.24 (126247278)|ENTERING_MANAGED_PKG|dlrs
14:50:18.24 (126283801)|ENTERING_MANAGED_PKG|dlrs
14:50:18.24 (126331195)|ENTERING_MANAGED_PKG|dlrs
14:50:18.24 (126379222)|ENTERING_MANAGED_PKG|dlrs
14:50:18.24 (126423823)|ENTERING_MANAGED_PKG|dlrs
14:50:18.24 (126443416)|ENTERING_MANAGED_PKG|dlrs
14:50:18.24 (126468690)|ENTERING_MANAGED_PKG|dlrs
14:50:18.24 (126491534)|ENTERING_MANAGED_PKG|dlrs
14:50:18.24 (126524460)|ENTERING_MANAGED_PKG|dlrs
14:50:18.24 (126611739)|ENTERING_MANAGED_PKG|dlrs
14:50:18.24 (126644213)|ENTERING_MANAGED_PKG|dlrs
14:50:18.24 (126664133)|ENTERING_MANAGED_PKG|dlrs
14:50:18.24 (126677868)|ENTERING_MANAGED_PKG|dlrs
14:50:18.24 (126694768)|ENTERING_MANAGED_PKG|dlrs
14:50:18.24 (126715740)|ENTERING_MANAGED_PKG|dlrs
14:50:18.24 (126732351)|ENTERING_MANAGED_PKG|dlrs
14:50:18.24 (126752208)|ENTERING_MANAGED_PKG|dlrs
14:50:18.24 (126769216)|ENTERING_MANAGED_PKG|dlrs
14:50:18.24 (126788865)|ENTERING_MANAGED_PKG|dlrs
14:50:18.24 (126812256)|ENTERING_MANAGED_PKG|dlrs
14:50:18.24 (126835176)|ENTERING_MANAGED_PKG|dlrs
14:50:18.24 (126852422)|ENTERING_MANAGED_PKG|dlrs
14:50:18.24 (126872994)|ENTERING_MANAGED_PKG|dlrs
14:50:18.24 (126889465)|ENTERING_MANAGED_PKG|dlrs
14:50:18.24 (126909932)|ENTERING_MANAGED_PKG|dlrs
14:50:18.24 (126926890)|ENTERING_MANAGED_PKG|dlrs
14:50:18.24 (126956942)|ENTERING_MANAGED_PKG|dlrs
14:50:18.24 (126976117)|ENTERING_MANAGED_PKG|dlrs
14:50:18.24 (126996957)|ENTERING_MANAGED_PKG|dlrs
14:50:18.24 (127013625)|ENTERING_MANAGED_PKG|dlrs
14:50:18.24 (127035173)|ENTERING_MANAGED_PKG|dlrs
14:50:18.24 (127051833)|ENTERING_MANAGED_PKG|dlrs
14:50:18.24 (127072071)|ENTERING_MANAGED_PKG|dlrs
14:50:18.24 (127091363)|ENTERING_MANAGED_PKG|dlrs
14:50:18.24 (127112904)|ENTERING_MANAGED_PKG|dlrs
14:50:18.24 (127129662)|ENTERING_MANAGED_PKG|dlrs
14:50:18.24 (127150281)|ENTERING_MANAGED_PKG|dlrs
14:50:18.24 (127166858)|ENTERING_MANAGED_PKG|dlrs
14:50:18.24 (127198130)|ENTERING_MANAGED_PKG|dlrs
14:50:18.24 (127236514)|ENTERING_MANAGED_PKG|dlrs
14:50:18.24 (127293229)|ENTERING_MANAGED_PKG|dlrs
14:50:18.24 (127315557)|ENTERING_MANAGED_PKG|dlrs
14:50:18.24 (127337634)|ENTERING_MANAGED_PKG|dlrs
14:50:18.24 (127354995)|ENTERING_MANAGED_PKG|dlrs
14:50:18.24 (127375889)|ENTERING_MANAGED_PKG|dlrs
14:50:18.24 (127392834)|ENTERING_MANAGED_PKG|dlrs
14:50:18.24 (127416315)|ENTERING_MANAGED_PKG|dlrs
14:50:18.24 (127433607)|ENTERING_MANAGED_PKG|dlrs
14:50:18.24 (127454368)|ENTERING_MANAGED_PKG|dlrs
14:50:18.24 (127470707)|ENTERING_MANAGED_PKG|dlrs
14:50:18.24 (127494518)|ENTERING_MANAGED_PKG|dlrs
14:50:18.24 (127517386)|ENTERING_MANAGED_PKG|dlrs
14:50:18.24 (127549842)|ENTERING_MANAGED_PKG|dlrs
14:50:18.24 (127778384)|ENTERING_MANAGED_PKG|dlrs
14:50:18.24 (127834556)|ENTERING_MANAGED_PKG|dlrs
14:50:18.24 (127967103)|ENTERING_MANAGED_PKG|dlrs
14:50:18.24 (127981650)|ENTERING_MANAGED_PKG|dlrs
14:50:18.24 (127999551)|ENTERING_MANAGED_PKG|dlrs
14:50:18.24 (128218176)|ENTERING_MANAGED_PKG|dlrs
14:50:18.24 (128230374)|ENTERING_MANAGED_PKG|dlrs
14:50:18.24 (128303409)|ENTERING_MANAGED_PKG|dlrs
14:50:18.24 (128315096)|ENTERING_MANAGED_PKG|dlrs
14:50:18.24 (128324477)|ENTERING_MANAGED_PKG|dlrs
14:50:18.24 (128441275)|ENTERING_MANAGED_PKG|dlrs
14:50:18.24 (128452269)|ENTERING_MANAGED_PKG|dlrs
14:50:18.24 (128527587)|ENTERING_MANAGED_PKG|dlrs
14:50:18.24 (128547587)|ENTERING_MANAGED_PKG|dlrs
14:50:18.24 (128567454)|ENTERING_MANAGED_PKG|dlrs
14:50:18.24 (128734030)|ENTERING_MANAGED_PKG|dlrs
14:50:18.24 (128744486)|ENTERING_MANAGED_PKG|dlrs
14:50:18.24 (128824522)|ENTERING_MANAGED_PKG|dlrs
14:50:18.24 (128836679)|ENTERING_MANAGED_PKG|dlrs
14:50:18.24 (128854767)|ENTERING_MANAGED_PKG|dlrs
14:50:18.24 (128971430)|ENTERING_MANAGED_PKG|dlrs
14:50:18.24 (128981799)|ENTERING_MANAGED_PKG|dlrs
14:50:18.24 (129060395)|ENTERING_MANAGED_PKG|dlrs
14:50:18.24 (129072868)|ENTERING_MANAGED_PKG|dlrs
14:50:18.24 (129082328)|ENTERING_MANAGED_PKG|dlrs
14:50:18.24 (129205978)|ENTERING_MANAGED_PKG|dlrs
14:50:18.24 (129216293)|ENTERING_MANAGED_PKG|dlrs
14:50:18.24 (129284714)|ENTERING_MANAGED_PKG|dlrs
14:50:18.24 (129296526)|ENTERING_MANAGED_PKG|dlrs
14:50:18.24 (129306004)|ENTERING_MANAGED_PKG|dlrs
14:50:18.24 (129419055)|ENTERING_MANAGED_PKG|dlrs
14:50:18.24 (129429169)|ENTERING_MANAGED_PKG|dlrs
14:50:18.24 (129497126)|ENTERING_MANAGED_PKG|dlrs
14:50:18.24 (129508856)|ENTERING_MANAGED_PKG|dlrs
14:50:18.24 (129518056)|ENTERING_MANAGED_PKG|dlrs
14:50:18.24 (129630443)|ENTERING_MANAGED_PKG|dlrs
14:50:18.24 (129640606)|ENTERING_MANAGED_PKG|dlrs
14:50:18.24 (129710220)|ENTERING_MANAGED_PKG|dlrs
14:50:18.24 (129722629)|ENTERING_MANAGED_PKG|dlrs
14:50:18.24 (129742151)|ENTERING_MANAGED_PKG|dlrs
14:50:18.24 (129907838)|ENTERING_MANAGED_PKG|dlrs
14:50:18.24 (129918316)|ENTERING_MANAGED_PKG|dlrs
14:50:18.24 (129986867)|ENTERING_MANAGED_PKG|dlrs
14:50:18.24 (129998413)|ENTERING_MANAGED_PKG|dlrs
14:50:18.24 (130010505)|ENTERING_MANAGED_PKG|dlrs
14:50:18.24 (149033823)|ENTERING_MANAGED_PKG|dlrs
14:50:18.24 (149272463)|ENTERING_MANAGED_PKG|dlrs
14:50:18.151 (151919849)|CUMULATIVE_LIMIT_USAGE
14:50:18.151 (151919849)|LIMIT_USAGE_FOR_NS|(default)|
  Number of SOQL queries: 0 out of 100
  Number of query rows: 0 out of 50000
  Number of SOSL queries: 0 out of 20
  Number of DML statements: 0 out of 150
  Number of DML rows: 0 out of 10000
  Maximum CPU time: 0 out of 10000
  Maximum heap size: 0 out of 6000000
  Number of callouts: 0 out of 100
  Number of Email Invocations: 0 out of 10
  Number of future calls: 0 out of 50
  Number of queueable jobs added to the queue: 0 out of 50
  Number of Mobile Apex push calls: 0 out of 10

14:50:18.151 (151919849)|LIMIT_USAGE_FOR_NS|dlrs|
  Number of SOQL queries: 0 out of 100
  Number of query rows: 9 out of 50000
  Number of SOSL queries: 0 out of 20
  Number of DML statements: 0 out of 150
  Number of DML rows: 0 out of 10000
  Maximum CPU time: 0 out of 10000
  Maximum heap size: 0 out of 6000000
  Number of callouts: 0 out of 100
  Number of Email Invocations: 0 out of 10
  Number of future calls: 0 out of 50
  Number of queueable jobs added to the queue: 0 out of 50
  Number of Mobile Apex push calls: 0 out of 10

14:50:18.151 (151919849)|CUMULATIVE_LIMIT_USAGE_END

