39.0 APEX_CODE,FINEST;APEX_PROFILING,FINEST;CALLOUT,INFO;DB,INFO;SYSTEM,DEBUG;VALIDATION,INFO;VISUALFORCE,INFO;WAVE,INFO;WORKFLOW,INFO
10:21:56.0 (396050)|USER_INFO|[EXTERNAL]|00528000006B07F|dev@systempartners.com.prod.pcphase2|Australian Eastern Standard Time|GMT+11:00
10:21:56.0 (422606)|EXECUTION_STARTED
10:21:56.0 (425702)|CODE_UNIT_STARTED|[EXTERNAL]|aura
10:21:56.0 (809934)|HEAP_ALLOCATE|[72]|Bytes:3
10:21:56.0 (834174)|HEAP_ALLOCATE|[77]|Bytes:152
10:21:56.0 (845574)|HEAP_ALLOCATE|[342]|Bytes:408
10:21:56.0 (864045)|HEAP_ALLOCATE|[355]|Bytes:408
10:21:56.0 (881869)|HEAP_ALLOCATE|[467]|Bytes:48
10:21:56.0 (902570)|HEAP_ALLOCATE|[139]|Bytes:6
10:21:56.0 (921083)|HEAP_ALLOCATE|[EXTERNAL]|Bytes:18
10:21:56.0 (928812)|HEAP_ALLOCATE|[EXTERNAL]|Bytes:18
10:21:56.0 (2549948)|CODE_UNIT_STARTED|[EXTERNAL]|01pO0000000372v|KCRAController.getAllKCRARecords
10:21:56.0 (2654072)|HEAP_ALLOCATE|[EXTERNAL]|Bytes:5
10:21:56.0 (2659858)|HEAP_ALLOCATE|[EXTERNAL]|Bytes:14
10:21:56.0 (2669839)|METHOD_ENTRY|[11]|01pO0000000372v|KCRAController.KCRAController()
10:21:56.0 (2674291)|STATEMENT_EXECUTE|[11]
10:21:56.0 (2680939)|STATEMENT_EXECUTE|[11]
10:21:56.0 (2686090)|METHOD_EXIT|[11]|KCRAController
10:21:56.0 (2689820)|HEAP_ALLOCATE|[EXTERNAL]|Bytes:18
10:21:56.0 (2697593)|SYSTEM_MODE_ENTER|false
10:21:56.0 (2706565)|VARIABLE_SCOPE_BEGIN|[14]|opportunityId|String|false|false
10:21:56.0 (2734731)|VARIABLE_ASSIGNMENT|[14]|opportunityId|"006O0000008kRsJIAU"
10:21:56.0 (2741100)|STATEMENT_EXECUTE|[14]
10:21:56.0 (2742568)|STATEMENT_EXECUTE|[17]
10:21:56.0 (2746472)|HEAP_ALLOCATE|[17]|Bytes:204
10:21:56.0 (2756838)|HEAP_ALLOCATE|[17]|Bytes:4
10:21:56.0 (2768669)|HEAP_ALLOCATE|[17]|Bytes:7
10:21:56.0 (2809856)|HEAP_ALLOCATE|[50]|Bytes:5
10:21:56.0 (2826268)|HEAP_ALLOCATE|[56]|Bytes:5
10:21:56.0 (2834812)|HEAP_ALLOCATE|[64]|Bytes:7
10:21:56.0 (3252853)|SOQL_EXECUTE_BEGIN|[17]|Aggregations:0|SELECT Id, name, recordtypeId, applicable__c, approved__c, itemno__c, KCRA_Item__c, Opportunity__c FROM Key_Commercial_Risks_Approvals__c WHERE Opportunity__c = :tmpVar1 ORDER BY itemno__c ASC NULLS FIRST
10:21:56.0 (3262400)|LIMIT_USAGE|[17]|SOQL|1|100
10:21:56.0 (3269718)|LIMIT_USAGE|[17]|AGGS|0|300
10:21:56.0 (8959000)|SOQL_EXECUTE_END|[17]|Rows:12
10:21:56.0 (8966165)|LIMIT_USAGE|[17]|SOQL_ROWS|12|50000
10:21:56.0 (8982009)|HEAP_ALLOCATE|[17]|Bytes:52
10:21:56.0 (9033735)|HEAP_ALLOCATE|[17]|Bytes:3578
10:21:56.0 (9064751)|HEAP_ALLOCATE|[17]|Bytes:52
10:21:56.0 (9074100)|VARIABLE_SCOPE_BEGIN|[17]|allKCRAs|List<Key_Commercial_Risks_Approvals__c>|true|false
10:21:56.0 (9090878)|VARIABLE_ASSIGNMENT|[17]|allKCRAs|"List of size 12 too large to display"|0x61ea39b
10:21:56.0 (9095151)|STATEMENT_EXECUTE|[27]
10:21:56.0 (9103425)|SYSTEM_MODE_EXIT|false
10:21:56.9 (9129440)|CUMULATIVE_LIMIT_USAGE
10:21:56.9 (9129440)|LIMIT_USAGE_FOR_NS|(default)|
  Number of SOQL queries: 1 out of 100
  Number of query rows: 12 out of 50000
  Number of SOSL queries: 0 out of 20
  Number of DML statements: 0 out of 150
  Number of DML rows: 0 out of 10000
  Maximum CPU time: 0 out of 10000
  Maximum heap size: 0 out of 6000000
  Number of callouts: 0 out of 100
  Number of Email Invocations: 0 out of 10
  Number of future calls: 0 out of 50
  Number of queueable jobs added to the queue: 0 out of 50
  Number of Mobile Apex push calls: 0 out of 10

10:21:56.9 (9129440)|TOTAL_EMAIL_RECIPIENTS_QUEUED|0
10:21:56.9 (9129440)|STATIC_VARIABLE_LIST|
  char[]:DigitTens:0
  long:serialVersionUID:0
  long:serialVersionUID:0
  double:MAX_VALUE:0
  Boolean:FALSE:0
  long:serialVersionUID:0
  String:_sfdcAdditionalCodeLocations:0
  double:MIN_VALUE:0
  int:SIZE:0
  double:NEGATIVE_INFINITY:0
  int:MAX_VALUE:0
  char[]:digits:0
  double:NaN:0
  Boolean:TRUE:0
  int:MIN_VALUE:0
  char[]:DigitOnes:0
  int:BYTES:0
  int:MIN_EXPONENT:0
  int[]:sizeTable:0
  int:MAX_EXPONENT:0
  String:_sfdcSuppressedCodeLocations:0
  int:SIZE:0
  double:POSITIVE_INFINITY:0
  double:MIN_NORMAL:0
  int:BYTES:0

10:21:56.9 (9129440)|CUMULATIVE_LIMIT_USAGE_END

10:21:56.0 (9229044)|CODE_UNIT_FINISHED|KCRAController.getAllKCRARecords
10:21:56.0 (9530669)|HEAP_ALLOCATE|[EXTERNAL]|Bytes:18
10:21:56.0 (9537837)|HEAP_ALLOCATE|[EXTERNAL]|Bytes:18
10:21:56.0 (11386472)|CODE_UNIT_STARTED|[EXTERNAL]|01pO00000003Dck|PRAController.getAllPRARecords
10:21:56.0 (11447425)|HEAP_ALLOCATE|[EXTERNAL]|Bytes:11
10:21:56.0 (11453195)|HEAP_ALLOCATE|[EXTERNAL]|Bytes:11
10:21:56.0 (11460376)|METHOD_ENTRY|[1]|01pO00000003Dck|PRAController.PRAController()
10:21:56.0 (11463017)|STATEMENT_EXECUTE|[1]
10:21:56.0 (11466438)|STATEMENT_EXECUTE|[1]
10:21:56.0 (11470850)|METHOD_EXIT|[1]|PRAController
10:21:56.0 (11474298)|HEAP_ALLOCATE|[EXTERNAL]|Bytes:18
10:21:56.0 (11480421)|SYSTEM_MODE_ENTER|false
10:21:56.0 (11485204)|VARIABLE_SCOPE_BEGIN|[15]|opportunityId|String|false|false
10:21:56.0 (11492073)|VARIABLE_ASSIGNMENT|[15]|opportunityId|"006O0000008kRsJIAU"
10:21:56.0 (11497433)|STATEMENT_EXECUTE|[15]
10:21:56.0 (11499003)|STATEMENT_EXECUTE|[18]
10:21:56.0 (11501903)|HEAP_ALLOCATE|[18]|Bytes:508
10:21:56.0 (11507691)|HEAP_ALLOCATE|[18]|Bytes:4
10:21:56.0 (12099431)|SOQL_EXECUTE_BEGIN|[18]|Aggregations:0|SELECT Id, name, Category__c, Is_Critical_Risk__c, ItemNo__c, Mitigation_Strategy__c, Rating__c, Risk_Item__c, description__c, Help_Text_0A__c, Help_Text_0B__c, Help_Text_0C__c, Help_Text_1A__c, Help_Text_1B__c, Help_Text_1C__c, Help_Text_2A__c, Help_Text_2B__c, Help_Text_2C__c, Help_Text_3A__c, Help_Text_3B__c, Help_Text_3C__c, Mitigation_Advice__c, Selected_Indicators__c, Selected_Indicators_With_Text__c FROM Project_Risk_Assessment__c WHERE Opportunity__c = :tmpVar1 ORDER BY ItemNo__c ASC NULLS FIRST
10:21:56.0 (12108204)|LIMIT_USAGE|[18]|SOQL|2|100
10:21:56.0 (12115187)|LIMIT_USAGE|[18]|AGGS|0|300
10:21:56.0 (66102154)|SOQL_EXECUTE_END|[18]|Rows:25
10:21:56.0 (66113783)|LIMIT_USAGE|[18]|SOQL_ROWS|37|50000
10:21:56.0 (66132157)|HEAP_ALLOCATE|[18]|Bytes:104
10:21:56.0 (66196128)|HEAP_ALLOCATE|[18]|Bytes:10781
10:21:56.0 (66229645)|HEAP_ALLOCATE|[18]|Bytes:104
10:21:56.0 (66250673)|VARIABLE_SCOPE_BEGIN|[18]|allPRAs|List<Project_Risk_Assessment__c>|true|false
10:21:56.0 (66277111)|VARIABLE_ASSIGNMENT|[18]|allPRAs|"List of size 25 too large to display"|0x3d43e2c
10:21:56.0 (66282676)|STATEMENT_EXECUTE|[26]
10:21:56.0 (66293634)|SYSTEM_MODE_EXIT|false
10:21:56.66 (66315128)|CUMULATIVE_LIMIT_USAGE
10:21:56.66 (66315128)|LIMIT_USAGE_FOR_NS|(default)|
  Number of SOQL queries: 2 out of 100
  Number of query rows: 37 out of 50000
  Number of SOSL queries: 0 out of 20
  Number of DML statements: 0 out of 150
  Number of DML rows: 0 out of 10000
  Maximum CPU time: 0 out of 10000
  Maximum heap size: 0 out of 6000000
  Number of callouts: 0 out of 100
  Number of Email Invocations: 0 out of 10
  Number of future calls: 0 out of 50
  Number of queueable jobs added to the queue: 0 out of 50
  Number of Mobile Apex push calls: 0 out of 10

10:21:56.66 (66315128)|TOTAL_EMAIL_RECIPIENTS_QUEUED|0
10:21:56.66 (66315128)|STATIC_VARIABLE_LIST|
  char[]:DigitTens:0
  long:serialVersionUID:0
  long:serialVersionUID:0
  double:MAX_VALUE:0
  Boolean:FALSE:0
  long:serialVersionUID:0
  String:_sfdcAdditionalCodeLocations:0
  double:MIN_VALUE:0
  int:SIZE:0
  double:NEGATIVE_INFINITY:0
  int:MAX_VALUE:0
  char[]:digits:0
  double:NaN:0
  Boolean:TRUE:0
  int:MIN_VALUE:0
  String:_sfdcSuppressedCodeLocations:0
  char[]:DigitOnes:0
  int:BYTES:0
  int:MIN_EXPONENT:0
  int[]:sizeTable:0
  int:MAX_EXPONENT:0
  String:_sfdcSuppressedCodeLocations:0
  String:_sfdcAdditionalCodeLocations:0
  int:SIZE:0
  double:POSITIVE_INFINITY:0
  double:MIN_NORMAL:0
  int:BYTES:0

10:21:56.66 (66315128)|CUMULATIVE_LIMIT_USAGE_END

10:21:56.0 (66416678)|CODE_UNIT_FINISHED|PRAController.getAllPRARecords
10:21:56.150 (150146104)|CUMULATIVE_PROFILING_BEGIN
10:21:56.150 (150146104)|CUMULATIVE_PROFILING|SOQL operations|
Class.PRAController.getAllPRARecords: line 18, column 1: [SELECT Id,name,Category__c,Is_Critical_Risk__c,ItemNo__c,Mitigation_Strategy__c,Rating__c,Risk_Item__c,
                                                             		description__c,Help_Text_0A__c,Help_Text_0B__c,Help_Text_0C__c,Help_Text_1A__c,Help_Text_1B__c, 
                                                             		Help_Text_1C__c,Help_Text_2A__c,Help_Text_2B__c,Help_Text_2C__c,Help_Text_3A__c,Help_Text_3B__c,
                                                             		Help_Text_3C__c,Mitigation_Advice__c,Selected_Indicators__c,Selected_Indicators_With_Text__c
												   FROM Project_Risk_Assessment__c
                                                   WHERE Opportunity__c = :opportunityId
                                                   ORDER BY ItemNo__c]: executed 1 time in 54 ms
Class.KCRAController.getAllKCRARecords: line 17, column 1: [SELECT   Id,name,
                                                           			recordtypeId,
                                                           			applicable__c,
                                                           			approved__c,
                                                           			itemno__c,
                                                           			KCRA_Item__c,Opportunity__c 
                                 							FROM     Key_Commercial_Risks_Approvals__c 
                                 							WHERE    Opportunity__c = :opportunityId
                                                           	ORDER BY itemno__c]: executed 1 time in 6 ms

10:21:56.150 (150146104)|CUMULATIVE_PROFILING|No profiling information for SOSL operations
10:21:56.150 (150146104)|CUMULATIVE_PROFILING|No profiling information for DML operations
10:21:56.150 (150146104)|CUMULATIVE_PROFILING|method invocations|
External entry point: public static List<Project_Risk_Assessment__c> getAllPRARecords(String): executed 1 time in 54 ms
External entry point: public static List<Key_Commercial_Risks_Approvals__c> getAllKCRARecords(String): executed 1 time in 6 ms

10:21:56.150 (150146104)|CUMULATIVE_PROFILING_END
