39.0 APEX_CODE,FINEST;APEX_PROFILING,FINEST;CALLOUT,NONE;DB,FINEST;SYSTEM,FINE;VALIDATION,INFO;VISUALFORCE,INFO;WAVE,INFO;WORKFLOW,FINER
16:45:50.0 (593842)|USER_INFO|[EXTERNAL]|005O0000003t7an|ricky.lowe@jhg.com.au.pcphase2|Australian Eastern Standard Time|GMT+10:00
16:45:50.0 (621800)|EXECUTION_STARTED
16:45:50.0 (626440)|CODE_UNIT_STARTED|[EXTERNAL]|aura
16:45:50.0 (950786)|HEAP_ALLOCATE|[72]|Bytes:3
16:45:50.0 (1000595)|HEAP_ALLOCATE|[77]|Bytes:152
16:45:50.0 (1020937)|HEAP_ALLOCATE|[342]|Bytes:408
16:45:50.0 (1040393)|HEAP_ALLOCATE|[355]|Bytes:408
16:45:50.0 (1058798)|HEAP_ALLOCATE|[467]|Bytes:48
16:45:50.0 (1087163)|HEAP_ALLOCATE|[139]|Bytes:6
16:45:50.0 (1112513)|HEAP_ALLOCATE|[EXTERNAL]|Bytes:18
16:45:50.0 (1127536)|HEAP_ALLOCATE|[EXTERNAL]|Bytes:18
16:45:50.0 (2358049)|CODE_UNIT_STARTED|[EXTERNAL]|01pO00000003MVy|ApprovalController.getOpportunityRecord
16:45:50.0 (2516417)|HEAP_ALLOCATE|[EXTERNAL]|Bytes:8
16:45:50.0 (2522556)|HEAP_ALLOCATE|[EXTERNAL]|Bytes:8
16:45:50.0 (2531114)|METHOD_ENTRY|[1]|01pO00000003MVy|ApprovalController.ApprovalController()
16:45:50.0 (2535454)|STATEMENT_EXECUTE|[1]
16:45:50.0 (2541206)|STATEMENT_EXECUTE|[1]
16:45:50.0 (2546726)|METHOD_EXIT|[1]|ApprovalController
16:45:50.0 (2550417)|HEAP_ALLOCATE|[EXTERNAL]|Bytes:18
16:45:50.0 (2557989)|SYSTEM_MODE_ENTER|false
16:45:50.0 (2569680)|VARIABLE_SCOPE_BEGIN|[15]|opportunityId|String|false|false
16:45:50.0 (2589262)|VARIABLE_ASSIGNMENT|[15]|opportunityId|"006O0000008lQ0PIAU"
16:45:50.0 (2598943)|STATEMENT_EXECUTE|[15]
16:45:50.0 (2600567)|STATEMENT_EXECUTE|[18]
16:45:50.0 (2603351)|HEAP_ALLOCATE|[18]|Bytes:589
16:45:50.0 (2616596)|HEAP_ALLOCATE|[18]|Bytes:4
16:45:50.0 (2633633)|HEAP_ALLOCATE|[18]|Bytes:7
16:45:50.0 (2679729)|HEAP_ALLOCATE|[50]|Bytes:5
16:45:50.0 (2704243)|HEAP_ALLOCATE|[56]|Bytes:5
16:45:50.0 (2712293)|HEAP_ALLOCATE|[64]|Bytes:7
16:45:50.0 (3477634)|SOQL_EXECUTE_BEGIN|[18]|Aggregations:0|SELECT Id, name, Gate_Status__c, TSF_Gate_Status__c, CRA_Gate_Status__c, StageName, Competitor_Analysis_General_Comments__c, Are_there_any_critical_risks__c, Has_CRA_changed_since_last_approval__c, Has_TSF_changed_since_last_approval__c, Apply_Default_Bonding__c, Conversion_Budget_Comments__c, Is_Gate_1_To_3__c, Is_Gate_4_To_5__c, Net_Budget_EOI_PQ__c, Net_Budget_Post_Tender__c, Net_Budget_Tender__c, Net_Budget_Amount__c, Total_Budget_EOI_PQ__c, Total_Budget_Tender__c, Total_Budget_AUD__c, Total_Budget_Post_Tender__c, JH_Bid_Cost_of_JH_Revenue__c FROM Opportunity WHERE Id = :tmpVar1
16:45:50.0 (3489352)|LIMIT_USAGE|[18]|SOQL|1|100
16:45:50.0 (3496189)|LIMIT_USAGE|[18]|AGGS|0|300
16:45:50.0 (32923799)|SOQL_EXECUTE_END|[18]|Rows:1
16:45:50.0 (32935458)|LIMIT_USAGE|[18]|SOQL_ROWS|1|50000
16:45:50.0 (32950242)|HEAP_ALLOCATE|[18]|Bytes:8
16:45:50.0 (32962222)|HEAP_ALLOCATE|[18]|Bytes:885
16:45:50.0 (32992107)|HEAP_ALLOCATE|[18]|Bytes:8
16:45:50.0 (33007797)|VARIABLE_SCOPE_BEGIN|[18]|allOpps|List<Opportunity>|true|false
16:45:50.0 (33061591)|VARIABLE_ASSIGNMENT|[18]|allOpps|[{"Id":"006O0000008lQ0PIAU","Name":"RL Test Opp 2017-04- (11 more) ...","Gate_Status__c":"Not Applicable","TSF_Gate_Status__c":"Approved","CRA_Gate_Status__c":"Not Started","StageName":"Gate 4","Are_there_any_critic (11 more) ...":"Yes","Has_CRA_changed_sinc (18 more) ...":"No","Has_TSF_changed_sinc (18 more) ...":"No","Apply_Default_Bondin (4 more) ...":false,"Is_Gate_1_To_3__c":false,"Is_Gate_4_To_5__c":true,"Net_Budget_EOI_PQ__c":0,"Net_Budget_Post_Tend (5 more) ...":0,"Net_Budget_Tender__c":0,"Net_Budget_Amount__c":0,"Total_Budget_EOI_PQ_ (2 more) ...":0,"Total_Budget_Tender_ (2 more) ...":0,"Total_Budget_AUD__c":0,"Total_Budget_Post_Te (7 more) ...":0}]|0x3424f52c
16:45:50.0 (33071023)|STATEMENT_EXECUTE|[38]
16:45:50.0 (33084585)|SYSTEM_MODE_EXIT|false
16:45:50.33 (33109957)|CUMULATIVE_LIMIT_USAGE
16:45:50.33 (33109957)|LIMIT_USAGE_FOR_NS|(default)|
  Number of SOQL queries: 1 out of 100
  Number of query rows: 1 out of 50000
  Number of SOSL queries: 0 out of 20
  Number of DML statements: 0 out of 150
  Number of DML rows: 0 out of 10000
  Maximum CPU time: 0 out of 10000
  Maximum heap size: 0 out of 6000000
  Number of callouts: 0 out of 100
  Number of Email Invocations: 0 out of 10
  Number of future calls: 0 out of 50
  Number of queueable jobs added to the queue: 0 out of 50
  Number of Mobile Apex push calls: 0 out of 10

16:45:50.33 (33109957)|TOTAL_EMAIL_RECIPIENTS_QUEUED|0
16:45:50.33 (33109957)|STATIC_VARIABLE_LIST|
  char[]:DigitTens:0
  long:serialVersionUID:0
  long:serialVersionUID:0
  double:MAX_VALUE:0
  Boolean:FALSE:0
  long:serialVersionUID:0
  double:MIN_VALUE:0
  int:SIZE:0
  double:NEGATIVE_INFINITY:0
  int:MAX_VALUE:0
  String:_sfdcSuppressedCodeLocations:0
  char[]:digits:0
  double:NaN:0
  Boolean:TRUE:0
  int:MIN_VALUE:0
  char[]:DigitOnes:0
  int:BYTES:0
  int:MIN_EXPONENT:0
  int[]:sizeTable:0
  int:MAX_EXPONENT:0
  int:SIZE:0
  double:POSITIVE_INFINITY:0
  String:_sfdcAdditionalCodeLocations:0
  double:MIN_NORMAL:0
  int:BYTES:0

16:45:50.33 (33109957)|CUMULATIVE_LIMIT_USAGE_END

16:45:50.0 (33233301)|CODE_UNIT_FINISHED|ApprovalController.getOpportunityRecord
16:45:50.197 (197500048)|CUMULATIVE_PROFILING_BEGIN
16:45:50.197 (197500048)|CUMULATIVE_PROFILING|SOQL operations|
Class.ApprovalController.getOpportunityRecord: line 18, column 1: [SELECT   Id,name,
                                                           			Gate_Status__c,
                                                           			TSF_Gate_Status__c,
                                                           			CRA_Gate_Status__c,
                                                           			StageName,
                                    								Competitor_Analysis_General_Comments__c,
                                    								Are_there_any_critical_risks__c,
                                    								Has_CRA_changed_since_last_approval__c,
                                    								Has_TSF_changed_since_last_approval__c,
                                    								Apply_Default_Bonding__c,
                                    								Conversion_Budget_Comments__c,
                                    								Is_Gate_1_To_3__c, Is_Gate_4_To_5__c,
                                    								Net_Budget_EOI_PQ__c, Net_Budget_Post_Tender__c, 
                                    								Net_Budget_Tender__c, Net_Budget_Amount__c,
                                    								Total_Budget_EOI_PQ__c, Total_Budget_Tender__c, 
                                    								Total_Budget_AUD__c, Total_Budget_Post_Tender__c, 
                                    								JH_Bid_Cost_of_JH_Revenue__c
                                 							FROM     Opportunity
                                 							WHERE    Id = :opportunityId]: executed 1 time in 30 ms

16:45:50.197 (197500048)|CUMULATIVE_PROFILING|No profiling information for SOSL operations
16:45:50.197 (197500048)|CUMULATIVE_PROFILING|No profiling information for DML operations
16:45:50.197 (197500048)|CUMULATIVE_PROFILING|method invocations|
External entry point: public static List<Opportunity> getOpportunityRecord(String): executed 1 time in 31 ms

16:45:50.197 (197500048)|CUMULATIVE_PROFILING_END
