39.0 APEX_CODE,FINEST;APEX_PROFILING,FINEST;CALLOUT,INFO;DB,INFO;SYSTEM,DEBUG;VALIDATION,INFO;VISUALFORCE,INFO;WAVE,INFO;WORKFLOW,INFO
15:08:15.0 (501082)|USER_INFO|[EXTERNAL]|00528000006B07F|dev@systempartners.com.prod.pcphase2|Australian Eastern Standard Time|GMT+11:00
15:08:15.0 (530350)|EXECUTION_STARTED
15:08:15.0 (535950)|CODE_UNIT_STARTED|[EXTERNAL]|VisualForce View State
15:08:15.0 (417890179)|HEAP_ALLOCATE|[72]|Bytes:3
15:08:15.0 (417932002)|HEAP_ALLOCATE|[77]|Bytes:152
15:08:15.0 (417962490)|HEAP_ALLOCATE|[342]|Bytes:408
15:08:15.0 (417999537)|HEAP_ALLOCATE|[355]|Bytes:408
15:08:15.0 (418035940)|HEAP_ALLOCATE|[467]|Bytes:48
15:08:15.0 (418077145)|HEAP_ALLOCATE|[139]|Bytes:6
15:08:15.0 (418107247)|HEAP_ALLOCATE|[50]|Bytes:5
15:08:15.0 (418127121)|HEAP_ALLOCATE|[56]|Bytes:5
15:08:15.0 (418136759)|HEAP_ALLOCATE|[64]|Bytes:7
15:08:15.0 (419688989)|CODE_UNIT_FINISHED|VisualForce View State
15:08:15.0 (422060797)|EXECUTION_FINISHED
15:08:15.423 (423536419)|USER_INFO|[EXTERNAL]|00528000006B07F|dev@systempartners.com.prod.pcphase2|Australian Eastern Standard Time|GMT+11:00
15:08:15.423 (423572164)|SYSTEM_MODE_ENTER|true
15:08:15.423 (423628111)|HEAP_ALLOCATE|[EXTERNAL]|Bytes:38
15:08:15.423 (423635789)|HEAP_ALLOCATE|[EXTERNAL]|Bytes:7
15:08:15.423 (423645772)|SYSTEM_METHOD_ENTRY|[1]|PageMessagesComponentController.PageMessagesComponentController()
15:08:15.423 (423649731)|STATEMENT_EXECUTE|[1]
15:08:16.644 (1644364673)|CUMULATIVE_LIMIT_USAGE
15:08:16.644 (1644364673)|LIMIT_USAGE_FOR_NS|(default)|
  Number of SOQL queries: 0 out of 100
  Number of query rows: 0 out of 50000
  Number of SOSL queries: 0 out of 20
  Number of DML statements: 0 out of 150
  Number of DML rows: 0 out of 10000
  Maximum CPU time: 0 out of 10000
  Maximum heap size: 0 out of 6000000
  Number of callouts: 0 out of 100
  Number of Email Invocations: 0 out of 10
  Number of future calls: 0 out of 50
  Number of queueable jobs added to the queue: 0 out of 50
  Number of Mobile Apex push calls: 0 out of 10

15:08:16.644 (1644364673)|CUMULATIVE_LIMIT_USAGE_END

