39.0 APEX_CODE,FINEST;APEX_PROFILING,FINEST;CALLOUT,NONE;DB,FINEST;SYSTEM,FINE;VALIDATION,INFO;VISUALFORCE,INFO;WAVE,INFO;WORKFLOW,FINER
10:34:16.0 (355765)|USER_INFO|[EXTERNAL]|00528000006B07F|dev@systempartners.com.prod.pcphase2|Australian Eastern Standard Time|GMT+11:00
10:34:16.0 (381845)|EXECUTION_STARTED
10:34:16.0 (385478)|CODE_UNIT_STARTED|[EXTERNAL]|aura
10:34:16.0 (670938)|HEAP_ALLOCATE|[72]|Bytes:3
10:34:16.0 (706078)|HEAP_ALLOCATE|[77]|Bytes:152
10:34:16.0 (722393)|HEAP_ALLOCATE|[342]|Bytes:408
10:34:16.0 (742821)|HEAP_ALLOCATE|[355]|Bytes:408
10:34:16.0 (762507)|HEAP_ALLOCATE|[467]|Bytes:48
10:34:16.0 (789368)|HEAP_ALLOCATE|[139]|Bytes:6
10:34:16.0 (809876)|HEAP_ALLOCATE|[EXTERNAL]|Bytes:18
10:34:16.0 (819102)|HEAP_ALLOCATE|[EXTERNAL]|Bytes:18
10:34:16.0 (2014142)|CODE_UNIT_STARTED|[EXTERNAL]|01pO00000003MVy|ApprovalController.getOpportunityRecord
10:34:16.0 (2117361)|HEAP_ALLOCATE|[EXTERNAL]|Bytes:8
10:34:16.0 (2122901)|HEAP_ALLOCATE|[EXTERNAL]|Bytes:8
10:34:16.0 (2136731)|METHOD_ENTRY|[1]|01pO00000003MVy|ApprovalController.ApprovalController()
10:34:16.0 (2140683)|STATEMENT_EXECUTE|[1]
10:34:16.0 (2145856)|STATEMENT_EXECUTE|[1]
10:34:16.0 (2150802)|METHOD_EXIT|[1]|ApprovalController
10:34:16.0 (2154619)|HEAP_ALLOCATE|[EXTERNAL]|Bytes:18
10:34:16.0 (2166202)|SYSTEM_MODE_ENTER|false
10:34:16.0 (2173615)|VARIABLE_SCOPE_BEGIN|[15]|opportunityId|String|false|false
10:34:16.0 (2190231)|VARIABLE_ASSIGNMENT|[15]|opportunityId|"006O0000008kRsJIAU"
10:34:16.0 (2198205)|STATEMENT_EXECUTE|[15]
10:34:16.0 (2199664)|STATEMENT_EXECUTE|[18]
10:34:16.0 (2203198)|HEAP_ALLOCATE|[18]|Bytes:589
10:34:16.0 (2216487)|HEAP_ALLOCATE|[18]|Bytes:4
10:34:16.0 (2228856)|HEAP_ALLOCATE|[18]|Bytes:7
10:34:16.0 (2270296)|HEAP_ALLOCATE|[50]|Bytes:5
10:34:16.0 (2292241)|HEAP_ALLOCATE|[56]|Bytes:5
10:34:16.0 (2300809)|HEAP_ALLOCATE|[64]|Bytes:7
10:34:16.0 (3047691)|SOQL_EXECUTE_BEGIN|[18]|Aggregations:0|SELECT Id, name, Gate_Status__c, TSF_Gate_Status__c, CRA_Gate_Status__c, StageName, Competitor_Analysis_General_Comments__c, Are_there_any_critical_risks__c, Has_CRA_changed_since_last_approval__c, Has_TSF_changed_since_last_approval__c, Apply_Default_Bonding__c, Conversion_Budget_Comments__c, Is_Gate_1_To_3__c, Is_Gate_4_To_5__c, Net_Budget_EOI_PQ__c, Net_Budget_Post_Tender__c, Net_Budget_Tender__c, Net_Budget_Amount__c, Total_Budget_EOI_PQ__c, Total_Budget_Tender__c, Total_Budget_AUD__c, Total_Budget_Post_Tender__c, JH_Bid_Cost_of_JH_Revenue__c FROM Opportunity WHERE Id = :tmpVar1
10:34:16.0 (3059504)|LIMIT_USAGE|[18]|SOQL|1|100
10:34:16.0 (3066360)|LIMIT_USAGE|[18]|AGGS|0|300
10:34:16.0 (32304808)|SOQL_EXECUTE_END|[18]|Rows:1
10:34:16.0 (32316467)|LIMIT_USAGE|[18]|SOQL_ROWS|1|50000
10:34:16.0 (32336235)|HEAP_ALLOCATE|[18]|Bytes:8
10:34:16.0 (32354746)|HEAP_ALLOCATE|[18]|Bytes:847
10:34:16.0 (32391070)|HEAP_ALLOCATE|[18]|Bytes:8
10:34:16.0 (32403759)|VARIABLE_SCOPE_BEGIN|[18]|allOpps|List<Opportunity>|true|false
10:34:16.0 (32446774)|VARIABLE_ASSIGNMENT|[18]|allOpps|[{"Id":"006O0000008kRsJIAU","Name":"Test Alex 15 Mar 124 (3 more) ...","Gate_Status__c":"Reviewing Approvers","TSF_Gate_Status__c":"Not Applicable","CRA_Gate_Status__c":"Not Applicable","StageName":"Gate 1","Are_there_any_critic (11 more) ...":"No","Has_CRA_changed_sinc (18 more) ...":"Yes","Apply_Default_Bondin (4 more) ...":true,"Is_Gate_1_To_3__c":true,"Is_Gate_4_To_5__c":false,"Net_Budget_EOI_PQ__c":0,"Net_Budget_Post_Tend (5 more) ...":0,"Net_Budget_Tender__c":0,"Net_Budget_Amount__c":0,"Total_Budget_EOI_PQ_ (2 more) ...":0,"Total_Budget_Tender_ (2 more) ...":0,"Total_Budget_AUD__c":0,"Total_Budget_Post_Te (7 more) ...":0}]|0x364beb0f
10:34:16.0 (32454796)|STATEMENT_EXECUTE|[38]
10:34:16.0 (32468272)|SYSTEM_MODE_EXIT|false
10:34:16.32 (32491312)|CUMULATIVE_LIMIT_USAGE
10:34:16.32 (32491312)|LIMIT_USAGE_FOR_NS|(default)|
  Number of SOQL queries: 1 out of 100
  Number of query rows: 1 out of 50000
  Number of SOSL queries: 0 out of 20
  Number of DML statements: 0 out of 150
  Number of DML rows: 0 out of 10000
  Maximum CPU time: 0 out of 10000
  Maximum heap size: 0 out of 6000000
  Number of callouts: 0 out of 100
  Number of Email Invocations: 0 out of 10
  Number of future calls: 0 out of 50
  Number of queueable jobs added to the queue: 0 out of 50
  Number of Mobile Apex push calls: 0 out of 10

10:34:16.32 (32491312)|TOTAL_EMAIL_RECIPIENTS_QUEUED|0
10:34:16.32 (32491312)|STATIC_VARIABLE_LIST|
  char[]:DigitTens:0
  long:serialVersionUID:0
  long:serialVersionUID:0
  double:MAX_VALUE:0
  Boolean:FALSE:0
  long:serialVersionUID:0
  double:MIN_VALUE:0
  int:SIZE:0
  double:NEGATIVE_INFINITY:0
  int:MAX_VALUE:0
  String:_sfdcSuppressedCodeLocations:0
  char[]:digits:0
  double:NaN:0
  Boolean:TRUE:0
  int:MIN_VALUE:0
  char[]:DigitOnes:0
  int:BYTES:0
  int:MIN_EXPONENT:0
  int[]:sizeTable:0
  int:MAX_EXPONENT:0
  int:SIZE:0
  double:POSITIVE_INFINITY:0
  String:_sfdcAdditionalCodeLocations:0
  double:MIN_NORMAL:0
  int:BYTES:0

10:34:16.32 (32491312)|CUMULATIVE_LIMIT_USAGE_END

10:34:16.0 (32614169)|CODE_UNIT_FINISHED|ApprovalController.getOpportunityRecord
10:34:16.0 (49600229)|HEAP_ALLOCATE|[EXTERNAL]|Bytes:18
10:34:16.0 (49616855)|HEAP_ALLOCATE|[EXTERNAL]|Bytes:18
10:34:16.0 (50850302)|CODE_UNIT_STARTED|[EXTERNAL]|01pO00000003MVy|ApprovalController.getOpportunityRecord
10:34:16.0 (50884091)|HEAP_ALLOCATE|[EXTERNAL]|Bytes:18
10:34:16.0 (50893598)|SYSTEM_MODE_ENTER|false
10:34:16.0 (50900858)|VARIABLE_SCOPE_BEGIN|[15]|opportunityId|String|false|false
10:34:16.0 (50911196)|VARIABLE_ASSIGNMENT|[15]|opportunityId|"006O0000008kRsJIAU"
10:34:16.0 (50919268)|STATEMENT_EXECUTE|[15]
10:34:16.0 (50921352)|STATEMENT_EXECUTE|[18]
10:34:16.0 (50929865)|HEAP_ALLOCATE|[18]|Bytes:4
10:34:16.0 (51430662)|SOQL_EXECUTE_BEGIN|[18]|Aggregations:0|SELECT Id, name, Gate_Status__c, TSF_Gate_Status__c, CRA_Gate_Status__c, StageName, Competitor_Analysis_General_Comments__c, Are_there_any_critical_risks__c, Has_CRA_changed_since_last_approval__c, Has_TSF_changed_since_last_approval__c, Apply_Default_Bonding__c, Conversion_Budget_Comments__c, Is_Gate_1_To_3__c, Is_Gate_4_To_5__c, Net_Budget_EOI_PQ__c, Net_Budget_Post_Tender__c, Net_Budget_Tender__c, Net_Budget_Amount__c, Total_Budget_EOI_PQ__c, Total_Budget_Tender__c, Total_Budget_AUD__c, Total_Budget_Post_Tender__c, JH_Bid_Cost_of_JH_Revenue__c FROM Opportunity WHERE Id = :tmpVar1
10:34:16.0 (51440942)|LIMIT_USAGE|[18]|SOQL|2|100
10:34:16.0 (51448304)|LIMIT_USAGE|[18]|AGGS|0|300
10:34:16.0 (60621665)|SOQL_EXECUTE_END|[18]|Rows:1
10:34:16.0 (60631436)|LIMIT_USAGE|[18]|SOQL_ROWS|2|50000
10:34:16.0 (60648815)|HEAP_ALLOCATE|[18]|Bytes:8
10:34:16.0 (60667339)|HEAP_ALLOCATE|[18]|Bytes:847
10:34:16.0 (60688877)|HEAP_ALLOCATE|[18]|Bytes:8
10:34:16.0 (60702740)|VARIABLE_SCOPE_BEGIN|[18]|allOpps|List<Opportunity>|true|false
10:34:16.0 (60750810)|VARIABLE_ASSIGNMENT|[18]|allOpps|[{"Id":"006O0000008kRsJIAU","Name":"Test Alex 15 Mar 124 (3 more) ...","Gate_Status__c":"Reviewing Approvers","TSF_Gate_Status__c":"Not Applicable","CRA_Gate_Status__c":"Not Applicable","StageName":"Gate 1","Are_there_any_critic (11 more) ...":"No","Has_CRA_changed_sinc (18 more) ...":"Yes","Apply_Default_Bondin (4 more) ...":true,"Is_Gate_1_To_3__c":true,"Is_Gate_4_To_5__c":false,"Net_Budget_EOI_PQ__c":0,"Net_Budget_Post_Tend (5 more) ...":0,"Net_Budget_Tender__c":0,"Net_Budget_Amount__c":0,"Total_Budget_EOI_PQ_ (2 more) ...":0,"Total_Budget_Tender_ (2 more) ...":0,"Total_Budget_AUD__c":0,"Total_Budget_Post_Te (7 more) ...":0}]|0x1279c637
10:34:16.0 (60761161)|STATEMENT_EXECUTE|[38]
10:34:16.0 (60777383)|SYSTEM_MODE_EXIT|false
10:34:16.60 (60806650)|CUMULATIVE_LIMIT_USAGE
10:34:16.60 (60806650)|LIMIT_USAGE_FOR_NS|(default)|
  Number of SOQL queries: 2 out of 100
  Number of query rows: 2 out of 50000
  Number of SOSL queries: 0 out of 20
  Number of DML statements: 0 out of 150
  Number of DML rows: 0 out of 10000
  Maximum CPU time: 0 out of 10000
  Maximum heap size: 0 out of 6000000
  Number of callouts: 0 out of 100
  Number of Email Invocations: 0 out of 10
  Number of future calls: 0 out of 50
  Number of queueable jobs added to the queue: 0 out of 50
  Number of Mobile Apex push calls: 0 out of 10

10:34:16.60 (60806650)|TOTAL_EMAIL_RECIPIENTS_QUEUED|0
10:34:16.60 (60806650)|STATIC_VARIABLE_LIST|
  char[]:DigitTens:0
  long:serialVersionUID:0
  long:serialVersionUID:0
  double:MAX_VALUE:0
  Boolean:FALSE:0
  long:serialVersionUID:0
  double:MIN_VALUE:0
  int:SIZE:0
  double:NEGATIVE_INFINITY:0
  int:MAX_VALUE:0
  String:_sfdcSuppressedCodeLocations:0
  char[]:digits:0
  double:NaN:0
  Boolean:TRUE:0
  int:MIN_VALUE:0
  char[]:DigitOnes:0
  int:BYTES:0
  int:MIN_EXPONENT:0
  int[]:sizeTable:0
  int:MAX_EXPONENT:0
  int:SIZE:0
  double:POSITIVE_INFINITY:0
  String:_sfdcAdditionalCodeLocations:0
  double:MIN_NORMAL:0
  int:BYTES:0

10:34:16.60 (60806650)|CUMULATIVE_LIMIT_USAGE_END

10:34:16.0 (60947332)|CODE_UNIT_FINISHED|ApprovalController.getOpportunityRecord
10:34:16.197 (197886594)|CUMULATIVE_PROFILING_BEGIN
10:34:16.197 (197886594)|CUMULATIVE_PROFILING|SOQL operations|
Class.ApprovalController.getOpportunityRecord: line 18, column 1: [SELECT   Id,name,
                                                           			Gate_Status__c,
                                                           			TSF_Gate_Status__c,
                                                           			CRA_Gate_Status__c,
                                                           			StageName,
                                    								Competitor_Analysis_General_Comments__c,
                                    								Are_there_any_critical_risks__c,
                                    								Has_CRA_changed_since_last_approval__c,
                                    								Has_TSF_changed_since_last_approval__c,
                                    								Apply_Default_Bonding__c,
                                    								Conversion_Budget_Comments__c,
                                    								Is_Gate_1_To_3__c, Is_Gate_4_To_5__c,
                                    								Net_Budget_EOI_PQ__c, Net_Budget_Post_Tender__c, 
                                    								Net_Budget_Tender__c, Net_Budget_Amount__c,
                                    								Total_Budget_EOI_PQ__c, Total_Budget_Tender__c, 
                                    								Total_Budget_AUD__c, Total_Budget_Post_Tender__c, 
                                    								JH_Bid_Cost_of_JH_Revenue__c
                                 							FROM     Opportunity
                                 							WHERE    Id = :opportunityId]: executed 2 times in 40 ms

10:34:16.197 (197886594)|CUMULATIVE_PROFILING|No profiling information for SOSL operations
10:34:16.197 (197886594)|CUMULATIVE_PROFILING|No profiling information for DML operations
10:34:16.197 (197886594)|CUMULATIVE_PROFILING|method invocations|
External entry point: public static List<Opportunity> getOpportunityRecord(String): executed 1 time in 10 ms

10:34:16.197 (197886594)|CUMULATIVE_PROFILING_END
