34.0 APEX_CODE,FINEST;APEX_PROFILING,FINEST;CALLOUT,INFO;DB,INFO;SYSTEM,DEBUG;VALIDATION,INFO;VISUALFORCE,INFO;WAVE,INFO;WORKFLOW,INFO
Execute Anonymous: Email_Alert_Class EA = new Email_Alert_Class();
Execute Anonymous: EA.registerNewEmail(null, false, false, '006O0000008ju1Z', true, false, false, null);
Execute Anonymous: EA.registerNewEmail(null, false, false, '006O0000008jnef', true, false, false, null);
Execute Anonymous: EA.sendEmails();
05:13:41.2 (2154883)|USER_INFO|[EXTERNAL]|005O0000003t7an|ricky.lowe@jhg.com.au.pcphase2|Australian Eastern Standard Time|GMT+11:00
05:13:41.2 (2166966)|EXECUTION_STARTED
05:13:41.2 (2170486)|CODE_UNIT_STARTED|[EXTERNAL]|execute_anonymous_apex
05:13:41.2 (24133422)|VARIABLE_SCOPE_BEGIN|[1]|EA|Email_Alert_Class|true|false
05:13:41.2 (24265220)|HEAP_ALLOCATE|[72]|Bytes:3
05:13:41.2 (24302759)|HEAP_ALLOCATE|[77]|Bytes:152
05:13:41.2 (24316001)|HEAP_ALLOCATE|[342]|Bytes:408
05:13:41.2 (24332107)|HEAP_ALLOCATE|[355]|Bytes:408
05:13:41.2 (24347910)|HEAP_ALLOCATE|[467]|Bytes:48
05:13:41.2 (24375551)|HEAP_ALLOCATE|[139]|Bytes:6
05:13:41.2 (24401570)|HEAP_ALLOCATE|[EXTERNAL]|Bytes:7
05:13:41.2 (24454966)|STATEMENT_EXECUTE|[1]
05:13:41.2 (24457755)|STATEMENT_EXECUTE|[1]
05:13:41.2 (24462821)|HEAP_ALLOCATE|[1]|Bytes:12
05:13:41.2 (24467726)|HEAP_ALLOCATE|[1]|Bytes:20
05:13:41.2 (24471125)|HEAP_ALLOCATE|[1]|Bytes:9
05:13:41.2 (24498995)|METHOD_ENTRY|[1]|01pO00000003HJI|Email_Alert_Class.Email_Alert_Class()
05:13:41.2 (24502028)|STATEMENT_EXECUTE|[1]
05:13:41.2 (24506518)|STATEMENT_EXECUTE|[1]
05:13:41.2 (24536798)|HEAP_ALLOCATE|[50]|Bytes:5
05:13:41.2 (24557944)|HEAP_ALLOCATE|[56]|Bytes:5
05:13:41.2 (24566117)|HEAP_ALLOCATE|[64]|Bytes:7
05:13:41.2 (24585848)|SYSTEM_MODE_ENTER|false
05:13:41.2 (24597431)|HEAP_ALLOCATE|[1]|Bytes:5
05:13:41.2 (24601164)|STATEMENT_EXECUTE|[33]
05:13:41.2 (24604759)|SYSTEM_MODE_EXIT|false
05:13:41.2 (24612007)|METHOD_EXIT|[1]|Email_Alert_Class
05:13:41.2 (24835432)|HEAP_ALLOCATE|[1]|Bytes:20
05:13:41.2 (24864604)|SYSTEM_MODE_ENTER|false
05:13:41.2 (24879537)|HEAP_ALLOCATE|[1]|Bytes:5
05:13:41.2 (24893479)|CONSTRUCTOR_ENTRY|[1]|01pO00000003HJI|<init>()
05:13:41.2 (24921051)|VARIABLE_SCOPE_BEGIN|[10]|this|Email_Alert_Class|true|false
05:13:41.2 (24977197)|VARIABLE_ASSIGNMENT|[10]|this|{}|0x31abd4b5
05:13:41.2 (24986456)|HEAP_ALLOCATE|[4]|Bytes:5
05:13:41.2 (24990086)|STATEMENT_EXECUTE|[1]
05:13:41.2 (24992603)|HEAP_ALLOCATE|[4]|Bytes:5
05:13:41.2 (24994273)|STATEMENT_EXECUTE|[3]
05:13:41.2 (24995494)|STATEMENT_EXECUTE|[4]
05:13:41.2 (24997807)|HEAP_ALLOCATE|[4]|Bytes:22
05:13:41.2 (25012103)|VARIABLE_ASSIGNMENT|[4]|this.CentralEmailAddress|"ricky.lowe@yopmail.c (2 more) ..."|0x31abd4b5
05:13:41.2 (25015256)|STATEMENT_EXECUTE|[5]
05:13:41.2 (25016244)|STATEMENT_EXECUTE|[6]
05:13:41.2 (25025158)|HEAP_ALLOCATE|[4]|Bytes:6
05:13:41.2 (25047181)|STATEMENT_EXECUTE|[10]
05:13:41.2 (25048794)|STATEMENT_EXECUTE|[16]
05:13:41.2 (25053781)|HEAP_ALLOCATE|[16]|Bytes:4
05:13:41.2 (25171723)|HEAP_ALLOCATE|[EXTERNAL]|Bytes:4
05:13:41.2 (25183829)|VARIABLE_ASSIGNMENT|[16]|this.messages|[]|0x31abd4b5
05:13:41.2 (25186467)|STATEMENT_EXECUTE|[17]
05:13:41.2 (25190720)|HEAP_ALLOCATE|[17]|Bytes:4
05:13:41.2 (25241670)|HEAP_ALLOCATE|[EXTERNAL]|Bytes:4
05:13:41.2 (25249178)|VARIABLE_ASSIGNMENT|[17]|this.EmailMessages|[]|0x31abd4b5
05:13:41.2 (25257563)|CONSTRUCTOR_EXIT|[1]|01pO00000003HJI|<init>()
05:13:41.2 (25261144)|SYSTEM_MODE_EXIT|false
05:13:41.2 (25289928)|VARIABLE_ASSIGNMENT|[1]|EA|{"CentralEmailAddress":"ricky.lowe@yopmail.c (2 more) ...","EmailMessages":"0x4935d488","messages":"0x1071734b"}|0x31abd4b5
05:13:41.2 (25294245)|STATEMENT_EXECUTE|[2]
05:13:41.2 (25302314)|HEAP_ALLOCATE|[2]|Bytes:15
05:13:41.2 (25320968)|HEAP_ALLOCATE|[2]|Bytes:4
05:13:41.2 (25349582)|SYSTEM_MODE_ENTER|false
05:13:41.2 (25359604)|HEAP_ALLOCATE|[2]|Bytes:5
05:13:41.2 (25396587)|METHOD_ENTRY|[2]|01pO00000003HJI|Email_Alert_Class.registerNewEmail(String, Boolean, Boolean, Id, Boolean, Boolean, Boolean, Id)
05:13:41.2 (25419208)|VARIABLE_SCOPE_BEGIN|[20]|this|Email_Alert_Class|true|false
05:13:41.2 (25441230)|VARIABLE_ASSIGNMENT|[20]|this|{"CentralEmailAddress":"ricky.lowe@yopmail.c (2 more) ...","EmailMessages":"0x4935d488","messages":"0x1071734b"}|0x31abd4b5
05:13:41.2 (25445861)|VARIABLE_SCOPE_BEGIN|[20]|templateDevName|String|false|false
05:13:41.2 (25451317)|VARIABLE_ASSIGNMENT|[20]|templateDevName|null
05:13:41.2 (25456337)|VARIABLE_SCOPE_BEGIN|[20]|sendToPreContractGroup|Boolean|false|false
05:13:41.2 (25460078)|VARIABLE_ASSIGNMENT|[20]|sendToPreContractGroup|false
05:13:41.2 (25462794)|VARIABLE_SCOPE_BEGIN|[20]|sendToCentralEmailAddress|Boolean|false|false
05:13:41.2 (25465328)|VARIABLE_ASSIGNMENT|[20]|sendToCentralEmailAddress|false
05:13:41.2 (25467700)|VARIABLE_SCOPE_BEGIN|[20]|OppID|Id|false|false
05:13:41.2 (25574502)|VARIABLE_ASSIGNMENT|[20]|OppID|"006O0000008ju1ZIAQ"
05:13:41.2 (25583348)|VARIABLE_SCOPE_BEGIN|[20]|sendToPDM|Boolean|false|false
05:13:41.2 (25588451)|VARIABLE_ASSIGNMENT|[20]|sendToPDM|true
05:13:41.2 (25591200)|VARIABLE_SCOPE_BEGIN|[20]|sendToBDM|Boolean|false|false
05:13:41.2 (25593537)|VARIABLE_ASSIGNMENT|[20]|sendToBDM|false
05:13:41.2 (25596031)|VARIABLE_SCOPE_BEGIN|[20]|sendToAllApprovers|Boolean|false|false
05:13:41.2 (25598622)|VARIABLE_ASSIGNMENT|[20]|sendToAllApprovers|false
05:13:41.2 (25600994)|VARIABLE_SCOPE_BEGIN|[20]|currentApprover|Id|false|false
05:13:41.2 (25603597)|VARIABLE_ASSIGNMENT|[20]|currentApprover|null
05:13:41.2 (25613029)|HEAP_ALLOCATE|[21]|Bytes:5
05:13:41.2 (25616911)|STATEMENT_EXECUTE|[20]
05:13:41.2 (25618065)|STATEMENT_EXECUTE|[21]
05:13:41.2 (25632156)|HEAP_ALLOCATE|[21]|Bytes:36
05:13:41.2 (25646742)|CONSTRUCTOR_ENTRY|[21]|01pO00000003HJI|<init>()
05:13:41.2 (25667996)|VARIABLE_SCOPE_BEGIN|[33]|this|Email_Alert_Class.EmailMessage|true|false
05:13:41.2 (25727817)|VARIABLE_ASSIGNMENT|[33]|this|{}|0x79943ad3
05:13:41.2 (25743437)|STATEMENT_EXECUTE|[33]
05:13:41.2 (25744910)|STATEMENT_EXECUTE|[34]
05:13:41.2 (25746005)|STATEMENT_EXECUTE|[35]
05:13:41.2 (25747053)|STATEMENT_EXECUTE|[36]
05:13:41.2 (25747911)|STATEMENT_EXECUTE|[37]
05:13:41.2 (25748715)|STATEMENT_EXECUTE|[38]
05:13:41.2 (25749517)|STATEMENT_EXECUTE|[39]
05:13:41.2 (25750326)|STATEMENT_EXECUTE|[40]
05:13:41.2 (25751123)|STATEMENT_EXECUTE|[41]
05:13:41.2 (25754617)|CONSTRUCTOR_EXIT|[21]|01pO00000003HJI|<init>()
05:13:41.2 (25758126)|VARIABLE_SCOPE_BEGIN|[21]|EM|Email_Alert_Class.EmailMessage|true|false
05:13:41.2 (25772952)|VARIABLE_ASSIGNMENT|[21]|EM|{}|0x79943ad3
05:13:41.2 (25774841)|STATEMENT_EXECUTE|[22]
05:13:41.2 (25782225)|VARIABLE_ASSIGNMENT|[22]|this.templateDevName|null|0x79943ad3
05:13:41.2 (25783936)|STATEMENT_EXECUTE|[23]
05:13:41.2 (25788334)|HEAP_ALLOCATE|[23]|Bytes:5
05:13:41.2 (25794264)|VARIABLE_ASSIGNMENT|[23]|this.sendToPreContractGroup|false|0x79943ad3
05:13:41.2 (25795894)|STATEMENT_EXECUTE|[24]
05:13:41.2 (25798286)|HEAP_ALLOCATE|[24]|Bytes:5
05:13:41.2 (25802944)|VARIABLE_ASSIGNMENT|[24]|this.sendToCentralEmailAddress|false|0x79943ad3
05:13:41.2 (25804537)|STATEMENT_EXECUTE|[25]
05:13:41.2 (25856508)|VARIABLE_ASSIGNMENT|[25]|this.OppID|"006O0000008ju1ZIAQ"|0x79943ad3
05:13:41.2 (25859808)|STATEMENT_EXECUTE|[26]
05:13:41.2 (25865112)|HEAP_ALLOCATE|[26]|Bytes:5
05:13:41.2 (25875086)|VARIABLE_ASSIGNMENT|[26]|this.sendToPDM|true|0x79943ad3
05:13:41.2 (25876699)|STATEMENT_EXECUTE|[27]
05:13:41.2 (25879112)|HEAP_ALLOCATE|[27]|Bytes:5
05:13:41.2 (25883535)|VARIABLE_ASSIGNMENT|[27]|this.sendToBDM|false|0x79943ad3
05:13:41.2 (25885029)|STATEMENT_EXECUTE|[28]
05:13:41.2 (25887315)|HEAP_ALLOCATE|[28]|Bytes:5
05:13:41.2 (25892192)|VARIABLE_ASSIGNMENT|[28]|this.sendToAllApprovers|false|0x79943ad3
05:13:41.2 (25893785)|STATEMENT_EXECUTE|[29]
05:13:41.2 (25897759)|VARIABLE_ASSIGNMENT|[29]|this.currentApprover|null|0x79943ad3
05:13:41.2 (25899262)|STATEMENT_EXECUTE|[30]
05:13:41.2 (25941263)|HEAP_ALLOCATE|[EXTERNAL]|Bytes:4
05:13:41.2 (25958745)|METHOD_EXIT|[2]|01pO00000003HJI|Email_Alert_Class.registerNewEmail(String, Boolean, Boolean, Id, Boolean, Boolean, Boolean, Id)
05:13:41.2 (25962867)|SYSTEM_MODE_EXIT|false
05:13:41.2 (25967160)|STATEMENT_EXECUTE|[3]
05:13:41.2 (25973781)|HEAP_ALLOCATE|[3]|Bytes:15
05:13:41.2 (25981384)|HEAP_ALLOCATE|[3]|Bytes:4
05:13:41.2 (26007022)|SYSTEM_MODE_ENTER|false
05:13:41.2 (26017825)|HEAP_ALLOCATE|[3]|Bytes:5
05:13:41.2 (26029880)|METHOD_ENTRY|[3]|01pO00000003HJI|Email_Alert_Class.registerNewEmail(String, Boolean, Boolean, Id, Boolean, Boolean, Boolean, Id)
05:13:41.2 (26042183)|VARIABLE_SCOPE_BEGIN|[20]|this|Email_Alert_Class|true|false
05:13:41.2 (26064282)|VARIABLE_ASSIGNMENT|[20]|this|{"CentralEmailAddress":"ricky.lowe@yopmail.c (2 more) ...","EmailMessages":"0x4935d488","messages":"0x1071734b"}|0x31abd4b5
05:13:41.2 (26067181)|VARIABLE_SCOPE_BEGIN|[20]|templateDevName|String|false|false
05:13:41.2 (26070273)|VARIABLE_ASSIGNMENT|[20]|templateDevName|null
05:13:41.2 (26073241)|VARIABLE_SCOPE_BEGIN|[20]|sendToPreContractGroup|Boolean|false|false
05:13:41.2 (26076112)|VARIABLE_ASSIGNMENT|[20]|sendToPreContractGroup|false
05:13:41.2 (26078040)|VARIABLE_SCOPE_BEGIN|[20]|sendToCentralEmailAddress|Boolean|false|false
05:13:41.2 (26080383)|VARIABLE_ASSIGNMENT|[20]|sendToCentralEmailAddress|false
05:13:41.2 (26081793)|VARIABLE_SCOPE_BEGIN|[20]|OppID|Id|false|false
05:13:41.2 (26129062)|VARIABLE_ASSIGNMENT|[20]|OppID|"006O0000008jnefIAA"
05:13:41.2 (26134038)|VARIABLE_SCOPE_BEGIN|[20]|sendToPDM|Boolean|false|false
05:13:41.2 (26138118)|VARIABLE_ASSIGNMENT|[20]|sendToPDM|true
05:13:41.2 (26140013)|VARIABLE_SCOPE_BEGIN|[20]|sendToBDM|Boolean|false|false
05:13:41.2 (26142072)|VARIABLE_ASSIGNMENT|[20]|sendToBDM|false
05:13:41.2 (26143763)|VARIABLE_SCOPE_BEGIN|[20]|sendToAllApprovers|Boolean|false|false
05:13:41.2 (26145964)|VARIABLE_ASSIGNMENT|[20]|sendToAllApprovers|false
05:13:41.2 (26147355)|VARIABLE_SCOPE_BEGIN|[20]|currentApprover|Id|false|false
05:13:41.2 (26149575)|VARIABLE_ASSIGNMENT|[20]|currentApprover|null
05:13:41.2 (26156359)|HEAP_ALLOCATE|[21]|Bytes:5
05:13:41.2 (26161216)|STATEMENT_EXECUTE|[20]
05:13:41.2 (26162325)|STATEMENT_EXECUTE|[21]
05:13:41.2 (26165929)|HEAP_ALLOCATE|[21]|Bytes:36
05:13:41.2 (26171724)|CONSTRUCTOR_ENTRY|[21]|01pO00000003HJI|<init>()
05:13:41.2 (26175443)|VARIABLE_SCOPE_BEGIN|[33]|this|Email_Alert_Class.EmailMessage|true|false
05:13:41.2 (26191626)|VARIABLE_ASSIGNMENT|[33]|this|{}|0x40ac370f
05:13:41.2 (26203113)|STATEMENT_EXECUTE|[33]
05:13:41.2 (26204409)|STATEMENT_EXECUTE|[34]
05:13:41.2 (26205356)|STATEMENT_EXECUTE|[35]
05:13:41.2 (26206175)|STATEMENT_EXECUTE|[36]
05:13:41.2 (26207519)|STATEMENT_EXECUTE|[37]
05:13:41.2 (26208427)|STATEMENT_EXECUTE|[38]
05:13:41.2 (26209317)|STATEMENT_EXECUTE|[39]
05:13:41.2 (26210237)|STATEMENT_EXECUTE|[40]
05:13:41.2 (26211121)|STATEMENT_EXECUTE|[41]
05:13:41.2 (26214130)|CONSTRUCTOR_EXIT|[21]|01pO00000003HJI|<init>()
05:13:41.2 (26217242)|VARIABLE_SCOPE_BEGIN|[21]|EM|Email_Alert_Class.EmailMessage|true|false
05:13:41.2 (26229709)|VARIABLE_ASSIGNMENT|[21]|EM|{}|0x40ac370f
05:13:41.2 (26231606)|STATEMENT_EXECUTE|[22]
05:13:41.2 (26237257)|VARIABLE_ASSIGNMENT|[22]|this.templateDevName|null|0x40ac370f
05:13:41.2 (26238793)|STATEMENT_EXECUTE|[23]
05:13:41.2 (26242478)|HEAP_ALLOCATE|[23]|Bytes:5
05:13:41.2 (26247495)|VARIABLE_ASSIGNMENT|[23]|this.sendToPreContractGroup|false|0x40ac370f
05:13:41.2 (26249077)|STATEMENT_EXECUTE|[24]
05:13:41.2 (26251296)|HEAP_ALLOCATE|[24]|Bytes:5
05:13:41.2 (26255330)|VARIABLE_ASSIGNMENT|[24]|this.sendToCentralEmailAddress|false|0x40ac370f
05:13:41.2 (26256803)|STATEMENT_EXECUTE|[25]
05:13:41.2 (26303169)|VARIABLE_ASSIGNMENT|[25]|this.OppID|"006O0000008jnefIAA"|0x40ac370f
05:13:41.2 (26306376)|STATEMENT_EXECUTE|[26]
05:13:41.2 (26311077)|HEAP_ALLOCATE|[26]|Bytes:5
05:13:41.2 (26320202)|VARIABLE_ASSIGNMENT|[26]|this.sendToPDM|true|0x40ac370f
05:13:41.2 (26321806)|STATEMENT_EXECUTE|[27]
05:13:41.2 (26324097)|HEAP_ALLOCATE|[27]|Bytes:5
05:13:41.2 (26328151)|VARIABLE_ASSIGNMENT|[27]|this.sendToBDM|false|0x40ac370f
05:13:41.2 (26329600)|STATEMENT_EXECUTE|[28]
05:13:41.2 (26331737)|HEAP_ALLOCATE|[28]|Bytes:5
05:13:41.2 (26335729)|VARIABLE_ASSIGNMENT|[28]|this.sendToAllApprovers|false|0x40ac370f
05:13:41.2 (26337254)|STATEMENT_EXECUTE|[29]
05:13:41.2 (26340760)|VARIABLE_ASSIGNMENT|[29]|this.currentApprover|null|0x40ac370f
05:13:41.2 (26342080)|STATEMENT_EXECUTE|[30]
05:13:41.2 (26352294)|HEAP_ALLOCATE|[EXTERNAL]|Bytes:4
05:13:41.2 (26365561)|METHOD_EXIT|[3]|01pO00000003HJI|Email_Alert_Class.registerNewEmail(String, Boolean, Boolean, Id, Boolean, Boolean, Boolean, Id)
05:13:41.2 (26369617)|SYSTEM_MODE_EXIT|false
05:13:41.2 (26373675)|STATEMENT_EXECUTE|[4]
05:13:41.2 (26397342)|SYSTEM_MODE_ENTER|false
05:13:41.2 (26406926)|HEAP_ALLOCATE|[4]|Bytes:5
05:13:41.2 (26417814)|METHOD_ENTRY|[4]|01pO00000003HJI|Email_Alert_Class.sendEmails()
05:13:41.2 (26438698)|VARIABLE_SCOPE_BEGIN|[44]|this|Email_Alert_Class|true|false
05:13:41.2 (26459538)|VARIABLE_ASSIGNMENT|[44]|this|{"CentralEmailAddress":"ricky.lowe@yopmail.c (2 more) ...","EmailMessages":"0x4935d488","messages":"0x1071734b"}|0x31abd4b5
05:13:41.2 (26469143)|HEAP_ALLOCATE|[45]|Bytes:5
05:13:41.2 (26472447)|STATEMENT_EXECUTE|[44]
05:13:41.2 (26473609)|STATEMENT_EXECUTE|[45]
05:13:41.2 (26481534)|HEAP_ALLOCATE|[45]|Bytes:4
05:13:41.2 (26509245)|VARIABLE_SCOPE_BEGIN|[45]|OppIds|Set<Id>|true|false
05:13:41.2 (26535048)|VARIABLE_ASSIGNMENT|[45]|OppIds|[]|0x4418c3
05:13:41.2 (26537690)|STATEMENT_EXECUTE|[46]
05:13:41.2 (26541964)|HEAP_ALLOCATE|[46]|Bytes:4
05:13:41.2 (26564126)|VARIABLE_SCOPE_BEGIN|[46]|EmailTemplateDevNames|Set<String>|true|false
05:13:41.2 (26581565)|VARIABLE_ASSIGNMENT|[46]|EmailTemplateDevNames|[]|0x21f1538b
05:13:41.2 (26738020)|HEAP_ALLOCATE|[48]|Bytes:5
05:13:41.2 (26754829)|HEAP_ALLOCATE|[48]|Bytes:36
05:13:41.2 (26762645)|VARIABLE_SCOPE_BEGIN|[48]|EM|Email_Alert_Class.EmailMessage|true|false
05:13:41.2 (26849095)|VARIABLE_ASSIGNMENT|[48]|EM|{"OppID":"006O0000008ju1ZIAQ","sendToAllApprovers":false,"sendToBDM":false,"sendToCentralEmailAddress":false,"sendToPDM":true,"sendToPreContractGroup":false}|0x79943ad3
05:13:41.2 (26854098)|STATEMENT_EXECUTE|[48]
05:13:41.2 (26855324)|STATEMENT_EXECUTE|[49]
05:13:41.2 (26888068)|HEAP_ALLOCATE|[EXTERNAL]|Bytes:4
05:13:41.2 (26896392)|STATEMENT_EXECUTE|[50]
05:13:41.2 (26917604)|HEAP_ALLOCATE|[EXTERNAL]|Bytes:4
05:13:41.2 (26931544)|HEAP_ALLOCATE|[48]|Bytes:5
05:13:41.2 (26940937)|HEAP_ALLOCATE|[48]|Bytes:36
05:13:41.2 (26946857)|VARIABLE_SCOPE_BEGIN|[48]|EM|Email_Alert_Class.EmailMessage|true|false
05:13:41.2 (27023346)|VARIABLE_ASSIGNMENT|[48]|EM|{"OppID":"006O0000008jnefIAA","sendToAllApprovers":false,"sendToBDM":false,"sendToCentralEmailAddress":false,"sendToPDM":true,"sendToPreContractGroup":false}|0x40ac370f
05:13:41.2 (27028393)|STATEMENT_EXECUTE|[48]
05:13:41.2 (27029556)|STATEMENT_EXECUTE|[49]
05:13:41.2 (27039384)|HEAP_ALLOCATE|[EXTERNAL]|Bytes:4
05:13:41.2 (27044771)|STATEMENT_EXECUTE|[50]
05:13:41.2 (27049548)|HEAP_ALLOCATE|[EXTERNAL]|Bytes:4
05:13:41.2 (27060946)|HEAP_ALLOCATE|[48]|Bytes:5
05:13:41.2 (27071478)|VARIABLE_ASSIGNMENT|[48]|EM|null|
05:13:41.2 (27073977)|STATEMENT_EXECUTE|[53]
05:13:41.2 (27085918)|METHOD_ENTRY|[53]|01pO00000003HJI|Email_Alert_Class.getTemplateIDs(Set<String>)
05:13:41.2 (27106401)|VARIABLE_SCOPE_BEGIN|[191]|this|Email_Alert_Class|true|false
05:13:41.2 (27126148)|VARIABLE_ASSIGNMENT|[191]|this|{"CentralEmailAddress":"ricky.lowe@yopmail.c (2 more) ...","EmailMessages":"0x4935d488","messages":"0x1071734b"}|0x31abd4b5
05:13:41.2 (27130457)|VARIABLE_SCOPE_BEGIN|[191]|EmailTemplateDevNames|Set<String>|true|false
05:13:41.2 (27136303)|VARIABLE_ASSIGNMENT|[191]|EmailTemplateDevNames|[]|0x21f1538b
05:13:41.2 (27144774)|HEAP_ALLOCATE|[192]|Bytes:5
05:13:41.2 (27148080)|STATEMENT_EXECUTE|[191]
05:13:41.2 (27149293)|STATEMENT_EXECUTE|[192]
05:13:41.2 (27154341)|HEAP_ALLOCATE|[192]|Bytes:4
05:13:41.2 (27165019)|VARIABLE_SCOPE_BEGIN|[192]|EmailTemplatesDevNameToID|Map<String,Id>|true|false
05:13:41.2 (27177947)|VARIABLE_ASSIGNMENT|[192]|EmailTemplatesDevNameToID|{}|0x4ada2ceb
05:13:41.2 (27182358)|HEAP_ALLOCATE|[194]|Bytes:80
05:13:41.2 (27188471)|HEAP_ALLOCATE|[194]|Bytes:4
05:13:41.2 (27194603)|HEAP_ALLOCATE|[194]|Bytes:7
05:13:41.2 (27537426)|SOQL_EXECUTE_BEGIN|[194]|Aggregations:0|SELECT DeveloperName, Id, Name FROM EmailTemplate 
05:13:41.2 (27547036)|LIMIT_USAGE|[194]|SOQL|1|100
05:13:41.2 (27558808)|LIMIT_USAGE|[194]|AGGS|0|300
05:13:41.2 (30679448)|SOQL_EXECUTE_END|[194]|Rows:0
05:13:41.2 (30826923)|HEAP_ALLOCATE|[194]|Bytes:49
05:13:41.2 (30833081)|HEAP_ALLOCATE|[194]|Bytes:8
05:13:41.2 (30840732)|SYSTEM_METHOD_ENTRY|[7]|QueryLocatorIterator.QueryLocatorIterator()
05:13:41.2 (30843319)|STATEMENT_EXECUTE|[7]
05:13:41.2 (30849530)|SYSTEM_METHOD_EXIT|[7]|QueryLocatorIterator
05:13:41.2 (30855193)|HEAP_ALLOCATE|[194]|Bytes:28
05:13:41.2 (30873605)|HEAP_ALLOCATE|[194]|Bytes:8
05:13:41.2 (30875814)|HEAP_ALLOCATE|[194]|Bytes:8
05:13:41.2 (30879648)|VARIABLE_SCOPE_BEGIN|[15]|this|Database.QueryLocatorIterator|true|false
05:13:41.2 (30898693)|VARIABLE_ASSIGNMENT|[15]|this|{}|0x33b75edf
05:13:41.2 (30901181)|VARIABLE_SCOPE_BEGIN|[15]|values|List<SObject>|true|false
05:13:41.2 (30904839)|VARIABLE_ASSIGNMENT|[15]|values|null|
05:13:41.2 (30906618)|VARIABLE_SCOPE_BEGIN|[15]|ql|Database.QueryLocator|true|false
05:13:41.2 (30917725)|VARIABLE_ASSIGNMENT|[15]|ql|{"query":"SELECT DeveloperName (60 more) ..."}|0x5fb71784
05:13:41.2 (30919968)|VARIABLE_SCOPE_BEGIN|[15]|totalNumRecords|Integer|false|false
05:13:41.2 (30923569)|VARIABLE_ASSIGNMENT|[15]|totalNumRecords|0
05:13:41.2 (30925404)|VARIABLE_SCOPE_BEGIN|[15]|queryMoreSize|Integer|false|false
05:13:41.2 (30927630)|VARIABLE_ASSIGNMENT|[15]|queryMoreSize|50000
05:13:41.2 (30967204)|HEAP_ALLOCATE|[194]|Bytes:28
05:13:41.2 (30982910)|METHOD_ENTRY|[194]||Database.QueryLocatorIterator.hasNext()
05:13:41.2 (30999782)|METHOD_EXIT|[194]||Database.QueryLocatorIterator.hasNext()
05:13:41.2 (31041853)|VARIABLE_ASSIGNMENT|[194]|ET|null|
05:13:41.2 (31045481)|STATEMENT_EXECUTE|[194]
05:13:41.2 (31061921)|STATEMENT_EXECUTE|[197]
05:13:41.2 (31069792)|METHOD_EXIT|[53]|01pO00000003HJI|Email_Alert_Class.getTemplateIDs(Set<String>)
05:13:41.2 (31074772)|VARIABLE_SCOPE_BEGIN|[53]|EmailTemplatesDevNameToID|Map<String,Id>|true|false
05:13:41.2 (31084050)|VARIABLE_ASSIGNMENT|[53]|EmailTemplatesDevNameToID|{}|0x4ada2ceb
05:13:41.2 (31086066)|STATEMENT_EXECUTE|[54]
05:13:41.2 (31094450)|METHOD_ENTRY|[54]|01pO00000003HJI|Email_Alert_Class.getPreContractGroupMembers()
05:13:41.2 (31113385)|VARIABLE_SCOPE_BEGIN|[201]|this|Email_Alert_Class|true|false
05:13:41.2 (31134778)|VARIABLE_ASSIGNMENT|[201]|this|{"CentralEmailAddress":"ricky.lowe@yopmail.c (2 more) ...","EmailMessages":"0x4935d488","messages":"0x1071734b"}|0x31abd4b5
05:13:41.2 (31145094)|HEAP_ALLOCATE|[202]|Bytes:5
05:13:41.2 (31148646)|STATEMENT_EXECUTE|[201]
05:13:41.2 (31149786)|STATEMENT_EXECUTE|[202]
05:13:41.2 (31151982)|HEAP_ALLOCATE|[202]|Bytes:87
05:13:41.2 (31156855)|HEAP_ALLOCATE|[202]|Bytes:4
05:13:41.2 (31332615)|SOQL_EXECUTE_BEGIN|[202]|Aggregations:0|SELECT DeveloperName, Id FROM Group WHERE DeveloperName = 'Pre_Contracts_Group' LIMIT 1
05:13:41.2 (31339000)|LIMIT_USAGE|[202]|SOQL|2|100
05:13:41.2 (31345697)|LIMIT_USAGE|[202]|AGGS|0|300
05:13:41.2 (40313406)|SOQL_EXECUTE_END|[202]|Rows:1
05:13:41.2 (40320064)|LIMIT_USAGE|[202]|SOQL_ROWS|1|50000
05:13:41.2 (40331893)|HEAP_ALLOCATE|[202]|Bytes:8
05:13:41.2 (40347207)|HEAP_ALLOCATE|[202]|Bytes:65
05:13:41.2 (40400041)|HEAP_ALLOCATE|[202]|Bytes:8
05:13:41.2 (40410338)|VARIABLE_SCOPE_BEGIN|[202]|PreContract|List<Group>|true|false
05:13:41.2 (40427657)|VARIABLE_ASSIGNMENT|[202]|PreContract|[{"DeveloperName":"Pre_Contracts_Group","Id":"00GO00000025mIMMAY"}]|0x63175abc
05:13:41.2 (40430831)|STATEMENT_EXECUTE|[203]
05:13:41.2 (40436151)|HEAP_ALLOCATE|[203]|Bytes:4
05:13:41.2 (40462263)|VARIABLE_SCOPE_BEGIN|[203]|PreContractUserIDs|Set<String>|true|false
05:13:41.2 (40474706)|VARIABLE_ASSIGNMENT|[203]|PreContractUserIDs|[]|0x2ee62eb8
05:13:41.2 (40519992)|STATEMENT_EXECUTE|[204]
05:13:41.2 (40522220)|STATEMENT_EXECUTE|[211]
05:13:41.2 (40529868)|METHOD_EXIT|[54]|01pO00000003HJI|Email_Alert_Class.getPreContractGroupMembers()
05:13:41.2 (40534088)|VARIABLE_SCOPE_BEGIN|[54]|PreContract|Set<String>|true|false
05:13:41.2 (40541656)|VARIABLE_ASSIGNMENT|[54]|PreContract|[]|0x2ee62eb8
05:13:41.2 (40543385)|STATEMENT_EXECUTE|[55]
05:13:41.2 (40555463)|METHOD_ENTRY|[55]|01pO00000003HJI|Email_Alert_Class.getOppTeamMembers(Set<Id>)
05:13:41.2 (40575934)|VARIABLE_SCOPE_BEGIN|[154]|this|Email_Alert_Class|true|false
05:13:41.2 (40598603)|VARIABLE_ASSIGNMENT|[154]|this|{"CentralEmailAddress":"ricky.lowe@yopmail.c (2 more) ...","EmailMessages":"0x4935d488","messages":"0x1071734b"}|0x31abd4b5
05:13:41.2 (40603054)|VARIABLE_SCOPE_BEGIN|[154]|OppIds|Set<Id>|true|false
05:13:41.2 (40609891)|VARIABLE_ASSIGNMENT|[154]|OppIds|["006O0000008ju1ZIAQ","006O0000008jnefIAA"]|0x4418c3
05:13:41.2 (40619036)|HEAP_ALLOCATE|[155]|Bytes:5
05:13:41.2 (40622674)|STATEMENT_EXECUTE|[154]
05:13:41.2 (40623751)|STATEMENT_EXECUTE|[155]
05:13:41.2 (40627806)|HEAP_ALLOCATE|[155]|Bytes:4
05:13:41.2 (40638755)|VARIABLE_SCOPE_BEGIN|[155]|MapOppToOppTeamMemberGroupedByRole|Map<Id,Map<String,Set<String>>>|true|false
05:13:41.2 (40648318)|VARIABLE_ASSIGNMENT|[155]|MapOppToOppTeamMemberGroupedByRole|{}|0x34292b15
05:13:41.2 (40653226)|HEAP_ALLOCATE|[157]|Bytes:130
05:13:41.2 (40657635)|HEAP_ALLOCATE|[157]|Bytes:4
05:13:41.2 (40974281)|SOQL_EXECUTE_BEGIN|[157]|Aggregations:0|SELECT Id, OpportunityAccessLevel, OpportunityId, TeamMemberRole, UserId FROM OpportunityTeamMember 
05:13:41.2 (40980356)|LIMIT_USAGE|[157]|SOQL|3|100
05:13:41.2 (40986855)|LIMIT_USAGE|[157]|AGGS|0|300
05:13:41.2 (58177833)|SOQL_EXECUTE_END|[157]|Rows:4
05:13:41.2 (58185520)|LIMIT_USAGE|[157]|SOQL_ROWS|5|50000
05:13:41.2 (58194905)|HEAP_ALLOCATE|[EXTERNAL]|Bytes:20
05:13:41.2 (58291396)|HEAP_ALLOCATE|[157]|Bytes:28
05:13:41.2 (58361819)|HEAP_ALLOCATE|[157]|Bytes:20
05:13:41.2 (58378364)|HEAP_ALLOCATE|[157]|Bytes:8
05:13:41.2 (58380932)|HEAP_ALLOCATE|[157]|Bytes:8
05:13:41.2 (58385501)|VARIABLE_SCOPE_BEGIN|[15]|this|Database.QueryLocatorIterator|true|false
05:13:41.2 (58410291)|VARIABLE_ASSIGNMENT|[15]|this|{}|0x1620080e
05:13:41.2 (58413021)|VARIABLE_SCOPE_BEGIN|[15]|values|List<SObject>|true|false
05:13:41.2 (58438939)|VARIABLE_ASSIGNMENT|[15]|values|[{"Id":"00qO0000000CHxOIAW","OpportunityAccessLev (2 more) ...":"Read","OpportunityId":"006O0000008jnefIAA","TeamMemberRole":"Account Manager","UserId":"00528000004d3msAAA"},{"Id":"00qO0000000CHxJIAW","OpportunityAccessLev (2 more) ...":"Read","OpportunityId":"006O0000008ju1ZIAQ","TeamMemberRole":"Executive Sponsor","UserId":"00528000004d3msAAA"},{"Id":"00qO0000000CHxEIAW","OpportunityAccessLev (2 more) ...":"Read","OpportunityId":"006O0000008ju1ZIAQ","TeamMemberRole":"Account Manager","UserId":"00528000006B07FAAS"},{"Id":"00qO0000000CHxAIAW","OpportunityAccessLev (2 more) ...":"Edit","OpportunityId":"006O0000008ju1ZIAQ","TeamMemberRole":"Channel Manager","UserId":"005O0000003t7anIAA"}]|0x2a08b6c2
05:13:41.2 (58444798)|VARIABLE_SCOPE_BEGIN|[15]|ql|Database.QueryLocator|true|false
05:13:41.2 (58453133)|VARIABLE_ASSIGNMENT|[15]|ql|{"query":"SELECT Id, Opportuni (110 more) ..."}|0x30b18456
05:13:41.2 (58455392)|VARIABLE_SCOPE_BEGIN|[15]|totalNumRecords|Integer|false|false
05:13:41.2 (58459157)|VARIABLE_ASSIGNMENT|[15]|totalNumRecords|4
05:13:41.2 (58461038)|VARIABLE_SCOPE_BEGIN|[15]|queryMoreSize|Integer|false|false
05:13:41.2 (58463415)|VARIABLE_ASSIGNMENT|[15]|queryMoreSize|49995
05:13:41.2 (58506257)|HEAP_ALLOCATE|[157]|Bytes:28
05:13:41.2 (58520195)|METHOD_ENTRY|[157]||Database.QueryLocatorIterator.hasNext()
05:13:41.2 (58586389)|METHOD_EXIT|[157]||Database.QueryLocatorIterator.hasNext()
05:13:41.2 (58593970)|METHOD_ENTRY|[157]||Database.QueryLocatorIterator.next()
05:13:41.2 (58682971)|METHOD_EXIT|[157]||Database.QueryLocatorIterator.next()
05:13:41.2 (58690742)|VARIABLE_SCOPE_BEGIN|[157]|OTM|OpportunityTeamMember|true|false
05:13:41.2 (58713743)|VARIABLE_ASSIGNMENT|[157]|OTM|{"Id":"00qO0000000CHxOIAW","OpportunityAccessLev (2 more) ...":"Read","OpportunityId":"006O0000008jnefIAA","TeamMemberRole":"Account Manager","UserId":"00528000004d3msAAA"}|0x2727216c
05:13:41.2 (58717443)|STATEMENT_EXECUTE|[157]
05:13:41.2 (58718881)|STATEMENT_EXECUTE|[158]
05:13:41.2 (58725491)|HEAP_ALLOCATE|[158]|Bytes:4
05:13:41.2 (58757913)|VARIABLE_SCOPE_BEGIN|[158]|UserIds|Set<String>|true|false
05:13:41.2 (58772671)|VARIABLE_ASSIGNMENT|[158]|UserIds|[]|0x48f63dec
05:13:41.2 (58775097)|STATEMENT_EXECUTE|[159]
05:13:41.2 (58782821)|HEAP_ALLOCATE|[159]|Bytes:4
05:13:41.2 (58793874)|VARIABLE_SCOPE_BEGIN|[159]|groupedByRole|Map<String,Set<String>>|true|false
05:13:41.2 (58804582)|VARIABLE_ASSIGNMENT|[159]|groupedByRole|{}|0x74d99390
05:13:41.2 (58872541)|STATEMENT_EXECUTE|[178]
05:13:41.2 (58874883)|STATEMENT_EXECUTE|[179]
05:13:41.2 (58879297)|HEAP_ALLOCATE|[179]|Bytes:4
05:13:41.2 (58886513)|VARIABLE_SCOPE_BEGIN|[179]|groupedByRoleNew|Map<String,Set<String>>|true|false
05:13:41.2 (58897030)|VARIABLE_ASSIGNMENT|[179]|groupedByRoleNew|{}|0x4c490a04
05:13:41.2 (58899147)|STATEMENT_EXECUTE|[180]
05:13:41.2 (58902891)|HEAP_ALLOCATE|[180]|Bytes:4
05:13:41.2 (58922502)|VARIABLE_SCOPE_BEGIN|[180]|UserIdsNew2|Set<String>|true|false
05:13:41.2 (58934130)|VARIABLE_ASSIGNMENT|[180]|UserIdsNew2|[]|0x527b7ea0
05:13:41.2 (58936373)|STATEMENT_EXECUTE|[181]
05:13:41.2 (59015557)|HEAP_ALLOCATE|[EXTERNAL]|Bytes:4
05:13:41.2 (59025742)|STATEMENT_EXECUTE|[182]
05:13:41.2 (59079177)|HEAP_ALLOCATE|[EXTERNAL]|Bytes:-4
05:13:41.2 (59086318)|STATEMENT_EXECUTE|[184]
05:13:41.2 (59115835)|HEAP_ALLOCATE|[EXTERNAL]|Bytes:-4
05:13:41.2 (59126415)|METHOD_ENTRY|[157]||Database.QueryLocatorIterator.hasNext()
05:13:41.2 (59147723)|METHOD_EXIT|[157]||Database.QueryLocatorIterator.hasNext()
05:13:41.2 (59152189)|METHOD_ENTRY|[157]||Database.QueryLocatorIterator.next()
05:13:41.2 (59212257)|METHOD_EXIT|[157]||Database.QueryLocatorIterator.next()
05:13:41.2 (59218994)|VARIABLE_SCOPE_BEGIN|[157]|OTM|OpportunityTeamMember|true|false
05:13:41.2 (59234632)|VARIABLE_ASSIGNMENT|[157]|OTM|{"Id":"00qO0000000CHxJIAW","OpportunityAccessLev (2 more) ...":"Read","OpportunityId":"006O0000008ju1ZIAQ","TeamMemberRole":"Executive Sponsor","UserId":"00528000004d3msAAA"}|0x2b9b205e
05:13:41.2 (59237508)|STATEMENT_EXECUTE|[157]
05:13:41.2 (59238572)|STATEMENT_EXECUTE|[158]
05:13:41.2 (59242435)|HEAP_ALLOCATE|[158]|Bytes:4
05:13:41.2 (59253640)|VARIABLE_SCOPE_BEGIN|[158]|UserIds|Set<String>|true|false
05:13:41.2 (59264377)|VARIABLE_ASSIGNMENT|[158]|UserIds|[]|0x13e673ae
05:13:41.2 (59266479)|STATEMENT_EXECUTE|[159]
05:13:41.2 (59269639)|HEAP_ALLOCATE|[159]|Bytes:4
05:13:41.2 (59275179)|VARIABLE_SCOPE_BEGIN|[159]|groupedByRole|Map<String,Set<String>>|true|false
05:13:41.2 (59283304)|VARIABLE_ASSIGNMENT|[159]|groupedByRole|{}|0x177b42fc
05:13:41.2 (59301389)|STATEMENT_EXECUTE|[178]
05:13:41.2 (59302992)|STATEMENT_EXECUTE|[179]
05:13:41.2 (59305756)|HEAP_ALLOCATE|[179]|Bytes:4
05:13:41.2 (59310832)|VARIABLE_SCOPE_BEGIN|[179]|groupedByRoleNew|Map<String,Set<String>>|true|false
05:13:41.2 (59318706)|VARIABLE_ASSIGNMENT|[179]|groupedByRoleNew|{}|0x1efca0cd
05:13:41.2 (59320486)|STATEMENT_EXECUTE|[180]
05:13:41.2 (59323295)|HEAP_ALLOCATE|[180]|Bytes:4
05:13:41.2 (59331942)|VARIABLE_SCOPE_BEGIN|[180]|UserIdsNew2|Set<String>|true|false
05:13:41.2 (59341155)|VARIABLE_ASSIGNMENT|[180]|UserIdsNew2|[]|0x6c97fa9c
05:13:41.2 (59342947)|STATEMENT_EXECUTE|[181]
05:13:41.2 (59369671)|HEAP_ALLOCATE|[EXTERNAL]|Bytes:4
05:13:41.2 (59376847)|STATEMENT_EXECUTE|[182]
05:13:41.2 (59388148)|HEAP_ALLOCATE|[EXTERNAL]|Bytes:-4
05:13:41.2 (59392267)|STATEMENT_EXECUTE|[184]
05:13:41.2 (59401221)|HEAP_ALLOCATE|[EXTERNAL]|Bytes:-4
05:13:41.2 (59408970)|METHOD_ENTRY|[157]||Database.QueryLocatorIterator.hasNext()
05:13:41.2 (59428438)|METHOD_EXIT|[157]||Database.QueryLocatorIterator.hasNext()
05:13:41.2 (59432857)|METHOD_ENTRY|[157]||Database.QueryLocatorIterator.next()
05:13:41.2 (59489486)|METHOD_EXIT|[157]||Database.QueryLocatorIterator.next()
05:13:41.2 (59495821)|VARIABLE_SCOPE_BEGIN|[157]|OTM|OpportunityTeamMember|true|false
05:13:41.2 (59510382)|VARIABLE_ASSIGNMENT|[157]|OTM|{"Id":"00qO0000000CHxEIAW","OpportunityAccessLev (2 more) ...":"Read","OpportunityId":"006O0000008ju1ZIAQ","TeamMemberRole":"Account Manager","UserId":"00528000006B07FAAS"}|0x4ccc8fa3
05:13:41.2 (59513699)|STATEMENT_EXECUTE|[157]
05:13:41.2 (59514767)|STATEMENT_EXECUTE|[158]
05:13:41.2 (59518450)|HEAP_ALLOCATE|[158]|Bytes:4
05:13:41.2 (59528932)|VARIABLE_SCOPE_BEGIN|[158]|UserIds|Set<String>|true|false
05:13:41.2 (59539431)|VARIABLE_ASSIGNMENT|[158]|UserIds|[]|0x1ed4864
05:13:41.2 (59541745)|STATEMENT_EXECUTE|[159]
05:13:41.2 (59544713)|HEAP_ALLOCATE|[159]|Bytes:4
05:13:41.2 (59549989)|VARIABLE_SCOPE_BEGIN|[159]|groupedByRole|Map<String,Set<String>>|true|false
05:13:41.2 (59557591)|VARIABLE_ASSIGNMENT|[159]|groupedByRole|{}|0x7a6c7a5c
05:13:41.2 (59575206)|STATEMENT_EXECUTE|[162]
05:13:41.2 (59576875)|STATEMENT_EXECUTE|[163]
05:13:41.2 (59628172)|VARIABLE_ASSIGNMENT|[163]|groupedByRole|{"Executive Sponsor":["00528000004d3msAAA"]}|0x1efca0cd
05:13:41.2 (59664303)|STATEMENT_EXECUTE|[171]
05:13:41.2 (59666232)|STATEMENT_EXECUTE|[172]
05:13:41.2 (59670705)|HEAP_ALLOCATE|[172]|Bytes:4
05:13:41.2 (59688810)|VARIABLE_SCOPE_BEGIN|[172]|UserIdsNew|Set<String>|true|false
05:13:41.2 (59701120)|VARIABLE_ASSIGNMENT|[172]|UserIdsNew|[]|0x29fc2c97
05:13:41.2 (59703315)|STATEMENT_EXECUTE|[173]
05:13:41.2 (59740995)|HEAP_ALLOCATE|[EXTERNAL]|Bytes:4
05:13:41.2 (59748695)|STATEMENT_EXECUTE|[174]
05:13:41.2 (59778491)|HEAP_ALLOCATE|[EXTERNAL]|Bytes:-4
05:13:41.2 (59788206)|METHOD_ENTRY|[157]||Database.QueryLocatorIterator.hasNext()
05:13:41.2 (59807961)|METHOD_EXIT|[157]||Database.QueryLocatorIterator.hasNext()
05:13:41.2 (59812188)|METHOD_ENTRY|[157]||Database.QueryLocatorIterator.next()
05:13:41.2 (59870909)|METHOD_EXIT|[157]||Database.QueryLocatorIterator.next()
05:13:41.2 (59877323)|VARIABLE_SCOPE_BEGIN|[157]|OTM|OpportunityTeamMember|true|false
05:13:41.2 (59892364)|VARIABLE_ASSIGNMENT|[157]|OTM|{"Id":"00qO0000000CHxAIAW","OpportunityAccessLev (2 more) ...":"Edit","OpportunityId":"006O0000008ju1ZIAQ","TeamMemberRole":"Channel Manager","UserId":"005O0000003t7anIAA"}|0x1651f9c
05:13:41.2 (59895339)|STATEMENT_EXECUTE|[157]
05:13:41.2 (59896379)|STATEMENT_EXECUTE|[158]
05:13:41.2 (59900112)|HEAP_ALLOCATE|[158]|Bytes:4
05:13:41.2 (59910698)|VARIABLE_SCOPE_BEGIN|[158]|UserIds|Set<String>|true|false
05:13:41.2 (59921258)|VARIABLE_ASSIGNMENT|[158]|UserIds|[]|0x6aa0c9bc
05:13:41.2 (59926235)|STATEMENT_EXECUTE|[159]
05:13:41.2 (59929551)|HEAP_ALLOCATE|[159]|Bytes:4
05:13:41.2 (59935400)|VARIABLE_SCOPE_BEGIN|[159]|groupedByRole|Map<String,Set<String>>|true|false
05:13:41.2 (59943543)|VARIABLE_ASSIGNMENT|[159]|groupedByRole|{}|0x7307f02e
05:13:41.2 (59961382)|STATEMENT_EXECUTE|[162]
05:13:41.2 (59962955)|STATEMENT_EXECUTE|[163]
05:13:41.2 (59988460)|VARIABLE_ASSIGNMENT|[163]|groupedByRole|{"Executive Sponsor":["00528000004d3msAAA"],"Account Manager":["00528000006B07FAAS"]}|0x1efca0cd
05:13:41.2 (60003624)|STATEMENT_EXECUTE|[171]
05:13:41.2 (60005818)|STATEMENT_EXECUTE|[172]
05:13:41.2 (60009323)|HEAP_ALLOCATE|[172]|Bytes:4
05:13:41.2 (60017986)|VARIABLE_SCOPE_BEGIN|[172]|UserIdsNew|Set<String>|true|false
05:13:41.2 (60028253)|VARIABLE_ASSIGNMENT|[172]|UserIdsNew|[]|0x3bd7e24d
05:13:41.2 (60030205)|STATEMENT_EXECUTE|[173]
05:13:41.2 (60046344)|HEAP_ALLOCATE|[EXTERNAL]|Bytes:4
05:13:41.2 (60052134)|STATEMENT_EXECUTE|[174]
05:13:41.2 (60061493)|HEAP_ALLOCATE|[EXTERNAL]|Bytes:-4
05:13:41.2 (60069212)|METHOD_ENTRY|[157]||Database.QueryLocatorIterator.hasNext()
05:13:41.2 (60082161)|METHOD_EXIT|[157]||Database.QueryLocatorIterator.hasNext()
05:13:41.2 (60090387)|VARIABLE_ASSIGNMENT|[157]|OTM|null|
05:13:41.2 (60101775)|STATEMENT_EXECUTE|[187]
05:13:41.2 (60109088)|METHOD_EXIT|[55]|01pO00000003HJI|Email_Alert_Class.getOppTeamMembers(Set<Id>)
05:13:41.2 (60113214)|VARIABLE_SCOPE_BEGIN|[55]|MapOppToOppTeamMemberGroupedByRole|Map<Id,Map<String,Set<String>>>|true|false
05:13:41.2 (60130264)|VARIABLE_ASSIGNMENT|[55]|MapOppToOppTeamMemberGroupedByRole|{"006O0000008jnefIAA":{"Account Manager":["00528000004d3msAAA"]},"006O0000008ju1ZIAQ":{"Executive Sponsor":["00528000004d3msAAA"],"Account Manager":["00528000006B07FAAS"],"Channel Manager":["005O0000003t7anIAA"]}}|0x34292b15
05:13:41.2 (60133292)|STATEMENT_EXECUTE|[56]
05:13:41.2 (60300844)|HEAP_ALLOCATE|[56]|Bytes:40
05:13:41.2 (60372148)|HEAP_ALLOCATE|[56]|Bytes:196
05:13:41.2 (60394333)|HEAP_ALLOCATE|[56]|Bytes:236
05:13:41.2 (60421979)|USER_DEBUG|[56]|ERROR|*** MapOppToOppTeamMemberGroupedByRole: {006O0000008jnefIAA={Account Manager={00528000004d3msAAA}}, 006O0000008ju1ZIAQ={Account Manager={00528000006B07FAAS}, Channel Manager={005O0000003t7anIAA}, Executive Sponsor={00528000004d3msAAA}}}
05:13:41.2 (60464942)|HEAP_ALLOCATE|[58]|Bytes:5
05:13:41.2 (60477703)|HEAP_ALLOCATE|[58]|Bytes:36
05:13:41.2 (60483816)|VARIABLE_SCOPE_BEGIN|[58]|EM|Email_Alert_Class.EmailMessage|true|false
05:13:41.2 (60599918)|VARIABLE_ASSIGNMENT|[58]|EM|{"OppID":"006O0000008ju1ZIAQ","sendToAllApprovers":false,"sendToBDM":false,"sendToCentralEmailAddress":false,"sendToPDM":true,"sendToPreContractGroup":false}|0x79943ad3
05:13:41.2 (60604570)|STATEMENT_EXECUTE|[58]
05:13:41.2 (60605954)|STATEMENT_EXECUTE|[59]
05:13:41.2 (60662945)|VARIABLE_SCOPE_BEGIN|[59]|message|Messaging.SingleEmailMessage|true|false
05:13:41.2 (60725988)|VARIABLE_ASSIGNMENT|[59]|message|"common.api.soap.wsdl.SingleEmailMessage@32ac4cef"|0x366d057d
05:13:41.2 (60729784)|STATEMENT_EXECUTE|[60]
05:13:41.2 (60735492)|HEAP_ALLOCATE|[60]|Bytes:4
05:13:41.2 (60761419)|VARIABLE_SCOPE_BEGIN|[60]|toAddresses|Set<String>|true|false
05:13:41.2 (60774075)|VARIABLE_ASSIGNMENT|[60]|toAddresses|[]|0x183e4dd7
05:13:41.2 (60780386)|STATEMENT_EXECUTE|[63]
05:13:41.2 (60783002)|STATEMENT_EXECUTE|[68]
05:13:41.2 (60784039)|STATEMENT_EXECUTE|[73]
05:13:41.2 (60822230)|VARIABLE_SCOPE_BEGIN|[73]|groupedByRole|Map<String,Set<String>>|true|false
05:13:41.2 (60838979)|VARIABLE_ASSIGNMENT|[73]|groupedByRole|{"Executive Sponsor":["00528000004d3msAAA"],"Account Manager":["00528000006B07FAAS"],"Channel Manager":["005O0000003t7anIAA"]}|0x1efca0cd
05:13:41.2 (60842243)|STATEMENT_EXECUTE|[74]
05:13:41.2 (60848124)|HEAP_ALLOCATE|[74]|Bytes:19
05:13:41.2 (60885905)|HEAP_ALLOCATE|[74]|Bytes:116
05:13:41.2 (60901700)|HEAP_ALLOCATE|[74]|Bytes:135
05:13:41.2 (60917593)|USER_DEBUG|[74]|ERROR|*** groupedByRole: {Account Manager={00528000006B07FAAS}, Channel Manager={005O0000003t7anIAA}, Executive Sponsor={00528000004d3msAAA}}
05:13:41.2 (60926239)|STATEMENT_EXECUTE|[77]
05:13:41.2 (60929391)|HEAP_ALLOCATE|[78]|Bytes:15
05:13:41.2 (60958279)|STATEMENT_EXECUTE|[78]
05:13:41.2 (60960191)|STATEMENT_EXECUTE|[79]
05:13:41.2 (60995026)|HEAP_ALLOCATE|[EXTERNAL]|Bytes:4
05:13:41.2 (60997792)|HEAP_ALLOCATE|[79]|Bytes:4
05:13:41.2 (61006608)|STATEMENT_EXECUTE|[83]
05:13:41.2 (61009926)|STATEMENT_EXECUTE|[90]
05:13:41.2 (61012552)|STATEMENT_EXECUTE|[96]
05:13:41.2 (61013568)|STATEMENT_EXECUTE|[103]
05:13:41.2 (61017740)|HEAP_ALLOCATE|[103]|Bytes:17
05:13:41.2 (61047632)|HEAP_ALLOCATE|[103]|Bytes:20
05:13:41.2 (61061268)|HEAP_ALLOCATE|[103]|Bytes:37
05:13:41.2 (61075062)|USER_DEBUG|[103]|ERROR|*** toAddresses: {005O0000003t7anIAA}
05:13:41.2 (61079992)|STATEMENT_EXECUTE|[105]
05:13:41.2 (61087950)|HEAP_ALLOCATE|[105]|Bytes:4
05:13:41.2 (61116732)|HEAP_ALLOCATE|[105]|Bytes:4
05:13:41.2 (61155707)|HEAP_ALLOCATE|[EXTERNAL]|Bytes:8
05:13:41.2 (61198213)|STATEMENT_EXECUTE|[106]
05:13:41.2 (61200447)|STATEMENT_EXECUTE|[110]
05:13:41.2 (61243533)|STATEMENT_EXECUTE|[111]
05:13:41.2 (61276167)|STATEMENT_EXECUTE|[112]
05:13:41.2 (61280715)|HEAP_ALLOCATE|[112]|Bytes:6
05:13:41.2 (61310652)|STATEMENT_EXECUTE|[113]
05:13:41.2 (61314707)|HEAP_ALLOCATE|[113]|Bytes:25
05:13:41.2 (61335796)|STATEMENT_EXECUTE|[116]
05:13:41.2 (61370873)|HEAP_ALLOCATE|[EXTERNAL]|Bytes:4
05:13:41.2 (61386478)|HEAP_ALLOCATE|[58]|Bytes:5
05:13:41.2 (61396257)|HEAP_ALLOCATE|[58]|Bytes:36
05:13:41.2 (61402774)|VARIABLE_SCOPE_BEGIN|[58]|EM|Email_Alert_Class.EmailMessage|true|false
05:13:41.2 (61486083)|VARIABLE_ASSIGNMENT|[58]|EM|{"OppID":"006O0000008jnefIAA","sendToAllApprovers":false,"sendToBDM":false,"sendToCentralEmailAddress":false,"sendToPDM":true,"sendToPreContractGroup":false}|0x40ac370f
05:13:41.2 (61490451)|STATEMENT_EXECUTE|[58]
05:13:41.2 (61491581)|STATEMENT_EXECUTE|[59]
05:13:41.2 (61504383)|VARIABLE_SCOPE_BEGIN|[59]|message|Messaging.SingleEmailMessage|true|false
05:13:41.2 (61556078)|VARIABLE_ASSIGNMENT|[59]|message|"common.api.soap.wsdl.SingleEmailMessage@4235cbc"|0x5a3be7a8
05:13:41.2 (61559761)|STATEMENT_EXECUTE|[60]
05:13:41.2 (61564317)|HEAP_ALLOCATE|[60]|Bytes:4
05:13:41.2 (61578197)|VARIABLE_SCOPE_BEGIN|[60]|toAddresses|Set<String>|true|false
05:13:41.2 (61590146)|VARIABLE_ASSIGNMENT|[60]|toAddresses|[]|0x308159cd
05:13:41.2 (61594276)|STATEMENT_EXECUTE|[63]
05:13:41.2 (61595965)|STATEMENT_EXECUTE|[68]
05:13:41.2 (61596971)|STATEMENT_EXECUTE|[73]
05:13:41.2 (61615329)|VARIABLE_SCOPE_BEGIN|[73]|groupedByRole|Map<String,Set<String>>|true|false
05:13:41.2 (61627609)|VARIABLE_ASSIGNMENT|[73]|groupedByRole|{"Account Manager":["00528000004d3msAAA"]}|0x4c490a04
05:13:41.2 (61630016)|STATEMENT_EXECUTE|[74]
05:13:41.2 (61649642)|HEAP_ALLOCATE|[74]|Bytes:38
05:13:41.2 (61661381)|HEAP_ALLOCATE|[74]|Bytes:57
05:13:41.2 (61674923)|USER_DEBUG|[74]|ERROR|*** groupedByRole: {Account Manager={00528000004d3msAAA}}
05:13:41.2 (61681637)|STATEMENT_EXECUTE|[77]
05:13:41.2 (61691169)|STATEMENT_EXECUTE|[78]
05:13:41.2 (61693499)|STATEMENT_EXECUTE|[83]
05:13:41.2 (61694949)|STATEMENT_EXECUTE|[90]
05:13:41.2 (61696332)|STATEMENT_EXECUTE|[96]
05:13:41.2 (61697280)|STATEMENT_EXECUTE|[103]
05:13:41.2 (61714461)|HEAP_ALLOCATE|[103]|Bytes:2
05:13:41.2 (61725040)|HEAP_ALLOCATE|[103]|Bytes:19
05:13:41.2 (61736203)|USER_DEBUG|[103]|ERROR|*** toAddresses: {}
05:13:41.2 (61740685)|STATEMENT_EXECUTE|[105]
05:13:41.2 (61744388)|HEAP_ALLOCATE|[105]|Bytes:4
05:13:41.2 (61755388)|HEAP_ALLOCATE|[105]|Bytes:0
05:13:41.2 (61771468)|HEAP_ALLOCATE|[EXTERNAL]|Bytes:4
05:13:41.2 (61790672)|STATEMENT_EXECUTE|[106]
05:13:41.2 (61792604)|STATEMENT_EXECUTE|[110]
05:13:41.2 (61802704)|STATEMENT_EXECUTE|[111]
05:13:41.2 (61813063)|STATEMENT_EXECUTE|[112]
05:13:41.2 (61820575)|STATEMENT_EXECUTE|[113]
05:13:41.2 (61826666)|STATEMENT_EXECUTE|[116]
05:13:41.2 (61836770)|HEAP_ALLOCATE|[EXTERNAL]|Bytes:4
05:13:41.2 (61849308)|HEAP_ALLOCATE|[58]|Bytes:5
05:13:41.2 (61861523)|VARIABLE_ASSIGNMENT|[58]|EM|null|
05:13:41.2 (61926336)|HEAP_ALLOCATE|[EXTERNAL]|Bytes:12
05:13:41.2 (62436460)|LIMIT_USAGE|[120]|EMAIL_INVOCATIONS|1|10
05:13:41.128 (128726165)|ENTERING_MANAGED_PKG|APXTConga4
05:13:41.128 (134407921)|SOQL_EXECUTE_BEGIN|[46]|Aggregations:0|SELECT id, APXTConga4__WhatId__c FROM APXTConga4__Conga_Email_Staging__c 
05:13:41.128 (136257605)|SOQL_EXECUTE_END|[46]|Rows:0
05:13:41.136 (136611965)|CUMULATIVE_LIMIT_USAGE
05:13:41.136 (136611965)|LIMIT_USAGE_FOR_NS|(default)|
  Number of SOQL queries: 3 out of 100
  Number of query rows: 5 out of 50000
  Number of SOSL queries: 0 out of 20
  Number of DML statements: 0 out of 150
  Number of DML rows: 0 out of 10000
  Maximum CPU time: 0 out of 10000
  Maximum heap size: 0 out of 6000000
  Number of callouts: 0 out of 100
  Number of Email Invocations: 1 out of 10
  Number of future calls: 0 out of 50
  Number of queueable jobs added to the queue: 0 out of 50
  Number of Mobile Apex push calls: 0 out of 10

05:13:41.136 (136611965)|LIMIT_USAGE_FOR_NS|APXTConga4|
  Number of SOQL queries: 1 out of 100
  Number of query rows: 0 out of 50000
  Number of SOSL queries: 0 out of 20
  Number of DML statements: 0 out of 150
  Number of DML rows: 0 out of 10000
  Maximum CPU time: 0 out of 10000
  Maximum heap size: 0 out of 6000000
  Number of callouts: 0 out of 100
  Number of Email Invocations: 0 out of 10
  Number of future calls: 0 out of 50
  Number of queueable jobs added to the queue: 0 out of 50
  Number of Mobile Apex push calls: 0 out of 10

05:13:41.136 (136611965)|CUMULATIVE_LIMIT_USAGE_END

05:13:41.2 (292264866)|EMAIL_QUEUE|[120]|subject: Test 2, bccSender: false, saveAsActivity: true, useSignature: true, toAddresses: [005O0000003t7anIAA], whatId: 006O0000008ju1Z, plainTextBody: This is the message body., 
05:13:41.2 (292825882)|EXCEPTION_THROWN|[120]|System.EmailException: SendEmail failed. First exception on row 1; first error: REQUIRED_FIELD_MISSING, Missing target address (target, to, cc, bcc): []
05:13:41.2 (298365539)|HEAP_ALLOCATE|[120]|Bytes:133
05:13:41.2 (298396678)|METHOD_EXIT|[4]|01pO00000003HJI|Email_Alert_Class.sendEmails()
05:13:41.2 (298402954)|SYSTEM_MODE_EXIT|false
05:13:41.2 (298534883)|FATAL_ERROR|System.EmailException: SendEmail failed. First exception on row 1; first error: REQUIRED_FIELD_MISSING, Missing target address (target, to, cc, bcc): []

Class.Email_Alert_Class.sendEmails: line 120, column 1
AnonymousBlock: line 4, column 1
AnonymousBlock: line 4, column 1
05:13:41.298 (298548299)|CUMULATIVE_LIMIT_USAGE
05:13:41.298 (298548299)|LIMIT_USAGE_FOR_NS|(default)|
  Number of SOQL queries: 3 out of 100
  Number of query rows: 5 out of 50000
  Number of SOSL queries: 0 out of 20
  Number of DML statements: 0 out of 150
  Number of DML rows: 0 out of 10000
  Maximum CPU time: 0 out of 10000
  Maximum heap size: 0 out of 6000000
  Number of callouts: 0 out of 100
  Number of Email Invocations: 0 out of 10
  Number of future calls: 0 out of 50
  Number of queueable jobs added to the queue: 0 out of 50
  Number of Mobile Apex push calls: 0 out of 10

05:13:41.298 (298548299)|TOTAL_EMAIL_RECIPIENTS_QUEUED|0
05:13:41.298 (298548299)|STATIC_VARIABLE_LIST|
  char[]:DigitTens:0
  long:serialVersionUID:0
  String:_sfdcSuppressedCodeLocations:0
  long:serialVersionUID:0
  String:_sfdcAdditionalCodeLocations:0
  double:MAX_VALUE:0
  Boolean:FALSE:0
  long:serialVersionUID:0
  String:_sfdcAdditionalCodeLocations:0
  double:MIN_VALUE:0
  int:SIZE:0
  double:NEGATIVE_INFINITY:0
  int:MAX_VALUE:0
  String:__sfdcInnerTypes:0
  char[]:digits:0
  double:NaN:0
  Boolean:TRUE:0
  String:__sfdcParameterizedTypes:0
  int:MIN_VALUE:0
  char[]:DigitOnes:0
  String:_sfdcAdditionalCodeLocations:0
  int:BYTES:0
  int:MIN_EXPONENT:0
  int[]:sizeTable:0
  Email_Alert_Class:_static_EA:0
  int:MAX_EXPONENT:0
  String:_sfdcSuppressedCodeLocations:0
  int:SIZE:0
  double:POSITIVE_INFINITY:0
  double:MIN_NORMAL:0
  int:BYTES:0

05:13:41.298 (298548299)|CUMULATIVE_LIMIT_USAGE_END

05:13:41.2 (298683443)|CODE_UNIT_FINISHED|execute_anonymous_apex
05:13:41.2 (300681816)|EXECUTION_FINISHED
05:13:41.301 (301842331)|CUMULATIVE_PROFILING_BEGIN
05:13:41.301 (301842331)|CUMULATIVE_PROFILING|SOQL operations|
Class.Email_Alert_Class.getOppTeamMembers: line 157, column 1: [SELECT Id,OpportunityAccessLevel,OpportunityId,TeamMemberRole,UserId FROM OpportunityTeamMember WHERE OpportunityId = :OppIds]: executed 11 times in 18 ms
Class.Email_Alert_Class.getPreContractGroupMembers: line 202, column 1: [SELECT DeveloperName,Id FROM Group WHERE DeveloperName = 'Pre_Contracts_Group' LIMIT 1]: executed 1 time in 9 ms
(APXTConga4): [SELECT id, APXTConga4__WhatId__c FROM APXTConga4__Conga_Email_Staging__c WHERE Id = :taskWhatIds]: executed 3 times in 5 ms
Class.Email_Alert_Class.getTemplateIDs: line 194, column 1: [SELECT DeveloperName,Id,Name FROM EmailTemplate WHERE DeveloperName IN : EmailTemplateDevNames]: executed 3 times in 4 ms

05:13:41.301 (301842331)|CUMULATIVE_PROFILING|No profiling information for SOSL operations
05:13:41.301 (301842331)|CUMULATIVE_PROFILING|No profiling information for DML operations
05:13:41.301 (301842331)|CUMULATIVE_PROFILING|method invocations|
External entry point: public static void execute(): executed 1 time in 274 ms
AnonymousBlock: line 4, column 1: public void sendEmails(): executed 1 time in 272 ms
Class.Email_Alert_Class.sendEmails: line 120, column 1: global public static List<Messaging.SendEmailResult> sendEmail(List<Messaging.Email>): executed 1 time in 236 ms
Class.Email_Alert_Class.sendEmails: line 55, column 1: private Map<Id,Map<String,Set<String>>> getOppTeamMembers(Set<Id>): executed 1 time in 19 ms
Class.Email_Alert_Class.sendEmails: line 54, column 1: public Set<String> getPreContractGroupMembers(): executed 1 time in 10 ms
Class.Email_Alert_Class.sendEmails: line 53, column 1: private Map<String,Id> getTemplateIDs(Set<String>): executed 1 time in 4 ms
AnonymousBlock: line 2, column 1: public void registerNewEmail(String, Boolean, Boolean, Id, Boolean, Boolean, Boolean, Id): executed 1 time in 1 ms
Class.Email_Alert_Class.sendEmails: line 73, column 1: global public Object get(Object): executed 2 times in 0 ms
Class.Email_Alert_Class.sendEmails: line 74, column 1: public static String valueOf(Object): executed 4 times in 0 ms
Class.Email_Alert_Class.getPreContractGroupMembers: line 203, column 1: public Set<String>(Integer): executed 1 time in 0 ms
Class.Email_Alert_Class.getPreContractGroupMembers: line 204, column 1: global public Integer size(): executed 1 time in 0 ms

05:13:41.301 (301842331)|CUMULATIVE_PROFILING_END
