39.0 APEX_CODE,FINEST;APEX_PROFILING,FINEST;CALLOUT,INFO;DB,INFO;SYSTEM,DEBUG;VALIDATION,INFO;VISUALFORCE,INFO;WAVE,INFO;WORKFLOW,INFO
11:08:49.0 (479805)|USER_INFO|[EXTERNAL]|00528000006B07F|dev@systempartners.com.prod.pcphase2|Australian Eastern Standard Time|GMT+11:00
11:08:49.0 (508201)|EXECUTION_STARTED
11:08:49.0 (511659)|CODE_UNIT_STARTED|[EXTERNAL]|VisualForce View State
11:08:49.0 (10286372)|CODE_UNIT_FINISHED|VisualForce View State
11:08:49.0 (11868208)|EXECUTION_FINISHED
11:08:49.67 (67856114)|USER_INFO|[EXTERNAL]|00528000006B07F|dev@systempartners.com.prod.pcphase2|Australian Eastern Standard Time|GMT+11:00
11:08:49.67 (67875771)|EXECUTION_STARTED
11:08:49.67 (67879788)|CODE_UNIT_STARTED|[EXTERNAL]|VF: /apex/editVFEmailTemplate.apexp
11:08:49.67 (72159614)|CODE_UNIT_STARTED|[EXTERNAL]|VF Controller Save
11:08:49.67 (72190779)|SYSTEM_MODE_ENTER|false
11:08:49.67 (127085117)|VF_PAGE_MESSAGE|Approval_Submission_Notification line 139, column 19: The element type "table" must be terminated by the matching end-tag "</table>"
11:08:49.67 (130311268)|VF_PAGE_MESSAGE|The element type "table" must be terminated by the matching end-tag "</table>".
11:08:49.67 (133690167)|CODE_UNIT_FINISHED|VF Controller Save
11:08:49.67 (152549190)|VF_SERIALIZE_VIEWSTATE_BEGIN|
11:08:49.67 (168007644)|VF_SERIALIZE_VIEWSTATE_END
11:08:49.176 (176482748)|CUMULATIVE_LIMIT_USAGE
11:08:49.176 (176482748)|LIMIT_USAGE_FOR_NS|(default)|
  Number of SOQL queries: 0 out of 100
  Number of query rows: 0 out of 50000
  Number of SOSL queries: 0 out of 20
  Number of DML statements: 0 out of 150
  Number of DML rows: 0 out of 10000
  Maximum CPU time: 0 out of 10000
  Maximum heap size: 0 out of 6000000
  Number of callouts: 0 out of 100
  Number of Email Invocations: 0 out of 10
  Number of future calls: 0 out of 50
  Number of queueable jobs added to the queue: 0 out of 50
  Number of Mobile Apex push calls: 0 out of 10

11:08:49.176 (176482748)|TOTAL_EMAIL_RECIPIENTS_QUEUED|0
11:08:49.176 (176482748)|CUMULATIVE_LIMIT_USAGE_END

11:08:49.67 (176540106)|CODE_UNIT_FINISHED|VF: /apex/editVFEmailTemplate.apexp
11:08:49.67 (178365941)|EXECUTION_FINISHED
11:08:49.181 (181986177)|CUMULATIVE_PROFILING_BEGIN
11:08:49.181 (181986177)|CUMULATIVE_PROFILING|No profiling information for SOQL operations
11:08:49.181 (181986177)|CUMULATIVE_PROFILING|No profiling information for SOSL operations
11:08:49.181 (181986177)|CUMULATIVE_PROFILING|No profiling information for DML operations
11:08:49.181 (181986177)|CUMULATIVE_PROFILING|No profiling information for method invocations
11:08:49.181 (181986177)|CUMULATIVE_PROFILING_END
