39.0 APEX_CODE,FINEST;APEX_PROFILING,FINEST;CALLOUT,NONE;DB,FINEST;SYSTEM,FINE;VALIDATION,INFO;VISUALFORCE,INFO;WAVE,INFO;WORKFLOW,FINER
16:15:15.0 (826408)|USER_INFO|[EXTERNAL]|00528000006B07F|dev@systempartners.com.prod.pcphase2|Australian Eastern Standard Time|GMT+11:00
16:15:15.0 (861616)|EXECUTION_STARTED
16:15:15.0 (865606)|CODE_UNIT_STARTED|[EXTERNAL]|aura
16:15:15.0 (1110736)|HEAP_ALLOCATE|[72]|Bytes:3
16:15:15.0 (1147374)|HEAP_ALLOCATE|[77]|Bytes:152
16:15:15.0 (1163567)|HEAP_ALLOCATE|[342]|Bytes:408
16:15:15.0 (1182303)|HEAP_ALLOCATE|[355]|Bytes:408
16:15:15.0 (1199485)|HEAP_ALLOCATE|[467]|Bytes:48
16:15:15.0 (1237663)|HEAP_ALLOCATE|[139]|Bytes:6
16:15:15.0 (1260959)|HEAP_ALLOCATE|[EXTERNAL]|Bytes:18
16:15:15.0 (1277257)|HEAP_ALLOCATE|[EXTERNAL]|Bytes:18
16:15:15.0 (3656960)|CODE_UNIT_STARTED|[EXTERNAL]|01pO00000003MVy|ApprovalController.getOpportunityRecord
16:15:15.0 (3752474)|HEAP_ALLOCATE|[EXTERNAL]|Bytes:8
16:15:15.0 (3758472)|HEAP_ALLOCATE|[EXTERNAL]|Bytes:8
16:15:15.0 (3768288)|METHOD_ENTRY|[1]|01pO00000003MVy|ApprovalController.ApprovalController()
16:15:15.0 (3772237)|STATEMENT_EXECUTE|[1]
16:15:15.0 (3777096)|STATEMENT_EXECUTE|[1]
16:15:15.0 (3782729)|METHOD_EXIT|[1]|ApprovalController
16:15:15.0 (3786563)|HEAP_ALLOCATE|[EXTERNAL]|Bytes:18
16:15:15.0 (3796397)|SYSTEM_MODE_ENTER|false
16:15:15.0 (3803105)|VARIABLE_SCOPE_BEGIN|[15]|opportunityId|String|false|false
16:15:15.0 (3824893)|VARIABLE_ASSIGNMENT|[15]|opportunityId|"006O0000008kRsJIAU"
16:15:15.0 (3832179)|STATEMENT_EXECUTE|[15]
16:15:15.0 (3833712)|STATEMENT_EXECUTE|[18]
16:15:15.0 (3837012)|HEAP_ALLOCATE|[18]|Bytes:589
16:15:15.0 (3846554)|HEAP_ALLOCATE|[18]|Bytes:4
16:15:15.0 (3859985)|HEAP_ALLOCATE|[18]|Bytes:7
16:15:15.0 (3901879)|HEAP_ALLOCATE|[50]|Bytes:5
16:15:15.0 (3921878)|HEAP_ALLOCATE|[56]|Bytes:5
16:15:15.0 (3930090)|HEAP_ALLOCATE|[64]|Bytes:7
16:15:15.0 (4729286)|SOQL_EXECUTE_BEGIN|[18]|Aggregations:0|SELECT Id, name, Gate_Status__c, TSF_Gate_Status__c, CRA_Gate_Status__c, StageName, Competitor_Analysis_General_Comments__c, Are_there_any_critical_risks__c, Has_CRA_changed_since_last_approval__c, Has_TSF_changed_since_last_approval__c, Apply_Default_Bonding__c, Conversion_Budget_Comments__c, Is_Gate_1_To_3__c, Is_Gate_4_To_5__c, Net_Budget_EOI_PQ__c, Net_Budget_Post_Tender__c, Net_Budget_Tender__c, Net_Budget_Amount__c, Total_Budget_EOI_PQ__c, Total_Budget_Tender__c, Total_Budget_AUD__c, Total_Budget_Post_Tender__c, JH_Bid_Cost_of_JH_Revenue__c FROM Opportunity WHERE Id = :tmpVar1
16:15:15.0 (4740670)|LIMIT_USAGE|[18]|SOQL|1|100
16:15:15.0 (4748833)|LIMIT_USAGE|[18]|AGGS|0|300
16:15:15.0 (36375565)|SOQL_EXECUTE_END|[18]|Rows:1
16:15:15.0 (36390763)|LIMIT_USAGE|[18]|SOQL_ROWS|1|50000
16:15:15.0 (36411477)|HEAP_ALLOCATE|[18]|Bytes:8
16:15:15.0 (36425652)|HEAP_ALLOCATE|[18]|Bytes:847
16:15:15.0 (36504746)|HEAP_ALLOCATE|[18]|Bytes:8
16:15:15.0 (36525603)|VARIABLE_SCOPE_BEGIN|[18]|allOpps|List<Opportunity>|true|false
16:15:15.0 (36599250)|VARIABLE_ASSIGNMENT|[18]|allOpps|[{"Id":"006O0000008kRsJIAU","Name":"Test Alex 15 Mar 124 (3 more) ...","Gate_Status__c":"Reviewing Approvers","TSF_Gate_Status__c":"Not Applicable","CRA_Gate_Status__c":"Not Applicable","StageName":"Gate 1","Are_there_any_critic (11 more) ...":"No","Has_CRA_changed_sinc (18 more) ...":"Yes","Apply_Default_Bondin (4 more) ...":true,"Is_Gate_1_To_3__c":true,"Is_Gate_4_To_5__c":false,"Net_Budget_EOI_PQ__c":0,"Net_Budget_Post_Tend (5 more) ...":0,"Net_Budget_Tender__c":0,"Net_Budget_Amount__c":0,"Total_Budget_EOI_PQ_ (2 more) ...":0,"Total_Budget_Tender_ (2 more) ...":0,"Total_Budget_AUD__c":0,"Total_Budget_Post_Te (7 more) ...":0}]|0x3535e1b3
16:15:15.0 (36612653)|STATEMENT_EXECUTE|[38]
16:15:15.0 (36625176)|SYSTEM_MODE_EXIT|false
16:15:15.36 (36651975)|CUMULATIVE_LIMIT_USAGE
16:15:15.36 (36651975)|LIMIT_USAGE_FOR_NS|(default)|
  Number of SOQL queries: 1 out of 100
  Number of query rows: 1 out of 50000
  Number of SOSL queries: 0 out of 20
  Number of DML statements: 0 out of 150
  Number of DML rows: 0 out of 10000
  Maximum CPU time: 0 out of 10000
  Maximum heap size: 0 out of 6000000
  Number of callouts: 0 out of 100
  Number of Email Invocations: 0 out of 10
  Number of future calls: 0 out of 50
  Number of queueable jobs added to the queue: 0 out of 50
  Number of Mobile Apex push calls: 0 out of 10

16:15:15.36 (36651975)|TOTAL_EMAIL_RECIPIENTS_QUEUED|0
16:15:15.36 (36651975)|STATIC_VARIABLE_LIST|
  char[]:DigitTens:0
  long:serialVersionUID:0
  long:serialVersionUID:0
  double:MAX_VALUE:0
  Boolean:FALSE:0
  long:serialVersionUID:0
  double:MIN_VALUE:0
  int:SIZE:0
  double:NEGATIVE_INFINITY:0
  int:MAX_VALUE:0
  String:_sfdcSuppressedCodeLocations:0
  char[]:digits:0
  double:NaN:0
  Boolean:TRUE:0
  int:MIN_VALUE:0
  char[]:DigitOnes:0
  int:BYTES:0
  int:MIN_EXPONENT:0
  int[]:sizeTable:0
  int:MAX_EXPONENT:0
  int:SIZE:0
  double:POSITIVE_INFINITY:0
  String:_sfdcAdditionalCodeLocations:0
  double:MIN_NORMAL:0
  int:BYTES:0

16:15:15.36 (36651975)|CUMULATIVE_LIMIT_USAGE_END

16:15:15.0 (36806312)|CODE_UNIT_FINISHED|ApprovalController.getOpportunityRecord
16:15:15.0 (59888435)|HEAP_ALLOCATE|[EXTERNAL]|Bytes:18
16:15:15.0 (59920293)|HEAP_ALLOCATE|[EXTERNAL]|Bytes:18
16:15:15.0 (61275724)|CODE_UNIT_STARTED|[EXTERNAL]|01pO00000003MVy|ApprovalController.getOpportunityRecord
16:15:15.0 (61330458)|HEAP_ALLOCATE|[EXTERNAL]|Bytes:18
16:15:15.0 (61346592)|SYSTEM_MODE_ENTER|false
16:15:15.0 (61358706)|VARIABLE_SCOPE_BEGIN|[15]|opportunityId|String|false|false
16:15:15.0 (61375469)|VARIABLE_ASSIGNMENT|[15]|opportunityId|"006O0000008kRsJIAU"
16:15:15.0 (61389898)|STATEMENT_EXECUTE|[15]
16:15:15.0 (61393870)|STATEMENT_EXECUTE|[18]
16:15:15.0 (61408355)|HEAP_ALLOCATE|[18]|Bytes:4
16:15:15.0 (62481352)|SOQL_EXECUTE_BEGIN|[18]|Aggregations:0|SELECT Id, name, Gate_Status__c, TSF_Gate_Status__c, CRA_Gate_Status__c, StageName, Competitor_Analysis_General_Comments__c, Are_there_any_critical_risks__c, Has_CRA_changed_since_last_approval__c, Has_TSF_changed_since_last_approval__c, Apply_Default_Bonding__c, Conversion_Budget_Comments__c, Is_Gate_1_To_3__c, Is_Gate_4_To_5__c, Net_Budget_EOI_PQ__c, Net_Budget_Post_Tender__c, Net_Budget_Tender__c, Net_Budget_Amount__c, Total_Budget_EOI_PQ__c, Total_Budget_Tender__c, Total_Budget_AUD__c, Total_Budget_Post_Tender__c, JH_Bid_Cost_of_JH_Revenue__c FROM Opportunity WHERE Id = :tmpVar1
16:15:15.0 (62498887)|LIMIT_USAGE|[18]|SOQL|2|100
16:15:15.0 (62517036)|LIMIT_USAGE|[18]|AGGS|0|300
16:15:15.0 (72608779)|SOQL_EXECUTE_END|[18]|Rows:1
16:15:15.0 (72621618)|LIMIT_USAGE|[18]|SOQL_ROWS|2|50000
16:15:15.0 (72637424)|HEAP_ALLOCATE|[18]|Bytes:8
16:15:15.0 (72652408)|HEAP_ALLOCATE|[18]|Bytes:847
16:15:15.0 (72675097)|HEAP_ALLOCATE|[18]|Bytes:8
16:15:15.0 (72688422)|VARIABLE_SCOPE_BEGIN|[18]|allOpps|List<Opportunity>|true|false
16:15:15.0 (72728709)|VARIABLE_ASSIGNMENT|[18]|allOpps|[{"Id":"006O0000008kRsJIAU","Name":"Test Alex 15 Mar 124 (3 more) ...","Gate_Status__c":"Reviewing Approvers","TSF_Gate_Status__c":"Not Applicable","CRA_Gate_Status__c":"Not Applicable","StageName":"Gate 1","Are_there_any_critic (11 more) ...":"No","Has_CRA_changed_sinc (18 more) ...":"Yes","Apply_Default_Bondin (4 more) ...":true,"Is_Gate_1_To_3__c":true,"Is_Gate_4_To_5__c":false,"Net_Budget_EOI_PQ__c":0,"Net_Budget_Post_Tend (5 more) ...":0,"Net_Budget_Tender__c":0,"Net_Budget_Amount__c":0,"Total_Budget_EOI_PQ_ (2 more) ...":0,"Total_Budget_Tender_ (2 more) ...":0,"Total_Budget_AUD__c":0,"Total_Budget_Post_Te (7 more) ...":0}]|0x4315ffe7
16:15:15.0 (72736520)|STATEMENT_EXECUTE|[38]
16:15:15.0 (72749200)|SYSTEM_MODE_EXIT|false
16:15:15.72 (72772117)|CUMULATIVE_LIMIT_USAGE
16:15:15.72 (72772117)|LIMIT_USAGE_FOR_NS|(default)|
  Number of SOQL queries: 2 out of 100
  Number of query rows: 2 out of 50000
  Number of SOSL queries: 0 out of 20
  Number of DML statements: 0 out of 150
  Number of DML rows: 0 out of 10000
  Maximum CPU time: 0 out of 10000
  Maximum heap size: 0 out of 6000000
  Number of callouts: 0 out of 100
  Number of Email Invocations: 0 out of 10
  Number of future calls: 0 out of 50
  Number of queueable jobs added to the queue: 0 out of 50
  Number of Mobile Apex push calls: 0 out of 10

16:15:15.72 (72772117)|TOTAL_EMAIL_RECIPIENTS_QUEUED|0
16:15:15.72 (72772117)|STATIC_VARIABLE_LIST|
  char[]:DigitTens:0
  long:serialVersionUID:0
  long:serialVersionUID:0
  double:MAX_VALUE:0
  Boolean:FALSE:0
  long:serialVersionUID:0
  double:MIN_VALUE:0
  int:SIZE:0
  double:NEGATIVE_INFINITY:0
  int:MAX_VALUE:0
  String:_sfdcSuppressedCodeLocations:0
  char[]:digits:0
  double:NaN:0
  Boolean:TRUE:0
  int:MIN_VALUE:0
  char[]:DigitOnes:0
  int:BYTES:0
  int:MIN_EXPONENT:0
  int[]:sizeTable:0
  int:MAX_EXPONENT:0
  int:SIZE:0
  double:POSITIVE_INFINITY:0
  String:_sfdcAdditionalCodeLocations:0
  double:MIN_NORMAL:0
  int:BYTES:0

16:15:15.72 (72772117)|CUMULATIVE_LIMIT_USAGE_END

16:15:15.0 (72885318)|CODE_UNIT_FINISHED|ApprovalController.getOpportunityRecord
16:15:15.0 (100448437)|HEAP_ALLOCATE|[EXTERNAL]|Bytes:18
16:15:15.0 (100477142)|HEAP_ALLOCATE|[EXTERNAL]|Bytes:18
16:15:15.0 (102246530)|CODE_UNIT_STARTED|[EXTERNAL]|01pO00000003MVy|ApprovalController.getOpportunityRecord
16:15:15.0 (102304413)|HEAP_ALLOCATE|[EXTERNAL]|Bytes:18
16:15:15.0 (102319556)|SYSTEM_MODE_ENTER|false
16:15:15.0 (102333451)|VARIABLE_SCOPE_BEGIN|[15]|opportunityId|String|false|false
16:15:15.0 (102352129)|VARIABLE_ASSIGNMENT|[15]|opportunityId|"006O0000008kRsJIAU"
16:15:15.0 (102367577)|STATEMENT_EXECUTE|[15]
16:15:15.0 (102370016)|STATEMENT_EXECUTE|[18]
16:15:15.0 (102384985)|HEAP_ALLOCATE|[18]|Bytes:4
16:15:15.0 (103138153)|SOQL_EXECUTE_BEGIN|[18]|Aggregations:0|SELECT Id, name, Gate_Status__c, TSF_Gate_Status__c, CRA_Gate_Status__c, StageName, Competitor_Analysis_General_Comments__c, Are_there_any_critical_risks__c, Has_CRA_changed_since_last_approval__c, Has_TSF_changed_since_last_approval__c, Apply_Default_Bonding__c, Conversion_Budget_Comments__c, Is_Gate_1_To_3__c, Is_Gate_4_To_5__c, Net_Budget_EOI_PQ__c, Net_Budget_Post_Tender__c, Net_Budget_Tender__c, Net_Budget_Amount__c, Total_Budget_EOI_PQ__c, Total_Budget_Tender__c, Total_Budget_AUD__c, Total_Budget_Post_Tender__c, JH_Bid_Cost_of_JH_Revenue__c FROM Opportunity WHERE Id = :tmpVar1
16:15:15.0 (103152147)|LIMIT_USAGE|[18]|SOQL|3|100
16:15:15.0 (103166591)|LIMIT_USAGE|[18]|AGGS|0|300
16:15:15.0 (114252464)|SOQL_EXECUTE_END|[18]|Rows:1
16:15:15.0 (114273025)|LIMIT_USAGE|[18]|SOQL_ROWS|3|50000
16:15:15.0 (114298404)|HEAP_ALLOCATE|[18]|Bytes:8
16:15:15.0 (114317145)|HEAP_ALLOCATE|[18]|Bytes:847
16:15:15.0 (114355139)|HEAP_ALLOCATE|[18]|Bytes:8
16:15:15.0 (114380445)|VARIABLE_SCOPE_BEGIN|[18]|allOpps|List<Opportunity>|true|false
16:15:15.0 (114439349)|VARIABLE_ASSIGNMENT|[18]|allOpps|[{"Id":"006O0000008kRsJIAU","Name":"Test Alex 15 Mar 124 (3 more) ...","Gate_Status__c":"Reviewing Approvers","TSF_Gate_Status__c":"Not Applicable","CRA_Gate_Status__c":"Not Applicable","StageName":"Gate 1","Are_there_any_critic (11 more) ...":"No","Has_CRA_changed_sinc (18 more) ...":"Yes","Apply_Default_Bondin (4 more) ...":true,"Is_Gate_1_To_3__c":true,"Is_Gate_4_To_5__c":false,"Net_Budget_EOI_PQ__c":0,"Net_Budget_Post_Tend (5 more) ...":0,"Net_Budget_Tender__c":0,"Net_Budget_Amount__c":0,"Total_Budget_EOI_PQ_ (2 more) ...":0,"Total_Budget_Tender_ (2 more) ...":0,"Total_Budget_AUD__c":0,"Total_Budget_Post_Te (7 more) ...":0}]|0x46b223fb
16:15:15.0 (114448864)|STATEMENT_EXECUTE|[38]
16:15:15.0 (114465904)|SYSTEM_MODE_EXIT|false
16:15:15.114 (114493717)|CUMULATIVE_LIMIT_USAGE
16:15:15.114 (114493717)|LIMIT_USAGE_FOR_NS|(default)|
  Number of SOQL queries: 3 out of 100
  Number of query rows: 3 out of 50000
  Number of SOSL queries: 0 out of 20
  Number of DML statements: 0 out of 150
  Number of DML rows: 0 out of 10000
  Maximum CPU time: 0 out of 10000
  Maximum heap size: 0 out of 6000000
  Number of callouts: 0 out of 100
  Number of Email Invocations: 0 out of 10
  Number of future calls: 0 out of 50
  Number of queueable jobs added to the queue: 0 out of 50
  Number of Mobile Apex push calls: 0 out of 10

16:15:15.114 (114493717)|TOTAL_EMAIL_RECIPIENTS_QUEUED|0
16:15:15.114 (114493717)|STATIC_VARIABLE_LIST|
  char[]:DigitTens:0
  long:serialVersionUID:0
  long:serialVersionUID:0
  double:MAX_VALUE:0
  Boolean:FALSE:0
  long:serialVersionUID:0
  double:MIN_VALUE:0
  int:SIZE:0
  double:NEGATIVE_INFINITY:0
  int:MAX_VALUE:0
  String:_sfdcSuppressedCodeLocations:0
  char[]:digits:0
  double:NaN:0
  Boolean:TRUE:0
  int:MIN_VALUE:0
  char[]:DigitOnes:0
  int:BYTES:0
  int:MIN_EXPONENT:0
  int[]:sizeTable:0
  int:MAX_EXPONENT:0
  int:SIZE:0
  double:POSITIVE_INFINITY:0
  String:_sfdcAdditionalCodeLocations:0
  double:MIN_NORMAL:0
  int:BYTES:0

16:15:15.114 (114493717)|CUMULATIVE_LIMIT_USAGE_END

16:15:15.0 (114624031)|CODE_UNIT_FINISHED|ApprovalController.getOpportunityRecord
16:15:15.0 (145605823)|HEAP_ALLOCATE|[EXTERNAL]|Bytes:18
16:15:15.0 (145641836)|HEAP_ALLOCATE|[EXTERNAL]|Bytes:18
16:15:15.0 (147347388)|CODE_UNIT_STARTED|[EXTERNAL]|01pO0000000372v|KCRAController.getAllKCRARecords
16:15:15.0 (147429849)|HEAP_ALLOCATE|[EXTERNAL]|Bytes:5
16:15:15.0 (147440309)|HEAP_ALLOCATE|[EXTERNAL]|Bytes:14
16:15:15.0 (147456112)|METHOD_ENTRY|[11]|01pO0000000372v|KCRAController.KCRAController()
16:15:15.0 (147460255)|STATEMENT_EXECUTE|[11]
16:15:15.0 (147465657)|STATEMENT_EXECUTE|[11]
16:15:15.0 (147475305)|METHOD_EXIT|[11]|KCRAController
16:15:15.0 (147479550)|HEAP_ALLOCATE|[EXTERNAL]|Bytes:18
16:15:15.0 (147490987)|SYSTEM_MODE_ENTER|false
16:15:15.0 (147499013)|VARIABLE_SCOPE_BEGIN|[14]|opportunityId|String|false|false
16:15:15.0 (147515020)|VARIABLE_ASSIGNMENT|[14]|opportunityId|"006O0000008kRsJIAU"
16:15:15.0 (147524431)|STATEMENT_EXECUTE|[14]
16:15:15.0 (147525942)|STATEMENT_EXECUTE|[17]
16:15:15.0 (147530083)|HEAP_ALLOCATE|[17]|Bytes:204
16:15:15.0 (147542466)|HEAP_ALLOCATE|[17]|Bytes:4
16:15:15.0 (148101841)|SOQL_EXECUTE_BEGIN|[17]|Aggregations:0|SELECT Id, name, recordtypeId, applicable__c, approved__c, itemno__c, KCRA_Item__c, Opportunity__c FROM Key_Commercial_Risks_Approvals__c WHERE Opportunity__c = :tmpVar1 ORDER BY itemno__c ASC NULLS FIRST
16:15:15.0 (148112182)|LIMIT_USAGE|[17]|SOQL|4|100
16:15:15.0 (148122718)|LIMIT_USAGE|[17]|AGGS|0|300
16:15:15.0 (155759995)|SOQL_EXECUTE_END|[17]|Rows:12
16:15:15.0 (155769920)|LIMIT_USAGE|[17]|SOQL_ROWS|15|50000
16:15:15.0 (155786454)|HEAP_ALLOCATE|[17]|Bytes:52
16:15:15.0 (155846666)|HEAP_ALLOCATE|[17]|Bytes:3578
16:15:15.0 (155973244)|HEAP_ALLOCATE|[17]|Bytes:52
16:15:15.0 (155998242)|VARIABLE_SCOPE_BEGIN|[17]|allKCRAs|List<Key_Commercial_Risks_Approvals__c>|true|false
16:15:15.0 (156021155)|VARIABLE_ASSIGNMENT|[17]|allKCRAs|"List of size 12 too large to display"|0x2770873a
16:15:15.0 (156026992)|STATEMENT_EXECUTE|[27]
16:15:15.0 (156039117)|SYSTEM_MODE_EXIT|false
16:15:15.156 (156066141)|CUMULATIVE_LIMIT_USAGE
16:15:15.156 (156066141)|LIMIT_USAGE_FOR_NS|(default)|
  Number of SOQL queries: 4 out of 100
  Number of query rows: 15 out of 50000
  Number of SOSL queries: 0 out of 20
  Number of DML statements: 0 out of 150
  Number of DML rows: 0 out of 10000
  Maximum CPU time: 0 out of 10000
  Maximum heap size: 0 out of 6000000
  Number of callouts: 0 out of 100
  Number of Email Invocations: 0 out of 10
  Number of future calls: 0 out of 50
  Number of queueable jobs added to the queue: 0 out of 50
  Number of Mobile Apex push calls: 0 out of 10

16:15:15.156 (156066141)|TOTAL_EMAIL_RECIPIENTS_QUEUED|0
16:15:15.156 (156066141)|STATIC_VARIABLE_LIST|
  char[]:DigitTens:0
  long:serialVersionUID:0
  long:serialVersionUID:0
  double:MAX_VALUE:0
  Boolean:FALSE:0
  long:serialVersionUID:0
  String:_sfdcAdditionalCodeLocations:0
  double:MIN_VALUE:0
  int:SIZE:0
  double:NEGATIVE_INFINITY:0
  int:MAX_VALUE:0
  String:_sfdcSuppressedCodeLocations:0
  char[]:digits:0
  double:NaN:0
  Boolean:TRUE:0
  int:MIN_VALUE:0
  char[]:DigitOnes:0
  int:BYTES:0
  int:MIN_EXPONENT:0
  int[]:sizeTable:0
  int:MAX_EXPONENT:0
  String:_sfdcSuppressedCodeLocations:0
  int:SIZE:0
  double:POSITIVE_INFINITY:0
  String:_sfdcAdditionalCodeLocations:0
  double:MIN_NORMAL:0
  int:BYTES:0

16:15:15.156 (156066141)|CUMULATIVE_LIMIT_USAGE_END

16:15:15.0 (156222499)|CODE_UNIT_FINISHED|KCRAController.getAllKCRARecords
16:15:15.0 (213581555)|HEAP_ALLOCATE|[EXTERNAL]|Bytes:18
16:15:15.0 (213610223)|HEAP_ALLOCATE|[EXTERNAL]|Bytes:18
16:15:15.0 (214944302)|CODE_UNIT_STARTED|[EXTERNAL]|01pO00000003Dck|PRAController.getAllPRARecords
16:15:15.0 (215009166)|HEAP_ALLOCATE|[EXTERNAL]|Bytes:11
16:15:15.0 (215016197)|HEAP_ALLOCATE|[EXTERNAL]|Bytes:11
16:15:15.0 (215031021)|METHOD_ENTRY|[1]|01pO00000003Dck|PRAController.PRAController()
16:15:15.0 (215034949)|STATEMENT_EXECUTE|[1]
16:15:15.0 (215040633)|STATEMENT_EXECUTE|[1]
16:15:15.0 (215049376)|METHOD_EXIT|[1]|PRAController
16:15:15.0 (215053639)|HEAP_ALLOCATE|[EXTERNAL]|Bytes:18
16:15:15.0 (215063499)|SYSTEM_MODE_ENTER|false
16:15:15.0 (215071649)|VARIABLE_SCOPE_BEGIN|[15]|opportunityId|String|false|false
16:15:15.0 (215087583)|VARIABLE_ASSIGNMENT|[15]|opportunityId|"006O0000008kRsJIAU"
16:15:15.0 (215095204)|STATEMENT_EXECUTE|[15]
16:15:15.0 (215096562)|STATEMENT_EXECUTE|[18]
16:15:15.0 (215100264)|HEAP_ALLOCATE|[18]|Bytes:508
16:15:15.0 (215111127)|HEAP_ALLOCATE|[18]|Bytes:4
16:15:15.0 (215816027)|SOQL_EXECUTE_BEGIN|[18]|Aggregations:0|SELECT Id, name, Category__c, Is_Critical_Risk__c, ItemNo__c, Mitigation_Strategy__c, Rating__c, Risk_Item__c, description__c, Help_Text_0A__c, Help_Text_0B__c, Help_Text_0C__c, Help_Text_1A__c, Help_Text_1B__c, Help_Text_1C__c, Help_Text_2A__c, Help_Text_2B__c, Help_Text_2C__c, Help_Text_3A__c, Help_Text_3B__c, Help_Text_3C__c, Mitigation_Advice__c, Selected_Indicators__c, Selected_Indicators_With_Text__c FROM Project_Risk_Assessment__c WHERE Opportunity__c = :tmpVar1 ORDER BY ItemNo__c ASC NULLS FIRST
16:15:15.0 (215828160)|LIMIT_USAGE|[18]|SOQL|5|100
16:15:15.0 (215840046)|LIMIT_USAGE|[18]|AGGS|0|300
16:15:15.0 (233061154)|SOQL_EXECUTE_END|[18]|Rows:25
16:15:15.0 (233079046)|LIMIT_USAGE|[18]|SOQL_ROWS|40|50000
16:15:15.0 (233105001)|HEAP_ALLOCATE|[18]|Bytes:104
16:15:15.0 (233174379)|HEAP_ALLOCATE|[18]|Bytes:10753
16:15:15.0 (233254117)|HEAP_ALLOCATE|[18]|Bytes:104
16:15:15.0 (233278862)|VARIABLE_SCOPE_BEGIN|[18]|allPRAs|List<Project_Risk_Assessment__c>|true|false
16:15:15.0 (233306768)|VARIABLE_ASSIGNMENT|[18]|allPRAs|"List of size 25 too large to display"|0x51968b88
16:15:15.0 (233311685)|STATEMENT_EXECUTE|[26]
16:15:15.0 (233322960)|SYSTEM_MODE_EXIT|false
16:15:15.233 (233349469)|CUMULATIVE_LIMIT_USAGE
16:15:15.233 (233349469)|LIMIT_USAGE_FOR_NS|(default)|
  Number of SOQL queries: 5 out of 100
  Number of query rows: 40 out of 50000
  Number of SOSL queries: 0 out of 20
  Number of DML statements: 0 out of 150
  Number of DML rows: 0 out of 10000
  Maximum CPU time: 0 out of 10000
  Maximum heap size: 0 out of 6000000
  Number of callouts: 0 out of 100
  Number of Email Invocations: 0 out of 10
  Number of future calls: 0 out of 50
  Number of queueable jobs added to the queue: 0 out of 50
  Number of Mobile Apex push calls: 0 out of 10

16:15:15.233 (233349469)|TOTAL_EMAIL_RECIPIENTS_QUEUED|0
16:15:15.233 (233349469)|STATIC_VARIABLE_LIST|
  char[]:DigitTens:0
  long:serialVersionUID:0
  long:serialVersionUID:0
  double:MAX_VALUE:0
  Boolean:FALSE:0
  long:serialVersionUID:0
  String:_sfdcAdditionalCodeLocations:0
  double:MIN_VALUE:0
  int:SIZE:0
  double:NEGATIVE_INFINITY:0
  int:MAX_VALUE:0
  String:_sfdcSuppressedCodeLocations:0
  char[]:digits:0
  double:NaN:0
  Boolean:TRUE:0
  int:MIN_VALUE:0
  String:_sfdcSuppressedCodeLocations:0
  char[]:DigitOnes:0
  int:BYTES:0
  int:MIN_EXPONENT:0
  int[]:sizeTable:0
  int:MAX_EXPONENT:0
  String:_sfdcSuppressedCodeLocations:0
  String:_sfdcAdditionalCodeLocations:0
  int:SIZE:0
  double:POSITIVE_INFINITY:0
  String:_sfdcAdditionalCodeLocations:0
  double:MIN_NORMAL:0
  int:BYTES:0

16:15:15.233 (233349469)|CUMULATIVE_LIMIT_USAGE_END

16:15:15.0 (233457320)|CODE_UNIT_FINISHED|PRAController.getAllPRARecords
16:15:15.304 (304592181)|CUMULATIVE_PROFILING_BEGIN
16:15:15.304 (304592181)|CUMULATIVE_PROFILING|SOQL operations|
Class.ApprovalController.getOpportunityRecord: line 18, column 1: [SELECT   Id,name,
                                                           			Gate_Status__c,
                                                           			TSF_Gate_Status__c,
                                                           			CRA_Gate_Status__c,
                                                           			StageName,
                                    								Competitor_Analysis_General_Comments__c,
                                    								Are_there_any_critical_risks__c,
                                    								Has_CRA_changed_since_last_approval__c,
                                    								Has_TSF_changed_since_last_approval__c,
                                    								Apply_Default_Bonding__c,
                                    								Conversion_Budget_Comments__c,
                                    								Is_Gate_1_To_3__c, Is_Gate_4_To_5__c,
                                    								Net_Budget_EOI_PQ__c, Net_Budget_Post_Tender__c, 
                                    								Net_Budget_Tender__c, Net_Budget_Amount__c,
                                    								Total_Budget_EOI_PQ__c, Total_Budget_Tender__c, 
                                    								Total_Budget_AUD__c, Total_Budget_Post_Tender__c, 
                                    								JH_Bid_Cost_of_JH_Revenue__c
                                 							FROM     Opportunity
                                 							WHERE    Id = :opportunityId]: executed 3 times in 56 ms
Class.PRAController.getAllPRARecords: line 18, column 1: [SELECT Id,name,Category__c,Is_Critical_Risk__c,ItemNo__c,Mitigation_Strategy__c,Rating__c,Risk_Item__c,
                                                             		description__c,Help_Text_0A__c,Help_Text_0B__c,Help_Text_0C__c,Help_Text_1A__c,Help_Text_1B__c, 
                                                             		Help_Text_1C__c,Help_Text_2A__c,Help_Text_2B__c,Help_Text_2C__c,Help_Text_3A__c,Help_Text_3B__c,
                                                             		Help_Text_3C__c,Mitigation_Advice__c,Selected_Indicators__c,Selected_Indicators_With_Text__c
												   FROM Project_Risk_Assessment__c
                                                   WHERE Opportunity__c = :opportunityId
                                                   ORDER BY ItemNo__c]: executed 1 time in 19 ms
Class.KCRAController.getAllKCRARecords: line 17, column 1: [SELECT   Id,name,
                                                           			recordtypeId,
                                                           			applicable__c,
                                                           			approved__c,
                                                           			itemno__c,
                                                           			KCRA_Item__c,Opportunity__c 
                                 							FROM     Key_Commercial_Risks_Approvals__c 
                                 							WHERE    Opportunity__c = :opportunityId
                                                           	ORDER BY itemno__c]: executed 1 time in 8 ms

16:15:15.304 (304592181)|CUMULATIVE_PROFILING|No profiling information for SOSL operations
16:15:15.304 (304592181)|CUMULATIVE_PROFILING|No profiling information for DML operations
16:15:15.304 (304592181)|CUMULATIVE_PROFILING|method invocations|
External entry point: public static List<Project_Risk_Assessment__c> getAllPRARecords(String): executed 1 time in 19 ms
External entry point: public static List<Opportunity> getOpportunityRecord(String): executed 1 time in 12 ms
External entry point: public static List<Key_Commercial_Risks_Approvals__c> getAllKCRARecords(String): executed 1 time in 8 ms

16:15:15.304 (304592181)|CUMULATIVE_PROFILING_END
