39.0 APEX_CODE,FINEST;APEX_PROFILING,FINEST;CALLOUT,NONE;DB,FINEST;SYSTEM,FINE;VALIDATION,INFO;VISUALFORCE,INFO;WAVE,INFO;WORKFLOW,FINER
10:51:15.0 (402442)|USER_INFO|[EXTERNAL]|00528000006B07F|dev@systempartners.com.prod.pcphase2|Australian Eastern Standard Time|GMT+11:00
10:51:15.0 (436421)|EXECUTION_STARTED
10:51:15.0 (442234)|CODE_UNIT_STARTED|[EXTERNAL]|aura
10:51:15.0 (772444)|HEAP_ALLOCATE|[72]|Bytes:3
10:51:15.0 (876002)|HEAP_ALLOCATE|[77]|Bytes:152
10:51:15.0 (908954)|HEAP_ALLOCATE|[342]|Bytes:408
10:51:15.0 (956030)|HEAP_ALLOCATE|[355]|Bytes:408
10:51:15.0 (991659)|HEAP_ALLOCATE|[467]|Bytes:48
10:51:15.0 (1039178)|HEAP_ALLOCATE|[139]|Bytes:6
10:51:15.0 (1078076)|HEAP_ALLOCATE|[EXTERNAL]|Bytes:18
10:51:15.0 (1090782)|HEAP_ALLOCATE|[EXTERNAL]|Bytes:18
10:51:15.0 (3055831)|CODE_UNIT_STARTED|[EXTERNAL]|01pO00000003MVy|ApprovalController.getOpportunityRecord
10:51:15.0 (3168155)|HEAP_ALLOCATE|[EXTERNAL]|Bytes:8
10:51:15.0 (3176933)|HEAP_ALLOCATE|[EXTERNAL]|Bytes:8
10:51:15.0 (3188356)|METHOD_ENTRY|[1]|01pO00000003MVy|ApprovalController.ApprovalController()
10:51:15.0 (3193319)|STATEMENT_EXECUTE|[1]
10:51:15.0 (3200477)|STATEMENT_EXECUTE|[1]
10:51:15.0 (3207986)|METHOD_EXIT|[1]|ApprovalController
10:51:15.0 (3214494)|HEAP_ALLOCATE|[EXTERNAL]|Bytes:18
10:51:15.0 (3226849)|SYSTEM_MODE_ENTER|false
10:51:15.0 (3236829)|VARIABLE_SCOPE_BEGIN|[15]|opportunityId|String|false|false
10:51:15.0 (3259701)|VARIABLE_ASSIGNMENT|[15]|opportunityId|"006O0000008kRsJIAU"
10:51:15.0 (3272270)|STATEMENT_EXECUTE|[15]
10:51:15.0 (3274931)|STATEMENT_EXECUTE|[18]
10:51:15.0 (3280184)|HEAP_ALLOCATE|[18]|Bytes:589
10:51:15.0 (3296631)|HEAP_ALLOCATE|[18]|Bytes:4
10:51:15.0 (3318895)|HEAP_ALLOCATE|[18]|Bytes:7
10:51:15.0 (3390846)|HEAP_ALLOCATE|[50]|Bytes:5
10:51:15.0 (3431827)|HEAP_ALLOCATE|[56]|Bytes:5
10:51:15.0 (3451601)|HEAP_ALLOCATE|[64]|Bytes:7
10:51:15.0 (4550833)|SOQL_EXECUTE_BEGIN|[18]|Aggregations:0|SELECT Id, name, Gate_Status__c, TSF_Gate_Status__c, CRA_Gate_Status__c, StageName, Competitor_Analysis_General_Comments__c, Are_there_any_critical_risks__c, Has_CRA_changed_since_last_approval__c, Has_TSF_changed_since_last_approval__c, Apply_Default_Bonding__c, Conversion_Budget_Comments__c, Is_Gate_1_To_3__c, Is_Gate_4_To_5__c, Net_Budget_EOI_PQ__c, Net_Budget_Post_Tender__c, Net_Budget_Tender__c, Net_Budget_Amount__c, Total_Budget_EOI_PQ__c, Total_Budget_Tender__c, Total_Budget_AUD__c, Total_Budget_Post_Tender__c, JH_Bid_Cost_of_JH_Revenue__c FROM Opportunity WHERE Id = :tmpVar1
10:51:15.0 (4565594)|LIMIT_USAGE|[18]|SOQL|1|100
10:51:15.0 (4574533)|LIMIT_USAGE|[18]|AGGS|0|300
10:51:15.0 (57094049)|SOQL_EXECUTE_END|[18]|Rows:1
10:51:15.0 (57110080)|LIMIT_USAGE|[18]|SOQL_ROWS|1|50000
10:51:15.0 (57137946)|HEAP_ALLOCATE|[18]|Bytes:8
10:51:15.0 (57157862)|HEAP_ALLOCATE|[18]|Bytes:847
10:51:15.0 (57307792)|HEAP_ALLOCATE|[18]|Bytes:8
10:51:15.0 (57335405)|VARIABLE_SCOPE_BEGIN|[18]|allOpps|List<Opportunity>|true|false
10:51:15.0 (57398988)|VARIABLE_ASSIGNMENT|[18]|allOpps|[{"Id":"006O0000008kRsJIAU","Name":"Test Alex 15 Mar 124 (3 more) ...","Gate_Status__c":"Reviewing Approvers","TSF_Gate_Status__c":"Not Applicable","CRA_Gate_Status__c":"Not Applicable","StageName":"Gate 1","Are_there_any_critic (11 more) ...":"No","Has_CRA_changed_sinc (18 more) ...":"Yes","Apply_Default_Bondin (4 more) ...":true,"Is_Gate_1_To_3__c":true,"Is_Gate_4_To_5__c":false,"Net_Budget_EOI_PQ__c":0,"Net_Budget_Post_Tend (5 more) ...":0,"Net_Budget_Tender__c":0,"Net_Budget_Amount__c":0,"Total_Budget_EOI_PQ_ (2 more) ...":0,"Total_Budget_Tender_ (2 more) ...":0,"Total_Budget_AUD__c":0,"Total_Budget_Post_Te (7 more) ...":0}]|0x6d8af5a1
10:51:15.0 (57411524)|STATEMENT_EXECUTE|[38]
10:51:15.0 (57435109)|SYSTEM_MODE_EXIT|false
10:51:15.57 (57467715)|CUMULATIVE_LIMIT_USAGE
10:51:15.57 (57467715)|LIMIT_USAGE_FOR_NS|(default)|
  Number of SOQL queries: 1 out of 100
  Number of query rows: 1 out of 50000
  Number of SOSL queries: 0 out of 20
  Number of DML statements: 0 out of 150
  Number of DML rows: 0 out of 10000
  Maximum CPU time: 0 out of 10000
  Maximum heap size: 0 out of 6000000
  Number of callouts: 0 out of 100
  Number of Email Invocations: 0 out of 10
  Number of future calls: 0 out of 50
  Number of queueable jobs added to the queue: 0 out of 50
  Number of Mobile Apex push calls: 0 out of 10

10:51:15.57 (57467715)|TOTAL_EMAIL_RECIPIENTS_QUEUED|0
10:51:15.57 (57467715)|STATIC_VARIABLE_LIST|
  char[]:DigitTens:0
  long:serialVersionUID:0
  long:serialVersionUID:0
  double:MAX_VALUE:0
  Boolean:FALSE:0
  long:serialVersionUID:0
  double:MIN_VALUE:0
  int:SIZE:0
  double:NEGATIVE_INFINITY:0
  int:MAX_VALUE:0
  String:_sfdcSuppressedCodeLocations:0
  char[]:digits:0
  double:NaN:0
  Boolean:TRUE:0
  int:MIN_VALUE:0
  char[]:DigitOnes:0
  int:BYTES:0
  int:MIN_EXPONENT:0
  int[]:sizeTable:0
  int:MAX_EXPONENT:0
  int:SIZE:0
  double:POSITIVE_INFINITY:0
  String:_sfdcAdditionalCodeLocations:0
  double:MIN_NORMAL:0
  int:BYTES:0

10:51:15.57 (57467715)|CUMULATIVE_LIMIT_USAGE_END

10:51:15.0 (57627907)|CODE_UNIT_FINISHED|ApprovalController.getOpportunityRecord
10:51:15.0 (80775693)|HEAP_ALLOCATE|[EXTERNAL]|Bytes:18
10:51:15.0 (80798208)|HEAP_ALLOCATE|[EXTERNAL]|Bytes:18
10:51:15.0 (83147660)|CODE_UNIT_STARTED|[EXTERNAL]|01pO00000003MVy|ApprovalController.getOpportunityRecord
10:51:15.0 (83191399)|HEAP_ALLOCATE|[EXTERNAL]|Bytes:18
10:51:15.0 (83208494)|SYSTEM_MODE_ENTER|false
10:51:15.0 (83218472)|VARIABLE_SCOPE_BEGIN|[15]|opportunityId|String|false|false
10:51:15.0 (83235382)|VARIABLE_ASSIGNMENT|[15]|opportunityId|"006O0000008kRsJIAU"
10:51:15.0 (83247536)|STATEMENT_EXECUTE|[15]
10:51:15.0 (83251054)|STATEMENT_EXECUTE|[18]
10:51:15.0 (83264367)|HEAP_ALLOCATE|[18]|Bytes:4
10:51:15.0 (83997222)|SOQL_EXECUTE_BEGIN|[18]|Aggregations:0|SELECT Id, name, Gate_Status__c, TSF_Gate_Status__c, CRA_Gate_Status__c, StageName, Competitor_Analysis_General_Comments__c, Are_there_any_critical_risks__c, Has_CRA_changed_since_last_approval__c, Has_TSF_changed_since_last_approval__c, Apply_Default_Bonding__c, Conversion_Budget_Comments__c, Is_Gate_1_To_3__c, Is_Gate_4_To_5__c, Net_Budget_EOI_PQ__c, Net_Budget_Post_Tender__c, Net_Budget_Tender__c, Net_Budget_Amount__c, Total_Budget_EOI_PQ__c, Total_Budget_Tender__c, Total_Budget_AUD__c, Total_Budget_Post_Tender__c, JH_Bid_Cost_of_JH_Revenue__c FROM Opportunity WHERE Id = :tmpVar1
10:51:15.0 (84010298)|LIMIT_USAGE|[18]|SOQL|2|100
10:51:15.0 (84021095)|LIMIT_USAGE|[18]|AGGS|0|300
10:51:15.0 (100868475)|SOQL_EXECUTE_END|[18]|Rows:1
10:51:15.0 (100882646)|LIMIT_USAGE|[18]|SOQL_ROWS|2|50000
10:51:15.0 (100902643)|HEAP_ALLOCATE|[18]|Bytes:8
10:51:15.0 (100974705)|HEAP_ALLOCATE|[18]|Bytes:847
10:51:15.0 (101003189)|HEAP_ALLOCATE|[18]|Bytes:8
10:51:15.0 (101029568)|VARIABLE_SCOPE_BEGIN|[18]|allOpps|List<Opportunity>|true|false
10:51:15.0 (101121068)|VARIABLE_ASSIGNMENT|[18]|allOpps|[{"Id":"006O0000008kRsJIAU","Name":"Test Alex 15 Mar 124 (3 more) ...","Gate_Status__c":"Reviewing Approvers","TSF_Gate_Status__c":"Not Applicable","CRA_Gate_Status__c":"Not Applicable","StageName":"Gate 1","Are_there_any_critic (11 more) ...":"No","Has_CRA_changed_sinc (18 more) ...":"Yes","Apply_Default_Bondin (4 more) ...":true,"Is_Gate_1_To_3__c":true,"Is_Gate_4_To_5__c":false,"Net_Budget_EOI_PQ__c":0,"Net_Budget_Post_Tend (5 more) ...":0,"Net_Budget_Tender__c":0,"Net_Budget_Amount__c":0,"Total_Budget_EOI_PQ_ (2 more) ...":0,"Total_Budget_Tender_ (2 more) ...":0,"Total_Budget_AUD__c":0,"Total_Budget_Post_Te (7 more) ...":0}]|0x63a3cdc7
10:51:15.0 (101132830)|STATEMENT_EXECUTE|[38]
10:51:15.0 (101150206)|SYSTEM_MODE_EXIT|false
10:51:15.101 (101182226)|CUMULATIVE_LIMIT_USAGE
10:51:15.101 (101182226)|LIMIT_USAGE_FOR_NS|(default)|
  Number of SOQL queries: 2 out of 100
  Number of query rows: 2 out of 50000
  Number of SOSL queries: 0 out of 20
  Number of DML statements: 0 out of 150
  Number of DML rows: 0 out of 10000
  Maximum CPU time: 0 out of 10000
  Maximum heap size: 0 out of 6000000
  Number of callouts: 0 out of 100
  Number of Email Invocations: 0 out of 10
  Number of future calls: 0 out of 50
  Number of queueable jobs added to the queue: 0 out of 50
  Number of Mobile Apex push calls: 0 out of 10

10:51:15.101 (101182226)|TOTAL_EMAIL_RECIPIENTS_QUEUED|0
10:51:15.101 (101182226)|STATIC_VARIABLE_LIST|
  char[]:DigitTens:0
  long:serialVersionUID:0
  long:serialVersionUID:0
  double:MAX_VALUE:0
  Boolean:FALSE:0
  long:serialVersionUID:0
  double:MIN_VALUE:0
  int:SIZE:0
  double:NEGATIVE_INFINITY:0
  int:MAX_VALUE:0
  String:_sfdcSuppressedCodeLocations:0
  char[]:digits:0
  double:NaN:0
  Boolean:TRUE:0
  int:MIN_VALUE:0
  char[]:DigitOnes:0
  int:BYTES:0
  int:MIN_EXPONENT:0
  int[]:sizeTable:0
  int:MAX_EXPONENT:0
  int:SIZE:0
  double:POSITIVE_INFINITY:0
  String:_sfdcAdditionalCodeLocations:0
  double:MIN_NORMAL:0
  int:BYTES:0

10:51:15.101 (101182226)|CUMULATIVE_LIMIT_USAGE_END

10:51:15.0 (101317677)|CODE_UNIT_FINISHED|ApprovalController.getOpportunityRecord
10:51:15.0 (403140130)|HEAP_ALLOCATE|[EXTERNAL]|Bytes:18
10:51:15.0 (403163793)|HEAP_ALLOCATE|[EXTERNAL]|Bytes:18
10:51:15.0 (405093531)|CODE_UNIT_STARTED|[EXTERNAL]|01pO0000000372v|KCRAController.getAllKCRARecords
10:51:15.0 (405154274)|HEAP_ALLOCATE|[EXTERNAL]|Bytes:5
10:51:15.0 (405164565)|HEAP_ALLOCATE|[EXTERNAL]|Bytes:14
10:51:15.0 (405183863)|METHOD_ENTRY|[11]|01pO0000000372v|KCRAController.KCRAController()
10:51:15.0 (405188724)|STATEMENT_EXECUTE|[11]
10:51:15.0 (405196975)|STATEMENT_EXECUTE|[11]
10:51:15.0 (405206494)|METHOD_EXIT|[11]|KCRAController
10:51:15.0 (405213948)|HEAP_ALLOCATE|[EXTERNAL]|Bytes:18
10:51:15.0 (405227115)|SYSTEM_MODE_ENTER|false
10:51:15.0 (405236475)|VARIABLE_SCOPE_BEGIN|[14]|opportunityId|String|false|false
10:51:15.0 (405251508)|VARIABLE_ASSIGNMENT|[14]|opportunityId|"006O0000008kRsJIAU"
10:51:15.0 (405263556)|STATEMENT_EXECUTE|[14]
10:51:15.0 (405266119)|STATEMENT_EXECUTE|[17]
10:51:15.0 (405272008)|HEAP_ALLOCATE|[17]|Bytes:204
10:51:15.0 (405291485)|HEAP_ALLOCATE|[17]|Bytes:4
10:51:15.0 (406003456)|SOQL_EXECUTE_BEGIN|[17]|Aggregations:0|SELECT Id, name, recordtypeId, applicable__c, approved__c, itemno__c, KCRA_Item__c, Opportunity__c FROM Key_Commercial_Risks_Approvals__c WHERE Opportunity__c = :tmpVar1 ORDER BY itemno__c ASC NULLS FIRST
10:51:15.0 (406014735)|LIMIT_USAGE|[17]|SOQL|3|100
10:51:15.0 (406026293)|LIMIT_USAGE|[17]|AGGS|0|300
10:51:15.0 (411215064)|SOQL_EXECUTE_END|[17]|Rows:12
10:51:15.0 (411226714)|LIMIT_USAGE|[17]|SOQL_ROWS|14|50000
10:51:15.0 (411251365)|HEAP_ALLOCATE|[17]|Bytes:52
10:51:15.0 (411332026)|HEAP_ALLOCATE|[17]|Bytes:3578
10:51:15.0 (411423721)|HEAP_ALLOCATE|[17]|Bytes:52
10:51:15.0 (411447007)|VARIABLE_SCOPE_BEGIN|[17]|allKCRAs|List<Key_Commercial_Risks_Approvals__c>|true|false
10:51:15.0 (411469925)|VARIABLE_ASSIGNMENT|[17]|allKCRAs|"List of size 12 too large to display"|0x583cf251
10:51:15.0 (411475593)|STATEMENT_EXECUTE|[27]
10:51:15.0 (411504827)|SYSTEM_MODE_EXIT|false
10:51:15.411 (411531245)|CUMULATIVE_LIMIT_USAGE
10:51:15.411 (411531245)|LIMIT_USAGE_FOR_NS|(default)|
  Number of SOQL queries: 3 out of 100
  Number of query rows: 14 out of 50000
  Number of SOSL queries: 0 out of 20
  Number of DML statements: 0 out of 150
  Number of DML rows: 0 out of 10000
  Maximum CPU time: 0 out of 10000
  Maximum heap size: 0 out of 6000000
  Number of callouts: 0 out of 100
  Number of Email Invocations: 0 out of 10
  Number of future calls: 0 out of 50
  Number of queueable jobs added to the queue: 0 out of 50
  Number of Mobile Apex push calls: 0 out of 10

10:51:15.411 (411531245)|TOTAL_EMAIL_RECIPIENTS_QUEUED|0
10:51:15.411 (411531245)|STATIC_VARIABLE_LIST|
  char[]:DigitTens:0
  long:serialVersionUID:0
  long:serialVersionUID:0
  double:MAX_VALUE:0
  Boolean:FALSE:0
  long:serialVersionUID:0
  String:_sfdcAdditionalCodeLocations:0
  double:MIN_VALUE:0
  int:SIZE:0
  double:NEGATIVE_INFINITY:0
  int:MAX_VALUE:0
  String:_sfdcSuppressedCodeLocations:0
  char[]:digits:0
  double:NaN:0
  Boolean:TRUE:0
  int:MIN_VALUE:0
  char[]:DigitOnes:0
  int:BYTES:0
  int:MIN_EXPONENT:0
  int[]:sizeTable:0
  int:MAX_EXPONENT:0
  String:_sfdcSuppressedCodeLocations:0
  int:SIZE:0
  double:POSITIVE_INFINITY:0
  String:_sfdcAdditionalCodeLocations:0
  double:MIN_NORMAL:0
  int:BYTES:0

10:51:15.411 (411531245)|CUMULATIVE_LIMIT_USAGE_END

10:51:15.0 (411672087)|CODE_UNIT_FINISHED|KCRAController.getAllKCRARecords
10:51:15.0 (411967704)|HEAP_ALLOCATE|[EXTERNAL]|Bytes:18
10:51:15.0 (411977505)|HEAP_ALLOCATE|[EXTERNAL]|Bytes:18
10:51:15.0 (414347483)|CODE_UNIT_STARTED|[EXTERNAL]|01pO00000003Dck|PRAController.getAllPRARecords
10:51:15.0 (414397471)|HEAP_ALLOCATE|[EXTERNAL]|Bytes:11
10:51:15.0 (414406198)|HEAP_ALLOCATE|[EXTERNAL]|Bytes:11
10:51:15.0 (414418518)|METHOD_ENTRY|[1]|01pO00000003Dck|PRAController.PRAController()
10:51:15.0 (414422922)|STATEMENT_EXECUTE|[1]
10:51:15.0 (414428349)|STATEMENT_EXECUTE|[1]
10:51:15.0 (414435817)|METHOD_EXIT|[1]|PRAController
10:51:15.0 (414442006)|HEAP_ALLOCATE|[EXTERNAL]|Bytes:18
10:51:15.0 (414453499)|SYSTEM_MODE_ENTER|false
10:51:15.0 (414460322)|VARIABLE_SCOPE_BEGIN|[15]|opportunityId|String|false|false
10:51:15.0 (414469635)|VARIABLE_ASSIGNMENT|[15]|opportunityId|"006O0000008kRsJIAU"
10:51:15.0 (414478844)|STATEMENT_EXECUTE|[15]
10:51:15.0 (414481276)|STATEMENT_EXECUTE|[18]
10:51:15.0 (414486700)|HEAP_ALLOCATE|[18]|Bytes:508
10:51:15.0 (414499700)|HEAP_ALLOCATE|[18]|Bytes:4
10:51:15.0 (415722854)|SOQL_EXECUTE_BEGIN|[18]|Aggregations:0|SELECT Id, name, Category__c, Is_Critical_Risk__c, ItemNo__c, Mitigation_Strategy__c, Rating__c, Risk_Item__c, description__c, Help_Text_0A__c, Help_Text_0B__c, Help_Text_0C__c, Help_Text_1A__c, Help_Text_1B__c, Help_Text_1C__c, Help_Text_2A__c, Help_Text_2B__c, Help_Text_2C__c, Help_Text_3A__c, Help_Text_3B__c, Help_Text_3C__c, Mitigation_Advice__c, Selected_Indicators__c, Selected_Indicators_With_Text__c FROM Project_Risk_Assessment__c WHERE Opportunity__c = :tmpVar1 ORDER BY ItemNo__c ASC NULLS FIRST
10:51:15.0 (415736241)|LIMIT_USAGE|[18]|SOQL|4|100
10:51:15.0 (415747469)|LIMIT_USAGE|[18]|AGGS|0|300
10:51:15.0 (434628808)|SOQL_EXECUTE_END|[18]|Rows:25
10:51:15.0 (434647463)|LIMIT_USAGE|[18]|SOQL_ROWS|39|50000
10:51:15.0 (434671662)|HEAP_ALLOCATE|[18]|Bytes:104
10:51:15.0 (434739693)|HEAP_ALLOCATE|[18]|Bytes:10753
10:51:15.0 (434825572)|HEAP_ALLOCATE|[18]|Bytes:104
10:51:15.0 (434851907)|VARIABLE_SCOPE_BEGIN|[18]|allPRAs|List<Project_Risk_Assessment__c>|true|false
10:51:15.0 (434875214)|VARIABLE_ASSIGNMENT|[18]|allPRAs|"List of size 25 too large to display"|0x1c0e7522
10:51:15.0 (434880176)|STATEMENT_EXECUTE|[26]
10:51:15.0 (434895703)|SYSTEM_MODE_EXIT|false
10:51:15.434 (434916990)|CUMULATIVE_LIMIT_USAGE
10:51:15.434 (434916990)|LIMIT_USAGE_FOR_NS|(default)|
  Number of SOQL queries: 4 out of 100
  Number of query rows: 39 out of 50000
  Number of SOSL queries: 0 out of 20
  Number of DML statements: 0 out of 150
  Number of DML rows: 0 out of 10000
  Maximum CPU time: 0 out of 10000
  Maximum heap size: 0 out of 6000000
  Number of callouts: 0 out of 100
  Number of Email Invocations: 0 out of 10
  Number of future calls: 0 out of 50
  Number of queueable jobs added to the queue: 0 out of 50
  Number of Mobile Apex push calls: 0 out of 10

10:51:15.434 (434916990)|TOTAL_EMAIL_RECIPIENTS_QUEUED|0
10:51:15.434 (434916990)|STATIC_VARIABLE_LIST|
  char[]:DigitTens:0
  long:serialVersionUID:0
  long:serialVersionUID:0
  double:MAX_VALUE:0
  Boolean:FALSE:0
  long:serialVersionUID:0
  String:_sfdcAdditionalCodeLocations:0
  double:MIN_VALUE:0
  int:SIZE:0
  double:NEGATIVE_INFINITY:0
  int:MAX_VALUE:0
  String:_sfdcSuppressedCodeLocations:0
  char[]:digits:0
  double:NaN:0
  Boolean:TRUE:0
  int:MIN_VALUE:0
  String:_sfdcSuppressedCodeLocations:0
  char[]:DigitOnes:0
  int:BYTES:0
  int:MIN_EXPONENT:0
  int[]:sizeTable:0
  int:MAX_EXPONENT:0
  String:_sfdcSuppressedCodeLocations:0
  String:_sfdcAdditionalCodeLocations:0
  int:SIZE:0
  double:POSITIVE_INFINITY:0
  String:_sfdcAdditionalCodeLocations:0
  double:MIN_NORMAL:0
  int:BYTES:0

10:51:15.434 (434916990)|CUMULATIVE_LIMIT_USAGE_END

10:51:15.0 (435020564)|CODE_UNIT_FINISHED|PRAController.getAllPRARecords
10:51:15.536 (536184570)|CUMULATIVE_PROFILING_BEGIN
10:51:15.536 (536184570)|CUMULATIVE_PROFILING|SOQL operations|
Class.ApprovalController.getOpportunityRecord: line 18, column 1: [SELECT   Id,name,
                                                           			Gate_Status__c,
                                                           			TSF_Gate_Status__c,
                                                           			CRA_Gate_Status__c,
                                                           			StageName,
                                    								Competitor_Analysis_General_Comments__c,
                                    								Are_there_any_critical_risks__c,
                                    								Has_CRA_changed_since_last_approval__c,
                                    								Has_TSF_changed_since_last_approval__c,
                                    								Apply_Default_Bonding__c,
                                    								Conversion_Budget_Comments__c,
                                    								Is_Gate_1_To_3__c, Is_Gate_4_To_5__c,
                                    								Net_Budget_EOI_PQ__c, Net_Budget_Post_Tender__c, 
                                    								Net_Budget_Tender__c, Net_Budget_Amount__c,
                                    								Total_Budget_EOI_PQ__c, Total_Budget_Tender__c, 
                                    								Total_Budget_AUD__c, Total_Budget_Post_Tender__c, 
                                    								JH_Bid_Cost_of_JH_Revenue__c
                                 							FROM     Opportunity
                                 							WHERE    Id = :opportunityId]: executed 2 times in 72 ms
Class.PRAController.getAllPRARecords: line 18, column 1: [SELECT Id,name,Category__c,Is_Critical_Risk__c,ItemNo__c,Mitigation_Strategy__c,Rating__c,Risk_Item__c,
                                                             		description__c,Help_Text_0A__c,Help_Text_0B__c,Help_Text_0C__c,Help_Text_1A__c,Help_Text_1B__c, 
                                                             		Help_Text_1C__c,Help_Text_2A__c,Help_Text_2B__c,Help_Text_2C__c,Help_Text_3A__c,Help_Text_3B__c,
                                                             		Help_Text_3C__c,Mitigation_Advice__c,Selected_Indicators__c,Selected_Indicators_With_Text__c
												   FROM Project_Risk_Assessment__c
                                                   WHERE Opportunity__c = :opportunityId
                                                   ORDER BY ItemNo__c]: executed 1 time in 21 ms
Class.KCRAController.getAllKCRARecords: line 17, column 1: [SELECT   Id,name,
                                                           			recordtypeId,
                                                           			applicable__c,
                                                           			approved__c,
                                                           			itemno__c,
                                                           			KCRA_Item__c,Opportunity__c 
                                 							FROM     Key_Commercial_Risks_Approvals__c 
                                 							WHERE    Opportunity__c = :opportunityId
                                                           	ORDER BY itemno__c]: executed 1 time in 6 ms

10:51:15.536 (536184570)|CUMULATIVE_PROFILING|No profiling information for SOSL operations
10:51:15.536 (536184570)|CUMULATIVE_PROFILING|No profiling information for DML operations
10:51:15.536 (536184570)|CUMULATIVE_PROFILING|method invocations|
External entry point: public static List<Project_Risk_Assessment__c> getAllPRARecords(String): executed 1 time in 21 ms
External entry point: public static List<Opportunity> getOpportunityRecord(String): executed 1 time in 18 ms
External entry point: public static List<Key_Commercial_Risks_Approvals__c> getAllKCRARecords(String): executed 1 time in 6 ms

10:51:15.536 (536184570)|CUMULATIVE_PROFILING_END
