39.0 APEX_CODE,FINEST;APEX_PROFILING,FINEST;CALLOUT,INFO;DB,INFO;SYSTEM,DEBUG;VALIDATION,INFO;VISUALFORCE,INFO;WAVE,INFO;WORKFLOW,INFO
15:03:44.0 (397670)|USER_INFO|[EXTERNAL]|00528000006B07F|dev@systempartners.com.prod.pcphase2|Australian Eastern Standard Time|GMT+11:00
15:03:44.0 (433851)|EXECUTION_STARTED
15:03:44.0 (439948)|CODE_UNIT_STARTED|[EXTERNAL]|aura
15:03:44.0 (5421132)|HEAP_ALLOCATE|[72]|Bytes:3
15:03:44.0 (5468123)|HEAP_ALLOCATE|[77]|Bytes:152
15:03:44.0 (5490056)|HEAP_ALLOCATE|[342]|Bytes:408
15:03:44.0 (5518228)|HEAP_ALLOCATE|[355]|Bytes:408
15:03:44.0 (5543812)|HEAP_ALLOCATE|[467]|Bytes:48
15:03:44.0 (5572940)|HEAP_ALLOCATE|[139]|Bytes:6
15:03:44.0 (5598691)|HEAP_ALLOCATE|[EXTERNAL]|Bytes:18
15:03:44.0 (5611695)|HEAP_ALLOCATE|[EXTERNAL]|Bytes:18
15:03:44.0 (7324584)|CODE_UNIT_STARTED|[EXTERNAL]|01pO0000000372v|KCRAController.getAllKCRARecords
15:03:44.0 (7418419)|HEAP_ALLOCATE|[EXTERNAL]|Bytes:5
15:03:44.0 (7423915)|HEAP_ALLOCATE|[EXTERNAL]|Bytes:14
15:03:44.0 (7434708)|METHOD_ENTRY|[11]|01pO0000000372v|KCRAController.KCRAController()
15:03:44.0 (7439005)|STATEMENT_EXECUTE|[11]
15:03:44.0 (7444306)|STATEMENT_EXECUTE|[11]
15:03:44.0 (7449622)|METHOD_EXIT|[11]|KCRAController
15:03:44.0 (7453311)|HEAP_ALLOCATE|[EXTERNAL]|Bytes:18
15:03:44.0 (7464342)|SYSTEM_MODE_ENTER|false
15:03:44.0 (7471735)|VARIABLE_SCOPE_BEGIN|[14]|opportunityId|String|false|false
15:03:44.0 (7493587)|VARIABLE_ASSIGNMENT|[14]|opportunityId|"006O0000008kRsJIAU"
15:03:44.0 (7502144)|STATEMENT_EXECUTE|[14]
15:03:44.0 (7503377)|STATEMENT_EXECUTE|[17]
15:03:44.0 (7506195)|HEAP_ALLOCATE|[17]|Bytes:204
15:03:44.0 (7519467)|HEAP_ALLOCATE|[17]|Bytes:4
15:03:44.0 (7532256)|HEAP_ALLOCATE|[17]|Bytes:7
15:03:44.0 (7576923)|HEAP_ALLOCATE|[50]|Bytes:5
15:03:44.0 (7599482)|HEAP_ALLOCATE|[56]|Bytes:5
15:03:44.0 (7608154)|HEAP_ALLOCATE|[64]|Bytes:7
15:03:44.0 (8081684)|SOQL_EXECUTE_BEGIN|[17]|Aggregations:0|SELECT Id, name, recordtypeId, applicable__c, approved__c, itemno__c, KCRA_Item__c, Opportunity__c FROM Key_Commercial_Risks_Approvals__c WHERE Opportunity__c = :tmpVar1 ORDER BY itemno__c ASC NULLS FIRST
15:03:44.0 (8093693)|LIMIT_USAGE|[17]|SOQL|1|100
15:03:44.0 (8102613)|LIMIT_USAGE|[17]|AGGS|0|300
15:03:44.0 (17453182)|SOQL_EXECUTE_END|[17]|Rows:12
15:03:44.0 (17463702)|LIMIT_USAGE|[17]|SOQL_ROWS|12|50000
15:03:44.0 (17480386)|HEAP_ALLOCATE|[17]|Bytes:52
15:03:44.0 (17534517)|HEAP_ALLOCATE|[17]|Bytes:3578
15:03:44.0 (17633080)|HEAP_ALLOCATE|[17]|Bytes:52
15:03:44.0 (17652449)|VARIABLE_SCOPE_BEGIN|[17]|allKCRAs|List<Key_Commercial_Risks_Approvals__c>|true|false
15:03:44.0 (17676059)|VARIABLE_ASSIGNMENT|[17]|allKCRAs|"List of size 12 too large to display"|0x67434b3b
15:03:44.0 (17679568)|STATEMENT_EXECUTE|[27]
15:03:44.0 (17691154)|SYSTEM_MODE_EXIT|false
15:03:44.17 (17719160)|CUMULATIVE_LIMIT_USAGE
15:03:44.17 (17719160)|LIMIT_USAGE_FOR_NS|(default)|
  Number of SOQL queries: 1 out of 100
  Number of query rows: 12 out of 50000
  Number of SOSL queries: 0 out of 20
  Number of DML statements: 0 out of 150
  Number of DML rows: 0 out of 10000
  Maximum CPU time: 0 out of 10000
  Maximum heap size: 0 out of 6000000
  Number of callouts: 0 out of 100
  Number of Email Invocations: 0 out of 10
  Number of future calls: 0 out of 50
  Number of queueable jobs added to the queue: 0 out of 50
  Number of Mobile Apex push calls: 0 out of 10

15:03:44.17 (17719160)|TOTAL_EMAIL_RECIPIENTS_QUEUED|0
15:03:44.17 (17719160)|STATIC_VARIABLE_LIST|
  char[]:DigitTens:0
  long:serialVersionUID:0
  long:serialVersionUID:0
  double:MAX_VALUE:0
  Boolean:FALSE:0
  long:serialVersionUID:0
  String:_sfdcAdditionalCodeLocations:0
  double:MIN_VALUE:0
  int:SIZE:0
  double:NEGATIVE_INFINITY:0
  int:MAX_VALUE:0
  char[]:digits:0
  double:NaN:0
  Boolean:TRUE:0
  int:MIN_VALUE:0
  char[]:DigitOnes:0
  int:BYTES:0
  int:MIN_EXPONENT:0
  int[]:sizeTable:0
  int:MAX_EXPONENT:0
  String:_sfdcSuppressedCodeLocations:0
  int:SIZE:0
  double:POSITIVE_INFINITY:0
  double:MIN_NORMAL:0
  int:BYTES:0

15:03:44.17 (17719160)|CUMULATIVE_LIMIT_USAGE_END

15:03:44.0 (17832049)|CODE_UNIT_FINISHED|KCRAController.getAllKCRARecords
15:03:44.0 (18152401)|HEAP_ALLOCATE|[EXTERNAL]|Bytes:18
15:03:44.0 (18166746)|HEAP_ALLOCATE|[EXTERNAL]|Bytes:18
15:03:44.0 (20729811)|CODE_UNIT_STARTED|[EXTERNAL]|01pO00000003Dck|PRAController.getAllPRARecords
15:03:44.0 (20796234)|HEAP_ALLOCATE|[EXTERNAL]|Bytes:11
15:03:44.0 (20802466)|HEAP_ALLOCATE|[EXTERNAL]|Bytes:11
15:03:44.0 (20814568)|METHOD_ENTRY|[1]|01pO00000003Dck|PRAController.PRAController()
15:03:44.0 (20817351)|STATEMENT_EXECUTE|[1]
15:03:44.0 (20821317)|STATEMENT_EXECUTE|[1]
15:03:44.0 (20827106)|METHOD_EXIT|[1]|PRAController
15:03:44.0 (20830669)|HEAP_ALLOCATE|[EXTERNAL]|Bytes:18
15:03:44.0 (20838590)|SYSTEM_MODE_ENTER|false
15:03:44.0 (20846285)|VARIABLE_SCOPE_BEGIN|[15]|opportunityId|String|false|false
15:03:44.0 (20853349)|VARIABLE_ASSIGNMENT|[15]|opportunityId|"006O0000008kRsJIAU"
15:03:44.0 (20860418)|STATEMENT_EXECUTE|[15]
15:03:44.0 (20861654)|STATEMENT_EXECUTE|[18]
15:03:44.0 (20864606)|HEAP_ALLOCATE|[18]|Bytes:508
15:03:44.0 (20872618)|HEAP_ALLOCATE|[18]|Bytes:4
15:03:44.0 (21538510)|SOQL_EXECUTE_BEGIN|[18]|Aggregations:0|SELECT Id, name, Category__c, Is_Critical_Risk__c, ItemNo__c, Mitigation_Strategy__c, Rating__c, Risk_Item__c, description__c, Help_Text_0A__c, Help_Text_0B__c, Help_Text_0C__c, Help_Text_1A__c, Help_Text_1B__c, Help_Text_1C__c, Help_Text_2A__c, Help_Text_2B__c, Help_Text_2C__c, Help_Text_3A__c, Help_Text_3B__c, Help_Text_3C__c, Mitigation_Advice__c, Selected_Indicators__c, Selected_Indicators_With_Text__c FROM Project_Risk_Assessment__c WHERE Opportunity__c = :tmpVar1 ORDER BY ItemNo__c ASC NULLS FIRST
15:03:44.0 (21548631)|LIMIT_USAGE|[18]|SOQL|2|100
15:03:44.0 (21555526)|LIMIT_USAGE|[18]|AGGS|0|300
15:03:44.0 (37289460)|SOQL_EXECUTE_END|[18]|Rows:25
15:03:44.0 (37305149)|LIMIT_USAGE|[18]|SOQL_ROWS|37|50000
15:03:44.0 (37332931)|HEAP_ALLOCATE|[18]|Bytes:104
15:03:44.0 (37403954)|HEAP_ALLOCATE|[18]|Bytes:10091
15:03:44.0 (37458061)|HEAP_ALLOCATE|[18]|Bytes:104
15:03:44.0 (37479504)|VARIABLE_SCOPE_BEGIN|[18]|allPRAs|List<Project_Risk_Assessment__c>|true|false
15:03:44.0 (37505821)|VARIABLE_ASSIGNMENT|[18]|allPRAs|"List of size 25 too large to display"|0x862e14c
15:03:44.0 (37510138)|STATEMENT_EXECUTE|[26]
15:03:44.0 (37523498)|SYSTEM_MODE_EXIT|false
15:03:44.37 (37549664)|CUMULATIVE_LIMIT_USAGE
15:03:44.37 (37549664)|LIMIT_USAGE_FOR_NS|(default)|
  Number of SOQL queries: 2 out of 100
  Number of query rows: 37 out of 50000
  Number of SOSL queries: 0 out of 20
  Number of DML statements: 0 out of 150
  Number of DML rows: 0 out of 10000
  Maximum CPU time: 0 out of 10000
  Maximum heap size: 0 out of 6000000
  Number of callouts: 0 out of 100
  Number of Email Invocations: 0 out of 10
  Number of future calls: 0 out of 50
  Number of queueable jobs added to the queue: 0 out of 50
  Number of Mobile Apex push calls: 0 out of 10

15:03:44.37 (37549664)|TOTAL_EMAIL_RECIPIENTS_QUEUED|0
15:03:44.37 (37549664)|STATIC_VARIABLE_LIST|
  char[]:DigitTens:0
  long:serialVersionUID:0
  long:serialVersionUID:0
  double:MAX_VALUE:0
  Boolean:FALSE:0
  long:serialVersionUID:0
  String:_sfdcAdditionalCodeLocations:0
  double:MIN_VALUE:0
  int:SIZE:0
  double:NEGATIVE_INFINITY:0
  int:MAX_VALUE:0
  char[]:digits:0
  double:NaN:0
  Boolean:TRUE:0
  int:MIN_VALUE:0
  String:_sfdcSuppressedCodeLocations:0
  char[]:DigitOnes:0
  int:BYTES:0
  int:MIN_EXPONENT:0
  int[]:sizeTable:0
  int:MAX_EXPONENT:0
  String:_sfdcSuppressedCodeLocations:0
  String:_sfdcAdditionalCodeLocations:0
  int:SIZE:0
  double:POSITIVE_INFINITY:0
  double:MIN_NORMAL:0
  int:BYTES:0

15:03:44.37 (37549664)|CUMULATIVE_LIMIT_USAGE_END

15:03:44.0 (37663147)|CODE_UNIT_FINISHED|PRAController.getAllPRARecords
15:03:44.153 (153994719)|CUMULATIVE_PROFILING_BEGIN
15:03:44.153 (153994719)|CUMULATIVE_PROFILING|SOQL operations|
Class.PRAController.getAllPRARecords: line 18, column 1: [SELECT Id,name,Category__c,Is_Critical_Risk__c,ItemNo__c,Mitigation_Strategy__c,Rating__c,Risk_Item__c,
                                                             		description__c,Help_Text_0A__c,Help_Text_0B__c,Help_Text_0C__c,Help_Text_1A__c,Help_Text_1B__c, 
                                                             		Help_Text_1C__c,Help_Text_2A__c,Help_Text_2B__c,Help_Text_2C__c,Help_Text_3A__c,Help_Text_3B__c,
                                                             		Help_Text_3C__c,Mitigation_Advice__c,Selected_Indicators__c,Selected_Indicators_With_Text__c
												   FROM Project_Risk_Assessment__c
                                                   WHERE Opportunity__c = :opportunityId
                                                   ORDER BY ItemNo__c]: executed 1 time in 17 ms
Class.KCRAController.getAllKCRARecords: line 17, column 1: [SELECT   Id,name,
                                                           			recordtypeId,
                                                           			applicable__c,
                                                           			approved__c,
                                                           			itemno__c,
                                                           			KCRA_Item__c,Opportunity__c 
                                 							FROM     Key_Commercial_Risks_Approvals__c 
                                 							WHERE    Opportunity__c = :opportunityId
                                                           	ORDER BY itemno__c]: executed 1 time in 10 ms

15:03:44.153 (153994719)|CUMULATIVE_PROFILING|No profiling information for SOSL operations
15:03:44.153 (153994719)|CUMULATIVE_PROFILING|No profiling information for DML operations
15:03:44.153 (153994719)|CUMULATIVE_PROFILING|method invocations|
External entry point: public static List<Project_Risk_Assessment__c> getAllPRARecords(String): executed 1 time in 17 ms
External entry point: public static List<Key_Commercial_Risks_Approvals__c> getAllKCRARecords(String): executed 1 time in 11 ms

15:03:44.153 (153994719)|CUMULATIVE_PROFILING_END
