34.0 APEX_CODE,FINEST;APEX_PROFILING,INFO;CALLOUT,INFO;DB,INFO;SYSTEM,DEBUG;VALIDATION,INFO;VISUALFORCE,INFO;WAVE,INFO;WORKFLOW,INFO
Execute Anonymous: Email_Alert_Class EA = new Email_Alert_Class();
Execute Anonymous: EA.registerNewEmail(null, false, false, '006O0000008ju1Z', true, false, false, null);
Execute Anonymous: EA.sendEmails();
04:57:41.1 (1478564)|USER_INFO|[EXTERNAL]|005O0000003t7an|ricky.lowe@jhg.com.au.pcphase2|Australian Eastern Standard Time|GMT+11:00
04:57:41.1 (1490315)|EXECUTION_STARTED
04:57:41.1 (1493966)|CODE_UNIT_STARTED|[EXTERNAL]|execute_anonymous_apex
04:57:41.1 (34028612)|VARIABLE_SCOPE_BEGIN|[1]|EA|Email_Alert_Class|true|false
04:57:41.1 (34196091)|HEAP_ALLOCATE|[72]|Bytes:3
04:57:41.1 (34241874)|HEAP_ALLOCATE|[77]|Bytes:152
04:57:41.1 (34255786)|HEAP_ALLOCATE|[342]|Bytes:408
04:57:41.1 (34271938)|HEAP_ALLOCATE|[355]|Bytes:408
04:57:41.1 (34287634)|HEAP_ALLOCATE|[467]|Bytes:48
04:57:41.1 (34316175)|HEAP_ALLOCATE|[139]|Bytes:6
04:57:41.1 (34342333)|HEAP_ALLOCATE|[EXTERNAL]|Bytes:5
04:57:41.1 (34388545)|STATEMENT_EXECUTE|[1]
04:57:41.1 (34396356)|STATEMENT_EXECUTE|[1]
04:57:41.1 (34402214)|HEAP_ALLOCATE|[1]|Bytes:12
04:57:41.1 (34407277)|HEAP_ALLOCATE|[1]|Bytes:20
04:57:41.1 (34410501)|HEAP_ALLOCATE|[1]|Bytes:8
04:57:41.1 (34442050)|METHOD_ENTRY|[1]|01pO00000003HJI|Email_Alert_Class.Email_Alert_Class()
04:57:41.1 (34445614)|STATEMENT_EXECUTE|[1]
04:57:41.1 (34449970)|STATEMENT_EXECUTE|[1]
04:57:41.1 (34485490)|HEAP_ALLOCATE|[50]|Bytes:5
04:57:41.1 (34511751)|HEAP_ALLOCATE|[56]|Bytes:5
04:57:41.1 (34519903)|HEAP_ALLOCATE|[64]|Bytes:7
04:57:41.1 (34540215)|SYSTEM_MODE_ENTER|false
04:57:41.1 (34554911)|HEAP_ALLOCATE|[1]|Bytes:5
04:57:41.1 (34558693)|STATEMENT_EXECUTE|[33]
04:57:41.1 (34563480)|SYSTEM_MODE_EXIT|false
04:57:41.1 (34570868)|METHOD_EXIT|[1]|Email_Alert_Class
04:57:41.1 (34814482)|HEAP_ALLOCATE|[1]|Bytes:20
04:57:41.1 (34846422)|SYSTEM_MODE_ENTER|false
04:57:41.1 (34863192)|HEAP_ALLOCATE|[1]|Bytes:5
04:57:41.1 (34876454)|CONSTRUCTOR_ENTRY|[1]|01pO00000003HJI|<init>()
04:57:41.1 (34904527)|VARIABLE_SCOPE_BEGIN|[10]|this|Email_Alert_Class|true|false
04:57:41.1 (34965529)|VARIABLE_ASSIGNMENT|[10]|this|{}|0x7ae371af
04:57:41.1 (34975224)|HEAP_ALLOCATE|[4]|Bytes:5
04:57:41.1 (34978771)|STATEMENT_EXECUTE|[1]
04:57:41.1 (34981171)|HEAP_ALLOCATE|[4]|Bytes:5
04:57:41.1 (34982791)|STATEMENT_EXECUTE|[3]
04:57:41.1 (34983944)|STATEMENT_EXECUTE|[4]
04:57:41.1 (34986529)|HEAP_ALLOCATE|[4]|Bytes:22
04:57:41.1 (35022369)|VARIABLE_ASSIGNMENT|[4]|this.CentralEmailAddress|"ricky.lowe@yopmail.c (2 more) ..."|0x7ae371af
04:57:41.1 (35026123)|STATEMENT_EXECUTE|[5]
04:57:41.1 (35027133)|STATEMENT_EXECUTE|[6]
04:57:41.1 (35037437)|HEAP_ALLOCATE|[4]|Bytes:6
04:57:41.1 (35059627)|STATEMENT_EXECUTE|[10]
04:57:41.1 (35061409)|STATEMENT_EXECUTE|[16]
04:57:41.1 (35067608)|HEAP_ALLOCATE|[16]|Bytes:4
04:57:41.1 (35213124)|HEAP_ALLOCATE|[EXTERNAL]|Bytes:4
04:57:41.1 (35226154)|VARIABLE_ASSIGNMENT|[16]|this.messages|[]|0x7ae371af
04:57:41.1 (35228960)|STATEMENT_EXECUTE|[17]
04:57:41.1 (35233281)|HEAP_ALLOCATE|[17]|Bytes:4
04:57:41.1 (35286763)|HEAP_ALLOCATE|[EXTERNAL]|Bytes:4
04:57:41.1 (35294359)|VARIABLE_ASSIGNMENT|[17]|this.EmailMessages|[]|0x7ae371af
04:57:41.1 (35302993)|CONSTRUCTOR_EXIT|[1]|01pO00000003HJI|<init>()
04:57:41.1 (35306360)|SYSTEM_MODE_EXIT|false
04:57:41.1 (35336454)|VARIABLE_ASSIGNMENT|[1]|EA|{"CentralEmailAddress":"ricky.lowe@yopmail.c (2 more) ...","EmailMessages":"0x47ce5f30","messages":"0x6e38521d"}|0x7ae371af
04:57:41.1 (35341050)|STATEMENT_EXECUTE|[2]
04:57:41.1 (35349734)|HEAP_ALLOCATE|[2]|Bytes:15
04:57:41.1 (35369412)|HEAP_ALLOCATE|[2]|Bytes:4
04:57:41.1 (35413411)|SYSTEM_MODE_ENTER|false
04:57:41.1 (35424901)|HEAP_ALLOCATE|[2]|Bytes:5
04:57:41.1 (35467606)|METHOD_ENTRY|[2]|01pO00000003HJI|Email_Alert_Class.registerNewEmail(String, Boolean, Boolean, Id, Boolean, Boolean, Boolean, Id)
04:57:41.1 (35490500)|VARIABLE_SCOPE_BEGIN|[20]|this|Email_Alert_Class|true|false
04:57:41.1 (35513162)|VARIABLE_ASSIGNMENT|[20]|this|{"CentralEmailAddress":"ricky.lowe@yopmail.c (2 more) ...","EmailMessages":"0x47ce5f30","messages":"0x6e38521d"}|0x7ae371af
04:57:41.1 (35517763)|VARIABLE_SCOPE_BEGIN|[20]|templateDevName|String|false|false
04:57:41.1 (35522724)|VARIABLE_ASSIGNMENT|[20]|templateDevName|null
04:57:41.1 (35527309)|VARIABLE_SCOPE_BEGIN|[20]|sendToPreContractGroup|Boolean|false|false
04:57:41.1 (35530763)|VARIABLE_ASSIGNMENT|[20]|sendToPreContractGroup|false
04:57:41.1 (35533182)|VARIABLE_SCOPE_BEGIN|[20]|sendToCentralEmailAddress|Boolean|false|false
04:57:41.1 (35535962)|VARIABLE_ASSIGNMENT|[20]|sendToCentralEmailAddress|false
04:57:41.1 (35538121)|VARIABLE_SCOPE_BEGIN|[20]|OppID|Id|false|false
04:57:41.1 (35692543)|VARIABLE_ASSIGNMENT|[20]|OppID|"006O0000008ju1ZIAQ"
04:57:41.1 (35700762)|VARIABLE_SCOPE_BEGIN|[20]|sendToPDM|Boolean|false|false
04:57:41.1 (35705136)|VARIABLE_ASSIGNMENT|[20]|sendToPDM|true
04:57:41.1 (35708323)|VARIABLE_SCOPE_BEGIN|[20]|sendToBDM|Boolean|false|false
04:57:41.1 (35710763)|VARIABLE_ASSIGNMENT|[20]|sendToBDM|false
04:57:41.1 (35712980)|VARIABLE_SCOPE_BEGIN|[20]|sendToAllApprovers|Boolean|false|false
04:57:41.1 (35715268)|VARIABLE_ASSIGNMENT|[20]|sendToAllApprovers|false
04:57:41.1 (35717513)|VARIABLE_SCOPE_BEGIN|[20]|currentApprover|Id|false|false
04:57:41.1 (35719967)|VARIABLE_ASSIGNMENT|[20]|currentApprover|null
04:57:41.1 (35729270)|HEAP_ALLOCATE|[21]|Bytes:5
04:57:41.1 (35733088)|STATEMENT_EXECUTE|[20]
04:57:41.1 (35734449)|STATEMENT_EXECUTE|[21]
04:57:41.1 (35750024)|HEAP_ALLOCATE|[21]|Bytes:36
04:57:41.1 (35764044)|CONSTRUCTOR_ENTRY|[21]|01pO00000003HJI|<init>()
04:57:41.1 (35785117)|VARIABLE_SCOPE_BEGIN|[33]|this|Email_Alert_Class.EmailMessage|true|false
04:57:41.1 (35841446)|VARIABLE_ASSIGNMENT|[33]|this|{}|0x7cfe47e
04:57:41.1 (35856359)|STATEMENT_EXECUTE|[33]
04:57:41.1 (35857834)|STATEMENT_EXECUTE|[34]
04:57:41.1 (35858885)|STATEMENT_EXECUTE|[35]
04:57:41.1 (35859701)|STATEMENT_EXECUTE|[36]
04:57:41.1 (35860514)|STATEMENT_EXECUTE|[37]
04:57:41.1 (35861576)|STATEMENT_EXECUTE|[38]
04:57:41.1 (35862386)|STATEMENT_EXECUTE|[39]
04:57:41.1 (35863209)|STATEMENT_EXECUTE|[40]
04:57:41.1 (35864010)|STATEMENT_EXECUTE|[41]
04:57:41.1 (35867471)|CONSTRUCTOR_EXIT|[21]|01pO00000003HJI|<init>()
04:57:41.1 (35870874)|VARIABLE_SCOPE_BEGIN|[21]|EM|Email_Alert_Class.EmailMessage|true|false
04:57:41.1 (35885151)|VARIABLE_ASSIGNMENT|[21]|EM|{}|0x7cfe47e
04:57:41.1 (35887173)|STATEMENT_EXECUTE|[22]
04:57:41.1 (35894091)|VARIABLE_ASSIGNMENT|[22]|this.templateDevName|null|0x7cfe47e
04:57:41.1 (35895738)|STATEMENT_EXECUTE|[23]
04:57:41.1 (35900008)|HEAP_ALLOCATE|[23]|Bytes:5
04:57:41.1 (35905624)|VARIABLE_ASSIGNMENT|[23]|this.sendToPreContractGroup|false|0x7cfe47e
04:57:41.1 (35907414)|STATEMENT_EXECUTE|[24]
04:57:41.1 (35909943)|HEAP_ALLOCATE|[24]|Bytes:5
04:57:41.1 (35914118)|VARIABLE_ASSIGNMENT|[24]|this.sendToCentralEmailAddress|false|0x7cfe47e
04:57:41.1 (35915968)|STATEMENT_EXECUTE|[25]
04:57:41.1 (35969272)|VARIABLE_ASSIGNMENT|[25]|this.OppID|"006O0000008ju1ZIAQ"|0x7cfe47e
04:57:41.1 (35972512)|STATEMENT_EXECUTE|[26]
04:57:41.1 (35977631)|HEAP_ALLOCATE|[26]|Bytes:5
04:57:41.1 (35986458)|VARIABLE_ASSIGNMENT|[26]|this.sendToPDM|true|0x7cfe47e
04:57:41.1 (35988115)|STATEMENT_EXECUTE|[27]
04:57:41.1 (35990555)|HEAP_ALLOCATE|[27]|Bytes:5
04:57:41.1 (35994716)|VARIABLE_ASSIGNMENT|[27]|this.sendToBDM|false|0x7cfe47e
04:57:41.1 (35996194)|STATEMENT_EXECUTE|[28]
04:57:41.1 (35998422)|HEAP_ALLOCATE|[28]|Bytes:5
04:57:41.1 (36002479)|VARIABLE_ASSIGNMENT|[28]|this.sendToAllApprovers|false|0x7cfe47e
04:57:41.1 (36004799)|STATEMENT_EXECUTE|[29]
04:57:41.1 (36008582)|VARIABLE_ASSIGNMENT|[29]|this.currentApprover|null|0x7cfe47e
04:57:41.1 (36009953)|STATEMENT_EXECUTE|[30]
04:57:41.1 (36058668)|HEAP_ALLOCATE|[EXTERNAL]|Bytes:4
04:57:41.1 (36076675)|METHOD_EXIT|[2]|01pO00000003HJI|Email_Alert_Class.registerNewEmail(String, Boolean, Boolean, Id, Boolean, Boolean, Boolean, Id)
04:57:41.1 (36081575)|SYSTEM_MODE_EXIT|false
04:57:41.1 (36085983)|STATEMENT_EXECUTE|[3]
04:57:41.1 (36111825)|SYSTEM_MODE_ENTER|false
04:57:41.1 (36122922)|HEAP_ALLOCATE|[3]|Bytes:5
04:57:41.1 (36134359)|METHOD_ENTRY|[3]|01pO00000003HJI|Email_Alert_Class.sendEmails()
04:57:41.1 (36155783)|VARIABLE_SCOPE_BEGIN|[44]|this|Email_Alert_Class|true|false
04:57:41.1 (36177591)|VARIABLE_ASSIGNMENT|[44]|this|{"CentralEmailAddress":"ricky.lowe@yopmail.c (2 more) ...","EmailMessages":"0x47ce5f30","messages":"0x6e38521d"}|0x7ae371af
04:57:41.1 (36187574)|HEAP_ALLOCATE|[45]|Bytes:5
04:57:41.1 (36191104)|STATEMENT_EXECUTE|[44]
04:57:41.1 (36192240)|STATEMENT_EXECUTE|[45]
04:57:41.1 (36200937)|HEAP_ALLOCATE|[45]|Bytes:4
04:57:41.1 (36231104)|VARIABLE_SCOPE_BEGIN|[45]|OppIds|Set<Id>|true|false
04:57:41.1 (36260364)|VARIABLE_ASSIGNMENT|[45]|OppIds|[]|0x263b5590
04:57:41.1 (36263153)|STATEMENT_EXECUTE|[46]
04:57:41.1 (36267603)|HEAP_ALLOCATE|[46]|Bytes:4
04:57:41.1 (36291059)|VARIABLE_SCOPE_BEGIN|[46]|EmailTemplateDevNames|Set<String>|true|false
04:57:41.1 (36309582)|VARIABLE_ASSIGNMENT|[46]|EmailTemplateDevNames|[]|0x480ceb56
04:57:41.1 (36477106)|HEAP_ALLOCATE|[48]|Bytes:5
04:57:41.1 (36495090)|HEAP_ALLOCATE|[48]|Bytes:36
04:57:41.1 (36503467)|VARIABLE_SCOPE_BEGIN|[48]|EM|Email_Alert_Class.EmailMessage|true|false
04:57:41.1 (36595513)|VARIABLE_ASSIGNMENT|[48]|EM|{"OppID":"006O0000008ju1ZIAQ","sendToAllApprovers":false,"sendToBDM":false,"sendToCentralEmailAddress":false,"sendToPDM":true,"sendToPreContractGroup":false}|0x7cfe47e
04:57:41.1 (36600766)|STATEMENT_EXECUTE|[48]
04:57:41.1 (36602050)|STATEMENT_EXECUTE|[49]
04:57:41.1 (36638029)|HEAP_ALLOCATE|[EXTERNAL]|Bytes:4
04:57:41.1 (36650798)|STATEMENT_EXECUTE|[50]
04:57:41.1 (36675507)|HEAP_ALLOCATE|[EXTERNAL]|Bytes:4
04:57:41.1 (36690928)|HEAP_ALLOCATE|[48]|Bytes:5
04:57:41.1 (36702723)|VARIABLE_ASSIGNMENT|[48]|EM|null|
04:57:41.1 (36705724)|STATEMENT_EXECUTE|[53]
04:57:41.1 (36718800)|METHOD_ENTRY|[53]|01pO00000003HJI|Email_Alert_Class.getTemplateIDs(Set<String>)
04:57:41.1 (36740136)|VARIABLE_SCOPE_BEGIN|[183]|this|Email_Alert_Class|true|false
04:57:41.1 (36761045)|VARIABLE_ASSIGNMENT|[183]|this|{"CentralEmailAddress":"ricky.lowe@yopmail.c (2 more) ...","EmailMessages":"0x47ce5f30","messages":"0x6e38521d"}|0x7ae371af
04:57:41.1 (36765326)|VARIABLE_SCOPE_BEGIN|[183]|EmailTemplateDevNames|Set<String>|true|false
04:57:41.1 (36770956)|VARIABLE_ASSIGNMENT|[183]|EmailTemplateDevNames|[]|0x480ceb56
04:57:41.1 (36779771)|HEAP_ALLOCATE|[184]|Bytes:5
04:57:41.1 (36783081)|STATEMENT_EXECUTE|[183]
04:57:41.1 (36784484)|STATEMENT_EXECUTE|[184]
04:57:41.1 (36791141)|HEAP_ALLOCATE|[184]|Bytes:4
04:57:41.1 (36802258)|VARIABLE_SCOPE_BEGIN|[184]|EmailTemplatesDevNameToID|Map<String,Id>|true|false
04:57:41.1 (36816737)|VARIABLE_ASSIGNMENT|[184]|EmailTemplatesDevNameToID|{}|0x966655
04:57:41.1 (36820980)|HEAP_ALLOCATE|[186]|Bytes:80
04:57:41.1 (36826971)|HEAP_ALLOCATE|[186]|Bytes:4
04:57:41.1 (36832956)|HEAP_ALLOCATE|[186]|Bytes:7
04:57:41.1 (37234275)|SOQL_EXECUTE_BEGIN|[186]|Aggregations:0|SELECT DeveloperName, Id, Name FROM EmailTemplate 
04:57:41.1 (39107930)|SOQL_EXECUTE_END|[186]|Rows:0
04:57:41.1 (39253986)|HEAP_ALLOCATE|[186]|Bytes:49
04:57:41.1 (39260078)|HEAP_ALLOCATE|[186]|Bytes:8
04:57:41.1 (39267980)|SYSTEM_METHOD_ENTRY|[7]|QueryLocatorIterator.QueryLocatorIterator()
04:57:41.1 (39270344)|STATEMENT_EXECUTE|[7]
04:57:41.1 (39276807)|SYSTEM_METHOD_EXIT|[7]|QueryLocatorIterator
04:57:41.1 (39282486)|HEAP_ALLOCATE|[186]|Bytes:28
04:57:41.1 (39301990)|HEAP_ALLOCATE|[186]|Bytes:8
04:57:41.1 (39304324)|HEAP_ALLOCATE|[186]|Bytes:8
04:57:41.1 (39307902)|VARIABLE_SCOPE_BEGIN|[15]|this|Database.QueryLocatorIterator|true|false
04:57:41.1 (39327119)|VARIABLE_ASSIGNMENT|[15]|this|{}|0x14f59d0e
04:57:41.1 (39330006)|VARIABLE_SCOPE_BEGIN|[15]|values|List<SObject>|true|false
04:57:41.1 (39333484)|VARIABLE_ASSIGNMENT|[15]|values|null|
04:57:41.1 (39335299)|VARIABLE_SCOPE_BEGIN|[15]|ql|Database.QueryLocator|true|false
04:57:41.1 (39346591)|VARIABLE_ASSIGNMENT|[15]|ql|{"query":"SELECT DeveloperName (60 more) ..."}|0x503cdacf
04:57:41.1 (39348861)|VARIABLE_SCOPE_BEGIN|[15]|totalNumRecords|Integer|false|false
04:57:41.1 (39352552)|VARIABLE_ASSIGNMENT|[15]|totalNumRecords|0
04:57:41.1 (39354383)|VARIABLE_SCOPE_BEGIN|[15]|queryMoreSize|Integer|false|false
04:57:41.1 (39356601)|VARIABLE_ASSIGNMENT|[15]|queryMoreSize|50000
04:57:41.1 (39401963)|HEAP_ALLOCATE|[186]|Bytes:28
04:57:41.1 (39419028)|METHOD_ENTRY|[186]||Database.QueryLocatorIterator.hasNext()
04:57:41.1 (39437154)|METHOD_EXIT|[186]||Database.QueryLocatorIterator.hasNext()
04:57:41.1 (39481959)|VARIABLE_ASSIGNMENT|[186]|ET|null|
04:57:41.1 (39484970)|STATEMENT_EXECUTE|[186]
04:57:41.1 (39500821)|STATEMENT_EXECUTE|[189]
04:57:41.1 (39507961)|METHOD_EXIT|[53]|01pO00000003HJI|Email_Alert_Class.getTemplateIDs(Set<String>)
04:57:41.1 (39514362)|VARIABLE_SCOPE_BEGIN|[53]|EmailTemplatesDevNameToID|Map<String,Id>|true|false
04:57:41.1 (39523554)|VARIABLE_ASSIGNMENT|[53]|EmailTemplatesDevNameToID|{}|0x966655
04:57:41.1 (39526110)|STATEMENT_EXECUTE|[54]
04:57:41.1 (39535150)|METHOD_ENTRY|[54]|01pO00000003HJI|Email_Alert_Class.getPreContractGroupMembers()
04:57:41.1 (39555212)|VARIABLE_SCOPE_BEGIN|[193]|this|Email_Alert_Class|true|false
04:57:41.1 (39576330)|VARIABLE_ASSIGNMENT|[193]|this|{"CentralEmailAddress":"ricky.lowe@yopmail.c (2 more) ...","EmailMessages":"0x47ce5f30","messages":"0x6e38521d"}|0x7ae371af
04:57:41.1 (39586431)|HEAP_ALLOCATE|[194]|Bytes:5
04:57:41.1 (39589628)|STATEMENT_EXECUTE|[193]
04:57:41.1 (39590733)|STATEMENT_EXECUTE|[194]
04:57:41.1 (39593031)|HEAP_ALLOCATE|[194]|Bytes:87
04:57:41.1 (39597801)|HEAP_ALLOCATE|[194]|Bytes:4
04:57:41.1 (39779617)|SOQL_EXECUTE_BEGIN|[194]|Aggregations:0|SELECT DeveloperName, Id FROM Group WHERE DeveloperName = 'Pre_Contracts_Group' LIMIT 1
04:57:41.1 (42297298)|SOQL_EXECUTE_END|[194]|Rows:1
04:57:41.1 (42313700)|HEAP_ALLOCATE|[194]|Bytes:8
04:57:41.1 (42331079)|HEAP_ALLOCATE|[194]|Bytes:65
04:57:41.1 (42384882)|HEAP_ALLOCATE|[194]|Bytes:8
04:57:41.1 (42400250)|VARIABLE_SCOPE_BEGIN|[194]|PreContract|List<Group>|true|false
04:57:41.1 (42417077)|VARIABLE_ASSIGNMENT|[194]|PreContract|[{"DeveloperName":"Pre_Contracts_Group","Id":"00GO00000025mIMMAY"}]|0x2361075e
04:57:41.1 (42420371)|STATEMENT_EXECUTE|[195]
04:57:41.1 (42425819)|HEAP_ALLOCATE|[195]|Bytes:4
04:57:41.1 (42452883)|VARIABLE_SCOPE_BEGIN|[195]|PreContractUserIDs|Set<String>|true|false
04:57:41.1 (42465592)|VARIABLE_ASSIGNMENT|[195]|PreContractUserIDs|[]|0x1d12af50
04:57:41.1 (42514518)|STATEMENT_EXECUTE|[196]
04:57:41.1 (42516791)|STATEMENT_EXECUTE|[203]
04:57:41.1 (42524463)|METHOD_EXIT|[54]|01pO00000003HJI|Email_Alert_Class.getPreContractGroupMembers()
04:57:41.1 (42529731)|VARIABLE_SCOPE_BEGIN|[54]|PreContract|Set<String>|true|false
04:57:41.1 (42537194)|VARIABLE_ASSIGNMENT|[54]|PreContract|[]|0x1d12af50
04:57:41.1 (42539075)|STATEMENT_EXECUTE|[55]
04:57:41.1 (42552084)|METHOD_ENTRY|[55]|01pO00000003HJI|Email_Alert_Class.getOppTeamMembers(Set<Id>)
04:57:41.1 (42576208)|VARIABLE_SCOPE_BEGIN|[146]|this|Email_Alert_Class|true|false
04:57:41.1 (42598644)|VARIABLE_ASSIGNMENT|[146]|this|{"CentralEmailAddress":"ricky.lowe@yopmail.c (2 more) ...","EmailMessages":"0x47ce5f30","messages":"0x6e38521d"}|0x7ae371af
04:57:41.1 (42602944)|VARIABLE_SCOPE_BEGIN|[146]|OppIds|Set<Id>|true|false
04:57:41.1 (42608848)|VARIABLE_ASSIGNMENT|[146]|OppIds|["006O0000008ju1ZIAQ"]|0x263b5590
04:57:41.1 (42617926)|HEAP_ALLOCATE|[147]|Bytes:5
04:57:41.1 (42621355)|STATEMENT_EXECUTE|[146]
04:57:41.1 (42622473)|STATEMENT_EXECUTE|[147]
04:57:41.1 (42626564)|HEAP_ALLOCATE|[147]|Bytes:4
04:57:41.1 (42651843)|VARIABLE_SCOPE_BEGIN|[147]|MapOppToOppTeamMemberGroupedByRole|Map<Id,Map<String,Set<String>>>|true|false
04:57:41.1 (42662229)|VARIABLE_ASSIGNMENT|[147]|MapOppToOppTeamMemberGroupedByRole|{}|0x6df17902
04:57:41.1 (42667104)|HEAP_ALLOCATE|[149]|Bytes:130
04:57:41.1 (42671835)|HEAP_ALLOCATE|[149]|Bytes:4
04:57:41.1 (42996033)|SOQL_EXECUTE_BEGIN|[149]|Aggregations:0|SELECT Id, OpportunityAccessLevel, OpportunityId, TeamMemberRole, UserId FROM OpportunityTeamMember 
04:57:41.1 (47139547)|SOQL_EXECUTE_END|[149]|Rows:4
04:57:41.1 (47153410)|HEAP_ALLOCATE|[EXTERNAL]|Bytes:20
04:57:41.1 (47231037)|HEAP_ALLOCATE|[149]|Bytes:28
04:57:41.1 (47290052)|HEAP_ALLOCATE|[149]|Bytes:20
04:57:41.1 (47308292)|HEAP_ALLOCATE|[149]|Bytes:8
04:57:41.1 (47310837)|HEAP_ALLOCATE|[149]|Bytes:8
04:57:41.1 (47313871)|VARIABLE_SCOPE_BEGIN|[15]|this|Database.QueryLocatorIterator|true|false
04:57:41.1 (47334212)|VARIABLE_ASSIGNMENT|[15]|this|{}|0x7d14141c
04:57:41.1 (47336792)|VARIABLE_SCOPE_BEGIN|[15]|values|List<SObject>|true|false
04:57:41.1 (47363938)|VARIABLE_ASSIGNMENT|[15]|values|[{"Id":"00qO0000000CHxJIAW","OpportunityAccessLev (2 more) ...":"Read","OpportunityId":"006O0000008ju1ZIAQ","TeamMemberRole":"Executive Sponsor","UserId":"00528000004d3msAAA"},{"Id":"00qO0000000CHxEIAW","OpportunityAccessLev (2 more) ...":"Read","OpportunityId":"006O0000008ju1ZIAQ","TeamMemberRole":"Account Manager","UserId":"00528000006B07FAAS"},{"Id":"00qO0000000CHxKIAW","OpportunityAccessLev (2 more) ...":"Read","OpportunityId":"006O0000008ju1ZIAQ","TeamMemberRole":"Channel Manager","UserId":"00528000006BYTIAA4"},{"Id":"00qO0000000CHxAIAW","OpportunityAccessLev (2 more) ...":"Edit","OpportunityId":"006O0000008ju1ZIAQ","TeamMemberRole":"Channel Manager","UserId":"005O0000003t7anIAA"}]|0x395abc3f
04:57:41.1 (47371929)|VARIABLE_SCOPE_BEGIN|[15]|ql|Database.QueryLocator|true|false
04:57:41.1 (47378952)|VARIABLE_ASSIGNMENT|[15]|ql|{"query":"SELECT Id, Opportuni (110 more) ..."}|0x768e0c1
04:57:41.1 (47380870)|VARIABLE_SCOPE_BEGIN|[15]|totalNumRecords|Integer|false|false
04:57:41.1 (47384117)|VARIABLE_ASSIGNMENT|[15]|totalNumRecords|4
04:57:41.1 (47385711)|VARIABLE_SCOPE_BEGIN|[15]|queryMoreSize|Integer|false|false
04:57:41.1 (47388483)|VARIABLE_ASSIGNMENT|[15]|queryMoreSize|49995
04:57:41.1 (47449783)|HEAP_ALLOCATE|[149]|Bytes:28
04:57:41.1 (47464964)|METHOD_ENTRY|[149]||Database.QueryLocatorIterator.hasNext()
04:57:41.1 (47522196)|METHOD_EXIT|[149]||Database.QueryLocatorIterator.hasNext()
04:57:41.1 (47530857)|METHOD_ENTRY|[149]||Database.QueryLocatorIterator.next()
04:57:41.1 (47644064)|METHOD_EXIT|[149]||Database.QueryLocatorIterator.next()
04:57:41.1 (47657854)|VARIABLE_SCOPE_BEGIN|[149]|OTM|OpportunityTeamMember|true|false
04:57:41.1 (47678404)|VARIABLE_ASSIGNMENT|[149]|OTM|{"Id":"00qO0000000CHxJIAW","OpportunityAccessLev (2 more) ...":"Read","OpportunityId":"006O0000008ju1ZIAQ","TeamMemberRole":"Executive Sponsor","UserId":"00528000004d3msAAA"}|0x76d8ad8e
04:57:41.1 (47682601)|STATEMENT_EXECUTE|[149]
04:57:41.1 (47683933)|STATEMENT_EXECUTE|[150]
04:57:41.1 (47689363)|HEAP_ALLOCATE|[150]|Bytes:4
04:57:41.1 (47739323)|VARIABLE_SCOPE_BEGIN|[150]|UserIds|Set<String>|true|false
04:57:41.1 (47758202)|VARIABLE_ASSIGNMENT|[150]|UserIds|[]|0x1a8f5c2e
04:57:41.1 (47761126)|STATEMENT_EXECUTE|[151]
04:57:41.1 (47768106)|HEAP_ALLOCATE|[151]|Bytes:4
04:57:41.1 (47778664)|VARIABLE_SCOPE_BEGIN|[151]|groupedByRole|Map<String,Set<String>>|true|false
04:57:41.1 (47789442)|VARIABLE_ASSIGNMENT|[151]|groupedByRole|{}|0x5aa1c956
04:57:41.1 (47864976)|STATEMENT_EXECUTE|[170]
04:57:41.1 (47867375)|STATEMENT_EXECUTE|[171]
04:57:41.1 (47871673)|HEAP_ALLOCATE|[171]|Bytes:4
04:57:41.1 (47878430)|VARIABLE_SCOPE_BEGIN|[171]|groupedByRoleNew|Map<String,Set<String>>|true|false
04:57:41.1 (47888699)|VARIABLE_ASSIGNMENT|[171]|groupedByRoleNew|{}|0x4d732d77
04:57:41.1 (47890859)|STATEMENT_EXECUTE|[172]
04:57:41.1 (47894523)|HEAP_ALLOCATE|[172]|Bytes:4
04:57:41.1 (47916229)|VARIABLE_SCOPE_BEGIN|[172]|UserIdsNew2|Set<String>|true|false
04:57:41.1 (47928223)|VARIABLE_ASSIGNMENT|[172]|UserIdsNew2|[]|0x2dfd76db
04:57:41.1 (47930448)|STATEMENT_EXECUTE|[173]
04:57:41.1 (47991926)|HEAP_ALLOCATE|[EXTERNAL]|Bytes:4
04:57:41.1 (48001499)|STATEMENT_EXECUTE|[174]
04:57:41.1 (48060410)|HEAP_ALLOCATE|[EXTERNAL]|Bytes:-4
04:57:41.1 (48068613)|STATEMENT_EXECUTE|[176]
04:57:41.1 (48101890)|HEAP_ALLOCATE|[EXTERNAL]|Bytes:-4
04:57:41.1 (48113497)|METHOD_ENTRY|[149]||Database.QueryLocatorIterator.hasNext()
04:57:41.1 (48135382)|METHOD_EXIT|[149]||Database.QueryLocatorIterator.hasNext()
04:57:41.1 (48140740)|METHOD_ENTRY|[149]||Database.QueryLocatorIterator.next()
04:57:41.1 (48213832)|METHOD_EXIT|[149]||Database.QueryLocatorIterator.next()
04:57:41.1 (48222569)|VARIABLE_SCOPE_BEGIN|[149]|OTM|OpportunityTeamMember|true|false
04:57:41.1 (48237341)|VARIABLE_ASSIGNMENT|[149]|OTM|{"Id":"00qO0000000CHxEIAW","OpportunityAccessLev (2 more) ...":"Read","OpportunityId":"006O0000008ju1ZIAQ","TeamMemberRole":"Account Manager","UserId":"00528000006B07FAAS"}|0x79c2e14b
04:57:41.1 (48240856)|STATEMENT_EXECUTE|[149]
04:57:41.1 (48242021)|STATEMENT_EXECUTE|[150]
04:57:41.1 (48245987)|HEAP_ALLOCATE|[150]|Bytes:4
04:57:41.1 (48256880)|VARIABLE_SCOPE_BEGIN|[150]|UserIds|Set<String>|true|false
04:57:41.1 (48269155)|VARIABLE_ASSIGNMENT|[150]|UserIds|[]|0x2535ce82
04:57:41.1 (48271394)|STATEMENT_EXECUTE|[151]
04:57:41.1 (48274549)|HEAP_ALLOCATE|[151]|Bytes:4
04:57:41.1 (48279823)|VARIABLE_SCOPE_BEGIN|[151]|groupedByRole|Map<String,Set<String>>|true|false
04:57:41.1 (48292116)|VARIABLE_ASSIGNMENT|[151]|groupedByRole|{}|0x717947c6
04:57:41.1 (48313460)|STATEMENT_EXECUTE|[154]
04:57:41.1 (48315099)|STATEMENT_EXECUTE|[155]
04:57:41.1 (48368814)|VARIABLE_ASSIGNMENT|[155]|groupedByRole|{"Executive Sponsor":["00528000004d3msAAA"]}|0x4d732d77
04:57:41.1 (48412894)|STATEMENT_EXECUTE|[163]
04:57:41.1 (48415080)|STATEMENT_EXECUTE|[164]
04:57:41.1 (48419981)|HEAP_ALLOCATE|[164]|Bytes:4
04:57:41.1 (48440362)|VARIABLE_SCOPE_BEGIN|[164]|UserIdsNew|Set<String>|true|false
04:57:41.1 (48452745)|VARIABLE_ASSIGNMENT|[164]|UserIdsNew|[]|0x37f4ac9c
04:57:41.1 (48455076)|STATEMENT_EXECUTE|[165]
04:57:41.1 (48490765)|HEAP_ALLOCATE|[EXTERNAL]|Bytes:4
04:57:41.1 (48499871)|STATEMENT_EXECUTE|[166]
04:57:41.1 (48532899)|HEAP_ALLOCATE|[EXTERNAL]|Bytes:-4
04:57:41.1 (48544259)|METHOD_ENTRY|[149]||Database.QueryLocatorIterator.hasNext()
04:57:41.1 (48565463)|METHOD_EXIT|[149]||Database.QueryLocatorIterator.hasNext()
04:57:41.1 (48570759)|METHOD_ENTRY|[149]||Database.QueryLocatorIterator.next()
04:57:41.1 (48632512)|METHOD_EXIT|[149]||Database.QueryLocatorIterator.next()
04:57:41.1 (48640514)|VARIABLE_SCOPE_BEGIN|[149]|OTM|OpportunityTeamMember|true|false
04:57:41.1 (48655247)|VARIABLE_ASSIGNMENT|[149]|OTM|{"Id":"00qO0000000CHxKIAW","OpportunityAccessLev (2 more) ...":"Read","OpportunityId":"006O0000008ju1ZIAQ","TeamMemberRole":"Channel Manager","UserId":"00528000006BYTIAA4"}|0x59d2cb90
04:57:41.1 (48658447)|STATEMENT_EXECUTE|[149]
04:57:41.1 (48659516)|STATEMENT_EXECUTE|[150]
04:57:41.1 (48663332)|HEAP_ALLOCATE|[150]|Bytes:4
04:57:41.1 (48673651)|VARIABLE_SCOPE_BEGIN|[150]|UserIds|Set<String>|true|false
04:57:41.1 (48685486)|VARIABLE_ASSIGNMENT|[150]|UserIds|[]|0x52185ff6
04:57:41.1 (48688174)|STATEMENT_EXECUTE|[151]
04:57:41.1 (48691550)|HEAP_ALLOCATE|[151]|Bytes:4
04:57:41.1 (48696766)|VARIABLE_SCOPE_BEGIN|[151]|groupedByRole|Map<String,Set<String>>|true|false
04:57:41.1 (48705202)|VARIABLE_ASSIGNMENT|[151]|groupedByRole|{}|0x69e47504
04:57:41.1 (48725158)|STATEMENT_EXECUTE|[154]
04:57:41.1 (48726867)|STATEMENT_EXECUTE|[155]
04:57:41.1 (48753961)|VARIABLE_ASSIGNMENT|[155]|groupedByRole|{"Executive Sponsor":["00528000004d3msAAA"],"Account Manager":["00528000006B07FAAS"]}|0x4d732d77
04:57:41.1 (48771734)|STATEMENT_EXECUTE|[163]
04:57:41.1 (48773269)|STATEMENT_EXECUTE|[164]
04:57:41.1 (48776841)|HEAP_ALLOCATE|[164]|Bytes:4
04:57:41.1 (48785148)|VARIABLE_SCOPE_BEGIN|[164]|UserIdsNew|Set<String>|true|false
04:57:41.1 (48796457)|VARIABLE_ASSIGNMENT|[164]|UserIdsNew|[]|0x7b66a4e8
04:57:41.1 (48798350)|STATEMENT_EXECUTE|[165]
04:57:41.1 (48815528)|HEAP_ALLOCATE|[EXTERNAL]|Bytes:4
04:57:41.1 (48822159)|STATEMENT_EXECUTE|[166]
04:57:41.1 (48832606)|HEAP_ALLOCATE|[EXTERNAL]|Bytes:-4
04:57:41.1 (48841888)|METHOD_ENTRY|[149]||Database.QueryLocatorIterator.hasNext()
04:57:41.1 (48862209)|METHOD_EXIT|[149]||Database.QueryLocatorIterator.hasNext()
04:57:41.1 (48867610)|METHOD_ENTRY|[149]||Database.QueryLocatorIterator.next()
04:57:41.1 (48925763)|METHOD_EXIT|[149]||Database.QueryLocatorIterator.next()
04:57:41.1 (48933232)|VARIABLE_SCOPE_BEGIN|[149]|OTM|OpportunityTeamMember|true|false
04:57:41.1 (48947759)|VARIABLE_ASSIGNMENT|[149]|OTM|{"Id":"00qO0000000CHxAIAW","OpportunityAccessLev (2 more) ...":"Edit","OpportunityId":"006O0000008ju1ZIAQ","TeamMemberRole":"Channel Manager","UserId":"005O0000003t7anIAA"}|0x34276e5f
04:57:41.1 (48950852)|STATEMENT_EXECUTE|[149]
04:57:41.1 (48951845)|STATEMENT_EXECUTE|[150]
04:57:41.1 (48955518)|HEAP_ALLOCATE|[150]|Bytes:4
04:57:41.1 (48965569)|VARIABLE_SCOPE_BEGIN|[150]|UserIds|Set<String>|true|false
04:57:41.1 (48977214)|VARIABLE_ASSIGNMENT|[150]|UserIds|[]|0x24d070c2
04:57:41.1 (48979202)|STATEMENT_EXECUTE|[151]
04:57:41.1 (48982332)|HEAP_ALLOCATE|[151]|Bytes:4
04:57:41.1 (48987537)|VARIABLE_SCOPE_BEGIN|[151]|groupedByRole|Map<String,Set<String>>|true|false
04:57:41.1 (48995642)|VARIABLE_ASSIGNMENT|[151]|groupedByRole|{}|0x6ed67d09
04:57:41.1 (49015172)|STATEMENT_EXECUTE|[154]
04:57:41.1 (49017495)|STATEMENT_EXECUTE|[155]
04:57:41.1 (49045368)|VARIABLE_ASSIGNMENT|[155]|groupedByRole|{"Executive Sponsor":["00528000004d3msAAA"],"Account Manager":["00528000006B07FAAS"],"Channel Manager":["00528000006BYTIAA4"]}|0x4d732d77
04:57:41.1 (49063344)|STATEMENT_EXECUTE|[158]
04:57:41.1 (49064977)|STATEMENT_EXECUTE|[159]
04:57:41.1 (49109560)|VARIABLE_ASSIGNMENT|[159]|UserIds|["00528000006BYTIAA4"]|0x7b66a4e8
04:57:41.1 (49112681)|STATEMENT_EXECUTE|[160]
04:57:41.1 (49146415)|HEAP_ALLOCATE|[EXTERNAL]|Bytes:4
04:57:41.1 (49159091)|METHOD_ENTRY|[149]||Database.QueryLocatorIterator.hasNext()
04:57:41.1 (49171989)|METHOD_EXIT|[149]||Database.QueryLocatorIterator.hasNext()
04:57:41.1 (49180005)|VARIABLE_ASSIGNMENT|[149]|OTM|null|
04:57:41.1 (49201932)|STATEMENT_EXECUTE|[179]
04:57:41.1 (49209727)|METHOD_EXIT|[55]|01pO00000003HJI|Email_Alert_Class.getOppTeamMembers(Set<Id>)
04:57:41.1 (49214827)|VARIABLE_SCOPE_BEGIN|[55]|MapOppToOppTeamMemberGroupedByRole|Map<Id,Map<String,Set<String>>>|true|false
04:57:41.1 (49231292)|VARIABLE_ASSIGNMENT|[55]|MapOppToOppTeamMemberGroupedByRole|{"006O0000008ju1ZIAQ":{"Executive Sponsor":["00528000004d3msAAA"],"Account Manager":["00528000006B07FAAS"],"Channel Manager":["00528000006BYTIAA4","005O0000003t7anIAA"]}}|0x6df17902
04:57:41.1 (49271689)|HEAP_ALLOCATE|[57]|Bytes:5
04:57:41.1 (49283320)|HEAP_ALLOCATE|[57]|Bytes:36
04:57:41.1 (49289541)|VARIABLE_SCOPE_BEGIN|[57]|EM|Email_Alert_Class.EmailMessage|true|false
04:57:41.1 (49377521)|VARIABLE_ASSIGNMENT|[57]|EM|{"OppID":"006O0000008ju1ZIAQ","sendToAllApprovers":false,"sendToBDM":false,"sendToCentralEmailAddress":false,"sendToPDM":true,"sendToPreContractGroup":false}|0x7cfe47e
04:57:41.1 (49382245)|STATEMENT_EXECUTE|[57]
04:57:41.1 (49383433)|STATEMENT_EXECUTE|[58]
04:57:41.1 (49437362)|VARIABLE_SCOPE_BEGIN|[58]|message|Messaging.SingleEmailMessage|true|false
04:57:41.1 (49514805)|VARIABLE_ASSIGNMENT|[58]|message|"common.api.soap.wsdl.SingleEmailMessage@20d9c5df"|0x2f03120d
04:57:41.1 (49520467)|STATEMENT_EXECUTE|[59]
04:57:41.1 (49529372)|HEAP_ALLOCATE|[59]|Bytes:4
04:57:41.1 (49566034)|VARIABLE_SCOPE_BEGIN|[59]|toAddresses|Set<String>|true|false
04:57:41.1 (49580476)|VARIABLE_ASSIGNMENT|[59]|toAddresses|[]|0x872214f
04:57:41.1 (49586797)|STATEMENT_EXECUTE|[62]
04:57:41.1 (49589368)|STATEMENT_EXECUTE|[67]
04:57:41.1 (49590355)|STATEMENT_EXECUTE|[72]
04:57:41.1 (49634029)|VARIABLE_SCOPE_BEGIN|[72]|groupedByRole|Map<String,Set<String>>|true|false
04:57:41.1 (49651455)|VARIABLE_ASSIGNMENT|[72]|groupedByRole|{"Executive Sponsor":["00528000004d3msAAA"],"Account Manager":["00528000006B07FAAS"],"Channel Manager":["00528000006BYTIAA4","005O0000003t7anIAA"]}|0x4d732d77
04:57:41.1 (49655055)|STATEMENT_EXECUTE|[73]
04:57:41.1 (49787894)|HEAP_ALLOCATE|[73]|Bytes:19
04:57:41.1 (49856877)|HEAP_ALLOCATE|[73]|Bytes:136
04:57:41.1 (49880869)|HEAP_ALLOCATE|[73]|Bytes:155
04:57:41.1 (49908788)|USER_DEBUG|[73]|ERROR|*** groupedByRole: {Account Manager={00528000006B07FAAS}, Channel Manager={00528000006BYTIAA4, 005O0000003t7anIAA}, Executive Sponsor={00528000004d3msAAA}}
04:57:41.1 (49918448)|STATEMENT_EXECUTE|[76]
04:57:41.1 (49919991)|STATEMENT_EXECUTE|[77]
04:57:41.1 (49924548)|HEAP_ALLOCATE|[77]|Bytes:16
04:57:41.1 (49927964)|HEAP_ALLOCATE|[77]|Bytes:15
04:57:41.1 (49984066)|HEAP_ALLOCATE|[77]|Bytes:40
04:57:41.1 (49997337)|HEAP_ALLOCATE|[77]|Bytes:56
04:57:41.1 (50011418)|USER_DEBUG|[77]|ERROR|*** Adding PDM: {00528000006BYTIAA4, 005O0000003t7anIAA}
04:57:41.1 (50017926)|STATEMENT_EXECUTE|[78]
04:57:41.1 (50060327)|HEAP_ALLOCATE|[EXTERNAL]|Bytes:4
04:57:41.1 (50063210)|HEAP_ALLOCATE|[EXTERNAL]|Bytes:4
04:57:41.1 (50064468)|HEAP_ALLOCATE|[78]|Bytes:8
04:57:41.1 (50073313)|STATEMENT_EXECUTE|[81]
04:57:41.1 (50075852)|STATEMENT_EXECUTE|[85]
04:57:41.1 (50077874)|STATEMENT_EXECUTE|[89]
04:57:41.1 (50078793)|STATEMENT_EXECUTE|[96]
04:57:41.1 (50082719)|HEAP_ALLOCATE|[96]|Bytes:17
04:57:41.1 (50116211)|HEAP_ALLOCATE|[96]|Bytes:40
04:57:41.1 (50131666)|HEAP_ALLOCATE|[96]|Bytes:57
04:57:41.1 (50146181)|USER_DEBUG|[96]|ERROR|*** toAddresses: {00528000006BYTIAA4, 005O0000003t7anIAA}
04:57:41.1 (50151326)|STATEMENT_EXECUTE|[98]
04:57:41.1 (50158325)|HEAP_ALLOCATE|[98]|Bytes:4
04:57:41.1 (50191871)|HEAP_ALLOCATE|[98]|Bytes:8
04:57:41.1 (50231089)|HEAP_ALLOCATE|[EXTERNAL]|Bytes:12
04:57:41.1 (50275027)|STATEMENT_EXECUTE|[99]
04:57:41.1 (50277199)|STATEMENT_EXECUTE|[103]
04:57:41.1 (50310966)|STATEMENT_EXECUTE|[104]
04:57:41.1 (50316611)|HEAP_ALLOCATE|[104]|Bytes:6
04:57:41.1 (50353961)|STATEMENT_EXECUTE|[105]
04:57:41.1 (50357640)|HEAP_ALLOCATE|[105]|Bytes:25
04:57:41.1 (50378850)|STATEMENT_EXECUTE|[108]
04:57:41.1 (50417482)|HEAP_ALLOCATE|[EXTERNAL]|Bytes:4
04:57:41.1 (50434741)|HEAP_ALLOCATE|[57]|Bytes:5
04:57:41.1 (50447414)|VARIABLE_ASSIGNMENT|[57]|EM|null|
04:57:41.1 (50456417)|METHOD_EXIT|[3]|01pO00000003HJI|Email_Alert_Class.sendEmails()
04:57:41.1 (50460757)|SYSTEM_MODE_EXIT|false
04:57:41.50 (50499919)|CUMULATIVE_LIMIT_USAGE
04:57:41.50 (50499919)|LIMIT_USAGE_FOR_NS|(default)|
  Number of SOQL queries: 3 out of 100
  Number of query rows: 5 out of 50000
  Number of SOSL queries: 0 out of 20
  Number of DML statements: 0 out of 150
  Number of DML rows: 0 out of 10000
  Maximum CPU time: 0 out of 10000
  Maximum heap size: 0 out of 6000000
  Number of callouts: 0 out of 100
  Number of Email Invocations: 0 out of 10
  Number of future calls: 0 out of 50
  Number of queueable jobs added to the queue: 0 out of 50
  Number of Mobile Apex push calls: 0 out of 10

04:57:41.50 (50499919)|CUMULATIVE_LIMIT_USAGE_END

04:57:41.1 (50550279)|CODE_UNIT_FINISHED|execute_anonymous_apex
04:57:41.1 (52199702)|EXECUTION_FINISHED
