37.0 APEX_CODE,FINEST;APEX_PROFILING,FINEST;CALLOUT,INFO;DB,INFO;SYSTEM,DEBUG;VALIDATION,INFO;VISUALFORCE,INFO;WAVE,INFO;WORKFLOW,INFO
14:48:49.18 (18444212)|ENTERING_MANAGED_PKG|dlrs
14:48:49.18 (18997884)|ENTERING_MANAGED_PKG|dlrs
14:48:49.18 (20622045)|ENTERING_MANAGED_PKG|dlrs
14:48:49.18 (20679742)|ENTERING_MANAGED_PKG|dlrs
14:48:49.18 (21443736)|ENTERING_MANAGED_PKG|dlrs
14:48:49.18 (21924397)|ENTERING_MANAGED_PKG|dlrs
14:48:49.18 (38431912)|ENTERING_MANAGED_PKG|dlrs
14:48:49.18 (38785788)|ENTERING_MANAGED_PKG|dlrs
14:48:49.18 (38949415)|ENTERING_MANAGED_PKG|dlrs
14:48:49.18 (201561244)|ENTERING_MANAGED_PKG|dlrs
14:48:49.18 (201720006)|ENTERING_MANAGED_PKG|dlrs
14:48:49.18 (201779197)|ENTERING_MANAGED_PKG|dlrs
14:48:49.18 (202122239)|ENTERING_MANAGED_PKG|dlrs
14:48:49.18 (202176298)|ENTERING_MANAGED_PKG|dlrs
14:48:49.18 (205659931)|ENTERING_MANAGED_PKG|dlrs
14:48:49.18 (205762993)|ENTERING_MANAGED_PKG|dlrs
14:48:49.18 (205810784)|ENTERING_MANAGED_PKG|dlrs
14:48:49.18 (205873988)|ENTERING_MANAGED_PKG|dlrs
14:48:49.18 (205948585)|ENTERING_MANAGED_PKG|dlrs
14:48:49.18 (206026239)|ENTERING_MANAGED_PKG|dlrs
14:48:49.18 (206277025)|ENTERING_MANAGED_PKG|dlrs
14:48:49.18 (206363742)|ENTERING_MANAGED_PKG|dlrs
14:48:49.18 (206456548)|ENTERING_MANAGED_PKG|dlrs
14:48:49.18 (206516300)|ENTERING_MANAGED_PKG|dlrs
14:48:49.18 (207422601)|ENTERING_MANAGED_PKG|dlrs
14:48:49.18 (207453120)|ENTERING_MANAGED_PKG|dlrs
14:48:49.18 (207490068)|ENTERING_MANAGED_PKG|dlrs
14:48:49.18 (207602067)|ENTERING_MANAGED_PKG|dlrs
14:48:49.18 (207660453)|ENTERING_MANAGED_PKG|dlrs
14:48:49.18 (208052187)|ENTERING_MANAGED_PKG|dlrs
14:48:49.18 (208113495)|ENTERING_MANAGED_PKG|dlrs
14:48:49.18 (208156519)|ENTERING_MANAGED_PKG|dlrs
14:48:49.18 (211217252)|ENTERING_MANAGED_PKG|dlrs
14:48:49.18 (211290302)|ENTERING_MANAGED_PKG|dlrs
14:48:49.18 (212032534)|ENTERING_MANAGED_PKG|dlrs
14:48:49.18 (212083859)|ENTERING_MANAGED_PKG|dlrs
14:48:49.18 (214267193)|ENTERING_MANAGED_PKG|dlrs
14:48:49.18 (214503629)|ENTERING_MANAGED_PKG|dlrs
14:48:49.18 (214684737)|ENTERING_MANAGED_PKG|dlrs
14:48:49.18 (214764731)|ENTERING_MANAGED_PKG|dlrs
14:48:49.18 (215021243)|ENTERING_MANAGED_PKG|dlrs
14:48:49.18 (215093540)|ENTERING_MANAGED_PKG|dlrs
14:48:49.18 (215197736)|ENTERING_MANAGED_PKG|dlrs
14:48:49.18 (215323647)|ENTERING_MANAGED_PKG|dlrs
14:48:49.18 (215391712)|ENTERING_MANAGED_PKG|dlrs
14:48:49.18 (215490797)|ENTERING_MANAGED_PKG|dlrs
14:48:49.18 (215590478)|ENTERING_MANAGED_PKG|dlrs
14:48:49.18 (215715642)|ENTERING_MANAGED_PKG|dlrs
14:48:49.18 (215782297)|ENTERING_MANAGED_PKG|dlrs
14:48:49.18 (215880169)|ENTERING_MANAGED_PKG|dlrs
14:48:49.18 (215974729)|ENTERING_MANAGED_PKG|dlrs
14:48:49.18 (216068551)|ENTERING_MANAGED_PKG|dlrs
14:48:49.18 (216192219)|ENTERING_MANAGED_PKG|dlrs
14:48:49.18 (216258532)|ENTERING_MANAGED_PKG|dlrs
14:48:49.18 (216356392)|ENTERING_MANAGED_PKG|dlrs
14:48:49.18 (216451065)|ENTERING_MANAGED_PKG|dlrs
14:48:49.18 (216545321)|ENTERING_MANAGED_PKG|dlrs
14:48:49.18 (216646519)|ENTERING_MANAGED_PKG|dlrs
14:48:49.18 (216821948)|ENTERING_MANAGED_PKG|dlrs
14:48:49.18 (216907942)|ENTERING_MANAGED_PKG|dlrs
14:48:49.18 (217008042)|ENTERING_MANAGED_PKG|dlrs
14:48:49.18 (217103731)|ENTERING_MANAGED_PKG|dlrs
14:48:49.18 (217198311)|ENTERING_MANAGED_PKG|dlrs
14:48:49.18 (217292461)|ENTERING_MANAGED_PKG|dlrs
14:48:49.18 (217391612)|ENTERING_MANAGED_PKG|dlrs
14:48:49.18 (217515739)|ENTERING_MANAGED_PKG|dlrs
14:48:49.18 (217586980)|ENTERING_MANAGED_PKG|dlrs
14:48:49.18 (217685757)|ENTERING_MANAGED_PKG|dlrs
14:48:49.18 (217780553)|ENTERING_MANAGED_PKG|dlrs
14:48:49.18 (217879587)|ENTERING_MANAGED_PKG|dlrs
14:48:49.18 (217973764)|ENTERING_MANAGED_PKG|dlrs
14:48:49.18 (218067322)|ENTERING_MANAGED_PKG|dlrs
14:48:49.18 (218161166)|ENTERING_MANAGED_PKG|dlrs
14:48:49.18 (218283837)|ENTERING_MANAGED_PKG|dlrs
14:48:49.18 (218350143)|ENTERING_MANAGED_PKG|dlrs
14:48:49.18 (218448529)|ENTERING_MANAGED_PKG|dlrs
14:48:49.18 (218542428)|ENTERING_MANAGED_PKG|dlrs
14:48:49.18 (218641121)|ENTERING_MANAGED_PKG|dlrs
14:48:49.18 (218734392)|ENTERING_MANAGED_PKG|dlrs
14:48:49.18 (218833577)|ENTERING_MANAGED_PKG|dlrs
14:48:49.18 (218927829)|ENTERING_MANAGED_PKG|dlrs
14:48:49.18 (219022116)|ENTERING_MANAGED_PKG|dlrs
14:48:49.18 (219145102)|ENTERING_MANAGED_PKG|dlrs
14:48:49.18 (219212697)|ENTERING_MANAGED_PKG|dlrs
14:48:49.18 (219310745)|ENTERING_MANAGED_PKG|dlrs
14:48:49.18 (219404755)|ENTERING_MANAGED_PKG|dlrs
14:48:49.18 (219498732)|ENTERING_MANAGED_PKG|dlrs
14:48:49.18 (219596651)|ENTERING_MANAGED_PKG|dlrs
14:48:49.18 (219692106)|ENTERING_MANAGED_PKG|dlrs
14:48:49.18 (219786058)|ENTERING_MANAGED_PKG|dlrs
14:48:49.18 (219886948)|ENTERING_MANAGED_PKG|dlrs
14:48:49.18 (219980745)|ENTERING_MANAGED_PKG|dlrs
14:48:49.18 (220102464)|ENTERING_MANAGED_PKG|dlrs
14:48:49.18 (220169068)|ENTERING_MANAGED_PKG|dlrs
14:48:49.18 (220266303)|ENTERING_MANAGED_PKG|dlrs
14:48:49.18 (220360489)|ENTERING_MANAGED_PKG|dlrs
14:48:49.18 (220453951)|ENTERING_MANAGED_PKG|dlrs
14:48:49.18 (220548063)|ENTERING_MANAGED_PKG|dlrs
14:48:49.18 (220647305)|ENTERING_MANAGED_PKG|dlrs
14:48:49.18 (220741439)|ENTERING_MANAGED_PKG|dlrs
14:48:49.18 (220839769)|ENTERING_MANAGED_PKG|dlrs
14:48:49.18 (220933700)|ENTERING_MANAGED_PKG|dlrs
14:48:49.18 (221027233)|ENTERING_MANAGED_PKG|dlrs
14:48:49.18 (221150008)|ENTERING_MANAGED_PKG|dlrs
14:48:49.18 (221216596)|ENTERING_MANAGED_PKG|dlrs
14:48:49.18 (221314281)|ENTERING_MANAGED_PKG|dlrs
14:48:49.18 (221408015)|ENTERING_MANAGED_PKG|dlrs
14:48:49.18 (221501159)|ENTERING_MANAGED_PKG|dlrs
14:48:49.18 (221600001)|ENTERING_MANAGED_PKG|dlrs
14:48:49.18 (221694769)|ENTERING_MANAGED_PKG|dlrs
14:48:49.18 (221788142)|ENTERING_MANAGED_PKG|dlrs
14:48:49.18 (221888764)|ENTERING_MANAGED_PKG|dlrs
14:48:49.18 (221983385)|ENTERING_MANAGED_PKG|dlrs
14:48:49.18 (222076985)|ENTERING_MANAGED_PKG|dlrs
14:48:49.18 (222170332)|ENTERING_MANAGED_PKG|dlrs
14:48:49.18 (222291783)|ENTERING_MANAGED_PKG|dlrs
14:48:49.18 (222357245)|ENTERING_MANAGED_PKG|dlrs
14:48:49.18 (222455180)|ENTERING_MANAGED_PKG|dlrs
14:48:49.18 (222549725)|ENTERING_MANAGED_PKG|dlrs
14:48:49.18 (222649857)|ENTERING_MANAGED_PKG|dlrs
14:48:49.18 (222744683)|ENTERING_MANAGED_PKG|dlrs
14:48:49.18 (222843622)|ENTERING_MANAGED_PKG|dlrs
14:48:49.18 (222937943)|ENTERING_MANAGED_PKG|dlrs
14:48:49.18 (223031779)|ENTERING_MANAGED_PKG|dlrs
14:48:49.18 (223126950)|ENTERING_MANAGED_PKG|dlrs
14:48:49.18 (223221111)|ENTERING_MANAGED_PKG|dlrs
14:48:49.18 (223315556)|ENTERING_MANAGED_PKG|dlrs
14:48:49.18 (223409382)|ENTERING_MANAGED_PKG|dlrs
14:48:49.18 (223566439)|ENTERING_MANAGED_PKG|dlrs
14:48:49.18 (223644199)|ENTERING_MANAGED_PKG|dlrs
14:48:49.18 (223743711)|ENTERING_MANAGED_PKG|dlrs
14:48:49.18 (223860139)|ENTERING_MANAGED_PKG|dlrs
14:48:49.18 (223966700)|ENTERING_MANAGED_PKG|dlrs
14:48:49.18 (224080147)|ENTERING_MANAGED_PKG|dlrs
14:48:49.18 (224206843)|ENTERING_MANAGED_PKG|dlrs
14:48:49.18 (224302763)|ENTERING_MANAGED_PKG|dlrs
14:48:49.18 (224397068)|ENTERING_MANAGED_PKG|dlrs
14:48:49.18 (224489883)|ENTERING_MANAGED_PKG|dlrs
14:48:49.18 (224586565)|ENTERING_MANAGED_PKG|dlrs
14:48:49.18 (224683030)|ENTERING_MANAGED_PKG|dlrs
14:48:49.18 (224776812)|ENTERING_MANAGED_PKG|dlrs
14:48:49.18 (224875886)|ENTERING_MANAGED_PKG|dlrs
14:48:49.18 (225000542)|ENTERING_MANAGED_PKG|dlrs
14:48:49.18 (225068935)|ENTERING_MANAGED_PKG|dlrs
14:48:49.18 (225167610)|ENTERING_MANAGED_PKG|dlrs
14:48:49.18 (225262988)|ENTERING_MANAGED_PKG|dlrs
14:48:49.18 (225357847)|ENTERING_MANAGED_PKG|dlrs
14:48:49.18 (225451603)|ENTERING_MANAGED_PKG|dlrs
14:48:49.18 (225544767)|ENTERING_MANAGED_PKG|dlrs
14:48:49.18 (225644085)|ENTERING_MANAGED_PKG|dlrs
14:48:49.18 (225737554)|ENTERING_MANAGED_PKG|dlrs
14:48:49.18 (225837005)|ENTERING_MANAGED_PKG|dlrs
14:48:49.18 (225930714)|ENTERING_MANAGED_PKG|dlrs
14:48:49.18 (226025088)|ENTERING_MANAGED_PKG|dlrs
14:48:49.18 (226119271)|ENTERING_MANAGED_PKG|dlrs
14:48:49.18 (226212437)|ENTERING_MANAGED_PKG|dlrs
14:48:49.18 (226305944)|ENTERING_MANAGED_PKG|dlrs
14:48:49.18 (226429062)|ENTERING_MANAGED_PKG|dlrs
14:48:49.18 (226495857)|ENTERING_MANAGED_PKG|dlrs
14:48:49.18 (226597786)|ENTERING_MANAGED_PKG|dlrs
14:48:49.18 (226694233)|ENTERING_MANAGED_PKG|dlrs
14:48:49.18 (226788165)|ENTERING_MANAGED_PKG|dlrs
14:48:49.18 (226887652)|ENTERING_MANAGED_PKG|dlrs
14:48:49.18 (226980677)|ENTERING_MANAGED_PKG|dlrs
14:48:49.18 (227074307)|ENTERING_MANAGED_PKG|dlrs
14:48:49.18 (227169116)|ENTERING_MANAGED_PKG|dlrs
14:48:49.18 (227262680)|ENTERING_MANAGED_PKG|dlrs
14:48:49.18 (227355590)|ENTERING_MANAGED_PKG|dlrs
14:48:49.18 (227449538)|ENTERING_MANAGED_PKG|dlrs
14:48:49.18 (227542910)|ENTERING_MANAGED_PKG|dlrs
14:48:49.18 (227641782)|ENTERING_MANAGED_PKG|dlrs
14:48:49.18 (227735897)|ENTERING_MANAGED_PKG|dlrs
14:48:49.18 (227835479)|ENTERING_MANAGED_PKG|dlrs
14:48:49.18 (227958492)|ENTERING_MANAGED_PKG|dlrs
14:48:49.18 (228025004)|ENTERING_MANAGED_PKG|dlrs
14:48:49.18 (228124667)|ENTERING_MANAGED_PKG|dlrs
14:48:49.18 (228218706)|ENTERING_MANAGED_PKG|dlrs
14:48:49.18 (228312106)|ENTERING_MANAGED_PKG|dlrs
14:48:49.18 (228405475)|ENTERING_MANAGED_PKG|dlrs
14:48:49.18 (228499070)|ENTERING_MANAGED_PKG|dlrs
14:48:49.18 (228596666)|ENTERING_MANAGED_PKG|dlrs
14:48:49.18 (228691377)|ENTERING_MANAGED_PKG|dlrs
14:48:49.18 (228785701)|ENTERING_MANAGED_PKG|dlrs
14:48:49.18 (228885268)|ENTERING_MANAGED_PKG|dlrs
14:48:49.18 (228979021)|ENTERING_MANAGED_PKG|dlrs
14:48:49.18 (229073201)|ENTERING_MANAGED_PKG|dlrs
14:48:49.18 (229166507)|ENTERING_MANAGED_PKG|dlrs
14:48:49.18 (229259213)|ENTERING_MANAGED_PKG|dlrs
14:48:49.18 (229352086)|ENTERING_MANAGED_PKG|dlrs
14:48:49.18 (229445999)|ENTERING_MANAGED_PKG|dlrs
14:48:49.18 (229569024)|ENTERING_MANAGED_PKG|dlrs
14:48:49.18 (229667653)|ENTERING_MANAGED_PKG|dlrs
14:48:49.18 (229794743)|ENTERING_MANAGED_PKG|dlrs
14:48:49.18 (229895671)|ENTERING_MANAGED_PKG|dlrs
14:48:49.18 (229990435)|ENTERING_MANAGED_PKG|dlrs
14:48:49.18 (230085279)|ENTERING_MANAGED_PKG|dlrs
14:48:49.18 (230180691)|ENTERING_MANAGED_PKG|dlrs
14:48:49.18 (230274356)|ENTERING_MANAGED_PKG|dlrs
14:48:49.18 (230368048)|ENTERING_MANAGED_PKG|dlrs
14:48:49.18 (230461538)|ENTERING_MANAGED_PKG|dlrs
14:48:49.18 (230556231)|ENTERING_MANAGED_PKG|dlrs
14:48:49.18 (230655731)|ENTERING_MANAGED_PKG|dlrs
14:48:49.18 (230749765)|ENTERING_MANAGED_PKG|dlrs
14:48:49.18 (230850320)|ENTERING_MANAGED_PKG|dlrs
14:48:49.18 (230944582)|ENTERING_MANAGED_PKG|dlrs
14:48:49.18 (231040071)|ENTERING_MANAGED_PKG|dlrs
14:48:49.18 (231134338)|ENTERING_MANAGED_PKG|dlrs
14:48:49.18 (231227981)|ENTERING_MANAGED_PKG|dlrs
14:48:49.18 (231350615)|ENTERING_MANAGED_PKG|dlrs
14:48:49.18 (231418779)|ENTERING_MANAGED_PKG|dlrs
14:48:49.18 (231518236)|ENTERING_MANAGED_PKG|dlrs
14:48:49.18 (231618778)|ENTERING_MANAGED_PKG|dlrs
14:48:49.18 (231713501)|ENTERING_MANAGED_PKG|dlrs
14:48:49.18 (231812177)|ENTERING_MANAGED_PKG|dlrs
14:48:49.18 (231907763)|ENTERING_MANAGED_PKG|dlrs
14:48:49.18 (232002041)|ENTERING_MANAGED_PKG|dlrs
14:48:49.18 (232096401)|ENTERING_MANAGED_PKG|dlrs
14:48:49.18 (232190744)|ENTERING_MANAGED_PKG|dlrs
14:48:49.18 (232284457)|ENTERING_MANAGED_PKG|dlrs
14:48:49.18 (232377476)|ENTERING_MANAGED_PKG|dlrs
14:48:49.18 (232471343)|ENTERING_MANAGED_PKG|dlrs
14:48:49.18 (232564328)|ENTERING_MANAGED_PKG|dlrs
14:48:49.18 (232663592)|ENTERING_MANAGED_PKG|dlrs
14:48:49.18 (232757284)|ENTERING_MANAGED_PKG|dlrs
14:48:49.18 (232856682)|ENTERING_MANAGED_PKG|dlrs
14:48:49.18 (232951228)|ENTERING_MANAGED_PKG|dlrs
14:48:49.18 (233045490)|ENTERING_MANAGED_PKG|dlrs
14:48:49.18 (233170001)|ENTERING_MANAGED_PKG|dlrs
14:48:49.18 (233237818)|ENTERING_MANAGED_PKG|dlrs
14:48:49.18 (233335361)|ENTERING_MANAGED_PKG|dlrs
14:48:49.18 (233429894)|ENTERING_MANAGED_PKG|dlrs
14:48:49.18 (233524093)|ENTERING_MANAGED_PKG|dlrs
14:48:49.18 (233630224)|ENTERING_MANAGED_PKG|dlrs
14:48:49.18 (233727803)|ENTERING_MANAGED_PKG|dlrs
14:48:49.18 (233827682)|ENTERING_MANAGED_PKG|dlrs
14:48:49.18 (233922324)|ENTERING_MANAGED_PKG|dlrs
14:48:49.18 (234016188)|ENTERING_MANAGED_PKG|dlrs
14:48:49.18 (234110669)|ENTERING_MANAGED_PKG|dlrs
14:48:49.18 (234203874)|ENTERING_MANAGED_PKG|dlrs
14:48:49.18 (234297533)|ENTERING_MANAGED_PKG|dlrs
14:48:49.18 (234390729)|ENTERING_MANAGED_PKG|dlrs
14:48:49.18 (234484018)|ENTERING_MANAGED_PKG|dlrs
14:48:49.18 (234577614)|ENTERING_MANAGED_PKG|dlrs
14:48:49.18 (234676500)|ENTERING_MANAGED_PKG|dlrs
14:48:49.18 (234770477)|ENTERING_MANAGED_PKG|dlrs
14:48:49.18 (234901815)|ENTERING_MANAGED_PKG|dlrs
14:48:49.18 (235023475)|ENTERING_MANAGED_PKG|dlrs
14:48:49.18 (235151106)|ENTERING_MANAGED_PKG|dlrs
14:48:49.18 (235221205)|ENTERING_MANAGED_PKG|dlrs
14:48:49.18 (235318719)|ENTERING_MANAGED_PKG|dlrs
14:48:49.18 (235412627)|ENTERING_MANAGED_PKG|dlrs
14:48:49.18 (235505787)|ENTERING_MANAGED_PKG|dlrs
14:48:49.18 (235604712)|ENTERING_MANAGED_PKG|dlrs
14:48:49.18 (235699314)|ENTERING_MANAGED_PKG|dlrs
14:48:49.18 (235794602)|ENTERING_MANAGED_PKG|dlrs
14:48:49.18 (235893003)|ENTERING_MANAGED_PKG|dlrs
14:48:49.18 (235986647)|ENTERING_MANAGED_PKG|dlrs
14:48:49.18 (236080170)|ENTERING_MANAGED_PKG|dlrs
14:48:49.18 (236174530)|ENTERING_MANAGED_PKG|dlrs
14:48:49.18 (256213974)|ENTERING_MANAGED_PKG|dlrs
14:48:49.18 (256327595)|ENTERING_MANAGED_PKG|dlrs
14:48:49.18 (256427890)|ENTERING_MANAGED_PKG|dlrs
14:48:49.18 (256548431)|ENTERING_MANAGED_PKG|dlrs
14:48:49.18 (256706816)|ENTERING_MANAGED_PKG|dlrs
14:48:49.18 (256882177)|ENTERING_MANAGED_PKG|dlrs
14:48:49.18 (257057905)|ENTERING_MANAGED_PKG|dlrs
14:48:49.18 (257244230)|ENTERING_MANAGED_PKG|dlrs
14:48:49.18 (257348887)|ENTERING_MANAGED_PKG|dlrs
14:48:49.18 (257523351)|ENTERING_MANAGED_PKG|dlrs
14:48:49.18 (257740119)|ENTERING_MANAGED_PKG|dlrs
14:48:49.18 (257795195)|ENTERING_MANAGED_PKG|dlrs
14:48:49.18 (257839574)|ENTERING_MANAGED_PKG|dlrs
14:48:49.18 (259216056)|ENTERING_MANAGED_PKG|dlrs
14:48:49.18 (259243837)|ENTERING_MANAGED_PKG|dlrs
14:48:49.18 (259263244)|ENTERING_MANAGED_PKG|dlrs
14:48:49.18 (259443979)|ENTERING_MANAGED_PKG|dlrs
14:48:49.18 (259501377)|ENTERING_MANAGED_PKG|dlrs
14:48:49.18 (259559469)|ENTERING_MANAGED_PKG|dlrs
14:48:49.18 (259656697)|ENTERING_MANAGED_PKG|dlrs
14:48:49.18 (259674931)|ENTERING_MANAGED_PKG|dlrs
14:48:49.18 (259754219)|ENTERING_MANAGED_PKG|dlrs
14:48:49.18 (259778231)|ENTERING_MANAGED_PKG|dlrs
14:48:49.18 (260336618)|ENTERING_MANAGED_PKG|dlrs
14:48:49.18 (260363615)|ENTERING_MANAGED_PKG|dlrs
14:48:49.18 (260706870)|ENTERING_MANAGED_PKG|dlrs
14:48:49.18 (261829318)|ENTERING_MANAGED_PKG|dlrs
14:48:49.18 (261870941)|ENTERING_MANAGED_PKG|dlrs
14:48:49.18 (262300656)|ENTERING_MANAGED_PKG|dlrs
14:48:49.18 (262351535)|ENTERING_MANAGED_PKG|dlrs
14:48:49.18 (262417332)|ENTERING_MANAGED_PKG|dlrs
14:48:49.18 (262438381)|ENTERING_MANAGED_PKG|dlrs
14:48:49.18 (262448890)|ENTERING_MANAGED_PKG|dlrs
14:48:49.18 (262531474)|ENTERING_MANAGED_PKG|dlrs
14:48:49.18 (262547668)|ENTERING_MANAGED_PKG|dlrs
14:48:49.18 (262572290)|ENTERING_MANAGED_PKG|dlrs
14:48:49.18 (262635932)|ENTERING_MANAGED_PKG|dlrs
14:48:49.18 (262661053)|ENTERING_MANAGED_PKG|dlrs
14:48:49.18 (262836976)|ENTERING_MANAGED_PKG|dlrs
14:48:49.18 (262929310)|ENTERING_MANAGED_PKG|dlrs
14:48:49.18 (262946335)|ENTERING_MANAGED_PKG|dlrs
14:48:49.18 (263076908)|ENTERING_MANAGED_PKG|dlrs
14:48:49.18 (263132277)|ENTERING_MANAGED_PKG|dlrs
14:48:49.18 (263161725)|ENTERING_MANAGED_PKG|dlrs
14:48:49.18 (263462729)|ENTERING_MANAGED_PKG|dlrs
14:48:49.18 (263625105)|ENTERING_MANAGED_PKG|dlrs
14:48:49.18 (263925247)|ENTERING_MANAGED_PKG|dlrs
14:48:49.18 (264022400)|ENTERING_MANAGED_PKG|dlrs
14:48:49.18 (264204442)|ENTERING_MANAGED_PKG|dlrs
14:48:49.18 (264307817)|ENTERING_MANAGED_PKG|dlrs
14:48:49.18 (264486174)|ENTERING_MANAGED_PKG|dlrs
14:48:49.18 (264580021)|ENTERING_MANAGED_PKG|dlrs
14:48:49.18 (264875693)|ENTERING_MANAGED_PKG|dlrs
14:48:49.18 (264971562)|ENTERING_MANAGED_PKG|dlrs
14:48:49.18 (265234394)|ENTERING_MANAGED_PKG|dlrs
14:48:49.18 (265416142)|ENTERING_MANAGED_PKG|dlrs
14:48:49.18 (265681134)|ENTERING_MANAGED_PKG|dlrs
14:48:49.18 (265777833)|ENTERING_MANAGED_PKG|dlrs
14:48:49.18 (266035509)|ENTERING_MANAGED_PKG|dlrs
14:48:49.18 (266132273)|ENTERING_MANAGED_PKG|dlrs
14:48:49.18 (266389395)|ENTERING_MANAGED_PKG|dlrs
14:48:49.18 (266485957)|ENTERING_MANAGED_PKG|dlrs
14:48:49.18 (266748604)|ENTERING_MANAGED_PKG|dlrs
14:48:49.18 (266845151)|ENTERING_MANAGED_PKG|dlrs
14:48:49.18 (267017949)|ENTERING_MANAGED_PKG|dlrs
14:48:49.18 (267196641)|ENTERING_MANAGED_PKG|dlrs
14:48:49.18 (267452809)|ENTERING_MANAGED_PKG|dlrs
14:48:49.18 (267548456)|ENTERING_MANAGED_PKG|dlrs
14:48:49.18 (267810512)|ENTERING_MANAGED_PKG|dlrs
14:48:49.18 (267907862)|ENTERING_MANAGED_PKG|dlrs
14:48:49.18 (268165373)|ENTERING_MANAGED_PKG|dlrs
14:48:49.18 (268261716)|ENTERING_MANAGED_PKG|dlrs
14:48:49.18 (268431268)|ENTERING_MANAGED_PKG|dlrs
14:48:49.18 (268526282)|ENTERING_MANAGED_PKG|dlrs
14:48:49.18 (268788284)|ENTERING_MANAGED_PKG|dlrs
14:48:49.18 (268969239)|ENTERING_MANAGED_PKG|dlrs
14:48:49.18 (269226090)|ENTERING_MANAGED_PKG|dlrs
14:48:49.18 (269330723)|ENTERING_MANAGED_PKG|dlrs
14:48:49.18 (269593385)|ENTERING_MANAGED_PKG|dlrs
14:48:49.18 (269691610)|ENTERING_MANAGED_PKG|dlrs
14:48:49.18 (269863046)|ENTERING_MANAGED_PKG|dlrs
14:48:49.18 (269957162)|ENTERING_MANAGED_PKG|dlrs
14:48:49.18 (270211986)|ENTERING_MANAGED_PKG|dlrs
14:48:49.18 (270309248)|ENTERING_MANAGED_PKG|dlrs
14:48:49.18 (270479132)|ENTERING_MANAGED_PKG|dlrs
14:48:49.18 (270574402)|ENTERING_MANAGED_PKG|dlrs
14:48:49.18 (270750586)|ENTERING_MANAGED_PKG|dlrs
14:48:49.18 (270845708)|ENTERING_MANAGED_PKG|dlrs
14:48:49.18 (271102426)|ENTERING_MANAGED_PKG|dlrs
14:48:49.18 (271199117)|ENTERING_MANAGED_PKG|dlrs
14:48:49.18 (271369053)|ENTERING_MANAGED_PKG|dlrs
14:48:49.18 (271463283)|ENTERING_MANAGED_PKG|dlrs
14:48:49.18 (271636975)|ENTERING_MANAGED_PKG|dlrs
14:48:49.18 (271732379)|ENTERING_MANAGED_PKG|dlrs
14:48:49.18 (271902506)|ENTERING_MANAGED_PKG|dlrs
14:48:49.18 (271996948)|ENTERING_MANAGED_PKG|dlrs
14:48:49.18 (272257758)|ENTERING_MANAGED_PKG|dlrs
14:48:49.18 (272354237)|ENTERING_MANAGED_PKG|dlrs
14:48:49.18 (272524499)|ENTERING_MANAGED_PKG|dlrs
14:48:49.18 (272622747)|ENTERING_MANAGED_PKG|dlrs
14:48:49.18 (272792380)|ENTERING_MANAGED_PKG|dlrs
14:48:49.18 (272887803)|ENTERING_MANAGED_PKG|dlrs
14:48:49.18 (273056954)|ENTERING_MANAGED_PKG|dlrs
14:48:49.18 (273154000)|ENTERING_MANAGED_PKG|dlrs
14:48:49.18 (273323490)|ENTERING_MANAGED_PKG|dlrs
14:48:49.18 (273417893)|ENTERING_MANAGED_PKG|dlrs
14:48:49.18 (273591255)|ENTERING_MANAGED_PKG|dlrs
14:48:49.18 (273687616)|ENTERING_MANAGED_PKG|dlrs
14:48:49.18 (273857248)|ENTERING_MANAGED_PKG|dlrs
14:48:49.18 (273951612)|ENTERING_MANAGED_PKG|dlrs
14:48:49.18 (274121857)|ENTERING_MANAGED_PKG|dlrs
14:48:49.18 (274217916)|ENTERING_MANAGED_PKG|dlrs
14:48:49.18 (274386714)|ENTERING_MANAGED_PKG|dlrs
14:48:49.18 (274482776)|ENTERING_MANAGED_PKG|dlrs
14:48:49.18 (274656778)|ENTERING_MANAGED_PKG|dlrs
14:48:49.18 (274753077)|ENTERING_MANAGED_PKG|dlrs
14:48:49.18 (274920746)|ENTERING_MANAGED_PKG|dlrs
14:48:49.18 (275015303)|ENTERING_MANAGED_PKG|dlrs
14:48:49.18 (275187091)|ENTERING_MANAGED_PKG|dlrs
14:48:49.18 (275282478)|ENTERING_MANAGED_PKG|dlrs
14:48:49.18 (275452686)|ENTERING_MANAGED_PKG|dlrs
14:48:49.18 (275612412)|ENTERING_MANAGED_PKG|dlrs
14:48:49.18 (275823182)|ENTERING_MANAGED_PKG|dlrs
14:48:49.18 (275928963)|ENTERING_MANAGED_PKG|dlrs
14:48:49.18 (276098932)|ENTERING_MANAGED_PKG|dlrs
14:48:49.18 (276194161)|ENTERING_MANAGED_PKG|dlrs
14:48:49.18 (276362894)|ENTERING_MANAGED_PKG|dlrs
14:48:49.18 (276457968)|ENTERING_MANAGED_PKG|dlrs
14:48:49.18 (276631648)|ENTERING_MANAGED_PKG|dlrs
14:48:49.18 (276727211)|ENTERING_MANAGED_PKG|dlrs
14:48:49.18 (276900733)|ENTERING_MANAGED_PKG|dlrs
14:48:49.18 (276996236)|ENTERING_MANAGED_PKG|dlrs
14:48:49.18 (277166075)|ENTERING_MANAGED_PKG|dlrs
14:48:49.18 (277262758)|ENTERING_MANAGED_PKG|dlrs
14:48:49.18 (277431187)|ENTERING_MANAGED_PKG|dlrs
14:48:49.18 (277526396)|ENTERING_MANAGED_PKG|dlrs
14:48:49.18 (277700784)|ENTERING_MANAGED_PKG|dlrs
14:48:49.18 (277799705)|ENTERING_MANAGED_PKG|dlrs
14:48:49.18 (277972321)|ENTERING_MANAGED_PKG|dlrs
14:48:49.18 (278066432)|ENTERING_MANAGED_PKG|dlrs
14:48:49.18 (278237834)|ENTERING_MANAGED_PKG|dlrs
14:48:49.18 (278333562)|ENTERING_MANAGED_PKG|dlrs
14:48:49.18 (278502810)|ENTERING_MANAGED_PKG|dlrs
14:48:49.18 (278601801)|ENTERING_MANAGED_PKG|dlrs
14:48:49.18 (278771093)|ENTERING_MANAGED_PKG|dlrs
14:48:49.18 (278870315)|ENTERING_MANAGED_PKG|dlrs
14:48:49.18 (282724540)|ENTERING_MANAGED_PKG|dlrs
14:48:49.18 (283051232)|ENTERING_MANAGED_PKG|dlrs
14:48:49.18 (284367848)|SOQL_EXECUTE_BEGIN|[245]|Aggregations:0|SELECT DeveloperName, Id, Label, dlrs__Active__c, dlrs__AggregateAllRows__c, dlrs__AggregateOperation__c, dlrs__AggregateResultField__c, dlrs__CalculationMode__c, dlrs__CalculationSharingMode__c, dlrs__ChildObject__c, dlrs__ConcatenateDelimiter__c, dlrs__Description__c, dlrs__FieldToAggregate__c, dlrs__FieldToOrderBy__c, dlrs__ParentObject__c, dlrs__RelationshipCriteriaFields__c, dlrs__RelationshipCriteria__c, dlrs__RelationshipField__c, dlrs__RowLimit__c, dlrs__TestCodeSeeAllData__c, dlrs__TestCode__c FROM dlrs__LookupRollupSummary2__mdt WHERE id in :idSet ORDER BY DeveloperName ASC NULLS FIRST 
14:48:49.18 (288893519)|SOQL_EXECUTE_END|[245]|Rows:1
14:48:49.18 (290334267)|ENTERING_MANAGED_PKG|dlrs
14:48:49.18 (290372722)|ENTERING_MANAGED_PKG|dlrs
14:48:49.18 (290796285)|ENTERING_MANAGED_PKG|dlrs
14:48:49.18 (290867475)|ENTERING_MANAGED_PKG|dlrs
14:48:49.18 (290971048)|ENTERING_MANAGED_PKG|dlrs
14:48:49.18 (291060520)|ENTERING_MANAGED_PKG|dlrs
14:48:49.18 (291105287)|ENTERING_MANAGED_PKG|dlrs
14:48:49.18 (291139896)|ENTERING_MANAGED_PKG|dlrs
14:48:49.18 (291170210)|ENTERING_MANAGED_PKG|dlrs
14:48:49.18 (293819391)|ENTERING_MANAGED_PKG|dlrs
14:48:49.18 (293886183)|ENTERING_MANAGED_PKG|dlrs
14:48:49.18 (293924842)|ENTERING_MANAGED_PKG|dlrs
14:48:49.18 (293971470)|ENTERING_MANAGED_PKG|dlrs
14:48:49.18 (294007200)|ENTERING_MANAGED_PKG|dlrs
14:48:49.18 (294053131)|ENTERING_MANAGED_PKG|dlrs
14:48:49.18 (294088569)|ENTERING_MANAGED_PKG|dlrs
14:48:49.18 (294131884)|ENTERING_MANAGED_PKG|dlrs
14:48:49.18 (294166558)|ENTERING_MANAGED_PKG|dlrs
14:48:49.18 (294214507)|ENTERING_MANAGED_PKG|dlrs
14:48:49.18 (294249682)|ENTERING_MANAGED_PKG|dlrs
14:48:49.18 (294292838)|ENTERING_MANAGED_PKG|dlrs
14:48:49.18 (294328172)|ENTERING_MANAGED_PKG|dlrs
14:48:49.18 (294371684)|ENTERING_MANAGED_PKG|dlrs
14:48:49.18 (294406395)|ENTERING_MANAGED_PKG|dlrs
14:48:49.18 (294451250)|ENTERING_MANAGED_PKG|dlrs
14:48:49.18 (294486496)|ENTERING_MANAGED_PKG|dlrs
14:48:49.18 (294535032)|ENTERING_MANAGED_PKG|dlrs
14:48:49.18 (294572436)|ENTERING_MANAGED_PKG|dlrs
14:48:49.18 (294617164)|ENTERING_MANAGED_PKG|dlrs
14:48:49.18 (294652632)|ENTERING_MANAGED_PKG|dlrs
14:48:49.18 (294714927)|ENTERING_MANAGED_PKG|dlrs
14:48:49.18 (294745790)|ENTERING_MANAGED_PKG|dlrs
14:48:49.18 (294782907)|ENTERING_MANAGED_PKG|dlrs
14:48:49.18 (294806644)|ENTERING_MANAGED_PKG|dlrs
14:48:49.18 (294836895)|ENTERING_MANAGED_PKG|dlrs
14:48:49.18 (294859463)|ENTERING_MANAGED_PKG|dlrs
14:48:49.18 (294898185)|ENTERING_MANAGED_PKG|dlrs
14:48:49.18 (294922017)|ENTERING_MANAGED_PKG|dlrs
14:48:49.18 (294952073)|ENTERING_MANAGED_PKG|dlrs
14:48:49.18 (294974331)|ENTERING_MANAGED_PKG|dlrs
14:48:49.18 (295002972)|ENTERING_MANAGED_PKG|dlrs
14:48:49.18 (295025446)|ENTERING_MANAGED_PKG|dlrs
14:48:49.18 (295053449)|ENTERING_MANAGED_PKG|dlrs
14:48:49.18 (295087266)|ENTERING_MANAGED_PKG|dlrs
14:48:49.18 (295139415)|ENTERING_MANAGED_PKG|dlrs
14:48:49.18 (295191452)|ENTERING_MANAGED_PKG|dlrs
14:48:49.18 (295298670)|ENTERING_MANAGED_PKG|dlrs
14:48:49.18 (295321350)|ENTERING_MANAGED_PKG|dlrs
14:48:49.18 (315075018)|ENTERING_MANAGED_PKG|dlrs
14:48:49.18 (315124441)|ENTERING_MANAGED_PKG|dlrs
14:48:49.18 (315143824)|ENTERING_MANAGED_PKG|dlrs
14:48:49.18 (315163221)|ENTERING_MANAGED_PKG|dlrs
14:48:49.18 (315184945)|ENTERING_MANAGED_PKG|dlrs
14:48:49.18 (315291826)|ENTERING_MANAGED_PKG|dlrs
14:48:49.18 (315316415)|ENTERING_MANAGED_PKG|dlrs
14:48:49.18 (315344762)|ENTERING_MANAGED_PKG|dlrs
14:48:49.18 (315369083)|ENTERING_MANAGED_PKG|dlrs
14:48:49.18 (315384432)|ENTERING_MANAGED_PKG|dlrs
14:48:49.18 (315448706)|ENTERING_MANAGED_PKG|dlrs
14:48:49.18 (315490509)|ENTERING_MANAGED_PKG|dlrs
14:48:49.18 (315564745)|ENTERING_MANAGED_PKG|dlrs
14:48:49.18 (315593487)|ENTERING_MANAGED_PKG|dlrs
14:48:49.18 (315604388)|ENTERING_MANAGED_PKG|dlrs
14:48:49.18 (315616380)|ENTERING_MANAGED_PKG|dlrs
14:48:49.18 (315695148)|ENTERING_MANAGED_PKG|dlrs
14:48:49.18 (315719144)|ENTERING_MANAGED_PKG|dlrs
14:48:49.18 (316343413)|ENTERING_MANAGED_PKG|dlrs
14:48:49.18 (316428328)|ENTERING_MANAGED_PKG|dlrs
14:48:49.18 (316534898)|ENTERING_MANAGED_PKG|dlrs
14:48:49.18 (316606608)|ENTERING_MANAGED_PKG|dlrs
14:48:49.18 (316770052)|ENTERING_MANAGED_PKG|dlrs
14:48:49.18 (316838354)|ENTERING_MANAGED_PKG|dlrs
14:48:49.18 (316948158)|ENTERING_MANAGED_PKG|dlrs
14:48:49.18 (317073896)|ENTERING_MANAGED_PKG|dlrs
14:48:49.18 (317142638)|ENTERING_MANAGED_PKG|dlrs
14:48:49.18 (317241964)|ENTERING_MANAGED_PKG|dlrs
14:48:49.18 (317336589)|ENTERING_MANAGED_PKG|dlrs
14:48:49.18 (317459349)|ENTERING_MANAGED_PKG|dlrs
14:48:49.18 (317527066)|ENTERING_MANAGED_PKG|dlrs
14:48:49.18 (317676181)|ENTERING_MANAGED_PKG|dlrs
14:48:49.18 (317792607)|ENTERING_MANAGED_PKG|dlrs
14:48:49.18 (317891938)|ENTERING_MANAGED_PKG|dlrs
14:48:49.18 (318017958)|ENTERING_MANAGED_PKG|dlrs
14:48:49.18 (318087576)|ENTERING_MANAGED_PKG|dlrs
14:48:49.18 (318229403)|ENTERING_MANAGED_PKG|dlrs
14:48:49.18 (318397825)|ENTERING_MANAGED_PKG|dlrs
14:48:49.18 (318570529)|ENTERING_MANAGED_PKG|dlrs
14:48:49.18 (318674858)|ENTERING_MANAGED_PKG|dlrs
14:48:49.18 (318816167)|ENTERING_MANAGED_PKG|dlrs
14:48:49.18 (318930334)|ENTERING_MANAGED_PKG|dlrs
14:48:49.18 (319096681)|ENTERING_MANAGED_PKG|dlrs
14:48:49.18 (319269911)|ENTERING_MANAGED_PKG|dlrs
14:48:49.18 (319446431)|ENTERING_MANAGED_PKG|dlrs
14:48:49.18 (319549171)|ENTERING_MANAGED_PKG|dlrs
14:48:49.18 (319644089)|ENTERING_MANAGED_PKG|dlrs
14:48:49.18 (319775609)|ENTERING_MANAGED_PKG|dlrs
14:48:49.18 (319845465)|ENTERING_MANAGED_PKG|dlrs
14:48:49.18 (319951316)|ENTERING_MANAGED_PKG|dlrs
14:48:49.18 (320046101)|ENTERING_MANAGED_PKG|dlrs
14:48:49.18 (320141037)|ENTERING_MANAGED_PKG|dlrs
14:48:49.18 (320234439)|ENTERING_MANAGED_PKG|dlrs
14:48:49.18 (320327922)|ENTERING_MANAGED_PKG|dlrs
14:48:49.18 (320421329)|ENTERING_MANAGED_PKG|dlrs
14:48:49.18 (320543953)|ENTERING_MANAGED_PKG|dlrs
14:48:49.18 (320611453)|ENTERING_MANAGED_PKG|dlrs
14:48:49.18 (320715716)|ENTERING_MANAGED_PKG|dlrs
14:48:49.18 (320811150)|ENTERING_MANAGED_PKG|dlrs
14:48:49.18 (320909522)|ENTERING_MANAGED_PKG|dlrs
14:48:49.18 (321003626)|ENTERING_MANAGED_PKG|dlrs
14:48:49.18 (321098099)|ENTERING_MANAGED_PKG|dlrs
14:48:49.18 (321192766)|ENTERING_MANAGED_PKG|dlrs
14:48:49.18 (321361616)|ENTERING_MANAGED_PKG|dlrs
14:48:49.18 (321562149)|ENTERING_MANAGED_PKG|dlrs
14:48:49.18 (321658811)|ENTERING_MANAGED_PKG|dlrs
14:48:49.18 (321791424)|ENTERING_MANAGED_PKG|dlrs
14:48:49.18 (321958037)|ENTERING_MANAGED_PKG|dlrs
14:48:49.18 (322137972)|ENTERING_MANAGED_PKG|dlrs
14:48:49.18 (322305246)|ENTERING_MANAGED_PKG|dlrs
14:48:49.18 (322482400)|ENTERING_MANAGED_PKG|dlrs
14:48:49.18 (322652626)|ENTERING_MANAGED_PKG|dlrs
14:48:49.18 (322790323)|ENTERING_MANAGED_PKG|dlrs
14:48:49.18 (322890596)|ENTERING_MANAGED_PKG|dlrs
14:48:49.18 (323018519)|ENTERING_MANAGED_PKG|dlrs
14:48:49.18 (323089259)|ENTERING_MANAGED_PKG|dlrs
14:48:49.18 (323187462)|ENTERING_MANAGED_PKG|dlrs
14:48:49.18 (323281968)|ENTERING_MANAGED_PKG|dlrs
14:48:49.18 (323377827)|ENTERING_MANAGED_PKG|dlrs
14:48:49.18 (323471701)|ENTERING_MANAGED_PKG|dlrs
14:48:49.18 (323565827)|ENTERING_MANAGED_PKG|dlrs
14:48:49.18 (323659712)|ENTERING_MANAGED_PKG|dlrs
14:48:49.18 (323760357)|ENTERING_MANAGED_PKG|dlrs
14:48:49.18 (323855298)|ENTERING_MANAGED_PKG|dlrs
14:48:49.18 (323996423)|ENTERING_MANAGED_PKG|dlrs
14:48:49.18 (324158192)|ENTERING_MANAGED_PKG|dlrs
14:48:49.18 (324229623)|ENTERING_MANAGED_PKG|dlrs
14:48:49.18 (324357691)|ENTERING_MANAGED_PKG|dlrs
14:48:49.18 (324534575)|ENTERING_MANAGED_PKG|dlrs
14:48:49.18 (324712009)|ENTERING_MANAGED_PKG|dlrs
14:48:49.18 (324878718)|ENTERING_MANAGED_PKG|dlrs
14:48:49.18 (325046640)|ENTERING_MANAGED_PKG|dlrs
14:48:49.18 (325216456)|ENTERING_MANAGED_PKG|dlrs
14:48:49.18 (325376634)|ENTERING_MANAGED_PKG|dlrs
14:48:49.18 (325541487)|ENTERING_MANAGED_PKG|dlrs
14:48:49.18 (325711711)|ENTERING_MANAGED_PKG|dlrs
14:48:49.18 (325878021)|ENTERING_MANAGED_PKG|dlrs
14:48:49.18 (326112465)|ENTERING_MANAGED_PKG|dlrs
14:48:49.18 (326228437)|ENTERING_MANAGED_PKG|dlrs
14:48:49.18 (326395620)|ENTERING_MANAGED_PKG|dlrs
14:48:49.18 (326560357)|ENTERING_MANAGED_PKG|dlrs
14:48:49.18 (326733821)|ENTERING_MANAGED_PKG|dlrs
14:48:49.18 (326902899)|ENTERING_MANAGED_PKG|dlrs
14:48:49.18 (327067269)|ENTERING_MANAGED_PKG|dlrs
14:48:49.18 (327230338)|ENTERING_MANAGED_PKG|dlrs
14:48:49.18 (327391637)|ENTERING_MANAGED_PKG|dlrs
14:48:49.18 (327555173)|ENTERING_MANAGED_PKG|dlrs
14:48:49.18 (327724451)|ENTERING_MANAGED_PKG|dlrs
14:48:49.18 (327897581)|ENTERING_MANAGED_PKG|dlrs
14:48:49.18 (328068394)|ENTERING_MANAGED_PKG|dlrs
14:48:49.18 (328292042)|ENTERING_MANAGED_PKG|dlrs
14:48:49.18 (328408294)|ENTERING_MANAGED_PKG|dlrs
14:48:49.18 (328572054)|ENTERING_MANAGED_PKG|dlrs
14:48:49.18 (328741967)|ENTERING_MANAGED_PKG|dlrs
14:48:49.18 (328916647)|ENTERING_MANAGED_PKG|dlrs
14:48:49.18 (329095866)|ENTERING_MANAGED_PKG|dlrs
14:48:49.18 (329274151)|ENTERING_MANAGED_PKG|dlrs
14:48:49.18 (329445652)|ENTERING_MANAGED_PKG|dlrs
14:48:49.18 (329614332)|ENTERING_MANAGED_PKG|dlrs
14:48:49.18 (329790591)|ENTERING_MANAGED_PKG|dlrs
14:48:49.18 (329959410)|ENTERING_MANAGED_PKG|dlrs
14:48:49.18 (330126863)|ENTERING_MANAGED_PKG|dlrs
14:48:49.18 (330296275)|ENTERING_MANAGED_PKG|dlrs
14:48:49.18 (330467855)|ENTERING_MANAGED_PKG|dlrs
14:48:49.18 (330700855)|ENTERING_MANAGED_PKG|dlrs
14:48:49.18 (330824903)|ENTERING_MANAGED_PKG|dlrs
14:48:49.18 (330999818)|ENTERING_MANAGED_PKG|dlrs
14:48:49.18 (331162927)|ENTERING_MANAGED_PKG|dlrs
14:48:49.18 (331330302)|ENTERING_MANAGED_PKG|dlrs
14:48:49.18 (331492267)|ENTERING_MANAGED_PKG|dlrs
14:48:49.18 (331658594)|ENTERING_MANAGED_PKG|dlrs
14:48:49.18 (331833985)|ENTERING_MANAGED_PKG|dlrs
14:48:49.18 (332000894)|ENTERING_MANAGED_PKG|dlrs
14:48:49.18 (332163261)|ENTERING_MANAGED_PKG|dlrs
14:48:49.18 (332326415)|ENTERING_MANAGED_PKG|dlrs
14:48:49.18 (332492623)|ENTERING_MANAGED_PKG|dlrs
14:48:49.18 (332658697)|ENTERING_MANAGED_PKG|dlrs
14:48:49.18 (332835588)|ENTERING_MANAGED_PKG|dlrs
14:48:49.18 (333007590)|ENTERING_MANAGED_PKG|dlrs
14:48:49.18 (333239336)|ENTERING_MANAGED_PKG|dlrs
14:48:49.18 (333363214)|ENTERING_MANAGED_PKG|dlrs
14:48:49.18 (333526471)|ENTERING_MANAGED_PKG|dlrs
14:48:49.18 (333698959)|ENTERING_MANAGED_PKG|dlrs
14:48:49.18 (333851737)|ENTERING_MANAGED_PKG|dlrs
14:48:49.18 (334001356)|ENTERING_MANAGED_PKG|dlrs
14:48:49.18 (334147925)|ENTERING_MANAGED_PKG|dlrs
14:48:49.18 (334299644)|ENTERING_MANAGED_PKG|dlrs
14:48:49.18 (334473143)|ENTERING_MANAGED_PKG|dlrs
14:48:49.18 (334635212)|ENTERING_MANAGED_PKG|dlrs
14:48:49.18 (334809852)|ENTERING_MANAGED_PKG|dlrs
14:48:49.18 (334935340)|ENTERING_MANAGED_PKG|dlrs
14:48:49.18 (335030812)|ENTERING_MANAGED_PKG|dlrs
14:48:49.18 (335124920)|ENTERING_MANAGED_PKG|dlrs
14:48:49.18 (335217878)|ENTERING_MANAGED_PKG|dlrs
14:48:49.18 (335310944)|ENTERING_MANAGED_PKG|dlrs
14:48:49.18 (335441567)|ENTERING_MANAGED_PKG|dlrs
14:48:49.18 (335519417)|ENTERING_MANAGED_PKG|dlrs
14:48:49.18 (335618765)|ENTERING_MANAGED_PKG|dlrs
14:48:49.18 (335718751)|ENTERING_MANAGED_PKG|dlrs
14:48:49.18 (335812790)|ENTERING_MANAGED_PKG|dlrs
14:48:49.18 (335913423)|ENTERING_MANAGED_PKG|dlrs
14:48:49.18 (336007305)|ENTERING_MANAGED_PKG|dlrs
14:48:49.18 (336135193)|ENTERING_MANAGED_PKG|dlrs
14:48:49.18 (336243721)|ENTERING_MANAGED_PKG|dlrs
14:48:49.18 (336351317)|ENTERING_MANAGED_PKG|dlrs
14:48:49.18 (336517475)|ENTERING_MANAGED_PKG|dlrs
14:48:49.18 (336650652)|ENTERING_MANAGED_PKG|dlrs
14:48:49.18 (336769569)|ENTERING_MANAGED_PKG|dlrs
14:48:49.18 (336864409)|ENTERING_MANAGED_PKG|dlrs
14:48:49.18 (336993451)|ENTERING_MANAGED_PKG|dlrs
14:48:49.18 (337089126)|ENTERING_MANAGED_PKG|dlrs
14:48:49.18 (337183302)|ENTERING_MANAGED_PKG|dlrs
14:48:49.18 (337319280)|ENTERING_MANAGED_PKG|dlrs
14:48:49.18 (337396296)|ENTERING_MANAGED_PKG|dlrs
14:48:49.18 (337539102)|ENTERING_MANAGED_PKG|dlrs
14:48:49.18 (337702980)|ENTERING_MANAGED_PKG|dlrs
14:48:49.18 (337869528)|ENTERING_MANAGED_PKG|dlrs
14:48:49.18 (338046056)|ENTERING_MANAGED_PKG|dlrs
14:48:49.18 (338209977)|ENTERING_MANAGED_PKG|dlrs
14:48:49.18 (338309048)|ENTERING_MANAGED_PKG|dlrs
14:48:49.18 (338402944)|ENTERING_MANAGED_PKG|dlrs
14:48:49.18 (338497980)|ENTERING_MANAGED_PKG|dlrs
14:48:49.18 (338653292)|ENTERING_MANAGED_PKG|dlrs
14:48:49.18 (338827605)|ENTERING_MANAGED_PKG|dlrs
14:48:49.18 (338995866)|ENTERING_MANAGED_PKG|dlrs
14:48:49.18 (339142319)|ENTERING_MANAGED_PKG|dlrs
14:48:49.18 (339258764)|ENTERING_MANAGED_PKG|dlrs
14:48:49.18 (339426879)|ENTERING_MANAGED_PKG|dlrs
14:48:49.18 (339551073)|ENTERING_MANAGED_PKG|dlrs
14:48:49.18 (339741569)|ENTERING_MANAGED_PKG|dlrs
14:48:49.18 (339945694)|ENTERING_MANAGED_PKG|dlrs
14:48:49.18 (340077603)|ENTERING_MANAGED_PKG|dlrs
14:48:49.18 (340205138)|ENTERING_MANAGED_PKG|dlrs
14:48:49.18 (340300345)|ENTERING_MANAGED_PKG|dlrs
14:48:49.18 (340395127)|ENTERING_MANAGED_PKG|dlrs
14:48:49.18 (340489107)|ENTERING_MANAGED_PKG|dlrs
14:48:49.18 (340583369)|ENTERING_MANAGED_PKG|dlrs
14:48:49.18 (340683156)|ENTERING_MANAGED_PKG|dlrs
14:48:49.18 (340779072)|ENTERING_MANAGED_PKG|dlrs
14:48:49.18 (340873415)|ENTERING_MANAGED_PKG|dlrs
14:48:49.18 (340972867)|ENTERING_MANAGED_PKG|dlrs
14:48:49.18 (341068266)|ENTERING_MANAGED_PKG|dlrs
14:48:49.18 (341163005)|ENTERING_MANAGED_PKG|dlrs
14:48:49.18 (341256263)|ENTERING_MANAGED_PKG|dlrs
14:48:49.18 (341418562)|ENTERING_MANAGED_PKG|dlrs
14:48:49.18 (341592151)|ENTERING_MANAGED_PKG|dlrs
14:48:49.18 (341782818)|ENTERING_MANAGED_PKG|dlrs
14:48:49.18 (341962587)|ENTERING_MANAGED_PKG|dlrs
14:48:49.18 (342136657)|ENTERING_MANAGED_PKG|dlrs
14:48:49.18 (342367891)|ENTERING_MANAGED_PKG|dlrs
14:48:49.18 (342492614)|ENTERING_MANAGED_PKG|dlrs
14:48:49.18 (342685361)|ENTERING_MANAGED_PKG|dlrs
14:48:49.18 (342859559)|ENTERING_MANAGED_PKG|dlrs
14:48:49.18 (343030670)|ENTERING_MANAGED_PKG|dlrs
14:48:49.18 (343196094)|ENTERING_MANAGED_PKG|dlrs
14:48:49.18 (343295577)|ENTERING_MANAGED_PKG|dlrs
14:48:49.18 (343389851)|ENTERING_MANAGED_PKG|dlrs
14:48:49.18 (343483100)|ENTERING_MANAGED_PKG|dlrs
14:48:49.18 (343577388)|ENTERING_MANAGED_PKG|dlrs
14:48:49.18 (343675604)|ENTERING_MANAGED_PKG|dlrs
14:48:49.18 (343770753)|ENTERING_MANAGED_PKG|dlrs
14:48:49.18 (343864217)|ENTERING_MANAGED_PKG|dlrs
14:48:49.18 (343964815)|ENTERING_MANAGED_PKG|dlrs
14:48:49.18 (344059547)|ENTERING_MANAGED_PKG|dlrs
14:48:49.18 (344218671)|ENTERING_MANAGED_PKG|dlrs
14:48:49.18 (344379174)|ENTERING_MANAGED_PKG|dlrs
14:48:49.18 (344476639)|ENTERING_MANAGED_PKG|dlrs
14:48:49.18 (344570645)|ENTERING_MANAGED_PKG|dlrs
14:48:49.18 (344668145)|ENTERING_MANAGED_PKG|dlrs
14:48:49.18 (344807498)|ENTERING_MANAGED_PKG|dlrs
14:48:49.18 (344891833)|ENTERING_MANAGED_PKG|dlrs
14:48:49.18 (344990830)|ENTERING_MANAGED_PKG|dlrs
14:48:49.18 (345084696)|ENTERING_MANAGED_PKG|dlrs
14:48:49.18 (345178410)|ENTERING_MANAGED_PKG|dlrs
14:48:49.18 (345271561)|ENTERING_MANAGED_PKG|dlrs
14:48:49.18 (345364764)|ENTERING_MANAGED_PKG|dlrs
14:48:49.18 (345458069)|ENTERING_MANAGED_PKG|dlrs
14:48:49.18 (345551427)|ENTERING_MANAGED_PKG|dlrs
14:48:49.18 (345643930)|ENTERING_MANAGED_PKG|dlrs
14:48:49.18 (345743162)|ENTERING_MANAGED_PKG|dlrs
14:48:49.18 (345837222)|ENTERING_MANAGED_PKG|dlrs
14:48:49.18 (345937218)|ENTERING_MANAGED_PKG|dlrs
14:48:49.18 (346031695)|ENTERING_MANAGED_PKG|dlrs
14:48:49.18 (346125219)|ENTERING_MANAGED_PKG|dlrs
14:48:49.18 (346218342)|ENTERING_MANAGED_PKG|dlrs
14:48:49.18 (346311062)|ENTERING_MANAGED_PKG|dlrs
14:48:49.18 (346403356)|ENTERING_MANAGED_PKG|dlrs
14:48:49.18 (346496748)|ENTERING_MANAGED_PKG|dlrs
14:48:49.18 (346589500)|ENTERING_MANAGED_PKG|dlrs
14:48:49.18 (346686475)|ENTERING_MANAGED_PKG|dlrs
14:48:49.18 (346807738)|ENTERING_MANAGED_PKG|dlrs
14:48:49.18 (346866069)|ENTERING_MANAGED_PKG|dlrs
14:48:49.18 (346892530)|ENTERING_MANAGED_PKG|dlrs
14:48:49.18 (346912047)|ENTERING_MANAGED_PKG|dlrs
14:48:49.18 (346989044)|ENTERING_MANAGED_PKG|dlrs
14:48:49.18 (347004751)|ENTERING_MANAGED_PKG|dlrs
14:48:49.18 (347101387)|ENTERING_MANAGED_PKG|dlrs
14:48:49.18 (347120825)|ENTERING_MANAGED_PKG|dlrs
14:48:49.18 (347139246)|ENTERING_MANAGED_PKG|dlrs
14:48:49.18 (347433176)|ENTERING_MANAGED_PKG|dlrs
14:48:49.18 (347456131)|ENTERING_MANAGED_PKG|dlrs
14:48:49.18 (347496393)|ENTERING_MANAGED_PKG|dlrs
14:48:49.18 (347509567)|ENTERING_MANAGED_PKG|dlrs
14:48:49.18 (347518431)|ENTERING_MANAGED_PKG|dlrs
14:48:49.18 (347591018)|ENTERING_MANAGED_PKG|dlrs
14:48:49.18 (347605518)|ENTERING_MANAGED_PKG|dlrs
14:48:49.18 (347621805)|ENTERING_MANAGED_PKG|dlrs
14:48:49.18 (347655514)|ENTERING_MANAGED_PKG|dlrs
14:48:49.18 (347681593)|ENTERING_MANAGED_PKG|dlrs
14:48:49.18 (347804214)|ENTERING_MANAGED_PKG|dlrs
14:48:49.18 (347888660)|ENTERING_MANAGED_PKG|dlrs
14:48:49.18 (347904521)|ENTERING_MANAGED_PKG|dlrs
14:48:49.18 (347984995)|ENTERING_MANAGED_PKG|dlrs
14:48:49.18 (348086035)|ENTERING_MANAGED_PKG|dlrs
14:48:49.18 (348141727)|ENTERING_MANAGED_PKG|dlrs
14:48:49.18 (348217554)|ENTERING_MANAGED_PKG|dlrs
14:48:49.18 (348231203)|ENTERING_MANAGED_PKG|dlrs
14:48:49.18 (348318756)|ENTERING_MANAGED_PKG|dlrs
14:48:49.18 (348483982)|ENTERING_MANAGED_PKG|dlrs
14:48:49.18 (348603887)|ENTERING_MANAGED_PKG|dlrs
14:48:49.18 (348787387)|ENTERING_MANAGED_PKG|dlrs
14:48:49.18 (348888747)|ENTERING_MANAGED_PKG|dlrs
14:48:49.18 (349069599)|ENTERING_MANAGED_PKG|dlrs
14:48:49.18 (349172380)|ENTERING_MANAGED_PKG|dlrs
14:48:49.18 (349434334)|ENTERING_MANAGED_PKG|dlrs
14:48:49.18 (349542018)|ENTERING_MANAGED_PKG|dlrs
14:48:49.18 (349721997)|ENTERING_MANAGED_PKG|dlrs
14:48:49.18 (349816922)|ENTERING_MANAGED_PKG|dlrs
14:48:49.18 (350040485)|ENTERING_MANAGED_PKG|dlrs
14:48:49.18 (350142193)|ENTERING_MANAGED_PKG|dlrs
14:48:49.18 (350316106)|ENTERING_MANAGED_PKG|dlrs
14:48:49.18 (350431202)|ENTERING_MANAGED_PKG|dlrs
14:48:49.18 (350621853)|ENTERING_MANAGED_PKG|dlrs
14:48:49.18 (350745551)|ENTERING_MANAGED_PKG|dlrs
14:48:49.18 (350937165)|ENTERING_MANAGED_PKG|dlrs
14:48:49.18 (351032146)|ENTERING_MANAGED_PKG|dlrs
14:48:49.18 (351209897)|ENTERING_MANAGED_PKG|dlrs
14:48:49.18 (351304729)|ENTERING_MANAGED_PKG|dlrs
14:48:49.18 (351476108)|ENTERING_MANAGED_PKG|dlrs
14:48:49.18 (351571301)|ENTERING_MANAGED_PKG|dlrs
14:48:49.18 (351752342)|ENTERING_MANAGED_PKG|dlrs
14:48:49.18 (351846811)|ENTERING_MANAGED_PKG|dlrs
14:48:49.18 (352029014)|ENTERING_MANAGED_PKG|dlrs
14:48:49.18 (352125455)|ENTERING_MANAGED_PKG|dlrs
14:48:49.18 (352295998)|ENTERING_MANAGED_PKG|dlrs
14:48:49.18 (352389683)|ENTERING_MANAGED_PKG|dlrs
14:48:49.18 (352560383)|ENTERING_MANAGED_PKG|dlrs
14:48:49.18 (352654528)|ENTERING_MANAGED_PKG|dlrs
14:48:49.18 (352833973)|ENTERING_MANAGED_PKG|dlrs
14:48:49.18 (352933647)|ENTERING_MANAGED_PKG|dlrs
14:48:49.18 (353104744)|ENTERING_MANAGED_PKG|dlrs
14:48:49.18 (353199690)|ENTERING_MANAGED_PKG|dlrs
14:48:49.18 (353370533)|ENTERING_MANAGED_PKG|dlrs
14:48:49.18 (353464819)|ENTERING_MANAGED_PKG|dlrs
14:48:49.18 (353634646)|ENTERING_MANAGED_PKG|dlrs
14:48:49.18 (353734451)|ENTERING_MANAGED_PKG|dlrs
14:48:49.18 (353910067)|ENTERING_MANAGED_PKG|dlrs
14:48:49.18 (354004507)|ENTERING_MANAGED_PKG|dlrs
14:48:49.18 (354173616)|ENTERING_MANAGED_PKG|dlrs
14:48:49.18 (354267581)|ENTERING_MANAGED_PKG|dlrs
14:48:49.18 (354436434)|ENTERING_MANAGED_PKG|dlrs
14:48:49.18 (354530049)|ENTERING_MANAGED_PKG|dlrs
14:48:49.18 (354758905)|ENTERING_MANAGED_PKG|dlrs
14:48:49.18 (354855062)|ENTERING_MANAGED_PKG|dlrs
14:48:49.18 (355031451)|ENTERING_MANAGED_PKG|dlrs
14:48:49.18 (355126027)|ENTERING_MANAGED_PKG|dlrs
14:48:49.18 (355294553)|ENTERING_MANAGED_PKG|dlrs
14:48:49.18 (355388712)|ENTERING_MANAGED_PKG|dlrs
14:48:49.18 (355610835)|ENTERING_MANAGED_PKG|dlrs
14:48:49.18 (355772253)|ENTERING_MANAGED_PKG|dlrs
14:48:49.18 (355954751)|ENTERING_MANAGED_PKG|dlrs
14:48:49.18 (356049441)|ENTERING_MANAGED_PKG|dlrs
14:48:49.18 (356219280)|ENTERING_MANAGED_PKG|dlrs
14:48:49.18 (356312719)|ENTERING_MANAGED_PKG|dlrs
14:48:49.18 (356482278)|ENTERING_MANAGED_PKG|dlrs
14:48:49.18 (356578306)|ENTERING_MANAGED_PKG|dlrs
14:48:49.18 (356754706)|ENTERING_MANAGED_PKG|dlrs
14:48:49.18 (356850919)|ENTERING_MANAGED_PKG|dlrs
14:48:49.18 (357133683)|ENTERING_MANAGED_PKG|dlrs
14:48:49.18 (357296356)|ENTERING_MANAGED_PKG|dlrs
14:48:49.18 (357581390)|ENTERING_MANAGED_PKG|dlrs
14:48:49.18 (357750171)|ENTERING_MANAGED_PKG|dlrs
14:48:49.18 (357981713)|ENTERING_MANAGED_PKG|dlrs
14:48:49.18 (358147433)|ENTERING_MANAGED_PKG|dlrs
14:48:49.18 (358400349)|ENTERING_MANAGED_PKG|dlrs
14:48:49.18 (358499426)|ENTERING_MANAGED_PKG|dlrs
14:48:49.18 (358756510)|ENTERING_MANAGED_PKG|dlrs
14:48:49.18 (358859139)|ENTERING_MANAGED_PKG|dlrs
14:48:49.18 (359038673)|ENTERING_MANAGED_PKG|dlrs
14:48:49.18 (359136885)|ENTERING_MANAGED_PKG|dlrs
14:48:49.18 (359306568)|ENTERING_MANAGED_PKG|dlrs
14:48:49.18 (359402251)|ENTERING_MANAGED_PKG|dlrs
14:48:49.18 (359595039)|ENTERING_MANAGED_PKG|dlrs
14:48:49.18 (359753011)|ENTERING_MANAGED_PKG|dlrs
14:48:49.18 (360052242)|ENTERING_MANAGED_PKG|dlrs
14:48:49.18 (360228396)|ENTERING_MANAGED_PKG|dlrs
14:48:49.18 (360413793)|ENTERING_MANAGED_PKG|dlrs
14:48:49.18 (360517953)|ENTERING_MANAGED_PKG|dlrs
14:48:49.18 (360732498)|ENTERING_MANAGED_PKG|dlrs
14:48:49.18 (360830239)|ENTERING_MANAGED_PKG|dlrs
14:48:49.18 (361043697)|ENTERING_MANAGED_PKG|dlrs
14:48:49.18 (361149050)|ENTERING_MANAGED_PKG|dlrs
14:48:49.18 (361320009)|ENTERING_MANAGED_PKG|dlrs
14:48:49.18 (361416302)|ENTERING_MANAGED_PKG|dlrs
14:48:49.18 (361585987)|ENTERING_MANAGED_PKG|dlrs
14:48:49.18 (361686437)|ENTERING_MANAGED_PKG|dlrs
14:48:49.18 (361859247)|ENTERING_MANAGED_PKG|dlrs
14:48:49.18 (361976401)|ENTERING_MANAGED_PKG|dlrs
14:48:49.18 (362264737)|ENTERING_MANAGED_PKG|dlrs
14:48:49.18 (362427266)|ENTERING_MANAGED_PKG|dlrs
14:48:49.18 (362686053)|ENTERING_MANAGED_PKG|dlrs
14:48:49.18 (362784754)|ENTERING_MANAGED_PKG|dlrs
14:48:49.18 (362980136)|ENTERING_MANAGED_PKG|dlrs
14:48:49.18 (363080498)|ENTERING_MANAGED_PKG|dlrs
14:48:49.18 (363253666)|ENTERING_MANAGED_PKG|dlrs
14:48:49.18 (363350061)|ENTERING_MANAGED_PKG|dlrs
14:48:49.18 (363519797)|ENTERING_MANAGED_PKG|dlrs
14:48:49.18 (363614842)|ENTERING_MANAGED_PKG|dlrs
14:48:49.18 (363790407)|ENTERING_MANAGED_PKG|dlrs
14:48:49.18 (363920867)|ENTERING_MANAGED_PKG|dlrs
14:48:49.18 (367952457)|ENTERING_MANAGED_PKG|dlrs
14:48:49.18 (368160023)|ENTERING_MANAGED_PKG|dlrs
14:48:49.18 (368446409)|ENTERING_MANAGED_PKG|dlrs
14:48:49.18 (369971063)|SOQL_EXECUTE_BEGIN|[302]|Aggregations:0|SELECT DeveloperName, Id, Label, dlrs__Active__c, dlrs__AggregateAllRows__c, dlrs__AggregateOperation__c, dlrs__AggregateResultField__c, dlrs__CalculationMode__c, dlrs__CalculationSharingMode__c, dlrs__ChildObject__c, dlrs__ConcatenateDelimiter__c, dlrs__Description__c, dlrs__FieldToAggregate__c, dlrs__FieldToOrderBy__c, dlrs__ParentObject__c, dlrs__RelationshipCriteriaFields__c, dlrs__RelationshipCriteria__c, dlrs__RelationshipField__c, dlrs__RowLimit__c, dlrs__TestCodeSeeAllData__c, dlrs__TestCode__c FROM dlrs__LookupRollupSummary2__mdt ORDER BY DeveloperName ASC NULLS FIRST , Label ASC NULLS FIRST 
14:48:49.18 (372991912)|SOQL_EXECUTE_END|[302]|Rows:9
14:48:49.18 (373174634)|ENTERING_MANAGED_PKG|dlrs
14:48:49.18 (373422165)|ENTERING_MANAGED_PKG|dlrs
14:48:49.18 (373500864)|ENTERING_MANAGED_PKG|dlrs
14:48:49.18 (373533464)|ENTERING_MANAGED_PKG|dlrs
14:48:49.18 (373556497)|ENTERING_MANAGED_PKG|dlrs
14:48:49.18 (373578815)|ENTERING_MANAGED_PKG|dlrs
14:48:49.18 (373602246)|ENTERING_MANAGED_PKG|dlrs
14:48:49.18 (373627571)|ENTERING_MANAGED_PKG|dlrs
14:48:49.18 (373673300)|ENTERING_MANAGED_PKG|dlrs
14:48:49.18 (373711437)|ENTERING_MANAGED_PKG|dlrs
14:48:49.18 (373751683)|ENTERING_MANAGED_PKG|dlrs
14:48:49.18 (373771640)|ENTERING_MANAGED_PKG|dlrs
14:48:49.18 (373791967)|ENTERING_MANAGED_PKG|dlrs
14:48:49.18 (373807939)|ENTERING_MANAGED_PKG|dlrs
14:48:49.18 (373826709)|ENTERING_MANAGED_PKG|dlrs
14:48:49.18 (373842572)|ENTERING_MANAGED_PKG|dlrs
14:48:49.18 (373878759)|ENTERING_MANAGED_PKG|dlrs
14:48:49.18 (373911628)|ENTERING_MANAGED_PKG|dlrs
14:48:49.18 (373950949)|ENTERING_MANAGED_PKG|dlrs
14:48:49.18 (373982293)|ENTERING_MANAGED_PKG|dlrs
14:48:49.18 (374027501)|ENTERING_MANAGED_PKG|dlrs
14:48:49.18 (374065137)|ENTERING_MANAGED_PKG|dlrs
14:48:49.18 (374110273)|ENTERING_MANAGED_PKG|dlrs
14:48:49.18 (374147886)|ENTERING_MANAGED_PKG|dlrs
14:48:49.18 (374190740)|ENTERING_MANAGED_PKG|dlrs
14:48:49.18 (374225365)|ENTERING_MANAGED_PKG|dlrs
14:48:49.18 (374267675)|ENTERING_MANAGED_PKG|dlrs
14:48:49.18 (374301745)|ENTERING_MANAGED_PKG|dlrs
14:48:49.18 (374340143)|ENTERING_MANAGED_PKG|dlrs
14:48:49.18 (374369605)|ENTERING_MANAGED_PKG|dlrs
14:48:49.18 (374406224)|ENTERING_MANAGED_PKG|dlrs
14:48:49.18 (374439598)|ENTERING_MANAGED_PKG|dlrs
14:48:49.18 (374478396)|ENTERING_MANAGED_PKG|dlrs
14:48:49.18 (374498155)|ENTERING_MANAGED_PKG|dlrs
14:48:49.18 (374518586)|ENTERING_MANAGED_PKG|dlrs
14:48:49.18 (374534944)|ENTERING_MANAGED_PKG|dlrs
14:48:49.18 (374553908)|ENTERING_MANAGED_PKG|dlrs
14:48:49.18 (374570195)|ENTERING_MANAGED_PKG|dlrs
14:48:49.18 (374589180)|ENTERING_MANAGED_PKG|dlrs
14:48:49.18 (374604842)|ENTERING_MANAGED_PKG|dlrs
14:48:49.18 (374623099)|ENTERING_MANAGED_PKG|dlrs
14:48:49.18 (374638828)|ENTERING_MANAGED_PKG|dlrs
14:48:49.18 (374662262)|ENTERING_MANAGED_PKG|dlrs
14:48:49.18 (374695270)|ENTERING_MANAGED_PKG|dlrs
14:48:49.18 (374747515)|ENTERING_MANAGED_PKG|dlrs
14:48:49.18 (374876237)|ENTERING_MANAGED_PKG|dlrs
14:48:49.18 (374929082)|ENTERING_MANAGED_PKG|dlrs
14:48:49.18 (374964670)|ENTERING_MANAGED_PKG|dlrs
14:48:49.18 (374988327)|ENTERING_MANAGED_PKG|dlrs
14:48:49.18 (375008391)|ENTERING_MANAGED_PKG|dlrs
14:48:49.18 (375031993)|ENTERING_MANAGED_PKG|dlrs
14:48:49.18 (375049614)|ENTERING_MANAGED_PKG|dlrs
14:48:49.18 (375068379)|ENTERING_MANAGED_PKG|dlrs
14:48:49.18 (375084282)|ENTERING_MANAGED_PKG|dlrs
14:48:49.18 (375102513)|ENTERING_MANAGED_PKG|dlrs
14:48:49.18 (375118226)|ENTERING_MANAGED_PKG|dlrs
14:48:49.18 (375136141)|ENTERING_MANAGED_PKG|dlrs
14:48:49.18 (375152327)|ENTERING_MANAGED_PKG|dlrs
14:48:49.18 (375170098)|ENTERING_MANAGED_PKG|dlrs
14:48:49.18 (375185806)|ENTERING_MANAGED_PKG|dlrs
14:48:49.18 (375209564)|ENTERING_MANAGED_PKG|dlrs
14:48:49.18 (375232788)|ENTERING_MANAGED_PKG|dlrs
14:48:49.18 (375261087)|ENTERING_MANAGED_PKG|dlrs
14:48:49.18 (375280201)|ENTERING_MANAGED_PKG|dlrs
14:48:49.18 (375317278)|ENTERING_MANAGED_PKG|dlrs
14:48:49.18 (375351724)|ENTERING_MANAGED_PKG|dlrs
14:48:49.18 (375378600)|ENTERING_MANAGED_PKG|dlrs
14:48:49.18 (375396091)|ENTERING_MANAGED_PKG|dlrs
14:48:49.18 (375415145)|ENTERING_MANAGED_PKG|dlrs
14:48:49.18 (375431278)|ENTERING_MANAGED_PKG|dlrs
14:48:49.18 (375449805)|ENTERING_MANAGED_PKG|dlrs
14:48:49.18 (375465686)|ENTERING_MANAGED_PKG|dlrs
14:48:49.18 (375484169)|ENTERING_MANAGED_PKG|dlrs
14:48:49.18 (375500229)|ENTERING_MANAGED_PKG|dlrs
14:48:49.18 (375518828)|ENTERING_MANAGED_PKG|dlrs
14:48:49.18 (375535109)|ENTERING_MANAGED_PKG|dlrs
14:48:49.18 (375554021)|ENTERING_MANAGED_PKG|dlrs
14:48:49.18 (375569605)|ENTERING_MANAGED_PKG|dlrs
14:48:49.18 (375588225)|ENTERING_MANAGED_PKG|dlrs
14:48:49.18 (375604016)|ENTERING_MANAGED_PKG|dlrs
14:48:49.18 (375622292)|ENTERING_MANAGED_PKG|dlrs
14:48:49.18 (375638329)|ENTERING_MANAGED_PKG|dlrs
14:48:49.18 (375657128)|ENTERING_MANAGED_PKG|dlrs
14:48:49.18 (375680615)|ENTERING_MANAGED_PKG|dlrs
14:48:49.18 (375720683)|ENTERING_MANAGED_PKG|dlrs
14:48:49.18 (375748650)|ENTERING_MANAGED_PKG|dlrs
14:48:49.18 (375778668)|ENTERING_MANAGED_PKG|dlrs
14:48:49.18 (375824608)|ENTERING_MANAGED_PKG|dlrs
14:48:49.18 (375867525)|ENTERING_MANAGED_PKG|dlrs
14:48:49.18 (375965601)|ENTERING_MANAGED_PKG|dlrs
14:48:49.18 (375998669)|ENTERING_MANAGED_PKG|dlrs
14:48:49.18 (376016341)|ENTERING_MANAGED_PKG|dlrs
14:48:49.18 (376029434)|ENTERING_MANAGED_PKG|dlrs
14:48:49.18 (376045561)|ENTERING_MANAGED_PKG|dlrs
14:48:49.18 (376064298)|ENTERING_MANAGED_PKG|dlrs
14:48:49.18 (376079960)|ENTERING_MANAGED_PKG|dlrs
14:48:49.18 (376097849)|ENTERING_MANAGED_PKG|dlrs
14:48:49.18 (376113646)|ENTERING_MANAGED_PKG|dlrs
14:48:49.18 (376132121)|ENTERING_MANAGED_PKG|dlrs
14:48:49.18 (376147554)|ENTERING_MANAGED_PKG|dlrs
14:48:49.18 (376165605)|ENTERING_MANAGED_PKG|dlrs
14:48:49.18 (376181660)|ENTERING_MANAGED_PKG|dlrs
14:48:49.18 (376199552)|ENTERING_MANAGED_PKG|dlrs
14:48:49.18 (376229958)|ENTERING_MANAGED_PKG|dlrs
14:48:49.18 (376262071)|ENTERING_MANAGED_PKG|dlrs
14:48:49.18 (376281378)|ENTERING_MANAGED_PKG|dlrs
14:48:49.18 (376305529)|ENTERING_MANAGED_PKG|dlrs
14:48:49.18 (376322255)|ENTERING_MANAGED_PKG|dlrs
14:48:49.18 (376340596)|ENTERING_MANAGED_PKG|dlrs
14:48:49.18 (376356473)|ENTERING_MANAGED_PKG|dlrs
14:48:49.18 (376374859)|ENTERING_MANAGED_PKG|dlrs
14:48:49.18 (376390906)|ENTERING_MANAGED_PKG|dlrs
14:48:49.18 (376409240)|ENTERING_MANAGED_PKG|dlrs
14:48:49.18 (376424760)|ENTERING_MANAGED_PKG|dlrs
14:48:49.18 (376443866)|ENTERING_MANAGED_PKG|dlrs
14:48:49.18 (376459678)|ENTERING_MANAGED_PKG|dlrs
14:48:49.18 (376478089)|ENTERING_MANAGED_PKG|dlrs
14:48:49.18 (376494690)|ENTERING_MANAGED_PKG|dlrs
14:48:49.18 (376513136)|ENTERING_MANAGED_PKG|dlrs
14:48:49.18 (376529140)|ENTERING_MANAGED_PKG|dlrs
14:48:49.18 (376547162)|ENTERING_MANAGED_PKG|dlrs
14:48:49.18 (376562984)|ENTERING_MANAGED_PKG|dlrs
14:48:49.18 (376581529)|ENTERING_MANAGED_PKG|dlrs
14:48:49.18 (376597641)|ENTERING_MANAGED_PKG|dlrs
14:48:49.18 (376615939)|ENTERING_MANAGED_PKG|dlrs
14:48:49.18 (376632225)|ENTERING_MANAGED_PKG|dlrs
14:48:49.18 (376652763)|ENTERING_MANAGED_PKG|dlrs
14:48:49.18 (376695480)|ENTERING_MANAGED_PKG|dlrs
14:48:49.18 (376739523)|ENTERING_MANAGED_PKG|dlrs
14:48:49.18 (376777024)|ENTERING_MANAGED_PKG|dlrs
14:48:49.18 (376829650)|ENTERING_MANAGED_PKG|dlrs
14:48:49.18 (376865602)|ENTERING_MANAGED_PKG|dlrs
14:48:49.18 (376901601)|ENTERING_MANAGED_PKG|dlrs
14:48:49.18 (376991794)|ENTERING_MANAGED_PKG|dlrs
14:48:49.18 (377024349)|ENTERING_MANAGED_PKG|dlrs
14:48:49.18 (377042804)|ENTERING_MANAGED_PKG|dlrs
14:48:49.18 (377054967)|ENTERING_MANAGED_PKG|dlrs
14:48:49.18 (377071383)|ENTERING_MANAGED_PKG|dlrs
14:48:49.18 (377106630)|ENTERING_MANAGED_PKG|dlrs
14:48:49.18 (377141613)|ENTERING_MANAGED_PKG|dlrs
14:48:49.18 (377169805)|ENTERING_MANAGED_PKG|dlrs
14:48:49.18 (377187354)|ENTERING_MANAGED_PKG|dlrs
14:48:49.18 (377205569)|ENTERING_MANAGED_PKG|dlrs
14:48:49.18 (377221238)|ENTERING_MANAGED_PKG|dlrs
14:48:49.18 (377239195)|ENTERING_MANAGED_PKG|dlrs
14:48:49.18 (377254823)|ENTERING_MANAGED_PKG|dlrs
14:48:49.18 (377287868)|ENTERING_MANAGED_PKG|dlrs
14:48:49.18 (377323549)|ENTERING_MANAGED_PKG|dlrs
14:48:49.18 (377358286)|ENTERING_MANAGED_PKG|dlrs
14:48:49.18 (377376975)|ENTERING_MANAGED_PKG|dlrs
14:48:49.18 (377396007)|ENTERING_MANAGED_PKG|dlrs
14:48:49.18 (377412235)|ENTERING_MANAGED_PKG|dlrs
14:48:49.18 (377430506)|ENTERING_MANAGED_PKG|dlrs
14:48:49.18 (377446314)|ENTERING_MANAGED_PKG|dlrs
14:48:49.18 (377464720)|ENTERING_MANAGED_PKG|dlrs
14:48:49.18 (377480634)|ENTERING_MANAGED_PKG|dlrs
14:48:49.18 (377513864)|ENTERING_MANAGED_PKG|dlrs
14:48:49.18 (377546958)|ENTERING_MANAGED_PKG|dlrs
14:48:49.18 (377584043)|ENTERING_MANAGED_PKG|dlrs
14:48:49.18 (377603215)|ENTERING_MANAGED_PKG|dlrs
14:48:49.18 (377626226)|ENTERING_MANAGED_PKG|dlrs
14:48:49.18 (377643819)|ENTERING_MANAGED_PKG|dlrs
14:48:49.18 (377662590)|ENTERING_MANAGED_PKG|dlrs
14:48:49.18 (377702542)|ENTERING_MANAGED_PKG|dlrs
14:48:49.18 (377745053)|ENTERING_MANAGED_PKG|dlrs
14:48:49.18 (377766194)|ENTERING_MANAGED_PKG|dlrs
14:48:49.18 (377787256)|ENTERING_MANAGED_PKG|dlrs
14:48:49.18 (377803694)|ENTERING_MANAGED_PKG|dlrs
14:48:49.18 (377822504)|ENTERING_MANAGED_PKG|dlrs
14:48:49.18 (377838486)|ENTERING_MANAGED_PKG|dlrs
14:48:49.18 (377857057)|ENTERING_MANAGED_PKG|dlrs
14:48:49.18 (377873184)|ENTERING_MANAGED_PKG|dlrs
14:48:49.18 (377897754)|ENTERING_MANAGED_PKG|dlrs
14:48:49.18 (377914218)|ENTERING_MANAGED_PKG|dlrs
14:48:49.18 (377936716)|ENTERING_MANAGED_PKG|dlrs
14:48:49.18 (377958746)|ENTERING_MANAGED_PKG|dlrs
14:48:49.18 (377989858)|ENTERING_MANAGED_PKG|dlrs
14:48:49.18 (378139041)|ENTERING_MANAGED_PKG|dlrs
14:48:49.18 (378191902)|ENTERING_MANAGED_PKG|dlrs
14:48:49.18 (378227960)|ENTERING_MANAGED_PKG|dlrs
14:48:49.18 (378251868)|ENTERING_MANAGED_PKG|dlrs
14:48:49.18 (378287293)|ENTERING_MANAGED_PKG|dlrs
14:48:49.18 (378317563)|ENTERING_MANAGED_PKG|dlrs
14:48:49.18 (378335318)|ENTERING_MANAGED_PKG|dlrs
14:48:49.18 (378354025)|ENTERING_MANAGED_PKG|dlrs
14:48:49.18 (378370275)|ENTERING_MANAGED_PKG|dlrs
14:48:49.18 (378388424)|ENTERING_MANAGED_PKG|dlrs
14:48:49.18 (378404997)|ENTERING_MANAGED_PKG|dlrs
14:48:49.18 (378423171)|ENTERING_MANAGED_PKG|dlrs
14:48:49.18 (378438488)|ENTERING_MANAGED_PKG|dlrs
14:48:49.18 (378456652)|ENTERING_MANAGED_PKG|dlrs
14:48:49.18 (378472089)|ENTERING_MANAGED_PKG|dlrs
14:48:49.18 (378490919)|ENTERING_MANAGED_PKG|dlrs
14:48:49.18 (378506284)|ENTERING_MANAGED_PKG|dlrs
14:48:49.18 (378524352)|ENTERING_MANAGED_PKG|dlrs
14:48:49.18 (378540208)|ENTERING_MANAGED_PKG|dlrs
14:48:49.18 (378580452)|ENTERING_MANAGED_PKG|dlrs
14:48:49.18 (378613471)|ENTERING_MANAGED_PKG|dlrs
14:48:49.18 (378636195)|ENTERING_MANAGED_PKG|dlrs
14:48:49.18 (378652931)|ENTERING_MANAGED_PKG|dlrs
14:48:49.18 (378677072)|ENTERING_MANAGED_PKG|dlrs
14:48:49.18 (378693963)|ENTERING_MANAGED_PKG|dlrs
14:48:49.18 (378713242)|ENTERING_MANAGED_PKG|dlrs
14:48:49.18 (378729268)|ENTERING_MANAGED_PKG|dlrs
14:48:49.18 (378747318)|ENTERING_MANAGED_PKG|dlrs
14:48:49.18 (378763481)|ENTERING_MANAGED_PKG|dlrs
14:48:49.18 (378782129)|ENTERING_MANAGED_PKG|dlrs
14:48:49.18 (378798575)|ENTERING_MANAGED_PKG|dlrs
14:48:49.18 (378825098)|ENTERING_MANAGED_PKG|dlrs
14:48:49.18 (378843538)|ENTERING_MANAGED_PKG|dlrs
14:48:49.18 (378863030)|ENTERING_MANAGED_PKG|dlrs
14:48:49.18 (378883837)|ENTERING_MANAGED_PKG|dlrs
14:48:49.18 (378905538)|ENTERING_MANAGED_PKG|dlrs
14:48:49.18 (378922148)|ENTERING_MANAGED_PKG|dlrs
14:48:49.18 (378941128)|ENTERING_MANAGED_PKG|dlrs
14:48:49.18 (378957630)|ENTERING_MANAGED_PKG|dlrs
14:48:49.18 (378975879)|ENTERING_MANAGED_PKG|dlrs
14:48:49.18 (378991840)|ENTERING_MANAGED_PKG|dlrs
14:48:49.18 (379014252)|ENTERING_MANAGED_PKG|dlrs
14:48:49.18 (379036277)|ENTERING_MANAGED_PKG|dlrs
14:48:49.18 (379067670)|ENTERING_MANAGED_PKG|dlrs
14:48:49.18 (379157778)|ENTERING_MANAGED_PKG|dlrs
14:48:49.18 (379190112)|ENTERING_MANAGED_PKG|dlrs
14:48:49.18 (379207802)|ENTERING_MANAGED_PKG|dlrs
14:48:49.18 (379220324)|ENTERING_MANAGED_PKG|dlrs
14:48:49.18 (379236521)|ENTERING_MANAGED_PKG|dlrs
14:48:49.18 (379255339)|ENTERING_MANAGED_PKG|dlrs
14:48:49.18 (379286288)|ENTERING_MANAGED_PKG|dlrs
14:48:49.18 (379327493)|ENTERING_MANAGED_PKG|dlrs
14:48:49.18 (379360277)|ENTERING_MANAGED_PKG|dlrs
14:48:49.18 (379399860)|ENTERING_MANAGED_PKG|dlrs
14:48:49.18 (379432531)|ENTERING_MANAGED_PKG|dlrs
14:48:49.18 (379468567)|ENTERING_MANAGED_PKG|dlrs
14:48:49.18 (379499175)|ENTERING_MANAGED_PKG|dlrs
14:48:49.18 (379538389)|ENTERING_MANAGED_PKG|dlrs
14:48:49.18 (379568841)|ENTERING_MANAGED_PKG|dlrs
14:48:49.18 (379608336)|ENTERING_MANAGED_PKG|dlrs
14:48:49.18 (379645081)|ENTERING_MANAGED_PKG|dlrs
14:48:49.18 (379693509)|ENTERING_MANAGED_PKG|dlrs
14:48:49.18 (379730297)|ENTERING_MANAGED_PKG|dlrs
14:48:49.18 (379784016)|ENTERING_MANAGED_PKG|dlrs
14:48:49.18 (379815813)|ENTERING_MANAGED_PKG|dlrs
14:48:49.18 (379838485)|ENTERING_MANAGED_PKG|dlrs
14:48:49.18 (379855259)|ENTERING_MANAGED_PKG|dlrs
14:48:49.18 (379874611)|ENTERING_MANAGED_PKG|dlrs
14:48:49.18 (379896019)|ENTERING_MANAGED_PKG|dlrs
14:48:49.18 (379915988)|ENTERING_MANAGED_PKG|dlrs
14:48:49.18 (379932293)|ENTERING_MANAGED_PKG|dlrs
14:48:49.18 (379951408)|ENTERING_MANAGED_PKG|dlrs
14:48:49.18 (379967555)|ENTERING_MANAGED_PKG|dlrs
14:48:49.18 (379985906)|ENTERING_MANAGED_PKG|dlrs
14:48:49.18 (380002005)|ENTERING_MANAGED_PKG|dlrs
14:48:49.18 (380021657)|ENTERING_MANAGED_PKG|dlrs
14:48:49.18 (380037315)|ENTERING_MANAGED_PKG|dlrs
14:48:49.18 (380056026)|ENTERING_MANAGED_PKG|dlrs
14:48:49.18 (380071980)|ENTERING_MANAGED_PKG|dlrs
14:48:49.18 (380090256)|ENTERING_MANAGED_PKG|dlrs
14:48:49.18 (380105973)|ENTERING_MANAGED_PKG|dlrs
14:48:49.18 (380124938)|ENTERING_MANAGED_PKG|dlrs
14:48:49.18 (380140635)|ENTERING_MANAGED_PKG|dlrs
14:48:49.18 (380158508)|ENTERING_MANAGED_PKG|dlrs
14:48:49.18 (380174018)|ENTERING_MANAGED_PKG|dlrs
14:48:49.18 (380196239)|ENTERING_MANAGED_PKG|dlrs
14:48:49.18 (380218297)|ENTERING_MANAGED_PKG|dlrs
14:48:49.18 (380250397)|ENTERING_MANAGED_PKG|dlrs
14:48:49.18 (380365015)|ENTERING_MANAGED_PKG|dlrs
14:48:49.18 (380421900)|ENTERING_MANAGED_PKG|dlrs
14:48:49.18 (380458359)|ENTERING_MANAGED_PKG|dlrs
14:48:49.18 (380483274)|ENTERING_MANAGED_PKG|dlrs
14:48:49.18 (380520256)|ENTERING_MANAGED_PKG|dlrs
14:48:49.18 (380562707)|ENTERING_MANAGED_PKG|dlrs
14:48:49.18 (380597004)|ENTERING_MANAGED_PKG|dlrs
14:48:49.18 (380635061)|ENTERING_MANAGED_PKG|dlrs
14:48:49.18 (380673722)|ENTERING_MANAGED_PKG|dlrs
14:48:49.18 (380716286)|ENTERING_MANAGED_PKG|dlrs
14:48:49.18 (380750028)|ENTERING_MANAGED_PKG|dlrs
14:48:49.18 (380788389)|ENTERING_MANAGED_PKG|dlrs
14:48:49.18 (380809295)|ENTERING_MANAGED_PKG|dlrs
14:48:49.18 (380828784)|ENTERING_MANAGED_PKG|dlrs
14:48:49.18 (380844922)|ENTERING_MANAGED_PKG|dlrs
14:48:49.18 (380863065)|ENTERING_MANAGED_PKG|dlrs
14:48:49.18 (380882617)|ENTERING_MANAGED_PKG|dlrs
14:48:49.18 (380902964)|ENTERING_MANAGED_PKG|dlrs
14:48:49.18 (380919123)|ENTERING_MANAGED_PKG|dlrs
14:48:49.18 (380937650)|ENTERING_MANAGED_PKG|dlrs
14:48:49.18 (380953367)|ENTERING_MANAGED_PKG|dlrs
14:48:49.18 (380971657)|ENTERING_MANAGED_PKG|dlrs
14:48:49.18 (380987514)|ENTERING_MANAGED_PKG|dlrs
14:48:49.18 (381005753)|ENTERING_MANAGED_PKG|dlrs
14:48:49.18 (381026839)|ENTERING_MANAGED_PKG|dlrs
14:48:49.18 (381047825)|ENTERING_MANAGED_PKG|dlrs
14:48:49.18 (381064245)|ENTERING_MANAGED_PKG|dlrs
14:48:49.18 (381087541)|ENTERING_MANAGED_PKG|dlrs
14:48:49.18 (381103841)|ENTERING_MANAGED_PKG|dlrs
14:48:49.18 (381122505)|ENTERING_MANAGED_PKG|dlrs
14:48:49.18 (381138772)|ENTERING_MANAGED_PKG|dlrs
14:48:49.18 (381157566)|ENTERING_MANAGED_PKG|dlrs
14:48:49.18 (381173679)|ENTERING_MANAGED_PKG|dlrs
14:48:49.18 (381192186)|ENTERING_MANAGED_PKG|dlrs
14:48:49.18 (381207705)|ENTERING_MANAGED_PKG|dlrs
14:48:49.18 (381226147)|ENTERING_MANAGED_PKG|dlrs
14:48:49.18 (381241928)|ENTERING_MANAGED_PKG|dlrs
14:48:49.18 (381271365)|ENTERING_MANAGED_PKG|dlrs
14:48:49.18 (381306549)|ENTERING_MANAGED_PKG|dlrs
14:48:49.18 (381333989)|ENTERING_MANAGED_PKG|dlrs
14:48:49.18 (381351766)|ENTERING_MANAGED_PKG|dlrs
14:48:49.18 (381374494)|ENTERING_MANAGED_PKG|dlrs
14:48:49.18 (381396109)|ENTERING_MANAGED_PKG|dlrs
14:48:49.18 (381428146)|ENTERING_MANAGED_PKG|dlrs
14:48:49.18 (381529965)|ENTERING_MANAGED_PKG|dlrs
14:48:49.18 (381578774)|ENTERING_MANAGED_PKG|dlrs
14:48:49.18 (381599834)|ENTERING_MANAGED_PKG|dlrs
14:48:49.18 (381612266)|ENTERING_MANAGED_PKG|dlrs
14:48:49.18 (381629028)|ENTERING_MANAGED_PKG|dlrs
14:48:49.18 (381647669)|ENTERING_MANAGED_PKG|dlrs
14:48:49.18 (381663638)|ENTERING_MANAGED_PKG|dlrs
14:48:49.18 (381688045)|ENTERING_MANAGED_PKG|dlrs
14:48:49.18 (381704989)|ENTERING_MANAGED_PKG|dlrs
14:48:49.18 (381723564)|ENTERING_MANAGED_PKG|dlrs
14:48:49.18 (381739160)|ENTERING_MANAGED_PKG|dlrs
14:48:49.18 (381757213)|ENTERING_MANAGED_PKG|dlrs
14:48:49.18 (381773016)|ENTERING_MANAGED_PKG|dlrs
14:48:49.18 (381799019)|ENTERING_MANAGED_PKG|dlrs
14:48:49.18 (381836778)|ENTERING_MANAGED_PKG|dlrs
14:48:49.18 (381861710)|ENTERING_MANAGED_PKG|dlrs
14:48:49.18 (381882697)|ENTERING_MANAGED_PKG|dlrs
14:48:49.18 (381903995)|ENTERING_MANAGED_PKG|dlrs
14:48:49.18 (381920738)|ENTERING_MANAGED_PKG|dlrs
14:48:49.18 (381939403)|ENTERING_MANAGED_PKG|dlrs
14:48:49.18 (381955042)|ENTERING_MANAGED_PKG|dlrs
14:48:49.18 (381974603)|ENTERING_MANAGED_PKG|dlrs
14:48:49.18 (381990515)|ENTERING_MANAGED_PKG|dlrs
14:48:49.18 (382008684)|ENTERING_MANAGED_PKG|dlrs
14:48:49.18 (382025637)|ENTERING_MANAGED_PKG|dlrs
14:48:49.18 (382044900)|ENTERING_MANAGED_PKG|dlrs
14:48:49.18 (382064040)|ENTERING_MANAGED_PKG|dlrs
14:48:49.18 (382084519)|ENTERING_MANAGED_PKG|dlrs
14:48:49.18 (382101359)|ENTERING_MANAGED_PKG|dlrs
14:48:49.18 (382119802)|ENTERING_MANAGED_PKG|dlrs
14:48:49.18 (382136140)|ENTERING_MANAGED_PKG|dlrs
14:48:49.18 (382154638)|ENTERING_MANAGED_PKG|dlrs
14:48:49.18 (382170363)|ENTERING_MANAGED_PKG|dlrs
14:48:49.18 (382188795)|ENTERING_MANAGED_PKG|dlrs
14:48:49.18 (382204664)|ENTERING_MANAGED_PKG|dlrs
14:48:49.18 (382223137)|ENTERING_MANAGED_PKG|dlrs
14:48:49.18 (382239408)|ENTERING_MANAGED_PKG|dlrs
14:48:49.18 (382258177)|ENTERING_MANAGED_PKG|dlrs
14:48:49.18 (382273987)|ENTERING_MANAGED_PKG|dlrs
14:48:49.18 (382292210)|ENTERING_MANAGED_PKG|dlrs
14:48:49.18 (382307945)|ENTERING_MANAGED_PKG|dlrs
14:48:49.18 (382330141)|ENTERING_MANAGED_PKG|dlrs
14:48:49.18 (382373246)|ENTERING_MANAGED_PKG|dlrs
14:48:49.18 (382410013)|ENTERING_MANAGED_PKG|dlrs
14:48:49.18 (382506505)|ENTERING_MANAGED_PKG|dlrs
14:48:49.18 (382539143)|ENTERING_MANAGED_PKG|dlrs
14:48:49.18 (382557177)|ENTERING_MANAGED_PKG|dlrs
14:48:49.18 (382569340)|ENTERING_MANAGED_PKG|dlrs
14:48:49.18 (382585694)|ENTERING_MANAGED_PKG|dlrs
14:48:49.18 (382604611)|ENTERING_MANAGED_PKG|dlrs
14:48:49.18 (382625049)|ENTERING_MANAGED_PKG|dlrs
14:48:49.18 (382672415)|ENTERING_MANAGED_PKG|dlrs
14:48:49.18 (382695541)|ENTERING_MANAGED_PKG|dlrs
14:48:49.18 (382716192)|ENTERING_MANAGED_PKG|dlrs
14:48:49.18 (382732272)|ENTERING_MANAGED_PKG|dlrs
14:48:49.18 (382751060)|ENTERING_MANAGED_PKG|dlrs
14:48:49.18 (382766709)|ENTERING_MANAGED_PKG|dlrs
14:48:49.18 (382784434)|ENTERING_MANAGED_PKG|dlrs
14:48:49.18 (382800342)|ENTERING_MANAGED_PKG|dlrs
14:48:49.18 (382818820)|ENTERING_MANAGED_PKG|dlrs
14:48:49.18 (382834513)|ENTERING_MANAGED_PKG|dlrs
14:48:49.18 (382852612)|ENTERING_MANAGED_PKG|dlrs
14:48:49.18 (382868771)|ENTERING_MANAGED_PKG|dlrs
14:48:49.18 (382892170)|ENTERING_MANAGED_PKG|dlrs
14:48:49.18 (382909173)|ENTERING_MANAGED_PKG|dlrs
14:48:49.18 (382927927)|ENTERING_MANAGED_PKG|dlrs
14:48:49.18 (382943591)|ENTERING_MANAGED_PKG|dlrs
14:48:49.18 (382961731)|ENTERING_MANAGED_PKG|dlrs
14:48:49.18 (382977692)|ENTERING_MANAGED_PKG|dlrs
14:48:49.18 (382996168)|ENTERING_MANAGED_PKG|dlrs
14:48:49.18 (383012311)|ENTERING_MANAGED_PKG|dlrs
14:48:49.18 (383031436)|ENTERING_MANAGED_PKG|dlrs
14:48:49.18 (383047227)|ENTERING_MANAGED_PKG|dlrs
14:48:49.18 (383065903)|ENTERING_MANAGED_PKG|dlrs
14:48:49.18 (383081896)|ENTERING_MANAGED_PKG|dlrs
14:48:49.18 (383100030)|ENTERING_MANAGED_PKG|dlrs
14:48:49.18 (383115687)|ENTERING_MANAGED_PKG|dlrs
14:48:49.18 (383133822)|ENTERING_MANAGED_PKG|dlrs
14:48:49.18 (383149278)|ENTERING_MANAGED_PKG|dlrs
14:48:49.18 (383167530)|ENTERING_MANAGED_PKG|dlrs
14:48:49.18 (383183310)|ENTERING_MANAGED_PKG|dlrs
14:48:49.18 (383201699)|ENTERING_MANAGED_PKG|dlrs
14:48:49.18 (383217921)|ENTERING_MANAGED_PKG|dlrs
14:48:49.18 (383235761)|ENTERING_MANAGED_PKG|dlrs
14:48:49.18 (383251495)|ENTERING_MANAGED_PKG|dlrs
14:48:49.18 (383273307)|ENTERING_MANAGED_PKG|dlrs
14:48:49.18 (383294121)|ENTERING_MANAGED_PKG|dlrs
14:48:49.18 (383324866)|ENTERING_MANAGED_PKG|dlrs
14:48:49.18 (383564419)|ENTERING_MANAGED_PKG|dlrs
14:48:49.18 (383601665)|ENTERING_MANAGED_PKG|dlrs
14:48:49.18 (383796469)|ENTERING_MANAGED_PKG|dlrs
14:48:49.18 (383813674)|ENTERING_MANAGED_PKG|dlrs
14:48:49.18 (383832090)|ENTERING_MANAGED_PKG|dlrs
14:48:49.18 (384084422)|ENTERING_MANAGED_PKG|dlrs
14:48:49.18 (384096050)|ENTERING_MANAGED_PKG|dlrs
14:48:49.18 (384177400)|ENTERING_MANAGED_PKG|dlrs
14:48:49.18 (384189799)|ENTERING_MANAGED_PKG|dlrs
14:48:49.18 (384198370)|ENTERING_MANAGED_PKG|dlrs
14:48:49.18 (384341193)|ENTERING_MANAGED_PKG|dlrs
14:48:49.18 (384352269)|ENTERING_MANAGED_PKG|dlrs
14:48:49.18 (384425266)|ENTERING_MANAGED_PKG|dlrs
14:48:49.18 (384436317)|ENTERING_MANAGED_PKG|dlrs
14:48:49.18 (384444739)|ENTERING_MANAGED_PKG|dlrs
14:48:49.18 (384559009)|ENTERING_MANAGED_PKG|dlrs
14:48:49.18 (384568779)|ENTERING_MANAGED_PKG|dlrs
14:48:49.18 (384641609)|ENTERING_MANAGED_PKG|dlrs
14:48:49.18 (384652730)|ENTERING_MANAGED_PKG|dlrs
14:48:49.18 (384661315)|ENTERING_MANAGED_PKG|dlrs
14:48:49.18 (384778812)|ENTERING_MANAGED_PKG|dlrs
14:48:49.18 (384788640)|ENTERING_MANAGED_PKG|dlrs
14:48:49.18 (384856900)|ENTERING_MANAGED_PKG|dlrs
14:48:49.18 (384868082)|ENTERING_MANAGED_PKG|dlrs
14:48:49.18 (384879487)|ENTERING_MANAGED_PKG|dlrs
14:48:49.18 (384994650)|ENTERING_MANAGED_PKG|dlrs
14:48:49.18 (385004261)|ENTERING_MANAGED_PKG|dlrs
14:48:49.18 (385076858)|ENTERING_MANAGED_PKG|dlrs
14:48:49.18 (385087933)|ENTERING_MANAGED_PKG|dlrs
14:48:49.18 (385096489)|ENTERING_MANAGED_PKG|dlrs
14:48:49.18 (385207257)|ENTERING_MANAGED_PKG|dlrs
14:48:49.18 (385216985)|ENTERING_MANAGED_PKG|dlrs
14:48:49.18 (385298260)|ENTERING_MANAGED_PKG|dlrs
14:48:49.18 (385315742)|ENTERING_MANAGED_PKG|dlrs
14:48:49.18 (385334144)|ENTERING_MANAGED_PKG|dlrs
14:48:49.18 (385529945)|ENTERING_MANAGED_PKG|dlrs
14:48:49.18 (385546299)|ENTERING_MANAGED_PKG|dlrs
14:48:49.18 (385652086)|ENTERING_MANAGED_PKG|dlrs
14:48:49.18 (385674150)|ENTERING_MANAGED_PKG|dlrs
14:48:49.18 (385692255)|ENTERING_MANAGED_PKG|dlrs
14:48:49.18 (385874149)|ENTERING_MANAGED_PKG|dlrs
14:48:49.18 (385891359)|ENTERING_MANAGED_PKG|dlrs
14:48:49.18 (386003157)|ENTERING_MANAGED_PKG|dlrs
14:48:49.18 (386020640)|ENTERING_MANAGED_PKG|dlrs
14:48:49.18 (386037018)|ENTERING_MANAGED_PKG|dlrs
14:48:49.435 (435320407)|CUMULATIVE_LIMIT_USAGE
14:48:49.435 (435320407)|LIMIT_USAGE_FOR_NS|(default)|
  Number of SOQL queries: 0 out of 100
  Number of query rows: 0 out of 50000
  Number of SOSL queries: 0 out of 20
  Number of DML statements: 0 out of 150
  Number of DML rows: 0 out of 10000
  Maximum CPU time: 75 out of 10000
  Maximum heap size: 0 out of 6000000
  Number of callouts: 0 out of 100
  Number of Email Invocations: 0 out of 10
  Number of future calls: 0 out of 50
  Number of queueable jobs added to the queue: 0 out of 50
  Number of Mobile Apex push calls: 0 out of 10

14:48:49.435 (435320407)|LIMIT_USAGE_FOR_NS|dlrs|
  Number of SOQL queries: 0 out of 100
  Number of query rows: 10 out of 50000
  Number of SOSL queries: 0 out of 20
  Number of DML statements: 0 out of 150
  Number of DML rows: 0 out of 10000
  Maximum CPU time: 0 out of 10000
  Maximum heap size: 0 out of 6000000
  Number of callouts: 1 out of 100
  Number of Email Invocations: 0 out of 10
  Number of future calls: 0 out of 50
  Number of queueable jobs added to the queue: 0 out of 50
  Number of Mobile Apex push calls: 0 out of 10

14:48:49.435 (435320407)|CUMULATIVE_LIMIT_USAGE_END

