39.0 APEX_CODE,FINEST;APEX_PROFILING,FINEST;CALLOUT,INFO;DB,INFO;SYSTEM,DEBUG;VALIDATION,INFO;VISUALFORCE,INFO;WAVE,INFO;WORKFLOW,INFO
15:09:00.0 (679490)|USER_INFO|[EXTERNAL]|00528000006B07F|dev@systempartners.com.prod.pcphase2|Australian Eastern Standard Time|GMT+11:00
15:09:00.0 (709941)|EXECUTION_STARTED
15:09:00.0 (714887)|CODE_UNIT_STARTED|[EXTERNAL]|VisualForce View State
15:09:00.0 (392094291)|HEAP_ALLOCATE|[72]|Bytes:3
15:09:00.0 (392148003)|HEAP_ALLOCATE|[77]|Bytes:152
15:09:00.0 (392164277)|HEAP_ALLOCATE|[342]|Bytes:408
15:09:00.0 (392183867)|HEAP_ALLOCATE|[355]|Bytes:408
15:09:00.0 (392201744)|HEAP_ALLOCATE|[467]|Bytes:48
15:09:00.0 (392231577)|HEAP_ALLOCATE|[139]|Bytes:6
15:09:00.0 (392260969)|HEAP_ALLOCATE|[50]|Bytes:5
15:09:00.0 (392293486)|HEAP_ALLOCATE|[56]|Bytes:5
15:09:00.0 (392303229)|HEAP_ALLOCATE|[64]|Bytes:7
15:09:00.0 (393955588)|CODE_UNIT_FINISHED|VisualForce View State
15:09:00.0 (395607905)|EXECUTION_FINISHED
15:09:00.397 (397044684)|USER_INFO|[EXTERNAL]|00528000006B07F|dev@systempartners.com.prod.pcphase2|Australian Eastern Standard Time|GMT+11:00
15:09:00.397 (397079437)|SYSTEM_MODE_ENTER|true
15:09:00.397 (397147890)|HEAP_ALLOCATE|[EXTERNAL]|Bytes:38
15:09:00.397 (397155702)|HEAP_ALLOCATE|[EXTERNAL]|Bytes:7
15:09:00.397 (397165462)|SYSTEM_METHOD_ENTRY|[1]|PageMessagesComponentController.PageMessagesComponentController()
15:09:00.397 (397169687)|STATEMENT_EXECUTE|[1]
15:09:01.837 (1837770189)|CUMULATIVE_LIMIT_USAGE
15:09:01.837 (1837770189)|LIMIT_USAGE_FOR_NS|(default)|
  Number of SOQL queries: 0 out of 100
  Number of query rows: 0 out of 50000
  Number of SOSL queries: 0 out of 20
  Number of DML statements: 0 out of 150
  Number of DML rows: 0 out of 10000
  Maximum CPU time: 0 out of 10000
  Maximum heap size: 0 out of 6000000
  Number of callouts: 0 out of 100
  Number of Email Invocations: 0 out of 10
  Number of future calls: 0 out of 50
  Number of queueable jobs added to the queue: 0 out of 50
  Number of Mobile Apex push calls: 0 out of 10

15:09:01.837 (1837770189)|CUMULATIVE_LIMIT_USAGE_END

