38.0 APEX_CODE,FINEST;APEX_PROFILING,FINEST;CALLOUT,INFO;DB,INFO;SYSTEM,DEBUG;VALIDATION,INFO;VISUALFORCE,INFO;WAVE,INFO;WORKFLOW,INFO
10:41:07.0 (532629)|USER_INFO|[EXTERNAL]|00528000006B07F|dev@systempartners.com.prod.pcphase2|Australian Eastern Standard Time|GMT+11:00
10:41:07.0 (565248)|EXECUTION_STARTED
10:41:07.0 (569454)|CODE_UNIT_STARTED|[EXTERNAL]|Workflow:01IO0000000Di35
10:41:07.0 (23794564)|WF_RULE_EVAL_BEGIN|Workflow
10:41:07.0 (23823734)|WF_CRITERIA_BEGIN|[Insurances: INS-00000003 a0YO0000006LIxd]|Outbound Message - Insurances|01QO00000009M7f|ON_ALL_CHANGES|0
10:41:07.0 (25189092)|WF_RULE_FILTER|[Insurances : Insurance Id not equal to ]
10:41:07.0 (25202618)|WF_RULE_EVAL_VALUE|INS-00000003
10:41:07.0 (25205761)|WF_CRITERIA_END|true
10:41:07.0 (40513540)|WF_CRITERIA_BEGIN|[Insurances: INS-00000004 a0YO0000006LIxe]|Outbound Message - Insurances|01QO00000009M7f|ON_ALL_CHANGES|0
10:41:07.0 (40544149)|WF_RULE_FILTER|[Insurances : Insurance Id not equal to ]
10:41:07.0 (40553225)|WF_RULE_EVAL_VALUE|INS-00000004
10:41:07.0 (40555553)|WF_CRITERIA_END|true
10:41:07.0 (40565718)|WF_CRITERIA_BEGIN|[Insurances: INS-00000005 a0YO0000006LIxf]|Outbound Message - Insurances|01QO00000009M7f|ON_ALL_CHANGES|0
10:41:07.0 (40579128)|WF_RULE_FILTER|[Insurances : Insurance Id not equal to ]
10:41:07.0 (40583095)|WF_RULE_EVAL_VALUE|INS-00000005
10:41:07.0 (40584579)|WF_CRITERIA_END|true
10:41:07.0 (40591447)|WF_CRITERIA_BEGIN|[Insurances: INS-00000006 a0YO0000006LIxg]|Outbound Message - Insurances|01QO00000009M7f|ON_ALL_CHANGES|0
10:41:07.0 (40602784)|WF_RULE_FILTER|[Insurances : Insurance Id not equal to ]
10:41:07.0 (40606400)|WF_RULE_EVAL_VALUE|INS-00000006
10:41:07.0 (40607732)|WF_CRITERIA_END|true
10:41:07.0 (40620499)|WF_SPOOL_ACTION_BEGIN|Workflow
10:41:07.0 (40637997)|WF_RULE_INVOCATION|[Insurances: INS-00000003 a0YO0000006LIxd]
10:41:07.0 (40646978)|WF_OUTBOUND_MSG|[Insurances: INS-00000003 a0YO0000006LIxd]|Id=04kO00000004D8L|CurrentRule:Outbound Message - Insurances (Id=01QO00000009M7f)
10:41:07.0 (40652652)|WF_RULE_INVOCATION|[Insurances: INS-00000004 a0YO0000006LIxe]
10:41:07.0 (40655475)|WF_OUTBOUND_MSG|[Insurances: INS-00000004 a0YO0000006LIxe]|Id=04kO00000004D8L|CurrentRule:Outbound Message - Insurances (Id=01QO00000009M7f)
10:41:07.0 (40659438)|WF_RULE_INVOCATION|[Insurances: INS-00000005 a0YO0000006LIxf]
10:41:07.0 (40662103)|WF_OUTBOUND_MSG|[Insurances: INS-00000005 a0YO0000006LIxf]|Id=04kO00000004D8L|CurrentRule:Outbound Message - Insurances (Id=01QO00000009M7f)
10:41:07.0 (40666161)|WF_RULE_INVOCATION|[Insurances: INS-00000006 a0YO0000006LIxg]
10:41:07.0 (40668832)|WF_OUTBOUND_MSG|[Insurances: INS-00000006 a0YO0000006LIxg]|Id=04kO00000004D8L|CurrentRule:Outbound Message - Insurances (Id=01QO00000009M7f)
10:41:07.0 (40683357)|WF_ACTION| Outbound Message: 4;
10:41:07.0 (40686050)|WF_RULE_EVAL_END
10:41:07.0 (61859833)|WF_ACTIONS_END| Outbound Message: 4;
10:41:07.0 (61873570)|CODE_UNIT_FINISHED|Workflow:01IO0000000Di35
10:41:07.0 (61879528)|EXECUTION_FINISHED
10:41:07.127 (127758693)|CUMULATIVE_PROFILING_BEGIN
10:41:07.127 (127758693)|CUMULATIVE_PROFILING|No profiling information for SOQL operations
10:41:07.127 (127758693)|CUMULATIVE_PROFILING|No profiling information for SOSL operations
10:41:07.127 (127758693)|CUMULATIVE_PROFILING|No profiling information for DML operations
10:41:07.127 (127758693)|CUMULATIVE_PROFILING|No profiling information for method invocations
10:41:07.127 (127758693)|CUMULATIVE_PROFILING_END
