34.0 APEX_CODE,FINEST;APEX_PROFILING,FINEST;CALLOUT,NONE;DB,FINEST;SYSTEM,FINE;VALIDATION,INFO;VISUALFORCE,INFO;WAVE,INFO;WORKFLOW,FINER
11:35:13.0 (458555)|USER_INFO|[EXTERNAL]|00528000006BYTI|vlum@jhg.com.au.pcphase2|Australian Eastern Standard Time|GMT+10:00
11:35:13.0 (499352)|EXECUTION_STARTED
11:35:13.0 (506984)|CODE_UNIT_STARTED|[EXTERNAL]|TRIGGERS
11:35:13.0 (552067)|CODE_UNIT_STARTED|[EXTERNAL]|01qO00000000Ue8|AssignedApproverTrigger on Assigned_Approver trigger event BeforeUpdate for [a0oO0000002tfh3]
11:35:13.0 (622292)|HEAP_ALLOCATE|[EXTERNAL]|Bytes:8
11:35:13.0 (690194)|HEAP_ALLOCATE|[EXTERNAL]|Bytes:8
11:35:13.0 (1263577)|HEAP_ALLOCATE|[72]|Bytes:3
11:35:13.0 (1304577)|HEAP_ALLOCATE|[77]|Bytes:152
11:35:13.0 (1321782)|HEAP_ALLOCATE|[342]|Bytes:408
11:35:13.0 (1348237)|HEAP_ALLOCATE|[355]|Bytes:408
11:35:13.0 (1379571)|HEAP_ALLOCATE|[467]|Bytes:48
11:35:13.0 (1426239)|HEAP_ALLOCATE|[139]|Bytes:6
11:35:13.0 (1453779)|HEAP_ALLOCATE|[EXTERNAL]|Bytes:1
11:35:13.0 (1476967)|HEAP_ALLOCATE|[EXTERNAL]|Bytes:4
11:35:13.0 (1491324)|VARIABLE_SCOPE_BEGIN|[1]|this|AssignedApproverTrigger|true|false
11:35:13.0 (1538062)|VARIABLE_ASSIGNMENT|[1]|this|{}|0x479f2f35
11:35:13.0 (1595176)|HEAP_ALLOCATE|[EXTERNAL]|Bytes:4
11:35:13.0 (1605326)|VARIABLE_SCOPE_BEGIN|[1]|this|AssignedApproverTrigger|true|false
11:35:13.0 (1617897)|VARIABLE_ASSIGNMENT|[1]|this|{}|0x479f2f35
11:35:13.0 (1624838)|STATEMENT_EXECUTE|[1]
11:35:13.0 (1627826)|STATEMENT_EXECUTE|[2]
11:35:13.0 (1943744)|HEAP_ALLOCATE|[2]|Bytes:36
11:35:13.0 (1966042)|HEAP_ALLOCATE|[50]|Bytes:5
11:35:13.0 (1981419)|HEAP_ALLOCATE|[56]|Bytes:5
11:35:13.0 (1988895)|HEAP_ALLOCATE|[64]|Bytes:7
11:35:13.0 (2027828)|SYSTEM_METHOD_ENTRY|[2]|System.debug(APEX_OBJECT, ANY)
11:35:13.0 (2062169)|USER_DEBUG|[2]|ERROR|*** Assigned Approver Trigger Firing
11:35:13.0 (2071530)|SYSTEM_METHOD_EXIT|[2]|System.debug(APEX_OBJECT, ANY)
11:35:13.0 (2077564)|STATEMENT_EXECUTE|[3]
11:35:13.0 (74763423)|VARIABLE_SCOPE_BEGIN|[14]|Assigned_Approver_TriggerHandler.recursionAfter|Boolean|false|true
11:35:13.0 (74777155)|VARIABLE_SCOPE_BEGIN|[13]|Assigned_Approver_TriggerHandler.recursionBefore|Boolean|false|true
11:35:13.0 (122025133)|VARIABLE_SCOPE_BEGIN|[5]|TriggerHandler.bypassedHandlers|Set<String>|true|true
11:35:13.0 (122315242)|VARIABLE_SCOPE_BEGIN|[4]|TriggerHandler.loopCountMap|Map<String,TriggerHandler.LoopCount>|true|true
11:35:13.0 (122378244)|HEAP_ALLOCATE|[3]|Bytes:14
11:35:13.0 (122396515)|HEAP_ALLOCATE|[3]|Bytes:20
11:35:13.0 (122419767)|METHOD_ENTRY|[12]|01pO00000003Sem|Assigned_Approver_TriggerHandler.Assigned_Approver_TriggerHandler()
11:35:13.0 (122426169)|STATEMENT_EXECUTE|[12]
11:35:13.0 (122433902)|STATEMENT_EXECUTE|[12]
11:35:13.0 (122455973)|HEAP_ALLOCATE|[13]|Bytes:5
11:35:13.0 (122460260)|STATEMENT_EXECUTE|[13]
11:35:13.0 (122469002)|HEAP_ALLOCATE|[13]|Bytes:5
11:35:13.0 (122485414)|VARIABLE_ASSIGNMENT|[13]|Assigned_Approver_TriggerHandler.recursionBefore|false
11:35:13.0 (122488380)|STATEMENT_EXECUTE|[14]
11:35:13.0 (122492103)|HEAP_ALLOCATE|[14]|Bytes:5
11:35:13.0 (122497066)|VARIABLE_ASSIGNMENT|[14]|Assigned_Approver_TriggerHandler.recursionAfter|false
11:35:13.0 (122513867)|METHOD_EXIT|[12]|Assigned_Approver_TriggerHandler
11:35:13.0 (122724628)|HEAP_ALLOCATE|[3]|Bytes:12
11:35:13.0 (122746906)|CONSTRUCTOR_ENTRY|[3]|01pO00000003Sem|<init>()
11:35:13.0 (122786975)|VARIABLE_SCOPE_BEGIN|[16]|this|Assigned_Approver_TriggerHandler|true|false
11:35:13.0 (122829543)|VARIABLE_ASSIGNMENT|[16]|this|{}|0x391a168f
11:35:13.0 (122840849)|HEAP_ALLOCATE|[16]|Bytes:5
11:35:13.0 (122844833)|STATEMENT_EXECUTE|[12]
11:35:13.0 (122847387)|HEAP_ALLOCATE|[16]|Bytes:5
11:35:13.0 (122857536)|HEAP_ALLOCATE|[16]|Bytes:48
11:35:13.0 (122862094)|HEAP_ALLOCATE|[16]|Bytes:69
11:35:13.0 (122873137)|METHOD_ENTRY|[1]|01pO00000003AAn|TriggerHandler.TriggerHandler()
11:35:13.0 (122876060)|STATEMENT_EXECUTE|[1]
11:35:13.0 (122878374)|STATEMENT_EXECUTE|[1]
11:35:13.0 (122879575)|STATEMENT_EXECUTE|[16]
11:35:13.0 (122880956)|STATEMENT_EXECUTE|[17]
11:35:13.0 (122889386)|HEAP_ALLOCATE|[17]|Bytes:4
11:35:13.0 (122933274)|VARIABLE_ASSIGNMENT|[17]|TriggerHandler.loopCountMap|{}|0x253b6a1b
11:35:13.0 (122936648)|STATEMENT_EXECUTE|[18]
11:35:13.0 (122944578)|HEAP_ALLOCATE|[18]|Bytes:4
11:35:13.0 (122960305)|SYSTEM_CONSTRUCTOR_ENTRY|[18]|<init>(Integer)
11:35:13.0 (122979968)|SYSTEM_CONSTRUCTOR_EXIT|[18]|<init>(Integer)
11:35:13.0 (123022779)|VARIABLE_ASSIGNMENT|[18]|TriggerHandler.bypassedHandlers|[]|0x68de6729
11:35:13.0 (123027174)|STATEMENT_EXECUTE|[187]
11:35:13.0 (123028532)|STATEMENT_EXECUTE|[236]
11:35:13.0 (123033604)|METHOD_EXIT|[1]|TriggerHandler
11:35:13.0 (123040728)|CONSTRUCTOR_ENTRY|[16]|01pO00000003AAn|<init>()
11:35:13.0 (123167223)|VARIABLE_SCOPE_BEGIN|[22]|this|TriggerHandler|true|false
11:35:13.0 (123183593)|VARIABLE_ASSIGNMENT|[22]|this|{}|0x391a168f
11:35:13.0 (123187687)|STATEMENT_EXECUTE|[1]
11:35:13.0 (123189028)|STATEMENT_EXECUTE|[9]
11:35:13.0 (123190208)|STATEMENT_EXECUTE|[13]
11:35:13.0 (123197637)|HEAP_ALLOCATE|[23]|Bytes:6
11:35:13.0 (123225304)|STATEMENT_EXECUTE|[22]
11:35:13.0 (123227490)|STATEMENT_EXECUTE|[23]
11:35:13.0 (123257830)|METHOD_ENTRY|[23]|01pO00000003AAn|TriggerHandler.setTriggerContext()
11:35:13.0 (123286506)|VARIABLE_SCOPE_BEGIN|[94]|this|TriggerHandler|true|false
11:35:13.0 (123300499)|VARIABLE_ASSIGNMENT|[94]|this|{}|0x391a168f
11:35:13.0 (123306701)|STATEMENT_EXECUTE|[94]
11:35:13.0 (123307972)|STATEMENT_EXECUTE|[95]
11:35:13.0 (123323108)|METHOD_ENTRY|[95]|01pO00000003AAn|TriggerHandler.setTriggerContext(String, Boolean)
11:35:13.0 (123345090)|VARIABLE_SCOPE_BEGIN|[99]|this|TriggerHandler|true|false
11:35:13.0 (123358053)|VARIABLE_ASSIGNMENT|[99]|this|{}|0x391a168f
11:35:13.0 (123361457)|VARIABLE_SCOPE_BEGIN|[99]|ctx|String|false|false
11:35:13.0 (123365121)|VARIABLE_ASSIGNMENT|[99]|ctx|null
11:35:13.0 (123369938)|VARIABLE_SCOPE_BEGIN|[99]|testMode|Boolean|false|false
11:35:13.0 (123372988)|VARIABLE_ASSIGNMENT|[99]|testMode|false
11:35:13.0 (123376932)|STATEMENT_EXECUTE|[99]
11:35:13.0 (123399875)|STATEMENT_EXECUTE|[103]
11:35:13.0 (123401504)|STATEMENT_EXECUTE|[104]
11:35:13.0 (123408493)|HEAP_ALLOCATE|[104]|Bytes:5
11:35:13.0 (123432730)|STATEMENT_EXECUTE|[111]
11:35:13.0 (123434242)|STATEMENT_EXECUTE|[112]
11:35:13.0 (123456706)|HEAP_ALLOCATE|[112]|Bytes:12
11:35:13.0 (123464376)|HEAP_ALLOCATE|[112]|Bytes:13
11:35:13.0 (123539551)|HEAP_ALLOCATE|[112]|Bytes:12
11:35:13.0 (123547136)|HEAP_ALLOCATE|[112]|Bytes:13
11:35:13.0 (123568955)|HEAP_ALLOCATE|[112]|Bytes:12
11:35:13.0 (123575418)|HEAP_ALLOCATE|[112]|Bytes:13
11:35:13.0 (123595589)|HEAP_ALLOCATE|[112]|Bytes:12
11:35:13.0 (123599350)|HEAP_ALLOCATE|[112]|Bytes:12
11:35:13.0 (123612165)|HEAP_ALLOCATE|[112]|Bytes:12
11:35:13.0 (123615342)|HEAP_ALLOCATE|[112]|Bytes:12
11:35:13.0 (123624717)|HEAP_ALLOCATE|[112]|Bytes:12
11:35:13.0 (123627643)|HEAP_ALLOCATE|[112]|Bytes:12
11:35:13.0 (123637001)|HEAP_ALLOCATE|[112]|Bytes:12
11:35:13.0 (123639826)|HEAP_ALLOCATE|[112]|Bytes:14
11:35:13.0 (123660904)|METHOD_EXIT|[95]|01pO00000003AAn|TriggerHandler.setTriggerContext(String, Boolean)
11:35:13.0 (123668073)|METHOD_EXIT|[23]|01pO00000003AAn|TriggerHandler.setTriggerContext()
11:35:13.0 (123672218)|CONSTRUCTOR_EXIT|[16]|01pO00000003AAn|<init>()
11:35:13.0 (123675391)|STATEMENT_EXECUTE|[16]
11:35:13.0 (123681041)|CONSTRUCTOR_EXIT|[3]|01pO00000003Sem|<init>()
11:35:13.0 (123690076)|METHOD_ENTRY|[3]|01pO00000003AAn|TriggerHandler.run()
11:35:13.0 (123695594)|VARIABLE_SCOPE_BEGIN|[31]|this|TriggerHandler|true|false
11:35:13.0 (123720180)|VARIABLE_ASSIGNMENT|[31]|this|{"context":"0x54127a06","isTriggerExecuting":true}|0x391a168f
11:35:13.0 (123724825)|STATEMENT_EXECUTE|[31]
11:35:13.0 (123733403)|METHOD_ENTRY|[33]|01pO00000003AAn|TriggerHandler.validateRun()
11:35:13.0 (123748820)|VARIABLE_SCOPE_BEGIN|[146]|this|TriggerHandler|true|false
11:35:13.0 (123763870)|VARIABLE_ASSIGNMENT|[146]|this|{"context":"0x54127a06","isTriggerExecuting":true}|0x391a168f
11:35:13.0 (123768114)|STATEMENT_EXECUTE|[146]
11:35:13.0 (123776005)|STATEMENT_EXECUTE|[147]
11:35:13.0 (123785463)|METHOD_ENTRY|[150]|01pO00000003AAn|TriggerHandler.getHandlerName()
11:35:13.0 (123802255)|VARIABLE_SCOPE_BEGIN|[157]|this|TriggerHandler|true|false
11:35:13.0 (123816829)|VARIABLE_ASSIGNMENT|[157]|this|{"context":"0x54127a06","isTriggerExecuting":true}|0x391a168f
11:35:13.0 (123821286)|STATEMENT_EXECUTE|[157]
11:35:13.0 (123822483)|STATEMENT_EXECUTE|[158]
11:35:13.0 (123859580)|SYSTEM_METHOD_ENTRY|[158]|String.valueOf(Object)
11:35:13.0 (123925447)|HEAP_ALLOCATE|[158]|Bytes:224
11:35:13.0 (123942356)|SYSTEM_METHOD_EXIT|[158]|String.valueOf(Object)
11:35:13.0 (123959238)|SYSTEM_METHOD_ENTRY|[158]|String.valueOf(Object)
11:35:13.0 (123987632)|HEAP_ALLOCATE|[158]|Bytes:224
11:35:13.0 (124000850)|SYSTEM_METHOD_EXIT|[158]|String.valueOf(Object)
11:35:13.0 (124006659)|HEAP_ALLOCATE|[158]|Bytes:1
11:35:13.0 (124020967)|SYSTEM_METHOD_ENTRY|[158]|String.indexOf(String)
11:35:13.0 (124031021)|SYSTEM_METHOD_EXIT|[158]|String.indexOf(String)
11:35:13.0 (124043884)|SYSTEM_METHOD_ENTRY|[158]|String.substring(Integer, Integer)
11:35:13.0 (124049482)|HEAP_ALLOCATE|[158]|Bytes:32
11:35:13.0 (124058181)|SYSTEM_METHOD_EXIT|[158]|String.substring(Integer, Integer)
11:35:13.0 (124064713)|METHOD_EXIT|[150]|01pO00000003AAn|TriggerHandler.getHandlerName()
11:35:13.0 (124079654)|SYSTEM_METHOD_ENTRY|[150]|Set<String>.contains(Object)
11:35:13.0 (124090393)|SYSTEM_METHOD_EXIT|[150]|Set<String>.contains(Object)
11:35:13.0 (124095350)|STATEMENT_EXECUTE|[150]
11:35:13.0 (124096955)|STATEMENT_EXECUTE|[153]
11:35:13.0 (124101164)|METHOD_EXIT|[33]|01pO00000003AAn|TriggerHandler.validateRun()
11:35:13.0 (124104254)|STATEMENT_EXECUTE|[33]
11:35:13.0 (124105601)|STATEMENT_EXECUTE|[35]
11:35:13.0 (124112993)|METHOD_ENTRY|[35]|01pO00000003AAn|TriggerHandler.addToLoopCount()
11:35:13.0 (124130903)|VARIABLE_SCOPE_BEGIN|[133]|this|TriggerHandler|true|false
11:35:13.0 (124148447)|VARIABLE_ASSIGNMENT|[133]|this|{"context":"0x54127a06","isTriggerExecuting":true}|0x391a168f
11:35:13.0 (124153278)|STATEMENT_EXECUTE|[133]
11:35:13.0 (124154590)|STATEMENT_EXECUTE|[134]
11:35:13.0 (124162566)|METHOD_ENTRY|[134]|01pO00000003AAn|TriggerHandler.getHandlerName()
11:35:13.0 (124172953)|VARIABLE_SCOPE_BEGIN|[157]|this|TriggerHandler|true|false
11:35:13.0 (124187071)|VARIABLE_ASSIGNMENT|[157]|this|{"context":"0x54127a06","isTriggerExecuting":true}|0x391a168f
11:35:13.0 (124190877)|STATEMENT_EXECUTE|[157]
11:35:13.0 (124192183)|STATEMENT_EXECUTE|[158]
11:35:13.0 (124207214)|SYSTEM_METHOD_ENTRY|[158]|String.valueOf(Object)
11:35:13.0 (124237253)|HEAP_ALLOCATE|[158]|Bytes:224
11:35:13.0 (124251005)|SYSTEM_METHOD_EXIT|[158]|String.valueOf(Object)
11:35:13.0 (124264815)|SYSTEM_METHOD_ENTRY|[158]|String.valueOf(Object)
11:35:13.0 (124290537)|HEAP_ALLOCATE|[158]|Bytes:224
11:35:13.0 (124303589)|SYSTEM_METHOD_EXIT|[158]|String.valueOf(Object)
11:35:13.0 (124314050)|SYSTEM_METHOD_ENTRY|[158]|String.indexOf(String)
11:35:13.0 (124321412)|SYSTEM_METHOD_EXIT|[158]|String.indexOf(String)
11:35:13.0 (124330238)|SYSTEM_METHOD_ENTRY|[158]|String.substring(Integer, Integer)
11:35:13.0 (124334209)|HEAP_ALLOCATE|[158]|Bytes:32
11:35:13.0 (124346657)|SYSTEM_METHOD_EXIT|[158]|String.substring(Integer, Integer)
11:35:13.0 (124352320)|METHOD_EXIT|[134]|01pO00000003AAn|TriggerHandler.getHandlerName()
11:35:13.0 (124356450)|VARIABLE_SCOPE_BEGIN|[134]|handlerName|String|false|false
11:35:13.0 (124367532)|VARIABLE_ASSIGNMENT|[134]|handlerName|"Assigned_Approver_Tr (12 more) ..."
11:35:13.0 (124386251)|SYSTEM_METHOD_ENTRY|[135]|Map<String,TriggerHandler.LoopCount>.containsKey(Object)
11:35:13.0 (124406455)|SYSTEM_METHOD_EXIT|[135]|Map<String,TriggerHandler.LoopCount>.containsKey(Object)
11:35:13.0 (124411616)|STATEMENT_EXECUTE|[135]
11:35:13.0 (124415692)|METHOD_EXIT|[35]|01pO00000003AAn|TriggerHandler.addToLoopCount()
11:35:13.0 (124450471)|SYSTEM_METHOD_ENTRY|[38]|com.salesforce.api.fast.System.compareObjects(Object, Object)
11:35:13.0 (124517847)|SYSTEM_METHOD_EXIT|[38]|com.salesforce.api.fast.System.compareObjects(Object, Object)
11:35:13.0 (124537260)|SYSTEM_METHOD_ENTRY|[40]|com.salesforce.api.fast.System.compareObjects(Object, Object)
11:35:13.0 (124562418)|SYSTEM_METHOD_EXIT|[40]|com.salesforce.api.fast.System.compareObjects(Object, Object)
11:35:13.0 (124566907)|STATEMENT_EXECUTE|[40]
11:35:13.0 (124568475)|STATEMENT_EXECUTE|[41]
11:35:13.0 (124579205)|METHOD_ENTRY|[41]|01pO00000003Sem|Assigned_Approver_TriggerHandler.beforeUpdate()
11:35:13.0 (124596791)|VARIABLE_SCOPE_BEGIN|[20]|this|Assigned_Approver_TriggerHandler|true|false
11:35:13.0 (124614855)|VARIABLE_ASSIGNMENT|[20]|this|{"context":"0x54127a06","isTriggerExecuting":true}|0x391a168f
11:35:13.0 (124625362)|HEAP_ALLOCATE|[21]|Bytes:5
11:35:13.0 (124629401)|STATEMENT_EXECUTE|[20]
11:35:13.0 (124634723)|STATEMENT_EXECUTE|[21]
11:35:13.0 (124635938)|STATEMENT_EXECUTE|[22]
11:35:13.0 (124645571)|METHOD_ENTRY|[22]|01pO00000003Sem|Assigned_Approver_TriggerHandler.findCurrentApproversThatHaveApproved()
11:35:13.0 (124669636)|HEAP_ALLOCATE|[41]|Bytes:5
11:35:13.0 (124673454)|STATEMENT_EXECUTE|[40]
11:35:13.0 (124674618)|STATEMENT_EXECUTE|[41]
11:35:13.0 (124682557)|HEAP_ALLOCATE|[41]|Bytes:20
11:35:13.0 (124782511)|SYSTEM_METHOD_ENTRY|[41]|String.valueOf(Object)
11:35:13.0 (131602851)|HEAP_ALLOCATE|[41]|Bytes:851
11:35:13.0 (131637159)|SYSTEM_METHOD_EXIT|[41]|String.valueOf(Object)
11:35:13.0 (131658581)|HEAP_ALLOCATE|[41]|Bytes:871
11:35:13.0 (131681571)|SYSTEM_METHOD_ENTRY|[41]|System.debug(APEX_OBJECT, ANY)
11:35:13.0 (131710102)|USER_DEBUG|[41]|ERROR|*** Find approvers: (Assigned_Approver__c:{Id=a0oO0000002tfh3IAA, OwnerId=005O0000003t7anIAA, IsDeleted=false, Name=Approver-000000263, CreatedDate=2017-04-06 01:00:45, CreatedById=005O0000003t7anIAA, LastModifiedDate=2017-04-06 01:01:31, LastModifiedById=005O0000003t7anIAA, SystemModstamp=2017-04-06 11:20:29, LastViewedDate=null, LastReferencedDate=null, Approver__c=005O0000003t7anIAA, Gate__c=a0nO0000003xfgwIAA, Approval_Level__c=1, Approval_Status__c=Pending Approval, Approval_Comments__c=Here are some comments, No_of_Approval_Conditions__c=0, Current_Approver__c=true, Approver_Role__c=Regional Pre Contracts Manager, Wet_Signature_Received__c=false, Wet_Signature_Date__c=null, Decision_Date__c=null, Prospect__c=006O0000008lftOIAQ, Approval_Conditions__c=Here are some conditions, Gate_Type__c=null, Opportunity_ID__c=006O0000008lftO, Proxy_Approver__c=null})
11:35:13.0 (131722049)|SYSTEM_METHOD_EXIT|[41]|System.debug(APEX_OBJECT, ANY)
11:35:13.0 (131727024)|STATEMENT_EXECUTE|[43]
11:35:13.0 (131741261)|HEAP_ALLOCATE|[43]|Bytes:4
11:35:13.0 (131759499)|SYSTEM_CONSTRUCTOR_ENTRY|[43]|<init>(Integer)
11:35:13.0 (131778127)|SYSTEM_CONSTRUCTOR_EXIT|[43]|<init>(Integer)
11:35:13.0 (131783304)|VARIABLE_SCOPE_BEGIN|[43]|gatesToFindNextApprover|Set<Id>|true|false
11:35:13.0 (131815661)|VARIABLE_ASSIGNMENT|[43]|gatesToFindNextApprover|[]|0x40548e78
11:35:13.0 (131883616)|SYSTEM_METHOD_ENTRY|[44]|List<Assigned_Approver__c>.iterator()
11:35:13.0 (132032875)|SYSTEM_METHOD_EXIT|[44]|List<Assigned_Approver__c>.iterator()
11:35:13.0 (132063405)|SYSTEM_METHOD_ENTRY|[44]|system.ListIterator.hasNext()
11:35:13.0 (132075548)|HEAP_ALLOCATE|[44]|Bytes:5
11:35:13.0 (132082420)|SYSTEM_METHOD_EXIT|[44]|system.ListIterator.hasNext()
11:35:13.0 (132107955)|HEAP_ALLOCATE|[44]|Bytes:4
11:35:13.0 (132118876)|VARIABLE_SCOPE_BEGIN|[44]|AA|Assigned_Approver__c|true|false
11:35:13.0 (132411714)|VARIABLE_ASSIGNMENT|[44]|AA|{"Approval_Level__c":"1","LastModifiedDate":"2017-04-06T01:01:31.000Z","Approval_Comments__c":"Here are some commen (2 more) ...","Opportunity_ID__c":"006O0000008lftO","IsDeleted":false,"Approver__c":"005O0000003t7anIAA","Wet_Signature_Receiv (5 more) ...":false,"Gate__c":"a0nO0000003xfgwIAA","Prospect__c":"006O0000008lftOIAQ","Name":"Approver-000000263","SystemModstamp":"2017-04-06T11:20:29.000Z","OwnerId":"005O0000003t7anIAA","CreatedById":"005O0000003t7anIAA","Approver_Role__c":"Regional Pre Contrac (10 more) ...","Approval_Conditions_ (2 more) ...":"Here are some condit (4 more) ...","No_of_Approval_Condi (8 more) ...":0,"CreatedDate":"2017-04-06T01:00:45.000Z","Id":"a0oO0000002tfh3IAA","Current_Approver__c":true,"LastModifiedById":"005O0000003t7anIAA","Approval_Status__c":"Pending Approval"}|0x42b333d3
11:35:13.0 (132421117)|STATEMENT_EXECUTE|[44]
11:35:13.0 (132422981)|STATEMENT_EXECUTE|[45]
11:35:13.0 (132543910)|SYSTEM_METHOD_ENTRY|[45]|Map<Id,Assigned_Approver__c>.get(Object)
11:35:13.0 (132572898)|SYSTEM_METHOD_EXIT|[45]|Map<Id,Assigned_Approver__c>.get(Object)
11:35:13.0 (132586265)|VARIABLE_SCOPE_BEGIN|[45]|oldApprover|Assigned_Approver__c|true|false
11:35:13.0 (133009870)|VARIABLE_ASSIGNMENT|[45]|oldApprover|{"Approval_Level__c":"1","LastModifiedDate":"2017-04-06T01:01:31.000Z","Opportunity_ID__c":"006O0000008lftO","IsDeleted":false,"Approver__c":"005O0000003t7anIAA","Wet_Signature_Receiv (5 more) ...":false,"Gate__c":"a0nO0000003xfgwIAA","Prospect__c":"006O0000008lftOIAQ","Name":"Approver-000000263","SystemModstamp":"2017-04-06T11:20:29.000Z","OwnerId":"005O0000003t7anIAA","CreatedById":"005O0000003t7anIAA","Approver_Role__c":"Regional Pre Contrac (10 more) ...","No_of_Approval_Condi (8 more) ...":0,"CreatedDate":"2017-04-06T01:00:45.000Z","Id":"a0oO0000002tfh3IAA","Current_Approver__c":true,"LastModifiedById":"005O0000003t7anIAA","Approval_Status__c":"Pending Approval"}|0x690a564c
11:35:13.0 (133019204)|STATEMENT_EXECUTE|[46]
11:35:13.0 (133028683)|HEAP_ALLOCATE|[46]|Bytes:36
11:35:13.0 (133060258)|SYSTEM_METHOD_ENTRY|[46]|String.valueOf(Object)
11:35:13.0 (133416765)|HEAP_ALLOCATE|[46]|Bytes:849
11:35:13.0 (133436068)|SYSTEM_METHOD_EXIT|[46]|String.valueOf(Object)
11:35:13.0 (133446423)|HEAP_ALLOCATE|[46]|Bytes:885
11:35:13.0 (133458809)|SYSTEM_METHOD_ENTRY|[46]|System.debug(APEX_OBJECT, ANY)
11:35:13.0 (133467166)|USER_DEBUG|[46]|ERROR|*** Approvers before Wet Signature: Assigned_Approver__c:{Id=a0oO0000002tfh3IAA, OwnerId=005O0000003t7anIAA, IsDeleted=false, Name=Approver-000000263, CreatedDate=2017-04-06 01:00:45, CreatedById=005O0000003t7anIAA, LastModifiedDate=2017-04-06 01:01:31, LastModifiedById=005O0000003t7anIAA, SystemModstamp=2017-04-06 11:20:29, LastViewedDate=null, LastReferencedDate=null, Approver__c=005O0000003t7anIAA, Gate__c=a0nO0000003xfgwIAA, Approval_Level__c=1, Approval_Status__c=Pending Approval, Approval_Comments__c=Here are some comments, No_of_Approval_Conditions__c=0, Current_Approver__c=true, Approver_Role__c=Regional Pre Contracts Manager, Wet_Signature_Received__c=false, Wet_Signature_Date__c=null, Decision_Date__c=null, Prospect__c=006O0000008lftOIAQ, Approval_Conditions__c=Here are some conditions, Gate_Type__c=null, Opportunity_ID__c=006O0000008lftO, Proxy_Approver__c=null}
11:35:13.0 (133477134)|SYSTEM_METHOD_EXIT|[46]|System.debug(APEX_OBJECT, ANY)
11:35:13.0 (133508077)|STATEMENT_EXECUTE|[49]
11:35:13.0 (133510801)|STATEMENT_EXECUTE|[52]
11:35:13.0 (133517508)|HEAP_ALLOCATE|[52]|Bytes:35
11:35:13.0 (133536439)|SYSTEM_METHOD_ENTRY|[52]|String.valueOf(Object)
11:35:13.0 (133826767)|HEAP_ALLOCATE|[52]|Bytes:849
11:35:13.0 (133844299)|SYSTEM_METHOD_EXIT|[52]|String.valueOf(Object)
11:35:13.0 (133854039)|HEAP_ALLOCATE|[52]|Bytes:884
11:35:13.0 (133865614)|SYSTEM_METHOD_ENTRY|[52]|System.debug(APEX_OBJECT, ANY)
11:35:13.0 (133873589)|USER_DEBUG|[52]|ERROR|*** Approvers after Wet Signature: Assigned_Approver__c:{Id=a0oO0000002tfh3IAA, OwnerId=005O0000003t7anIAA, IsDeleted=false, Name=Approver-000000263, CreatedDate=2017-04-06 01:00:45, CreatedById=005O0000003t7anIAA, LastModifiedDate=2017-04-06 01:01:31, LastModifiedById=005O0000003t7anIAA, SystemModstamp=2017-04-06 11:20:29, LastViewedDate=null, LastReferencedDate=null, Approver__c=005O0000003t7anIAA, Gate__c=a0nO0000003xfgwIAA, Approval_Level__c=1, Approval_Status__c=Pending Approval, Approval_Comments__c=Here are some comments, No_of_Approval_Conditions__c=0, Current_Approver__c=true, Approver_Role__c=Regional Pre Contracts Manager, Wet_Signature_Received__c=false, Wet_Signature_Date__c=null, Decision_Date__c=null, Prospect__c=006O0000008lftOIAQ, Approval_Conditions__c=Here are some conditions, Gate_Type__c=null, Opportunity_ID__c=006O0000008lftO, Proxy_Approver__c=null}
11:35:13.0 (133882037)|SYSTEM_METHOD_EXIT|[52]|System.debug(APEX_OBJECT, ANY)
11:35:13.0 (163117505)|VARIABLE_SCOPE_BEGIN|[51]|Constants.ApprovalOutcomeNotificationEmail|String|false|true
11:35:13.0 (163130004)|VARIABLE_SCOPE_BEGIN|[53]|Constants.ApprovalSubmissionEmail|String|false|true
11:35:13.0 (163133917)|VARIABLE_SCOPE_BEGIN|[25]|Constants.ApprovedStatus|String|false|true
11:35:13.0 (163194387)|VARIABLE_SCOPE_BEGIN|[6]|Constants.Approvers|Approvers__c|true|true
11:35:13.0 (163201389)|VARIABLE_SCOPE_BEGIN|[57]|Constants.CRA_ApprovalOutcomeNotificationEmail|String|false|true
11:35:13.0 (163205339)|VARIABLE_SCOPE_BEGIN|[59]|Constants.CRA_ApprovalSubmissionEmail|String|false|true
11:35:13.0 (163209140)|VARIABLE_SCOPE_BEGIN|[58]|Constants.CRA_DecisionRequiredEmail|String|false|true
11:35:13.0 (163212338)|VARIABLE_SCOPE_BEGIN|[47]|Constants.ClosedWonStage|String|false|true
11:35:13.0 (163215209)|VARIABLE_SCOPE_BEGIN|[26]|Constants.ConditionallyApprovedStatus|String|false|true
11:35:13.0 (163218667)|VARIABLE_SCOPE_BEGIN|[52]|Constants.DecisionRequiredEmail|String|false|true
11:35:13.0 (163222016)|VARIABLE_SCOPE_BEGIN|[27]|Constants.DeclinedStatus|String|false|true
11:35:13.0 (163225147)|VARIABLE_SCOPE_BEGIN|[42]|Constants.Gate1Stage|String|false|true
11:35:13.0 (163228377)|VARIABLE_SCOPE_BEGIN|[43]|Constants.Gate2Stage|String|false|true
11:35:13.0 (163231501)|VARIABLE_SCOPE_BEGIN|[44]|Constants.Gate3Stage|String|false|true
11:35:13.0 (163234650)|VARIABLE_SCOPE_BEGIN|[45]|Constants.Gate4Stage|String|false|true
11:35:13.0 (163238355)|VARIABLE_SCOPE_BEGIN|[46]|Constants.Gate5Stage|String|false|true
11:35:13.0 (163242070)|VARIABLE_SCOPE_BEGIN|[24]|Constants.InProgressStatus|String|false|true
11:35:13.0 (163246238)|VARIABLE_SCOPE_BEGIN|[23]|Constants.InitiatedStatus|String|false|true
11:35:13.0 (163249971)|VARIABLE_SCOPE_BEGIN|[41]|Constants.NewStage|String|false|true
11:35:13.0 (163253727)|VARIABLE_SCOPE_BEGIN|[30]|Constants.NotApplicableStatus|String|false|true
11:35:13.0 (163257705)|VARIABLE_SCOPE_BEGIN|[22]|Constants.NotStartedStatus|String|false|true
11:35:13.0 (163261433)|VARIABLE_SCOPE_BEGIN|[33]|Constants.PendingApprovalStatus|String|false|true
11:35:13.0 (163265130)|VARIABLE_SCOPE_BEGIN|[29]|Constants.RestartedStatus|String|false|true
11:35:13.0 (163268751)|VARIABLE_SCOPE_BEGIN|[28]|Constants.ResubmittedStatus|String|false|true
11:35:13.0 (163273437)|VARIABLE_SCOPE_BEGIN|[54]|Constants.TSF_ApprovalOutcomeNotificationEmail|String|false|true
11:35:13.0 (163278049)|VARIABLE_SCOPE_BEGIN|[56]|Constants.TSF_ApprovalSubmissionEmail|String|false|true
11:35:13.0 (163295139)|VARIABLE_SCOPE_BEGIN|[55]|Constants.TSF_DecisionRequiredEmail|String|false|true
11:35:13.0 (163304011)|VARIABLE_SCOPE_BEGIN|[37]|Constants.TenderInPreperationStatus|String|false|true
11:35:13.0 (163312615)|VARIABLE_SCOPE_BEGIN|[38]|Constants.TenderSubmittedStatus|String|false|true
11:35:13.0 (163321094)|VARIABLE_SCOPE_BEGIN|[60]|Constants.TenderWonEmail|String|false|true
11:35:13.0 (163328440)|VARIABLE_SCOPE_BEGIN|[36]|Constants.TenderWonStatus|String|false|true
11:35:13.0 (163343028)|HEAP_ALLOCATE|[55]|Bytes:28
11:35:13.0 (163359116)|HEAP_ALLOCATE|[55]|Bytes:92
11:35:13.0 (163367071)|HEAP_ALLOCATE|[55]|Bytes:1
11:35:13.0 (163371809)|HEAP_ALLOCATE|[55]|Bytes:34
11:35:13.0 (163393661)|VARIABLE_ASSIGNMENT|[55]|Constants.ApprovalOutcomeNotificationEmail|"Gate_Approval_Outcom (14 more) ..."
11:35:13.0 (163397697)|HEAP_ALLOCATE|[55]|Bytes:32
11:35:13.0 (163403874)|VARIABLE_ASSIGNMENT|[55]|Constants.ApprovalSubmissionEmail|"Approval_Submission_ (12 more) ..."
11:35:13.0 (163406234)|HEAP_ALLOCATE|[55]|Bytes:8
11:35:13.0 (163411290)|VARIABLE_ASSIGNMENT|[55]|Constants.ApprovedStatus|"Approved"
11:35:13.0 (163414296)|HEAP_ALLOCATE|[55]|Bytes:33
11:35:13.0 (163420071)|VARIABLE_ASSIGNMENT|[55]|Constants.CRA_ApprovalOutcomeNotificationEmail|"CRA_Approval_Outcome (13 more) ..."
11:35:13.0 (163422386)|HEAP_ALLOCATE|[55]|Bytes:36
11:35:13.0 (163427828)|VARIABLE_ASSIGNMENT|[55]|Constants.CRA_ApprovalSubmissionEmail|"CRA_Approval_Submiss (16 more) ..."
11:35:13.0 (163430025)|HEAP_ALLOCATE|[55]|Bytes:29
11:35:13.0 (163435456)|VARIABLE_ASSIGNMENT|[55]|Constants.CRA_DecisionRequiredEmail|"CRA_Approval_Decsion (9 more) ..."
11:35:13.0 (163437736)|HEAP_ALLOCATE|[55]|Bytes:10
11:35:13.0 (163442733)|VARIABLE_ASSIGNMENT|[55]|Constants.ClosedWonStage|"Closed Won"
11:35:13.0 (163444657)|HEAP_ALLOCATE|[55]|Bytes:22
11:35:13.0 (163449460)|VARIABLE_ASSIGNMENT|[55]|Constants.ConditionallyApprovedStatus|"Conditionally Approv (2 more) ..."
11:35:13.0 (163451467)|HEAP_ALLOCATE|[55]|Bytes:38
11:35:13.0 (163456657)|VARIABLE_ASSIGNMENT|[55]|Constants.DecisionRequiredEmail|"Approval_Decsion_Req (18 more) ..."
11:35:13.0 (163458771)|HEAP_ALLOCATE|[55]|Bytes:8
11:35:13.0 (163464112)|VARIABLE_ASSIGNMENT|[55]|Constants.DeclinedStatus|"Declined"
11:35:13.0 (163465921)|HEAP_ALLOCATE|[55]|Bytes:6
11:35:13.0 (163470580)|VARIABLE_ASSIGNMENT|[55]|Constants.Gate1Stage|"Gate 1"
11:35:13.0 (163472630)|HEAP_ALLOCATE|[55]|Bytes:6
11:35:13.0 (163477153)|VARIABLE_ASSIGNMENT|[55]|Constants.Gate2Stage|"Gate 2"
11:35:13.0 (163478920)|HEAP_ALLOCATE|[55]|Bytes:6
11:35:13.0 (163483713)|VARIABLE_ASSIGNMENT|[55]|Constants.Gate3Stage|"Gate 3"
11:35:13.0 (163485468)|HEAP_ALLOCATE|[55]|Bytes:6
11:35:13.0 (163490303)|VARIABLE_ASSIGNMENT|[55]|Constants.Gate4Stage|"Gate 4"
11:35:13.0 (163492136)|HEAP_ALLOCATE|[55]|Bytes:6
11:35:13.0 (163496536)|VARIABLE_ASSIGNMENT|[55]|Constants.Gate5Stage|"Gate 5"
11:35:13.0 (163498236)|HEAP_ALLOCATE|[55]|Bytes:11
11:35:13.0 (163503467)|VARIABLE_ASSIGNMENT|[55]|Constants.InProgressStatus|"In Progress"
11:35:13.0 (163505506)|HEAP_ALLOCATE|[55]|Bytes:9
11:35:13.0 (163510307)|VARIABLE_ASSIGNMENT|[55]|Constants.InitiatedStatus|"Initiated"
11:35:13.0 (163512176)|HEAP_ALLOCATE|[55]|Bytes:3
11:35:13.0 (163517438)|VARIABLE_ASSIGNMENT|[55]|Constants.NewStage|"New"
11:35:13.0 (163519356)|HEAP_ALLOCATE|[55]|Bytes:14
11:35:13.0 (163524587)|VARIABLE_ASSIGNMENT|[55]|Constants.NotApplicableStatus|"Not Applicable"
11:35:13.0 (163526532)|HEAP_ALLOCATE|[55]|Bytes:11
11:35:13.0 (163531587)|VARIABLE_ASSIGNMENT|[55]|Constants.NotStartedStatus|"Not Started"
11:35:13.0 (163533378)|HEAP_ALLOCATE|[55]|Bytes:16
11:35:13.0 (163538710)|VARIABLE_ASSIGNMENT|[55]|Constants.PendingApprovalStatus|"Pending Approval"
11:35:13.0 (163540866)|HEAP_ALLOCATE|[55]|Bytes:9
11:35:13.0 (163546192)|VARIABLE_ASSIGNMENT|[55]|Constants.RestartedStatus|"Restarted"
11:35:13.0 (163547996)|HEAP_ALLOCATE|[55]|Bytes:11
11:35:13.0 (163553154)|VARIABLE_ASSIGNMENT|[55]|Constants.ResubmittedStatus|"Resubmitted"
11:35:13.0 (163555222)|HEAP_ALLOCATE|[55]|Bytes:33
11:35:13.0 (163561868)|VARIABLE_ASSIGNMENT|[55]|Constants.TSF_ApprovalOutcomeNotificationEmail|"TSF_Approval_Outcome (13 more) ..."
11:35:13.0 (163572170)|HEAP_ALLOCATE|[55]|Bytes:36
11:35:13.0 (163580920)|VARIABLE_ASSIGNMENT|[55]|Constants.TSF_ApprovalSubmissionEmail|"TSF_Approval_Submiss (16 more) ..."
11:35:13.0 (163583107)|HEAP_ALLOCATE|[55]|Bytes:29
11:35:13.0 (163589988)|VARIABLE_ASSIGNMENT|[55]|Constants.TSF_DecisionRequiredEmail|"TSF_Approval_Decsion (9 more) ..."
11:35:13.0 (163592353)|HEAP_ALLOCATE|[55]|Bytes:21
11:35:13.0 (163598429)|VARIABLE_ASSIGNMENT|[55]|Constants.TenderInPreperationStatus|"Tender in Preparatio (1 more) ..."
11:35:13.0 (163600370)|HEAP_ALLOCATE|[55]|Bytes:16
11:35:13.0 (163606262)|VARIABLE_ASSIGNMENT|[55]|Constants.TenderSubmittedStatus|"Tender Submitted"
11:35:13.0 (163608318)|HEAP_ALLOCATE|[55]|Bytes:23
11:35:13.0 (163614830)|VARIABLE_ASSIGNMENT|[55]|Constants.TenderWonEmail|"Tender_Won_Notificat (3 more) ..."
11:35:13.0 (163616858)|HEAP_ALLOCATE|[55]|Bytes:10
11:35:13.0 (163622359)|VARIABLE_ASSIGNMENT|[55]|Constants.TenderWonStatus|"Tender Won"
11:35:13.0 (163641462)|METHOD_ENTRY|[1]|01pO00000003RXf|Constants.Constants()
11:35:13.0 (163646602)|STATEMENT_EXECUTE|[1]
11:35:13.0 (163653237)|STATEMENT_EXECUTE|[1]
11:35:13.0 (164443251)|SYSTEM_MODE_ENTER|false
11:35:13.0 (164459110)|HEAP_ALLOCATE|[55]|Bytes:5
11:35:13.0 (164464357)|STATEMENT_EXECUTE|[3]
11:35:13.0 (164470361)|SYSTEM_MODE_EXIT|false
11:35:13.0 (164480706)|METHOD_EXIT|[1]|Constants
11:35:13.0 (164525949)|STATEMENT_EXECUTE|[55]
11:35:13.0 (164547944)|SYSTEM_METHOD_ENTRY|[44]|system.ListIterator.hasNext()
11:35:13.0 (164559010)|HEAP_ALLOCATE|[44]|Bytes:5
11:35:13.0 (164568718)|SYSTEM_METHOD_EXIT|[44]|system.ListIterator.hasNext()
11:35:13.0 (164584520)|VARIABLE_ASSIGNMENT|[44]|AA|null|
11:35:13.0 (164599851)|SYSTEM_METHOD_ENTRY|[70]|Set<Id>.size()
11:35:13.0 (164629913)|SYSTEM_METHOD_EXIT|[70]|Set<Id>.size()
11:35:13.0 (164637314)|STATEMENT_EXECUTE|[70]
11:35:13.0 (164647811)|METHOD_EXIT|[22]|01pO00000003Sem|Assigned_Approver_TriggerHandler.findCurrentApproversThatHaveApproved()
11:35:13.0 (164651209)|STATEMENT_EXECUTE|[23]
11:35:13.0 (164660035)|HEAP_ALLOCATE|[23]|Bytes:5
11:35:13.0 (164669279)|VARIABLE_ASSIGNMENT|[23]|Assigned_Approver_TriggerHandler.recursionBefore|true
11:35:13.0 (164678510)|METHOD_EXIT|[41]|01pO00000003Sem|Assigned_Approver_TriggerHandler.beforeUpdate()
11:35:13.0 (164684680)|METHOD_EXIT|[3]|01pO00000003AAn|TriggerHandler.run()
11:35:13.164 (164697111)|CUMULATIVE_LIMIT_USAGE
11:35:13.164 (164697111)|LIMIT_USAGE_FOR_NS|(default)|
  Number of SOQL queries: 0 out of 100
  Number of query rows: 0 out of 50000
  Number of SOSL queries: 0 out of 20
  Number of DML statements: 0 out of 150
  Number of DML rows: 0 out of 10000
  Maximum CPU time: 0 out of 10000
  Maximum heap size: 0 out of 6000000
  Number of callouts: 0 out of 100
  Number of Email Invocations: 0 out of 10
  Number of future calls: 0 out of 50
  Number of queueable jobs added to the queue: 0 out of 50
  Number of Mobile Apex push calls: 0 out of 10

11:35:13.164 (164697111)|TOTAL_EMAIL_RECIPIENTS_QUEUED|0
11:35:13.164 (164697111)|STATIC_VARIABLE_LIST|
  String:_sfdcAdditionalCodeLocations:0
  long:serialVersionUID:0
  String:_sfdcAdditionalCodeLocations:0
  double:MAX_VALUE:0
  long:serialVersionUID:0
  String:_static_InProgressStatus:0
  int:SIZE:0
  String:_static_TenderWonEmail:0
  TriggerHandler.TriggerContext:BEFORE_INSERT:0
  String:_static_ApprovedStatus:0
  int:MAX_VALUE:0
  TriggerHandler.TriggerContext:AFTER_UNDELETE:0
  String:_static_InitiatedStatus:0
  String:_sfdcSuppressedCodeLocations:0
  String:_static_ClosedWonStage:0
  String:_static_Gate5Stage:0
  String:_static_Gate4Stage:0
  int:MIN_VALUE:0
  String:_static_Gate1Stage:0
  String:_static_Gate3Stage:0
  String:_static_NotStartedStatus:0
  char[]:DigitOnes:0
  String:_static_NotApplicableStatus:0
  String:__sfdcProperties:0
  String:_sfdcSuppressedCodeLocations:0
  String:_static_CRA_DecisionRequiredEmail:0
  int:MIN_EXPONENT:0
  String:_static_DecisionRequiredEmail:0
  String:_static_ApprovalOutcomeNotificationEmail:0
  String:_static_PendingApprovalStatus:0
  String:_static_RestartedStatus:0
  int:MAX_EXPONENT:0
  Boolean:_static_recursionBefore:0
  String:_static_ApprovalSubmissionEmail:0
  String:_static_TenderWonStatus:0
  int:BYTES:0
  char[]:DigitTens:0
  long:serialVersionUID:0
  String:_sfdcAdditionalCodeLocations:0
  Boolean:FALSE:0
  String:_static_DeclinedStatus:0
  String:_static_TSF_ApprovalSubmissionEmail:0
  double:MIN_VALUE:0
  double:NEGATIVE_INFINITY:0
  String:_static_ResubmittedStatus:0
  char[]:digits:0
  Boolean:_static_recursionAfter:0
  double:NaN:0
  Boolean:TRUE:0
  TriggerHandler.TriggerContext:AFTER_INSERT:0
  TriggerHandler.TriggerContext:AFTER_DELETE:0
  String:__sfdcInnerTypes:0
  String:_static_CRA_ApprovalOutcomeNotificationEmail:0
  String:_static_Gate2Stage:0
  String:_static_TenderSubmittedStatus:0
  String:_sfdcAdditionalCodeLocations:0
  String:_static_TSF_DecisionRequiredEmail:0
  String:_static_ConditionallyApprovedStatus:0
  TriggerHandler.TriggerContext:AFTER_UPDATE:0
  String:__sfdcInnerTypes:0
  String:_static_TSF_ApprovalOutcomeNotificationEmail:0
  int:BYTES:0
  Map<String,TriggerHandler.LoopCount>:_static_loopCountMap:0
  String:_static_NewStage:0
  Set<String>:_static_bypassedHandlers:0
  int[]:sizeTable:0
  TriggerHandler.TriggerContext:BEFORE_DELETE:0
  String:_static_TenderInPreperationStatus:0
  TriggerHandler.TriggerContext:BEFORE_UPDATE:0
  int:SIZE:0
  double:POSITIVE_INFINITY:0
  double:MIN_NORMAL:0
  String:_static_CRA_ApprovalSubmissionEmail:0

11:35:13.164 (164697111)|CUMULATIVE_LIMIT_USAGE_END

11:35:13.0 (168378800)|CODE_UNIT_FINISHED|AssignedApproverTrigger on Assigned_Approver trigger event BeforeUpdate for [a0oO0000002tfh3]
11:35:13.0 (171962314)|CODE_UNIT_STARTED|[EXTERNAL]|Validation:Assigned_Approver:a0oO0000002tfh3
11:35:13.0 (171971586)|VALIDATION_RULE|03dO000000011Ug|Enter_Approval_Conditions
11:35:13.0 (172130693)|VALIDATION_FORMULA|AND(
ISPICKVAL(Approval_Status__c, "Conditionally Approved"),
ISBLANK(Approval_Conditions__c))|Approval_Status__c=Pending Approval , Approval_Conditions__c=Here are some conditions
11:35:13.0 (172137245)|VALIDATION_PASS
11:35:13.0 (172139061)|VALIDATION_RULE|03dO00000000z89|Wet_Signature_Date_Mandatory
11:35:13.0 (172245339)|VALIDATION_FORMULA|AND(Wet_Signature_Received__c = TRUE,  ISBLANK(Wet_Signature_Date__c))|Wet_Signature_Date__c=null , Wet_Signature_Received__c=0
11:35:13.0 (172250154)|VALIDATION_PASS
11:35:13.0 (172280268)|CODE_UNIT_FINISHED|Validation:Assigned_Approver:a0oO0000002tfh3
11:35:13.0 (207125382)|CODE_UNIT_STARTED|[EXTERNAL]|01qO00000000Ue8|AssignedApproverTrigger on Assigned_Approver trigger event AfterUpdate for [a0oO0000002tfh3]
11:35:13.0 (207164220)|HEAP_ALLOCATE|[EXTERNAL]|Bytes:8
11:35:13.0 (207203643)|HEAP_ALLOCATE|[EXTERNAL]|Bytes:8
11:35:13.0 (207282033)|HEAP_ALLOCATE|[EXTERNAL]|Bytes:4
11:35:13.0 (207296576)|VARIABLE_SCOPE_BEGIN|[1]|this|AssignedApproverTrigger|true|false
11:35:13.0 (207328956)|VARIABLE_ASSIGNMENT|[1]|this|{}|0x63eaaa14
11:35:13.0 (207362897)|HEAP_ALLOCATE|[EXTERNAL]|Bytes:4
11:35:13.0 (207368998)|VARIABLE_SCOPE_BEGIN|[1]|this|AssignedApproverTrigger|true|false
11:35:13.0 (207376843)|VARIABLE_ASSIGNMENT|[1]|this|{}|0x63eaaa14
11:35:13.0 (207383422)|STATEMENT_EXECUTE|[1]
11:35:13.0 (207385523)|STATEMENT_EXECUTE|[2]
11:35:13.0 (207418969)|SYSTEM_METHOD_ENTRY|[2]|System.debug(APEX_OBJECT, ANY)
11:35:13.0 (207453973)|USER_DEBUG|[2]|ERROR|*** Assigned Approver Trigger Firing
11:35:13.0 (207468657)|SYSTEM_METHOD_EXIT|[2]|System.debug(APEX_OBJECT, ANY)
11:35:13.0 (207476644)|STATEMENT_EXECUTE|[3]
11:35:13.0 (207484639)|HEAP_ALLOCATE|[3]|Bytes:12
11:35:13.0 (207498798)|CONSTRUCTOR_ENTRY|[3]|01pO00000003Sem|<init>()
11:35:13.0 (207506286)|VARIABLE_SCOPE_BEGIN|[16]|this|Assigned_Approver_TriggerHandler|true|false
11:35:13.0 (207533688)|VARIABLE_ASSIGNMENT|[16]|this|{}|0x5f9cd8d7
11:35:13.0 (207551647)|HEAP_ALLOCATE|[16]|Bytes:5
11:35:13.0 (207556090)|STATEMENT_EXECUTE|[12]
11:35:13.0 (207558928)|HEAP_ALLOCATE|[16]|Bytes:5
11:35:13.0 (207570460)|CONSTRUCTOR_ENTRY|[16]|01pO00000003AAn|<init>()
11:35:13.0 (207575331)|VARIABLE_SCOPE_BEGIN|[22]|this|TriggerHandler|true|false
11:35:13.0 (207586560)|VARIABLE_ASSIGNMENT|[22]|this|{}|0x5f9cd8d7
11:35:13.0 (207590390)|STATEMENT_EXECUTE|[1]
11:35:13.0 (207591764)|STATEMENT_EXECUTE|[9]
11:35:13.0 (207593048)|STATEMENT_EXECUTE|[13]
11:35:13.0 (207616940)|STATEMENT_EXECUTE|[22]
11:35:13.0 (207618620)|STATEMENT_EXECUTE|[23]
11:35:13.0 (207629467)|METHOD_ENTRY|[23]|01pO00000003AAn|TriggerHandler.setTriggerContext()
11:35:13.0 (207634080)|VARIABLE_SCOPE_BEGIN|[94]|this|TriggerHandler|true|false
11:35:13.0 (207644301)|VARIABLE_ASSIGNMENT|[94]|this|{}|0x5f9cd8d7
11:35:13.0 (207649399)|STATEMENT_EXECUTE|[94]
11:35:13.0 (207650680)|STATEMENT_EXECUTE|[95]
11:35:13.0 (207661525)|METHOD_ENTRY|[95]|01pO00000003AAn|TriggerHandler.setTriggerContext(String, Boolean)
11:35:13.0 (207665454)|VARIABLE_SCOPE_BEGIN|[99]|this|TriggerHandler|true|false
11:35:13.0 (207674562)|VARIABLE_ASSIGNMENT|[99]|this|{}|0x5f9cd8d7
11:35:13.0 (207677104)|VARIABLE_SCOPE_BEGIN|[99]|ctx|String|false|false
11:35:13.0 (207681778)|VARIABLE_ASSIGNMENT|[99]|ctx|null
11:35:13.0 (207685602)|VARIABLE_SCOPE_BEGIN|[99]|testMode|Boolean|false|false
11:35:13.0 (207689925)|VARIABLE_ASSIGNMENT|[99]|testMode|false
11:35:13.0 (207693304)|STATEMENT_EXECUTE|[99]
11:35:13.0 (207706482)|STATEMENT_EXECUTE|[103]
11:35:13.0 (207707938)|STATEMENT_EXECUTE|[104]
11:35:13.0 (207714068)|HEAP_ALLOCATE|[104]|Bytes:5
11:35:13.0 (207759683)|STATEMENT_EXECUTE|[120]
11:35:13.0 (207761328)|STATEMENT_EXECUTE|[121]
11:35:13.0 (207775568)|METHOD_EXIT|[95]|01pO00000003AAn|TriggerHandler.setTriggerContext(String, Boolean)
11:35:13.0 (207784203)|METHOD_EXIT|[23]|01pO00000003AAn|TriggerHandler.setTriggerContext()
11:35:13.0 (207788445)|CONSTRUCTOR_EXIT|[16]|01pO00000003AAn|<init>()
11:35:13.0 (207791284)|STATEMENT_EXECUTE|[16]
11:35:13.0 (207797571)|CONSTRUCTOR_EXIT|[3]|01pO00000003Sem|<init>()
11:35:13.0 (207804445)|METHOD_ENTRY|[3]|01pO00000003AAn|TriggerHandler.run()
11:35:13.0 (207808491)|VARIABLE_SCOPE_BEGIN|[31]|this|TriggerHandler|true|false
11:35:13.0 (207830590)|VARIABLE_ASSIGNMENT|[31]|this|{"context":"0x2bb78ee5","isTriggerExecuting":true}|0x5f9cd8d7
11:35:13.0 (207835507)|STATEMENT_EXECUTE|[31]
11:35:13.0 (207842413)|METHOD_ENTRY|[33]|01pO00000003AAn|TriggerHandler.validateRun()
11:35:13.0 (207846551)|VARIABLE_SCOPE_BEGIN|[146]|this|TriggerHandler|true|false
11:35:13.0 (207858327)|VARIABLE_ASSIGNMENT|[146]|this|{"context":"0x2bb78ee5","isTriggerExecuting":true}|0x5f9cd8d7
11:35:13.0 (207862217)|STATEMENT_EXECUTE|[146]
11:35:13.0 (207868485)|STATEMENT_EXECUTE|[147]
11:35:13.0 (207876126)|METHOD_ENTRY|[150]|01pO00000003AAn|TriggerHandler.getHandlerName()
11:35:13.0 (207880902)|VARIABLE_SCOPE_BEGIN|[157]|this|TriggerHandler|true|false
11:35:13.0 (207892301)|VARIABLE_ASSIGNMENT|[157]|this|{"context":"0x2bb78ee5","isTriggerExecuting":true}|0x5f9cd8d7
11:35:13.0 (207896353)|STATEMENT_EXECUTE|[157]
11:35:13.0 (207897594)|STATEMENT_EXECUTE|[158]
11:35:13.0 (207937188)|SYSTEM_METHOD_ENTRY|[158]|String.valueOf(Object)
11:35:13.0 (208003102)|HEAP_ALLOCATE|[158]|Bytes:222
11:35:13.0 (208019817)|SYSTEM_METHOD_EXIT|[158]|String.valueOf(Object)
11:35:13.0 (208035547)|SYSTEM_METHOD_ENTRY|[158]|String.valueOf(Object)
11:35:13.0 (208071063)|HEAP_ALLOCATE|[158]|Bytes:222
11:35:13.0 (208085259)|SYSTEM_METHOD_EXIT|[158]|String.valueOf(Object)
11:35:13.0 (208099027)|SYSTEM_METHOD_ENTRY|[158]|String.indexOf(String)
11:35:13.0 (208108706)|SYSTEM_METHOD_EXIT|[158]|String.indexOf(String)
11:35:13.0 (208119505)|SYSTEM_METHOD_ENTRY|[158]|String.substring(Integer, Integer)
11:35:13.0 (208125629)|HEAP_ALLOCATE|[158]|Bytes:32
11:35:13.0 (208133450)|SYSTEM_METHOD_EXIT|[158]|String.substring(Integer, Integer)
11:35:13.0 (208139914)|METHOD_EXIT|[150]|01pO00000003AAn|TriggerHandler.getHandlerName()
11:35:13.0 (208156047)|SYSTEM_METHOD_ENTRY|[150]|Set<String>.contains(Object)
11:35:13.0 (208166935)|SYSTEM_METHOD_EXIT|[150]|Set<String>.contains(Object)
11:35:13.0 (208172295)|STATEMENT_EXECUTE|[150]
11:35:13.0 (208173929)|STATEMENT_EXECUTE|[153]
11:35:13.0 (208177871)|METHOD_EXIT|[33]|01pO00000003AAn|TriggerHandler.validateRun()
11:35:13.0 (208181093)|STATEMENT_EXECUTE|[33]
11:35:13.0 (208182725)|STATEMENT_EXECUTE|[35]
11:35:13.0 (208189230)|METHOD_ENTRY|[35]|01pO00000003AAn|TriggerHandler.addToLoopCount()
11:35:13.0 (208193644)|VARIABLE_SCOPE_BEGIN|[133]|this|TriggerHandler|true|false
11:35:13.0 (208209678)|VARIABLE_ASSIGNMENT|[133]|this|{"context":"0x2bb78ee5","isTriggerExecuting":true}|0x5f9cd8d7
11:35:13.0 (208214692)|STATEMENT_EXECUTE|[133]
11:35:13.0 (208215910)|STATEMENT_EXECUTE|[134]
11:35:13.0 (208221447)|METHOD_ENTRY|[134]|01pO00000003AAn|TriggerHandler.getHandlerName()
11:35:13.0 (208224746)|VARIABLE_SCOPE_BEGIN|[157]|this|TriggerHandler|true|false
11:35:13.0 (208235463)|VARIABLE_ASSIGNMENT|[157]|this|{"context":"0x2bb78ee5","isTriggerExecuting":true}|0x5f9cd8d7
11:35:13.0 (208238656)|STATEMENT_EXECUTE|[157]
11:35:13.0 (208239775)|STATEMENT_EXECUTE|[158]
11:35:13.0 (208254340)|SYSTEM_METHOD_ENTRY|[158]|String.valueOf(Object)
11:35:13.0 (208285540)|HEAP_ALLOCATE|[158]|Bytes:222
11:35:13.0 (208299728)|SYSTEM_METHOD_EXIT|[158]|String.valueOf(Object)
11:35:13.0 (208313687)|SYSTEM_METHOD_ENTRY|[158]|String.valueOf(Object)
11:35:13.0 (208339582)|HEAP_ALLOCATE|[158]|Bytes:222
11:35:13.0 (208352419)|SYSTEM_METHOD_EXIT|[158]|String.valueOf(Object)
11:35:13.0 (208363250)|SYSTEM_METHOD_ENTRY|[158]|String.indexOf(String)
11:35:13.0 (208370888)|SYSTEM_METHOD_EXIT|[158]|String.indexOf(String)
11:35:13.0 (208379810)|SYSTEM_METHOD_ENTRY|[158]|String.substring(Integer, Integer)
11:35:13.0 (208383590)|HEAP_ALLOCATE|[158]|Bytes:32
11:35:13.0 (208391185)|SYSTEM_METHOD_EXIT|[158]|String.substring(Integer, Integer)
11:35:13.0 (208396462)|METHOD_EXIT|[134]|01pO00000003AAn|TriggerHandler.getHandlerName()
11:35:13.0 (208415825)|VARIABLE_SCOPE_BEGIN|[134]|handlerName|String|false|false
11:35:13.0 (208427148)|VARIABLE_ASSIGNMENT|[134]|handlerName|"Assigned_Approver_Tr (12 more) ..."
11:35:13.0 (208443314)|SYSTEM_METHOD_ENTRY|[135]|Map<String,TriggerHandler.LoopCount>.containsKey(Object)
11:35:13.0 (208454158)|SYSTEM_METHOD_EXIT|[135]|Map<String,TriggerHandler.LoopCount>.containsKey(Object)
11:35:13.0 (208459027)|STATEMENT_EXECUTE|[135]
11:35:13.0 (208463293)|METHOD_EXIT|[35]|01pO00000003AAn|TriggerHandler.addToLoopCount()
11:35:13.0 (208486156)|SYSTEM_METHOD_ENTRY|[38]|com.salesforce.api.fast.System.compareObjects(Object, Object)
11:35:13.0 (208532343)|SYSTEM_METHOD_EXIT|[38]|com.salesforce.api.fast.System.compareObjects(Object, Object)
11:35:13.0 (208548859)|SYSTEM_METHOD_ENTRY|[40]|com.salesforce.api.fast.System.compareObjects(Object, Object)
11:35:13.0 (208572078)|SYSTEM_METHOD_EXIT|[40]|com.salesforce.api.fast.System.compareObjects(Object, Object)
11:35:13.0 (208591655)|SYSTEM_METHOD_ENTRY|[42]|com.salesforce.api.fast.System.compareObjects(Object, Object)
11:35:13.0 (208634272)|SYSTEM_METHOD_EXIT|[42]|com.salesforce.api.fast.System.compareObjects(Object, Object)
11:35:13.0 (208652036)|SYSTEM_METHOD_ENTRY|[44]|com.salesforce.api.fast.System.compareObjects(Object, Object)
11:35:13.0 (208686753)|SYSTEM_METHOD_EXIT|[44]|com.salesforce.api.fast.System.compareObjects(Object, Object)
11:35:13.0 (208704276)|SYSTEM_METHOD_ENTRY|[46]|com.salesforce.api.fast.System.compareObjects(Object, Object)
11:35:13.0 (208727906)|SYSTEM_METHOD_EXIT|[46]|com.salesforce.api.fast.System.compareObjects(Object, Object)
11:35:13.0 (208732546)|STATEMENT_EXECUTE|[46]
11:35:13.0 (208734095)|STATEMENT_EXECUTE|[47]
11:35:13.0 (208748604)|METHOD_ENTRY|[47]|01pO00000003Sem|Assigned_Approver_TriggerHandler.afterUpdate()
11:35:13.0 (208770716)|VARIABLE_SCOPE_BEGIN|[27]|this|Assigned_Approver_TriggerHandler|true|false
11:35:13.0 (208789119)|VARIABLE_ASSIGNMENT|[27]|this|{"context":"0x2bb78ee5","isTriggerExecuting":true}|0x5f9cd8d7
11:35:13.0 (208799961)|HEAP_ALLOCATE|[28]|Bytes:5
11:35:13.0 (208804204)|STATEMENT_EXECUTE|[27]
11:35:13.0 (208809853)|STATEMENT_EXECUTE|[28]
11:35:13.0 (208811103)|STATEMENT_EXECUTE|[29]
11:35:13.0 (208821025)|METHOD_ENTRY|[29]|01pO00000003Sem|Assigned_Approver_TriggerHandler.findCurrentApproversThatHaveApproved()
11:35:13.0 (208840147)|HEAP_ALLOCATE|[41]|Bytes:5
11:35:13.0 (208843509)|STATEMENT_EXECUTE|[40]
11:35:13.0 (208844684)|STATEMENT_EXECUTE|[41]
11:35:13.0 (208899878)|SYSTEM_METHOD_ENTRY|[41]|String.valueOf(Object)
11:35:13.0 (209567377)|HEAP_ALLOCATE|[41]|Bytes:851
11:35:13.0 (209586923)|SYSTEM_METHOD_EXIT|[41]|String.valueOf(Object)
11:35:13.0 (209597905)|HEAP_ALLOCATE|[41]|Bytes:871
11:35:13.0 (209608762)|SYSTEM_METHOD_ENTRY|[41]|System.debug(APEX_OBJECT, ANY)
11:35:13.0 (209617452)|USER_DEBUG|[41]|ERROR|*** Find approvers: (Assigned_Approver__c:{Id=a0oO0000002tfh3IAA, OwnerId=005O0000003t7anIAA, IsDeleted=false, Name=Approver-000000263, CreatedDate=2017-04-06 01:00:45, CreatedById=005O0000003t7anIAA, LastModifiedDate=2017-04-07 01:35:13, LastModifiedById=00528000006BYTIAA4, SystemModstamp=2017-04-07 01:35:13, LastViewedDate=null, LastReferencedDate=null, Approver__c=005O0000003t7anIAA, Gate__c=a0nO0000003xfgwIAA, Approval_Level__c=1, Approval_Status__c=Pending Approval, Approval_Comments__c=Here are some comments, No_of_Approval_Conditions__c=0, Current_Approver__c=true, Approver_Role__c=Regional Pre Contracts Manager, Wet_Signature_Received__c=false, Wet_Signature_Date__c=null, Decision_Date__c=null, Prospect__c=006O0000008lftOIAQ, Approval_Conditions__c=Here are some conditions, Gate_Type__c=null, Opportunity_ID__c=006O0000008lftO, Proxy_Approver__c=null})
11:35:13.0 (209626806)|SYSTEM_METHOD_EXIT|[41]|System.debug(APEX_OBJECT, ANY)
11:35:13.0 (209630531)|STATEMENT_EXECUTE|[43]
11:35:13.0 (209638394)|HEAP_ALLOCATE|[43]|Bytes:4
11:35:13.0 (209650146)|SYSTEM_CONSTRUCTOR_ENTRY|[43]|<init>(Integer)
11:35:13.0 (209656778)|SYSTEM_CONSTRUCTOR_EXIT|[43]|<init>(Integer)
11:35:13.0 (209661152)|VARIABLE_SCOPE_BEGIN|[43]|gatesToFindNextApprover|Set<Id>|true|false
11:35:13.0 (209682203)|VARIABLE_ASSIGNMENT|[43]|gatesToFindNextApprover|[]|0x5c44c383
11:35:13.0 (209705683)|SYSTEM_METHOD_ENTRY|[44]|List<Assigned_Approver__c>.iterator()
11:35:13.0 (209714641)|SYSTEM_METHOD_EXIT|[44]|List<Assigned_Approver__c>.iterator()
11:35:13.0 (209723995)|SYSTEM_METHOD_ENTRY|[44]|system.ListIterator.hasNext()
11:35:13.0 (209746668)|HEAP_ALLOCATE|[44]|Bytes:5
11:35:13.0 (209758133)|SYSTEM_METHOD_EXIT|[44]|system.ListIterator.hasNext()
11:35:13.0 (209790991)|VARIABLE_SCOPE_BEGIN|[44]|AA|Assigned_Approver__c|true|false
11:35:13.0 (210033193)|VARIABLE_ASSIGNMENT|[44]|AA|{"Approval_Level__c":"1","LastModifiedDate":"2017-04-07T01:35:13.000Z","Approval_Comments__c":"Here are some commen (2 more) ...","Opportunity_ID__c":"006O0000008lftO","IsDeleted":false,"Approver__c":"005O0000003t7anIAA","Wet_Signature_Receiv (5 more) ...":false,"Gate__c":"a0nO0000003xfgwIAA","Prospect__c":"006O0000008lftOIAQ","Name":"Approver-000000263","SystemModstamp":"2017-04-07T01:35:13.000Z","OwnerId":"005O0000003t7anIAA","CreatedById":"005O0000003t7anIAA","Approver_Role__c":"Regional Pre Contrac (10 more) ...","Approval_Conditions_ (2 more) ...":"Here are some condit (4 more) ...","No_of_Approval_Condi (8 more) ...":0,"CreatedDate":"2017-04-06T01:00:45.000Z","Id":"a0oO0000002tfh3IAA","Current_Approver__c":true,"LastModifiedById":"00528000006BYTIAA4","Approval_Status__c":"Pending Approval"}|0x4b13ae48
11:35:13.0 (210043123)|STATEMENT_EXECUTE|[44]
11:35:13.0 (210044511)|STATEMENT_EXECUTE|[45]
11:35:13.0 (210088599)|SYSTEM_METHOD_ENTRY|[45]|Map<Id,Assigned_Approver__c>.get(Object)
11:35:13.0 (210104964)|SYSTEM_METHOD_EXIT|[45]|Map<Id,Assigned_Approver__c>.get(Object)
11:35:13.0 (210114937)|VARIABLE_SCOPE_BEGIN|[45]|oldApprover|Assigned_Approver__c|true|false
11:35:13.0 (210557938)|VARIABLE_ASSIGNMENT|[45]|oldApprover|{"Approval_Level__c":"1","LastModifiedDate":"2017-04-06T01:01:31.000Z","Opportunity_ID__c":"006O0000008lftO","IsDeleted":false,"Approver__c":"005O0000003t7anIAA","Wet_Signature_Receiv (5 more) ...":false,"Gate__c":"a0nO0000003xfgwIAA","Prospect__c":"006O0000008lftOIAQ","Name":"Approver-000000263","SystemModstamp":"2017-04-06T11:20:29.000Z","OwnerId":"005O0000003t7anIAA","CreatedById":"005O0000003t7anIAA","Approver_Role__c":"Regional Pre Contrac (10 more) ...","No_of_Approval_Condi (8 more) ...":0,"CreatedDate":"2017-04-06T01:00:45.000Z","Id":"a0oO0000002tfh3IAA","Current_Approver__c":true,"LastModifiedById":"005O0000003t7anIAA","Approval_Status__c":"Pending Approval"}|0x42ce7446
11:35:13.0 (210565928)|STATEMENT_EXECUTE|[46]
11:35:13.0 (210587921)|SYSTEM_METHOD_ENTRY|[46]|String.valueOf(Object)
11:35:13.0 (210859211)|HEAP_ALLOCATE|[46]|Bytes:849
11:35:13.0 (210876968)|SYSTEM_METHOD_EXIT|[46]|String.valueOf(Object)
11:35:13.0 (210885296)|HEAP_ALLOCATE|[46]|Bytes:885
11:35:13.0 (210895489)|SYSTEM_METHOD_ENTRY|[46]|System.debug(APEX_OBJECT, ANY)
11:35:13.0 (210903332)|USER_DEBUG|[46]|ERROR|*** Approvers before Wet Signature: Assigned_Approver__c:{Id=a0oO0000002tfh3IAA, OwnerId=005O0000003t7anIAA, IsDeleted=false, Name=Approver-000000263, CreatedDate=2017-04-06 01:00:45, CreatedById=005O0000003t7anIAA, LastModifiedDate=2017-04-07 01:35:13, LastModifiedById=00528000006BYTIAA4, SystemModstamp=2017-04-07 01:35:13, LastViewedDate=null, LastReferencedDate=null, Approver__c=005O0000003t7anIAA, Gate__c=a0nO0000003xfgwIAA, Approval_Level__c=1, Approval_Status__c=Pending Approval, Approval_Comments__c=Here are some comments, No_of_Approval_Conditions__c=0, Current_Approver__c=true, Approver_Role__c=Regional Pre Contracts Manager, Wet_Signature_Received__c=false, Wet_Signature_Date__c=null, Decision_Date__c=null, Prospect__c=006O0000008lftOIAQ, Approval_Conditions__c=Here are some conditions, Gate_Type__c=null, Opportunity_ID__c=006O0000008lftO, Proxy_Approver__c=null}
11:35:13.0 (210912565)|SYSTEM_METHOD_EXIT|[46]|System.debug(APEX_OBJECT, ANY)
11:35:13.0 (210925591)|STATEMENT_EXECUTE|[49]
11:35:13.0 (210927487)|STATEMENT_EXECUTE|[52]
11:35:13.0 (210965700)|SYSTEM_METHOD_ENTRY|[52]|String.valueOf(Object)
11:35:13.0 (211241087)|HEAP_ALLOCATE|[52]|Bytes:849
11:35:13.0 (211259207)|SYSTEM_METHOD_EXIT|[52]|String.valueOf(Object)
11:35:13.0 (211267660)|HEAP_ALLOCATE|[52]|Bytes:884
11:35:13.0 (211277528)|SYSTEM_METHOD_ENTRY|[52]|System.debug(APEX_OBJECT, ANY)
11:35:13.0 (211285059)|USER_DEBUG|[52]|ERROR|*** Approvers after Wet Signature: Assigned_Approver__c:{Id=a0oO0000002tfh3IAA, OwnerId=005O0000003t7anIAA, IsDeleted=false, Name=Approver-000000263, CreatedDate=2017-04-06 01:00:45, CreatedById=005O0000003t7anIAA, LastModifiedDate=2017-04-07 01:35:13, LastModifiedById=00528000006BYTIAA4, SystemModstamp=2017-04-07 01:35:13, LastViewedDate=null, LastReferencedDate=null, Approver__c=005O0000003t7anIAA, Gate__c=a0nO0000003xfgwIAA, Approval_Level__c=1, Approval_Status__c=Pending Approval, Approval_Comments__c=Here are some comments, No_of_Approval_Conditions__c=0, Current_Approver__c=true, Approver_Role__c=Regional Pre Contracts Manager, Wet_Signature_Received__c=false, Wet_Signature_Date__c=null, Decision_Date__c=null, Prospect__c=006O0000008lftOIAQ, Approval_Conditions__c=Here are some conditions, Gate_Type__c=null, Opportunity_ID__c=006O0000008lftO, Proxy_Approver__c=null}
11:35:13.0 (211293814)|SYSTEM_METHOD_EXIT|[52]|System.debug(APEX_OBJECT, ANY)
11:35:13.0 (211325178)|STATEMENT_EXECUTE|[55]
11:35:13.0 (211333185)|SYSTEM_METHOD_ENTRY|[44]|system.ListIterator.hasNext()
11:35:13.0 (211340028)|HEAP_ALLOCATE|[44]|Bytes:5
11:35:13.0 (211345547)|SYSTEM_METHOD_EXIT|[44]|system.ListIterator.hasNext()
11:35:13.0 (211355021)|VARIABLE_ASSIGNMENT|[44]|AA|null|
11:35:13.0 (211362999)|SYSTEM_METHOD_ENTRY|[70]|Set<Id>.size()
11:35:13.0 (211367508)|SYSTEM_METHOD_EXIT|[70]|Set<Id>.size()
11:35:13.0 (211372573)|STATEMENT_EXECUTE|[70]
11:35:13.0 (211380839)|METHOD_EXIT|[29]|01pO00000003Sem|Assigned_Approver_TriggerHandler.findCurrentApproversThatHaveApproved()
11:35:13.0 (211383663)|STATEMENT_EXECUTE|[30]
11:35:13.0 (211393304)|METHOD_ENTRY|[30]|01pO00000003Sem|Assigned_Approver_TriggerHandler.sendEmailToCurrentApprover()
11:35:13.0 (211421072)|HEAP_ALLOCATE|[81]|Bytes:5
11:35:13.0 (211425757)|STATEMENT_EXECUTE|[80]
11:35:13.0 (211426986)|STATEMENT_EXECUTE|[81]
11:35:13.0 (286557402)|HEAP_ALLOCATE|[81]|Bytes:33
11:35:13.0 (286576580)|HEAP_ALLOCATE|[81]|Bytes:32
11:35:13.0 (286580861)|HEAP_ALLOCATE|[81]|Bytes:11
11:35:13.0 (286602366)|METHOD_ENTRY|[1]|01pO00000003HJI|Email_Alert_Class.Email_Alert_Class()
11:35:13.0 (286607862)|STATEMENT_EXECUTE|[1]
11:35:13.0 (286615521)|STATEMENT_EXECUTE|[1]
11:35:13.0 (287460568)|SYSTEM_MODE_ENTER|false
11:35:13.0 (287477135)|HEAP_ALLOCATE|[81]|Bytes:5
11:35:13.0 (287483050)|STATEMENT_EXECUTE|[2]
11:35:13.0 (287484520)|STATEMENT_EXECUTE|[86]
11:35:13.0 (287490729)|SYSTEM_MODE_EXIT|false
11:35:13.0 (287502116)|METHOD_EXIT|[1]|Email_Alert_Class
11:35:13.0 (287781846)|HEAP_ALLOCATE|[81]|Bytes:48
11:35:13.0 (287811644)|CONSTRUCTOR_ENTRY|[81]|01pO00000003HJI|<init>()
11:35:13.0 (287859623)|VARIABLE_SCOPE_BEGIN|[16]|this|Email_Alert_Class|true|false
11:35:13.0 (287927103)|VARIABLE_ASSIGNMENT|[16]|this|{}|0x565b8e1b
11:35:13.0 (287937603)|SYSTEM_MODE_ENTER|false
11:35:13.0 (287943543)|HEAP_ALLOCATE|[5]|Bytes:5
11:35:13.0 (287947860)|STATEMENT_EXECUTE|[1]
11:35:13.0 (287950746)|HEAP_ALLOCATE|[5]|Bytes:5
11:35:13.0 (287952706)|STATEMENT_EXECUTE|[4]
11:35:13.0 (287954416)|STATEMENT_EXECUTE|[5]
11:35:13.0 (287958716)|HEAP_ALLOCATE|[5]|Bytes:22
11:35:13.0 (287982264)|VARIABLE_ASSIGNMENT|[5]|this.CentralEmailAddress|"ricky.lowe@yopmail.c (2 more) ..."|0x565b8e1b
11:35:13.0 (287985300)|STATEMENT_EXECUTE|[6]
11:35:13.0 (287986515)|STATEMENT_EXECUTE|[7]
11:35:13.0 (287987578)|STATEMENT_EXECUTE|[8]
11:35:13.0 (287996406)|HEAP_ALLOCATE|[8]|Bytes:4
11:35:13.0 (288012721)|SYSTEM_CONSTRUCTOR_ENTRY|[8]|<init>(Integer)
11:35:13.0 (288088847)|SYSTEM_CONSTRUCTOR_EXIT|[8]|<init>(Integer)
11:35:13.0 (288116940)|VARIABLE_ASSIGNMENT|[8]|this.OppIds|[]|0x565b8e1b
11:35:13.0 (288119728)|STATEMENT_EXECUTE|[9]
11:35:13.0 (288124746)|HEAP_ALLOCATE|[9]|Bytes:4
11:35:13.0 (288133918)|SYSTEM_CONSTRUCTOR_ENTRY|[9]|<init>(Integer)
11:35:13.0 (288145938)|SYSTEM_CONSTRUCTOR_EXIT|[9]|<init>(Integer)
11:35:13.0 (288158526)|VARIABLE_ASSIGNMENT|[9]|this.EmailTemplateDevNames|[]|0x565b8e1b
11:35:13.0 (288161073)|STATEMENT_EXECUTE|[10]
11:35:13.0 (288162424)|STATEMENT_EXECUTE|[11]
11:35:13.0 (288163502)|STATEMENT_EXECUTE|[12]
11:35:13.0 (288164555)|STATEMENT_EXECUTE|[13]
11:35:13.0 (288165568)|STATEMENT_EXECUTE|[14]
11:35:13.0 (288190546)|STATEMENT_EXECUTE|[16]
11:35:13.0 (288192548)|STATEMENT_EXECUTE|[17]
11:35:13.0 (288198194)|HEAP_ALLOCATE|[17]|Bytes:4
11:35:13.0 (288235924)|SYSTEM_CONSTRUCTOR_ENTRY|[17]|<init>()
11:35:13.0 (288253651)|SYSTEM_CONSTRUCTOR_EXIT|[17]|<init>()
11:35:13.0 (288292546)|HEAP_ALLOCATE|[EXTERNAL]|Bytes:4
11:35:13.0 (288302750)|VARIABLE_ASSIGNMENT|[17]|this.messages|[]|0x565b8e1b
11:35:13.0 (288305934)|STATEMENT_EXECUTE|[18]
11:35:13.0 (288310333)|HEAP_ALLOCATE|[18]|Bytes:4
11:35:13.0 (288330988)|SYSTEM_CONSTRUCTOR_ENTRY|[18]|<init>()
11:35:13.0 (288344467)|SYSTEM_CONSTRUCTOR_EXIT|[18]|<init>()
11:35:13.0 (288364485)|HEAP_ALLOCATE|[EXTERNAL]|Bytes:4
11:35:13.0 (288372492)|VARIABLE_ASSIGNMENT|[18]|this.EmailMessages|[]|0x565b8e1b
11:35:13.0 (288377906)|SYSTEM_MODE_EXIT|false
11:35:13.0 (288385022)|CONSTRUCTOR_EXIT|[81]|01pO00000003HJI|<init>()
11:35:13.0 (288389281)|VARIABLE_SCOPE_BEGIN|[81]|EA|Email_Alert_Class|true|false
11:35:13.0 (288418763)|VARIABLE_ASSIGNMENT|[81]|EA|{"CentralEmailAddress":"ricky.lowe@yopmail.c (2 more) ...","EmailMessages":"0x59f13c8b","EmailTemplateDevName (1 more) ...":"0x7fba5d0d","messages":"0x5ca115d1","OppIds":"0x56007308"}|0x565b8e1b
11:35:13.0 (288467324)|SYSTEM_METHOD_ENTRY|[83]|List<Assigned_Approver__c>.iterator()
11:35:13.0 (288494735)|SYSTEM_METHOD_EXIT|[83]|List<Assigned_Approver__c>.iterator()
11:35:13.0 (288509213)|SYSTEM_METHOD_ENTRY|[83]|system.ListIterator.hasNext()
11:35:13.0 (288520515)|HEAP_ALLOCATE|[83]|Bytes:5
11:35:13.0 (288527393)|SYSTEM_METHOD_EXIT|[83]|system.ListIterator.hasNext()
11:35:13.0 (288550609)|VARIABLE_SCOPE_BEGIN|[83]|AA|Assigned_Approver__c|true|false
11:35:13.0 (288959360)|VARIABLE_ASSIGNMENT|[83]|AA|{"Approval_Level__c":"1","LastModifiedDate":"2017-04-07T01:35:13.000Z","Approval_Comments__c":"Here are some commen (2 more) ...","Opportunity_ID__c":"006O0000008lftO","IsDeleted":false,"Approver__c":"005O0000003t7anIAA","Wet_Signature_Receiv (5 more) ...":false,"Gate__c":"a0nO0000003xfgwIAA","Prospect__c":"006O0000008lftOIAQ","Name":"Approver-000000263","SystemModstamp":"2017-04-07T01:35:13.000Z","OwnerId":"005O0000003t7anIAA","CreatedById":"005O0000003t7anIAA","Approver_Role__c":"Regional Pre Contrac (10 more) ...","Approval_Conditions_ (2 more) ...":"Here are some condit (4 more) ...","No_of_Approval_Condi (8 more) ...":0,"CreatedDate":"2017-04-06T01:00:45.000Z","Id":"a0oO0000002tfh3IAA","Current_Approver__c":true,"LastModifiedById":"00528000006BYTIAA4","Approval_Status__c":"Pending Approval"}|0x4b13ae48
11:35:13.0 (288969731)|STATEMENT_EXECUTE|[83]
11:35:13.0 (288971239)|STATEMENT_EXECUTE|[84]
11:35:13.0 (289019995)|SYSTEM_METHOD_ENTRY|[84]|Map<Id,Assigned_Approver__c>.get(Object)
11:35:13.0 (289054805)|SYSTEM_METHOD_EXIT|[84]|Map<Id,Assigned_Approver__c>.get(Object)
11:35:13.0 (289065401)|VARIABLE_SCOPE_BEGIN|[84]|oldApprover|Assigned_Approver__c|true|false
11:35:13.0 (289298651)|VARIABLE_ASSIGNMENT|[84]|oldApprover|{"Approval_Level__c":"1","LastModifiedDate":"2017-04-06T01:01:31.000Z","Opportunity_ID__c":"006O0000008lftO","IsDeleted":false,"Approver__c":"005O0000003t7anIAA","Wet_Signature_Receiv (5 more) ...":false,"Gate__c":"a0nO0000003xfgwIAA","Prospect__c":"006O0000008lftOIAQ","Name":"Approver-000000263","SystemModstamp":"2017-04-06T11:20:29.000Z","OwnerId":"005O0000003t7anIAA","CreatedById":"005O0000003t7anIAA","Approver_Role__c":"Regional Pre Contrac (10 more) ...","No_of_Approval_Condi (8 more) ...":0,"CreatedDate":"2017-04-06T01:00:45.000Z","Id":"a0oO0000002tfh3IAA","Current_Approver__c":true,"LastModifiedById":"005O0000003t7anIAA","Approval_Status__c":"Pending Approval"}|0x42ce7446
11:35:13.0 (289339984)|STATEMENT_EXECUTE|[87]
11:35:13.0 (289349825)|SYSTEM_METHOD_ENTRY|[83]|system.ListIterator.hasNext()
11:35:13.0 (289356259)|HEAP_ALLOCATE|[83]|Bytes:5
11:35:13.0 (289362666)|SYSTEM_METHOD_EXIT|[83]|system.ListIterator.hasNext()
11:35:13.0 (289373047)|VARIABLE_ASSIGNMENT|[83]|AA|null|
11:35:13.0 (289376806)|STATEMENT_EXECUTE|[106]
11:35:13.0 (289399131)|METHOD_ENTRY|[106]|01pO00000003HJI|Email_Alert_Class.sendEmails()
11:35:13.0 (289422655)|VARIABLE_SCOPE_BEGIN|[98]|this|Email_Alert_Class|true|false
11:35:13.0 (289449117)|VARIABLE_ASSIGNMENT|[98]|this|{"CentralEmailAddress":"ricky.lowe@yopmail.c (2 more) ...","EmailMessages":"0x59f13c8b","EmailTemplateDevName (1 more) ...":"0x7fba5d0d","messages":"0x5ca115d1","OppIds":"0x56007308"}|0x565b8e1b
11:35:13.0 (289460619)|SYSTEM_MODE_ENTER|false
11:35:13.0 (289466641)|HEAP_ALLOCATE|[100]|Bytes:5
11:35:13.0 (289470692)|STATEMENT_EXECUTE|[98]
11:35:13.0 (289484974)|SYSTEM_METHOD_ENTRY|[100]|List<Email_Alert_Class.EmailMessage>.size()
11:35:13.0 (289501028)|SYSTEM_METHOD_EXIT|[100]|List<Email_Alert_Class.EmailMessage>.size()
11:35:13.0 (289508258)|STATEMENT_EXECUTE|[100]
11:35:13.0 (289513002)|SYSTEM_MODE_EXIT|false
11:35:13.0 (289519705)|METHOD_EXIT|[106]|01pO00000003HJI|Email_Alert_Class.sendEmails()
11:35:13.0 (289527287)|METHOD_EXIT|[30]|01pO00000003Sem|Assigned_Approver_TriggerHandler.sendEmailToCurrentApprover()
11:35:13.0 (289530088)|STATEMENT_EXECUTE|[31]
11:35:13.0 (289538616)|HEAP_ALLOCATE|[31]|Bytes:5
11:35:13.0 (289553458)|VARIABLE_ASSIGNMENT|[31]|Assigned_Approver_TriggerHandler.recursionAfter|true
11:35:13.0 (289563533)|METHOD_EXIT|[47]|01pO00000003Sem|Assigned_Approver_TriggerHandler.afterUpdate()
11:35:13.0 (289570211)|METHOD_EXIT|[3]|01pO00000003AAn|TriggerHandler.run()
11:35:13.289 (289581219)|CUMULATIVE_LIMIT_USAGE
11:35:13.289 (289581219)|LIMIT_USAGE_FOR_NS|(default)|
  Number of SOQL queries: 0 out of 100
  Number of query rows: 0 out of 50000
  Number of SOSL queries: 0 out of 20
  Number of DML statements: 0 out of 150
  Number of DML rows: 0 out of 10000
  Maximum CPU time: 0 out of 10000
  Maximum heap size: 0 out of 6000000
  Number of callouts: 0 out of 100
  Number of Email Invocations: 0 out of 10
  Number of future calls: 0 out of 50
  Number of queueable jobs added to the queue: 0 out of 50
  Number of Mobile Apex push calls: 0 out of 10

11:35:13.289 (289581219)|TOTAL_EMAIL_RECIPIENTS_QUEUED|0
11:35:13.289 (289581219)|STATIC_VARIABLE_LIST|
  String:_sfdcAdditionalCodeLocations:0
  long:serialVersionUID:0
  String:_sfdcAdditionalCodeLocations:0
  double:MAX_VALUE:0
  long:serialVersionUID:0
  String:_static_InProgressStatus:0
  int:SIZE:0
  String:_static_TenderWonEmail:0
  TriggerHandler.TriggerContext:BEFORE_INSERT:0
  String:_static_ApprovedStatus:0
  int:MAX_VALUE:0
  TriggerHandler.TriggerContext:AFTER_UNDELETE:0
  String:__sfdcInnerTypes:0
  String:_static_InitiatedStatus:0
  String:_sfdcSuppressedCodeLocations:0
  String:_static_ClosedWonStage:0
  String:_static_Gate5Stage:0
  String:_static_Gate4Stage:0
  int:MIN_VALUE:0
  String:_static_Gate1Stage:0
  String:_static_Gate3Stage:0
  String:_static_NotStartedStatus:0
  char[]:DigitOnes:0
  String:_static_NotApplicableStatus:0
  String:_sfdcAdditionalCodeLocations:0
  String:__sfdcProperties:0
  String:_sfdcSuppressedCodeLocations:0
  String:_static_CRA_DecisionRequiredEmail:0
  int:MIN_EXPONENT:0
  String:_static_DecisionRequiredEmail:0
  String:_static_ApprovalOutcomeNotificationEmail:0
  String:_static_PendingApprovalStatus:0
  String:_static_RestartedStatus:0
  int:MAX_EXPONENT:0
  Boolean:_static_recursionBefore:0
  String:_static_ApprovalSubmissionEmail:0
  String:_static_TenderWonStatus:0
  int:BYTES:0
  char[]:DigitTens:0
  long:serialVersionUID:0
  String:_sfdcAdditionalCodeLocations:0
  Boolean:FALSE:0
  String:_static_DeclinedStatus:0
  String:_static_TSF_ApprovalSubmissionEmail:0
  double:MIN_VALUE:0
  double:NEGATIVE_INFINITY:0
  String:_static_ResubmittedStatus:0
  char[]:digits:0
  Boolean:_static_recursionAfter:0
  double:NaN:0
  Boolean:TRUE:0
  TriggerHandler.TriggerContext:AFTER_INSERT:0
  TriggerHandler.TriggerContext:AFTER_DELETE:0
  String:__sfdcInnerTypes:0
  String:_static_CRA_ApprovalOutcomeNotificationEmail:0
  String:_static_Gate2Stage:0
  String:_static_TenderSubmittedStatus:0
  String:_sfdcAdditionalCodeLocations:0
  String:_static_TSF_DecisionRequiredEmail:0
  String:_static_ConditionallyApprovedStatus:0
  TriggerHandler.TriggerContext:AFTER_UPDATE:0
  String:__sfdcInnerTypes:0
  String:_static_TSF_ApprovalOutcomeNotificationEmail:0
  int:BYTES:0
  Map<String,TriggerHandler.LoopCount>:_static_loopCountMap:0
  String:_static_NewStage:0
  Set<String>:_static_bypassedHandlers:0
  int[]:sizeTable:0
  TriggerHandler.TriggerContext:BEFORE_DELETE:0
  String:_static_TenderInPreperationStatus:0
  String:_sfdcSuppressedCodeLocations:0
  TriggerHandler.TriggerContext:BEFORE_UPDATE:0
  int:SIZE:0
  double:POSITIVE_INFINITY:0
  double:MIN_NORMAL:0
  String:_static_CRA_ApprovalSubmissionEmail:0

11:35:13.289 (289581219)|CUMULATIVE_LIMIT_USAGE_END

11:35:13.0 (292376886)|CODE_UNIT_FINISHED|AssignedApproverTrigger on Assigned_Approver trigger event AfterUpdate for [a0oO0000002tfh3]
11:35:13.0 (293826363)|CODE_UNIT_STARTED|[EXTERNAL]|Workflow:01IO0000000Dldu
11:35:13.0 (311676042)|WF_RULE_EVAL_BEGIN|Workflow
11:35:13.0 (311710714)|WF_CRITERIA_BEGIN|[Assigned Approver: Approver-000000263 a0oO0000002tfh3]|Set Decision Date|01QO00000009UNH|ON_CREATE_OR_TRIGGERING_UPDATE|0
11:35:13.0 (315808997)|WF_FORMULA|Formula:ENCODED:[treatNullAsNull]OR(ISPICKVAL({!ID:00NO0000002Jmd7}, 'Approved'), ISPICKVAL({!ID:00NO0000002Jmd7}, 'Approved with Conditions'),ISPICKVAL({!ID:00NO0000002Jmd7}, 'Resubmit'), ISPICKVAL({!ID:00NO0000002Jmd7}, 'Declined'))|Values:Approval_Status__c=Pending Approval
11:35:13.0 (315816779)|WF_CRITERIA_END|false
11:35:13.0 (315829965)|WF_CRITERIA_BEGIN|[Assigned Approver: Approver-000000263 a0oO0000002tfh3]|Outbound Message - Assigned Approver|01QO00000009PHY|ON_ALL_CHANGES|0
11:35:13.0 (317531560)|WF_RULE_FILTER|[Assigned Approver : Assigned Approver Id not equal to ]
11:35:13.0 (317586596)|WF_RULE_EVAL_VALUE|Approver-000000263
11:35:13.0 (317590788)|WF_CRITERIA_END|true
11:35:13.0 (318122771)|WF_SPOOL_ACTION_BEGIN|Workflow
11:35:13.0 (318181233)|WF_RULE_INVOCATION|[Assigned Approver: Approver-000000263 a0oO0000002tfh3]
11:35:13.0 (318205194)|WF_OUTBOUND_MSG|[Assigned Approver: Approver-000000263 a0oO0000002tfh3]|Id=04kO00000004DCD|CurrentRule:Outbound Message - Assigned Approver (Id=01QO00000009PHY)
11:35:13.0 (318222753)|WF_ACTION| Outbound Message: 1;
11:35:13.0 (318225315)|WF_RULE_EVAL_END
11:35:13.0 (331407218)|WF_ACTIONS_END| Outbound Message: 1;
11:35:13.0 (331424125)|CODE_UNIT_FINISHED|Workflow:01IO0000000Dldu
11:35:13.0 (447843460)|CODE_UNIT_FINISHED|TRIGGERS
11:35:13.0 (447855066)|EXECUTION_FINISHED
11:35:13.548 (548267171)|CUMULATIVE_PROFILING_BEGIN
11:35:13.548 (548267171)|CUMULATIVE_PROFILING|No profiling information for SOQL operations
11:35:13.548 (548267171)|CUMULATIVE_PROFILING|No profiling information for SOSL operations
11:35:13.548 (548267171)|CUMULATIVE_PROFILING|No profiling information for DML operations
11:35:13.548 (548267171)|CUMULATIVE_PROFILING|method invocations|
Trigger.AssignedApproverTrigger: line 3, column 1: public Assigned_Approver_TriggerHandler(): executed 4 times in 124 ms
External entry point: public void invoke(): executed 1 time in 82 ms
Class.TriggerHandler.run: line 47, column 1: public void afterUpdate(): executed 1 time in 81 ms
Class.Assigned_Approver_TriggerHandler.afterUpdate: line 30, column 1: private static void sendEmailToCurrentApprover(): executed 1 time in 78 ms
Class.TriggerHandler.run: line 41, column 1: public void beforeUpdate(): executed 1 time in 40 ms
Class.Assigned_Approver_TriggerHandler.beforeUpdate: line 22, column 1: private static void findCurrentApproversThatHaveApproved(): executed 1 time in 40 ms
Class.Assigned_Approver_TriggerHandler.findCurrentApproversThatHaveApproved: line 41, column 1: public static String valueOf(Object): executed 4 times in 8 ms
Class.Assigned_Approver_TriggerHandler.afterUpdate: line 29, column 1: private static void findCurrentApproversThatHaveApproved(): executed 1 time in 3 ms
Class.TriggerHandler.run: line 33, column 1: private Boolean validateRun(): executed 2 times in 2 ms
Class.TriggerHandler.validateRun: line 150, column 1: private String getHandlerName(): executed 4 times in 2 ms
Class.TriggerHandler.getHandlerName: line 158, column 1: public static String valueOf(Object): executed 16 times in 1 ms

11:35:13.548 (548267171)|CUMULATIVE_PROFILING_END
