39.0 APEX_CODE,FINEST;APEX_PROFILING,FINEST;CALLOUT,NONE;DB,FINEST;SYSTEM,FINE;VALIDATION,INFO;VISUALFORCE,INFO;WAVE,INFO;WORKFLOW,FINER
10:48:37.0 (448206)|USER_INFO|[EXTERNAL]|00528000006B07F|dev@systempartners.com.prod.pcphase2|Australian Eastern Standard Time|GMT+10:00
10:48:37.0 (481489)|EXECUTION_STARTED
10:48:37.0 (487365)|CODE_UNIT_STARTED|[EXTERNAL]|01pO00000003MVy|ApprovalController.getAssignedApprovers
10:48:37.0 (668852)|HEAP_ALLOCATE|[72]|Bytes:3
10:48:37.0 (692778)|HEAP_ALLOCATE|[77]|Bytes:152
10:48:37.0 (703572)|HEAP_ALLOCATE|[342]|Bytes:408
10:48:37.0 (717175)|HEAP_ALLOCATE|[355]|Bytes:408
10:48:37.0 (730067)|HEAP_ALLOCATE|[467]|Bytes:48
10:48:37.0 (751941)|HEAP_ALLOCATE|[139]|Bytes:6
10:48:37.0 (766418)|HEAP_ALLOCATE|[EXTERNAL]|Bytes:11
10:48:37.0 (770412)|HEAP_ALLOCATE|[EXTERNAL]|Bytes:27
10:48:37.0 (781151)|METHOD_ENTRY|[1]|01pO00000003MVy|ApprovalController.ApprovalController()
10:48:37.0 (785483)|STATEMENT_EXECUTE|[1]
10:48:37.0 (790604)|STATEMENT_EXECUTE|[1]
10:48:37.0 (796480)|METHOD_EXIT|[1]|ApprovalController
10:48:37.0 (805965)|HEAP_ALLOCATE|[EXTERNAL]|Bytes:72
10:48:37.0 (814704)|SYSTEM_MODE_ENTER|false
10:48:37.0 (824735)|VARIABLE_SCOPE_BEGIN|[68]|opp|Opportunity|true|false
10:48:37.0 (869066)|VARIABLE_ASSIGNMENT|[68]|opp|{"Total_Budget_EOI_PQ_ (2 more) ...":0,"Total_Budget_AUD__c":0,"TSF_Gate_Status__c":"Not Applicable","StageName":"Gate 3","Net_Budget_Post_Tend (5 more) ...":0,"Net_Budget_EOI_PQ__c":0,"Apply_Default_Bondin (4 more) ...":false,"Gate_Status__c":"Initiated","Is_Gate_4_To_5__c":false,"Name":"TL Test - 1200","Is_Gate_1_To_3__c":true,"Net_Budget_Amount__c":0,"Total_Budget_Tender_ (2 more) ...":0,"Total_Budget_Post_Te (7 more) ...":0,"Net_Budget_Tender__c":0,"CRA_Gate_Status__c":"Not Applicable","Id":"006O0000009GUsjIAG"}|0x7e9d71f2
10:48:37.0 (880591)|STATEMENT_EXECUTE|[68]
10:48:37.0 (882307)|STATEMENT_EXECUTE|[69]
10:48:37.0 (885653)|HEAP_ALLOCATE|[69]|Bytes:132
10:48:37.0 (894062)|HEAP_ALLOCATE|[69]|Bytes:4
10:48:37.0 (903245)|HEAP_ALLOCATE|[69]|Bytes:7
10:48:37.0 (939828)|HEAP_ALLOCATE|[69]|Bytes:7
10:48:37.0 (6350445)|VARIABLE_SCOPE_BEGIN|[3]|OpportunityService.KCRARecordTypeID|String|false|true
10:48:37.0 (6356297)|VARIABLE_SCOPE_BEGIN|[2]|OpportunityService.KCRATemplateRecordTypeID|String|false|true
10:48:37.0 (6368323)|HEAP_ALLOCATE|[71]|Bytes:43
10:48:37.0 (6397083)|METHOD_ENTRY|[1]|01pO00000003HOS|OpportunityService.OpportunityService()
10:48:37.0 (6399898)|STATEMENT_EXECUTE|[1]
10:48:37.0 (6402926)|STATEMENT_EXECUTE|[1]
10:48:37.0 (6433540)|HEAP_ALLOCATE|[50]|Bytes:5
10:48:37.0 (6451041)|HEAP_ALLOCATE|[56]|Bytes:5
10:48:37.0 (6459445)|HEAP_ALLOCATE|[64]|Bytes:7
10:48:37.0 (6476761)|HEAP_ALLOCATE|[2]|Bytes:5
10:48:37.0 (6481698)|STATEMENT_EXECUTE|[2]
10:48:37.0 (6485040)|HEAP_ALLOCATE|[2]|Bytes:33
10:48:37.0 (6531807)|SYSTEM_METHOD_ENTRY|[2]|Schema.SObjectType.getDescribe()
10:48:37.0 (6740269)|HEAP_ALLOCATE|[2]|Bytes:4
10:48:37.0 (6751308)|SYSTEM_METHOD_EXIT|[2]|Schema.SObjectType.getDescribe()
10:48:37.0 (6772227)|LIMIT_USAGE|[2]|RECORD_TYPE_DESCRIBES|1|100
10:48:37.0 (9173290)|HEAP_ALLOCATE|[2]|Bytes:16
10:48:37.0 (9182595)|HEAP_ALLOCATE|[2]|Bytes:13
10:48:37.0 (9220883)|SYSTEM_METHOD_ENTRY|[2]|Map<String,Schema.RecordTypeInfo>.get(Object)
10:48:37.0 (9302960)|SYSTEM_METHOD_EXIT|[2]|Map<String,Schema.RecordTypeInfo>.get(Object)
10:48:37.0 (9331492)|HEAP_ALLOCATE|[2]|Bytes:4
10:48:37.0 (9344770)|HEAP_ALLOCATE|[2]|Bytes:18
10:48:37.0 (9357512)|VARIABLE_ASSIGNMENT|[2]|OpportunityService.KCRATemplateRecordTypeID|"012O0000000DCgLIAW"
10:48:37.0 (9360278)|STATEMENT_EXECUTE|[3]
10:48:37.0 (9391136)|SYSTEM_METHOD_ENTRY|[3]|Schema.SObjectType.getDescribe()
10:48:37.0 (9412150)|HEAP_ALLOCATE|[3]|Bytes:4
10:48:37.0 (9417850)|SYSTEM_METHOD_EXIT|[3]|Schema.SObjectType.getDescribe()
10:48:37.0 (9429915)|LIMIT_USAGE|[3]|RECORD_TYPE_DESCRIBES|2|100
10:48:37.0 (9444190)|HEAP_ALLOCATE|[3]|Bytes:16
10:48:37.0 (9449430)|HEAP_ALLOCATE|[3]|Bytes:4
10:48:37.0 (9465149)|SYSTEM_METHOD_ENTRY|[3]|Map<String,Schema.RecordTypeInfo>.get(Object)
10:48:37.0 (9479888)|SYSTEM_METHOD_EXIT|[3]|Map<String,Schema.RecordTypeInfo>.get(Object)
10:48:37.0 (9498102)|HEAP_ALLOCATE|[3]|Bytes:4
10:48:37.0 (9505458)|HEAP_ALLOCATE|[3]|Bytes:18
10:48:37.0 (9515117)|VARIABLE_ASSIGNMENT|[3]|OpportunityService.KCRARecordTypeID|"012O0000000DCgGIAW"
10:48:37.0 (9525609)|METHOD_EXIT|[1]|OpportunityService
10:48:37.0 (9537014)|METHOD_ENTRY|[71]|01pO00000003HOS|OpportunityService.getGateNumber(String)
10:48:37.0 (9552486)|VARIABLE_SCOPE_BEGIN|[196]|stage|String|false|false
10:48:37.0 (9559515)|VARIABLE_ASSIGNMENT|[196]|stage|"Gate 3"
10:48:37.0 (9572520)|HEAP_ALLOCATE|[197]|Bytes:5
10:48:37.0 (9576208)|STATEMENT_EXECUTE|[196]
10:48:37.0 (59641310)|VARIABLE_SCOPE_BEGIN|[75]|Constants.ApprovalOutcomeNotificationEmail|String|false|true
10:48:37.0 (59653333)|VARIABLE_SCOPE_BEGIN|[77]|Constants.ApprovalSubmissionEmail|String|false|true
10:48:37.0 (59657651)|VARIABLE_SCOPE_BEGIN|[49]|Constants.ApprovedStatus|String|false|true
10:48:37.0 (59713166)|VARIABLE_SCOPE_BEGIN|[6]|Constants.Approvers|Approvers__c|true|true
10:48:37.0 (59720013)|VARIABLE_SCOPE_BEGIN|[81]|Constants.CRA_ApprovalOutcomeNotificationEmail|String|false|true
10:48:37.0 (59724260)|VARIABLE_SCOPE_BEGIN|[83]|Constants.CRA_ApprovalSubmissionEmail|String|false|true
10:48:37.0 (59727803)|VARIABLE_SCOPE_BEGIN|[82]|Constants.CRA_DecisionRequiredEmail|String|false|true
10:48:37.0 (59731092)|VARIABLE_SCOPE_BEGIN|[71]|Constants.ClosedWonStage|String|false|true
10:48:37.0 (59734155)|VARIABLE_SCOPE_BEGIN|[50]|Constants.ConditionallyApprovedStatus|String|false|true
10:48:37.0 (59737566)|VARIABLE_SCOPE_BEGIN|[76]|Constants.DecisionRequiredEmail|String|false|true
10:48:37.0 (59741063)|VARIABLE_SCOPE_BEGIN|[51]|Constants.DeclinedStatus|String|false|true
10:48:37.0 (59744290)|VARIABLE_SCOPE_BEGIN|[66]|Constants.Gate1Stage|String|false|true
10:48:37.0 (59747687)|VARIABLE_SCOPE_BEGIN|[67]|Constants.Gate2Stage|String|false|true
10:48:37.0 (59751164)|VARIABLE_SCOPE_BEGIN|[68]|Constants.Gate3Stage|String|false|true
10:48:37.0 (59754442)|VARIABLE_SCOPE_BEGIN|[69]|Constants.Gate4Stage|String|false|true
10:48:37.0 (59757652)|VARIABLE_SCOPE_BEGIN|[70]|Constants.Gate5Stage|String|false|true
10:48:37.0 (59761245)|VARIABLE_SCOPE_BEGIN|[48]|Constants.InProgressStatus|String|false|true
10:48:37.0 (59764885)|VARIABLE_SCOPE_BEGIN|[47]|Constants.InitiatedStatus|String|false|true
10:48:37.0 (59768474)|VARIABLE_SCOPE_BEGIN|[65]|Constants.NewDandCStage|String|false|true
10:48:37.0 (59772154)|VARIABLE_SCOPE_BEGIN|[54]|Constants.NotApplicableStatus|String|false|true
10:48:37.0 (59776151)|VARIABLE_SCOPE_BEGIN|[46]|Constants.NotStartedStatus|String|false|true
10:48:37.0 (59789184)|VARIABLE_SCOPE_BEGIN|[24]|Constants.OppRecordTypeMap|Map<String,Id>|true|true
10:48:37.0 (59794299)|VARIABLE_SCOPE_BEGIN|[57]|Constants.PendingApprovalStatus|String|false|true
10:48:37.0 (59798366)|VARIABLE_SCOPE_BEGIN|[53]|Constants.RestartedStatus|String|false|true
10:48:37.0 (59802420)|VARIABLE_SCOPE_BEGIN|[52]|Constants.ResubmittedStatus|String|false|true
10:48:37.0 (59807266)|VARIABLE_SCOPE_BEGIN|[78]|Constants.TSF_ApprovalOutcomeNotificationEmail|String|false|true
10:48:37.0 (59811653)|VARIABLE_SCOPE_BEGIN|[80]|Constants.TSF_ApprovalSubmissionEmail|String|false|true
10:48:37.0 (59815979)|VARIABLE_SCOPE_BEGIN|[79]|Constants.TSF_DecisionRequiredEmail|String|false|true
10:48:37.0 (59819827)|VARIABLE_SCOPE_BEGIN|[61]|Constants.TenderInPreperationStatus|String|false|true
10:48:37.0 (59823853)|VARIABLE_SCOPE_BEGIN|[62]|Constants.TenderSubmittedStatus|String|false|true
10:48:37.0 (59827795)|VARIABLE_SCOPE_BEGIN|[84]|Constants.TenderWonEmail|String|false|true
10:48:37.0 (59831725)|VARIABLE_SCOPE_BEGIN|[60]|Constants.TenderWonStatus|String|false|true
10:48:37.0 (59850805)|HEAP_ALLOCATE|[197]|Bytes:28
10:48:37.0 (59865609)|HEAP_ALLOCATE|[197]|Bytes:136
10:48:37.0 (59870489)|HEAP_ALLOCATE|[197]|Bytes:7
10:48:37.0 (59874774)|HEAP_ALLOCATE|[197]|Bytes:34
10:48:37.0 (59894216)|VARIABLE_ASSIGNMENT|[197]|Constants.ApprovalOutcomeNotificationEmail|"Gate_Approval_Outcom (14 more) ..."
10:48:37.0 (59898192)|HEAP_ALLOCATE|[197]|Bytes:32
10:48:37.0 (59903752)|VARIABLE_ASSIGNMENT|[197]|Constants.ApprovalSubmissionEmail|"Approval_Submission_ (12 more) ..."
10:48:37.0 (59906114)|HEAP_ALLOCATE|[197]|Bytes:8
10:48:37.0 (59910173)|VARIABLE_ASSIGNMENT|[197]|Constants.ApprovedStatus|"Approved"
10:48:37.0 (59912906)|HEAP_ALLOCATE|[197]|Bytes:33
10:48:37.0 (59917745)|VARIABLE_ASSIGNMENT|[197]|Constants.CRA_ApprovalOutcomeNotificationEmail|"CRA_Approval_Outcome (13 more) ..."
10:48:37.0 (59920016)|HEAP_ALLOCATE|[197]|Bytes:36
10:48:37.0 (59925276)|VARIABLE_ASSIGNMENT|[197]|Constants.CRA_ApprovalSubmissionEmail|"CRA_Approval_Submiss (16 more) ..."
10:48:37.0 (59927544)|HEAP_ALLOCATE|[197]|Bytes:29
10:48:37.0 (59932710)|VARIABLE_ASSIGNMENT|[197]|Constants.CRA_DecisionRequiredEmail|"CRA_Approval_Decsion (9 more) ..."
10:48:37.0 (59935072)|HEAP_ALLOCATE|[197]|Bytes:10
10:48:37.0 (59939255)|VARIABLE_ASSIGNMENT|[197]|Constants.ClosedWonStage|"Closed Won"
10:48:37.0 (59941275)|HEAP_ALLOCATE|[197]|Bytes:22
10:48:37.0 (59945902)|VARIABLE_ASSIGNMENT|[197]|Constants.ConditionallyApprovedStatus|"Conditionally Approv (2 more) ..."
10:48:37.0 (59948170)|HEAP_ALLOCATE|[197]|Bytes:38
10:48:37.0 (59953129)|VARIABLE_ASSIGNMENT|[197]|Constants.DecisionRequiredEmail|"Approval_Decsion_Req (18 more) ..."
10:48:37.0 (59955302)|HEAP_ALLOCATE|[197]|Bytes:8
10:48:37.0 (59959704)|VARIABLE_ASSIGNMENT|[197]|Constants.DeclinedStatus|"Declined"
10:48:37.0 (59961561)|HEAP_ALLOCATE|[197]|Bytes:6
10:48:37.0 (59965880)|VARIABLE_ASSIGNMENT|[197]|Constants.Gate1Stage|"Gate 1"
10:48:37.0 (59967894)|HEAP_ALLOCATE|[197]|Bytes:6
10:48:37.0 (59972036)|VARIABLE_ASSIGNMENT|[197]|Constants.Gate2Stage|"Gate 2"
10:48:37.0 (59973873)|HEAP_ALLOCATE|[197]|Bytes:6
10:48:37.0 (59978139)|VARIABLE_ASSIGNMENT|[197]|Constants.Gate3Stage|"Gate 3"
10:48:37.0 (59979981)|HEAP_ALLOCATE|[197]|Bytes:6
10:48:37.0 (59984387)|VARIABLE_ASSIGNMENT|[197]|Constants.Gate4Stage|"Gate 4"
10:48:37.0 (59986343)|HEAP_ALLOCATE|[197]|Bytes:6
10:48:37.0 (59993598)|VARIABLE_ASSIGNMENT|[197]|Constants.Gate5Stage|"Gate 5"
10:48:37.0 (59995426)|HEAP_ALLOCATE|[197]|Bytes:11
10:48:37.0 (60000185)|VARIABLE_ASSIGNMENT|[197]|Constants.InProgressStatus|"In Progress"
10:48:37.0 (60003089)|HEAP_ALLOCATE|[197]|Bytes:9
10:48:37.0 (60007613)|VARIABLE_ASSIGNMENT|[197]|Constants.InitiatedStatus|"Initiated"
10:48:37.0 (60009557)|HEAP_ALLOCATE|[197]|Bytes:3
10:48:37.0 (60013961)|VARIABLE_ASSIGNMENT|[197]|Constants.NewDandCStage|"New"
10:48:37.0 (60015831)|HEAP_ALLOCATE|[197]|Bytes:14
10:48:37.0 (60020473)|VARIABLE_ASSIGNMENT|[197]|Constants.NotApplicableStatus|"Not Applicable"
10:48:37.0 (60022778)|HEAP_ALLOCATE|[197]|Bytes:11
10:48:37.0 (60027401)|VARIABLE_ASSIGNMENT|[197]|Constants.NotStartedStatus|"Not Started"
10:48:37.0 (60030134)|HEAP_ALLOCATE|[197]|Bytes:16
10:48:37.0 (60035479)|VARIABLE_ASSIGNMENT|[197]|Constants.PendingApprovalStatus|"Pending Approval"
10:48:37.0 (60037489)|HEAP_ALLOCATE|[197]|Bytes:9
10:48:37.0 (60042579)|VARIABLE_ASSIGNMENT|[197]|Constants.RestartedStatus|"Restarted"
10:48:37.0 (60044443)|HEAP_ALLOCATE|[197]|Bytes:11
10:48:37.0 (60049357)|VARIABLE_ASSIGNMENT|[197]|Constants.ResubmittedStatus|"Resubmitted"
10:48:37.0 (60051350)|HEAP_ALLOCATE|[197]|Bytes:33
10:48:37.0 (60057651)|VARIABLE_ASSIGNMENT|[197]|Constants.TSF_ApprovalOutcomeNotificationEmail|"TSF_Approval_Outcome (13 more) ..."
10:48:37.0 (60059904)|HEAP_ALLOCATE|[197]|Bytes:36
10:48:37.0 (60066057)|VARIABLE_ASSIGNMENT|[197]|Constants.TSF_ApprovalSubmissionEmail|"TSF_Approval_Submiss (16 more) ..."
10:48:37.0 (60068425)|HEAP_ALLOCATE|[197]|Bytes:29
10:48:37.0 (60074479)|VARIABLE_ASSIGNMENT|[197]|Constants.TSF_DecisionRequiredEmail|"TSF_Approval_Decsion (9 more) ..."
10:48:37.0 (60076558)|HEAP_ALLOCATE|[197]|Bytes:21
10:48:37.0 (60082181)|VARIABLE_ASSIGNMENT|[197]|Constants.TenderInPreperationStatus|"Tender in Preparatio (1 more) ..."
10:48:37.0 (60084272)|HEAP_ALLOCATE|[197]|Bytes:16
10:48:37.0 (60089465)|VARIABLE_ASSIGNMENT|[197]|Constants.TenderSubmittedStatus|"Tender Submitted"
10:48:37.0 (60091636)|HEAP_ALLOCATE|[197]|Bytes:23
10:48:37.0 (60097411)|VARIABLE_ASSIGNMENT|[197]|Constants.TenderWonEmail|"Tender_Won_Notificat (3 more) ..."
10:48:37.0 (60099558)|HEAP_ALLOCATE|[197]|Bytes:10
10:48:37.0 (60104641)|VARIABLE_ASSIGNMENT|[197]|Constants.TenderWonStatus|"Tender Won"
10:48:37.0 (60130633)|METHOD_ENTRY|[1]|01pO00000003RXf|Constants.Constants()
10:48:37.0 (60135215)|STATEMENT_EXECUTE|[1]
10:48:37.0 (60142069)|STATEMENT_EXECUTE|[1]
10:48:37.0 (60157234)|HEAP_ALLOCATE|[197]|Bytes:5
10:48:37.0 (60160566)|STATEMENT_EXECUTE|[3]
10:48:37.0 (60174403)|METHOD_EXIT|[1]|Constants
10:48:37.0 (60230083)|STATEMENT_EXECUTE|[199]
10:48:37.0 (60234563)|HEAP_ALLOCATE|[199]|Bytes:1
10:48:37.0 (60251637)|METHOD_EXIT|[71]|01pO00000003HOS|OpportunityService.getGateNumber(String)
10:48:37.0 (60817663)|SOQL_EXECUTE_BEGIN|[69]|Aggregations:0|SELECT id FROM Gate__c WHERE (Opportunity__c = :tmpVar1 AND Gate_Number__c = :tmpVar2) ORDER BY CreatedDate DESC NULLS FIRST LIMIT 1
10:48:37.0 (60828636)|LIMIT_USAGE|[69]|SOQL|1|100
10:48:37.0 (60840093)|LIMIT_USAGE|[69]|AGGS|0|300
10:48:37.0 (67087864)|SOQL_EXECUTE_END|[69]|Rows:1
10:48:37.0 (67094640)|LIMIT_USAGE|[69]|SOQL_ROWS|1|50000
10:48:37.0 (67108522)|HEAP_ALLOCATE|[69]|Bytes:8
10:48:37.0 (67123851)|HEAP_ALLOCATE|[69]|Bytes:29
10:48:37.0 (67205860)|HEAP_ALLOCATE|[69]|Bytes:8
10:48:37.0 (67217046)|HEAP_ALLOCATE|[69]|Bytes:33
10:48:37.0 (67280363)|HEAP_ALLOCATE|[69]|Bytes:8
10:48:37.0 (67288739)|VARIABLE_SCOPE_BEGIN|[69]|latestGateId|Gate__c|true|false
10:48:37.0 (67308899)|VARIABLE_ASSIGNMENT|[69]|latestGateId|{"Id":"a0nO0000003xqtKIAQ"}|0x460a9a3f
10:48:37.0 (67312048)|STATEMENT_EXECUTE|[76]
10:48:37.0 (67315564)|HEAP_ALLOCATE|[76]|Bytes:295
10:48:37.0 (67325743)|HEAP_ALLOCATE|[76]|Bytes:4
10:48:37.0 (68715113)|SOQL_EXECUTE_BEGIN|[76]|Aggregations:0|SELECT Approver__r.Name, Approval_Level__c, Gate__c, Approval_Status__c, Proxy_Approver__r.Name, Current_Approver__c, Wet_Signature_Received__c, Wet_Signature_Date__c, Approval_Comments__c, CreatedDate FROM Assigned_Approver__c WHERE Gate__c = :tmpVar1 ORDER BY Approval_Level__c ASC NULLS FIRST
10:48:37.0 (68723052)|LIMIT_USAGE|[76]|SOQL|2|100
10:48:37.0 (68729830)|LIMIT_USAGE|[76]|AGGS|0|300
10:48:37.0 (79397219)|SOQL_EXECUTE_END|[76]|Rows:2
10:48:37.0 (79406683)|LIMIT_USAGE|[76]|SOQL_ROWS|3|50000
10:48:37.0 (79421378)|HEAP_ALLOCATE|[76]|Bytes:12
10:48:37.0 (79438473)|HEAP_ALLOCATE|[76]|Bytes:587
10:48:37.0 (79477208)|HEAP_ALLOCATE|[76]|Bytes:12
10:48:37.0 (79493614)|VARIABLE_SCOPE_BEGIN|[76]|allApprovers|List<Assigned_Approver__c>|true|false
10:48:37.0 (79560986)|VARIABLE_ASSIGNMENT|[76]|allApprovers|[{"Approver__c":"00528000006B07FAAS","Approval_Level__c":"1","Gate__c":"a0nO0000003xqtKIAQ","Approval_Status__c":"Pending Approval","Current_Approver__c":false,"Wet_Signature_Receiv (5 more) ...":false,"CreatedDate":"2017-04-12T00:23:53.000Z","Id":"a0oO0000002tpYIIAY","Approver__r":{"Name":"System Partners","Id":"00528000006B07FAAS"}},{"Approver__c":"005O0000003t7anIAA","Approval_Level__c":"2","Gate__c":"a0nO0000003xqtKIAQ","Approval_Status__c":"Pending Approval","Current_Approver__c":false,"Wet_Signature_Receiv (5 more) ...":false,"CreatedDate":"2017-04-12T00:23:53.000Z","Id":"a0oO0000002tpYJIAY","Approver__r":{"Name":"Ricky Lowe","Id":"005O0000003t7anIAA"}}]|0x1c7d3c2b
10:48:37.0 (79572832)|STATEMENT_EXECUTE|[85]
10:48:37.0 (79589100)|SYSTEM_MODE_EXIT|false
10:48:37.79 (79621608)|CUMULATIVE_LIMIT_USAGE
10:48:37.79 (79621608)|LIMIT_USAGE_FOR_NS|(default)|
  Number of SOQL queries: 2 out of 100
  Number of query rows: 3 out of 50000
  Number of SOSL queries: 0 out of 20
  Number of DML statements: 0 out of 150
  Number of DML rows: 0 out of 10000
  Maximum CPU time: 0 out of 10000
  Maximum heap size: 0 out of 6000000
  Number of callouts: 0 out of 100
  Number of Email Invocations: 0 out of 10
  Number of future calls: 0 out of 50
  Number of queueable jobs added to the queue: 0 out of 50
  Number of Mobile Apex push calls: 0 out of 10

10:48:37.79 (79621608)|TOTAL_EMAIL_RECIPIENTS_QUEUED|0
10:48:37.79 (79621608)|STATIC_VARIABLE_LIST|
  String:_static_KCRATemplateRecordTypeID:0
  long:serialVersionUID:0
  double:MAX_VALUE:0
  long:serialVersionUID:0
  String:_static_InProgressStatus:0
  int:SIZE:0
  String:_static_TenderWonEmail:0
  String:_static_ApprovedStatus:0
  int:MAX_VALUE:0
  String:_static_InitiatedStatus:0
  String:_static_ClosedWonStage:0
  String:_static_Gate5Stage:0
  String:_static_Gate4Stage:0
  int:MIN_VALUE:0
  String:_static_Gate1Stage:0
  String:_static_Gate3Stage:0
  String:_static_NotStartedStatus:0
  char[]:DigitOnes:0
  String:_static_NotApplicableStatus:0
  String:_sfdcAdditionalCodeLocations:0
  String:__sfdcProperties:0
  String:_static_CRA_DecisionRequiredEmail:0
  int:MIN_EXPONENT:0
  String:_static_DecisionRequiredEmail:0
  String:_static_ApprovalOutcomeNotificationEmail:0
  String:_static_PendingApprovalStatus:0
  String:_static_RestartedStatus:0
  int:MAX_EXPONENT:0
  String:_static_ApprovalSubmissionEmail:0
  String:_static_TenderWonStatus:0
  String:_sfdcAdditionalCodeLocations:0
  int:BYTES:0
  char[]:DigitTens:0
  long:serialVersionUID:0
  Boolean:FALSE:0
  String:_static_DeclinedStatus:0
  String:_static_TSF_ApprovalSubmissionEmail:0
  double:MIN_VALUE:0
  double:NEGATIVE_INFINITY:0
  String:_static_ResubmittedStatus:0
  String:_sfdcSuppressedCodeLocations:0
  char[]:digits:0
  double:NaN:0
  Boolean:TRUE:0
  String:__sfdcInnerTypes:0
  String:_static_CRA_ApprovalOutcomeNotificationEmail:0
  String:_static_Gate2Stage:0
  String:_static_TenderSubmittedStatus:0
  String:_static_NewDandCStage:0
  String:_sfdcAdditionalCodeLocations:0
  String:_static_KCRARecordTypeID:0
  String:_static_TSF_DecisionRequiredEmail:0
  String:_static_ConditionallyApprovedStatus:0
  String:_static_TSF_ApprovalOutcomeNotificationEmail:0
  int:BYTES:0
  int[]:sizeTable:0
  String:_static_TenderInPreperationStatus:0
  int:SIZE:0
  double:POSITIVE_INFINITY:0
  double:MIN_NORMAL:0
  String:_static_CRA_ApprovalSubmissionEmail:0

10:48:37.79 (79621608)|CUMULATIVE_LIMIT_USAGE_END

10:48:37.0 (79821803)|CODE_UNIT_FINISHED|ApprovalController.getAssignedApprovers
10:48:37.0 (81471475)|EXECUTION_FINISHED
10:48:37.85 (85633583)|CUMULATIVE_PROFILING_BEGIN
10:48:37.85 (85633583)|CUMULATIVE_PROFILING|SOQL operations|
Class.ApprovalController.getAssignedApprovers: line 76, column 1: [SELECT Approver__r.Name, Approval_Level__c,Gate__c,Approval_Status__c,
                                                            Proxy_Approver__r.Name,Current_Approver__c,
                                                            Wet_Signature_Received__c, Wet_Signature_Date__c,
                                                            Approval_Comments__c,CreatedDate
                                                    from Assigned_Approver__c
                                                    where Gate__c = :latestGateID.id
                                                    order by Approval_Level__c asc]: executed 1 time in 13 ms
Class.ApprovalController.getAssignedApprovers: line 69, column 1: [SELECT id FROM Gate__c 
                              where Opportunity__c = : opp.Id 
                              and Gate_Number__c = :OpportunityService.getGateNumber(opp.StageName)
                              ORDER BY CreatedDate DESC
                              LIMIT 1]: executed 1 time in 7 ms

10:48:37.85 (85633583)|CUMULATIVE_PROFILING|No profiling information for SOSL operations
10:48:37.85 (85633583)|CUMULATIVE_PROFILING|No profiling information for DML operations
10:48:37.85 (85633583)|CUMULATIVE_PROFILING|method invocations|
External entry point: public static List<Assigned_Approver__c> getAssignedApprovers(Opportunity): executed 1 time in 79 ms
Class.ApprovalController.getAssignedApprovers: line 71, column 1: public static String getGateNumber(String): executed 1 time in 50 ms
Class.OpportunityService: line 2, column 1: global Schema.DescribeSObjectResult getDescribe(): executed 2 times in 0 ms
Class.OpportunityService: line 3, column 1: global Schema.DescribeSObjectResult getDescribe(): executed 2 times in 0 ms

10:48:37.85 (85633583)|CUMULATIVE_PROFILING_END
