39.0 APEX_CODE,FINEST;APEX_PROFILING,FINEST;CALLOUT,NONE;DB,FINEST;SYSTEM,FINE;VALIDATION,INFO;VISUALFORCE,INFO;WAVE,INFO;WORKFLOW,FINER
15:12:41.0 (78201)|USER_INFO|[EXTERNAL]|005O0000003t7an|ricky.lowe@jhg.com.au.pcphase2|Australian Eastern Standard Time|GMT+10:00
15:12:41.0 (113527)|EXECUTION_STARTED
15:12:41.0 (117726)|CODE_UNIT_STARTED|[EXTERNAL]|01pO00000003MVy|ApprovalController.getAssignedApprovers
15:12:41.0 (378359)|HEAP_ALLOCATE|[72]|Bytes:3
15:12:41.0 (418658)|HEAP_ALLOCATE|[77]|Bytes:152
15:12:41.0 (434873)|HEAP_ALLOCATE|[342]|Bytes:408
15:12:41.0 (453889)|HEAP_ALLOCATE|[355]|Bytes:408
15:12:41.0 (472217)|HEAP_ALLOCATE|[467]|Bytes:48
15:12:41.0 (500342)|HEAP_ALLOCATE|[139]|Bytes:6
15:12:41.0 (517552)|HEAP_ALLOCATE|[EXTERNAL]|Bytes:8
15:12:41.0 (521223)|HEAP_ALLOCATE|[EXTERNAL]|Bytes:8
15:12:41.0 (529114)|METHOD_ENTRY|[1]|01pO00000003MVy|ApprovalController.ApprovalController()
15:12:41.0 (533232)|STATEMENT_EXECUTE|[1]
15:12:41.0 (538664)|STATEMENT_EXECUTE|[1]
15:12:41.0 (542392)|METHOD_EXIT|[1]|ApprovalController
15:12:41.0 (555392)|HEAP_ALLOCATE|[EXTERNAL]|Bytes:72
15:12:41.0 (565865)|SYSTEM_MODE_ENTER|false
15:12:41.0 (578202)|VARIABLE_SCOPE_BEGIN|[67]|opp|Opportunity|true|false
15:12:41.0 (634412)|VARIABLE_ASSIGNMENT|[67]|opp|{"Total_Budget_EOI_PQ_ (2 more) ...":0,"Total_Budget_AUD__c":0,"TSF_Gate_Status__c":"Not Applicable","StageName":"Gate 3","Net_Budget_Post_Tend (5 more) ...":0,"Net_Budget_EOI_PQ__c":0,"Apply_Default_Bondin (4 more) ...":false,"Gate_Status__c":"Initiated","Is_Gate_4_To_5__c":false,"Name":"RL Test Opp 2017-04- (11 more) ...","Is_Gate_1_To_3__c":true,"Net_Budget_Amount__c":0,"Total_Budget_Tender_ (2 more) ...":0,"Total_Budget_Post_Te (7 more) ...":0,"Net_Budget_Tender__c":0,"CRA_Gate_Status__c":"Not Applicable","Id":"006O0000008lbw2IAA"}|0x164a8990
15:12:41.0 (650926)|STATEMENT_EXECUTE|[67]
15:12:41.0 (652476)|STATEMENT_EXECUTE|[68]
15:12:41.0 (657409)|HEAP_ALLOCATE|[68]|Bytes:132
15:12:41.0 (668360)|HEAP_ALLOCATE|[68]|Bytes:4
15:12:41.0 (680490)|HEAP_ALLOCATE|[68]|Bytes:7
15:12:41.0 (733710)|HEAP_ALLOCATE|[68]|Bytes:7
15:12:41.0 (66787832)|VARIABLE_SCOPE_BEGIN|[3]|OpportunityService.KCRARecordTypeID|String|false|true
15:12:41.0 (66799272)|VARIABLE_SCOPE_BEGIN|[2]|OpportunityService.KCRATemplateRecordTypeID|String|false|true
15:12:41.0 (66827214)|HEAP_ALLOCATE|[70]|Bytes:39
15:12:41.0 (66882633)|METHOD_ENTRY|[1]|01pO00000003HOS|OpportunityService.OpportunityService()
15:12:41.0 (66888111)|STATEMENT_EXECUTE|[1]
15:12:41.0 (66894060)|STATEMENT_EXECUTE|[1]
15:12:41.0 (66932411)|HEAP_ALLOCATE|[50]|Bytes:5
15:12:41.0 (66956737)|HEAP_ALLOCATE|[56]|Bytes:5
15:12:41.0 (66965953)|HEAP_ALLOCATE|[64]|Bytes:7
15:12:41.0 (66992327)|HEAP_ALLOCATE|[2]|Bytes:5
15:12:41.0 (66997941)|STATEMENT_EXECUTE|[2]
15:12:41.0 (67001308)|HEAP_ALLOCATE|[2]|Bytes:33
15:12:41.0 (67070172)|SYSTEM_METHOD_ENTRY|[2]|Schema.SObjectType.getDescribe()
15:12:41.0 (67358858)|HEAP_ALLOCATE|[2]|Bytes:4
15:12:41.0 (67368431)|SYSTEM_METHOD_EXIT|[2]|Schema.SObjectType.getDescribe()
15:12:41.0 (67392208)|LIMIT_USAGE|[2]|RECORD_TYPE_DESCRIBES|1|100
15:12:41.0 (68859810)|HEAP_ALLOCATE|[2]|Bytes:16
15:12:41.0 (68868708)|HEAP_ALLOCATE|[2]|Bytes:13
15:12:41.0 (68929205)|SYSTEM_METHOD_ENTRY|[2]|Map<String,Schema.RecordTypeInfo>.get(Object)
15:12:41.0 (68997429)|SYSTEM_METHOD_EXIT|[2]|Map<String,Schema.RecordTypeInfo>.get(Object)
15:12:41.0 (69028116)|HEAP_ALLOCATE|[2]|Bytes:4
15:12:41.0 (69044631)|HEAP_ALLOCATE|[2]|Bytes:18
15:12:41.0 (69069018)|VARIABLE_ASSIGNMENT|[2]|OpportunityService.KCRATemplateRecordTypeID|"012O0000000DCgLIAW"
15:12:41.0 (69072758)|STATEMENT_EXECUTE|[3]
15:12:41.0 (69105693)|SYSTEM_METHOD_ENTRY|[3]|Schema.SObjectType.getDescribe()
15:12:41.0 (69128034)|HEAP_ALLOCATE|[3]|Bytes:4
15:12:41.0 (69133971)|SYSTEM_METHOD_EXIT|[3]|Schema.SObjectType.getDescribe()
15:12:41.0 (69148889)|LIMIT_USAGE|[3]|RECORD_TYPE_DESCRIBES|2|100
15:12:41.0 (69163368)|HEAP_ALLOCATE|[3]|Bytes:16
15:12:41.0 (69168336)|HEAP_ALLOCATE|[3]|Bytes:4
15:12:41.0 (69184997)|SYSTEM_METHOD_ENTRY|[3]|Map<String,Schema.RecordTypeInfo>.get(Object)
15:12:41.0 (69203525)|SYSTEM_METHOD_EXIT|[3]|Map<String,Schema.RecordTypeInfo>.get(Object)
15:12:41.0 (69224201)|HEAP_ALLOCATE|[3]|Bytes:4
15:12:41.0 (69231779)|HEAP_ALLOCATE|[3]|Bytes:18
15:12:41.0 (69243259)|VARIABLE_ASSIGNMENT|[3]|OpportunityService.KCRARecordTypeID|"012O0000000DCgGIAW"
15:12:41.0 (69253493)|METHOD_EXIT|[1]|OpportunityService
15:12:41.0 (69279966)|METHOD_ENTRY|[70]|01pO00000003HOS|OpportunityService.getGateNumber(String)
15:12:41.0 (69313744)|VARIABLE_SCOPE_BEGIN|[183]|stage|String|false|false
15:12:41.0 (69321649)|VARIABLE_ASSIGNMENT|[183]|stage|"Gate 3"
15:12:41.0 (69331308)|HEAP_ALLOCATE|[184]|Bytes:5
15:12:41.0 (69335172)|STATEMENT_EXECUTE|[183]
15:12:41.0 (69338489)|HEAP_ALLOCATE|[184]|Bytes:6
15:12:41.0 (69361782)|HEAP_ALLOCATE|[185]|Bytes:6
15:12:41.0 (69370024)|HEAP_ALLOCATE|[186]|Bytes:6
15:12:41.0 (69377205)|STATEMENT_EXECUTE|[186]
15:12:41.0 (69379672)|HEAP_ALLOCATE|[186]|Bytes:1
15:12:41.0 (69388265)|METHOD_EXIT|[70]|01pO00000003HOS|OpportunityService.getGateNumber(String)
15:12:41.0 (69726137)|SOQL_EXECUTE_BEGIN|[68]|Aggregations:0|SELECT id FROM Gate__c WHERE (Opportunity__c = :tmpVar1 AND Gate_Number__c = :tmpVar2) ORDER BY CreatedDate DESC NULLS FIRST LIMIT 1
15:12:41.0 (69733985)|LIMIT_USAGE|[68]|SOQL|1|100
15:12:41.0 (69740426)|LIMIT_USAGE|[68]|AGGS|0|300
15:12:41.0 (78387939)|SOQL_EXECUTE_END|[68]|Rows:1
15:12:41.0 (78397851)|LIMIT_USAGE|[68]|SOQL_ROWS|1|50000
15:12:41.0 (78411256)|HEAP_ALLOCATE|[68]|Bytes:8
15:12:41.0 (78421341)|HEAP_ALLOCATE|[68]|Bytes:29
15:12:41.0 (78477732)|HEAP_ALLOCATE|[68]|Bytes:8
15:12:41.0 (78492710)|HEAP_ALLOCATE|[68]|Bytes:33
15:12:41.0 (78534579)|HEAP_ALLOCATE|[68]|Bytes:8
15:12:41.0 (78543318)|VARIABLE_SCOPE_BEGIN|[68]|latestGateId|Gate__c|true|false
15:12:41.0 (78565533)|VARIABLE_ASSIGNMENT|[68]|latestGateId|{"Id":"a0nO0000003xe14IAA"}|0x71f5d54b
15:12:41.0 (78569485)|STATEMENT_EXECUTE|[75]
15:12:41.0 (78573654)|HEAP_ALLOCATE|[75]|Bytes:240
15:12:41.0 (78580103)|HEAP_ALLOCATE|[75]|Bytes:4
15:12:41.0 (79702073)|SOQL_EXECUTE_BEGIN|[75]|Aggregations:0|SELECT Approver__r.Name, Approval_Level__c, Gate__c, Approval_Status__c, Wet_Signature_Received__c, Wet_Signature_Date__c, Approval_Comments__c, CreatedDate FROM Assigned_Approver__c WHERE Gate__c = :tmpVar1 ORDER BY Gate__c ASC NULLS FIRST
15:12:41.0 (79710510)|LIMIT_USAGE|[75]|SOQL|2|100
15:12:41.0 (79717141)|LIMIT_USAGE|[75]|AGGS|0|300
15:12:41.0 (97945556)|SOQL_EXECUTE_END|[75]|Rows:3
15:12:41.0 (97969313)|LIMIT_USAGE|[75]|SOQL_ROWS|4|50000
15:12:41.0 (97994201)|HEAP_ALLOCATE|[75]|Bytes:16
15:12:41.0 (98017456)|HEAP_ALLOCATE|[75]|Bytes:773
15:12:41.0 (98060573)|HEAP_ALLOCATE|[75]|Bytes:16
15:12:41.0 (98078310)|VARIABLE_SCOPE_BEGIN|[75]|allApprovers|List<Assigned_Approver__c>|true|false
15:12:41.0 (98162497)|VARIABLE_ASSIGNMENT|[75]|allApprovers|[{"Approver__c":"005O0000003t7anIAA","Approval_Level__c":"3","Gate__c":"a0nO0000003xe14IAA","Approval_Status__c":"Assigned Pending App (5 more) ...","Wet_Signature_Receiv (5 more) ...":false,"CreatedDate":"2017-04-05T05:12:31.000Z","Id":"a0oO0000002tf8pIAA","Approver__r":{"Name":"Ricky Lowe","Id":"005O0000003t7anIAA"}},{"Approver__c":"005O0000003t7anIAA","Approval_Level__c":"1","Gate__c":"a0nO0000003xe14IAA","Approval_Status__c":"Assigned Pending App (5 more) ...","Wet_Signature_Receiv (5 more) ...":false,"CreatedDate":"2017-04-05T05:12:31.000Z","Id":"a0oO0000002tf8qIAA","Approver__r":{"Name":"Ricky Lowe","Id":"005O0000003t7anIAA"}},{"Approver__c":"005O0000003uaVKIAY","Approval_Level__c":"2","Gate__c":"a0nO0000003xe14IAA","Approval_Status__c":"Assigned Pending App (5 more) ...","Wet_Signature_Receiv (5 more) ...":false,"CreatedDate":"2017-04-05T05:12:31.000Z","Id":"a0oO0000002tf8rIAA","Approver__r":{"Name":"Ricky Test","Id":"005O0000003uaVKIAY"}}]|0x3bfffe88
15:12:41.0 (98171805)|STATEMENT_EXECUTE|[83]
15:12:41.0 (98185259)|SYSTEM_MODE_EXIT|false
15:12:41.98 (98218759)|CUMULATIVE_LIMIT_USAGE
15:12:41.98 (98218759)|LIMIT_USAGE_FOR_NS|(default)|
  Number of SOQL queries: 2 out of 100
  Number of query rows: 4 out of 50000
  Number of SOSL queries: 0 out of 20
  Number of DML statements: 0 out of 150
  Number of DML rows: 0 out of 10000
  Maximum CPU time: 0 out of 10000
  Maximum heap size: 0 out of 6000000
  Number of callouts: 0 out of 100
  Number of Email Invocations: 0 out of 10
  Number of future calls: 0 out of 50
  Number of queueable jobs added to the queue: 0 out of 50
  Number of Mobile Apex push calls: 0 out of 10

15:12:41.98 (98218759)|TOTAL_EMAIL_RECIPIENTS_QUEUED|0
15:12:41.98 (98218759)|STATIC_VARIABLE_LIST|
  char[]:DigitTens:0
  long:serialVersionUID:0
  String:_static_KCRATemplateRecordTypeID:0
  long:serialVersionUID:0
  double:MAX_VALUE:0
  Boolean:FALSE:0
  long:serialVersionUID:0
  double:MIN_VALUE:0
  int:SIZE:0
  double:NEGATIVE_INFINITY:0
  int:MAX_VALUE:0
  String:_sfdcSuppressedCodeLocations:0
  char[]:digits:0
  double:NaN:0
  Boolean:TRUE:0
  int:MIN_VALUE:0
  String:_static_KCRARecordTypeID:0
  char[]:DigitOnes:0
  String:_sfdcAdditionalCodeLocations:0
  int:BYTES:0
  int:MIN_EXPONENT:0
  int[]:sizeTable:0
  int:MAX_EXPONENT:0
  int:SIZE:0
  double:POSITIVE_INFINITY:0
  String:_sfdcAdditionalCodeLocations:0
  double:MIN_NORMAL:0
  int:BYTES:0

15:12:41.98 (98218759)|CUMULATIVE_LIMIT_USAGE_END

15:12:41.0 (98358422)|CODE_UNIT_FINISHED|ApprovalController.getAssignedApprovers
15:12:41.0 (101251696)|EXECUTION_FINISHED
15:12:41.106 (106319962)|CUMULATIVE_PROFILING_BEGIN
15:12:41.106 (106319962)|CUMULATIVE_PROFILING|SOQL operations|
Class.ApprovalController.getAssignedApprovers: line 75, column 1: [SELECT Approver__r.Name, Approval_Level__c,Gate__c,Approval_Status__c,
                                                            Wet_Signature_Received__c, Wet_Signature_Date__c,
                                                            Approval_Comments__c,CreatedDate
                                                    from Assigned_Approver__c
                                                    where Gate__c = :latestGateID.id
                                                    order by Gate__c]: executed 1 time in 19 ms
Class.ApprovalController.getAssignedApprovers: line 68, column 1: [SELECT id FROM Gate__c 
                              where Opportunity__c = : opp.Id 
                              and Gate_Number__c = :OpportunityService.getGateNumber(opp.StageName)
                              ORDER BY CreatedDate DESC
                              LIMIT 1]: executed 1 time in 9 ms

15:12:41.106 (106319962)|CUMULATIVE_PROFILING|No profiling information for SOSL operations
15:12:41.106 (106319962)|CUMULATIVE_PROFILING|No profiling information for DML operations
15:12:41.106 (106319962)|CUMULATIVE_PROFILING|method invocations|
External entry point: public static List<Assigned_Approver__c> getAssignedApprovers(Opportunity): executed 1 time in 98 ms
Class.OpportunityService: line 2, column 1: global Schema.DescribeSObjectResult getDescribe(): executed 2 times in 1 ms
Class.ApprovalController.getAssignedApprovers: line 70, column 1: public static String getGateNumber(String): executed 1 time in 0 ms
Class.OpportunityService: line 3, column 1: global Schema.DescribeSObjectResult getDescribe(): executed 2 times in 0 ms

15:12:41.106 (106319962)|CUMULATIVE_PROFILING_END
