39.0 APEX_CODE,FINEST;APEX_PROFILING,FINEST;CALLOUT,INFO;DB,INFO;SYSTEM,DEBUG;VALIDATION,INFO;VISUALFORCE,INFO;WAVE,INFO;WORKFLOW,INFO
11:04:00.0 (336733)|USER_INFO|[EXTERNAL]|00528000006B07F|dev@systempartners.com.prod.pcphase2|Australian Eastern Standard Time|GMT+11:00
11:04:00.0 (369385)|EXECUTION_STARTED
11:04:00.0 (373491)|CODE_UNIT_STARTED|[EXTERNAL]|aura
11:04:00.0 (903549)|HEAP_ALLOCATE|[72]|Bytes:3
11:04:00.0 (943175)|HEAP_ALLOCATE|[77]|Bytes:152
11:04:00.0 (958996)|HEAP_ALLOCATE|[342]|Bytes:408
11:04:00.0 (977635)|HEAP_ALLOCATE|[355]|Bytes:408
11:04:00.0 (996017)|HEAP_ALLOCATE|[467]|Bytes:48
11:04:00.0 (1020551)|HEAP_ALLOCATE|[139]|Bytes:6
11:04:00.0 (1043309)|HEAP_ALLOCATE|[EXTERNAL]|Bytes:18
11:04:00.0 (1057210)|HEAP_ALLOCATE|[EXTERNAL]|Bytes:18
11:04:00.0 (2396258)|CODE_UNIT_STARTED|[EXTERNAL]|01pO0000000372v|KCRAController.getAllKCRARecords
11:04:00.0 (2488247)|HEAP_ALLOCATE|[EXTERNAL]|Bytes:5
11:04:00.0 (2493913)|HEAP_ALLOCATE|[EXTERNAL]|Bytes:14
11:04:00.0 (2504655)|METHOD_ENTRY|[11]|01pO0000000372v|KCRAController.KCRAController()
11:04:00.0 (2508632)|STATEMENT_EXECUTE|[11]
11:04:00.0 (2515549)|STATEMENT_EXECUTE|[11]
11:04:00.0 (2521549)|METHOD_EXIT|[11]|KCRAController
11:04:00.0 (2525200)|HEAP_ALLOCATE|[EXTERNAL]|Bytes:18
11:04:00.0 (2534077)|SYSTEM_MODE_ENTER|false
11:04:00.0 (2541538)|VARIABLE_SCOPE_BEGIN|[14]|opportunityId|String|false|false
11:04:00.0 (2563919)|VARIABLE_ASSIGNMENT|[14]|opportunityId|"006O0000008j3sIIAQ"
11:04:00.0 (2572769)|STATEMENT_EXECUTE|[14]
11:04:00.0 (2574248)|STATEMENT_EXECUTE|[17]
11:04:00.0 (2577041)|HEAP_ALLOCATE|[17]|Bytes:204
11:04:00.0 (2590122)|HEAP_ALLOCATE|[17]|Bytes:4
11:04:00.0 (2602990)|HEAP_ALLOCATE|[17]|Bytes:7
11:04:00.0 (2647961)|HEAP_ALLOCATE|[50]|Bytes:5
11:04:00.0 (2665922)|HEAP_ALLOCATE|[56]|Bytes:5
11:04:00.0 (2674379)|HEAP_ALLOCATE|[64]|Bytes:7
11:04:00.0 (3137872)|SOQL_EXECUTE_BEGIN|[17]|Aggregations:0|SELECT Id, name, recordtypeId, applicable__c, approved__c, itemno__c, KCRA_Item__c, Opportunity__c FROM Key_Commercial_Risks_Approvals__c WHERE Opportunity__c = :tmpVar1 ORDER BY itemno__c ASC NULLS FIRST
11:04:00.0 (3149832)|LIMIT_USAGE|[17]|SOQL|1|100
11:04:00.0 (3160782)|LIMIT_USAGE|[17]|AGGS|0|300
11:04:00.0 (10579266)|SOQL_EXECUTE_END|[17]|Rows:1
11:04:00.0 (10592830)|LIMIT_USAGE|[17]|SOQL_ROWS|1|50000
11:04:00.0 (10622672)|HEAP_ALLOCATE|[17]|Bytes:8
11:04:00.0 (10646146)|HEAP_ALLOCATE|[17]|Bytes:248
11:04:00.0 (10720024)|HEAP_ALLOCATE|[17]|Bytes:8
11:04:00.0 (10739802)|VARIABLE_SCOPE_BEGIN|[17]|allKCRAs|List<Key_Commercial_Risks_Approvals__c>|true|false
11:04:00.0 (10782343)|VARIABLE_ASSIGNMENT|[17]|allKCRAs|[{"Id":"a0gO000001LxM3ZIAV","Name":"KCRA-00000004","Applicable__c":"Yes","Approved__c":false,"ItemNo__c":2,"KCRA_Item__c":"Operate in a country (38 more) ...","Opportunity__c":"006O0000008j3sIIAQ"}]|0x7cb2dd6
11:04:00.0 (10788390)|STATEMENT_EXECUTE|[27]
11:04:00.0 (10803461)|SYSTEM_MODE_EXIT|false
11:04:00.10 (10841244)|CUMULATIVE_LIMIT_USAGE
11:04:00.10 (10841244)|LIMIT_USAGE_FOR_NS|(default)|
  Number of SOQL queries: 1 out of 100
  Number of query rows: 1 out of 50000
  Number of SOSL queries: 0 out of 20
  Number of DML statements: 0 out of 150
  Number of DML rows: 0 out of 10000
  Maximum CPU time: 0 out of 10000
  Maximum heap size: 0 out of 6000000
  Number of callouts: 0 out of 100
  Number of Email Invocations: 0 out of 10
  Number of future calls: 0 out of 50
  Number of queueable jobs added to the queue: 0 out of 50
  Number of Mobile Apex push calls: 0 out of 10

11:04:00.10 (10841244)|TOTAL_EMAIL_RECIPIENTS_QUEUED|0
11:04:00.10 (10841244)|STATIC_VARIABLE_LIST|
  char[]:DigitTens:0
  long:serialVersionUID:0
  long:serialVersionUID:0
  double:MAX_VALUE:0
  Boolean:FALSE:0
  long:serialVersionUID:0
  String:_sfdcAdditionalCodeLocations:0
  double:MIN_VALUE:0
  int:SIZE:0
  double:NEGATIVE_INFINITY:0
  int:MAX_VALUE:0
  char[]:digits:0
  double:NaN:0
  Boolean:TRUE:0
  int:MIN_VALUE:0
  char[]:DigitOnes:0
  int:BYTES:0
  int:MIN_EXPONENT:0
  int[]:sizeTable:0
  int:MAX_EXPONENT:0
  String:_sfdcSuppressedCodeLocations:0
  int:SIZE:0
  double:POSITIVE_INFINITY:0
  double:MIN_NORMAL:0
  int:BYTES:0

11:04:00.10 (10841244)|CUMULATIVE_LIMIT_USAGE_END

11:04:00.0 (10960795)|CODE_UNIT_FINISHED|KCRAController.getAllKCRARecords
11:04:00.16 (16932284)|CUMULATIVE_PROFILING_BEGIN
11:04:00.16 (16932284)|CUMULATIVE_PROFILING|SOQL operations|
Class.KCRAController.getAllKCRARecords: line 17, column 1: [SELECT   Id,name,
                                                           			recordtypeId,
                                                           			applicable__c,
                                                           			approved__c,
                                                           			itemno__c,
                                                           			KCRA_Item__c,Opportunity__c 
                                 							FROM     Key_Commercial_Risks_Approvals__c 
                                 							WHERE    Opportunity__c = :opportunityId
                                                           	ORDER BY itemno__c]: executed 1 time in 8 ms

11:04:00.16 (16932284)|CUMULATIVE_PROFILING|No profiling information for SOSL operations
11:04:00.16 (16932284)|CUMULATIVE_PROFILING|No profiling information for DML operations
11:04:00.16 (16932284)|CUMULATIVE_PROFILING|method invocations|
External entry point: public static List<Key_Commercial_Risks_Approvals__c> getAllKCRARecords(String): executed 1 time in 8 ms

11:04:00.16 (16932284)|CUMULATIVE_PROFILING_END
