39.0 APEX_CODE,FINEST;APEX_PROFILING,FINEST;CALLOUT,NONE;DB,FINEST;SYSTEM,FINE;VALIDATION,INFO;VISUALFORCE,INFO;WAVE,INFO;WORKFLOW,FINER
14:42:54.0 (301783)|USER_INFO|[EXTERNAL]|00528000006B07F|dev@systempartners.com.prod.pcphase2|Australian Eastern Standard Time|GMT+11:00
14:42:54.0 (334319)|EXECUTION_STARTED
14:42:54.0 (338372)|CODE_UNIT_STARTED|[EXTERNAL]|aura
14:42:54.0 (1015489)|HEAP_ALLOCATE|[72]|Bytes:3
14:42:54.0 (1052981)|HEAP_ALLOCATE|[77]|Bytes:152
14:42:54.0 (1073209)|HEAP_ALLOCATE|[342]|Bytes:408
14:42:54.0 (1101889)|HEAP_ALLOCATE|[355]|Bytes:408
14:42:54.0 (1128096)|HEAP_ALLOCATE|[467]|Bytes:48
14:42:54.0 (1155292)|HEAP_ALLOCATE|[139]|Bytes:6
14:42:54.0 (1177223)|HEAP_ALLOCATE|[EXTERNAL]|Bytes:18
14:42:54.0 (1185203)|HEAP_ALLOCATE|[EXTERNAL]|Bytes:18
14:42:54.0 (2847345)|CODE_UNIT_STARTED|[EXTERNAL]|01pO00000003MVy|ApprovalController.getOpportunityRecord
14:42:54.0 (2961547)|HEAP_ALLOCATE|[EXTERNAL]|Bytes:5
14:42:54.0 (2967227)|HEAP_ALLOCATE|[EXTERNAL]|Bytes:8
14:42:54.0 (2976218)|METHOD_ENTRY|[1]|01pO00000003MVy|ApprovalController.ApprovalController()
14:42:54.0 (2979536)|STATEMENT_EXECUTE|[1]
14:42:54.0 (2984663)|STATEMENT_EXECUTE|[1]
14:42:54.0 (2989420)|METHOD_EXIT|[1]|ApprovalController
14:42:54.0 (2993086)|HEAP_ALLOCATE|[EXTERNAL]|Bytes:18
14:42:54.0 (3001881)|SYSTEM_MODE_ENTER|false
14:42:54.0 (3010223)|VARIABLE_SCOPE_BEGIN|[15]|opportunityId|String|false|false
14:42:54.0 (3031375)|VARIABLE_ASSIGNMENT|[15]|opportunityId|"006O0000008kRsJIAU"
14:42:54.0 (3038759)|STATEMENT_EXECUTE|[15]
14:42:54.0 (3040146)|STATEMENT_EXECUTE|[18]
14:42:54.0 (3042963)|HEAP_ALLOCATE|[18]|Bytes:589
14:42:54.0 (3052265)|HEAP_ALLOCATE|[18]|Bytes:4
14:42:54.0 (3062484)|HEAP_ALLOCATE|[18]|Bytes:7
14:42:54.0 (3102035)|HEAP_ALLOCATE|[50]|Bytes:5
14:42:54.0 (3121518)|HEAP_ALLOCATE|[56]|Bytes:5
14:42:54.0 (3130005)|HEAP_ALLOCATE|[64]|Bytes:7
14:42:54.0 (3672444)|SOQL_EXECUTE_BEGIN|[18]|Aggregations:0|SELECT Id, name, Gate_Status__c, TSF_Gate_Status__c, CRA_Gate_Status__c, StageName, Competitor_Analysis_General_Comments__c, Are_there_any_critical_risks__c, Has_CRA_changed_since_last_approval__c, Has_TSF_changed_since_last_approval__c, Apply_Default_Bonding__c, Conversion_Budget_Comments__c, Is_Gate_1_To_3__c, Is_Gate_4_To_5__c, Net_Budget_EOI_PQ__c, Net_Budget_Post_Tender__c, Net_Budget_Tender__c, Net_Budget_Amount__c, Total_Budget_EOI_PQ__c, Total_Budget_Tender__c, Total_Budget_AUD__c, Total_Budget_Post_Tender__c, JH_Bid_Cost_of_JH_Revenue__c FROM Opportunity WHERE Id = :tmpVar1
14:42:54.0 (3683409)|LIMIT_USAGE|[18]|SOQL|1|100
14:42:54.0 (3690886)|LIMIT_USAGE|[18]|AGGS|0|300
14:42:54.0 (21046726)|SOQL_EXECUTE_END|[18]|Rows:1
14:42:54.0 (21058924)|LIMIT_USAGE|[18]|SOQL_ROWS|1|50000
14:42:54.0 (21077224)|HEAP_ALLOCATE|[18]|Bytes:8
14:42:54.0 (21091532)|HEAP_ALLOCATE|[18]|Bytes:847
14:42:54.0 (21128367)|HEAP_ALLOCATE|[18]|Bytes:8
14:42:54.0 (21146123)|VARIABLE_SCOPE_BEGIN|[18]|allOpps|List<Opportunity>|true|false
14:42:54.0 (21198259)|VARIABLE_ASSIGNMENT|[18]|allOpps|[{"Id":"006O0000008kRsJIAU","Name":"Test Alex 15 Mar 124 (3 more) ...","Gate_Status__c":"Reviewing Approvers","TSF_Gate_Status__c":"Not Applicable","CRA_Gate_Status__c":"Not Applicable","StageName":"Gate 1","Are_there_any_critic (11 more) ...":"No","Has_CRA_changed_sinc (18 more) ...":"Yes","Apply_Default_Bondin (4 more) ...":true,"Is_Gate_1_To_3__c":true,"Is_Gate_4_To_5__c":false,"Net_Budget_EOI_PQ__c":0,"Net_Budget_Post_Tend (5 more) ...":0,"Net_Budget_Tender__c":0,"Net_Budget_Amount__c":0,"Total_Budget_EOI_PQ_ (2 more) ...":0,"Total_Budget_Tender_ (2 more) ...":0,"Total_Budget_AUD__c":0,"Total_Budget_Post_Te (7 more) ...":0}]|0x7d04c87e
14:42:54.0 (21206724)|STATEMENT_EXECUTE|[38]
14:42:54.0 (21216769)|SYSTEM_MODE_EXIT|false
14:42:54.21 (21240415)|CUMULATIVE_LIMIT_USAGE
14:42:54.21 (21240415)|LIMIT_USAGE_FOR_NS|(default)|
  Number of SOQL queries: 1 out of 100
  Number of query rows: 1 out of 50000
  Number of SOSL queries: 0 out of 20
  Number of DML statements: 0 out of 150
  Number of DML rows: 0 out of 10000
  Maximum CPU time: 0 out of 10000
  Maximum heap size: 0 out of 6000000
  Number of callouts: 0 out of 100
  Number of Email Invocations: 0 out of 10
  Number of future calls: 0 out of 50
  Number of queueable jobs added to the queue: 0 out of 50
  Number of Mobile Apex push calls: 0 out of 10

14:42:54.21 (21240415)|TOTAL_EMAIL_RECIPIENTS_QUEUED|0
14:42:54.21 (21240415)|STATIC_VARIABLE_LIST|
  char[]:DigitTens:0
  long:serialVersionUID:0
  long:serialVersionUID:0
  double:MAX_VALUE:0
  Boolean:FALSE:0
  long:serialVersionUID:0
  double:MIN_VALUE:0
  int:SIZE:0
  double:NEGATIVE_INFINITY:0
  int:MAX_VALUE:0
  String:_sfdcSuppressedCodeLocations:0
  char[]:digits:0
  double:NaN:0
  Boolean:TRUE:0
  int:MIN_VALUE:0
  char[]:DigitOnes:0
  int:BYTES:0
  int:MIN_EXPONENT:0
  int[]:sizeTable:0
  int:MAX_EXPONENT:0
  int:SIZE:0
  double:POSITIVE_INFINITY:0
  String:_sfdcAdditionalCodeLocations:0
  double:MIN_NORMAL:0
  int:BYTES:0

14:42:54.21 (21240415)|CUMULATIVE_LIMIT_USAGE_END

14:42:54.0 (21357436)|CODE_UNIT_FINISHED|ApprovalController.getOpportunityRecord
14:42:54.0 (41518528)|HEAP_ALLOCATE|[EXTERNAL]|Bytes:18
14:42:54.0 (41535711)|HEAP_ALLOCATE|[EXTERNAL]|Bytes:18
14:42:54.0 (42619064)|CODE_UNIT_STARTED|[EXTERNAL]|01pO00000003MVy|ApprovalController.getOpportunityRecord
14:42:54.0 (42653410)|HEAP_ALLOCATE|[EXTERNAL]|Bytes:18
14:42:54.0 (42663275)|SYSTEM_MODE_ENTER|false
14:42:54.0 (42669973)|VARIABLE_SCOPE_BEGIN|[15]|opportunityId|String|false|false
14:42:54.0 (42685503)|VARIABLE_ASSIGNMENT|[15]|opportunityId|"006O0000008kRsJIAU"
14:42:54.0 (42694948)|STATEMENT_EXECUTE|[15]
14:42:54.0 (42696989)|STATEMENT_EXECUTE|[18]
14:42:54.0 (42702247)|HEAP_ALLOCATE|[18]|Bytes:4
14:42:54.0 (43293493)|SOQL_EXECUTE_BEGIN|[18]|Aggregations:0|SELECT Id, name, Gate_Status__c, TSF_Gate_Status__c, CRA_Gate_Status__c, StageName, Competitor_Analysis_General_Comments__c, Are_there_any_critical_risks__c, Has_CRA_changed_since_last_approval__c, Has_TSF_changed_since_last_approval__c, Apply_Default_Bonding__c, Conversion_Budget_Comments__c, Is_Gate_1_To_3__c, Is_Gate_4_To_5__c, Net_Budget_EOI_PQ__c, Net_Budget_Post_Tender__c, Net_Budget_Tender__c, Net_Budget_Amount__c, Total_Budget_EOI_PQ__c, Total_Budget_Tender__c, Total_Budget_AUD__c, Total_Budget_Post_Tender__c, JH_Bid_Cost_of_JH_Revenue__c FROM Opportunity WHERE Id = :tmpVar1
14:42:54.0 (43306180)|LIMIT_USAGE|[18]|SOQL|2|100
14:42:54.0 (43318813)|LIMIT_USAGE|[18]|AGGS|0|300
14:42:54.0 (54542631)|SOQL_EXECUTE_END|[18]|Rows:1
14:42:54.0 (54556393)|LIMIT_USAGE|[18]|SOQL_ROWS|2|50000
14:42:54.0 (54575406)|HEAP_ALLOCATE|[18]|Bytes:8
14:42:54.0 (54590035)|HEAP_ALLOCATE|[18]|Bytes:847
14:42:54.0 (54608758)|HEAP_ALLOCATE|[18]|Bytes:8
14:42:54.0 (54628393)|VARIABLE_SCOPE_BEGIN|[18]|allOpps|List<Opportunity>|true|false
14:42:54.0 (54684346)|VARIABLE_ASSIGNMENT|[18]|allOpps|[{"Id":"006O0000008kRsJIAU","Name":"Test Alex 15 Mar 124 (3 more) ...","Gate_Status__c":"Reviewing Approvers","TSF_Gate_Status__c":"Not Applicable","CRA_Gate_Status__c":"Not Applicable","StageName":"Gate 1","Are_there_any_critic (11 more) ...":"No","Has_CRA_changed_sinc (18 more) ...":"Yes","Apply_Default_Bondin (4 more) ...":true,"Is_Gate_1_To_3__c":true,"Is_Gate_4_To_5__c":false,"Net_Budget_EOI_PQ__c":0,"Net_Budget_Post_Tend (5 more) ...":0,"Net_Budget_Tender__c":0,"Net_Budget_Amount__c":0,"Total_Budget_EOI_PQ_ (2 more) ...":0,"Total_Budget_Tender_ (2 more) ...":0,"Total_Budget_AUD__c":0,"Total_Budget_Post_Te (7 more) ...":0}]|0x2d7628c9
14:42:54.0 (54692234)|STATEMENT_EXECUTE|[38]
14:42:54.0 (54703014)|SYSTEM_MODE_EXIT|false
14:42:54.54 (54725948)|CUMULATIVE_LIMIT_USAGE
14:42:54.54 (54725948)|LIMIT_USAGE_FOR_NS|(default)|
  Number of SOQL queries: 2 out of 100
  Number of query rows: 2 out of 50000
  Number of SOSL queries: 0 out of 20
  Number of DML statements: 0 out of 150
  Number of DML rows: 0 out of 10000
  Maximum CPU time: 0 out of 10000
  Maximum heap size: 0 out of 6000000
  Number of callouts: 0 out of 100
  Number of Email Invocations: 0 out of 10
  Number of future calls: 0 out of 50
  Number of queueable jobs added to the queue: 0 out of 50
  Number of Mobile Apex push calls: 0 out of 10

14:42:54.54 (54725948)|TOTAL_EMAIL_RECIPIENTS_QUEUED|0
14:42:54.54 (54725948)|STATIC_VARIABLE_LIST|
  char[]:DigitTens:0
  long:serialVersionUID:0
  long:serialVersionUID:0
  double:MAX_VALUE:0
  Boolean:FALSE:0
  long:serialVersionUID:0
  double:MIN_VALUE:0
  int:SIZE:0
  double:NEGATIVE_INFINITY:0
  int:MAX_VALUE:0
  String:_sfdcSuppressedCodeLocations:0
  char[]:digits:0
  double:NaN:0
  Boolean:TRUE:0
  int:MIN_VALUE:0
  char[]:DigitOnes:0
  int:BYTES:0
  int:MIN_EXPONENT:0
  int[]:sizeTable:0
  int:MAX_EXPONENT:0
  int:SIZE:0
  double:POSITIVE_INFINITY:0
  String:_sfdcAdditionalCodeLocations:0
  double:MIN_NORMAL:0
  int:BYTES:0

14:42:54.54 (54725948)|CUMULATIVE_LIMIT_USAGE_END

14:42:54.0 (54828205)|CODE_UNIT_FINISHED|ApprovalController.getOpportunityRecord
14:42:54.220 (220490820)|CUMULATIVE_PROFILING_BEGIN
14:42:54.220 (220490820)|CUMULATIVE_PROFILING|SOQL operations|
Class.ApprovalController.getOpportunityRecord: line 18, column 1: [SELECT   Id,name,
                                                           			Gate_Status__c,
                                                           			TSF_Gate_Status__c,
                                                           			CRA_Gate_Status__c,
                                                           			StageName,
                                    								Competitor_Analysis_General_Comments__c,
                                    								Are_there_any_critical_risks__c,
                                    								Has_CRA_changed_since_last_approval__c,
                                    								Has_TSF_changed_since_last_approval__c,
                                    								Apply_Default_Bonding__c,
                                    								Conversion_Budget_Comments__c,
                                    								Is_Gate_1_To_3__c, Is_Gate_4_To_5__c,
                                    								Net_Budget_EOI_PQ__c, Net_Budget_Post_Tender__c, 
                                    								Net_Budget_Tender__c, Net_Budget_Amount__c,
                                    								Total_Budget_EOI_PQ__c, Total_Budget_Tender__c, 
                                    								Total_Budget_AUD__c, Total_Budget_Post_Tender__c, 
                                    								JH_Bid_Cost_of_JH_Revenue__c
                                 							FROM     Opportunity
                                 							WHERE    Id = :opportunityId]: executed 2 times in 30 ms

14:42:54.220 (220490820)|CUMULATIVE_PROFILING|No profiling information for SOSL operations
14:42:54.220 (220490820)|CUMULATIVE_PROFILING|No profiling information for DML operations
14:42:54.220 (220490820)|CUMULATIVE_PROFILING|method invocations|
External entry point: public static List<Opportunity> getOpportunityRecord(String): executed 1 time in 12 ms

14:42:54.220 (220490820)|CUMULATIVE_PROFILING_END
