39.0 APEX_CODE,FINEST;APEX_PROFILING,FINEST;CALLOUT,NONE;DB,FINEST;SYSTEM,FINE;VALIDATION,INFO;VISUALFORCE,INFO;WAVE,INFO;WORKFLOW,FINER
14:56:57.0 (429591)|USER_INFO|[EXTERNAL]|00528000006B07F|dev@systempartners.com.prod.pcphase2|Australian Eastern Standard Time|GMT+11:00
14:56:57.0 (468979)|EXECUTION_STARTED
14:56:57.0 (474847)|CODE_UNIT_STARTED|[EXTERNAL]|VisualForce View State
14:56:57.0 (459679087)|HEAP_ALLOCATE|[72]|Bytes:3
14:56:57.0 (459732057)|HEAP_ALLOCATE|[77]|Bytes:152
14:56:57.0 (459751141)|HEAP_ALLOCATE|[342]|Bytes:408
14:56:57.0 (459772037)|HEAP_ALLOCATE|[355]|Bytes:408
14:56:57.0 (459789967)|HEAP_ALLOCATE|[467]|Bytes:48
14:56:57.0 (459819817)|HEAP_ALLOCATE|[139]|Bytes:6
14:56:57.0 (459849636)|HEAP_ALLOCATE|[50]|Bytes:5
14:56:57.0 (459873382)|HEAP_ALLOCATE|[56]|Bytes:5
14:56:57.0 (459882445)|HEAP_ALLOCATE|[64]|Bytes:7
14:56:57.0 (461472231)|CODE_UNIT_FINISHED|VisualForce View State
14:56:57.0 (463872827)|EXECUTION_FINISHED
14:56:57.465 (465585465)|USER_INFO|[EXTERNAL]|00528000006B07F|dev@systempartners.com.prod.pcphase2|Australian Eastern Standard Time|GMT+11:00
14:56:57.465 (465622543)|SYSTEM_MODE_ENTER|true
14:56:57.465 (465684569)|HEAP_ALLOCATE|[EXTERNAL]|Bytes:38
14:56:57.465 (465691259)|HEAP_ALLOCATE|[EXTERNAL]|Bytes:7
14:56:57.465 (465701460)|SYSTEM_METHOD_ENTRY|[1]|PageMessagesComponentController.PageMessagesComponentController()
14:56:57.465 (465705990)|STATEMENT_EXECUTE|[1]
14:56:58.702 (1702058068)|CUMULATIVE_LIMIT_USAGE
14:56:58.702 (1702058068)|LIMIT_USAGE_FOR_NS|(default)|
  Number of SOQL queries: 0 out of 100
  Number of query rows: 0 out of 50000
  Number of SOSL queries: 0 out of 20
  Number of DML statements: 0 out of 150
  Number of DML rows: 0 out of 10000
  Maximum CPU time: 0 out of 10000
  Maximum heap size: 0 out of 6000000
  Number of callouts: 0 out of 100
  Number of Email Invocations: 0 out of 10
  Number of future calls: 0 out of 50
  Number of queueable jobs added to the queue: 0 out of 50
  Number of Mobile Apex push calls: 0 out of 10

14:56:58.702 (1702058068)|CUMULATIVE_LIMIT_USAGE_END

