39.0 APEX_CODE,FINEST;APEX_PROFILING,FINEST;CALLOUT,NONE;DB,FINEST;SYSTEM,FINE;VALIDATION,INFO;VISUALFORCE,INFO;WAVE,INFO;WORKFLOW,FINER
11:01:37.0 (336067)|USER_INFO|[EXTERNAL]|00528000006B07F|dev@systempartners.com.prod.pcphase2|Australian Eastern Standard Time|GMT+10:00
11:01:37.0 (372595)|EXECUTION_STARTED
11:01:37.0 (377130)|CODE_UNIT_STARTED|[EXTERNAL]|aura
11:01:37.0 (798799)|HEAP_ALLOCATE|[72]|Bytes:3
11:01:37.0 (842496)|HEAP_ALLOCATE|[77]|Bytes:152
11:01:37.0 (859993)|HEAP_ALLOCATE|[342]|Bytes:408
11:01:37.0 (879906)|HEAP_ALLOCATE|[355]|Bytes:408
11:01:37.0 (898224)|HEAP_ALLOCATE|[467]|Bytes:48
11:01:37.0 (932296)|HEAP_ALLOCATE|[139]|Bytes:6
11:01:37.0 (973564)|HEAP_ALLOCATE|[EXTERNAL]|Bytes:18
11:01:37.0 (996980)|HEAP_ALLOCATE|[EXTERNAL]|Bytes:18
11:01:37.0 (2270344)|CODE_UNIT_STARTED|[EXTERNAL]|01pO00000003MVy|ApprovalController.getOpportunityRecord
11:01:37.0 (2352724)|HEAP_ALLOCATE|[EXTERNAL]|Bytes:11
11:01:37.0 (2358288)|HEAP_ALLOCATE|[EXTERNAL]|Bytes:27
11:01:37.0 (2367621)|METHOD_ENTRY|[1]|01pO00000003MVy|ApprovalController.ApprovalController()
11:01:37.0 (2371602)|STATEMENT_EXECUTE|[1]
11:01:37.0 (2376687)|STATEMENT_EXECUTE|[1]
11:01:37.0 (2382044)|METHOD_EXIT|[1]|ApprovalController
11:01:37.0 (2385618)|HEAP_ALLOCATE|[EXTERNAL]|Bytes:18
11:01:37.0 (2394394)|SYSTEM_MODE_ENTER|false
11:01:37.0 (2403474)|VARIABLE_SCOPE_BEGIN|[15]|opportunityId|String|false|false
11:01:37.0 (2423741)|VARIABLE_ASSIGNMENT|[15]|opportunityId|"006O0000009HAXhIAO"
11:01:37.0 (2430982)|STATEMENT_EXECUTE|[15]
11:01:37.0 (2432493)|STATEMENT_EXECUTE|[18]
11:01:37.0 (2435930)|HEAP_ALLOCATE|[18]|Bytes:589
11:01:37.0 (2446809)|HEAP_ALLOCATE|[18]|Bytes:4
11:01:37.0 (2459858)|HEAP_ALLOCATE|[18]|Bytes:7
11:01:37.0 (2501655)|HEAP_ALLOCATE|[50]|Bytes:5
11:01:37.0 (2539626)|HEAP_ALLOCATE|[56]|Bytes:5
11:01:37.0 (2558126)|HEAP_ALLOCATE|[64]|Bytes:7
11:01:37.0 (3481237)|SOQL_EXECUTE_BEGIN|[18]|Aggregations:0|SELECT Id, name, Gate_Status__c, TSF_Gate_Status__c, CRA_Gate_Status__c, StageName, Competitor_Analysis_General_Comments__c, Are_there_any_critical_risks__c, Has_CRA_changed_since_last_approval__c, Has_TSF_changed_since_last_approval__c, Apply_Default_Bonding__c, Conversion_Budget_Comments__c, Is_Gate_1_To_3__c, Is_Gate_4_To_5__c, Net_Budget_EOI_PQ__c, Net_Budget_Post_Tender__c, Net_Budget_Tender__c, Net_Budget_Amount__c, Total_Budget_EOI_PQ__c, Total_Budget_Tender__c, Total_Budget_AUD__c, Total_Budget_Post_Tender__c, JH_Bid_Cost_of_JH_Revenue__c FROM Opportunity WHERE Id = :tmpVar1
11:01:37.0 (3494213)|LIMIT_USAGE|[18]|SOQL|1|100
11:01:37.0 (3502819)|LIMIT_USAGE|[18]|AGGS|0|300
11:01:37.0 (25598085)|SOQL_EXECUTE_END|[18]|Rows:1
11:01:37.0 (25609411)|LIMIT_USAGE|[18]|SOQL_ROWS|1|50000
11:01:37.0 (25629215)|HEAP_ALLOCATE|[18]|Bytes:8
11:01:37.0 (25643341)|HEAP_ALLOCATE|[18]|Bytes:752
11:01:37.0 (25761700)|HEAP_ALLOCATE|[18]|Bytes:8
11:01:37.0 (25782948)|VARIABLE_SCOPE_BEGIN|[18]|allOpps|List<Opportunity>|true|false
11:01:37.0 (25830689)|VARIABLE_ASSIGNMENT|[18]|allOpps|[{"Id":"006O0000009HAXhIAO","Name":"Test AMcF 12-04 #1","Gate_Status__c":"Not Started","TSF_Gate_Status__c":"Not Applicable","CRA_Gate_Status__c":"Not Applicable","StageName":"Gate 3","Apply_Default_Bondin (4 more) ...":false,"Is_Gate_1_To_3__c":true,"Is_Gate_4_To_5__c":false,"Net_Budget_EOI_PQ__c":0,"Net_Budget_Post_Tend (5 more) ...":0,"Net_Budget_Tender__c":0,"Net_Budget_Amount__c":0,"Total_Budget_EOI_PQ_ (2 more) ...":0,"Total_Budget_Tender_ (2 more) ...":0,"Total_Budget_AUD__c":0,"Total_Budget_Post_Te (7 more) ...":0}]|0x311f6a7a
11:01:37.0 (25840206)|STATEMENT_EXECUTE|[38]
11:01:37.0 (25852859)|SYSTEM_MODE_EXIT|false
11:01:37.25 (25892177)|CUMULATIVE_LIMIT_USAGE
11:01:37.25 (25892177)|LIMIT_USAGE_FOR_NS|(default)|
  Number of SOQL queries: 1 out of 100
  Number of query rows: 1 out of 50000
  Number of SOSL queries: 0 out of 20
  Number of DML statements: 0 out of 150
  Number of DML rows: 0 out of 10000
  Maximum CPU time: 0 out of 10000
  Maximum heap size: 0 out of 6000000
  Number of callouts: 0 out of 100
  Number of Email Invocations: 0 out of 10
  Number of future calls: 0 out of 50
  Number of queueable jobs added to the queue: 0 out of 50
  Number of Mobile Apex push calls: 0 out of 10

11:01:37.25 (25892177)|TOTAL_EMAIL_RECIPIENTS_QUEUED|0
11:01:37.25 (25892177)|STATIC_VARIABLE_LIST|
  char[]:DigitTens:0
  long:serialVersionUID:0
  long:serialVersionUID:0
  double:MAX_VALUE:0
  Boolean:FALSE:0
  long:serialVersionUID:0
  double:MIN_VALUE:0
  int:SIZE:0
  double:NEGATIVE_INFINITY:0
  int:MAX_VALUE:0
  String:_sfdcSuppressedCodeLocations:0
  char[]:digits:0
  double:NaN:0
  Boolean:TRUE:0
  int:MIN_VALUE:0
  char[]:DigitOnes:0
  int:BYTES:0
  int:MIN_EXPONENT:0
  int[]:sizeTable:0
  int:MAX_EXPONENT:0
  int:SIZE:0
  double:POSITIVE_INFINITY:0
  String:_sfdcAdditionalCodeLocations:0
  double:MIN_NORMAL:0
  int:BYTES:0

11:01:37.25 (25892177)|CUMULATIVE_LIMIT_USAGE_END

11:01:37.0 (26036184)|CODE_UNIT_FINISHED|ApprovalController.getOpportunityRecord
11:01:37.0 (150244169)|HEAP_ALLOCATE|[EXTERNAL]|Bytes:18
11:01:37.0 (150277478)|HEAP_ALLOCATE|[EXTERNAL]|Bytes:18
11:01:37.0 (151507948)|CODE_UNIT_STARTED|[EXTERNAL]|01pO00000003MVy|ApprovalController.getOpportunityRecord
11:01:37.0 (151558312)|HEAP_ALLOCATE|[EXTERNAL]|Bytes:18
11:01:37.0 (151571690)|SYSTEM_MODE_ENTER|false
11:01:37.0 (151584615)|VARIABLE_SCOPE_BEGIN|[15]|opportunityId|String|false|false
11:01:37.0 (151601040)|VARIABLE_ASSIGNMENT|[15]|opportunityId|"006O0000009HAXhIAO"
11:01:37.0 (151616213)|STATEMENT_EXECUTE|[15]
11:01:37.0 (151619727)|STATEMENT_EXECUTE|[18]
11:01:37.0 (151636875)|HEAP_ALLOCATE|[18]|Bytes:4
11:01:37.0 (152264741)|SOQL_EXECUTE_BEGIN|[18]|Aggregations:0|SELECT Id, name, Gate_Status__c, TSF_Gate_Status__c, CRA_Gate_Status__c, StageName, Competitor_Analysis_General_Comments__c, Are_there_any_critical_risks__c, Has_CRA_changed_since_last_approval__c, Has_TSF_changed_since_last_approval__c, Apply_Default_Bonding__c, Conversion_Budget_Comments__c, Is_Gate_1_To_3__c, Is_Gate_4_To_5__c, Net_Budget_EOI_PQ__c, Net_Budget_Post_Tender__c, Net_Budget_Tender__c, Net_Budget_Amount__c, Total_Budget_EOI_PQ__c, Total_Budget_Tender__c, Total_Budget_AUD__c, Total_Budget_Post_Tender__c, JH_Bid_Cost_of_JH_Revenue__c FROM Opportunity WHERE Id = :tmpVar1
11:01:37.0 (152283612)|LIMIT_USAGE|[18]|SOQL|2|100
11:01:37.0 (152297719)|LIMIT_USAGE|[18]|AGGS|0|300
11:01:37.0 (161684419)|SOQL_EXECUTE_END|[18]|Rows:1
11:01:37.0 (161692614)|LIMIT_USAGE|[18]|SOQL_ROWS|2|50000
11:01:37.0 (161707658)|HEAP_ALLOCATE|[18]|Bytes:8
11:01:37.0 (161720746)|HEAP_ALLOCATE|[18]|Bytes:752
11:01:37.0 (161747836)|HEAP_ALLOCATE|[18]|Bytes:8
11:01:37.0 (161764721)|VARIABLE_SCOPE_BEGIN|[18]|allOpps|List<Opportunity>|true|false
11:01:37.0 (161805739)|VARIABLE_ASSIGNMENT|[18]|allOpps|[{"Id":"006O0000009HAXhIAO","Name":"Test AMcF 12-04 #1","Gate_Status__c":"Not Started","TSF_Gate_Status__c":"Not Applicable","CRA_Gate_Status__c":"Not Applicable","StageName":"Gate 3","Apply_Default_Bondin (4 more) ...":false,"Is_Gate_1_To_3__c":true,"Is_Gate_4_To_5__c":false,"Net_Budget_EOI_PQ__c":0,"Net_Budget_Post_Tend (5 more) ...":0,"Net_Budget_Tender__c":0,"Net_Budget_Amount__c":0,"Total_Budget_EOI_PQ_ (2 more) ...":0,"Total_Budget_Tender_ (2 more) ...":0,"Total_Budget_AUD__c":0,"Total_Budget_Post_Te (7 more) ...":0}]|0x3f4d65e5
11:01:37.0 (161811587)|STATEMENT_EXECUTE|[38]
11:01:37.0 (161823213)|SYSTEM_MODE_EXIT|false
11:01:37.161 (161856585)|CUMULATIVE_LIMIT_USAGE
11:01:37.161 (161856585)|LIMIT_USAGE_FOR_NS|(default)|
  Number of SOQL queries: 2 out of 100
  Number of query rows: 2 out of 50000
  Number of SOSL queries: 0 out of 20
  Number of DML statements: 0 out of 150
  Number of DML rows: 0 out of 10000
  Maximum CPU time: 0 out of 10000
  Maximum heap size: 0 out of 6000000
  Number of callouts: 0 out of 100
  Number of Email Invocations: 0 out of 10
  Number of future calls: 0 out of 50
  Number of queueable jobs added to the queue: 0 out of 50
  Number of Mobile Apex push calls: 0 out of 10

11:01:37.161 (161856585)|TOTAL_EMAIL_RECIPIENTS_QUEUED|0
11:01:37.161 (161856585)|STATIC_VARIABLE_LIST|
  char[]:DigitTens:0
  long:serialVersionUID:0
  long:serialVersionUID:0
  double:MAX_VALUE:0
  Boolean:FALSE:0
  long:serialVersionUID:0
  double:MIN_VALUE:0
  int:SIZE:0
  double:NEGATIVE_INFINITY:0
  int:MAX_VALUE:0
  String:_sfdcSuppressedCodeLocations:0
  char[]:digits:0
  double:NaN:0
  Boolean:TRUE:0
  int:MIN_VALUE:0
  char[]:DigitOnes:0
  int:BYTES:0
  int:MIN_EXPONENT:0
  int[]:sizeTable:0
  int:MAX_EXPONENT:0
  int:SIZE:0
  double:POSITIVE_INFINITY:0
  String:_sfdcAdditionalCodeLocations:0
  double:MIN_NORMAL:0
  int:BYTES:0

11:01:37.161 (161856585)|CUMULATIVE_LIMIT_USAGE_END

11:01:37.0 (161977747)|CODE_UNIT_FINISHED|ApprovalController.getOpportunityRecord
11:01:37.0 (177863482)|HEAP_ALLOCATE|[EXTERNAL]|Bytes:18
11:01:37.0 (177885282)|HEAP_ALLOCATE|[EXTERNAL]|Bytes:18
11:01:37.0 (178911061)|CODE_UNIT_STARTED|[EXTERNAL]|01pO00000003MVy|ApprovalController.getOpportunityRecord
11:01:37.0 (178952822)|HEAP_ALLOCATE|[EXTERNAL]|Bytes:18
11:01:37.0 (178962793)|SYSTEM_MODE_ENTER|false
11:01:37.0 (178971494)|VARIABLE_SCOPE_BEGIN|[15]|opportunityId|String|false|false
11:01:37.0 (178979284)|VARIABLE_ASSIGNMENT|[15]|opportunityId|"006O0000009HAXhIAO"
11:01:37.0 (178987153)|STATEMENT_EXECUTE|[15]
11:01:37.0 (178988682)|STATEMENT_EXECUTE|[18]
11:01:37.0 (178996704)|HEAP_ALLOCATE|[18]|Bytes:4
11:01:37.0 (179528761)|SOQL_EXECUTE_BEGIN|[18]|Aggregations:0|SELECT Id, name, Gate_Status__c, TSF_Gate_Status__c, CRA_Gate_Status__c, StageName, Competitor_Analysis_General_Comments__c, Are_there_any_critical_risks__c, Has_CRA_changed_since_last_approval__c, Has_TSF_changed_since_last_approval__c, Apply_Default_Bonding__c, Conversion_Budget_Comments__c, Is_Gate_1_To_3__c, Is_Gate_4_To_5__c, Net_Budget_EOI_PQ__c, Net_Budget_Post_Tender__c, Net_Budget_Tender__c, Net_Budget_Amount__c, Total_Budget_EOI_PQ__c, Total_Budget_Tender__c, Total_Budget_AUD__c, Total_Budget_Post_Tender__c, JH_Bid_Cost_of_JH_Revenue__c FROM Opportunity WHERE Id = :tmpVar1
11:01:37.0 (179537744)|LIMIT_USAGE|[18]|SOQL|3|100
11:01:37.0 (179545594)|LIMIT_USAGE|[18]|AGGS|0|300
11:01:37.0 (188317774)|SOQL_EXECUTE_END|[18]|Rows:1
11:01:37.0 (188325058)|LIMIT_USAGE|[18]|SOQL_ROWS|3|50000
11:01:37.0 (188338365)|HEAP_ALLOCATE|[18]|Bytes:8
11:01:37.0 (188350381)|HEAP_ALLOCATE|[18]|Bytes:752
11:01:37.0 (188369956)|HEAP_ALLOCATE|[18]|Bytes:8
11:01:37.0 (188380876)|VARIABLE_SCOPE_BEGIN|[18]|allOpps|List<Opportunity>|true|false
11:01:37.0 (188411709)|VARIABLE_ASSIGNMENT|[18]|allOpps|[{"Id":"006O0000009HAXhIAO","Name":"Test AMcF 12-04 #1","Gate_Status__c":"Not Started","TSF_Gate_Status__c":"Not Applicable","CRA_Gate_Status__c":"Not Applicable","StageName":"Gate 3","Apply_Default_Bondin (4 more) ...":false,"Is_Gate_1_To_3__c":true,"Is_Gate_4_To_5__c":false,"Net_Budget_EOI_PQ__c":0,"Net_Budget_Post_Tend (5 more) ...":0,"Net_Budget_Tender__c":0,"Net_Budget_Amount__c":0,"Total_Budget_EOI_PQ_ (2 more) ...":0,"Total_Budget_Tender_ (2 more) ...":0,"Total_Budget_AUD__c":0,"Total_Budget_Post_Te (7 more) ...":0}]|0x1370a57f
11:01:37.0 (188416690)|STATEMENT_EXECUTE|[38]
11:01:37.0 (188425656)|SYSTEM_MODE_EXIT|false
11:01:37.188 (188447062)|CUMULATIVE_LIMIT_USAGE
11:01:37.188 (188447062)|LIMIT_USAGE_FOR_NS|(default)|
  Number of SOQL queries: 3 out of 100
  Number of query rows: 3 out of 50000
  Number of SOSL queries: 0 out of 20
  Number of DML statements: 0 out of 150
  Number of DML rows: 0 out of 10000
  Maximum CPU time: 0 out of 10000
  Maximum heap size: 0 out of 6000000
  Number of callouts: 0 out of 100
  Number of Email Invocations: 0 out of 10
  Number of future calls: 0 out of 50
  Number of queueable jobs added to the queue: 0 out of 50
  Number of Mobile Apex push calls: 0 out of 10

11:01:37.188 (188447062)|TOTAL_EMAIL_RECIPIENTS_QUEUED|0
11:01:37.188 (188447062)|STATIC_VARIABLE_LIST|
  char[]:DigitTens:0
  long:serialVersionUID:0
  long:serialVersionUID:0
  double:MAX_VALUE:0
  Boolean:FALSE:0
  long:serialVersionUID:0
  double:MIN_VALUE:0
  int:SIZE:0
  double:NEGATIVE_INFINITY:0
  int:MAX_VALUE:0
  String:_sfdcSuppressedCodeLocations:0
  char[]:digits:0
  double:NaN:0
  Boolean:TRUE:0
  int:MIN_VALUE:0
  char[]:DigitOnes:0
  int:BYTES:0
  int:MIN_EXPONENT:0
  int[]:sizeTable:0
  int:MAX_EXPONENT:0
  int:SIZE:0
  double:POSITIVE_INFINITY:0
  String:_sfdcAdditionalCodeLocations:0
  double:MIN_NORMAL:0
  int:BYTES:0

11:01:37.188 (188447062)|CUMULATIVE_LIMIT_USAGE_END

11:01:37.0 (188539941)|CODE_UNIT_FINISHED|ApprovalController.getOpportunityRecord
11:01:37.351 (351639068)|CUMULATIVE_PROFILING_BEGIN
11:01:37.351 (351639068)|CUMULATIVE_PROFILING|SOQL operations|
Class.ApprovalController.getOpportunityRecord: line 18, column 1: [SELECT   Id,name,
                                                           			Gate_Status__c,
                                                           			TSF_Gate_Status__c,
                                                           			CRA_Gate_Status__c,
                                                           			StageName,
                                    								Competitor_Analysis_General_Comments__c,
                                    								Are_there_any_critical_risks__c,
                                    								Has_CRA_changed_since_last_approval__c,
                                    								Has_TSF_changed_since_last_approval__c,
                                    								Apply_Default_Bonding__c,
                                    								Conversion_Budget_Comments__c,
                                    								Is_Gate_1_To_3__c, Is_Gate_4_To_5__c,
                                    								Net_Budget_EOI_PQ__c, Net_Budget_Post_Tender__c, 
                                    								Net_Budget_Tender__c, Net_Budget_Amount__c,
                                    								Total_Budget_EOI_PQ__c, Total_Budget_Tender__c, 
                                    								Total_Budget_AUD__c, Total_Budget_Post_Tender__c, 
                                    								JH_Bid_Cost_of_JH_Revenue__c
                                 							FROM     Opportunity
                                 							WHERE    Id = :opportunityId]: executed 3 times in 44 ms

11:01:37.351 (351639068)|CUMULATIVE_PROFILING|No profiling information for SOSL operations
11:01:37.351 (351639068)|CUMULATIVE_PROFILING|No profiling information for DML operations
11:01:37.351 (351639068)|CUMULATIVE_PROFILING|method invocations|
External entry point: public static List<Opportunity> getOpportunityRecord(String): executed 1 time in 9 ms

11:01:37.351 (351639068)|CUMULATIVE_PROFILING_END
