39.0 APEX_CODE,FINEST;APEX_PROFILING,FINEST;CALLOUT,NONE;DB,FINEST;SYSTEM,FINE;VALIDATION,INFO;VISUALFORCE,INFO;WAVE,INFO;WORKFLOW,FINER
11:46:43.0 (356519)|USER_INFO|[EXTERNAL]|005O0000003t7an|ricky.lowe@jhg.com.au.pcphase2|Australian Eastern Standard Time|GMT+10:00
11:46:43.0 (388360)|EXECUTION_STARTED
11:46:43.0 (391969)|CODE_UNIT_STARTED|[EXTERNAL]|aura
11:46:43.0 (759033)|HEAP_ALLOCATE|[72]|Bytes:3
11:46:43.0 (807337)|HEAP_ALLOCATE|[77]|Bytes:152
11:46:43.0 (825622)|HEAP_ALLOCATE|[342]|Bytes:408
11:46:43.0 (846811)|HEAP_ALLOCATE|[355]|Bytes:408
11:46:43.0 (865412)|HEAP_ALLOCATE|[467]|Bytes:48
11:46:43.0 (896920)|HEAP_ALLOCATE|[139]|Bytes:6
11:46:43.0 (922267)|HEAP_ALLOCATE|[EXTERNAL]|Bytes:18
11:46:43.0 (929927)|HEAP_ALLOCATE|[EXTERNAL]|Bytes:18
11:46:43.0 (2430514)|CODE_UNIT_STARTED|[EXTERNAL]|01pO00000003MVy|ApprovalController.getOpportunityRecord
11:46:43.0 (2541827)|HEAP_ALLOCATE|[EXTERNAL]|Bytes:8
11:46:43.0 (2552243)|HEAP_ALLOCATE|[EXTERNAL]|Bytes:8
11:46:43.0 (2565839)|METHOD_ENTRY|[1]|01pO00000003MVy|ApprovalController.ApprovalController()
11:46:43.0 (2571072)|STATEMENT_EXECUTE|[1]
11:46:43.0 (2578845)|STATEMENT_EXECUTE|[1]
11:46:43.0 (2586956)|METHOD_EXIT|[1]|ApprovalController
11:46:43.0 (2594613)|HEAP_ALLOCATE|[EXTERNAL]|Bytes:18
11:46:43.0 (2604874)|SYSTEM_MODE_ENTER|false
11:46:43.0 (2611518)|VARIABLE_SCOPE_BEGIN|[15]|opportunityId|String|false|false
11:46:43.0 (2633212)|VARIABLE_ASSIGNMENT|[15]|opportunityId|"006O0000008lbG0IAI"
11:46:43.0 (2640760)|STATEMENT_EXECUTE|[15]
11:46:43.0 (2642407)|STATEMENT_EXECUTE|[18]
11:46:43.0 (2645497)|HEAP_ALLOCATE|[18]|Bytes:589
11:46:43.0 (2655411)|HEAP_ALLOCATE|[18]|Bytes:4
11:46:43.0 (2666031)|HEAP_ALLOCATE|[18]|Bytes:7
11:46:43.0 (2717322)|HEAP_ALLOCATE|[50]|Bytes:5
11:46:43.0 (2748454)|HEAP_ALLOCATE|[56]|Bytes:5
11:46:43.0 (2766645)|HEAP_ALLOCATE|[64]|Bytes:7
11:46:43.0 (3945233)|SOQL_EXECUTE_BEGIN|[18]|Aggregations:0|SELECT Id, name, Gate_Status__c, TSF_Gate_Status__c, CRA_Gate_Status__c, StageName, Competitor_Analysis_General_Comments__c, Are_there_any_critical_risks__c, Has_CRA_changed_since_last_approval__c, Has_TSF_changed_since_last_approval__c, Apply_Default_Bonding__c, Conversion_Budget_Comments__c, Is_Gate_1_To_3__c, Is_Gate_4_To_5__c, Net_Budget_EOI_PQ__c, Net_Budget_Post_Tender__c, Net_Budget_Tender__c, Net_Budget_Amount__c, Total_Budget_EOI_PQ__c, Total_Budget_Tender__c, Total_Budget_AUD__c, Total_Budget_Post_Tender__c, JH_Bid_Cost_of_JH_Revenue__c FROM Opportunity WHERE Id = :tmpVar1
11:46:43.0 (3960077)|LIMIT_USAGE|[18]|SOQL|1|100
11:46:43.0 (3970886)|LIMIT_USAGE|[18]|AGGS|0|300
11:46:43.0 (30538792)|SOQL_EXECUTE_END|[18]|Rows:1
11:46:43.0 (30556089)|LIMIT_USAGE|[18]|SOQL_ROWS|1|50000
11:46:43.0 (30583850)|HEAP_ALLOCATE|[18]|Bytes:8
11:46:43.0 (30604370)|HEAP_ALLOCATE|[18]|Bytes:762
11:46:43.0 (30773354)|HEAP_ALLOCATE|[18]|Bytes:8
11:46:43.0 (30797890)|VARIABLE_SCOPE_BEGIN|[18]|allOpps|List<Opportunity>|true|false
11:46:43.0 (30863916)|VARIABLE_ASSIGNMENT|[18]|allOpps|[{"Id":"006O0000008lbG0IAI","Name":"RL Test Opp 2017-04- (11 more) ...","Gate_Status__c":"Not Applicable","TSF_Gate_Status__c":"Not Started","CRA_Gate_Status__c":"Not Started","StageName":"Gate 4","Apply_Default_Bondin (4 more) ...":false,"Is_Gate_1_To_3__c":false,"Is_Gate_4_To_5__c":true,"Net_Budget_EOI_PQ__c":0,"Net_Budget_Post_Tend (5 more) ...":0,"Net_Budget_Tender__c":0,"Net_Budget_Amount__c":0,"Total_Budget_EOI_PQ_ (2 more) ...":0,"Total_Budget_Tender_ (2 more) ...":0,"Total_Budget_AUD__c":0,"Total_Budget_Post_Te (7 more) ...":0}]|0x182262e8
11:46:43.0 (30873737)|STATEMENT_EXECUTE|[38]
11:46:43.0 (30894469)|SYSTEM_MODE_EXIT|false
11:46:43.30 (30927692)|CUMULATIVE_LIMIT_USAGE
11:46:43.30 (30927692)|LIMIT_USAGE_FOR_NS|(default)|
  Number of SOQL queries: 1 out of 100
  Number of query rows: 1 out of 50000
  Number of SOSL queries: 0 out of 20
  Number of DML statements: 0 out of 150
  Number of DML rows: 0 out of 10000
  Maximum CPU time: 0 out of 10000
  Maximum heap size: 0 out of 6000000
  Number of callouts: 0 out of 100
  Number of Email Invocations: 0 out of 10
  Number of future calls: 0 out of 50
  Number of queueable jobs added to the queue: 0 out of 50
  Number of Mobile Apex push calls: 0 out of 10

11:46:43.30 (30927692)|TOTAL_EMAIL_RECIPIENTS_QUEUED|0
11:46:43.30 (30927692)|STATIC_VARIABLE_LIST|
  char[]:DigitTens:0
  long:serialVersionUID:0
  long:serialVersionUID:0
  double:MAX_VALUE:0
  Boolean:FALSE:0
  long:serialVersionUID:0
  double:MIN_VALUE:0
  int:SIZE:0
  double:NEGATIVE_INFINITY:0
  int:MAX_VALUE:0
  String:_sfdcSuppressedCodeLocations:0
  char[]:digits:0
  double:NaN:0
  Boolean:TRUE:0
  int:MIN_VALUE:0
  char[]:DigitOnes:0
  int:BYTES:0
  int:MIN_EXPONENT:0
  int[]:sizeTable:0
  int:MAX_EXPONENT:0
  int:SIZE:0
  double:POSITIVE_INFINITY:0
  String:_sfdcAdditionalCodeLocations:0
  double:MIN_NORMAL:0
  int:BYTES:0

11:46:43.30 (30927692)|CUMULATIVE_LIMIT_USAGE_END

11:46:43.0 (31089835)|CODE_UNIT_FINISHED|ApprovalController.getOpportunityRecord
11:46:43.142 (142636437)|CUMULATIVE_PROFILING_BEGIN
11:46:43.142 (142636437)|CUMULATIVE_PROFILING|SOQL operations|
Class.ApprovalController.getOpportunityRecord: line 18, column 1: [SELECT   Id,name,
                                                           			Gate_Status__c,
                                                           			TSF_Gate_Status__c,
                                                           			CRA_Gate_Status__c,
                                                           			StageName,
                                    								Competitor_Analysis_General_Comments__c,
                                    								Are_there_any_critical_risks__c,
                                    								Has_CRA_changed_since_last_approval__c,
                                    								Has_TSF_changed_since_last_approval__c,
                                    								Apply_Default_Bonding__c,
                                    								Conversion_Budget_Comments__c,
                                    								Is_Gate_1_To_3__c, Is_Gate_4_To_5__c,
                                    								Net_Budget_EOI_PQ__c, Net_Budget_Post_Tender__c, 
                                    								Net_Budget_Tender__c, Net_Budget_Amount__c,
                                    								Total_Budget_EOI_PQ__c, Total_Budget_Tender__c, 
                                    								Total_Budget_AUD__c, Total_Budget_Post_Tender__c, 
                                    								JH_Bid_Cost_of_JH_Revenue__c
                                 							FROM     Opportunity
                                 							WHERE    Id = :opportunityId]: executed 1 time in 28 ms

11:46:43.142 (142636437)|CUMULATIVE_PROFILING|No profiling information for SOSL operations
11:46:43.142 (142636437)|CUMULATIVE_PROFILING|No profiling information for DML operations
11:46:43.142 (142636437)|CUMULATIVE_PROFILING|method invocations|
External entry point: public static List<Opportunity> getOpportunityRecord(String): executed 1 time in 29 ms

11:46:43.142 (142636437)|CUMULATIVE_PROFILING_END
