39.0 APEX_CODE,FINEST;APEX_PROFILING,FINEST;CALLOUT,NONE;DB,FINEST;SYSTEM,FINE;VALIDATION,INFO;VISUALFORCE,INFO;WAVE,INFO;WORKFLOW,FINER
14:33:36.0 (335614)|USER_INFO|[EXTERNAL]|00528000006B07F|dev@systempartners.com.prod.pcphase2|Australian Eastern Standard Time|GMT+11:00
14:33:36.0 (364039)|EXECUTION_STARTED
14:33:36.0 (368401)|CODE_UNIT_STARTED|[EXTERNAL]|aura
14:33:36.0 (1326567)|HEAP_ALLOCATE|[72]|Bytes:3
14:33:36.0 (1377964)|HEAP_ALLOCATE|[77]|Bytes:152
14:33:36.0 (1395975)|HEAP_ALLOCATE|[342]|Bytes:408
14:33:36.0 (1416752)|HEAP_ALLOCATE|[355]|Bytes:408
14:33:36.0 (1435240)|HEAP_ALLOCATE|[467]|Bytes:48
14:33:36.0 (1466169)|HEAP_ALLOCATE|[139]|Bytes:6
14:33:36.0 (1490856)|HEAP_ALLOCATE|[EXTERNAL]|Bytes:18
14:33:36.0 (1498831)|HEAP_ALLOCATE|[EXTERNAL]|Bytes:18
14:33:36.0 (3541596)|CODE_UNIT_STARTED|[EXTERNAL]|01pO00000003MVy|ApprovalController.getOpportunityRecord
14:33:36.0 (3692302)|HEAP_ALLOCATE|[EXTERNAL]|Bytes:5
14:33:36.0 (3698377)|HEAP_ALLOCATE|[EXTERNAL]|Bytes:8
14:33:36.0 (3708216)|METHOD_ENTRY|[1]|01pO00000003MVy|ApprovalController.ApprovalController()
14:33:36.0 (3711698)|STATEMENT_EXECUTE|[1]
14:33:36.0 (3717131)|STATEMENT_EXECUTE|[1]
14:33:36.0 (3723214)|METHOD_EXIT|[1]|ApprovalController
14:33:36.0 (3727212)|HEAP_ALLOCATE|[EXTERNAL]|Bytes:18
14:33:36.0 (3735345)|SYSTEM_MODE_ENTER|false
14:33:36.0 (3744419)|VARIABLE_SCOPE_BEGIN|[15]|opportunityId|String|false|false
14:33:36.0 (3768588)|VARIABLE_ASSIGNMENT|[15]|opportunityId|"006O0000008kRsJIAU"
14:33:36.0 (3777550)|STATEMENT_EXECUTE|[15]
14:33:36.0 (3779035)|STATEMENT_EXECUTE|[18]
14:33:36.0 (3782269)|HEAP_ALLOCATE|[18]|Bytes:589
14:33:36.0 (3796643)|HEAP_ALLOCATE|[18]|Bytes:4
14:33:36.0 (3809871)|HEAP_ALLOCATE|[18]|Bytes:7
14:33:36.0 (3856675)|HEAP_ALLOCATE|[50]|Bytes:5
14:33:36.0 (3880710)|HEAP_ALLOCATE|[56]|Bytes:5
14:33:36.0 (3888749)|HEAP_ALLOCATE|[64]|Bytes:7
14:33:36.0 (4692540)|SOQL_EXECUTE_BEGIN|[18]|Aggregations:0|SELECT Id, name, Gate_Status__c, TSF_Gate_Status__c, CRA_Gate_Status__c, StageName, Competitor_Analysis_General_Comments__c, Are_there_any_critical_risks__c, Has_CRA_changed_since_last_approval__c, Has_TSF_changed_since_last_approval__c, Apply_Default_Bonding__c, Conversion_Budget_Comments__c, Is_Gate_1_To_3__c, Is_Gate_4_To_5__c, Net_Budget_EOI_PQ__c, Net_Budget_Post_Tender__c, Net_Budget_Tender__c, Net_Budget_Amount__c, Total_Budget_EOI_PQ__c, Total_Budget_Tender__c, Total_Budget_AUD__c, Total_Budget_Post_Tender__c, JH_Bid_Cost_of_JH_Revenue__c FROM Opportunity WHERE Id = :tmpVar1
14:33:36.0 (4709091)|LIMIT_USAGE|[18]|SOQL|1|100
14:33:36.0 (4719119)|LIMIT_USAGE|[18]|AGGS|0|300
14:33:36.0 (39684216)|SOQL_EXECUTE_END|[18]|Rows:1
14:33:36.0 (39696523)|LIMIT_USAGE|[18]|SOQL_ROWS|1|50000
14:33:36.0 (39716140)|HEAP_ALLOCATE|[18]|Bytes:8
14:33:36.0 (39728833)|HEAP_ALLOCATE|[18]|Bytes:847
14:33:36.0 (39764979)|HEAP_ALLOCATE|[18]|Bytes:8
14:33:36.0 (39777866)|VARIABLE_SCOPE_BEGIN|[18]|allOpps|List<Opportunity>|true|false
14:33:36.0 (39834770)|VARIABLE_ASSIGNMENT|[18]|allOpps|[{"Id":"006O0000008kRsJIAU","Name":"Test Alex 15 Mar 124 (3 more) ...","Gate_Status__c":"Reviewing Approvers","TSF_Gate_Status__c":"Not Applicable","CRA_Gate_Status__c":"Not Applicable","StageName":"Gate 1","Are_there_any_critic (11 more) ...":"No","Has_CRA_changed_sinc (18 more) ...":"Yes","Apply_Default_Bondin (4 more) ...":true,"Is_Gate_1_To_3__c":true,"Is_Gate_4_To_5__c":false,"Net_Budget_EOI_PQ__c":0,"Net_Budget_Post_Tend (5 more) ...":0,"Net_Budget_Tender__c":0,"Net_Budget_Amount__c":0,"Total_Budget_EOI_PQ_ (2 more) ...":0,"Total_Budget_Tender_ (2 more) ...":0,"Total_Budget_AUD__c":0,"Total_Budget_Post_Te (7 more) ...":0}]|0x113ea4a7
14:33:36.0 (39844249)|STATEMENT_EXECUTE|[38]
14:33:36.0 (39855078)|SYSTEM_MODE_EXIT|false
14:33:36.39 (39884633)|CUMULATIVE_LIMIT_USAGE
14:33:36.39 (39884633)|LIMIT_USAGE_FOR_NS|(default)|
  Number of SOQL queries: 1 out of 100
  Number of query rows: 1 out of 50000
  Number of SOSL queries: 0 out of 20
  Number of DML statements: 0 out of 150
  Number of DML rows: 0 out of 10000
  Maximum CPU time: 0 out of 10000
  Maximum heap size: 0 out of 6000000
  Number of callouts: 0 out of 100
  Number of Email Invocations: 0 out of 10
  Number of future calls: 0 out of 50
  Number of queueable jobs added to the queue: 0 out of 50
  Number of Mobile Apex push calls: 0 out of 10

14:33:36.39 (39884633)|TOTAL_EMAIL_RECIPIENTS_QUEUED|0
14:33:36.39 (39884633)|STATIC_VARIABLE_LIST|
  char[]:DigitTens:0
  long:serialVersionUID:0
  long:serialVersionUID:0
  double:MAX_VALUE:0
  Boolean:FALSE:0
  long:serialVersionUID:0
  double:MIN_VALUE:0
  int:SIZE:0
  double:NEGATIVE_INFINITY:0
  int:MAX_VALUE:0
  String:_sfdcSuppressedCodeLocations:0
  char[]:digits:0
  double:NaN:0
  Boolean:TRUE:0
  int:MIN_VALUE:0
  char[]:DigitOnes:0
  int:BYTES:0
  int:MIN_EXPONENT:0
  int[]:sizeTable:0
  int:MAX_EXPONENT:0
  int:SIZE:0
  double:POSITIVE_INFINITY:0
  String:_sfdcAdditionalCodeLocations:0
  double:MIN_NORMAL:0
  int:BYTES:0

14:33:36.39 (39884633)|CUMULATIVE_LIMIT_USAGE_END

14:33:36.0 (40000106)|CODE_UNIT_FINISHED|ApprovalController.getOpportunityRecord
14:33:36.168 (168810007)|CUMULATIVE_PROFILING_BEGIN
14:33:36.168 (168810007)|CUMULATIVE_PROFILING|SOQL operations|
Class.ApprovalController.getOpportunityRecord: line 18, column 1: [SELECT   Id,name,
                                                           			Gate_Status__c,
                                                           			TSF_Gate_Status__c,
                                                           			CRA_Gate_Status__c,
                                                           			StageName,
                                    								Competitor_Analysis_General_Comments__c,
                                    								Are_there_any_critical_risks__c,
                                    								Has_CRA_changed_since_last_approval__c,
                                    								Has_TSF_changed_since_last_approval__c,
                                    								Apply_Default_Bonding__c,
                                    								Conversion_Budget_Comments__c,
                                    								Is_Gate_1_To_3__c, Is_Gate_4_To_5__c,
                                    								Net_Budget_EOI_PQ__c, Net_Budget_Post_Tender__c, 
                                    								Net_Budget_Tender__c, Net_Budget_Amount__c,
                                    								Total_Budget_EOI_PQ__c, Total_Budget_Tender__c, 
                                    								Total_Budget_AUD__c, Total_Budget_Post_Tender__c, 
                                    								JH_Bid_Cost_of_JH_Revenue__c
                                 							FROM     Opportunity
                                 							WHERE    Id = :opportunityId]: executed 1 time in 36 ms

14:33:36.168 (168810007)|CUMULATIVE_PROFILING|No profiling information for SOSL operations
14:33:36.168 (168810007)|CUMULATIVE_PROFILING|No profiling information for DML operations
14:33:36.168 (168810007)|CUMULATIVE_PROFILING|method invocations|
External entry point: public static List<Opportunity> getOpportunityRecord(String): executed 1 time in 37 ms

14:33:36.168 (168810007)|CUMULATIVE_PROFILING_END
