39.0 APEX_CODE,FINEST;APEX_PROFILING,FINEST;CALLOUT,NONE;DB,FINEST;SYSTEM,FINE;VALIDATION,INFO;VISUALFORCE,INFO;WAVE,INFO;WORKFLOW,FINER
11:32:05.0 (554838)|USER_INFO|[EXTERNAL]|005O0000003t7an|ricky.lowe@jhg.com.au.pcphase2|Australian Eastern Standard Time|GMT+10:00
11:32:05.0 (584853)|EXECUTION_STARTED
11:32:05.0 (590114)|CODE_UNIT_STARTED|[EXTERNAL]|aura
11:32:05.0 (871132)|HEAP_ALLOCATE|[72]|Bytes:3
11:32:05.0 (915083)|HEAP_ALLOCATE|[77]|Bytes:152
11:32:05.0 (931533)|HEAP_ALLOCATE|[342]|Bytes:408
11:32:05.0 (947053)|HEAP_ALLOCATE|[355]|Bytes:408
11:32:05.0 (960466)|HEAP_ALLOCATE|[467]|Bytes:48
11:32:05.0 (985732)|HEAP_ALLOCATE|[139]|Bytes:6
11:32:05.0 (1011180)|HEAP_ALLOCATE|[EXTERNAL]|Bytes:18
11:32:05.0 (1021586)|HEAP_ALLOCATE|[EXTERNAL]|Bytes:18
11:32:05.0 (2727719)|CODE_UNIT_STARTED|[EXTERNAL]|01pO00000003MVy|ApprovalController.getOpportunityRecord
11:32:05.0 (2981989)|HEAP_ALLOCATE|[EXTERNAL]|Bytes:8
11:32:05.0 (2992789)|HEAP_ALLOCATE|[EXTERNAL]|Bytes:8
11:32:05.0 (3003732)|METHOD_ENTRY|[1]|01pO00000003MVy|ApprovalController.ApprovalController()
11:32:05.0 (3009546)|STATEMENT_EXECUTE|[1]
11:32:05.0 (3018412)|STATEMENT_EXECUTE|[1]
11:32:05.0 (3026830)|METHOD_EXIT|[1]|ApprovalController
11:32:05.0 (3034439)|HEAP_ALLOCATE|[EXTERNAL]|Bytes:18
11:32:05.0 (3047685)|SYSTEM_MODE_ENTER|false
11:32:05.0 (3061419)|VARIABLE_SCOPE_BEGIN|[15]|opportunityId|String|false|false
11:32:05.0 (3101296)|VARIABLE_ASSIGNMENT|[15]|opportunityId|"006O0000008lbEOIAY"
11:32:05.0 (3112571)|STATEMENT_EXECUTE|[15]
11:32:05.0 (3114927)|STATEMENT_EXECUTE|[18]
11:32:05.0 (3120552)|HEAP_ALLOCATE|[18]|Bytes:589
11:32:05.0 (3138217)|HEAP_ALLOCATE|[18]|Bytes:4
11:32:05.0 (3159087)|HEAP_ALLOCATE|[18]|Bytes:7
11:32:05.0 (3233430)|HEAP_ALLOCATE|[50]|Bytes:5
11:32:05.0 (3270487)|HEAP_ALLOCATE|[56]|Bytes:5
11:32:05.0 (3289160)|HEAP_ALLOCATE|[64]|Bytes:7
11:32:05.0 (4996441)|SOQL_EXECUTE_BEGIN|[18]|Aggregations:0|SELECT Id, name, Gate_Status__c, TSF_Gate_Status__c, CRA_Gate_Status__c, StageName, Competitor_Analysis_General_Comments__c, Are_there_any_critical_risks__c, Has_CRA_changed_since_last_approval__c, Has_TSF_changed_since_last_approval__c, Apply_Default_Bonding__c, Conversion_Budget_Comments__c, Is_Gate_1_To_3__c, Is_Gate_4_To_5__c, Net_Budget_EOI_PQ__c, Net_Budget_Post_Tender__c, Net_Budget_Tender__c, Net_Budget_Amount__c, Total_Budget_EOI_PQ__c, Total_Budget_Tender__c, Total_Budget_AUD__c, Total_Budget_Post_Tender__c, JH_Bid_Cost_of_JH_Revenue__c FROM Opportunity WHERE Id = :tmpVar1
11:32:05.0 (5012700)|LIMIT_USAGE|[18]|SOQL|1|100
11:32:05.0 (5025276)|LIMIT_USAGE|[18]|AGGS|0|300
11:32:05.0 (41168981)|SOQL_EXECUTE_END|[18]|Rows:1
11:32:05.0 (41186888)|LIMIT_USAGE|[18]|SOQL_ROWS|1|50000
11:32:05.0 (41218623)|HEAP_ALLOCATE|[18]|Bytes:8
11:32:05.0 (41242173)|HEAP_ALLOCATE|[18]|Bytes:765
11:32:05.0 (41292568)|HEAP_ALLOCATE|[18]|Bytes:8
11:32:05.0 (41318236)|VARIABLE_SCOPE_BEGIN|[18]|allOpps|List<Opportunity>|true|false
11:32:05.0 (41400231)|VARIABLE_ASSIGNMENT|[18]|allOpps|[{"Id":"006O0000008lbEOIAY","Name":"RL Test Opp 2017-04- (11 more) ...","Gate_Status__c":"Not Started","TSF_Gate_Status__c":"Not Applicable","CRA_Gate_Status__c":"Not Applicable","StageName":"Gate 3","Apply_Default_Bondin (4 more) ...":false,"Is_Gate_1_To_3__c":true,"Is_Gate_4_To_5__c":false,"Net_Budget_EOI_PQ__c":0,"Net_Budget_Post_Tend (5 more) ...":0,"Net_Budget_Tender__c":0,"Net_Budget_Amount__c":0,"Total_Budget_EOI_PQ_ (2 more) ...":0,"Total_Budget_Tender_ (2 more) ...":0,"Total_Budget_AUD__c":0,"Total_Budget_Post_Te (7 more) ...":0}]|0x1cdd6e13
11:32:05.0 (41411968)|STATEMENT_EXECUTE|[38]
11:32:05.0 (41423672)|SYSTEM_MODE_EXIT|false
11:32:05.41 (41452734)|CUMULATIVE_LIMIT_USAGE
11:32:05.41 (41452734)|LIMIT_USAGE_FOR_NS|(default)|
  Number of SOQL queries: 1 out of 100
  Number of query rows: 1 out of 50000
  Number of SOSL queries: 0 out of 20
  Number of DML statements: 0 out of 150
  Number of DML rows: 0 out of 10000
  Maximum CPU time: 0 out of 10000
  Maximum heap size: 0 out of 6000000
  Number of callouts: 0 out of 100
  Number of Email Invocations: 0 out of 10
  Number of future calls: 0 out of 50
  Number of queueable jobs added to the queue: 0 out of 50
  Number of Mobile Apex push calls: 0 out of 10

11:32:05.41 (41452734)|TOTAL_EMAIL_RECIPIENTS_QUEUED|0
11:32:05.41 (41452734)|STATIC_VARIABLE_LIST|
  char[]:DigitTens:0
  long:serialVersionUID:0
  long:serialVersionUID:0
  double:MAX_VALUE:0
  Boolean:FALSE:0
  long:serialVersionUID:0
  double:MIN_VALUE:0
  int:SIZE:0
  double:NEGATIVE_INFINITY:0
  int:MAX_VALUE:0
  String:_sfdcSuppressedCodeLocations:0
  char[]:digits:0
  double:NaN:0
  Boolean:TRUE:0
  int:MIN_VALUE:0
  char[]:DigitOnes:0
  int:BYTES:0
  int:MIN_EXPONENT:0
  int[]:sizeTable:0
  int:MAX_EXPONENT:0
  int:SIZE:0
  double:POSITIVE_INFINITY:0
  String:_sfdcAdditionalCodeLocations:0
  double:MIN_NORMAL:0
  int:BYTES:0

11:32:05.41 (41452734)|CUMULATIVE_LIMIT_USAGE_END

11:32:05.0 (41605178)|CODE_UNIT_FINISHED|ApprovalController.getOpportunityRecord
11:32:05.150 (150460705)|CUMULATIVE_PROFILING_BEGIN
11:32:05.150 (150460705)|CUMULATIVE_PROFILING|SOQL operations|
Class.ApprovalController.getOpportunityRecord: line 18, column 1: [SELECT   Id,name,
                                                           			Gate_Status__c,
                                                           			TSF_Gate_Status__c,
                                                           			CRA_Gate_Status__c,
                                                           			StageName,
                                    								Competitor_Analysis_General_Comments__c,
                                    								Are_there_any_critical_risks__c,
                                    								Has_CRA_changed_since_last_approval__c,
                                    								Has_TSF_changed_since_last_approval__c,
                                    								Apply_Default_Bonding__c,
                                    								Conversion_Budget_Comments__c,
                                    								Is_Gate_1_To_3__c, Is_Gate_4_To_5__c,
                                    								Net_Budget_EOI_PQ__c, Net_Budget_Post_Tender__c, 
                                    								Net_Budget_Tender__c, Net_Budget_Amount__c,
                                    								Total_Budget_EOI_PQ__c, Total_Budget_Tender__c, 
                                    								Total_Budget_AUD__c, Total_Budget_Post_Tender__c, 
                                    								JH_Bid_Cost_of_JH_Revenue__c
                                 							FROM     Opportunity
                                 							WHERE    Id = :opportunityId]: executed 1 time in 38 ms

11:32:05.150 (150460705)|CUMULATIVE_PROFILING|No profiling information for SOSL operations
11:32:05.150 (150460705)|CUMULATIVE_PROFILING|No profiling information for DML operations
11:32:05.150 (150460705)|CUMULATIVE_PROFILING|method invocations|
External entry point: public static List<Opportunity> getOpportunityRecord(String): executed 1 time in 39 ms

11:32:05.150 (150460705)|CUMULATIVE_PROFILING_END
