37.0 APEX_CODE,FINEST;APEX_PROFILING,FINEST;CALLOUT,INFO;DB,INFO;SYSTEM,DEBUG;VALIDATION,INFO;VISUALFORCE,INFO;WAVE,INFO;WORKFLOW,INFO
14:49:50.11 (11745356)|ENTERING_MANAGED_PKG|dlrs
14:49:50.11 (12348513)|ENTERING_MANAGED_PKG|dlrs
14:49:50.11 (13446179)|ENTERING_MANAGED_PKG|dlrs
14:49:50.11 (13523328)|ENTERING_MANAGED_PKG|dlrs
14:49:50.11 (14519010)|ENTERING_MANAGED_PKG|dlrs
14:49:50.11 (15230425)|ENTERING_MANAGED_PKG|dlrs
14:49:50.11 (33272636)|ENTERING_MANAGED_PKG|dlrs
14:49:50.11 (33600183)|ENTERING_MANAGED_PKG|dlrs
14:49:50.11 (33689185)|ENTERING_MANAGED_PKG|dlrs
14:49:50.11 (144376489)|ENTERING_MANAGED_PKG|dlrs
14:49:50.11 (144472264)|ENTERING_MANAGED_PKG|dlrs
14:49:50.11 (144509213)|ENTERING_MANAGED_PKG|dlrs
14:49:50.11 (144820861)|ENTERING_MANAGED_PKG|dlrs
14:49:50.11 (144857661)|ENTERING_MANAGED_PKG|dlrs
14:49:50.11 (147739898)|ENTERING_MANAGED_PKG|dlrs
14:49:50.11 (147822099)|ENTERING_MANAGED_PKG|dlrs
14:49:50.11 (147865541)|ENTERING_MANAGED_PKG|dlrs
14:49:50.11 (147908947)|ENTERING_MANAGED_PKG|dlrs
14:49:50.11 (147968910)|ENTERING_MANAGED_PKG|dlrs
14:49:50.11 (148034453)|ENTERING_MANAGED_PKG|dlrs
14:49:50.11 (148240416)|ENTERING_MANAGED_PKG|dlrs
14:49:50.11 (148300423)|ENTERING_MANAGED_PKG|dlrs
14:49:50.11 (148373362)|ENTERING_MANAGED_PKG|dlrs
14:49:50.11 (148422749)|ENTERING_MANAGED_PKG|dlrs
14:49:50.11 (149250102)|ENTERING_MANAGED_PKG|dlrs
14:49:50.11 (149286252)|ENTERING_MANAGED_PKG|dlrs
14:49:50.11 (149329432)|ENTERING_MANAGED_PKG|dlrs
14:49:50.11 (149454355)|ENTERING_MANAGED_PKG|dlrs
14:49:50.11 (149520462)|ENTERING_MANAGED_PKG|dlrs
14:49:50.11 (149924016)|ENTERING_MANAGED_PKG|dlrs
14:49:50.11 (149986959)|ENTERING_MANAGED_PKG|dlrs
14:49:50.11 (150020709)|ENTERING_MANAGED_PKG|dlrs
14:49:50.11 (150981093)|ENTERING_MANAGED_PKG|dlrs
14:49:50.11 (151022901)|ENTERING_MANAGED_PKG|dlrs
14:49:50.11 (152026679)|ENTERING_MANAGED_PKG|dlrs
14:49:50.11 (152088291)|ENTERING_MANAGED_PKG|dlrs
14:49:50.11 (153634410)|ENTERING_MANAGED_PKG|dlrs
14:49:50.11 (153885912)|ENTERING_MANAGED_PKG|dlrs
14:49:50.11 (154085043)|ENTERING_MANAGED_PKG|dlrs
14:49:50.11 (154205473)|ENTERING_MANAGED_PKG|dlrs
14:49:50.11 (154559262)|ENTERING_MANAGED_PKG|dlrs
14:49:50.11 (154668543)|ENTERING_MANAGED_PKG|dlrs
14:49:50.11 (154819402)|ENTERING_MANAGED_PKG|dlrs
14:49:50.11 (155011467)|ENTERING_MANAGED_PKG|dlrs
14:49:50.11 (155116268)|ENTERING_MANAGED_PKG|dlrs
14:49:50.11 (155272360)|ENTERING_MANAGED_PKG|dlrs
14:49:50.11 (155416640)|ENTERING_MANAGED_PKG|dlrs
14:49:50.11 (155612428)|ENTERING_MANAGED_PKG|dlrs
14:49:50.11 (155723669)|ENTERING_MANAGED_PKG|dlrs
14:49:50.11 (155884706)|ENTERING_MANAGED_PKG|dlrs
14:49:50.11 (156040220)|ENTERING_MANAGED_PKG|dlrs
14:49:50.11 (156188791)|ENTERING_MANAGED_PKG|dlrs
14:49:50.11 (156323307)|ENTERING_MANAGED_PKG|dlrs
14:49:50.11 (156400690)|ENTERING_MANAGED_PKG|dlrs
14:49:50.11 (156501017)|ENTERING_MANAGED_PKG|dlrs
14:49:50.11 (156618249)|ENTERING_MANAGED_PKG|dlrs
14:49:50.11 (156731696)|ENTERING_MANAGED_PKG|dlrs
14:49:50.11 (156846317)|ENTERING_MANAGED_PKG|dlrs
14:49:50.11 (156994441)|ENTERING_MANAGED_PKG|dlrs
14:49:50.11 (157075060)|ENTERING_MANAGED_PKG|dlrs
14:49:50.11 (157183906)|ENTERING_MANAGED_PKG|dlrs
14:49:50.11 (157276040)|ENTERING_MANAGED_PKG|dlrs
14:49:50.11 (157367591)|ENTERING_MANAGED_PKG|dlrs
14:49:50.11 (157458745)|ENTERING_MANAGED_PKG|dlrs
14:49:50.11 (157549843)|ENTERING_MANAGED_PKG|dlrs
14:49:50.11 (157699425)|ENTERING_MANAGED_PKG|dlrs
14:49:50.11 (157778521)|ENTERING_MANAGED_PKG|dlrs
14:49:50.11 (157896121)|ENTERING_MANAGED_PKG|dlrs
14:49:50.11 (158016291)|ENTERING_MANAGED_PKG|dlrs
14:49:50.11 (158119354)|ENTERING_MANAGED_PKG|dlrs
14:49:50.11 (158225870)|ENTERING_MANAGED_PKG|dlrs
14:49:50.11 (158318290)|ENTERING_MANAGED_PKG|dlrs
14:49:50.11 (158408788)|ENTERING_MANAGED_PKG|dlrs
14:49:50.11 (158535456)|ENTERING_MANAGED_PKG|dlrs
14:49:50.11 (158615553)|ENTERING_MANAGED_PKG|dlrs
14:49:50.11 (158741719)|ENTERING_MANAGED_PKG|dlrs
14:49:50.11 (158853144)|ENTERING_MANAGED_PKG|dlrs
14:49:50.11 (158966214)|ENTERING_MANAGED_PKG|dlrs
14:49:50.11 (159064959)|ENTERING_MANAGED_PKG|dlrs
14:49:50.11 (159157392)|ENTERING_MANAGED_PKG|dlrs
14:49:50.11 (159248312)|ENTERING_MANAGED_PKG|dlrs
14:49:50.11 (159338586)|ENTERING_MANAGED_PKG|dlrs
14:49:50.11 (159463172)|ENTERING_MANAGED_PKG|dlrs
14:49:50.11 (159544175)|ENTERING_MANAGED_PKG|dlrs
14:49:50.11 (159654680)|ENTERING_MANAGED_PKG|dlrs
14:49:50.11 (159761298)|ENTERING_MANAGED_PKG|dlrs
14:49:50.11 (159871088)|ENTERING_MANAGED_PKG|dlrs
14:49:50.11 (159980728)|ENTERING_MANAGED_PKG|dlrs
14:49:50.11 (160082048)|ENTERING_MANAGED_PKG|dlrs
14:49:50.11 (160188213)|ENTERING_MANAGED_PKG|dlrs
14:49:50.11 (160279834)|ENTERING_MANAGED_PKG|dlrs
14:49:50.11 (160369964)|ENTERING_MANAGED_PKG|dlrs
14:49:50.11 (160488205)|ENTERING_MANAGED_PKG|dlrs
14:49:50.11 (160555159)|ENTERING_MANAGED_PKG|dlrs
14:49:50.11 (160650718)|ENTERING_MANAGED_PKG|dlrs
14:49:50.11 (160761605)|ENTERING_MANAGED_PKG|dlrs
14:49:50.11 (160870020)|ENTERING_MANAGED_PKG|dlrs
14:49:50.11 (160984629)|ENTERING_MANAGED_PKG|dlrs
14:49:50.11 (161106617)|ENTERING_MANAGED_PKG|dlrs
14:49:50.11 (161206767)|ENTERING_MANAGED_PKG|dlrs
14:49:50.11 (161298457)|ENTERING_MANAGED_PKG|dlrs
14:49:50.11 (161389762)|ENTERING_MANAGED_PKG|dlrs
14:49:50.11 (161480994)|ENTERING_MANAGED_PKG|dlrs
14:49:50.11 (161600993)|ENTERING_MANAGED_PKG|dlrs
14:49:50.11 (161668156)|ENTERING_MANAGED_PKG|dlrs
14:49:50.11 (161782346)|ENTERING_MANAGED_PKG|dlrs
14:49:50.11 (161890657)|ENTERING_MANAGED_PKG|dlrs
14:49:50.11 (162004256)|ENTERING_MANAGED_PKG|dlrs
14:49:50.11 (162112357)|ENTERING_MANAGED_PKG|dlrs
14:49:50.11 (162214774)|ENTERING_MANAGED_PKG|dlrs
14:49:50.11 (162306652)|ENTERING_MANAGED_PKG|dlrs
14:49:50.11 (162397779)|ENTERING_MANAGED_PKG|dlrs
14:49:50.11 (162488667)|ENTERING_MANAGED_PKG|dlrs
14:49:50.11 (162579599)|ENTERING_MANAGED_PKG|dlrs
14:49:50.11 (162670103)|ENTERING_MANAGED_PKG|dlrs
14:49:50.11 (162802873)|ENTERING_MANAGED_PKG|dlrs
14:49:50.11 (162881047)|ENTERING_MANAGED_PKG|dlrs
14:49:50.11 (162998109)|ENTERING_MANAGED_PKG|dlrs
14:49:50.11 (163109091)|ENTERING_MANAGED_PKG|dlrs
14:49:50.11 (163225160)|ENTERING_MANAGED_PKG|dlrs
14:49:50.11 (163324603)|ENTERING_MANAGED_PKG|dlrs
14:49:50.11 (163431430)|ENTERING_MANAGED_PKG|dlrs
14:49:50.11 (163523374)|ENTERING_MANAGED_PKG|dlrs
14:49:50.11 (163614348)|ENTERING_MANAGED_PKG|dlrs
14:49:50.11 (163705568)|ENTERING_MANAGED_PKG|dlrs
14:49:50.11 (163806130)|ENTERING_MANAGED_PKG|dlrs
14:49:50.11 (163914622)|ENTERING_MANAGED_PKG|dlrs
14:49:50.11 (164026700)|ENTERING_MANAGED_PKG|dlrs
14:49:50.11 (164170279)|ENTERING_MANAGED_PKG|dlrs
14:49:50.11 (164247930)|ENTERING_MANAGED_PKG|dlrs
14:49:50.11 (164343891)|ENTERING_MANAGED_PKG|dlrs
14:49:50.11 (164440149)|ENTERING_MANAGED_PKG|dlrs
14:49:50.11 (164534345)|ENTERING_MANAGED_PKG|dlrs
14:49:50.11 (164626130)|ENTERING_MANAGED_PKG|dlrs
14:49:50.11 (164727478)|ENTERING_MANAGED_PKG|dlrs
14:49:50.11 (164835394)|ENTERING_MANAGED_PKG|dlrs
14:49:50.11 (164944733)|ENTERING_MANAGED_PKG|dlrs
14:49:50.11 (165055952)|ENTERING_MANAGED_PKG|dlrs
14:49:50.11 (165166882)|ENTERING_MANAGED_PKG|dlrs
14:49:50.11 (165261003)|ENTERING_MANAGED_PKG|dlrs
14:49:50.11 (165371479)|ENTERING_MANAGED_PKG|dlrs
14:49:50.11 (165464020)|ENTERING_MANAGED_PKG|dlrs
14:49:50.11 (165582272)|ENTERING_MANAGED_PKG|dlrs
14:49:50.11 (165649063)|ENTERING_MANAGED_PKG|dlrs
14:49:50.11 (165744544)|ENTERING_MANAGED_PKG|dlrs
14:49:50.11 (165834965)|ENTERING_MANAGED_PKG|dlrs
14:49:50.11 (165925560)|ENTERING_MANAGED_PKG|dlrs
14:49:50.11 (166043318)|ENTERING_MANAGED_PKG|dlrs
14:49:50.11 (166158074)|ENTERING_MANAGED_PKG|dlrs
14:49:50.11 (166272250)|ENTERING_MANAGED_PKG|dlrs
14:49:50.11 (166385112)|ENTERING_MANAGED_PKG|dlrs
14:49:50.11 (166481562)|ENTERING_MANAGED_PKG|dlrs
14:49:50.11 (166595214)|ENTERING_MANAGED_PKG|dlrs
14:49:50.11 (166687930)|ENTERING_MANAGED_PKG|dlrs
14:49:50.11 (166779267)|ENTERING_MANAGED_PKG|dlrs
14:49:50.11 (166869873)|ENTERING_MANAGED_PKG|dlrs
14:49:50.11 (166960040)|ENTERING_MANAGED_PKG|dlrs
14:49:50.11 (167104729)|ENTERING_MANAGED_PKG|dlrs
14:49:50.11 (167186437)|ENTERING_MANAGED_PKG|dlrs
14:49:50.11 (167303683)|ENTERING_MANAGED_PKG|dlrs
14:49:50.11 (167417414)|ENTERING_MANAGED_PKG|dlrs
14:49:50.11 (167516491)|ENTERING_MANAGED_PKG|dlrs
14:49:50.11 (167630700)|ENTERING_MANAGED_PKG|dlrs
14:49:50.11 (167724450)|ENTERING_MANAGED_PKG|dlrs
14:49:50.11 (167816407)|ENTERING_MANAGED_PKG|dlrs
14:49:50.11 (167907997)|ENTERING_MANAGED_PKG|dlrs
14:49:50.11 (168004626)|ENTERING_MANAGED_PKG|dlrs
14:49:50.11 (168117120)|ENTERING_MANAGED_PKG|dlrs
14:49:50.11 (168238626)|ENTERING_MANAGED_PKG|dlrs
14:49:50.11 (168354278)|ENTERING_MANAGED_PKG|dlrs
14:49:50.11 (168468244)|ENTERING_MANAGED_PKG|dlrs
14:49:50.11 (168566901)|ENTERING_MANAGED_PKG|dlrs
14:49:50.11 (168680060)|ENTERING_MANAGED_PKG|dlrs
14:49:50.11 (168800712)|ENTERING_MANAGED_PKG|dlrs
14:49:50.11 (168869153)|ENTERING_MANAGED_PKG|dlrs
14:49:50.11 (168966606)|ENTERING_MANAGED_PKG|dlrs
14:49:50.11 (169064428)|ENTERING_MANAGED_PKG|dlrs
14:49:50.11 (169180231)|ENTERING_MANAGED_PKG|dlrs
14:49:50.11 (169294480)|ENTERING_MANAGED_PKG|dlrs
14:49:50.11 (169405745)|ENTERING_MANAGED_PKG|dlrs
14:49:50.11 (169519232)|ENTERING_MANAGED_PKG|dlrs
14:49:50.11 (169613008)|ENTERING_MANAGED_PKG|dlrs
14:49:50.11 (169704487)|ENTERING_MANAGED_PKG|dlrs
14:49:50.11 (169795896)|ENTERING_MANAGED_PKG|dlrs
14:49:50.11 (169887306)|ENTERING_MANAGED_PKG|dlrs
14:49:50.11 (170000022)|ENTERING_MANAGED_PKG|dlrs
14:49:50.11 (170114051)|ENTERING_MANAGED_PKG|dlrs
14:49:50.11 (170222664)|ENTERING_MANAGED_PKG|dlrs
14:49:50.11 (170335471)|ENTERING_MANAGED_PKG|dlrs
14:49:50.11 (170444755)|ENTERING_MANAGED_PKG|dlrs
14:49:50.11 (170587355)|ENTERING_MANAGED_PKG|dlrs
14:49:50.11 (170666686)|ENTERING_MANAGED_PKG|dlrs
14:49:50.11 (170772819)|ENTERING_MANAGED_PKG|dlrs
14:49:50.11 (170864342)|ENTERING_MANAGED_PKG|dlrs
14:49:50.11 (170955379)|ENTERING_MANAGED_PKG|dlrs
14:49:50.11 (171052578)|ENTERING_MANAGED_PKG|dlrs
14:49:50.11 (171144088)|ENTERING_MANAGED_PKG|dlrs
14:49:50.11 (171253078)|ENTERING_MANAGED_PKG|dlrs
14:49:50.11 (171367187)|ENTERING_MANAGED_PKG|dlrs
14:49:50.11 (171481185)|ENTERING_MANAGED_PKG|dlrs
14:49:50.11 (171588830)|ENTERING_MANAGED_PKG|dlrs
14:49:50.11 (171690958)|ENTERING_MANAGED_PKG|dlrs
14:49:50.11 (171803338)|ENTERING_MANAGED_PKG|dlrs
14:49:50.11 (171896543)|ENTERING_MANAGED_PKG|dlrs
14:49:50.11 (171991606)|ENTERING_MANAGED_PKG|dlrs
14:49:50.11 (172084808)|ENTERING_MANAGED_PKG|dlrs
14:49:50.11 (172176843)|ENTERING_MANAGED_PKG|dlrs
14:49:50.11 (172279062)|ENTERING_MANAGED_PKG|dlrs
14:49:50.11 (172427376)|ENTERING_MANAGED_PKG|dlrs
14:49:50.11 (172507947)|ENTERING_MANAGED_PKG|dlrs
14:49:50.11 (172624287)|ENTERING_MANAGED_PKG|dlrs
14:49:50.11 (172732232)|ENTERING_MANAGED_PKG|dlrs
14:49:50.11 (172840311)|ENTERING_MANAGED_PKG|dlrs
14:49:50.11 (172938038)|ENTERING_MANAGED_PKG|dlrs
14:49:50.11 (173034713)|ENTERING_MANAGED_PKG|dlrs
14:49:50.11 (173127845)|ENTERING_MANAGED_PKG|dlrs
14:49:50.11 (173219864)|ENTERING_MANAGED_PKG|dlrs
14:49:50.11 (173321666)|ENTERING_MANAGED_PKG|dlrs
14:49:50.11 (173435782)|ENTERING_MANAGED_PKG|dlrs
14:49:50.11 (173549503)|ENTERING_MANAGED_PKG|dlrs
14:49:50.11 (173663066)|ENTERING_MANAGED_PKG|dlrs
14:49:50.11 (173767880)|ENTERING_MANAGED_PKG|dlrs
14:49:50.11 (173880567)|ENTERING_MANAGED_PKG|dlrs
14:49:50.11 (173974672)|ENTERING_MANAGED_PKG|dlrs
14:49:50.11 (174071169)|ENTERING_MANAGED_PKG|dlrs
14:49:50.11 (174163378)|ENTERING_MANAGED_PKG|dlrs
14:49:50.11 (174263990)|ENTERING_MANAGED_PKG|dlrs
14:49:50.11 (174411964)|ENTERING_MANAGED_PKG|dlrs
14:49:50.11 (174492373)|ENTERING_MANAGED_PKG|dlrs
14:49:50.11 (174611394)|ENTERING_MANAGED_PKG|dlrs
14:49:50.11 (174717045)|ENTERING_MANAGED_PKG|dlrs
14:49:50.11 (174809329)|ENTERING_MANAGED_PKG|dlrs
14:49:50.11 (174900866)|ENTERING_MANAGED_PKG|dlrs
14:49:50.11 (174996958)|ENTERING_MANAGED_PKG|dlrs
14:49:50.11 (175111207)|ENTERING_MANAGED_PKG|dlrs
14:49:50.11 (175219728)|ENTERING_MANAGED_PKG|dlrs
14:49:50.11 (175331857)|ENTERING_MANAGED_PKG|dlrs
14:49:50.11 (175443585)|ENTERING_MANAGED_PKG|dlrs
14:49:50.11 (175547693)|ENTERING_MANAGED_PKG|dlrs
14:49:50.11 (175655292)|ENTERING_MANAGED_PKG|dlrs
14:49:50.11 (175763391)|ENTERING_MANAGED_PKG|dlrs
14:49:50.11 (175867146)|ENTERING_MANAGED_PKG|dlrs
14:49:50.11 (175959004)|ENTERING_MANAGED_PKG|dlrs
14:49:50.11 (176055185)|ENTERING_MANAGED_PKG|dlrs
14:49:50.11 (176147484)|ENTERING_MANAGED_PKG|dlrs
14:49:50.11 (176237938)|ENTERING_MANAGED_PKG|dlrs
14:49:50.11 (176351741)|ENTERING_MANAGED_PKG|dlrs
14:49:50.11 (176495522)|ENTERING_MANAGED_PKG|dlrs
14:49:50.11 (176581633)|ENTERING_MANAGED_PKG|dlrs
14:49:50.11 (176698541)|ENTERING_MANAGED_PKG|dlrs
14:49:50.11 (176797193)|ENTERING_MANAGED_PKG|dlrs
14:49:50.11 (176906644)|ENTERING_MANAGED_PKG|dlrs
14:49:50.11 (177003183)|ENTERING_MANAGED_PKG|dlrs
14:49:50.11 (177095959)|ENTERING_MANAGED_PKG|dlrs
14:49:50.11 (177187278)|ENTERING_MANAGED_PKG|dlrs
14:49:50.11 (177278638)|ENTERING_MANAGED_PKG|dlrs
14:49:50.11 (177390764)|ENTERING_MANAGED_PKG|dlrs
14:49:50.11 (177503005)|ENTERING_MANAGED_PKG|dlrs
14:49:50.11 (177615710)|ENTERING_MANAGED_PKG|dlrs
14:49:50.11 (177728550)|ENTERING_MANAGED_PKG|dlrs
14:49:50.11 (177826946)|ENTERING_MANAGED_PKG|dlrs
14:49:50.11 (177935603)|ENTERING_MANAGED_PKG|dlrs
14:49:50.11 (178039825)|ENTERING_MANAGED_PKG|dlrs
14:49:50.11 (178133740)|ENTERING_MANAGED_PKG|dlrs
14:49:50.11 (178226345)|ENTERING_MANAGED_PKG|dlrs
14:49:50.11 (178318000)|ENTERING_MANAGED_PKG|dlrs
14:49:50.11 (178427327)|ENTERING_MANAGED_PKG|dlrs
14:49:50.11 (178543927)|ENTERING_MANAGED_PKG|dlrs
14:49:50.11 (178694019)|ENTERING_MANAGED_PKG|dlrs
14:49:50.11 (178882152)|ENTERING_MANAGED_PKG|dlrs
14:49:50.11 (178930335)|ENTERING_MANAGED_PKG|dlrs
14:49:50.11 (178967803)|ENTERING_MANAGED_PKG|dlrs
14:49:50.11 (180578776)|ENTERING_MANAGED_PKG|dlrs
14:49:50.11 (180608913)|ENTERING_MANAGED_PKG|dlrs
14:49:50.11 (180626590)|ENTERING_MANAGED_PKG|dlrs
14:49:50.11 (180814068)|ENTERING_MANAGED_PKG|dlrs
14:49:50.11 (180874220)|ENTERING_MANAGED_PKG|dlrs
14:49:50.11 (180943028)|ENTERING_MANAGED_PKG|dlrs
14:49:50.11 (181037792)|ENTERING_MANAGED_PKG|dlrs
14:49:50.11 (181056760)|ENTERING_MANAGED_PKG|dlrs
14:49:50.11 (181137683)|ENTERING_MANAGED_PKG|dlrs
14:49:50.11 (181161461)|ENTERING_MANAGED_PKG|dlrs
14:49:50.11 (181724294)|ENTERING_MANAGED_PKG|dlrs
14:49:50.11 (181750532)|ENTERING_MANAGED_PKG|dlrs
14:49:50.11 (182113098)|ENTERING_MANAGED_PKG|dlrs
14:49:50.11 (183042267)|ENTERING_MANAGED_PKG|dlrs
14:49:50.11 (183085545)|ENTERING_MANAGED_PKG|dlrs
14:49:50.11 (183503994)|ENTERING_MANAGED_PKG|dlrs
14:49:50.11 (183552485)|ENTERING_MANAGED_PKG|dlrs
14:49:50.11 (183622299)|ENTERING_MANAGED_PKG|dlrs
14:49:50.11 (183647632)|ENTERING_MANAGED_PKG|dlrs
14:49:50.11 (183658373)|ENTERING_MANAGED_PKG|dlrs
14:49:50.11 (183751038)|ENTERING_MANAGED_PKG|dlrs
14:49:50.11 (183771433)|ENTERING_MANAGED_PKG|dlrs
14:49:50.11 (183803243)|ENTERING_MANAGED_PKG|dlrs
14:49:50.11 (183870669)|ENTERING_MANAGED_PKG|dlrs
14:49:50.11 (183899233)|ENTERING_MANAGED_PKG|dlrs
14:49:50.11 (184109111)|ENTERING_MANAGED_PKG|dlrs
14:49:50.11 (184208576)|ENTERING_MANAGED_PKG|dlrs
14:49:50.11 (184226910)|ENTERING_MANAGED_PKG|dlrs
14:49:50.11 (184366176)|ENTERING_MANAGED_PKG|dlrs
14:49:50.11 (184420893)|ENTERING_MANAGED_PKG|dlrs
14:49:50.11 (184449993)|ENTERING_MANAGED_PKG|dlrs
14:49:50.11 (184747682)|ENTERING_MANAGED_PKG|dlrs
14:49:50.11 (184924135)|ENTERING_MANAGED_PKG|dlrs
14:49:50.11 (185223533)|ENTERING_MANAGED_PKG|dlrs
14:49:50.11 (185316991)|ENTERING_MANAGED_PKG|dlrs
14:49:50.11 (185495493)|ENTERING_MANAGED_PKG|dlrs
14:49:50.11 (185617077)|ENTERING_MANAGED_PKG|dlrs
14:49:50.11 (185820739)|ENTERING_MANAGED_PKG|dlrs
14:49:50.11 (185924512)|ENTERING_MANAGED_PKG|dlrs
14:49:50.11 (186221222)|ENTERING_MANAGED_PKG|dlrs
14:49:50.11 (186314279)|ENTERING_MANAGED_PKG|dlrs
14:49:50.11 (186564000)|ENTERING_MANAGED_PKG|dlrs
14:49:50.11 (186751524)|ENTERING_MANAGED_PKG|dlrs
14:49:50.11 (187042184)|ENTERING_MANAGED_PKG|dlrs
14:49:50.11 (187154190)|ENTERING_MANAGED_PKG|dlrs
14:49:50.11 (187418502)|ENTERING_MANAGED_PKG|dlrs
14:49:50.11 (187510179)|ENTERING_MANAGED_PKG|dlrs
14:49:50.11 (187765906)|ENTERING_MANAGED_PKG|dlrs
14:49:50.11 (187877474)|ENTERING_MANAGED_PKG|dlrs
14:49:50.11 (188166194)|ENTERING_MANAGED_PKG|dlrs
14:49:50.11 (188268695)|ENTERING_MANAGED_PKG|dlrs
14:49:50.11 (188451497)|ENTERING_MANAGED_PKG|dlrs
14:49:50.11 (188622647)|ENTERING_MANAGED_PKG|dlrs
14:49:50.11 (188883505)|ENTERING_MANAGED_PKG|dlrs
14:49:50.11 (188995469)|ENTERING_MANAGED_PKG|dlrs
14:49:50.11 (189280441)|ENTERING_MANAGED_PKG|dlrs
14:49:50.11 (189379474)|ENTERING_MANAGED_PKG|dlrs
14:49:50.11 (189635961)|ENTERING_MANAGED_PKG|dlrs
14:49:50.11 (189727536)|ENTERING_MANAGED_PKG|dlrs
14:49:50.11 (189925160)|ENTERING_MANAGED_PKG|dlrs
14:49:50.11 (190034748)|ENTERING_MANAGED_PKG|dlrs
14:49:50.11 (190305719)|ENTERING_MANAGED_PKG|dlrs
14:49:50.11 (190476682)|ENTERING_MANAGED_PKG|dlrs
14:49:50.11 (190739184)|ENTERING_MANAGED_PKG|dlrs
14:49:50.11 (190851381)|ENTERING_MANAGED_PKG|dlrs
14:49:50.11 (191133585)|ENTERING_MANAGED_PKG|dlrs
14:49:50.11 (191234171)|ENTERING_MANAGED_PKG|dlrs
14:49:50.11 (191409450)|ENTERING_MANAGED_PKG|dlrs
14:49:50.11 (191500574)|ENTERING_MANAGED_PKG|dlrs
14:49:50.11 (191743468)|ENTERING_MANAGED_PKG|dlrs
14:49:50.11 (191853164)|ENTERING_MANAGED_PKG|dlrs
14:49:50.11 (192051398)|ENTERING_MANAGED_PKG|dlrs
14:49:50.11 (192156536)|ENTERING_MANAGED_PKG|dlrs
14:49:50.11 (192332122)|ENTERING_MANAGED_PKG|dlrs
14:49:50.11 (192439632)|ENTERING_MANAGED_PKG|dlrs
14:49:50.11 (192683725)|ENTERING_MANAGED_PKG|dlrs
14:49:50.11 (192779651)|ENTERING_MANAGED_PKG|dlrs
14:49:50.11 (192969753)|ENTERING_MANAGED_PKG|dlrs
14:49:50.11 (193086897)|ENTERING_MANAGED_PKG|dlrs
14:49:50.11 (193282818)|ENTERING_MANAGED_PKG|dlrs
14:49:50.11 (193375554)|ENTERING_MANAGED_PKG|dlrs
14:49:50.11 (193547950)|ENTERING_MANAGED_PKG|dlrs
14:49:50.11 (193637450)|ENTERING_MANAGED_PKG|dlrs
14:49:50.11 (193895760)|ENTERING_MANAGED_PKG|dlrs
14:49:50.11 (193991067)|ENTERING_MANAGED_PKG|dlrs
14:49:50.11 (194153154)|ENTERING_MANAGED_PKG|dlrs
14:49:50.11 (194253299)|ENTERING_MANAGED_PKG|dlrs
14:49:50.11 (194446659)|ENTERING_MANAGED_PKG|dlrs
14:49:50.11 (194552197)|ENTERING_MANAGED_PKG|dlrs
14:49:50.11 (194736035)|ENTERING_MANAGED_PKG|dlrs
14:49:50.11 (194841539)|ENTERING_MANAGED_PKG|dlrs
14:49:50.11 (195017245)|ENTERING_MANAGED_PKG|dlrs
14:49:50.11 (195108032)|ENTERING_MANAGED_PKG|dlrs
14:49:50.11 (195290671)|ENTERING_MANAGED_PKG|dlrs
14:49:50.11 (195394921)|ENTERING_MANAGED_PKG|dlrs
14:49:50.11 (195590864)|ENTERING_MANAGED_PKG|dlrs
14:49:50.11 (195686592)|ENTERING_MANAGED_PKG|dlrs
14:49:50.11 (195848386)|ENTERING_MANAGED_PKG|dlrs
14:49:50.11 (195938119)|ENTERING_MANAGED_PKG|dlrs
14:49:50.11 (196127007)|ENTERING_MANAGED_PKG|dlrs
14:49:50.11 (196233148)|ENTERING_MANAGED_PKG|dlrs
14:49:50.11 (196427183)|ENTERING_MANAGED_PKG|dlrs
14:49:50.11 (196524651)|ENTERING_MANAGED_PKG|dlrs
14:49:50.11 (196714952)|ENTERING_MANAGED_PKG|dlrs
14:49:50.11 (196817163)|ENTERING_MANAGED_PKG|dlrs
14:49:50.11 (196983016)|ENTERING_MANAGED_PKG|dlrs
14:49:50.11 (197074720)|ENTERING_MANAGED_PKG|dlrs
14:49:50.11 (197245211)|ENTERING_MANAGED_PKG|dlrs
14:49:50.11 (197377749)|ENTERING_MANAGED_PKG|dlrs
14:49:50.11 (197569903)|ENTERING_MANAGED_PKG|dlrs
14:49:50.11 (197688336)|ENTERING_MANAGED_PKG|dlrs
14:49:50.11 (197871026)|ENTERING_MANAGED_PKG|dlrs
14:49:50.11 (197960608)|ENTERING_MANAGED_PKG|dlrs
14:49:50.11 (198126766)|ENTERING_MANAGED_PKG|dlrs
14:49:50.11 (198217740)|ENTERING_MANAGED_PKG|dlrs
14:49:50.11 (198413176)|ENTERING_MANAGED_PKG|dlrs
14:49:50.11 (198521231)|ENTERING_MANAGED_PKG|dlrs
14:49:50.11 (198712357)|ENTERING_MANAGED_PKG|dlrs
14:49:50.11 (198802723)|ENTERING_MANAGED_PKG|dlrs
14:49:50.11 (198962560)|ENTERING_MANAGED_PKG|dlrs
14:49:50.11 (199057199)|ENTERING_MANAGED_PKG|dlrs
14:49:50.11 (199217898)|ENTERING_MANAGED_PKG|dlrs
14:49:50.11 (199312733)|ENTERING_MANAGED_PKG|dlrs
14:49:50.11 (199506520)|ENTERING_MANAGED_PKG|dlrs
14:49:50.11 (199616859)|ENTERING_MANAGED_PKG|dlrs
14:49:50.11 (199805339)|ENTERING_MANAGED_PKG|dlrs
14:49:50.11 (199908360)|ENTERING_MANAGED_PKG|dlrs
14:49:50.11 (200080678)|ENTERING_MANAGED_PKG|dlrs
14:49:50.11 (200172489)|ENTERING_MANAGED_PKG|dlrs
14:49:50.11 (200332518)|ENTERING_MANAGED_PKG|dlrs
14:49:50.11 (200422037)|ENTERING_MANAGED_PKG|dlrs
14:49:50.11 (200581851)|ENTERING_MANAGED_PKG|dlrs
14:49:50.11 (200670948)|ENTERING_MANAGED_PKG|dlrs
14:49:50.11 (204628369)|ENTERING_MANAGED_PKG|dlrs
14:49:50.11 (204929189)|ENTERING_MANAGED_PKG|dlrs
14:49:50.11 (206232459)|SOQL_EXECUTE_BEGIN|[245]|Aggregations:0|SELECT DeveloperName, Id, Label, dlrs__Active__c, dlrs__AggregateAllRows__c, dlrs__AggregateOperation__c, dlrs__AggregateResultField__c, dlrs__CalculationMode__c, dlrs__CalculationSharingMode__c, dlrs__ChildObject__c, dlrs__ConcatenateDelimiter__c, dlrs__Description__c, dlrs__FieldToAggregate__c, dlrs__FieldToOrderBy__c, dlrs__ParentObject__c, dlrs__RelationshipCriteriaFields__c, dlrs__RelationshipCriteria__c, dlrs__RelationshipField__c, dlrs__RowLimit__c, dlrs__TestCodeSeeAllData__c, dlrs__TestCode__c FROM dlrs__LookupRollupSummary2__mdt WHERE id in :idSet ORDER BY DeveloperName ASC NULLS FIRST 
14:49:50.11 (210078983)|SOQL_EXECUTE_END|[245]|Rows:1
14:49:50.11 (211537540)|ENTERING_MANAGED_PKG|dlrs
14:49:50.11 (211576430)|ENTERING_MANAGED_PKG|dlrs
14:49:50.11 (212007749)|ENTERING_MANAGED_PKG|dlrs
14:49:50.11 (212079914)|ENTERING_MANAGED_PKG|dlrs
14:49:50.11 (212203714)|ENTERING_MANAGED_PKG|dlrs
14:49:50.11 (212301334)|ENTERING_MANAGED_PKG|dlrs
14:49:50.11 (212351634)|ENTERING_MANAGED_PKG|dlrs
14:49:50.11 (212392679)|ENTERING_MANAGED_PKG|dlrs
14:49:50.11 (212429158)|ENTERING_MANAGED_PKG|dlrs
14:49:50.11 (212458531)|ENTERING_MANAGED_PKG|dlrs
14:49:50.11 (212489463)|ENTERING_MANAGED_PKG|dlrs
14:49:50.11 (212512985)|ENTERING_MANAGED_PKG|dlrs
14:49:50.11 (212541926)|ENTERING_MANAGED_PKG|dlrs
14:49:50.11 (212564966)|ENTERING_MANAGED_PKG|dlrs
14:49:50.11 (212593386)|ENTERING_MANAGED_PKG|dlrs
14:49:50.11 (212616250)|ENTERING_MANAGED_PKG|dlrs
14:49:50.11 (212644631)|ENTERING_MANAGED_PKG|dlrs
14:49:50.11 (212667799)|ENTERING_MANAGED_PKG|dlrs
14:49:50.11 (212695894)|ENTERING_MANAGED_PKG|dlrs
14:49:50.11 (212719282)|ENTERING_MANAGED_PKG|dlrs
14:49:50.11 (212747770)|ENTERING_MANAGED_PKG|dlrs
14:49:50.11 (212770922)|ENTERING_MANAGED_PKG|dlrs
14:49:50.11 (212799223)|ENTERING_MANAGED_PKG|dlrs
14:49:50.11 (212822022)|ENTERING_MANAGED_PKG|dlrs
14:49:50.11 (212850855)|ENTERING_MANAGED_PKG|dlrs
14:49:50.11 (212874637)|ENTERING_MANAGED_PKG|dlrs
14:49:50.11 (212909691)|ENTERING_MANAGED_PKG|dlrs
14:49:50.11 (212940053)|ENTERING_MANAGED_PKG|dlrs
14:49:50.11 (212984676)|ENTERING_MANAGED_PKG|dlrs
14:49:50.11 (213014894)|ENTERING_MANAGED_PKG|dlrs
14:49:50.11 (213052084)|ENTERING_MANAGED_PKG|dlrs
14:49:50.11 (213082634)|ENTERING_MANAGED_PKG|dlrs
14:49:50.11 (213117310)|ENTERING_MANAGED_PKG|dlrs
14:49:50.11 (213147313)|ENTERING_MANAGED_PKG|dlrs
14:49:50.11 (213181601)|ENTERING_MANAGED_PKG|dlrs
14:49:50.11 (213215028)|ENTERING_MANAGED_PKG|dlrs
14:49:50.11 (213246676)|ENTERING_MANAGED_PKG|dlrs
14:49:50.11 (213279435)|ENTERING_MANAGED_PKG|dlrs
14:49:50.11 (213315758)|ENTERING_MANAGED_PKG|dlrs
14:49:50.11 (213345769)|ENTERING_MANAGED_PKG|dlrs
14:49:50.11 (213376191)|ENTERING_MANAGED_PKG|dlrs
14:49:50.11 (213399410)|ENTERING_MANAGED_PKG|dlrs
14:49:50.11 (213427510)|ENTERING_MANAGED_PKG|dlrs
14:49:50.11 (213468594)|ENTERING_MANAGED_PKG|dlrs
14:49:50.11 (213521315)|ENTERING_MANAGED_PKG|dlrs
14:49:50.11 (213567274)|ENTERING_MANAGED_PKG|dlrs
14:49:50.11 (213650424)|ENTERING_MANAGED_PKG|dlrs
14:49:50.11 (213673165)|ENTERING_MANAGED_PKG|dlrs
14:49:50.11 (255945061)|ENTERING_MANAGED_PKG|dlrs
14:49:50.11 (255990957)|ENTERING_MANAGED_PKG|dlrs
14:49:50.11 (256015749)|ENTERING_MANAGED_PKG|dlrs
14:49:50.11 (256035847)|ENTERING_MANAGED_PKG|dlrs
14:49:50.11 (256057331)|ENTERING_MANAGED_PKG|dlrs
14:49:50.11 (256153822)|ENTERING_MANAGED_PKG|dlrs
14:49:50.11 (256174713)|ENTERING_MANAGED_PKG|dlrs
14:49:50.11 (256201985)|ENTERING_MANAGED_PKG|dlrs
14:49:50.11 (256226256)|ENTERING_MANAGED_PKG|dlrs
14:49:50.11 (256240608)|ENTERING_MANAGED_PKG|dlrs
14:49:50.11 (256306722)|ENTERING_MANAGED_PKG|dlrs
14:49:50.11 (256348350)|ENTERING_MANAGED_PKG|dlrs
14:49:50.11 (256424000)|ENTERING_MANAGED_PKG|dlrs
14:49:50.11 (256453639)|ENTERING_MANAGED_PKG|dlrs
14:49:50.11 (256464798)|ENTERING_MANAGED_PKG|dlrs
14:49:50.11 (256476659)|ENTERING_MANAGED_PKG|dlrs
14:49:50.11 (256548722)|ENTERING_MANAGED_PKG|dlrs
14:49:50.11 (256573279)|ENTERING_MANAGED_PKG|dlrs
14:49:50.11 (257203528)|ENTERING_MANAGED_PKG|dlrs
14:49:50.11 (257286430)|ENTERING_MANAGED_PKG|dlrs
14:49:50.11 (257390720)|ENTERING_MANAGED_PKG|dlrs
14:49:50.11 (257463797)|ENTERING_MANAGED_PKG|dlrs
14:49:50.11 (257623638)|ENTERING_MANAGED_PKG|dlrs
14:49:50.11 (257692250)|ENTERING_MANAGED_PKG|dlrs
14:49:50.11 (257791946)|ENTERING_MANAGED_PKG|dlrs
14:49:50.11 (257912974)|ENTERING_MANAGED_PKG|dlrs
14:49:50.11 (257984243)|ENTERING_MANAGED_PKG|dlrs
14:49:50.11 (258089635)|ENTERING_MANAGED_PKG|dlrs
14:49:50.11 (258183708)|ENTERING_MANAGED_PKG|dlrs
14:49:50.11 (258302374)|ENTERING_MANAGED_PKG|dlrs
14:49:50.11 (258369337)|ENTERING_MANAGED_PKG|dlrs
14:49:50.11 (258464738)|ENTERING_MANAGED_PKG|dlrs
14:49:50.11 (258556068)|ENTERING_MANAGED_PKG|dlrs
14:49:50.11 (258647324)|ENTERING_MANAGED_PKG|dlrs
14:49:50.11 (258765219)|ENTERING_MANAGED_PKG|dlrs
14:49:50.11 (258831729)|ENTERING_MANAGED_PKG|dlrs
14:49:50.11 (258927387)|ENTERING_MANAGED_PKG|dlrs
14:49:50.11 (259024787)|ENTERING_MANAGED_PKG|dlrs
14:49:50.11 (259118371)|ENTERING_MANAGED_PKG|dlrs
14:49:50.11 (259227338)|ENTERING_MANAGED_PKG|dlrs
14:49:50.11 (259382863)|ENTERING_MANAGED_PKG|dlrs
14:49:50.11 (259452602)|ENTERING_MANAGED_PKG|dlrs
14:49:50.11 (259549472)|ENTERING_MANAGED_PKG|dlrs
14:49:50.11 (259640701)|ENTERING_MANAGED_PKG|dlrs
14:49:50.11 (259731412)|ENTERING_MANAGED_PKG|dlrs
14:49:50.11 (259821886)|ENTERING_MANAGED_PKG|dlrs
14:49:50.11 (259912593)|ENTERING_MANAGED_PKG|dlrs
14:49:50.11 (260036598)|ENTERING_MANAGED_PKG|dlrs
14:49:50.11 (260104774)|ENTERING_MANAGED_PKG|dlrs
14:49:50.11 (260200231)|ENTERING_MANAGED_PKG|dlrs
14:49:50.11 (260291657)|ENTERING_MANAGED_PKG|dlrs
14:49:50.11 (260382805)|ENTERING_MANAGED_PKG|dlrs
14:49:50.11 (260474081)|ENTERING_MANAGED_PKG|dlrs
14:49:50.11 (260568973)|ENTERING_MANAGED_PKG|dlrs
14:49:50.11 (260660538)|ENTERING_MANAGED_PKG|dlrs
14:49:50.11 (260778523)|ENTERING_MANAGED_PKG|dlrs
14:49:50.11 (260844798)|ENTERING_MANAGED_PKG|dlrs
14:49:50.11 (260939616)|ENTERING_MANAGED_PKG|dlrs
14:49:50.11 (261037391)|ENTERING_MANAGED_PKG|dlrs
14:49:50.11 (261130721)|ENTERING_MANAGED_PKG|dlrs
14:49:50.11 (261221232)|ENTERING_MANAGED_PKG|dlrs
14:49:50.11 (261311151)|ENTERING_MANAGED_PKG|dlrs
14:49:50.11 (261400861)|ENTERING_MANAGED_PKG|dlrs
14:49:50.11 (261491344)|ENTERING_MANAGED_PKG|dlrs
14:49:50.11 (261609848)|ENTERING_MANAGED_PKG|dlrs
14:49:50.11 (261681261)|ENTERING_MANAGED_PKG|dlrs
14:49:50.11 (261777376)|ENTERING_MANAGED_PKG|dlrs
14:49:50.11 (261869573)|ENTERING_MANAGED_PKG|dlrs
14:49:50.11 (261960513)|ENTERING_MANAGED_PKG|dlrs
14:49:50.11 (262056520)|ENTERING_MANAGED_PKG|dlrs
14:49:50.11 (262148123)|ENTERING_MANAGED_PKG|dlrs
14:49:50.11 (262251799)|ENTERING_MANAGED_PKG|dlrs
14:49:50.11 (262343578)|ENTERING_MANAGED_PKG|dlrs
14:49:50.11 (262434022)|ENTERING_MANAGED_PKG|dlrs
14:49:50.11 (262552650)|ENTERING_MANAGED_PKG|dlrs
14:49:50.11 (262619049)|ENTERING_MANAGED_PKG|dlrs
14:49:50.11 (262714020)|ENTERING_MANAGED_PKG|dlrs
14:49:50.11 (262805718)|ENTERING_MANAGED_PKG|dlrs
14:49:50.11 (262897729)|ENTERING_MANAGED_PKG|dlrs
14:49:50.11 (262992820)|ENTERING_MANAGED_PKG|dlrs
14:49:50.11 (263089346)|ENTERING_MANAGED_PKG|dlrs
14:49:50.11 (263181399)|ENTERING_MANAGED_PKG|dlrs
14:49:50.11 (263272372)|ENTERING_MANAGED_PKG|dlrs
14:49:50.11 (263363007)|ENTERING_MANAGED_PKG|dlrs
14:49:50.11 (263453903)|ENTERING_MANAGED_PKG|dlrs
14:49:50.11 (263571926)|ENTERING_MANAGED_PKG|dlrs
14:49:50.11 (263638407)|ENTERING_MANAGED_PKG|dlrs
14:49:50.11 (263733313)|ENTERING_MANAGED_PKG|dlrs
14:49:50.11 (263825051)|ENTERING_MANAGED_PKG|dlrs
14:49:50.11 (263916386)|ENTERING_MANAGED_PKG|dlrs
14:49:50.11 (264011595)|ENTERING_MANAGED_PKG|dlrs
14:49:50.11 (264105384)|ENTERING_MANAGED_PKG|dlrs
14:49:50.11 (264197142)|ENTERING_MANAGED_PKG|dlrs
14:49:50.11 (264292187)|ENTERING_MANAGED_PKG|dlrs
14:49:50.11 (264383647)|ENTERING_MANAGED_PKG|dlrs
14:49:50.11 (264474828)|ENTERING_MANAGED_PKG|dlrs
14:49:50.11 (264565926)|ENTERING_MANAGED_PKG|dlrs
14:49:50.11 (264688458)|ENTERING_MANAGED_PKG|dlrs
14:49:50.11 (264755318)|ENTERING_MANAGED_PKG|dlrs
14:49:50.11 (264855711)|ENTERING_MANAGED_PKG|dlrs
14:49:50.11 (264970942)|ENTERING_MANAGED_PKG|dlrs
14:49:50.11 (265094231)|ENTERING_MANAGED_PKG|dlrs
14:49:50.11 (265213444)|ENTERING_MANAGED_PKG|dlrs
14:49:50.11 (265325201)|ENTERING_MANAGED_PKG|dlrs
14:49:50.11 (265432215)|ENTERING_MANAGED_PKG|dlrs
14:49:50.11 (265524195)|ENTERING_MANAGED_PKG|dlrs
14:49:50.11 (265619015)|ENTERING_MANAGED_PKG|dlrs
14:49:50.11 (265710094)|ENTERING_MANAGED_PKG|dlrs
14:49:50.11 (265801448)|ENTERING_MANAGED_PKG|dlrs
14:49:50.11 (265903104)|ENTERING_MANAGED_PKG|dlrs
14:49:50.11 (266087533)|ENTERING_MANAGED_PKG|dlrs
14:49:50.11 (266313066)|ENTERING_MANAGED_PKG|dlrs
14:49:50.11 (266486982)|ENTERING_MANAGED_PKG|dlrs
14:49:50.11 (266585593)|ENTERING_MANAGED_PKG|dlrs
14:49:50.11 (266680387)|ENTERING_MANAGED_PKG|dlrs
14:49:50.11 (266774181)|ENTERING_MANAGED_PKG|dlrs
14:49:50.11 (266888884)|ENTERING_MANAGED_PKG|dlrs
14:49:50.11 (267012284)|ENTERING_MANAGED_PKG|dlrs
14:49:50.11 (267129378)|ENTERING_MANAGED_PKG|dlrs
14:49:50.11 (267246584)|ENTERING_MANAGED_PKG|dlrs
14:49:50.11 (267347035)|ENTERING_MANAGED_PKG|dlrs
14:49:50.11 (267461583)|ENTERING_MANAGED_PKG|dlrs
14:49:50.11 (267571849)|ENTERING_MANAGED_PKG|dlrs
14:49:50.11 (267667573)|ENTERING_MANAGED_PKG|dlrs
14:49:50.11 (267806474)|ENTERING_MANAGED_PKG|dlrs
14:49:50.11 (267880857)|ENTERING_MANAGED_PKG|dlrs
14:49:50.11 (267982701)|ENTERING_MANAGED_PKG|dlrs
14:49:50.11 (268093366)|ENTERING_MANAGED_PKG|dlrs
14:49:50.11 (268202496)|ENTERING_MANAGED_PKG|dlrs
14:49:50.11 (268313312)|ENTERING_MANAGED_PKG|dlrs
14:49:50.11 (268426470)|ENTERING_MANAGED_PKG|dlrs
14:49:50.11 (268533961)|ENTERING_MANAGED_PKG|dlrs
14:49:50.11 (268636676)|ENTERING_MANAGED_PKG|dlrs
14:49:50.11 (268741763)|ENTERING_MANAGED_PKG|dlrs
14:49:50.11 (268833682)|ENTERING_MANAGED_PKG|dlrs
14:49:50.11 (268926101)|ENTERING_MANAGED_PKG|dlrs
14:49:50.11 (269022386)|ENTERING_MANAGED_PKG|dlrs
14:49:50.11 (269115437)|ENTERING_MANAGED_PKG|dlrs
14:49:50.11 (269228464)|ENTERING_MANAGED_PKG|dlrs
14:49:50.11 (269378726)|ENTERING_MANAGED_PKG|dlrs
14:49:50.11 (269464896)|ENTERING_MANAGED_PKG|dlrs
14:49:50.11 (269580462)|ENTERING_MANAGED_PKG|dlrs
14:49:50.11 (269677475)|ENTERING_MANAGED_PKG|dlrs
14:49:50.11 (269785131)|ENTERING_MANAGED_PKG|dlrs
14:49:50.11 (269878986)|ENTERING_MANAGED_PKG|dlrs
14:49:50.11 (269982230)|ENTERING_MANAGED_PKG|dlrs
14:49:50.11 (270075832)|ENTERING_MANAGED_PKG|dlrs
14:49:50.11 (270167445)|ENTERING_MANAGED_PKG|dlrs
14:49:50.11 (270262871)|ENTERING_MANAGED_PKG|dlrs
14:49:50.11 (270372228)|ENTERING_MANAGED_PKG|dlrs
14:49:50.11 (270484595)|ENTERING_MANAGED_PKG|dlrs
14:49:50.11 (270597792)|ENTERING_MANAGED_PKG|dlrs
14:49:50.11 (270710504)|ENTERING_MANAGED_PKG|dlrs
14:49:50.11 (270809316)|ENTERING_MANAGED_PKG|dlrs
14:49:50.11 (270918605)|ENTERING_MANAGED_PKG|dlrs
14:49:50.11 (271045176)|ENTERING_MANAGED_PKG|dlrs
14:49:50.11 (271115139)|ENTERING_MANAGED_PKG|dlrs
14:49:50.11 (271211096)|ENTERING_MANAGED_PKG|dlrs
14:49:50.11 (271318078)|ENTERING_MANAGED_PKG|dlrs
14:49:50.11 (271437683)|ENTERING_MANAGED_PKG|dlrs
14:49:50.11 (271553093)|ENTERING_MANAGED_PKG|dlrs
14:49:50.11 (271664423)|ENTERING_MANAGED_PKG|dlrs
14:49:50.11 (271774212)|ENTERING_MANAGED_PKG|dlrs
14:49:50.11 (271867402)|ENTERING_MANAGED_PKG|dlrs
14:49:50.11 (271959243)|ENTERING_MANAGED_PKG|dlrs
14:49:50.11 (272056329)|ENTERING_MANAGED_PKG|dlrs
14:49:50.11 (272153241)|ENTERING_MANAGED_PKG|dlrs
14:49:50.11 (272260822)|ENTERING_MANAGED_PKG|dlrs
14:49:50.11 (272371488)|ENTERING_MANAGED_PKG|dlrs
14:49:50.11 (272484039)|ENTERING_MANAGED_PKG|dlrs
14:49:50.11 (272610235)|ENTERING_MANAGED_PKG|dlrs
14:49:50.11 (272713167)|ENTERING_MANAGED_PKG|dlrs
14:49:50.11 (272912235)|ENTERING_MANAGED_PKG|dlrs
14:49:50.11 (273017600)|ENTERING_MANAGED_PKG|dlrs
14:49:50.11 (273125165)|ENTERING_MANAGED_PKG|dlrs
14:49:50.11 (273217033)|ENTERING_MANAGED_PKG|dlrs
14:49:50.11 (273307894)|ENTERING_MANAGED_PKG|dlrs
14:49:50.11 (273404705)|ENTERING_MANAGED_PKG|dlrs
14:49:50.11 (273516774)|ENTERING_MANAGED_PKG|dlrs
14:49:50.11 (273628094)|ENTERING_MANAGED_PKG|dlrs
14:49:50.11 (273739443)|ENTERING_MANAGED_PKG|dlrs
14:49:50.11 (273848531)|ENTERING_MANAGED_PKG|dlrs
14:49:50.11 (273950764)|ENTERING_MANAGED_PKG|dlrs
14:49:50.11 (274056920)|ENTERING_MANAGED_PKG|dlrs
14:49:50.11 (274149800)|ENTERING_MANAGED_PKG|dlrs
14:49:50.11 (274240286)|ENTERING_MANAGED_PKG|dlrs
14:49:50.11 (274331696)|ENTERING_MANAGED_PKG|dlrs
14:49:50.11 (274422674)|ENTERING_MANAGED_PKG|dlrs
14:49:50.11 (274528826)|ENTERING_MANAGED_PKG|dlrs
14:49:50.11 (274639547)|ENTERING_MANAGED_PKG|dlrs
14:49:50.11 (274782954)|ENTERING_MANAGED_PKG|dlrs
14:49:50.11 (274882974)|ENTERING_MANAGED_PKG|dlrs
14:49:50.11 (274992422)|ENTERING_MANAGED_PKG|dlrs
14:49:50.11 (275102624)|ENTERING_MANAGED_PKG|dlrs
14:49:50.11 (275196265)|ENTERING_MANAGED_PKG|dlrs
14:49:50.11 (275286548)|ENTERING_MANAGED_PKG|dlrs
14:49:50.11 (275377199)|ENTERING_MANAGED_PKG|dlrs
14:49:50.11 (275468248)|ENTERING_MANAGED_PKG|dlrs
14:49:50.11 (275558942)|ENTERING_MANAGED_PKG|dlrs
14:49:50.11 (275663957)|ENTERING_MANAGED_PKG|dlrs
14:49:50.11 (275775865)|ENTERING_MANAGED_PKG|dlrs
14:49:50.11 (275886808)|ENTERING_MANAGED_PKG|dlrs
14:49:50.11 (276002410)|ENTERING_MANAGED_PKG|dlrs
14:49:50.11 (276104141)|ENTERING_MANAGED_PKG|dlrs
14:49:50.11 (276217663)|ENTERING_MANAGED_PKG|dlrs
14:49:50.11 (276311799)|ENTERING_MANAGED_PKG|dlrs
14:49:50.11 (276402894)|ENTERING_MANAGED_PKG|dlrs
14:49:50.11 (276493930)|ENTERING_MANAGED_PKG|dlrs
14:49:50.11 (276589761)|ENTERING_MANAGED_PKG|dlrs
14:49:50.11 (276734706)|ENTERING_MANAGED_PKG|dlrs
14:49:50.11 (276817567)|ENTERING_MANAGED_PKG|dlrs
14:49:50.11 (276933205)|ENTERING_MANAGED_PKG|dlrs
14:49:50.11 (277045844)|ENTERING_MANAGED_PKG|dlrs
14:49:50.11 (277139111)|ENTERING_MANAGED_PKG|dlrs
14:49:50.11 (277231004)|ENTERING_MANAGED_PKG|dlrs
14:49:50.11 (277322675)|ENTERING_MANAGED_PKG|dlrs
14:49:50.11 (277417886)|ENTERING_MANAGED_PKG|dlrs
14:49:50.11 (277529747)|ENTERING_MANAGED_PKG|dlrs
14:49:50.11 (277637312)|ENTERING_MANAGED_PKG|dlrs
14:49:50.11 (277748644)|ENTERING_MANAGED_PKG|dlrs
14:49:50.11 (277860415)|ENTERING_MANAGED_PKG|dlrs
14:49:50.11 (277959210)|ENTERING_MANAGED_PKG|dlrs
14:49:50.11 (278076075)|ENTERING_MANAGED_PKG|dlrs
14:49:50.11 (278185878)|ENTERING_MANAGED_PKG|dlrs
14:49:50.11 (278278455)|ENTERING_MANAGED_PKG|dlrs
14:49:50.11 (278370469)|ENTERING_MANAGED_PKG|dlrs
14:49:50.11 (278461928)|ENTERING_MANAGED_PKG|dlrs
14:49:50.11 (278553228)|ENTERING_MANAGED_PKG|dlrs
14:49:50.11 (278647264)|ENTERING_MANAGED_PKG|dlrs
14:49:50.11 (278791075)|ENTERING_MANAGED_PKG|dlrs
14:49:50.11 (278869914)|ENTERING_MANAGED_PKG|dlrs
14:49:50.11 (278990545)|ENTERING_MANAGED_PKG|dlrs
14:49:50.11 (279103509)|ENTERING_MANAGED_PKG|dlrs
14:49:50.11 (279204621)|ENTERING_MANAGED_PKG|dlrs
14:49:50.11 (279309977)|ENTERING_MANAGED_PKG|dlrs
14:49:50.11 (279402231)|ENTERING_MANAGED_PKG|dlrs
14:49:50.11 (279493866)|ENTERING_MANAGED_PKG|dlrs
14:49:50.11 (279585060)|ENTERING_MANAGED_PKG|dlrs
14:49:50.11 (279676223)|ENTERING_MANAGED_PKG|dlrs
14:49:50.11 (279788370)|ENTERING_MANAGED_PKG|dlrs
14:49:50.11 (279900314)|ENTERING_MANAGED_PKG|dlrs
14:49:50.11 (280021096)|ENTERING_MANAGED_PKG|dlrs
14:49:50.11 (280134978)|ENTERING_MANAGED_PKG|dlrs
14:49:50.11 (280228986)|ENTERING_MANAGED_PKG|dlrs
14:49:50.11 (280340431)|ENTERING_MANAGED_PKG|dlrs
14:49:50.11 (280432133)|ENTERING_MANAGED_PKG|dlrs
14:49:50.11 (280523441)|ENTERING_MANAGED_PKG|dlrs
14:49:50.11 (280615094)|ENTERING_MANAGED_PKG|dlrs
14:49:50.11 (280706756)|ENTERING_MANAGED_PKG|dlrs
14:49:50.11 (280817775)|ENTERING_MANAGED_PKG|dlrs
14:49:50.11 (280959039)|ENTERING_MANAGED_PKG|dlrs
14:49:50.11 (281033693)|ENTERING_MANAGED_PKG|dlrs
14:49:50.11 (281062922)|ENTERING_MANAGED_PKG|dlrs
14:49:50.11 (281084124)|ENTERING_MANAGED_PKG|dlrs
14:49:50.11 (281177610)|ENTERING_MANAGED_PKG|dlrs
14:49:50.11 (281194236)|ENTERING_MANAGED_PKG|dlrs
14:49:50.11 (281299089)|ENTERING_MANAGED_PKG|dlrs
14:49:50.11 (281318973)|ENTERING_MANAGED_PKG|dlrs
14:49:50.11 (281354889)|ENTERING_MANAGED_PKG|dlrs
14:49:50.11 (281678192)|ENTERING_MANAGED_PKG|dlrs
14:49:50.11 (281707578)|ENTERING_MANAGED_PKG|dlrs
14:49:50.11 (281756871)|ENTERING_MANAGED_PKG|dlrs
14:49:50.11 (281771556)|ENTERING_MANAGED_PKG|dlrs
14:49:50.11 (281783345)|ENTERING_MANAGED_PKG|dlrs
14:49:50.11 (281870571)|ENTERING_MANAGED_PKG|dlrs
14:49:50.11 (281886440)|ENTERING_MANAGED_PKG|dlrs
14:49:50.11 (281906929)|ENTERING_MANAGED_PKG|dlrs
14:49:50.11 (281950963)|ENTERING_MANAGED_PKG|dlrs
14:49:50.11 (281982056)|ENTERING_MANAGED_PKG|dlrs
14:49:50.11 (282127876)|ENTERING_MANAGED_PKG|dlrs
14:49:50.11 (282196900)|ENTERING_MANAGED_PKG|dlrs
14:49:50.11 (282212818)|ENTERING_MANAGED_PKG|dlrs
14:49:50.11 (282293056)|ENTERING_MANAGED_PKG|dlrs
14:49:50.11 (282398913)|ENTERING_MANAGED_PKG|dlrs
14:49:50.11 (282458131)|ENTERING_MANAGED_PKG|dlrs
14:49:50.11 (282546189)|ENTERING_MANAGED_PKG|dlrs
14:49:50.11 (282563129)|ENTERING_MANAGED_PKG|dlrs
14:49:50.11 (282672520)|ENTERING_MANAGED_PKG|dlrs
14:49:50.11 (282860838)|ENTERING_MANAGED_PKG|dlrs
14:49:50.11 (283000541)|ENTERING_MANAGED_PKG|dlrs
14:49:50.11 (283197872)|ENTERING_MANAGED_PKG|dlrs
14:49:50.11 (283300776)|ENTERING_MANAGED_PKG|dlrs
14:49:50.11 (283475022)|ENTERING_MANAGED_PKG|dlrs
14:49:50.11 (283574646)|ENTERING_MANAGED_PKG|dlrs
14:49:50.11 (283750951)|ENTERING_MANAGED_PKG|dlrs
14:49:50.11 (283857242)|ENTERING_MANAGED_PKG|dlrs
14:49:50.11 (284064691)|ENTERING_MANAGED_PKG|dlrs
14:49:50.11 (284172989)|ENTERING_MANAGED_PKG|dlrs
14:49:50.11 (284363981)|ENTERING_MANAGED_PKG|dlrs
14:49:50.11 (284458771)|ENTERING_MANAGED_PKG|dlrs
14:49:50.11 (284622681)|ENTERING_MANAGED_PKG|dlrs
14:49:50.11 (284711532)|ENTERING_MANAGED_PKG|dlrs
14:49:50.11 (284922296)|ENTERING_MANAGED_PKG|dlrs
14:49:50.11 (285045538)|ENTERING_MANAGED_PKG|dlrs
14:49:50.11 (285244653)|ENTERING_MANAGED_PKG|dlrs
14:49:50.11 (285340313)|ENTERING_MANAGED_PKG|dlrs
14:49:50.11 (285518754)|ENTERING_MANAGED_PKG|dlrs
14:49:50.11 (285608626)|ENTERING_MANAGED_PKG|dlrs
14:49:50.11 (285771616)|ENTERING_MANAGED_PKG|dlrs
14:49:50.11 (285871861)|ENTERING_MANAGED_PKG|dlrs
14:49:50.11 (286066974)|ENTERING_MANAGED_PKG|dlrs
14:49:50.11 (286176610)|ENTERING_MANAGED_PKG|dlrs
14:49:50.11 (286356853)|ENTERING_MANAGED_PKG|dlrs
14:49:50.11 (286467685)|ENTERING_MANAGED_PKG|dlrs
14:49:50.11 (286630622)|ENTERING_MANAGED_PKG|dlrs
14:49:50.11 (286720011)|ENTERING_MANAGED_PKG|dlrs
14:49:50.11 (286903535)|ENTERING_MANAGED_PKG|dlrs
14:49:50.11 (287015145)|ENTERING_MANAGED_PKG|dlrs
14:49:50.11 (287212095)|ENTERING_MANAGED_PKG|dlrs
14:49:50.11 (287307345)|ENTERING_MANAGED_PKG|dlrs
14:49:50.11 (287469211)|ENTERING_MANAGED_PKG|dlrs
14:49:50.11 (287558363)|ENTERING_MANAGED_PKG|dlrs
14:49:50.11 (287738997)|ENTERING_MANAGED_PKG|dlrs
14:49:50.11 (287846868)|ENTERING_MANAGED_PKG|dlrs
14:49:50.11 (288042164)|ENTERING_MANAGED_PKG|dlrs
14:49:50.11 (288139946)|ENTERING_MANAGED_PKG|dlrs
14:49:50.11 (288331639)|ENTERING_MANAGED_PKG|dlrs
14:49:50.11 (288429171)|ENTERING_MANAGED_PKG|dlrs
14:49:50.11 (288589413)|ENTERING_MANAGED_PKG|dlrs
14:49:50.11 (288678592)|ENTERING_MANAGED_PKG|dlrs
14:49:50.11 (288841987)|ENTERING_MANAGED_PKG|dlrs
14:49:50.11 (288946227)|ENTERING_MANAGED_PKG|dlrs
14:49:50.11 (289144905)|ENTERING_MANAGED_PKG|dlrs
14:49:50.11 (289252408)|ENTERING_MANAGED_PKG|dlrs
14:49:50.11 (289433016)|ENTERING_MANAGED_PKG|dlrs
14:49:50.11 (289534426)|ENTERING_MANAGED_PKG|dlrs
14:49:50.11 (289695490)|ENTERING_MANAGED_PKG|dlrs
14:49:50.11 (289784350)|ENTERING_MANAGED_PKG|dlrs
14:49:50.11 (289963022)|ENTERING_MANAGED_PKG|dlrs
14:49:50.11 (290070258)|ENTERING_MANAGED_PKG|dlrs
14:49:50.11 (290257105)|ENTERING_MANAGED_PKG|dlrs
14:49:50.11 (290362074)|ENTERING_MANAGED_PKG|dlrs
14:49:50.11 (290526448)|ENTERING_MANAGED_PKG|dlrs
14:49:50.11 (290615588)|ENTERING_MANAGED_PKG|dlrs
14:49:50.11 (290774371)|ENTERING_MANAGED_PKG|dlrs
14:49:50.11 (290863562)|ENTERING_MANAGED_PKG|dlrs
14:49:50.11 (291043997)|ENTERING_MANAGED_PKG|dlrs
14:49:50.11 (291152168)|ENTERING_MANAGED_PKG|dlrs
14:49:50.11 (291341366)|ENTERING_MANAGED_PKG|dlrs
14:49:50.11 (291445894)|ENTERING_MANAGED_PKG|dlrs
14:49:50.11 (291626959)|ENTERING_MANAGED_PKG|dlrs
14:49:50.11 (291716493)|ENTERING_MANAGED_PKG|dlrs
14:49:50.11 (291875363)|ENTERING_MANAGED_PKG|dlrs
14:49:50.11 (291964232)|ENTERING_MANAGED_PKG|dlrs
14:49:50.11 (292160320)|ENTERING_MANAGED_PKG|dlrs
14:49:50.11 (292270026)|ENTERING_MANAGED_PKG|dlrs
14:49:50.11 (292459027)|ENTERING_MANAGED_PKG|dlrs
14:49:50.11 (292549623)|ENTERING_MANAGED_PKG|dlrs
14:49:50.11 (292707950)|ENTERING_MANAGED_PKG|dlrs
14:49:50.11 (292797403)|ENTERING_MANAGED_PKG|dlrs
14:49:50.11 (292988965)|ENTERING_MANAGED_PKG|dlrs
14:49:50.11 (293095556)|ENTERING_MANAGED_PKG|dlrs
14:49:50.11 (293285718)|ENTERING_MANAGED_PKG|dlrs
14:49:50.11 (293383432)|ENTERING_MANAGED_PKG|dlrs
14:49:50.11 (293576799)|ENTERING_MANAGED_PKG|dlrs
14:49:50.11 (293677181)|ENTERING_MANAGED_PKG|dlrs
14:49:50.11 (293839962)|ENTERING_MANAGED_PKG|dlrs
14:49:50.11 (293936803)|ENTERING_MANAGED_PKG|dlrs
14:49:50.11 (294107588)|ENTERING_MANAGED_PKG|dlrs
14:49:50.11 (294214033)|ENTERING_MANAGED_PKG|dlrs
14:49:50.11 (294402109)|ENTERING_MANAGED_PKG|dlrs
14:49:50.11 (294507990)|ENTERING_MANAGED_PKG|dlrs
14:49:50.11 (294685917)|ENTERING_MANAGED_PKG|dlrs
14:49:50.11 (294784659)|ENTERING_MANAGED_PKG|dlrs
14:49:50.11 (294944924)|ENTERING_MANAGED_PKG|dlrs
14:49:50.11 (295070693)|ENTERING_MANAGED_PKG|dlrs
14:49:50.11 (295233019)|ENTERING_MANAGED_PKG|dlrs
14:49:50.11 (295339473)|ENTERING_MANAGED_PKG|dlrs
14:49:50.11 (295528939)|ENTERING_MANAGED_PKG|dlrs
14:49:50.11 (295636453)|ENTERING_MANAGED_PKG|dlrs
14:49:50.11 (295819682)|ENTERING_MANAGED_PKG|dlrs
14:49:50.11 (295919423)|ENTERING_MANAGED_PKG|dlrs
14:49:50.11 (296084346)|ENTERING_MANAGED_PKG|dlrs
14:49:50.11 (296174173)|ENTERING_MANAGED_PKG|dlrs
14:49:50.11 (296339309)|ENTERING_MANAGED_PKG|dlrs
14:49:50.11 (296445533)|ENTERING_MANAGED_PKG|dlrs
14:49:50.11 (296638124)|ENTERING_MANAGED_PKG|dlrs
14:49:50.11 (296744295)|ENTERING_MANAGED_PKG|dlrs
14:49:50.11 (296921537)|ENTERING_MANAGED_PKG|dlrs
14:49:50.11 (297022283)|ENTERING_MANAGED_PKG|dlrs
14:49:50.11 (300694483)|ENTERING_MANAGED_PKG|dlrs
14:49:50.11 (300816795)|ENTERING_MANAGED_PKG|dlrs
14:49:50.11 (301061404)|ENTERING_MANAGED_PKG|dlrs
14:49:50.11 (302290409)|SOQL_EXECUTE_BEGIN|[302]|Aggregations:0|SELECT DeveloperName, Id, Label, dlrs__Active__c, dlrs__AggregateAllRows__c, dlrs__AggregateOperation__c, dlrs__AggregateResultField__c, dlrs__CalculationMode__c, dlrs__CalculationSharingMode__c, dlrs__ChildObject__c, dlrs__ConcatenateDelimiter__c, dlrs__Description__c, dlrs__FieldToAggregate__c, dlrs__FieldToOrderBy__c, dlrs__ParentObject__c, dlrs__RelationshipCriteriaFields__c, dlrs__RelationshipCriteria__c, dlrs__RelationshipField__c, dlrs__RowLimit__c, dlrs__TestCodeSeeAllData__c, dlrs__TestCode__c FROM dlrs__LookupRollupSummary2__mdt ORDER BY DeveloperName ASC NULLS FIRST , Label ASC NULLS FIRST 
14:49:50.11 (305468404)|SOQL_EXECUTE_END|[302]|Rows:9
14:49:50.11 (305619422)|ENTERING_MANAGED_PKG|dlrs
14:49:50.11 (305781682)|ENTERING_MANAGED_PKG|dlrs
14:49:50.11 (305823818)|ENTERING_MANAGED_PKG|dlrs
14:49:50.11 (305852394)|ENTERING_MANAGED_PKG|dlrs
14:49:50.11 (305871475)|ENTERING_MANAGED_PKG|dlrs
14:49:50.11 (305893328)|ENTERING_MANAGED_PKG|dlrs
14:49:50.11 (305917721)|ENTERING_MANAGED_PKG|dlrs
14:49:50.11 (305934321)|ENTERING_MANAGED_PKG|dlrs
14:49:50.11 (305955310)|ENTERING_MANAGED_PKG|dlrs
14:49:50.11 (305979753)|ENTERING_MANAGED_PKG|dlrs
14:49:50.11 (306001118)|ENTERING_MANAGED_PKG|dlrs
14:49:50.11 (306018654)|ENTERING_MANAGED_PKG|dlrs
14:49:50.11 (306039044)|ENTERING_MANAGED_PKG|dlrs
14:49:50.11 (306055068)|ENTERING_MANAGED_PKG|dlrs
14:49:50.11 (306075757)|ENTERING_MANAGED_PKG|dlrs
14:49:50.11 (306095711)|ENTERING_MANAGED_PKG|dlrs
14:49:50.11 (306121487)|ENTERING_MANAGED_PKG|dlrs
14:49:50.11 (306140249)|ENTERING_MANAGED_PKG|dlrs
14:49:50.11 (306166273)|ENTERING_MANAGED_PKG|dlrs
14:49:50.11 (306189056)|ENTERING_MANAGED_PKG|dlrs
14:49:50.11 (306213900)|ENTERING_MANAGED_PKG|dlrs
14:49:50.11 (306231694)|ENTERING_MANAGED_PKG|dlrs
14:49:50.11 (306258597)|ENTERING_MANAGED_PKG|dlrs
14:49:50.11 (306280511)|ENTERING_MANAGED_PKG|dlrs
14:49:50.11 (306307792)|ENTERING_MANAGED_PKG|dlrs
14:49:50.11 (306325637)|ENTERING_MANAGED_PKG|dlrs
14:49:50.11 (306355414)|ENTERING_MANAGED_PKG|dlrs
14:49:50.11 (306374818)|ENTERING_MANAGED_PKG|dlrs
14:49:50.11 (306400222)|ENTERING_MANAGED_PKG|dlrs
14:49:50.11 (306422021)|ENTERING_MANAGED_PKG|dlrs
14:49:50.11 (306444025)|ENTERING_MANAGED_PKG|dlrs
14:49:50.11 (306464302)|ENTERING_MANAGED_PKG|dlrs
14:49:50.11 (306491258)|ENTERING_MANAGED_PKG|dlrs
14:49:50.11 (306512450)|ENTERING_MANAGED_PKG|dlrs
14:49:50.11 (306539029)|ENTERING_MANAGED_PKG|dlrs
14:49:50.11 (306556550)|ENTERING_MANAGED_PKG|dlrs
14:49:50.11 (306577505)|ENTERING_MANAGED_PKG|dlrs
14:49:50.11 (306593551)|ENTERING_MANAGED_PKG|dlrs
14:49:50.11 (306614446)|ENTERING_MANAGED_PKG|dlrs
14:49:50.11 (306634604)|ENTERING_MANAGED_PKG|dlrs
14:49:50.11 (306660384)|ENTERING_MANAGED_PKG|dlrs
14:49:50.11 (306680329)|ENTERING_MANAGED_PKG|dlrs
14:49:50.11 (306711770)|ENTERING_MANAGED_PKG|dlrs
14:49:50.11 (306740228)|ENTERING_MANAGED_PKG|dlrs
14:49:50.11 (306774453)|ENTERING_MANAGED_PKG|dlrs
14:49:50.11 (306862267)|ENTERING_MANAGED_PKG|dlrs
14:49:50.11 (306893704)|ENTERING_MANAGED_PKG|dlrs
14:49:50.11 (306911820)|ENTERING_MANAGED_PKG|dlrs
14:49:50.11 (306924514)|ENTERING_MANAGED_PKG|dlrs
14:49:50.11 (306941038)|ENTERING_MANAGED_PKG|dlrs
14:49:50.11 (306960871)|ENTERING_MANAGED_PKG|dlrs
14:49:50.11 (306981794)|ENTERING_MANAGED_PKG|dlrs
14:49:50.11 (307002473)|ENTERING_MANAGED_PKG|dlrs
14:49:50.11 (307019611)|ENTERING_MANAGED_PKG|dlrs
14:49:50.11 (307039117)|ENTERING_MANAGED_PKG|dlrs
14:49:50.11 (307054952)|ENTERING_MANAGED_PKG|dlrs
14:49:50.11 (307074033)|ENTERING_MANAGED_PKG|dlrs
14:49:50.11 (307089806)|ENTERING_MANAGED_PKG|dlrs
14:49:50.11 (307109493)|ENTERING_MANAGED_PKG|dlrs
14:49:50.11 (307125431)|ENTERING_MANAGED_PKG|dlrs
14:49:50.11 (307154074)|ENTERING_MANAGED_PKG|dlrs
14:49:50.11 (307172992)|ENTERING_MANAGED_PKG|dlrs
14:49:50.11 (307201436)|ENTERING_MANAGED_PKG|dlrs
14:49:50.11 (307223166)|ENTERING_MANAGED_PKG|dlrs
14:49:50.11 (307249868)|ENTERING_MANAGED_PKG|dlrs
14:49:50.11 (307267568)|ENTERING_MANAGED_PKG|dlrs
14:49:50.11 (307293893)|ENTERING_MANAGED_PKG|dlrs
14:49:50.11 (307314114)|ENTERING_MANAGED_PKG|dlrs
14:49:50.11 (307339500)|ENTERING_MANAGED_PKG|dlrs
14:49:50.11 (307362092)|ENTERING_MANAGED_PKG|dlrs
14:49:50.11 (307383802)|ENTERING_MANAGED_PKG|dlrs
14:49:50.11 (307404475)|ENTERING_MANAGED_PKG|dlrs
14:49:50.11 (307430143)|ENTERING_MANAGED_PKG|dlrs
14:49:50.11 (307451119)|ENTERING_MANAGED_PKG|dlrs
14:49:50.11 (307476892)|ENTERING_MANAGED_PKG|dlrs
14:49:50.11 (307494517)|ENTERING_MANAGED_PKG|dlrs
14:49:50.11 (307518734)|ENTERING_MANAGED_PKG|dlrs
14:49:50.11 (307540108)|ENTERING_MANAGED_PKG|dlrs
14:49:50.11 (307564808)|ENTERING_MANAGED_PKG|dlrs
14:49:50.11 (307586337)|ENTERING_MANAGED_PKG|dlrs
14:49:50.11 (307609044)|ENTERING_MANAGED_PKG|dlrs
14:49:50.11 (307625777)|ENTERING_MANAGED_PKG|dlrs
14:49:50.11 (307645769)|ENTERING_MANAGED_PKG|dlrs
14:49:50.11 (307662020)|ENTERING_MANAGED_PKG|dlrs
14:49:50.11 (307684868)|ENTERING_MANAGED_PKG|dlrs
14:49:50.11 (307705253)|ENTERING_MANAGED_PKG|dlrs
14:49:50.11 (307735844)|ENTERING_MANAGED_PKG|dlrs
14:49:50.11 (307762896)|ENTERING_MANAGED_PKG|dlrs
14:49:50.11 (307793805)|ENTERING_MANAGED_PKG|dlrs
14:49:50.11 (307877617)|ENTERING_MANAGED_PKG|dlrs
14:49:50.11 (307909053)|ENTERING_MANAGED_PKG|dlrs
14:49:50.11 (307927516)|ENTERING_MANAGED_PKG|dlrs
14:49:50.11 (307940002)|ENTERING_MANAGED_PKG|dlrs
14:49:50.11 (307956313)|ENTERING_MANAGED_PKG|dlrs
14:49:50.11 (307982189)|ENTERING_MANAGED_PKG|dlrs
14:49:50.11 (307999543)|ENTERING_MANAGED_PKG|dlrs
14:49:50.11 (308020094)|ENTERING_MANAGED_PKG|dlrs
14:49:50.11 (308037285)|ENTERING_MANAGED_PKG|dlrs
14:49:50.11 (308056669)|ENTERING_MANAGED_PKG|dlrs
14:49:50.11 (308072868)|ENTERING_MANAGED_PKG|dlrs
14:49:50.11 (308092727)|ENTERING_MANAGED_PKG|dlrs
14:49:50.11 (308108824)|ENTERING_MANAGED_PKG|dlrs
14:49:50.11 (308128129)|ENTERING_MANAGED_PKG|dlrs
14:49:50.11 (308144412)|ENTERING_MANAGED_PKG|dlrs
14:49:50.11 (308167271)|ENTERING_MANAGED_PKG|dlrs
14:49:50.11 (308185397)|ENTERING_MANAGED_PKG|dlrs
14:49:50.11 (308211849)|ENTERING_MANAGED_PKG|dlrs
14:49:50.11 (308229632)|ENTERING_MANAGED_PKG|dlrs
14:49:50.11 (308253135)|ENTERING_MANAGED_PKG|dlrs
14:49:50.11 (308273250)|ENTERING_MANAGED_PKG|dlrs
14:49:50.11 (308296198)|ENTERING_MANAGED_PKG|dlrs
14:49:50.11 (308312929)|ENTERING_MANAGED_PKG|dlrs
14:49:50.11 (308336213)|ENTERING_MANAGED_PKG|dlrs
14:49:50.11 (308353547)|ENTERING_MANAGED_PKG|dlrs
14:49:50.11 (308380558)|ENTERING_MANAGED_PKG|dlrs
14:49:50.11 (308401007)|ENTERING_MANAGED_PKG|dlrs
14:49:50.11 (308423201)|ENTERING_MANAGED_PKG|dlrs
14:49:50.11 (308444114)|ENTERING_MANAGED_PKG|dlrs
14:49:50.11 (308465455)|ENTERING_MANAGED_PKG|dlrs
14:49:50.11 (308484584)|ENTERING_MANAGED_PKG|dlrs
14:49:50.11 (308505943)|ENTERING_MANAGED_PKG|dlrs
14:49:50.11 (308527570)|ENTERING_MANAGED_PKG|dlrs
14:49:50.11 (308548661)|ENTERING_MANAGED_PKG|dlrs
14:49:50.11 (308568773)|ENTERING_MANAGED_PKG|dlrs
14:49:50.11 (308595167)|ENTERING_MANAGED_PKG|dlrs
14:49:50.11 (308613485)|ENTERING_MANAGED_PKG|dlrs
14:49:50.11 (308633680)|ENTERING_MANAGED_PKG|dlrs
14:49:50.11 (308650107)|ENTERING_MANAGED_PKG|dlrs
14:49:50.11 (308669480)|ENTERING_MANAGED_PKG|dlrs
14:49:50.11 (308685440)|ENTERING_MANAGED_PKG|dlrs
14:49:50.11 (308709004)|ENTERING_MANAGED_PKG|dlrs
14:49:50.11 (308730252)|ENTERING_MANAGED_PKG|dlrs
14:49:50.11 (308759626)|ENTERING_MANAGED_PKG|dlrs
14:49:50.11 (308840732)|ENTERING_MANAGED_PKG|dlrs
14:49:50.11 (308872190)|ENTERING_MANAGED_PKG|dlrs
14:49:50.11 (308890536)|ENTERING_MANAGED_PKG|dlrs
14:49:50.11 (308902997)|ENTERING_MANAGED_PKG|dlrs
14:49:50.11 (308919300)|ENTERING_MANAGED_PKG|dlrs
14:49:50.11 (308938985)|ENTERING_MANAGED_PKG|dlrs
14:49:50.11 (308954971)|ENTERING_MANAGED_PKG|dlrs
14:49:50.11 (308979824)|ENTERING_MANAGED_PKG|dlrs
14:49:50.11 (308996841)|ENTERING_MANAGED_PKG|dlrs
14:49:50.11 (309017144)|ENTERING_MANAGED_PKG|dlrs
14:49:50.11 (309033878)|ENTERING_MANAGED_PKG|dlrs
14:49:50.11 (309053239)|ENTERING_MANAGED_PKG|dlrs
14:49:50.11 (309069436)|ENTERING_MANAGED_PKG|dlrs
14:49:50.11 (309089498)|ENTERING_MANAGED_PKG|dlrs
14:49:50.11 (309105660)|ENTERING_MANAGED_PKG|dlrs
14:49:50.11 (309125273)|ENTERING_MANAGED_PKG|dlrs
14:49:50.11 (309141423)|ENTERING_MANAGED_PKG|dlrs
14:49:50.11 (309166425)|ENTERING_MANAGED_PKG|dlrs
14:49:50.11 (309185846)|ENTERING_MANAGED_PKG|dlrs
14:49:50.11 (309210707)|ENTERING_MANAGED_PKG|dlrs
14:49:50.11 (309231332)|ENTERING_MANAGED_PKG|dlrs
14:49:50.11 (309252733)|ENTERING_MANAGED_PKG|dlrs
14:49:50.11 (309274871)|ENTERING_MANAGED_PKG|dlrs
14:49:50.11 (309296321)|ENTERING_MANAGED_PKG|dlrs
14:49:50.11 (309312785)|ENTERING_MANAGED_PKG|dlrs
14:49:50.11 (309336595)|ENTERING_MANAGED_PKG|dlrs
14:49:50.11 (309355280)|ENTERING_MANAGED_PKG|dlrs
14:49:50.11 (309379113)|ENTERING_MANAGED_PKG|dlrs
14:49:50.11 (309396038)|ENTERING_MANAGED_PKG|dlrs
14:49:50.11 (309420370)|ENTERING_MANAGED_PKG|dlrs
14:49:50.11 (309442445)|ENTERING_MANAGED_PKG|dlrs
14:49:50.11 (309464540)|ENTERING_MANAGED_PKG|dlrs
14:49:50.11 (309481015)|ENTERING_MANAGED_PKG|dlrs
14:49:50.11 (309505809)|ENTERING_MANAGED_PKG|dlrs
14:49:50.11 (309525313)|ENTERING_MANAGED_PKG|dlrs
14:49:50.11 (309549352)|ENTERING_MANAGED_PKG|dlrs
14:49:50.11 (309570689)|ENTERING_MANAGED_PKG|dlrs
14:49:50.11 (309596625)|ENTERING_MANAGED_PKG|dlrs
14:49:50.11 (309613967)|ENTERING_MANAGED_PKG|dlrs
14:49:50.11 (309637057)|ENTERING_MANAGED_PKG|dlrs
14:49:50.11 (309659053)|ENTERING_MANAGED_PKG|dlrs
14:49:50.11 (309687276)|ENTERING_MANAGED_PKG|dlrs
14:49:50.11 (309713946)|ENTERING_MANAGED_PKG|dlrs
14:49:50.11 (309744177)|ENTERING_MANAGED_PKG|dlrs
14:49:50.11 (309824779)|ENTERING_MANAGED_PKG|dlrs
14:49:50.11 (309856724)|ENTERING_MANAGED_PKG|dlrs
14:49:50.11 (309879644)|ENTERING_MANAGED_PKG|dlrs
14:49:50.11 (309897652)|ENTERING_MANAGED_PKG|dlrs
14:49:50.11 (309915805)|ENTERING_MANAGED_PKG|dlrs
14:49:50.11 (309935983)|ENTERING_MANAGED_PKG|dlrs
14:49:50.11 (309952087)|ENTERING_MANAGED_PKG|dlrs
14:49:50.11 (309978714)|ENTERING_MANAGED_PKG|dlrs
14:49:50.11 (309999199)|ENTERING_MANAGED_PKG|dlrs
14:49:50.11 (310022035)|ENTERING_MANAGED_PKG|dlrs
14:49:50.11 (310039987)|ENTERING_MANAGED_PKG|dlrs
14:49:50.11 (310059533)|ENTERING_MANAGED_PKG|dlrs
14:49:50.11 (310075723)|ENTERING_MANAGED_PKG|dlrs
14:49:50.11 (310095017)|ENTERING_MANAGED_PKG|dlrs
14:49:50.11 (310111279)|ENTERING_MANAGED_PKG|dlrs
14:49:50.11 (310130458)|ENTERING_MANAGED_PKG|dlrs
14:49:50.11 (310146472)|ENTERING_MANAGED_PKG|dlrs
14:49:50.11 (310165726)|ENTERING_MANAGED_PKG|dlrs
14:49:50.11 (310181616)|ENTERING_MANAGED_PKG|dlrs
14:49:50.11 (310200913)|ENTERING_MANAGED_PKG|dlrs
14:49:50.11 (310217186)|ENTERING_MANAGED_PKG|dlrs
14:49:50.11 (310236618)|ENTERING_MANAGED_PKG|dlrs
14:49:50.11 (310252819)|ENTERING_MANAGED_PKG|dlrs
14:49:50.11 (310272318)|ENTERING_MANAGED_PKG|dlrs
14:49:50.11 (310288564)|ENTERING_MANAGED_PKG|dlrs
14:49:50.11 (310308731)|ENTERING_MANAGED_PKG|dlrs
14:49:50.11 (310325162)|ENTERING_MANAGED_PKG|dlrs
14:49:50.11 (310344847)|ENTERING_MANAGED_PKG|dlrs
14:49:50.11 (310360946)|ENTERING_MANAGED_PKG|dlrs
14:49:50.11 (310381062)|ENTERING_MANAGED_PKG|dlrs
14:49:50.11 (310397824)|ENTERING_MANAGED_PKG|dlrs
14:49:50.11 (310417186)|ENTERING_MANAGED_PKG|dlrs
14:49:50.11 (310433852)|ENTERING_MANAGED_PKG|dlrs
14:49:50.11 (310453427)|ENTERING_MANAGED_PKG|dlrs
14:49:50.11 (310469449)|ENTERING_MANAGED_PKG|dlrs
14:49:50.11 (310489611)|ENTERING_MANAGED_PKG|dlrs
14:49:50.11 (310505612)|ENTERING_MANAGED_PKG|dlrs
14:49:50.11 (310525355)|ENTERING_MANAGED_PKG|dlrs
14:49:50.11 (310546133)|ENTERING_MANAGED_PKG|dlrs
14:49:50.11 (310571458)|ENTERING_MANAGED_PKG|dlrs
14:49:50.11 (310592169)|ENTERING_MANAGED_PKG|dlrs
14:49:50.11 (310622371)|ENTERING_MANAGED_PKG|dlrs
14:49:50.11 (310645574)|ENTERING_MANAGED_PKG|dlrs
14:49:50.11 (310681851)|ENTERING_MANAGED_PKG|dlrs
14:49:50.11 (310777634)|ENTERING_MANAGED_PKG|dlrs
14:49:50.11 (310814739)|ENTERING_MANAGED_PKG|dlrs
14:49:50.11 (310837782)|ENTERING_MANAGED_PKG|dlrs
14:49:50.11 (310855970)|ENTERING_MANAGED_PKG|dlrs
14:49:50.11 (310874097)|ENTERING_MANAGED_PKG|dlrs
14:49:50.11 (310898015)|ENTERING_MANAGED_PKG|dlrs
14:49:50.11 (310920532)|ENTERING_MANAGED_PKG|dlrs
14:49:50.11 (310945977)|ENTERING_MANAGED_PKG|dlrs
14:49:50.11 (310970943)|ENTERING_MANAGED_PKG|dlrs
14:49:50.11 (310995086)|ENTERING_MANAGED_PKG|dlrs
14:49:50.11 (311012027)|ENTERING_MANAGED_PKG|dlrs
14:49:50.11 (311032272)|ENTERING_MANAGED_PKG|dlrs
14:49:50.11 (311048489)|ENTERING_MANAGED_PKG|dlrs
14:49:50.11 (311071977)|ENTERING_MANAGED_PKG|dlrs
14:49:50.11 (311089858)|ENTERING_MANAGED_PKG|dlrs
14:49:50.11 (311115187)|ENTERING_MANAGED_PKG|dlrs
14:49:50.11 (311136052)|ENTERING_MANAGED_PKG|dlrs
14:49:50.11 (311162448)|ENTERING_MANAGED_PKG|dlrs
14:49:50.11 (311179955)|ENTERING_MANAGED_PKG|dlrs
14:49:50.11 (311199860)|ENTERING_MANAGED_PKG|dlrs
14:49:50.11 (311216112)|ENTERING_MANAGED_PKG|dlrs
14:49:50.11 (311236074)|ENTERING_MANAGED_PKG|dlrs
14:49:50.11 (311252198)|ENTERING_MANAGED_PKG|dlrs
14:49:50.11 (311272017)|ENTERING_MANAGED_PKG|dlrs
14:49:50.11 (311288185)|ENTERING_MANAGED_PKG|dlrs
14:49:50.11 (311308398)|ENTERING_MANAGED_PKG|dlrs
14:49:50.11 (311324762)|ENTERING_MANAGED_PKG|dlrs
14:49:50.11 (311345418)|ENTERING_MANAGED_PKG|dlrs
14:49:50.11 (311361697)|ENTERING_MANAGED_PKG|dlrs
14:49:50.11 (311381594)|ENTERING_MANAGED_PKG|dlrs
14:49:50.11 (311397860)|ENTERING_MANAGED_PKG|dlrs
14:49:50.11 (311417524)|ENTERING_MANAGED_PKG|dlrs
14:49:50.11 (311433447)|ENTERING_MANAGED_PKG|dlrs
14:49:50.11 (311453358)|ENTERING_MANAGED_PKG|dlrs
14:49:50.11 (311469413)|ENTERING_MANAGED_PKG|dlrs
14:49:50.11 (311489661)|ENTERING_MANAGED_PKG|dlrs
14:49:50.11 (311505789)|ENTERING_MANAGED_PKG|dlrs
14:49:50.11 (311525843)|ENTERING_MANAGED_PKG|dlrs
14:49:50.11 (311542269)|ENTERING_MANAGED_PKG|dlrs
14:49:50.11 (311561556)|ENTERING_MANAGED_PKG|dlrs
14:49:50.11 (311581034)|ENTERING_MANAGED_PKG|dlrs
14:49:50.11 (311611497)|ENTERING_MANAGED_PKG|dlrs
14:49:50.11 (311637646)|ENTERING_MANAGED_PKG|dlrs
14:49:50.11 (311671596)|ENTERING_MANAGED_PKG|dlrs
14:49:50.11 (311766996)|ENTERING_MANAGED_PKG|dlrs
14:49:50.11 (311801495)|ENTERING_MANAGED_PKG|dlrs
14:49:50.11 (311824687)|ENTERING_MANAGED_PKG|dlrs
14:49:50.11 (311842476)|ENTERING_MANAGED_PKG|dlrs
14:49:50.11 (311865036)|ENTERING_MANAGED_PKG|dlrs
14:49:50.11 (311889978)|ENTERING_MANAGED_PKG|dlrs
14:49:50.11 (311908021)|ENTERING_MANAGED_PKG|dlrs
14:49:50.11 (311932044)|ENTERING_MANAGED_PKG|dlrs
14:49:50.11 (311953219)|ENTERING_MANAGED_PKG|dlrs
14:49:50.11 (311982505)|ENTERING_MANAGED_PKG|dlrs
14:49:50.11 (312002381)|ENTERING_MANAGED_PKG|dlrs
14:49:50.11 (312026801)|ENTERING_MANAGED_PKG|dlrs
14:49:50.11 (312043981)|ENTERING_MANAGED_PKG|dlrs
14:49:50.11 (312063460)|ENTERING_MANAGED_PKG|dlrs
14:49:50.11 (312079686)|ENTERING_MANAGED_PKG|dlrs
14:49:50.11 (312102491)|ENTERING_MANAGED_PKG|dlrs
14:49:50.11 (312120127)|ENTERING_MANAGED_PKG|dlrs
14:49:50.11 (312146496)|ENTERING_MANAGED_PKG|dlrs
14:49:50.11 (312163266)|ENTERING_MANAGED_PKG|dlrs
14:49:50.11 (312186945)|ENTERING_MANAGED_PKG|dlrs
14:49:50.11 (312208793)|ENTERING_MANAGED_PKG|dlrs
14:49:50.11 (312229958)|ENTERING_MANAGED_PKG|dlrs
14:49:50.11 (312246609)|ENTERING_MANAGED_PKG|dlrs
14:49:50.11 (312266825)|ENTERING_MANAGED_PKG|dlrs
14:49:50.11 (312283678)|ENTERING_MANAGED_PKG|dlrs
14:49:50.11 (312304578)|ENTERING_MANAGED_PKG|dlrs
14:49:50.11 (312320937)|ENTERING_MANAGED_PKG|dlrs
14:49:50.11 (312340956)|ENTERING_MANAGED_PKG|dlrs
14:49:50.11 (312357294)|ENTERING_MANAGED_PKG|dlrs
14:49:50.11 (312377377)|ENTERING_MANAGED_PKG|dlrs
14:49:50.11 (312393803)|ENTERING_MANAGED_PKG|dlrs
14:49:50.11 (312413704)|ENTERING_MANAGED_PKG|dlrs
14:49:50.11 (312430107)|ENTERING_MANAGED_PKG|dlrs
14:49:50.11 (312449999)|ENTERING_MANAGED_PKG|dlrs
14:49:50.11 (312466327)|ENTERING_MANAGED_PKG|dlrs
14:49:50.11 (312486256)|ENTERING_MANAGED_PKG|dlrs
14:49:50.11 (312502192)|ENTERING_MANAGED_PKG|dlrs
14:49:50.11 (312522400)|ENTERING_MANAGED_PKG|dlrs
14:49:50.11 (312538530)|ENTERING_MANAGED_PKG|dlrs
14:49:50.11 (312557638)|ENTERING_MANAGED_PKG|dlrs
14:49:50.11 (312573843)|ENTERING_MANAGED_PKG|dlrs
14:49:50.11 (312596954)|ENTERING_MANAGED_PKG|dlrs
14:49:50.11 (312618348)|ENTERING_MANAGED_PKG|dlrs
14:49:50.11 (312654792)|ENTERING_MANAGED_PKG|dlrs
14:49:50.11 (312748578)|ENTERING_MANAGED_PKG|dlrs
14:49:50.11 (312787487)|ENTERING_MANAGED_PKG|dlrs
14:49:50.11 (312810270)|ENTERING_MANAGED_PKG|dlrs
14:49:50.11 (312827229)|ENTERING_MANAGED_PKG|dlrs
14:49:50.11 (312846395)|ENTERING_MANAGED_PKG|dlrs
14:49:50.11 (312870700)|ENTERING_MANAGED_PKG|dlrs
14:49:50.11 (312891735)|ENTERING_MANAGED_PKG|dlrs
14:49:50.11 (312918452)|ENTERING_MANAGED_PKG|dlrs
14:49:50.11 (312936968)|ENTERING_MANAGED_PKG|dlrs
14:49:50.11 (312962297)|ENTERING_MANAGED_PKG|dlrs
14:49:50.11 (312987165)|ENTERING_MANAGED_PKG|dlrs
14:49:50.11 (313011492)|ENTERING_MANAGED_PKG|dlrs
14:49:50.11 (313030853)|ENTERING_MANAGED_PKG|dlrs
14:49:50.11 (313054773)|ENTERING_MANAGED_PKG|dlrs
14:49:50.11 (313077487)|ENTERING_MANAGED_PKG|dlrs
14:49:50.11 (313098223)|ENTERING_MANAGED_PKG|dlrs
14:49:50.11 (313114472)|ENTERING_MANAGED_PKG|dlrs
14:49:50.11 (313134292)|ENTERING_MANAGED_PKG|dlrs
14:49:50.11 (313150280)|ENTERING_MANAGED_PKG|dlrs
14:49:50.11 (313173540)|ENTERING_MANAGED_PKG|dlrs
14:49:50.11 (313195538)|ENTERING_MANAGED_PKG|dlrs
14:49:50.11 (313220660)|ENTERING_MANAGED_PKG|dlrs
14:49:50.11 (313241668)|ENTERING_MANAGED_PKG|dlrs
14:49:50.11 (313264303)|ENTERING_MANAGED_PKG|dlrs
14:49:50.11 (313281100)|ENTERING_MANAGED_PKG|dlrs
14:49:50.11 (313301691)|ENTERING_MANAGED_PKG|dlrs
14:49:50.11 (313318012)|ENTERING_MANAGED_PKG|dlrs
14:49:50.11 (313337712)|ENTERING_MANAGED_PKG|dlrs
14:49:50.11 (313353788)|ENTERING_MANAGED_PKG|dlrs
14:49:50.11 (313373770)|ENTERING_MANAGED_PKG|dlrs
14:49:50.11 (313390003)|ENTERING_MANAGED_PKG|dlrs
14:49:50.11 (313410033)|ENTERING_MANAGED_PKG|dlrs
14:49:50.11 (313426146)|ENTERING_MANAGED_PKG|dlrs
14:49:50.11 (313446063)|ENTERING_MANAGED_PKG|dlrs
14:49:50.11 (313462221)|ENTERING_MANAGED_PKG|dlrs
14:49:50.11 (313481994)|ENTERING_MANAGED_PKG|dlrs
14:49:50.11 (313498188)|ENTERING_MANAGED_PKG|dlrs
14:49:50.11 (313518152)|ENTERING_MANAGED_PKG|dlrs
14:49:50.11 (313534121)|ENTERING_MANAGED_PKG|dlrs
14:49:50.11 (313553168)|ENTERING_MANAGED_PKG|dlrs
14:49:50.11 (313569243)|ENTERING_MANAGED_PKG|dlrs
14:49:50.11 (313601443)|ENTERING_MANAGED_PKG|dlrs
14:49:50.11 (313629886)|ENTERING_MANAGED_PKG|dlrs
14:49:50.11 (313663716)|ENTERING_MANAGED_PKG|dlrs
14:49:50.11 (313756903)|ENTERING_MANAGED_PKG|dlrs
14:49:50.11 (313793404)|ENTERING_MANAGED_PKG|dlrs
14:49:50.11 (313815710)|ENTERING_MANAGED_PKG|dlrs
14:49:50.11 (313833547)|ENTERING_MANAGED_PKG|dlrs
14:49:50.11 (313855005)|ENTERING_MANAGED_PKG|dlrs
14:49:50.11 (313879876)|ENTERING_MANAGED_PKG|dlrs
14:49:50.11 (313898513)|ENTERING_MANAGED_PKG|dlrs
14:49:50.11 (313923296)|ENTERING_MANAGED_PKG|dlrs
14:49:50.11 (313944498)|ENTERING_MANAGED_PKG|dlrs
14:49:50.11 (313970536)|ENTERING_MANAGED_PKG|dlrs
14:49:50.11 (313991687)|ENTERING_MANAGED_PKG|dlrs
14:49:50.11 (314017932)|ENTERING_MANAGED_PKG|dlrs
14:49:50.11 (314035996)|ENTERING_MANAGED_PKG|dlrs
14:49:50.11 (314055409)|ENTERING_MANAGED_PKG|dlrs
14:49:50.11 (314071568)|ENTERING_MANAGED_PKG|dlrs
14:49:50.11 (314090694)|ENTERING_MANAGED_PKG|dlrs
14:49:50.11 (314106705)|ENTERING_MANAGED_PKG|dlrs
14:49:50.11 (314125866)|ENTERING_MANAGED_PKG|dlrs
14:49:50.11 (314142686)|ENTERING_MANAGED_PKG|dlrs
14:49:50.11 (314161987)|ENTERING_MANAGED_PKG|dlrs
14:49:50.11 (314178118)|ENTERING_MANAGED_PKG|dlrs
14:49:50.11 (314197814)|ENTERING_MANAGED_PKG|dlrs
14:49:50.11 (314214007)|ENTERING_MANAGED_PKG|dlrs
14:49:50.11 (314233098)|ENTERING_MANAGED_PKG|dlrs
14:49:50.11 (314249080)|ENTERING_MANAGED_PKG|dlrs
14:49:50.11 (314268923)|ENTERING_MANAGED_PKG|dlrs
14:49:50.11 (314285178)|ENTERING_MANAGED_PKG|dlrs
14:49:50.11 (314304892)|ENTERING_MANAGED_PKG|dlrs
14:49:50.11 (314321193)|ENTERING_MANAGED_PKG|dlrs
14:49:50.11 (314340710)|ENTERING_MANAGED_PKG|dlrs
14:49:50.11 (314356792)|ENTERING_MANAGED_PKG|dlrs
14:49:50.11 (314376070)|ENTERING_MANAGED_PKG|dlrs
14:49:50.11 (314392565)|ENTERING_MANAGED_PKG|dlrs
14:49:50.11 (314412208)|ENTERING_MANAGED_PKG|dlrs
14:49:50.11 (314428569)|ENTERING_MANAGED_PKG|dlrs
14:49:50.11 (314455280)|ENTERING_MANAGED_PKG|dlrs
14:49:50.11 (314474814)|ENTERING_MANAGED_PKG|dlrs
14:49:50.11 (314499501)|ENTERING_MANAGED_PKG|dlrs
14:49:50.11 (314522238)|ENTERING_MANAGED_PKG|dlrs
14:49:50.11 (314542738)|ENTERING_MANAGED_PKG|dlrs
14:49:50.11 (314562469)|ENTERING_MANAGED_PKG|dlrs
14:49:50.11 (314591591)|ENTERING_MANAGED_PKG|dlrs
14:49:50.11 (314616733)|ENTERING_MANAGED_PKG|dlrs
14:49:50.11 (314650561)|ENTERING_MANAGED_PKG|dlrs
14:49:50.11 (314913680)|ENTERING_MANAGED_PKG|dlrs
14:49:50.11 (314937111)|ENTERING_MANAGED_PKG|dlrs
14:49:50.11 (315072354)|ENTERING_MANAGED_PKG|dlrs
14:49:50.11 (315086858)|ENTERING_MANAGED_PKG|dlrs
14:49:50.11 (315112531)|ENTERING_MANAGED_PKG|dlrs
14:49:50.11 (315325783)|ENTERING_MANAGED_PKG|dlrs
14:49:50.11 (315335843)|ENTERING_MANAGED_PKG|dlrs
14:49:50.11 (315405098)|ENTERING_MANAGED_PKG|dlrs
14:49:50.11 (315415674)|ENTERING_MANAGED_PKG|dlrs
14:49:50.11 (315428869)|ENTERING_MANAGED_PKG|dlrs
14:49:50.11 (315539455)|ENTERING_MANAGED_PKG|dlrs
14:49:50.11 (315548851)|ENTERING_MANAGED_PKG|dlrs
14:49:50.11 (315614824)|ENTERING_MANAGED_PKG|dlrs
14:49:50.11 (315625150)|ENTERING_MANAGED_PKG|dlrs
14:49:50.11 (315633788)|ENTERING_MANAGED_PKG|dlrs
14:49:50.11 (315746911)|ENTERING_MANAGED_PKG|dlrs
14:49:50.11 (315760122)|ENTERING_MANAGED_PKG|dlrs
14:49:50.11 (315836249)|ENTERING_MANAGED_PKG|dlrs
14:49:50.11 (315847104)|ENTERING_MANAGED_PKG|dlrs
14:49:50.11 (315855607)|ENTERING_MANAGED_PKG|dlrs
14:49:50.11 (315984569)|ENTERING_MANAGED_PKG|dlrs
14:49:50.11 (315995094)|ENTERING_MANAGED_PKG|dlrs
14:49:50.11 (316069426)|ENTERING_MANAGED_PKG|dlrs
14:49:50.11 (316081097)|ENTERING_MANAGED_PKG|dlrs
14:49:50.11 (316093136)|ENTERING_MANAGED_PKG|dlrs
14:49:50.11 (316214263)|ENTERING_MANAGED_PKG|dlrs
14:49:50.11 (316227153)|ENTERING_MANAGED_PKG|dlrs
14:49:50.11 (316297619)|ENTERING_MANAGED_PKG|dlrs
14:49:50.11 (316308240)|ENTERING_MANAGED_PKG|dlrs
14:49:50.11 (316317158)|ENTERING_MANAGED_PKG|dlrs
14:49:50.11 (316440457)|ENTERING_MANAGED_PKG|dlrs
14:49:50.11 (316449868)|ENTERING_MANAGED_PKG|dlrs
14:49:50.11 (316515112)|ENTERING_MANAGED_PKG|dlrs
14:49:50.11 (316525523)|ENTERING_MANAGED_PKG|dlrs
14:49:50.11 (316534147)|ENTERING_MANAGED_PKG|dlrs
14:49:50.11 (316640107)|ENTERING_MANAGED_PKG|dlrs
14:49:50.11 (316649618)|ENTERING_MANAGED_PKG|dlrs
14:49:50.11 (316713785)|ENTERING_MANAGED_PKG|dlrs
14:49:50.11 (316724296)|ENTERING_MANAGED_PKG|dlrs
14:49:50.11 (316732972)|ENTERING_MANAGED_PKG|dlrs
14:49:50.11 (316845622)|ENTERING_MANAGED_PKG|dlrs
14:49:50.11 (316856687)|ENTERING_MANAGED_PKG|dlrs
14:49:50.11 (316930287)|ENTERING_MANAGED_PKG|dlrs
14:49:50.11 (316944986)|ENTERING_MANAGED_PKG|dlrs
14:49:50.11 (316954260)|ENTERING_MANAGED_PKG|dlrs
14:49:50.356 (356109438)|CUMULATIVE_LIMIT_USAGE
14:49:50.356 (356109438)|LIMIT_USAGE_FOR_NS|(default)|
  Number of SOQL queries: 0 out of 100
  Number of query rows: 0 out of 50000
  Number of SOSL queries: 0 out of 20
  Number of DML statements: 0 out of 150
  Number of DML rows: 0 out of 10000
  Maximum CPU time: 106 out of 10000
  Maximum heap size: 0 out of 6000000
  Number of callouts: 0 out of 100
  Number of Email Invocations: 0 out of 10
  Number of future calls: 0 out of 50
  Number of queueable jobs added to the queue: 0 out of 50
  Number of Mobile Apex push calls: 0 out of 10

14:49:50.356 (356109438)|LIMIT_USAGE_FOR_NS|dlrs|
  Number of SOQL queries: 0 out of 100
  Number of query rows: 10 out of 50000
  Number of SOSL queries: 0 out of 20
  Number of DML statements: 0 out of 150
  Number of DML rows: 0 out of 10000
  Maximum CPU time: 0 out of 10000
  Maximum heap size: 0 out of 6000000
  Number of callouts: 1 out of 100
  Number of Email Invocations: 0 out of 10
  Number of future calls: 0 out of 50
  Number of queueable jobs added to the queue: 0 out of 50
  Number of Mobile Apex push calls: 0 out of 10

14:49:50.356 (356109438)|CUMULATIVE_LIMIT_USAGE_END

