39.0 APEX_CODE,FINEST;APEX_PROFILING,FINEST;CALLOUT,INFO;DB,INFO;SYSTEM,DEBUG;VALIDATION,INFO;VISUALFORCE,INFO;WAVE,INFO;WORKFLOW,INFO
14:07:40.0 (523971)|USER_INFO|[EXTERNAL]|00528000006B07F|dev@systempartners.com.prod.pcphase2|Australian Eastern Standard Time|GMT+11:00
14:07:40.0 (552268)|EXECUTION_STARTED
14:07:40.0 (556785)|CODE_UNIT_STARTED|[EXTERNAL]|aura
14:07:40.0 (988337)|HEAP_ALLOCATE|[72]|Bytes:3
14:07:40.0 (1030770)|HEAP_ALLOCATE|[77]|Bytes:152
14:07:40.0 (1049250)|HEAP_ALLOCATE|[342]|Bytes:408
14:07:40.0 (1070484)|HEAP_ALLOCATE|[355]|Bytes:408
14:07:40.0 (1092144)|HEAP_ALLOCATE|[467]|Bytes:48
14:07:40.0 (1125246)|HEAP_ALLOCATE|[139]|Bytes:6
14:07:40.0 (1150874)|HEAP_ALLOCATE|[EXTERNAL]|Bytes:18
14:07:40.0 (1173699)|HEAP_ALLOCATE|[EXTERNAL]|Bytes:18
14:07:40.0 (2554727)|CODE_UNIT_STARTED|[EXTERNAL]|01pO0000000372v|KCRAController.getAllKCRARecords
14:07:40.0 (2731599)|HEAP_ALLOCATE|[EXTERNAL]|Bytes:5
14:07:40.0 (2737623)|HEAP_ALLOCATE|[EXTERNAL]|Bytes:14
14:07:40.0 (2747313)|METHOD_ENTRY|[11]|01pO0000000372v|KCRAController.KCRAController()
14:07:40.0 (2751050)|STATEMENT_EXECUTE|[11]
14:07:40.0 (2756604)|STATEMENT_EXECUTE|[11]
14:07:40.0 (2761707)|METHOD_EXIT|[11]|KCRAController
14:07:40.0 (2765597)|HEAP_ALLOCATE|[EXTERNAL]|Bytes:18
14:07:40.0 (2774823)|SYSTEM_MODE_ENTER|false
14:07:40.0 (2783952)|VARIABLE_SCOPE_BEGIN|[14]|opportunityId|String|false|false
14:07:40.0 (2802377)|VARIABLE_ASSIGNMENT|[14]|opportunityId|"006O0000008kRsJIAU"
14:07:40.0 (2809553)|STATEMENT_EXECUTE|[14]
14:07:40.0 (2811033)|STATEMENT_EXECUTE|[17]
14:07:40.0 (2814844)|HEAP_ALLOCATE|[17]|Bytes:204
14:07:40.0 (2826493)|HEAP_ALLOCATE|[17]|Bytes:4
14:07:40.0 (2838155)|HEAP_ALLOCATE|[17]|Bytes:7
14:07:40.0 (2881694)|HEAP_ALLOCATE|[50]|Bytes:5
14:07:40.0 (2904877)|HEAP_ALLOCATE|[56]|Bytes:5
14:07:40.0 (2913736)|HEAP_ALLOCATE|[64]|Bytes:7
14:07:40.0 (3457919)|SOQL_EXECUTE_BEGIN|[17]|Aggregations:0|SELECT Id, name, recordtypeId, applicable__c, approved__c, itemno__c, KCRA_Item__c, Opportunity__c FROM Key_Commercial_Risks_Approvals__c WHERE Opportunity__c = :tmpVar1 ORDER BY itemno__c ASC NULLS FIRST
14:07:40.0 (3469499)|LIMIT_USAGE|[17]|SOQL|1|100
14:07:40.0 (3478752)|LIMIT_USAGE|[17]|AGGS|0|300
14:07:40.0 (8829473)|SOQL_EXECUTE_END|[17]|Rows:12
14:07:40.0 (8840601)|LIMIT_USAGE|[17]|SOQL_ROWS|12|50000
14:07:40.0 (8861472)|HEAP_ALLOCATE|[17]|Bytes:52
14:07:40.0 (8924860)|HEAP_ALLOCATE|[17]|Bytes:3578
14:07:40.0 (8960542)|HEAP_ALLOCATE|[17]|Bytes:52
14:07:40.0 (8976274)|VARIABLE_SCOPE_BEGIN|[17]|allKCRAs|List<Key_Commercial_Risks_Approvals__c>|true|false
14:07:40.0 (9000009)|VARIABLE_ASSIGNMENT|[17]|allKCRAs|"List of size 12 too large to display"|0x3d19cbee
14:07:40.0 (9007062)|STATEMENT_EXECUTE|[27]
14:07:40.0 (9019937)|SYSTEM_MODE_EXIT|false
14:07:40.9 (9043960)|CUMULATIVE_LIMIT_USAGE
14:07:40.9 (9043960)|LIMIT_USAGE_FOR_NS|(default)|
  Number of SOQL queries: 1 out of 100
  Number of query rows: 12 out of 50000
  Number of SOSL queries: 0 out of 20
  Number of DML statements: 0 out of 150
  Number of DML rows: 0 out of 10000
  Maximum CPU time: 0 out of 10000
  Maximum heap size: 0 out of 6000000
  Number of callouts: 0 out of 100
  Number of Email Invocations: 0 out of 10
  Number of future calls: 0 out of 50
  Number of queueable jobs added to the queue: 0 out of 50
  Number of Mobile Apex push calls: 0 out of 10

14:07:40.9 (9043960)|TOTAL_EMAIL_RECIPIENTS_QUEUED|0
14:07:40.9 (9043960)|STATIC_VARIABLE_LIST|
  char[]:DigitTens:0
  long:serialVersionUID:0
  long:serialVersionUID:0
  double:MAX_VALUE:0
  Boolean:FALSE:0
  long:serialVersionUID:0
  String:_sfdcAdditionalCodeLocations:0
  double:MIN_VALUE:0
  int:SIZE:0
  double:NEGATIVE_INFINITY:0
  int:MAX_VALUE:0
  char[]:digits:0
  double:NaN:0
  Boolean:TRUE:0
  int:MIN_VALUE:0
  char[]:DigitOnes:0
  int:BYTES:0
  int:MIN_EXPONENT:0
  int[]:sizeTable:0
  int:MAX_EXPONENT:0
  String:_sfdcSuppressedCodeLocations:0
  int:SIZE:0
  double:POSITIVE_INFINITY:0
  double:MIN_NORMAL:0
  int:BYTES:0

14:07:40.9 (9043960)|CUMULATIVE_LIMIT_USAGE_END

14:07:40.0 (9208465)|CODE_UNIT_FINISHED|KCRAController.getAllKCRARecords
14:07:40.0 (9615913)|HEAP_ALLOCATE|[EXTERNAL]|Bytes:18
14:07:40.0 (9627799)|HEAP_ALLOCATE|[EXTERNAL]|Bytes:18
14:07:40.0 (11741324)|CODE_UNIT_STARTED|[EXTERNAL]|01pO00000003Dck|PRAController.getAllPRARecords
14:07:40.0 (11828370)|HEAP_ALLOCATE|[EXTERNAL]|Bytes:8
14:07:40.0 (11837592)|HEAP_ALLOCATE|[EXTERNAL]|Bytes:2
14:07:40.0 (11848146)|METHOD_ENTRY|[1]|01pO00000003Dck|PRAController.PRAController()
14:07:40.0 (11852129)|STATEMENT_EXECUTE|[1]
14:07:40.0 (11857442)|STATEMENT_EXECUTE|[1]
14:07:40.0 (11865483)|METHOD_EXIT|[1]|PRAController
14:07:40.0 (11872280)|HEAP_ALLOCATE|[EXTERNAL]|Bytes:18
14:07:40.0 (11883408)|SYSTEM_MODE_ENTER|false
14:07:40.0 (11893701)|VARIABLE_SCOPE_BEGIN|[15]|opportunityId|String|false|false
14:07:40.0 (11911424)|VARIABLE_ASSIGNMENT|[15]|opportunityId|"006O0000008kRsJIAU"
14:07:40.0 (11922539)|STATEMENT_EXECUTE|[15]
14:07:40.0 (11925433)|STATEMENT_EXECUTE|[18]
14:07:40.0 (11931112)|HEAP_ALLOCATE|[18]|Bytes:508
14:07:40.0 (11941007)|HEAP_ALLOCATE|[18]|Bytes:4
14:07:40.0 (12649174)|SOQL_EXECUTE_BEGIN|[18]|Aggregations:0|SELECT Id, name, Category__c, Is_Critical_Risk__c, ItemNo__c, Mitigation_Strategy__c, Rating__c, Risk_Item__c, description__c, Help_Text_0A__c, Help_Text_0B__c, Help_Text_0C__c, Help_Text_1A__c, Help_Text_1B__c, Help_Text_1C__c, Help_Text_2A__c, Help_Text_2B__c, Help_Text_2C__c, Help_Text_3A__c, Help_Text_3B__c, Help_Text_3C__c, Mitigation_Advice__c, Selected_Indicators__c, Selected_Indicators_With_Text__c FROM Project_Risk_Assessment__c WHERE Opportunity__c = :tmpVar1 ORDER BY ItemNo__c ASC NULLS FIRST
14:07:40.0 (12659235)|LIMIT_USAGE|[18]|SOQL|2|100
14:07:40.0 (12666041)|LIMIT_USAGE|[18]|AGGS|0|300
14:07:40.0 (32733000)|SOQL_EXECUTE_END|[18]|Rows:25
14:07:40.0 (32743430)|LIMIT_USAGE|[18]|SOQL_ROWS|37|50000
14:07:40.0 (32761282)|HEAP_ALLOCATE|[18]|Bytes:104
14:07:40.0 (32828398)|HEAP_ALLOCATE|[18]|Bytes:10109
14:07:40.0 (32864769)|HEAP_ALLOCATE|[18]|Bytes:104
14:07:40.0 (32879991)|VARIABLE_SCOPE_BEGIN|[18]|allPRAs|List<Project_Risk_Assessment__c>|true|false
14:07:40.0 (32901090)|VARIABLE_ASSIGNMENT|[18]|allPRAs|"List of size 25 too large to display"|0x62a24d25
14:07:40.0 (32905017)|STATEMENT_EXECUTE|[26]
14:07:40.0 (32914435)|SYSTEM_MODE_EXIT|false
14:07:40.32 (32932688)|CUMULATIVE_LIMIT_USAGE
14:07:40.32 (32932688)|LIMIT_USAGE_FOR_NS|(default)|
  Number of SOQL queries: 2 out of 100
  Number of query rows: 37 out of 50000
  Number of SOSL queries: 0 out of 20
  Number of DML statements: 0 out of 150
  Number of DML rows: 0 out of 10000
  Maximum CPU time: 0 out of 10000
  Maximum heap size: 0 out of 6000000
  Number of callouts: 0 out of 100
  Number of Email Invocations: 0 out of 10
  Number of future calls: 0 out of 50
  Number of queueable jobs added to the queue: 0 out of 50
  Number of Mobile Apex push calls: 0 out of 10

14:07:40.32 (32932688)|TOTAL_EMAIL_RECIPIENTS_QUEUED|0
14:07:40.32 (32932688)|STATIC_VARIABLE_LIST|
  char[]:DigitTens:0
  long:serialVersionUID:0
  long:serialVersionUID:0
  double:MAX_VALUE:0
  Boolean:FALSE:0
  long:serialVersionUID:0
  String:_sfdcAdditionalCodeLocations:0
  double:MIN_VALUE:0
  int:SIZE:0
  double:NEGATIVE_INFINITY:0
  int:MAX_VALUE:0
  char[]:digits:0
  double:NaN:0
  Boolean:TRUE:0
  int:MIN_VALUE:0
  String:_sfdcSuppressedCodeLocations:0
  char[]:DigitOnes:0
  int:BYTES:0
  int:MIN_EXPONENT:0
  int[]:sizeTable:0
  int:MAX_EXPONENT:0
  String:_sfdcSuppressedCodeLocations:0
  String:_sfdcAdditionalCodeLocations:0
  int:SIZE:0
  double:POSITIVE_INFINITY:0
  double:MIN_NORMAL:0
  int:BYTES:0

14:07:40.32 (32932688)|CUMULATIVE_LIMIT_USAGE_END

14:07:40.0 (33080382)|CODE_UNIT_FINISHED|PRAController.getAllPRARecords
14:07:40.95 (95395702)|CUMULATIVE_PROFILING_BEGIN
14:07:40.95 (95395702)|CUMULATIVE_PROFILING|SOQL operations|
Class.PRAController.getAllPRARecords: line 18, column 1: [SELECT Id,name,Category__c,Is_Critical_Risk__c,ItemNo__c,Mitigation_Strategy__c,Rating__c,Risk_Item__c,
                                                             		description__c,Help_Text_0A__c,Help_Text_0B__c,Help_Text_0C__c,Help_Text_1A__c,Help_Text_1B__c, 
                                                             		Help_Text_1C__c,Help_Text_2A__c,Help_Text_2B__c,Help_Text_2C__c,Help_Text_3A__c,Help_Text_3B__c,
                                                             		Help_Text_3C__c,Mitigation_Advice__c,Selected_Indicators__c,Selected_Indicators_With_Text__c
												   FROM Project_Risk_Assessment__c
                                                   WHERE Opportunity__c = :opportunityId
                                                   ORDER BY ItemNo__c]: executed 1 time in 21 ms
Class.KCRAController.getAllKCRARecords: line 17, column 1: [SELECT   Id,name,
                                                           			recordtypeId,
                                                           			applicable__c,
                                                           			approved__c,
                                                           			itemno__c,
                                                           			KCRA_Item__c,Opportunity__c 
                                 							FROM     Key_Commercial_Risks_Approvals__c 
                                 							WHERE    Opportunity__c = :opportunityId
                                                           	ORDER BY itemno__c]: executed 1 time in 6 ms

14:07:40.95 (95395702)|CUMULATIVE_PROFILING|No profiling information for SOSL operations
14:07:40.95 (95395702)|CUMULATIVE_PROFILING|No profiling information for DML operations
14:07:40.95 (95395702)|CUMULATIVE_PROFILING|method invocations|
External entry point: public static List<Project_Risk_Assessment__c> getAllPRARecords(String): executed 1 time in 21 ms
External entry point: public static List<Key_Commercial_Risks_Approvals__c> getAllKCRARecords(String): executed 1 time in 6 ms

14:07:40.95 (95395702)|CUMULATIVE_PROFILING_END
