39.0 APEX_CODE,FINEST;APEX_PROFILING,FINEST;CALLOUT,INFO;DB,INFO;SYSTEM,DEBUG;VALIDATION,INFO;VISUALFORCE,INFO;WAVE,INFO;WORKFLOW,INFO
14:44:53.0 (446981)|USER_INFO|[EXTERNAL]|00528000006B07F|dev@systempartners.com.prod.pcphase2|Australian Eastern Standard Time|GMT+11:00
14:44:53.0 (477646)|EXECUTION_STARTED
14:44:53.0 (482169)|CODE_UNIT_STARTED|[EXTERNAL]|aura
14:44:53.0 (1069864)|HEAP_ALLOCATE|[72]|Bytes:3
14:44:53.0 (1121734)|HEAP_ALLOCATE|[77]|Bytes:152
14:44:53.0 (1140368)|HEAP_ALLOCATE|[342]|Bytes:408
14:44:53.0 (1161024)|HEAP_ALLOCATE|[355]|Bytes:408
14:44:53.0 (1178850)|HEAP_ALLOCATE|[467]|Bytes:48
14:44:53.0 (1206252)|HEAP_ALLOCATE|[139]|Bytes:6
14:44:53.0 (1231077)|HEAP_ALLOCATE|[EXTERNAL]|Bytes:18
14:44:53.0 (1253714)|HEAP_ALLOCATE|[EXTERNAL]|Bytes:18
14:44:53.0 (2682285)|CODE_UNIT_STARTED|[EXTERNAL]|01pO0000000372v|KCRAController.getAllKCRARecords
14:44:53.0 (2849314)|HEAP_ALLOCATE|[EXTERNAL]|Bytes:5
14:44:53.0 (2855135)|HEAP_ALLOCATE|[EXTERNAL]|Bytes:14
14:44:53.0 (2864879)|METHOD_ENTRY|[11]|01pO0000000372v|KCRAController.KCRAController()
14:44:53.0 (2869035)|STATEMENT_EXECUTE|[11]
14:44:53.0 (2875257)|STATEMENT_EXECUTE|[11]
14:44:53.0 (2880678)|METHOD_EXIT|[11]|KCRAController
14:44:53.0 (2884191)|HEAP_ALLOCATE|[EXTERNAL]|Bytes:18
14:44:53.0 (2896683)|SYSTEM_MODE_ENTER|false
14:44:53.0 (2905566)|VARIABLE_SCOPE_BEGIN|[14]|opportunityId|String|false|false
14:44:53.0 (2927443)|VARIABLE_ASSIGNMENT|[14]|opportunityId|"006O0000008kRsJIAU"
14:44:53.0 (2936658)|STATEMENT_EXECUTE|[14]
14:44:53.0 (2938055)|STATEMENT_EXECUTE|[17]
14:44:53.0 (2941914)|HEAP_ALLOCATE|[17]|Bytes:204
14:44:53.0 (2953941)|HEAP_ALLOCATE|[17]|Bytes:4
14:44:53.0 (2968756)|HEAP_ALLOCATE|[17]|Bytes:7
14:44:53.0 (3018175)|HEAP_ALLOCATE|[50]|Bytes:5
14:44:53.0 (3044156)|HEAP_ALLOCATE|[56]|Bytes:5
14:44:53.0 (3052673)|HEAP_ALLOCATE|[64]|Bytes:7
14:44:53.0 (3572344)|SOQL_EXECUTE_BEGIN|[17]|Aggregations:0|SELECT Id, name, recordtypeId, applicable__c, approved__c, itemno__c, KCRA_Item__c, Opportunity__c FROM Key_Commercial_Risks_Approvals__c WHERE Opportunity__c = :tmpVar1 ORDER BY itemno__c ASC NULLS FIRST
14:44:53.0 (3583643)|LIMIT_USAGE|[17]|SOQL|1|100
14:44:53.0 (3593669)|LIMIT_USAGE|[17]|AGGS|0|300
14:44:53.0 (8831320)|SOQL_EXECUTE_END|[17]|Rows:12
14:44:53.0 (8839266)|LIMIT_USAGE|[17]|SOQL_ROWS|12|50000
14:44:53.0 (8855951)|HEAP_ALLOCATE|[17]|Bytes:52
14:44:53.0 (8908907)|HEAP_ALLOCATE|[17]|Bytes:3578
14:44:53.0 (8951982)|HEAP_ALLOCATE|[17]|Bytes:52
14:44:53.0 (8963504)|VARIABLE_SCOPE_BEGIN|[17]|allKCRAs|List<Key_Commercial_Risks_Approvals__c>|true|false
14:44:53.0 (8981784)|VARIABLE_ASSIGNMENT|[17]|allKCRAs|"List of size 12 too large to display"|0x70e5a745
14:44:53.0 (8986146)|STATEMENT_EXECUTE|[27]
14:44:53.0 (8995223)|SYSTEM_MODE_EXIT|false
14:44:53.9 (9021159)|CUMULATIVE_LIMIT_USAGE
14:44:53.9 (9021159)|LIMIT_USAGE_FOR_NS|(default)|
  Number of SOQL queries: 1 out of 100
  Number of query rows: 12 out of 50000
  Number of SOSL queries: 0 out of 20
  Number of DML statements: 0 out of 150
  Number of DML rows: 0 out of 10000
  Maximum CPU time: 0 out of 10000
  Maximum heap size: 0 out of 6000000
  Number of callouts: 0 out of 100
  Number of Email Invocations: 0 out of 10
  Number of future calls: 0 out of 50
  Number of queueable jobs added to the queue: 0 out of 50
  Number of Mobile Apex push calls: 0 out of 10

14:44:53.9 (9021159)|TOTAL_EMAIL_RECIPIENTS_QUEUED|0
14:44:53.9 (9021159)|STATIC_VARIABLE_LIST|
  char[]:DigitTens:0
  long:serialVersionUID:0
  long:serialVersionUID:0
  double:MAX_VALUE:0
  Boolean:FALSE:0
  long:serialVersionUID:0
  String:_sfdcAdditionalCodeLocations:0
  double:MIN_VALUE:0
  int:SIZE:0
  double:NEGATIVE_INFINITY:0
  int:MAX_VALUE:0
  char[]:digits:0
  double:NaN:0
  Boolean:TRUE:0
  int:MIN_VALUE:0
  char[]:DigitOnes:0
  int:BYTES:0
  int:MIN_EXPONENT:0
  int[]:sizeTable:0
  int:MAX_EXPONENT:0
  String:_sfdcSuppressedCodeLocations:0
  int:SIZE:0
  double:POSITIVE_INFINITY:0
  double:MIN_NORMAL:0
  int:BYTES:0

14:44:53.9 (9021159)|CUMULATIVE_LIMIT_USAGE_END

14:44:53.0 (9125687)|CODE_UNIT_FINISHED|KCRAController.getAllKCRARecords
14:44:53.0 (9432780)|HEAP_ALLOCATE|[EXTERNAL]|Bytes:18
14:44:53.0 (9445423)|HEAP_ALLOCATE|[EXTERNAL]|Bytes:18
14:44:53.0 (11555404)|CODE_UNIT_STARTED|[EXTERNAL]|01pO00000003Dck|PRAController.getAllPRARecords
14:44:53.0 (11655860)|HEAP_ALLOCATE|[EXTERNAL]|Bytes:11
14:44:53.0 (11664799)|HEAP_ALLOCATE|[EXTERNAL]|Bytes:11
14:44:53.0 (11677527)|METHOD_ENTRY|[1]|01pO00000003Dck|PRAController.PRAController()
14:44:53.0 (11681311)|STATEMENT_EXECUTE|[1]
14:44:53.0 (11687064)|STATEMENT_EXECUTE|[1]
14:44:53.0 (11695312)|METHOD_EXIT|[1]|PRAController
14:44:53.0 (11701015)|HEAP_ALLOCATE|[EXTERNAL]|Bytes:18
14:44:53.0 (11711285)|SYSTEM_MODE_ENTER|false
14:44:53.0 (11719385)|VARIABLE_SCOPE_BEGIN|[15]|opportunityId|String|false|false
14:44:53.0 (11728202)|VARIABLE_ASSIGNMENT|[15]|opportunityId|"006O0000008kRsJIAU"
14:44:53.0 (11738209)|STATEMENT_EXECUTE|[15]
14:44:53.0 (11740449)|STATEMENT_EXECUTE|[18]
14:44:53.0 (11746093)|HEAP_ALLOCATE|[18]|Bytes:508
14:44:53.0 (11758160)|HEAP_ALLOCATE|[18]|Bytes:4
14:44:53.0 (12863888)|SOQL_EXECUTE_BEGIN|[18]|Aggregations:0|SELECT Id, name, Category__c, Is_Critical_Risk__c, ItemNo__c, Mitigation_Strategy__c, Rating__c, Risk_Item__c, description__c, Help_Text_0A__c, Help_Text_0B__c, Help_Text_0C__c, Help_Text_1A__c, Help_Text_1B__c, Help_Text_1C__c, Help_Text_2A__c, Help_Text_2B__c, Help_Text_2C__c, Help_Text_3A__c, Help_Text_3B__c, Help_Text_3C__c, Mitigation_Advice__c, Selected_Indicators__c, Selected_Indicators_With_Text__c FROM Project_Risk_Assessment__c WHERE Opportunity__c = :tmpVar1 ORDER BY ItemNo__c ASC NULLS FIRST
14:44:53.0 (12877399)|LIMIT_USAGE|[18]|SOQL|2|100
14:44:53.0 (12887621)|LIMIT_USAGE|[18]|AGGS|0|300
14:44:53.0 (49398806)|SOQL_EXECUTE_END|[18]|Rows:25
14:44:53.0 (49414367)|LIMIT_USAGE|[18]|SOQL_ROWS|37|50000
14:44:53.0 (49440688)|HEAP_ALLOCATE|[18]|Bytes:104
14:44:53.0 (49509848)|HEAP_ALLOCATE|[18]|Bytes:10109
14:44:53.0 (49556954)|HEAP_ALLOCATE|[18]|Bytes:104
14:44:53.0 (49581689)|VARIABLE_SCOPE_BEGIN|[18]|allPRAs|List<Project_Risk_Assessment__c>|true|false
14:44:53.0 (49607344)|VARIABLE_ASSIGNMENT|[18]|allPRAs|"List of size 25 too large to display"|0x33c46cfd
14:44:53.0 (49613500)|STATEMENT_EXECUTE|[26]
14:44:53.0 (49628464)|SYSTEM_MODE_EXIT|false
14:44:53.49 (49660794)|CUMULATIVE_LIMIT_USAGE
14:44:53.49 (49660794)|LIMIT_USAGE_FOR_NS|(default)|
  Number of SOQL queries: 2 out of 100
  Number of query rows: 37 out of 50000
  Number of SOSL queries: 0 out of 20
  Number of DML statements: 0 out of 150
  Number of DML rows: 0 out of 10000
  Maximum CPU time: 0 out of 10000
  Maximum heap size: 0 out of 6000000
  Number of callouts: 0 out of 100
  Number of Email Invocations: 0 out of 10
  Number of future calls: 0 out of 50
  Number of queueable jobs added to the queue: 0 out of 50
  Number of Mobile Apex push calls: 0 out of 10

14:44:53.49 (49660794)|TOTAL_EMAIL_RECIPIENTS_QUEUED|0
14:44:53.49 (49660794)|STATIC_VARIABLE_LIST|
  char[]:DigitTens:0
  long:serialVersionUID:0
  long:serialVersionUID:0
  double:MAX_VALUE:0
  Boolean:FALSE:0
  long:serialVersionUID:0
  String:_sfdcAdditionalCodeLocations:0
  double:MIN_VALUE:0
  int:SIZE:0
  double:NEGATIVE_INFINITY:0
  int:MAX_VALUE:0
  char[]:digits:0
  double:NaN:0
  Boolean:TRUE:0
  int:MIN_VALUE:0
  String:_sfdcSuppressedCodeLocations:0
  char[]:DigitOnes:0
  int:BYTES:0
  int:MIN_EXPONENT:0
  int[]:sizeTable:0
  int:MAX_EXPONENT:0
  String:_sfdcSuppressedCodeLocations:0
  String:_sfdcAdditionalCodeLocations:0
  int:SIZE:0
  double:POSITIVE_INFINITY:0
  double:MIN_NORMAL:0
  int:BYTES:0

14:44:53.49 (49660794)|CUMULATIVE_LIMIT_USAGE_END

14:44:53.0 (49766240)|CODE_UNIT_FINISHED|PRAController.getAllPRARecords
14:44:53.150 (150923759)|CUMULATIVE_PROFILING_BEGIN
14:44:53.150 (150923759)|CUMULATIVE_PROFILING|SOQL operations|
Class.PRAController.getAllPRARecords: line 18, column 1: [SELECT Id,name,Category__c,Is_Critical_Risk__c,ItemNo__c,Mitigation_Strategy__c,Rating__c,Risk_Item__c,
                                                             		description__c,Help_Text_0A__c,Help_Text_0B__c,Help_Text_0C__c,Help_Text_1A__c,Help_Text_1B__c, 
                                                             		Help_Text_1C__c,Help_Text_2A__c,Help_Text_2B__c,Help_Text_2C__c,Help_Text_3A__c,Help_Text_3B__c,
                                                             		Help_Text_3C__c,Mitigation_Advice__c,Selected_Indicators__c,Selected_Indicators_With_Text__c
												   FROM Project_Risk_Assessment__c
                                                   WHERE Opportunity__c = :opportunityId
                                                   ORDER BY ItemNo__c]: executed 1 time in 38 ms
Class.KCRAController.getAllKCRARecords: line 17, column 1: [SELECT   Id,name,
                                                           			recordtypeId,
                                                           			applicable__c,
                                                           			approved__c,
                                                           			itemno__c,
                                                           			KCRA_Item__c,Opportunity__c 
                                 							FROM     Key_Commercial_Risks_Approvals__c 
                                 							WHERE    Opportunity__c = :opportunityId
                                                           	ORDER BY itemno__c]: executed 1 time in 6 ms

14:44:53.150 (150923759)|CUMULATIVE_PROFILING|No profiling information for SOSL operations
14:44:53.150 (150923759)|CUMULATIVE_PROFILING|No profiling information for DML operations
14:44:53.150 (150923759)|CUMULATIVE_PROFILING|method invocations|
External entry point: public static List<Project_Risk_Assessment__c> getAllPRARecords(String): executed 1 time in 38 ms
External entry point: public static List<Key_Commercial_Risks_Approvals__c> getAllKCRARecords(String): executed 1 time in 6 ms

14:44:53.150 (150923759)|CUMULATIVE_PROFILING_END
