39.0 APEX_CODE,FINEST;APEX_PROFILING,FINEST;CALLOUT,NONE;DB,FINEST;SYSTEM,FINE;VALIDATION,INFO;VISUALFORCE,INFO;WAVE,INFO;WORKFLOW,FINER
16:51:39.0 (326217)|USER_INFO|[EXTERNAL]|005O0000003t7an|ricky.lowe@jhg.com.au.pcphase2|Australian Eastern Standard Time|GMT+10:00
16:51:39.0 (356216)|EXECUTION_STARTED
16:51:39.0 (360202)|CODE_UNIT_STARTED|[EXTERNAL]|aura
16:51:39.0 (658247)|HEAP_ALLOCATE|[72]|Bytes:3
16:51:39.0 (690620)|HEAP_ALLOCATE|[77]|Bytes:152
16:51:39.0 (712374)|HEAP_ALLOCATE|[342]|Bytes:408
16:51:39.0 (736599)|HEAP_ALLOCATE|[355]|Bytes:408
16:51:39.0 (757042)|HEAP_ALLOCATE|[467]|Bytes:48
16:51:39.0 (791038)|HEAP_ALLOCATE|[139]|Bytes:6
16:51:39.0 (813105)|HEAP_ALLOCATE|[EXTERNAL]|Bytes:18
16:51:39.0 (852299)|HEAP_ALLOCATE|[EXTERNAL]|Bytes:18
16:51:39.0 (2639672)|CODE_UNIT_STARTED|[EXTERNAL]|01pO0000000372v|KCRAController.getAllKCRARecords
16:51:39.0 (2784196)|HEAP_ALLOCATE|[EXTERNAL]|Bytes:5
16:51:39.0 (2790241)|HEAP_ALLOCATE|[EXTERNAL]|Bytes:14
16:51:39.0 (2800352)|METHOD_ENTRY|[11]|01pO0000000372v|KCRAController.KCRAController()
16:51:39.0 (2804390)|STATEMENT_EXECUTE|[11]
16:51:39.0 (2809870)|STATEMENT_EXECUTE|[11]
16:51:39.0 (2815270)|METHOD_EXIT|[11]|KCRAController
16:51:39.0 (2819464)|HEAP_ALLOCATE|[EXTERNAL]|Bytes:18
16:51:39.0 (2826403)|SYSTEM_MODE_ENTER|false
16:51:39.0 (2835808)|VARIABLE_SCOPE_BEGIN|[14]|opportunityId|String|false|false
16:51:39.0 (2857022)|VARIABLE_ASSIGNMENT|[14]|opportunityId|"006O0000008lQ1SIAU"
16:51:39.0 (2864296)|STATEMENT_EXECUTE|[14]
16:51:39.0 (2865630)|STATEMENT_EXECUTE|[17]
16:51:39.0 (2868889)|HEAP_ALLOCATE|[17]|Bytes:204
16:51:39.0 (2878432)|HEAP_ALLOCATE|[17]|Bytes:4
16:51:39.0 (2889160)|HEAP_ALLOCATE|[17]|Bytes:7
16:51:39.0 (2929112)|HEAP_ALLOCATE|[50]|Bytes:5
16:51:39.0 (2948116)|HEAP_ALLOCATE|[56]|Bytes:5
16:51:39.0 (2956612)|HEAP_ALLOCATE|[64]|Bytes:7
16:51:39.0 (3382151)|SOQL_EXECUTE_BEGIN|[17]|Aggregations:0|SELECT Id, name, recordtypeId, applicable__c, approved__c, itemno__c, KCRA_Item__c, Opportunity__c FROM Key_Commercial_Risks_Approvals__c WHERE Opportunity__c = :tmpVar1 ORDER BY itemno__c ASC NULLS FIRST
16:51:39.0 (3391920)|LIMIT_USAGE|[17]|SOQL|1|100
16:51:39.0 (3527403)|LIMIT_USAGE|[17]|AGGS|0|300
16:51:39.0 (9469248)|SOQL_EXECUTE_END|[17]|Rows:25
16:51:39.0 (9482239)|LIMIT_USAGE|[17]|SOQL_ROWS|25|50000
16:51:39.0 (9505507)|HEAP_ALLOCATE|[17]|Bytes:104
16:51:39.0 (9594337)|HEAP_ALLOCATE|[17]|Bytes:7121
16:51:39.0 (9644929)|HEAP_ALLOCATE|[17]|Bytes:104
16:51:39.0 (9663524)|VARIABLE_SCOPE_BEGIN|[17]|allKCRAs|List<Key_Commercial_Risks_Approvals__c>|true|false
16:51:39.0 (9685943)|VARIABLE_ASSIGNMENT|[17]|allKCRAs|"List of size 25 too large to display"|0x523f163c
16:51:39.0 (9690398)|STATEMENT_EXECUTE|[27]
16:51:39.0 (9700735)|SYSTEM_MODE_EXIT|false
16:51:39.9 (9727257)|CUMULATIVE_LIMIT_USAGE
16:51:39.9 (9727257)|LIMIT_USAGE_FOR_NS|(default)|
  Number of SOQL queries: 1 out of 100
  Number of query rows: 25 out of 50000
  Number of SOSL queries: 0 out of 20
  Number of DML statements: 0 out of 150
  Number of DML rows: 0 out of 10000
  Maximum CPU time: 0 out of 10000
  Maximum heap size: 0 out of 6000000
  Number of callouts: 0 out of 100
  Number of Email Invocations: 0 out of 10
  Number of future calls: 0 out of 50
  Number of queueable jobs added to the queue: 0 out of 50
  Number of Mobile Apex push calls: 0 out of 10

16:51:39.9 (9727257)|TOTAL_EMAIL_RECIPIENTS_QUEUED|0
16:51:39.9 (9727257)|STATIC_VARIABLE_LIST|
  char[]:DigitTens:0
  long:serialVersionUID:0
  long:serialVersionUID:0
  double:MAX_VALUE:0
  Boolean:FALSE:0
  long:serialVersionUID:0
  String:_sfdcAdditionalCodeLocations:0
  double:MIN_VALUE:0
  int:SIZE:0
  double:NEGATIVE_INFINITY:0
  int:MAX_VALUE:0
  char[]:digits:0
  double:NaN:0
  Boolean:TRUE:0
  int:MIN_VALUE:0
  char[]:DigitOnes:0
  int:BYTES:0
  int:MIN_EXPONENT:0
  int[]:sizeTable:0
  int:MAX_EXPONENT:0
  String:_sfdcSuppressedCodeLocations:0
  int:SIZE:0
  double:POSITIVE_INFINITY:0
  double:MIN_NORMAL:0
  int:BYTES:0

16:51:39.9 (9727257)|CUMULATIVE_LIMIT_USAGE_END

16:51:39.0 (9868347)|CODE_UNIT_FINISHED|KCRAController.getAllKCRARecords
16:51:39.0 (10346575)|HEAP_ALLOCATE|[EXTERNAL]|Bytes:18
16:51:39.0 (10362528)|HEAP_ALLOCATE|[EXTERNAL]|Bytes:18
16:51:39.0 (12498192)|CODE_UNIT_STARTED|[EXTERNAL]|01pO00000003Dck|PRAController.getAllPRARecords
16:51:39.0 (12591177)|HEAP_ALLOCATE|[EXTERNAL]|Bytes:11
16:51:39.0 (12598245)|HEAP_ALLOCATE|[EXTERNAL]|Bytes:11
16:51:39.0 (12609861)|METHOD_ENTRY|[1]|01pO00000003Dck|PRAController.PRAController()
16:51:39.0 (12612530)|STATEMENT_EXECUTE|[1]
16:51:39.0 (12617111)|STATEMENT_EXECUTE|[1]
16:51:39.0 (12623790)|METHOD_EXIT|[1]|PRAController
16:51:39.0 (12628313)|HEAP_ALLOCATE|[EXTERNAL]|Bytes:18
16:51:39.0 (12634433)|SYSTEM_MODE_ENTER|false
16:51:39.0 (12642098)|VARIABLE_SCOPE_BEGIN|[15]|opportunityId|String|false|false
16:51:39.0 (12649528)|VARIABLE_ASSIGNMENT|[15]|opportunityId|"006O0000008lQ1SIAU"
16:51:39.0 (12656818)|STATEMENT_EXECUTE|[15]
16:51:39.0 (12658302)|STATEMENT_EXECUTE|[18]
16:51:39.0 (12661835)|HEAP_ALLOCATE|[18]|Bytes:508
16:51:39.0 (12672193)|HEAP_ALLOCATE|[18]|Bytes:4
16:51:39.0 (13347983)|SOQL_EXECUTE_BEGIN|[18]|Aggregations:0|SELECT Id, name, Category__c, Is_Critical_Risk__c, ItemNo__c, Mitigation_Strategy__c, Rating__c, Risk_Item__c, description__c, Help_Text_0A__c, Help_Text_0B__c, Help_Text_0C__c, Help_Text_1A__c, Help_Text_1B__c, Help_Text_1C__c, Help_Text_2A__c, Help_Text_2B__c, Help_Text_2C__c, Help_Text_3A__c, Help_Text_3B__c, Help_Text_3C__c, Mitigation_Advice__c, Selected_Indicators__c, Selected_Indicators_With_Text__c FROM Project_Risk_Assessment__c WHERE Opportunity__c = :tmpVar1 ORDER BY ItemNo__c ASC NULLS FIRST
16:51:39.0 (13358830)|LIMIT_USAGE|[18]|SOQL|2|100
16:51:39.0 (13367059)|LIMIT_USAGE|[18]|AGGS|0|300
16:51:39.0 (39660849)|SOQL_EXECUTE_END|[18]|Rows:25
16:51:39.0 (39675254)|LIMIT_USAGE|[18]|SOQL_ROWS|50|50000
16:51:39.0 (39703293)|HEAP_ALLOCATE|[18]|Bytes:104
16:51:39.0 (39766613)|HEAP_ALLOCATE|[18]|Bytes:8886
16:51:39.0 (39816686)|HEAP_ALLOCATE|[18]|Bytes:104
16:51:39.0 (39834117)|VARIABLE_SCOPE_BEGIN|[18]|allPRAs|List<Project_Risk_Assessment__c>|true|false
16:51:39.0 (39858494)|VARIABLE_ASSIGNMENT|[18]|allPRAs|"List of size 25 too large to display"|0x4175b09d
16:51:39.0 (39863002)|STATEMENT_EXECUTE|[26]
16:51:39.0 (39872650)|SYSTEM_MODE_EXIT|false
16:51:39.39 (39893216)|CUMULATIVE_LIMIT_USAGE
16:51:39.39 (39893216)|LIMIT_USAGE_FOR_NS|(default)|
  Number of SOQL queries: 2 out of 100
  Number of query rows: 50 out of 50000
  Number of SOSL queries: 0 out of 20
  Number of DML statements: 0 out of 150
  Number of DML rows: 0 out of 10000
  Maximum CPU time: 0 out of 10000
  Maximum heap size: 0 out of 6000000
  Number of callouts: 0 out of 100
  Number of Email Invocations: 0 out of 10
  Number of future calls: 0 out of 50
  Number of queueable jobs added to the queue: 0 out of 50
  Number of Mobile Apex push calls: 0 out of 10

16:51:39.39 (39893216)|TOTAL_EMAIL_RECIPIENTS_QUEUED|0
16:51:39.39 (39893216)|STATIC_VARIABLE_LIST|
  char[]:DigitTens:0
  long:serialVersionUID:0
  long:serialVersionUID:0
  double:MAX_VALUE:0
  Boolean:FALSE:0
  long:serialVersionUID:0
  String:_sfdcAdditionalCodeLocations:0
  double:MIN_VALUE:0
  int:SIZE:0
  double:NEGATIVE_INFINITY:0
  int:MAX_VALUE:0
  char[]:digits:0
  double:NaN:0
  Boolean:TRUE:0
  int:MIN_VALUE:0
  String:_sfdcSuppressedCodeLocations:0
  char[]:DigitOnes:0
  int:BYTES:0
  int:MIN_EXPONENT:0
  int[]:sizeTable:0
  int:MAX_EXPONENT:0
  String:_sfdcSuppressedCodeLocations:0
  String:_sfdcAdditionalCodeLocations:0
  int:SIZE:0
  double:POSITIVE_INFINITY:0
  double:MIN_NORMAL:0
  int:BYTES:0

16:51:39.39 (39893216)|CUMULATIVE_LIMIT_USAGE_END

16:51:39.0 (40010656)|CODE_UNIT_FINISHED|PRAController.getAllPRARecords
16:51:39.237 (237897945)|CUMULATIVE_PROFILING_BEGIN
16:51:39.237 (237897945)|CUMULATIVE_PROFILING|SOQL operations|
Class.PRAController.getAllPRARecords: line 18, column 1: [SELECT Id,name,Category__c,Is_Critical_Risk__c,ItemNo__c,Mitigation_Strategy__c,Rating__c,Risk_Item__c,
                                                             		description__c,Help_Text_0A__c,Help_Text_0B__c,Help_Text_0C__c,Help_Text_1A__c,Help_Text_1B__c, 
                                                             		Help_Text_1C__c,Help_Text_2A__c,Help_Text_2B__c,Help_Text_2C__c,Help_Text_3A__c,Help_Text_3B__c,
                                                             		Help_Text_3C__c,Mitigation_Advice__c,Selected_Indicators__c,Selected_Indicators_With_Text__c
												   FROM Project_Risk_Assessment__c
                                                   WHERE Opportunity__c = :opportunityId
                                                   ORDER BY ItemNo__c]: executed 1 time in 27 ms
Class.KCRAController.getAllKCRARecords: line 17, column 1: [SELECT   Id,name,
                                                           			recordtypeId,
                                                           			applicable__c,
                                                           			approved__c,
                                                           			itemno__c,
                                                           			KCRA_Item__c,Opportunity__c 
                                 							FROM     Key_Commercial_Risks_Approvals__c 
                                 							WHERE    Opportunity__c = :opportunityId
                                                           	ORDER BY itemno__c]: executed 1 time in 7 ms

16:51:39.237 (237897945)|CUMULATIVE_PROFILING|No profiling information for SOSL operations
16:51:39.237 (237897945)|CUMULATIVE_PROFILING|No profiling information for DML operations
16:51:39.237 (237897945)|CUMULATIVE_PROFILING|method invocations|
External entry point: public static List<Project_Risk_Assessment__c> getAllPRARecords(String): executed 1 time in 27 ms
External entry point: public static List<Key_Commercial_Risks_Approvals__c> getAllKCRARecords(String): executed 1 time in 7 ms

16:51:39.237 (237897945)|CUMULATIVE_PROFILING_END
