39.0 APEX_CODE,FINEST;APEX_PROFILING,FINEST;CALLOUT,NONE;DB,FINEST;SYSTEM,FINE;VALIDATION,INFO;VISUALFORCE,INFO;WAVE,INFO;WORKFLOW,FINER
10:38:13.0 (325929)|USER_INFO|[EXTERNAL]|00528000006B07F|dev@systempartners.com.prod.pcphase2|Australian Eastern Standard Time|GMT+11:00
10:38:13.0 (360647)|EXECUTION_STARTED
10:38:13.0 (365472)|CODE_UNIT_STARTED|[EXTERNAL]|aura
10:38:13.0 (930202)|HEAP_ALLOCATE|[72]|Bytes:3
10:38:13.0 (992589)|HEAP_ALLOCATE|[77]|Bytes:152
10:38:13.0 (1022674)|HEAP_ALLOCATE|[342]|Bytes:408
10:38:13.0 (1059627)|HEAP_ALLOCATE|[355]|Bytes:408
10:38:13.0 (1080608)|HEAP_ALLOCATE|[467]|Bytes:48
10:38:13.0 (1111808)|HEAP_ALLOCATE|[139]|Bytes:6
10:38:13.0 (1137930)|HEAP_ALLOCATE|[EXTERNAL]|Bytes:18
10:38:13.0 (1145987)|HEAP_ALLOCATE|[EXTERNAL]|Bytes:18
10:38:13.0 (2308961)|CODE_UNIT_STARTED|[EXTERNAL]|01pO0000000372v|KCRAController.getAllKCRARecords
10:38:13.0 (2415103)|HEAP_ALLOCATE|[EXTERNAL]|Bytes:5
10:38:13.0 (2420314)|HEAP_ALLOCATE|[EXTERNAL]|Bytes:14
10:38:13.0 (2430477)|METHOD_ENTRY|[11]|01pO0000000372v|KCRAController.KCRAController()
10:38:13.0 (2433958)|STATEMENT_EXECUTE|[11]
10:38:13.0 (2438929)|STATEMENT_EXECUTE|[11]
10:38:13.0 (2444074)|METHOD_EXIT|[11]|KCRAController
10:38:13.0 (2447804)|HEAP_ALLOCATE|[EXTERNAL]|Bytes:18
10:38:13.0 (2457641)|SYSTEM_MODE_ENTER|false
10:38:13.0 (2466387)|VARIABLE_SCOPE_BEGIN|[14]|opportunityId|String|false|false
10:38:13.0 (2488754)|VARIABLE_ASSIGNMENT|[14]|opportunityId|"006O0000008kRsJIAU"
10:38:13.0 (2497830)|STATEMENT_EXECUTE|[14]
10:38:13.0 (2499368)|STATEMENT_EXECUTE|[17]
10:38:13.0 (2502507)|HEAP_ALLOCATE|[17]|Bytes:204
10:38:13.0 (2516831)|HEAP_ALLOCATE|[17]|Bytes:4
10:38:13.0 (2529679)|HEAP_ALLOCATE|[17]|Bytes:7
10:38:13.0 (2583402)|HEAP_ALLOCATE|[50]|Bytes:5
10:38:13.0 (2607421)|HEAP_ALLOCATE|[56]|Bytes:5
10:38:13.0 (2615638)|HEAP_ALLOCATE|[64]|Bytes:7
10:38:13.0 (3127680)|SOQL_EXECUTE_BEGIN|[17]|Aggregations:0|SELECT Id, name, recordtypeId, applicable__c, approved__c, itemno__c, KCRA_Item__c, Opportunity__c FROM Key_Commercial_Risks_Approvals__c WHERE Opportunity__c = :tmpVar1 ORDER BY itemno__c ASC NULLS FIRST
10:38:13.0 (3140098)|LIMIT_USAGE|[17]|SOQL|1|100
10:38:13.0 (3151518)|LIMIT_USAGE|[17]|AGGS|0|300
10:38:13.0 (8259034)|SOQL_EXECUTE_END|[17]|Rows:12
10:38:13.0 (8266304)|LIMIT_USAGE|[17]|SOQL_ROWS|12|50000
10:38:13.0 (8284102)|HEAP_ALLOCATE|[17]|Bytes:52
10:38:13.0 (8353323)|HEAP_ALLOCATE|[17]|Bytes:3578
10:38:13.0 (8465312)|HEAP_ALLOCATE|[17]|Bytes:52
10:38:13.0 (8480986)|VARIABLE_SCOPE_BEGIN|[17]|allKCRAs|List<Key_Commercial_Risks_Approvals__c>|true|false
10:38:13.0 (8498876)|VARIABLE_ASSIGNMENT|[17]|allKCRAs|"List of size 12 too large to display"|0x64d28967
10:38:13.0 (8501995)|STATEMENT_EXECUTE|[27]
10:38:13.0 (8510982)|SYSTEM_MODE_EXIT|false
10:38:13.8 (8534022)|CUMULATIVE_LIMIT_USAGE
10:38:13.8 (8534022)|LIMIT_USAGE_FOR_NS|(default)|
  Number of SOQL queries: 1 out of 100
  Number of query rows: 12 out of 50000
  Number of SOSL queries: 0 out of 20
  Number of DML statements: 0 out of 150
  Number of DML rows: 0 out of 10000
  Maximum CPU time: 0 out of 10000
  Maximum heap size: 0 out of 6000000
  Number of callouts: 0 out of 100
  Number of Email Invocations: 0 out of 10
  Number of future calls: 0 out of 50
  Number of queueable jobs added to the queue: 0 out of 50
  Number of Mobile Apex push calls: 0 out of 10

10:38:13.8 (8534022)|TOTAL_EMAIL_RECIPIENTS_QUEUED|0
10:38:13.8 (8534022)|STATIC_VARIABLE_LIST|
  char[]:DigitTens:0
  long:serialVersionUID:0
  long:serialVersionUID:0
  double:MAX_VALUE:0
  Boolean:FALSE:0
  long:serialVersionUID:0
  String:_sfdcAdditionalCodeLocations:0
  double:MIN_VALUE:0
  int:SIZE:0
  double:NEGATIVE_INFINITY:0
  int:MAX_VALUE:0
  char[]:digits:0
  double:NaN:0
  Boolean:TRUE:0
  int:MIN_VALUE:0
  char[]:DigitOnes:0
  int:BYTES:0
  int:MIN_EXPONENT:0
  int[]:sizeTable:0
  int:MAX_EXPONENT:0
  String:_sfdcSuppressedCodeLocations:0
  int:SIZE:0
  double:POSITIVE_INFINITY:0
  double:MIN_NORMAL:0
  int:BYTES:0

10:38:13.8 (8534022)|CUMULATIVE_LIMIT_USAGE_END

10:38:13.0 (8654318)|CODE_UNIT_FINISHED|KCRAController.getAllKCRARecords
10:38:13.0 (8964696)|HEAP_ALLOCATE|[EXTERNAL]|Bytes:18
10:38:13.0 (8971648)|HEAP_ALLOCATE|[EXTERNAL]|Bytes:18
10:38:13.0 (11510775)|CODE_UNIT_STARTED|[EXTERNAL]|01pO00000003Dck|PRAController.getAllPRARecords
10:38:13.0 (11553879)|HEAP_ALLOCATE|[EXTERNAL]|Bytes:11
10:38:13.0 (11563608)|HEAP_ALLOCATE|[EXTERNAL]|Bytes:11
10:38:13.0 (11571047)|METHOD_ENTRY|[1]|01pO00000003Dck|PRAController.PRAController()
10:38:13.0 (11573564)|STATEMENT_EXECUTE|[1]
10:38:13.0 (11576761)|STATEMENT_EXECUTE|[1]
10:38:13.0 (11580975)|METHOD_EXIT|[1]|PRAController
10:38:13.0 (11584531)|HEAP_ALLOCATE|[EXTERNAL]|Bytes:18
10:38:13.0 (11591445)|SYSTEM_MODE_ENTER|false
10:38:13.0 (11596290)|VARIABLE_SCOPE_BEGIN|[15]|opportunityId|String|false|false
10:38:13.0 (11603267)|VARIABLE_ASSIGNMENT|[15]|opportunityId|"006O0000008kRsJIAU"
10:38:13.0 (11609016)|STATEMENT_EXECUTE|[15]
10:38:13.0 (11610391)|STATEMENT_EXECUTE|[18]
10:38:13.0 (11613311)|HEAP_ALLOCATE|[18]|Bytes:508
10:38:13.0 (11620682)|HEAP_ALLOCATE|[18]|Bytes:4
10:38:13.0 (12444858)|SOQL_EXECUTE_BEGIN|[18]|Aggregations:0|SELECT Id, name, Category__c, Is_Critical_Risk__c, ItemNo__c, Mitigation_Strategy__c, Rating__c, Risk_Item__c, description__c, Help_Text_0A__c, Help_Text_0B__c, Help_Text_0C__c, Help_Text_1A__c, Help_Text_1B__c, Help_Text_1C__c, Help_Text_2A__c, Help_Text_2B__c, Help_Text_2C__c, Help_Text_3A__c, Help_Text_3B__c, Help_Text_3C__c, Mitigation_Advice__c, Selected_Indicators__c, Selected_Indicators_With_Text__c FROM Project_Risk_Assessment__c WHERE Opportunity__c = :tmpVar1 ORDER BY ItemNo__c ASC NULLS FIRST
10:38:13.0 (12453420)|LIMIT_USAGE|[18]|SOQL|2|100
10:38:13.0 (12460830)|LIMIT_USAGE|[18]|AGGS|0|300
10:38:13.0 (30151174)|SOQL_EXECUTE_END|[18]|Rows:25
10:38:13.0 (30167207)|LIMIT_USAGE|[18]|SOQL_ROWS|37|50000
10:38:13.0 (30198694)|HEAP_ALLOCATE|[18]|Bytes:104
10:38:13.0 (30290529)|HEAP_ALLOCATE|[18]|Bytes:10753
10:38:13.0 (30408593)|HEAP_ALLOCATE|[18]|Bytes:104
10:38:13.0 (30442384)|VARIABLE_SCOPE_BEGIN|[18]|allPRAs|List<Project_Risk_Assessment__c>|true|false
10:38:13.0 (30476549)|VARIABLE_ASSIGNMENT|[18]|allPRAs|"List of size 25 too large to display"|0x7d237702
10:38:13.0 (30484178)|STATEMENT_EXECUTE|[26]
10:38:13.0 (30502303)|SYSTEM_MODE_EXIT|false
10:38:13.30 (30533386)|CUMULATIVE_LIMIT_USAGE
10:38:13.30 (30533386)|LIMIT_USAGE_FOR_NS|(default)|
  Number of SOQL queries: 2 out of 100
  Number of query rows: 37 out of 50000
  Number of SOSL queries: 0 out of 20
  Number of DML statements: 0 out of 150
  Number of DML rows: 0 out of 10000
  Maximum CPU time: 0 out of 10000
  Maximum heap size: 0 out of 6000000
  Number of callouts: 0 out of 100
  Number of Email Invocations: 0 out of 10
  Number of future calls: 0 out of 50
  Number of queueable jobs added to the queue: 0 out of 50
  Number of Mobile Apex push calls: 0 out of 10

10:38:13.30 (30533386)|TOTAL_EMAIL_RECIPIENTS_QUEUED|0
10:38:13.30 (30533386)|STATIC_VARIABLE_LIST|
  char[]:DigitTens:0
  long:serialVersionUID:0
  long:serialVersionUID:0
  double:MAX_VALUE:0
  Boolean:FALSE:0
  long:serialVersionUID:0
  String:_sfdcAdditionalCodeLocations:0
  double:MIN_VALUE:0
  int:SIZE:0
  double:NEGATIVE_INFINITY:0
  int:MAX_VALUE:0
  char[]:digits:0
  double:NaN:0
  Boolean:TRUE:0
  int:MIN_VALUE:0
  String:_sfdcSuppressedCodeLocations:0
  char[]:DigitOnes:0
  int:BYTES:0
  int:MIN_EXPONENT:0
  int[]:sizeTable:0
  int:MAX_EXPONENT:0
  String:_sfdcSuppressedCodeLocations:0
  String:_sfdcAdditionalCodeLocations:0
  int:SIZE:0
  double:POSITIVE_INFINITY:0
  double:MIN_NORMAL:0
  int:BYTES:0

10:38:13.30 (30533386)|CUMULATIVE_LIMIT_USAGE_END

10:38:13.0 (30670180)|CODE_UNIT_FINISHED|PRAController.getAllPRARecords
10:38:13.122 (122135122)|CUMULATIVE_PROFILING_BEGIN
10:38:13.122 (122135122)|CUMULATIVE_PROFILING|SOQL operations|
Class.PRAController.getAllPRARecords: line 18, column 1: [SELECT Id,name,Category__c,Is_Critical_Risk__c,ItemNo__c,Mitigation_Strategy__c,Rating__c,Risk_Item__c,
                                                             		description__c,Help_Text_0A__c,Help_Text_0B__c,Help_Text_0C__c,Help_Text_1A__c,Help_Text_1B__c, 
                                                             		Help_Text_1C__c,Help_Text_2A__c,Help_Text_2B__c,Help_Text_2C__c,Help_Text_3A__c,Help_Text_3B__c,
                                                             		Help_Text_3C__c,Mitigation_Advice__c,Selected_Indicators__c,Selected_Indicators_With_Text__c
												   FROM Project_Risk_Assessment__c
                                                   WHERE Opportunity__c = :opportunityId
                                                   ORDER BY ItemNo__c]: executed 1 time in 19 ms
Class.KCRAController.getAllKCRARecords: line 17, column 1: [SELECT   Id,name,
                                                           			recordtypeId,
                                                           			applicable__c,
                                                           			approved__c,
                                                           			itemno__c,
                                                           			KCRA_Item__c,Opportunity__c 
                                 							FROM     Key_Commercial_Risks_Approvals__c 
                                 							WHERE    Opportunity__c = :opportunityId
                                                           	ORDER BY itemno__c]: executed 1 time in 6 ms

10:38:13.122 (122135122)|CUMULATIVE_PROFILING|No profiling information for SOSL operations
10:38:13.122 (122135122)|CUMULATIVE_PROFILING|No profiling information for DML operations
10:38:13.122 (122135122)|CUMULATIVE_PROFILING|method invocations|
External entry point: public static List<Project_Risk_Assessment__c> getAllPRARecords(String): executed 1 time in 19 ms
External entry point: public static List<Key_Commercial_Risks_Approvals__c> getAllKCRARecords(String): executed 1 time in 6 ms

10:38:13.122 (122135122)|CUMULATIVE_PROFILING_END
